<?xml version="1.0" encoding="UTF-8"?>
<testsuite xmlns:xsi="http://www.w3.org/2001/XMLSchema-instance" xsi:noNamespaceSchemaLocation="https://maven.apache.org/surefire/maven-surefire-plugin/xsd/surefire-test-report.xsd" name="TestSuite" time="134.941" tests="1883" errors="0" skipped="1882" failures="0">
  <properties>
    <property name="sun.desktop" value="windows"/>
    <property name="awt.toolkit" value="sun.awt.windows.WToolkit"/>
    <property name="file.encoding.pkg" value="sun.io"/>
    <property name="java.specification.version" value="1.8"/>
    <property name="sun.cpu.isalist" value="amd64"/>
    <property name="sun.jnu.encoding" value="Cp1252"/>
    <property name="java.class.path" value="C:\Users\dilli.r.kumaran.e.l\HasbroAutomation\WindChill_FlexPLM\target\test-classes;C:\Users\dilli.r.kumaran.e.l\HasbroAutomation\WindChill_FlexPLM\target\classes;C:\Users\dilli.r.kumaran.e.l\.m2\repository\org\seleniumhq\selenium\selenium-firefox-driver\3.4.0\selenium-firefox-driver-3.4.0.jar;C:\Users\dilli.r.kumaran.e.l\.m2\repository\org\seleniumhq\selenium\selenium-api\3.4.0\selenium-api-3.4.0.jar;C:\Users\dilli.r.kumaran.e.l\.m2\repository\org\seleniumhq\selenium\selenium-remote-driver\3.4.0\selenium-remote-driver-3.4.0.jar;C:\Users\dilli.r.kumaran.e.l\.m2\repository\cglib\cglib-nodep\3.2.4\cglib-nodep-3.2.4.jar;C:\Users\dilli.r.kumaran.e.l\.m2\repository\org\apache\commons\commons-exec\1.3\commons-exec-1.3.jar;C:\Users\dilli.r.kumaran.e.l\.m2\repository\commons-codec\commons-codec\1.10\commons-codec-1.10.jar;C:\Users\dilli.r.kumaran.e.l\.m2\repository\commons-logging\commons-logging\1.2\commons-logging-1.2.jar;C:\Users\dilli.r.kumaran.e.l\.m2\repository\com\google\code\gson\gson\2.8.0\gson-2.8.0.jar;C:\Users\dilli.r.kumaran.e.l\.m2\repository\com\google\guava\guava\21.0\guava-21.0.jar;C:\Users\dilli.r.kumaran.e.l\.m2\repository\org\apache\httpcomponents\httpclient\4.5.3\httpclient-4.5.3.jar;C:\Users\dilli.r.kumaran.e.l\.m2\repository\org\apache\httpcomponents\httpcore\4.4.6\httpcore-4.4.6.jar;C:\Users\dilli.r.kumaran.e.l\.m2\repository\net\java\dev\jna\jna\4.1.0\jna-4.1.0.jar;C:\Users\dilli.r.kumaran.e.l\.m2\repository\net\java\dev\jna\jna-platform\4.1.0\jna-platform-4.1.0.jar;C:\Users\dilli.r.kumaran.e.l\.m2\repository\org\seleniumhq\selenium\selenium-java\3.4.0\selenium-java-3.4.0.jar;C:\Users\dilli.r.kumaran.e.l\.m2\repository\org\seleniumhq\selenium\selenium-chrome-driver\3.4.0\selenium-chrome-driver-3.4.0.jar;C:\Users\dilli.r.kumaran.e.l\.m2\repository\org\seleniumhq\selenium\selenium-edge-driver\3.4.0\selenium-edge-driver-3.4.0.jar;C:\Users\dilli.r.kumaran.e.l\.m2\repository\org\seleniumhq\selenium\selenium-ie-driver\3.4.0\selenium-ie-driver-3.4.0.jar;C:\Users\dilli.r.kumaran.e.l\.m2\repository\org\seleniumhq\selenium\selenium-opera-driver\3.4.0\selenium-opera-driver-3.4.0.jar;C:\Users\dilli.r.kumaran.e.l\.m2\repository\org\seleniumhq\selenium\selenium-safari-driver\3.4.0\selenium-safari-driver-3.4.0.jar;C:\Users\dilli.r.kumaran.e.l\.m2\repository\org\seleniumhq\selenium\selenium-support\3.4.0\selenium-support-3.4.0.jar;C:\Users\dilli.r.kumaran.e.l\.m2\repository\org\apache\commons\commons-lang3\3.5\commons-lang3-3.5.jar;C:\Users\dilli.r.kumaran.e.l\.m2\repository\commons-io\commons-io\2.5\commons-io-2.5.jar;C:\Users\dilli.r.kumaran.e.l\.m2\repository\org\w3c\css\sac\1.3\sac-1.3.jar;C:\Users\dilli.r.kumaran.e.l\.m2\repository\net\sourceforge\cssparser\cssparser\0.9.22\cssparser-0.9.22.jar;C:\Users\dilli.r.kumaran.e.l\.m2\repository\org\hamcrest\hamcrest-core\1.3\hamcrest-core-1.3.jar;C:\Users\dilli.r.kumaran.e.l\.m2\repository\net\sourceforge\htmlunit\htmlunit\2.26\htmlunit-2.26.jar;C:\Users\dilli.r.kumaran.e.l\.m2\repository\net\sourceforge\htmlunit\htmlunit-core-js\2.26\htmlunit-core-js-2.26.jar;C:\Users\dilli.r.kumaran.e.l\.m2\repository\net\sourceforge\htmlunit\neko-htmlunit\2.25\neko-htmlunit-2.25.jar;C:\Users\dilli.r.kumaran.e.l\.m2\repository\org\apache\httpcomponents\httpmime\4.5.3\httpmime-4.5.3.jar;C:\Users\dilli.r.kumaran.e.l\.m2\repository\org\eclipse\jetty\jetty-io\9.4.1.v20170120\jetty-io-9.4.1.v20170120.jar;C:\Users\dilli.r.kumaran.e.l\.m2\repository\org\eclipse\jetty\jetty-util\9.4.1.v20170120\jetty-util-9.4.1.v20170120.jar;C:\Users\dilli.r.kumaran.e.l\.m2\repository\junit\junit\4.12\junit-4.12.jar;C:\Users\dilli.r.kumaran.e.l\.m2\repository\com\codeborne\phantomjsdriver\1.4.0\phantomjsdriver-1.4.0.jar;C:\Users\dilli.r.kumaran.e.l\.m2\repository\org\seleniumhq\selenium\htmlunit-driver\2.26\htmlunit-driver-2.26.jar;C:\Users\dilli.r.kumaran.e.l\.m2\repository\javax\servlet\javax.servlet-api\3.1.0\javax.servlet-api-3.1.0.jar;C:\Users\dilli.r.kumaran.e.l\.m2\repository\org\eclipse\jetty\websocket\websocket-api\9.4.3.v20170317\websocket-api-9.4.3.v20170317.jar;C:\Users\dilli.r.kumaran.e.l\.m2\repository\org\eclipse\jetty\websocket\websocket-client\9.4.3.v20170317\websocket-client-9.4.3.v20170317.jar;C:\Users\dilli.r.kumaran.e.l\.m2\repository\org\eclipse\jetty\jetty-client\9.4.3.v20170317\jetty-client-9.4.3.v20170317.jar;C:\Users\dilli.r.kumaran.e.l\.m2\repository\org\eclipse\jetty\jetty-http\9.4.3.v20170317\jetty-http-9.4.3.v20170317.jar;C:\Users\dilli.r.kumaran.e.l\.m2\repository\org\eclipse\jetty\websocket\websocket-common\9.4.3.v20170317\websocket-common-9.4.3.v20170317.jar;C:\Users\dilli.r.kumaran.e.l\.m2\repository\xalan\serializer\2.7.2\serializer-2.7.2.jar;C:\Users\dilli.r.kumaran.e.l\.m2\repository\xalan\xalan\2.7.2\xalan-2.7.2.jar;C:\Users\dilli.r.kumaran.e.l\.m2\repository\xerces\xercesImpl\2.11.0\xercesImpl-2.11.0.jar;C:\Users\dilli.r.kumaran.e.l\.m2\repository\org\seleniumhq\selenium\selenium-server\3.4.0\selenium-server-3.4.0.jar;C:\Users\dilli.r.kumaran.e.l\.m2\repository\com\beust\jcommander\1.48\jcommander-1.48.jar;C:\Users\dilli.r.kumaran.e.l\.m2\repository\net\jcip\jcip-annotations\1.0\jcip-annotations-1.0.jar;C:\Users\dilli.r.kumaran.e.l\.m2\repository\org\seleniumhq\selenium\jetty-repacked\9.4.1.v20170120\jetty-repacked-9.4.1.v20170120.jar;C:\Users\dilli.r.kumaran.e.l\.m2\repository\org\yaml\snakeyaml\1.15\snakeyaml-1.15.jar;C:\Users\dilli.r.kumaran.e.l\.m2\repository\org\testng\testng\6.14.3\testng-6.14.3.jar;C:\Users\dilli.r.kumaran.e.l\.m2\repository\org\apache-extras\beanshell\bsh\2.0b6\bsh-2.0b6.jar;C:\Users\dilli.r.kumaran.e.l\.m2\repository\org\json\json\20080701\json-20080701.jar;C:\Users\dilli.r.kumaran.e.l\.m2\repository\log4j\log4j\1.2.17\log4j-1.2.17.jar;C:\Users\dilli.r.kumaran.e.l\.m2\repository\net\sourceforge\jexcelapi\jxl\2.6\jxl-2.6.jar;C:\Users\dilli.r.kumaran.e.l\.m2\repository\org\apache\poi\poi\3.12\poi-3.12.jar;C:\Users\dilli.r.kumaran.e.l\.m2\repository\org\apache\poi\poi-ooxml\3.9\poi-ooxml-3.9.jar;C:\Users\dilli.r.kumaran.e.l\.m2\repository\org\apache\poi\poi-ooxml-schemas\3.9\poi-ooxml-schemas-3.9.jar;C:\Users\dilli.r.kumaran.e.l\.m2\repository\org\apache\xmlbeans\xmlbeans\2.3.0\xmlbeans-2.3.0.jar;C:\Users\dilli.r.kumaran.e.l\.m2\repository\stax\stax-api\1.0.1\stax-api-1.0.1.jar;C:\Users\dilli.r.kumaran.e.l\.m2\repository\xml-apis\xml-apis\1.4.01\xml-apis-1.4.01.jar;C:\Users\dilli.r.kumaran.e.l\.m2\repository\org\uncommons\reportng\1.1.4\reportng-1.1.4.jar;C:\Users\dilli.r.kumaran.e.l\.m2\repository\velocity\velocity\1.4\velocity-1.4.jar;C:\Users\dilli.r.kumaran.e.l\.m2\repository\com\google\inject\guice\3.0\guice-3.0.jar;C:\Users\dilli.r.kumaran.e.l\.m2\repository\javax\inject\javax.inject\1\javax.inject-1.jar;C:\Users\dilli.r.kumaran.e.l\.m2\repository\aopalliance\aopalliance\1.0\aopalliance-1.0.jar;C:\Users\dilli.r.kumaran.e.l\.m2\repository\velocity\velocity-dep\1.4\velocity-dep-1.4.jar;C:\Users\dilli.r.kumaran.e.l\.m2\repository\dom4j\dom4j\1.6.1\dom4j-1.6.1.jar;C:\Users\dilli.r.kumaran.e.l\.m2\repository\org\apache\maven\surefire\surefire-testng-utils\2.22.0\surefire-testng-utils-2.22.0.jar;C:\Users\dilli.r.kumaran.e.l\.m2\repository\org\apache\maven\surefire\surefire-grouper\2.22.0\surefire-grouper-2.22.0.jar;"/>
    <property name="java.vm.vendor" value="Oracle Corporation"/>
    <property name="sun.arch.data.model" value="64"/>
    <property name="user.variant" value=""/>
    <property name="java.vendor.url" value="http://java.oracle.com/"/>
    <property name="user.timezone" value="Asia/Calcutta"/>
    <property name="java.vm.specification.version" value="1.8"/>
    <property name="os.name" value="Windows 10"/>
    <property name="user.country" value="US"/>
    <property name="sun.java.launcher" value="SUN_STANDARD"/>
    <property name="sun.boot.library.path" value="C:\Program Files\Java\jdk1.8.0_161\jre\bin"/>
    <property name="sun.java.command" value="C:\Users\DILLIR~1.L\AppData\Local\Temp\surefire4617707763829122911\surefirebooter3637387121451777959.jar C:\Users\dilli.r.kumaran.e.l\AppData\Local\Temp\surefire4617707763829122911 2018-09-18T18-46-56_997-jvmRun1 surefire7035452686955830013tmp surefire_07410618641606194716tmp"/>
    <property name="surefire.test.class.path" value="C:\Users\dilli.r.kumaran.e.l\HasbroAutomation\WindChill_FlexPLM\target\test-classes;C:\Users\dilli.r.kumaran.e.l\HasbroAutomation\WindChill_FlexPLM\target\classes;C:\Users\dilli.r.kumaran.e.l\.m2\repository\org\seleniumhq\selenium\selenium-firefox-driver\3.4.0\selenium-firefox-driver-3.4.0.jar;C:\Users\dilli.r.kumaran.e.l\.m2\repository\org\seleniumhq\selenium\selenium-api\3.4.0\selenium-api-3.4.0.jar;C:\Users\dilli.r.kumaran.e.l\.m2\repository\org\seleniumhq\selenium\selenium-remote-driver\3.4.0\selenium-remote-driver-3.4.0.jar;C:\Users\dilli.r.kumaran.e.l\.m2\repository\cglib\cglib-nodep\3.2.4\cglib-nodep-3.2.4.jar;C:\Users\dilli.r.kumaran.e.l\.m2\repository\org\apache\commons\commons-exec\1.3\commons-exec-1.3.jar;C:\Users\dilli.r.kumaran.e.l\.m2\repository\commons-codec\commons-codec\1.10\commons-codec-1.10.jar;C:\Users\dilli.r.kumaran.e.l\.m2\repository\commons-logging\commons-logging\1.2\commons-logging-1.2.jar;C:\Users\dilli.r.kumaran.e.l\.m2\repository\com\google\code\gson\gson\2.8.0\gson-2.8.0.jar;C:\Users\dilli.r.kumaran.e.l\.m2\repository\com\google\guava\guava\21.0\guava-21.0.jar;C:\Users\dilli.r.kumaran.e.l\.m2\repository\org\apache\httpcomponents\httpclient\4.5.3\httpclient-4.5.3.jar;C:\Users\dilli.r.kumaran.e.l\.m2\repository\org\apache\httpcomponents\httpcore\4.4.6\httpcore-4.4.6.jar;C:\Users\dilli.r.kumaran.e.l\.m2\repository\net\java\dev\jna\jna\4.1.0\jna-4.1.0.jar;C:\Users\dilli.r.kumaran.e.l\.m2\repository\net\java\dev\jna\jna-platform\4.1.0\jna-platform-4.1.0.jar;C:\Users\dilli.r.kumaran.e.l\.m2\repository\org\seleniumhq\selenium\selenium-java\3.4.0\selenium-java-3.4.0.jar;C:\Users\dilli.r.kumaran.e.l\.m2\repository\org\seleniumhq\selenium\selenium-chrome-driver\3.4.0\selenium-chrome-driver-3.4.0.jar;C:\Users\dilli.r.kumaran.e.l\.m2\repository\org\seleniumhq\selenium\selenium-edge-driver\3.4.0\selenium-edge-driver-3.4.0.jar;C:\Users\dilli.r.kumaran.e.l\.m2\repository\org\seleniumhq\selenium\selenium-ie-driver\3.4.0\selenium-ie-driver-3.4.0.jar;C:\Users\dilli.r.kumaran.e.l\.m2\repository\org\seleniumhq\selenium\selenium-opera-driver\3.4.0\selenium-opera-driver-3.4.0.jar;C:\Users\dilli.r.kumaran.e.l\.m2\repository\org\seleniumhq\selenium\selenium-safari-driver\3.4.0\selenium-safari-driver-3.4.0.jar;C:\Users\dilli.r.kumaran.e.l\.m2\repository\org\seleniumhq\selenium\selenium-support\3.4.0\selenium-support-3.4.0.jar;C:\Users\dilli.r.kumaran.e.l\.m2\repository\org\apache\commons\commons-lang3\3.5\commons-lang3-3.5.jar;C:\Users\dilli.r.kumaran.e.l\.m2\repository\commons-io\commons-io\2.5\commons-io-2.5.jar;C:\Users\dilli.r.kumaran.e.l\.m2\repository\org\w3c\css\sac\1.3\sac-1.3.jar;C:\Users\dilli.r.kumaran.e.l\.m2\repository\net\sourceforge\cssparser\cssparser\0.9.22\cssparser-0.9.22.jar;C:\Users\dilli.r.kumaran.e.l\.m2\repository\org\hamcrest\hamcrest-core\1.3\hamcrest-core-1.3.jar;C:\Users\dilli.r.kumaran.e.l\.m2\repository\net\sourceforge\htmlunit\htmlunit\2.26\htmlunit-2.26.jar;C:\Users\dilli.r.kumaran.e.l\.m2\repository\net\sourceforge\htmlunit\htmlunit-core-js\2.26\htmlunit-core-js-2.26.jar;C:\Users\dilli.r.kumaran.e.l\.m2\repository\net\sourceforge\htmlunit\neko-htmlunit\2.25\neko-htmlunit-2.25.jar;C:\Users\dilli.r.kumaran.e.l\.m2\repository\org\apache\httpcomponents\httpmime\4.5.3\httpmime-4.5.3.jar;C:\Users\dilli.r.kumaran.e.l\.m2\repository\org\eclipse\jetty\jetty-io\9.4.1.v20170120\jetty-io-9.4.1.v20170120.jar;C:\Users\dilli.r.kumaran.e.l\.m2\repository\org\eclipse\jetty\jetty-util\9.4.1.v20170120\jetty-util-9.4.1.v20170120.jar;C:\Users\dilli.r.kumaran.e.l\.m2\repository\junit\junit\4.12\junit-4.12.jar;C:\Users\dilli.r.kumaran.e.l\.m2\repository\com\codeborne\phantomjsdriver\1.4.0\phantomjsdriver-1.4.0.jar;C:\Users\dilli.r.kumaran.e.l\.m2\repository\org\seleniumhq\selenium\htmlunit-driver\2.26\htmlunit-driver-2.26.jar;C:\Users\dilli.r.kumaran.e.l\.m2\repository\javax\servlet\javax.servlet-api\3.1.0\javax.servlet-api-3.1.0.jar;C:\Users\dilli.r.kumaran.e.l\.m2\repository\org\eclipse\jetty\websocket\websocket-api\9.4.3.v20170317\websocket-api-9.4.3.v20170317.jar;C:\Users\dilli.r.kumaran.e.l\.m2\repository\org\eclipse\jetty\websocket\websocket-client\9.4.3.v20170317\websocket-client-9.4.3.v20170317.jar;C:\Users\dilli.r.kumaran.e.l\.m2\repository\org\eclipse\jetty\jetty-client\9.4.3.v20170317\jetty-client-9.4.3.v20170317.jar;C:\Users\dilli.r.kumaran.e.l\.m2\repository\org\eclipse\jetty\jetty-http\9.4.3.v20170317\jetty-http-9.4.3.v20170317.jar;C:\Users\dilli.r.kumaran.e.l\.m2\repository\org\eclipse\jetty\websocket\websocket-common\9.4.3.v20170317\websocket-common-9.4.3.v20170317.jar;C:\Users\dilli.r.kumaran.e.l\.m2\repository\xalan\serializer\2.7.2\serializer-2.7.2.jar;C:\Users\dilli.r.kumaran.e.l\.m2\repository\xalan\xalan\2.7.2\xalan-2.7.2.jar;C:\Users\dilli.r.kumaran.e.l\.m2\repository\xerces\xercesImpl\2.11.0\xercesImpl-2.11.0.jar;C:\Users\dilli.r.kumaran.e.l\.m2\repository\org\seleniumhq\selenium\selenium-server\3.4.0\selenium-server-3.4.0.jar;C:\Users\dilli.r.kumaran.e.l\.m2\repository\com\beust\jcommander\1.48\jcommander-1.48.jar;C:\Users\dilli.r.kumaran.e.l\.m2\repository\net\jcip\jcip-annotations\1.0\jcip-annotations-1.0.jar;C:\Users\dilli.r.kumaran.e.l\.m2\repository\org\seleniumhq\selenium\jetty-repacked\9.4.1.v20170120\jetty-repacked-9.4.1.v20170120.jar;C:\Users\dilli.r.kumaran.e.l\.m2\repository\org\yaml\snakeyaml\1.15\snakeyaml-1.15.jar;C:\Users\dilli.r.kumaran.e.l\.m2\repository\org\testng\testng\6.14.3\testng-6.14.3.jar;C:\Users\dilli.r.kumaran.e.l\.m2\repository\org\apache-extras\beanshell\bsh\2.0b6\bsh-2.0b6.jar;C:\Users\dilli.r.kumaran.e.l\.m2\repository\org\json\json\20080701\json-20080701.jar;C:\Users\dilli.r.kumaran.e.l\.m2\repository\log4j\log4j\1.2.17\log4j-1.2.17.jar;C:\Users\dilli.r.kumaran.e.l\.m2\repository\net\sourceforge\jexcelapi\jxl\2.6\jxl-2.6.jar;C:\Users\dilli.r.kumaran.e.l\.m2\repository\org\apache\poi\poi\3.12\poi-3.12.jar;C:\Users\dilli.r.kumaran.e.l\.m2\repository\org\apache\poi\poi-ooxml\3.9\poi-ooxml-3.9.jar;C:\Users\dilli.r.kumaran.e.l\.m2\repository\org\apache\poi\poi-ooxml-schemas\3.9\poi-ooxml-schemas-3.9.jar;C:\Users\dilli.r.kumaran.e.l\.m2\repository\org\apache\xmlbeans\xmlbeans\2.3.0\xmlbeans-2.3.0.jar;C:\Users\dilli.r.kumaran.e.l\.m2\repository\stax\stax-api\1.0.1\stax-api-1.0.1.jar;C:\Users\dilli.r.kumaran.e.l\.m2\repository\xml-apis\xml-apis\1.4.01\xml-apis-1.4.01.jar;C:\Users\dilli.r.kumaran.e.l\.m2\repository\org\uncommons\reportng\1.1.4\reportng-1.1.4.jar;C:\Users\dilli.r.kumaran.e.l\.m2\repository\velocity\velocity\1.4\velocity-1.4.jar;C:\Users\dilli.r.kumaran.e.l\.m2\repository\com\google\inject\guice\3.0\guice-3.0.jar;C:\Users\dilli.r.kumaran.e.l\.m2\repository\javax\inject\javax.inject\1\javax.inject-1.jar;C:\Users\dilli.r.kumaran.e.l\.m2\repository\aopalliance\aopalliance\1.0\aopalliance-1.0.jar;C:\Users\dilli.r.kumaran.e.l\.m2\repository\velocity\velocity-dep\1.4\velocity-dep-1.4.jar;C:\Users\dilli.r.kumaran.e.l\.m2\repository\dom4j\dom4j\1.6.1\dom4j-1.6.1.jar;C:\Users\dilli.r.kumaran.e.l\.m2\repository\org\apache\maven\surefire\surefire-testng-utils\2.22.0\surefire-testng-utils-2.22.0.jar;C:\Users\dilli.r.kumaran.e.l\.m2\repository\org\apache\maven\surefire\surefire-grouper\2.22.0\surefire-grouper-2.22.0.jar;"/>
    <property name="sun.cpu.endian" value="little"/>
    <property name="user.home" value="C:\Users\dilli.r.kumaran.e.l"/>
    <property name="user.language" value="en"/>
    <property name="java.specification.vendor" value="Oracle Corporation"/>
    <property name="java.home" value="C:\Program Files\Java\jdk1.8.0_161\jre"/>
    <property name="basedir" value="C:\Users\dilli.r.kumaran.e.l\HasbroAutomation\WindChill_FlexPLM"/>
    <property name="file.separator" value="\"/>
    <property name="line.separator" value="&#10;"/>
    <property name="java.vm.specification.vendor" value="Oracle Corporation"/>
    <property name="java.specification.name" value="Java Platform API Specification"/>
    <property name="java.awt.graphicsenv" value="sun.awt.Win32GraphicsEnvironment"/>
    <property name="surefire.real.class.path" value="C:\Users\DILLIR~1.L\AppData\Local\Temp\surefire4617707763829122911\surefirebooter3637387121451777959.jar"/>
    <property name="sun.boot.class.path" value="C:\Program Files\Java\jdk1.8.0_161\jre\lib\resources.jar;C:\Program Files\Java\jdk1.8.0_161\jre\lib\rt.jar;C:\Program Files\Java\jdk1.8.0_161\jre\lib\sunrsasign.jar;C:\Program Files\Java\jdk1.8.0_161\jre\lib\jsse.jar;C:\Program Files\Java\jdk1.8.0_161\jre\lib\jce.jar;C:\Program Files\Java\jdk1.8.0_161\jre\lib\charsets.jar;C:\Program Files\Java\jdk1.8.0_161\jre\lib\jfr.jar;C:\Program Files\Java\jdk1.8.0_161\jre\classes"/>
    <property name="user.script" value=""/>
    <property name="sun.management.compiler" value="HotSpot 64-Bit Tiered Compilers"/>
    <property name="java.runtime.version" value="1.8.0_161-b12"/>
    <property name="user.name" value="dilli.r.kumaran.e.l"/>
    <property name="path.separator" value=";"/>
    <property name="os.version" value="10.0"/>
    <property name="java.endorsed.dirs" value="C:\Program Files\Java\jdk1.8.0_161\jre\lib\endorsed"/>
    <property name="java.runtime.name" value="Java(TM) SE Runtime Environment"/>
    <property name="file.encoding" value="Cp1252"/>
    <property name="java.vm.name" value="Java HotSpot(TM) 64-Bit Server VM"/>
    <property name="localRepository" value="C:\Users\dilli.r.kumaran.e.l\.m2\repository"/>
    <property name="java.vendor.url.bug" value="http://bugreport.sun.com/bugreport/"/>
    <property name="java.io.tmpdir" value="C:\Users\DILLIR~1.L\AppData\Local\Temp\"/>
    <property name="java.version" value="1.8.0_161"/>
    <property name="user.dir" value="C:\Users\dilli.r.kumaran.e.l\HasbroAutomation\WindChill_FlexPLM"/>
    <property name="os.arch" value="amd64"/>
    <property name="java.vm.specification.name" value="Java Virtual Machine Specification"/>
    <property name="java.awt.printerjob" value="sun.awt.windows.WPrinterJob"/>
    <property name="sun.os.patch.level" value=""/>
    <property name="java.library.path" value="C:\Program Files\Java\jdk1.8.0_161\jre\bin;C:\WINDOWS\Sun\Java\bin;C:\WINDOWS\system32;C:\WINDOWS;C:\Program Files (x86)\Common Files\Oracle\Java\javapath;C:\Users\dilli.r.kumaran.e.l\Desktop\selenium\apache-maven-3.5.4\bin;C:\WINDOWS\system32\config\systemprofile\AppData\Local\Microsoft\WindowsApps;C:\WINDOWS\System32\Wbem;C:\Program Files\Java\jdk1.8.0_161\bin;C:\WINDOWS\system32;C:\WINDOWS;C:\WINDOWS\System32\Wbem;C:\WINDOWS\System32\WindowsPowerShell\v1.0\;&quot;C:\Program Files\Java\jdk1.8.0_161\bin;C:\Windows\System32;&quot;;C:\Program Files\Java\jre1.8.0_161\bin\keytool;C:\ProgramData\chocolatey\bin;C:\Program Files\Git\cmd;C:\Program Files\Intel\WiFi\bin\;C:\Program Files\Common Files\Intel\WirelessCommon\;C:\Program Files\TortoiseGit\bin;C:\Users\dilli.r.kumaran.e.l\AppData\Local\Microsoft\WindowsApps;;."/>
    <property name="java.vm.info" value="mixed mode"/>
    <property name="java.vendor" value="Oracle Corporation"/>
    <property name="java.vm.version" value="25.161-b12"/>
    <property name="java.ext.dirs" value="C:\Program Files\Java\jdk1.8.0_161\jre\lib\ext;C:\WINDOWS\Sun\Java\lib\ext"/>
    <property name="sun.io.unicode.encoding" value="UnicodeLittle"/>
    <property name="java.class.version" value="52.0"/>
  </properties>
  <testcase name="tcSCFunctional" classname="com.hasbrop2m.sanity.SanitySuite1" time="82.434"/>
  <testcase name="tcSCFunctional" classname="com.hasbrop2m.sanity.SanitySuite1" time="0">
    <skipped message="SanitySuite1 Testdata row number 2 is skipped as runmode is set to N"/>
    <system-out><![CDATA[No Driver is Launched
n
SanitySuite1 Testdata row number 2 is skippped as runmode is set to N
]]></system-out>
  </testcase>
  <testcase name="tcSCFunctional" classname="com.hasbrop2m.sanity.SanitySuite1" time="0">
    <skipped message="SanitySuite1 Testdata row number 3 is skipped as runmode is set to N"/>
    <system-out><![CDATA[No Driver is Launched
n
SanitySuite1 Testdata row number 3 is skippped as runmode is set to N
]]></system-out>
  </testcase>
  <testcase name="tcSCFunctional" classname="com.hasbrop2m.sanity.SanitySuite1" time="0">
    <skipped message="SanitySuite1 Testdata row number 4 is skipped as runmode is set to N"/>
    <system-out><![CDATA[No Driver is Launched
n
SanitySuite1 Testdata row number 4 is skippped as runmode is set to N
]]></system-out>
  </testcase>
  <testcase name="tcSCFunctional" classname="com.hasbrop2m.sanity.SanitySuite1" time="0">
    <skipped message="SanitySuite1 Testdata row number 5 is skipped as runmode is set to N"/>
    <system-out><![CDATA[No Driver is Launched
n
SanitySuite1 Testdata row number 5 is skippped as runmode is set to N
]]></system-out>
  </testcase>
  <testcase name="tcSCFunctional" classname="com.hasbrop2m.sanity.SanitySuite1" time="0">
    <skipped message="SanitySuite1 Testdata row number 6 is skipped as runmode is set to N"/>
    <system-out><![CDATA[No Driver is Launched
n
SanitySuite1 Testdata row number 6 is skippped as runmode is set to N
]]></system-out>
  </testcase>
  <testcase name="tcSCFunctional" classname="com.hasbrop2m.sanity.SanitySuite1" time="0">
    <skipped message="SanitySuite1 Testdata row number 7 is skipped as runmode is set to N"/>
    <system-out><![CDATA[No Driver is Launched
n
SanitySuite1 Testdata row number 7 is skippped as runmode is set to N
]]></system-out>
  </testcase>
  <testcase name="tcSCFunctional" classname="com.hasbrop2m.sanity.SanitySuite1" time="0">
    <skipped message="SanitySuite1 Testdata row number 8 is skipped as runmode is set to N"/>
    <system-out><![CDATA[No Driver is Launched
n
SanitySuite1 Testdata row number 8 is skippped as runmode is set to N
]]></system-out>
  </testcase>
  <testcase name="tcSCFunctional" classname="com.hasbrop2m.sanity.SanitySuite1" time="0">
    <skipped message="SanitySuite1 Testdata row number 9 is skipped as runmode is set to N"/>
    <system-out><![CDATA[No Driver is Launched
n
SanitySuite1 Testdata row number 9 is skippped as runmode is set to N
]]></system-out>
  </testcase>
  <testcase name="tcSCFunctional" classname="com.hasbrop2m.sanity.SanitySuite1" time="0">
    <skipped message="SanitySuite1 Testdata row number 10 is skipped as runmode is set to N"/>
    <system-out><![CDATA[No Driver is Launched
n
SanitySuite1 Testdata row number 10 is skippped as runmode is set to N
]]></system-out>
  </testcase>
  <testcase name="tcSCFunctional" classname="com.hasbrop2m.sanity.SanitySuite1" time="0">
    <skipped message="SanitySuite1 Testdata row number 11 is skipped as runmode is set to N"/>
    <system-out><![CDATA[No Driver is Launched
n
SanitySuite1 Testdata row number 11 is skippped as runmode is set to N
]]></system-out>
  </testcase>
  <testcase name="tcSCFunctional" classname="com.hasbrop2m.sanity.SanitySuite1" time="0">
    <skipped message="SanitySuite1 Testdata row number 12 is skipped as runmode is set to N"/>
    <system-out><![CDATA[No Driver is Launched
n
SanitySuite1 Testdata row number 12 is skippped as runmode is set to N
]]></system-out>
  </testcase>
  <testcase name="tcSCFunctional" classname="com.hasbrop2m.sanity.SanitySuite1" time="0">
    <skipped message="SanitySuite1 Testdata row number 13 is skipped as runmode is set to N"/>
    <system-out><![CDATA[No Driver is Launched
n
SanitySuite1 Testdata row number 13 is skippped as runmode is set to N
]]></system-out>
  </testcase>
  <testcase name="tcSCFunctional" classname="com.hasbrop2m.sanity.SanitySuite1" time="0">
    <skipped message="SanitySuite1 Testdata row number 14 is skipped as runmode is set to N"/>
    <system-out><![CDATA[No Driver is Launched
n
SanitySuite1 Testdata row number 14 is skippped as runmode is set to N
]]></system-out>
  </testcase>
  <testcase name="tcSCFunctional" classname="com.hasbrop2m.sanity.SanitySuite1" time="0">
    <skipped message="SanitySuite1 Testdata row number 15 is skipped as runmode is set to N"/>
    <system-out><![CDATA[No Driver is Launched
n
SanitySuite1 Testdata row number 15 is skippped as runmode is set to N
]]></system-out>
  </testcase>
  <testcase name="tcSCFunctional" classname="com.hasbrop2m.sanity.SanitySuite1" time="0">
    <skipped message="SanitySuite1 Testdata row number 16 is skipped as runmode is set to N"/>
    <system-out><![CDATA[No Driver is Launched
n
SanitySuite1 Testdata row number 16 is skippped as runmode is set to N
]]></system-out>
  </testcase>
  <testcase name="tcSCFunctional" classname="com.hasbrop2m.sanity.SanitySuite1" time="0">
    <skipped message="SanitySuite1 Testdata row number 17 is skipped as runmode is set to N"/>
    <system-out><![CDATA[No Driver is Launched
n
SanitySuite1 Testdata row number 17 is skippped as runmode is set to N
]]></system-out>
  </testcase>
  <testcase name="tcSCFunctional" classname="com.hasbrop2m.sanity.SanitySuite1" time="0">
    <skipped message="SanitySuite1 Testdata row number 18 is skipped as runmode is set to N"/>
    <system-out><![CDATA[No Driver is Launched
n
SanitySuite1 Testdata row number 18 is skippped as runmode is set to N
]]></system-out>
  </testcase>
  <testcase name="tcSCFunctional" classname="com.hasbrop2m.sanity.SanitySuite1" time="0">
    <skipped message="SanitySuite1 Testdata row number 19 is skipped as runmode is set to N"/>
    <system-out><![CDATA[No Driver is Launched
n
SanitySuite1 Testdata row number 19 is skippped as runmode is set to N
]]></system-out>
  </testcase>
  <testcase name="tcSCFunctional" classname="com.hasbrop2m.sanity.SanitySuite1" time="0">
    <skipped message="SanitySuite1 Testdata row number 20 is skipped as runmode is set to N"/>
    <system-out><![CDATA[No Driver is Launched
n
SanitySuite1 Testdata row number 20 is skippped as runmode is set to N
]]></system-out>
  </testcase>
  <testcase name="tcSCFunctional" classname="com.hasbrop2m.sanity.SanitySuite1" time="0">
    <skipped message="SanitySuite1 Testdata row number 21 is skipped as runmode is set to N"/>
    <system-out><![CDATA[No Driver is Launched
n
SanitySuite1 Testdata row number 21 is skippped as runmode is set to N
]]></system-out>
  </testcase>
  <testcase name="tcSCFunctional" classname="com.hasbrop2m.sanity.SanitySuite1" time="0">
    <skipped message="SanitySuite1 Testdata row number 22 is skipped as runmode is set to N"/>
    <system-out><![CDATA[No Driver is Launched
n
SanitySuite1 Testdata row number 22 is skippped as runmode is set to N
]]></system-out>
  </testcase>
  <testcase name="tcSCFunctional" classname="com.hasbrop2m.sanity.SanitySuite1" time="0">
    <skipped message="SanitySuite1 Testdata row number 23 is skipped as runmode is set to N"/>
    <system-out><![CDATA[No Driver is Launched
n
SanitySuite1 Testdata row number 23 is skippped as runmode is set to N
]]></system-out>
  </testcase>
  <testcase name="tcSCFunctional" classname="com.hasbrop2m.sanity.SanitySuite1" time="0">
    <skipped message="SanitySuite1 Testdata row number 24 is skipped as runmode is set to N"/>
    <system-out><![CDATA[No Driver is Launched
n
SanitySuite1 Testdata row number 24 is skippped as runmode is set to N
]]></system-out>
  </testcase>
  <testcase name="tcSCFunctional" classname="com.hasbrop2m.sanity.SanitySuite1" time="0">
    <skipped message="SanitySuite1 Testdata row number 25 is skipped as runmode is set to N"/>
    <system-out><![CDATA[No Driver is Launched
n
SanitySuite1 Testdata row number 25 is skippped as runmode is set to N
]]></system-out>
  </testcase>
  <testcase name="tcSCFunctional" classname="com.hasbrop2m.sanity.SanitySuite1" time="0">
    <skipped message="SanitySuite1 Testdata row number 26 is skipped as runmode is set to N"/>
    <system-out><![CDATA[No Driver is Launched
n
SanitySuite1 Testdata row number 26 is skippped as runmode is set to N
]]></system-out>
  </testcase>
  <testcase name="tcSCFunctional" classname="com.hasbrop2m.sanity.SanitySuite1" time="0">
    <skipped message="SanitySuite1 Testdata row number 27 is skipped as runmode is set to N"/>
    <system-out><![CDATA[No Driver is Launched
n
SanitySuite1 Testdata row number 27 is skippped as runmode is set to N
]]></system-out>
  </testcase>
  <testcase name="tcSCFunctional" classname="com.hasbrop2m.sanity.SanitySuite1" time="0">
    <skipped message="SanitySuite1 Testdata row number 28 is skipped as runmode is set to N"/>
    <system-out><![CDATA[No Driver is Launched
n
SanitySuite1 Testdata row number 28 is skippped as runmode is set to N
]]></system-out>
  </testcase>
  <testcase name="tcSCFunctional" classname="com.hasbrop2m.sanity.SanitySuite1" time="0">
    <skipped message="SanitySuite1 Testdata row number 29 is skipped as runmode is set to N"/>
    <system-out><![CDATA[No Driver is Launched
n
SanitySuite1 Testdata row number 29 is skippped as runmode is set to N
]]></system-out>
  </testcase>
  <testcase name="tcSCFunctional" classname="com.hasbrop2m.sanity.SanitySuite1" time="0">
    <skipped message="SanitySuite1 Testdata row number 30 is skipped as runmode is set to N"/>
    <system-out><![CDATA[No Driver is Launched
n
SanitySuite1 Testdata row number 30 is skippped as runmode is set to N
]]></system-out>
  </testcase>
  <testcase name="tcSCFunctional" classname="com.hasbrop2m.sanity.SanitySuite1" time="0">
    <skipped message="SanitySuite1 Testdata row number 31 is skipped as runmode is set to N"/>
    <system-out><![CDATA[No Driver is Launched
n
SanitySuite1 Testdata row number 31 is skippped as runmode is set to N
]]></system-out>
  </testcase>
  <testcase name="tcSCFunctional" classname="com.hasbrop2m.sanity.SanitySuite1" time="0">
    <skipped message="SanitySuite1 Testdata row number 32 is skipped as runmode is set to N"/>
    <system-out><![CDATA[No Driver is Launched
n
SanitySuite1 Testdata row number 32 is skippped as runmode is set to N
]]></system-out>
  </testcase>
  <testcase name="tcSCFunctional" classname="com.hasbrop2m.sanity.SanitySuite1" time="0">
    <skipped message="SanitySuite1 Testdata row number 33 is skipped as runmode is set to N"/>
    <system-out><![CDATA[No Driver is Launched
n
SanitySuite1 Testdata row number 33 is skippped as runmode is set to N
]]></system-out>
  </testcase>
  <testcase name="tcSCFunctional" classname="com.hasbrop2m.sanity.SanitySuite1" time="0">
    <skipped message="SanitySuite1 Testdata row number 34 is skipped as runmode is set to N"/>
    <system-out><![CDATA[No Driver is Launched
n
SanitySuite1 Testdata row number 34 is skippped as runmode is set to N
]]></system-out>
  </testcase>
  <testcase name="tcSCFunctional" classname="com.hasbrop2m.sanity.SanitySuite1" time="0">
    <skipped message="SanitySuite1 Testdata row number 35 is skipped as runmode is set to N"/>
    <system-out><![CDATA[No Driver is Launched
n
SanitySuite1 Testdata row number 35 is skippped as runmode is set to N
]]></system-out>
  </testcase>
  <testcase name="checkTestcaseSkip" classname="com.hasbrop2m.sanity.SanitySuite3" time="0">
    <skipped message="Skipping SanitySuite3 as runmode is set to no"/>
    <system-out><![CDATA[Skipping SanitySuite3 as runmode is set to no
]]></system-out>
  </testcase>
  <testcase name="tcSCFunctional" classname="com.hasbrop2m.sanity.SanitySuite3" time="0">
    <skipped message="Skipping SanitySuite3 as runmode is set to no"/>
    <system-err><![CDATA[org.apache.xmlbeans.impl.values.XmlValueDisconnectedException
	at org.apache.xmlbeans.impl.values.XmlObjectBase.check_orphaned(XmlObjectBase.java:1213)
	at org.openxmlformats.schemas.spreadsheetml.x2006.main.impl.CTXfImpl.getXfId(Unknown Source)
	at org.apache.poi.xssf.model.StylesTable.getStyleAt(StylesTable.java:235)
	at org.apache.poi.xssf.usermodel.XSSFCell.getCellStyle(XSSFCell.java:483)
	at org.apache.poi.xssf.usermodel.XSSFCell.getCellStyle(XSSFCell.java:64)
	at org.apache.poi.ss.usermodel.DateUtil.isCellDateFormatted(DateUtil.java:504)
	at com.hasbrop2m.core.Xls_Reader.getCellData(Xls_Reader.java:148)
	at com.hasbrop2m.core.Utility.getData(Utility.java:61)
	at com.hasbrop2m.sanity.SanitySuite3.testDataTest(SanitySuite3.java:3802)
	at sun.reflect.NativeMethodAccessorImpl.invoke0(Native Method)
	at sun.reflect.NativeMethodAccessorImpl.invoke(NativeMethodAccessorImpl.java:62)
	at sun.reflect.DelegatingMethodAccessorImpl.invoke(DelegatingMethodAccessorImpl.java:43)
	at java.lang.reflect.Method.invoke(Method.java:498)
	at org.testng.internal.MethodInvocationHelper.invokeMethod(MethodInvocationHelper.java:124)
	at org.testng.internal.MethodInvocationHelper.invokeMethod(MethodInvocationHelper.java:74)
	at org.testng.internal.MethodInvocationHelper.invokeMethodNoCheckedException(MethodInvocationHelper.java:45)
	at org.testng.internal.MethodInvocationHelper.invokeDataProvider(MethodInvocationHelper.java:131)
	at org.testng.internal.Parameters.handleParameters(Parameters.java:706)
	at org.testng.internal.ParameterHandler.handleParameters(ParameterHandler.java:49)
	at org.testng.internal.ParameterHandler.createParameters(ParameterHandler.java:37)
	at org.testng.internal.Invoker.invokeTestMethods(Invoker.java:924)
	at org.testng.internal.TestMethodWorker.invokeTestMethods(TestMethodWorker.java:125)
	at org.testng.internal.TestMethodWorker.run(TestMethodWorker.java:109)
	at org.testng.TestRunner.privateRun(TestRunner.java:648)
	at org.testng.TestRunner.run(TestRunner.java:505)
	at org.testng.SuiteRunner.runTest(SuiteRunner.java:455)
	at org.testng.SuiteRunner.runSequentially(SuiteRunner.java:450)
	at org.testng.SuiteRunner.privateRun(SuiteRunner.java:415)
	at org.testng.SuiteRunner.run(SuiteRunner.java:364)
	at org.testng.SuiteRunnerWorker.runSuite(SuiteRunnerWorker.java:52)
	at org.testng.SuiteRunnerWorker.run(SuiteRunnerWorker.java:84)
	at org.testng.TestNG.runSuitesSequentially(TestNG.java:1208)
	at org.testng.TestNG.runSuitesLocally(TestNG.java:1137)
	at org.testng.TestNG.runSuites(TestNG.java:1049)
	at org.testng.TestNG.run(TestNG.java:1017)
	at org.apache.maven.surefire.testng.TestNGExecutor.run(TestNGExecutor.java:283)
	at org.apache.maven.surefire.testng.TestNGXmlTestSuite.execute(TestNGXmlTestSuite.java:75)
	at org.apache.maven.surefire.testng.TestNGProvider.invoke(TestNGProvider.java:120)
	at org.apache.maven.surefire.booter.ForkedBooter.invokeProviderInSameClassLoader(ForkedBooter.java:383)
	at org.apache.maven.surefire.booter.ForkedBooter.runSuitesInProcess(ForkedBooter.java:344)
	at org.apache.maven.surefire.booter.ForkedBooter.execute(ForkedBooter.java:125)
	at org.apache.maven.surefire.booter.ForkedBooter.main(ForkedBooter.java:417)
]]></system-err>
  </testcase>
  <testcase name="tcSCFunctional" classname="com.hasbrop2m.sanity.SanitySuite3" time="0">
    <skipped message="Skipping SanitySuite3 as runmode is set to no"/>
  </testcase>
  <testcase name="tcSCFunctional" classname="com.hasbrop2m.sanity.SanitySuite3" time="0">
    <skipped message="Skipping SanitySuite3 as runmode is set to no"/>
  </testcase>
  <testcase name="tcSCFunctional" classname="com.hasbrop2m.sanity.SanitySuite3" time="0">
    <skipped/>
  </testcase>
  <testcase name="tcSCFunctional" classname="com.hasbrop2m.sanity.SanitySuite3" time="0">
    <skipped/>
  </testcase>
  <testcase name="tcSCFunctional" classname="com.hasbrop2m.sanity.SanitySuite3" time="0">
    <skipped/>
  </testcase>
  <testcase name="tcSCFunctional" classname="com.hasbrop2m.sanity.SanitySuite3" time="0">
    <skipped/>
  </testcase>
  <testcase name="tcSCFunctional" classname="com.hasbrop2m.sanity.SanitySuite3" time="0">
    <skipped/>
  </testcase>
  <testcase name="tcSCFunctional" classname="com.hasbrop2m.sanity.SanitySuite3" time="0">
    <skipped/>
  </testcase>
  <testcase name="tcSCFunctional" classname="com.hasbrop2m.sanity.SanitySuite3" time="0">
    <skipped/>
  </testcase>
  <testcase name="tcSCFunctional" classname="com.hasbrop2m.sanity.SanitySuite3" time="0">
    <skipped/>
  </testcase>
  <testcase name="tcSCFunctional" classname="com.hasbrop2m.sanity.SanitySuite3" time="0">
    <skipped/>
  </testcase>
  <testcase name="tcSCFunctional" classname="com.hasbrop2m.sanity.SanitySuite3" time="0">
    <skipped/>
  </testcase>
  <testcase name="tcSCFunctional" classname="com.hasbrop2m.sanity.SanitySuite3" time="0">
    <skipped/>
  </testcase>
  <testcase name="tcSCFunctional" classname="com.hasbrop2m.sanity.SanitySuite3" time="0">
    <skipped/>
  </testcase>
  <testcase name="tcSCFunctional" classname="com.hasbrop2m.sanity.SanitySuite3" time="0">
    <skipped/>
  </testcase>
  <testcase name="tcSCFunctional" classname="com.hasbrop2m.sanity.SanitySuite3" time="0">
    <skipped/>
  </testcase>
  <testcase name="tcSCFunctional" classname="com.hasbrop2m.sanity.SanitySuite3" time="0">
    <skipped/>
  </testcase>
  <testcase name="tcSCFunctional" classname="com.hasbrop2m.sanity.SanitySuite3" time="0">
    <skipped/>
  </testcase>
  <testcase name="tcSCFunctional" classname="com.hasbrop2m.sanity.SanitySuite3" time="0">
    <skipped/>
  </testcase>
  <testcase name="tcSCFunctional" classname="com.hasbrop2m.sanity.SanitySuite3" time="0">
    <skipped/>
  </testcase>
  <testcase name="tcSCFunctional" classname="com.hasbrop2m.sanity.SanitySuite3" time="0">
    <skipped/>
  </testcase>
  <testcase name="tcSCFunctional" classname="com.hasbrop2m.sanity.SanitySuite3" time="0">
    <skipped/>
  </testcase>
  <testcase name="tcSCFunctional" classname="com.hasbrop2m.sanity.SanitySuite3" time="0">
    <skipped/>
  </testcase>
  <testcase name="tcSCFunctional" classname="com.hasbrop2m.sanity.SanitySuite3" time="0">
    <skipped/>
  </testcase>
  <testcase name="tcSCFunctional" classname="com.hasbrop2m.sanity.SanitySuite3" time="0">
    <skipped/>
  </testcase>
  <testcase name="reporterdataSetResult" classname="com.hasbrop2m.sanity.SanitySuite3" time="0">
    <skipped/>
  </testcase>
  <testcase name="reporterdataSetResult" classname="com.hasbrop2m.sanity.SanitySuite3" time="0">
    <skipped/>
  </testcase>
  <testcase name="reporterdataSetResult" classname="com.hasbrop2m.sanity.SanitySuite3" time="0">
    <skipped/>
  </testcase>
  <testcase name="reporterdataSetResult" classname="com.hasbrop2m.sanity.SanitySuite3" time="0">
    <skipped/>
  </testcase>
  <testcase name="reporterdataSetResult" classname="com.hasbrop2m.sanity.SanitySuite3" time="0">
    <skipped/>
  </testcase>
  <testcase name="reporterdataSetResult" classname="com.hasbrop2m.sanity.SanitySuite3" time="0">
    <skipped/>
  </testcase>
  <testcase name="reporterdataSetResult" classname="com.hasbrop2m.sanity.SanitySuite3" time="0">
    <skipped/>
  </testcase>
  <testcase name="reporterdataSetResult" classname="com.hasbrop2m.sanity.SanitySuite3" time="0">
    <skipped/>
  </testcase>
  <testcase name="reporterdataSetResult" classname="com.hasbrop2m.sanity.SanitySuite3" time="0">
    <skipped/>
  </testcase>
  <testcase name="reporterdataSetResult" classname="com.hasbrop2m.sanity.SanitySuite3" time="0">
    <skipped/>
  </testcase>
  <testcase name="reporterdataSetResult" classname="com.hasbrop2m.sanity.SanitySuite3" time="0">
    <skipped/>
  </testcase>
  <testcase name="reporterdataSetResult" classname="com.hasbrop2m.sanity.SanitySuite3" time="0">
    <skipped/>
  </testcase>
  <testcase name="reporterdataSetResult" classname="com.hasbrop2m.sanity.SanitySuite3" time="0">
    <skipped/>
  </testcase>
  <testcase name="reporterdataSetResult" classname="com.hasbrop2m.sanity.SanitySuite3" time="0">
    <skipped/>
  </testcase>
  <testcase name="reporterdataSetResult" classname="com.hasbrop2m.sanity.SanitySuite3" time="0">
    <skipped/>
  </testcase>
  <testcase name="reporterdataSetResult" classname="com.hasbrop2m.sanity.SanitySuite3" time="0">
    <skipped/>
  </testcase>
  <testcase name="reporterdataSetResult" classname="com.hasbrop2m.sanity.SanitySuite3" time="0">
    <skipped/>
  </testcase>
  <testcase name="reporterdataSetResult" classname="com.hasbrop2m.sanity.SanitySuite3" time="0">
    <skipped/>
  </testcase>
  <testcase name="reporterdataSetResult" classname="com.hasbrop2m.sanity.SanitySuite3" time="0">
    <skipped/>
  </testcase>
  <testcase name="reporterdataSetResult" classname="com.hasbrop2m.sanity.SanitySuite3" time="0">
    <skipped/>
  </testcase>
  <testcase name="reporterdataSetResult" classname="com.hasbrop2m.sanity.SanitySuite3" time="0">
    <skipped/>
  </testcase>
  <testcase name="reporterdataSetResult" classname="com.hasbrop2m.sanity.SanitySuite3" time="0">
    <skipped/>
  </testcase>
  <testcase name="reporterdataSetResult" classname="com.hasbrop2m.sanity.SanitySuite3" time="0">
    <skipped/>
  </testcase>
  <testcase name="reporterdataSetResult" classname="com.hasbrop2m.sanity.SanitySuite3" time="0">
    <skipped/>
  </testcase>
  <testcase name="reporterdataSetResult" classname="com.hasbrop2m.sanity.SanitySuite3" time="0">
    <skipped/>
  </testcase>
  <testcase name="reporterdataSetResult" classname="com.hasbrop2m.sanity.SanitySuite3" time="0">
    <skipped/>
  </testcase>
  <testcase name="reportTestcaseResult" classname="com.hasbrop2m.sanity.SanitySuite3" time="0">
    <skipped/>
  </testcase>
  <testcase name="checkTestcaseSkip" classname="com.hasbrop2m.sanity.SanitySuite2" time="0">
    <skipped message="Skipping SanitySuite2 as runmode is set to no"/>
    <system-out><![CDATA[Skipping SanitySuite2 as runmode is set to no
]]></system-out>
  </testcase>
  <testcase name="Refresh" classname="com.hasbrop2m.sanity.SanitySuite2" time="0">
    <skipped/>
    <system-err><![CDATA[org.apache.xmlbeans.impl.values.XmlValueDisconnectedException
	at org.apache.xmlbeans.impl.values.XmlObjectBase.check_orphaned(XmlObjectBase.java:1213)
	at org.openxmlformats.schemas.spreadsheetml.x2006.main.impl.CTXfImpl.getXfId(Unknown Source)
	at org.apache.poi.xssf.model.StylesTable.getStyleAt(StylesTable.java:235)
	at org.apache.poi.xssf.usermodel.XSSFCell.getCellStyle(XSSFCell.java:483)
	at org.apache.poi.xssf.usermodel.XSSFCell.getCellStyle(XSSFCell.java:64)
	at org.apache.poi.ss.usermodel.DateUtil.isCellDateFormatted(DateUtil.java:504)
	at com.hasbrop2m.core.Xls_Reader.getCellData(Xls_Reader.java:148)
	at com.hasbrop2m.core.Utility.getData(Utility.java:61)
	at com.hasbrop2m.sanity.SanitySuite2.testDataTest(SanitySuite2.java:12751)
	at sun.reflect.NativeMethodAccessorImpl.invoke0(Native Method)
	at sun.reflect.NativeMethodAccessorImpl.invoke(NativeMethodAccessorImpl.java:62)
	at sun.reflect.DelegatingMethodAccessorImpl.invoke(DelegatingMethodAccessorImpl.java:43)
	at java.lang.reflect.Method.invoke(Method.java:498)
	at org.testng.internal.MethodInvocationHelper.invokeMethod(MethodInvocationHelper.java:124)
	at org.testng.internal.MethodInvocationHelper.invokeMethod(MethodInvocationHelper.java:74)
	at org.testng.internal.MethodInvocationHelper.invokeMethodNoCheckedException(MethodInvocationHelper.java:45)
	at org.testng.internal.MethodInvocationHelper.invokeDataProvider(MethodInvocationHelper.java:131)
	at org.testng.internal.Parameters.handleParameters(Parameters.java:706)
	at org.testng.internal.ParameterHandler.handleParameters(ParameterHandler.java:49)
	at org.testng.internal.ParameterHandler.createParameters(ParameterHandler.java:37)
	at org.testng.internal.Invoker.invokeTestMethods(Invoker.java:924)
	at org.testng.internal.TestMethodWorker.invokeTestMethods(TestMethodWorker.java:125)
	at org.testng.internal.TestMethodWorker.run(TestMethodWorker.java:109)
	at org.testng.TestRunner.privateRun(TestRunner.java:648)
	at org.testng.TestRunner.run(TestRunner.java:505)
	at org.testng.SuiteRunner.runTest(SuiteRunner.java:455)
	at org.testng.SuiteRunner.runSequentially(SuiteRunner.java:450)
	at org.testng.SuiteRunner.privateRun(SuiteRunner.java:415)
	at org.testng.SuiteRunner.run(SuiteRunner.java:364)
	at org.testng.SuiteRunnerWorker.runSuite(SuiteRunnerWorker.java:52)
	at org.testng.SuiteRunnerWorker.run(SuiteRunnerWorker.java:84)
	at org.testng.TestNG.runSuitesSequentially(TestNG.java:1208)
	at org.testng.TestNG.runSuitesLocally(TestNG.java:1137)
	at org.testng.TestNG.runSuites(TestNG.java:1049)
	at org.testng.TestNG.run(TestNG.java:1017)
	at org.apache.maven.surefire.testng.TestNGExecutor.run(TestNGExecutor.java:283)
	at org.apache.maven.surefire.testng.TestNGXmlTestSuite.execute(TestNGXmlTestSuite.java:75)
	at org.apache.maven.surefire.testng.TestNGProvider.invoke(TestNGProvider.java:120)
	at org.apache.maven.surefire.booter.ForkedBooter.invokeProviderInSameClassLoader(ForkedBooter.java:383)
	at org.apache.maven.surefire.booter.ForkedBooter.runSuitesInProcess(ForkedBooter.java:344)
	at org.apache.maven.surefire.booter.ForkedBooter.execute(ForkedBooter.java:125)
	at org.apache.maven.surefire.booter.ForkedBooter.main(ForkedBooter.java:417)
org.apache.xmlbeans.impl.values.XmlValueDisconnectedException
	at org.apache.xmlbeans.impl.values.XmlObjectBase.check_orphaned(XmlObjectBase.java:1213)
	at org.openxmlformats.schemas.spreadsheetml.x2006.main.impl.CTXfImpl.getXfId(Unknown Source)
	at org.apache.poi.xssf.model.StylesTable.getStyleAt(StylesTable.java:235)
	at org.apache.poi.xssf.usermodel.XSSFCell.getCellStyle(XSSFCell.java:483)
	at org.apache.poi.xssf.usermodel.XSSFCell.getCellStyle(XSSFCell.java:64)
	at org.apache.poi.ss.usermodel.DateUtil.isCellDateFormatted(DateUtil.java:504)
	at com.hasbrop2m.core.Xls_Reader.getCellData(Xls_Reader.java:148)
	at com.hasbrop2m.core.Utility.getData(Utility.java:61)
	at com.hasbrop2m.sanity.SanitySuite2.testDataTest(SanitySuite2.java:12751)
	at sun.reflect.NativeMethodAccessorImpl.invoke0(Native Method)
	at sun.reflect.NativeMethodAccessorImpl.invoke(NativeMethodAccessorImpl.java:62)
	at sun.reflect.DelegatingMethodAccessorImpl.invoke(DelegatingMethodAccessorImpl.java:43)
	at java.lang.reflect.Method.invoke(Method.java:498)
	at org.testng.internal.MethodInvocationHelper.invokeMethod(MethodInvocationHelper.java:124)
	at org.testng.internal.MethodInvocationHelper.invokeMethod(MethodInvocationHelper.java:74)
	at org.testng.internal.MethodInvocationHelper.invokeMethodNoCheckedException(MethodInvocationHelper.java:45)
	at org.testng.internal.MethodInvocationHelper.invokeDataProvider(MethodInvocationHelper.java:131)
	at org.testng.internal.Parameters.handleParameters(Parameters.java:706)
	at org.testng.internal.ParameterHandler.handleParameters(ParameterHandler.java:49)
	at org.testng.internal.ParameterHandler.createParameters(ParameterHandler.java:37)
	at org.testng.internal.Invoker.invokeTestMethods(Invoker.java:924)
	at org.testng.internal.TestMethodWorker.invokeTestMethods(TestMethodWorker.java:125)
	at org.testng.internal.TestMethodWorker.run(TestMethodWorker.java:109)
	at org.testng.TestRunner.privateRun(TestRunner.java:648)
	at org.testng.TestRunner.run(TestRunner.java:505)
	at org.testng.SuiteRunner.runTest(SuiteRunner.java:455)
	at org.testng.SuiteRunner.runSequentially(SuiteRunner.java:450)
	at org.testng.SuiteRunner.privateRun(SuiteRunner.java:415)
	at org.testng.SuiteRunner.run(SuiteRunner.java:364)
	at org.testng.SuiteRunnerWorker.runSuite(SuiteRunnerWorker.java:52)
	at org.testng.SuiteRunnerWorker.run(SuiteRunnerWorker.java:84)
	at org.testng.TestNG.runSuitesSequentially(TestNG.java:1208)
	at org.testng.TestNG.runSuitesLocally(TestNG.java:1137)
	at org.testng.TestNG.runSuites(TestNG.java:1049)
	at org.testng.TestNG.run(TestNG.java:1017)
	at org.apache.maven.surefire.testng.TestNGExecutor.run(TestNGExecutor.java:283)
	at org.apache.maven.surefire.testng.TestNGXmlTestSuite.execute(TestNGXmlTestSuite.java:75)
	at org.apache.maven.surefire.testng.TestNGProvider.invoke(TestNGProvider.java:120)
	at org.apache.maven.surefire.booter.ForkedBooter.invokeProviderInSameClassLoader(ForkedBooter.java:383)
	at org.apache.maven.surefire.booter.ForkedBooter.runSuitesInProcess(ForkedBooter.java:344)
	at org.apache.maven.surefire.booter.ForkedBooter.execute(ForkedBooter.java:125)
	at org.apache.maven.surefire.booter.ForkedBooter.main(ForkedBooter.java:417)
org.apache.xmlbeans.impl.values.XmlValueDisconnectedException
	at org.apache.xmlbeans.impl.values.XmlObjectBase.check_orphaned(XmlObjectBase.java:1213)
	at org.openxmlformats.schemas.spreadsheetml.x2006.main.impl.CTXfImpl.getXfId(Unknown Source)
	at org.apache.poi.xssf.model.StylesTable.getStyleAt(StylesTable.java:235)
	at org.apache.poi.xssf.usermodel.XSSFCell.getCellStyle(XSSFCell.java:483)
	at org.apache.poi.xssf.usermodel.XSSFCell.getCellStyle(XSSFCell.java:64)
	at org.apache.poi.ss.usermodel.DateUtil.isCellDateFormatted(DateUtil.java:504)
	at com.hasbrop2m.core.Xls_Reader.getCellData(Xls_Reader.java:148)
	at com.hasbrop2m.core.Utility.getData(Utility.java:61)
	at com.hasbrop2m.sanity.SanitySuite2.testDataTest(SanitySuite2.java:12751)
	at sun.reflect.NativeMethodAccessorImpl.invoke0(Native Method)
	at sun.reflect.NativeMethodAccessorImpl.invoke(NativeMethodAccessorImpl.java:62)
	at sun.reflect.DelegatingMethodAccessorImpl.invoke(DelegatingMethodAccessorImpl.java:43)
	at java.lang.reflect.Method.invoke(Method.java:498)
	at org.testng.internal.MethodInvocationHelper.invokeMethod(MethodInvocationHelper.java:124)
	at org.testng.internal.MethodInvocationHelper.invokeMethod(MethodInvocationHelper.java:74)
	at org.testng.internal.MethodInvocationHelper.invokeMethodNoCheckedException(MethodInvocationHelper.java:45)
	at org.testng.internal.MethodInvocationHelper.invokeDataProvider(MethodInvocationHelper.java:131)
	at org.testng.internal.Parameters.handleParameters(Parameters.java:706)
	at org.testng.internal.ParameterHandler.handleParameters(ParameterHandler.java:49)
	at org.testng.internal.ParameterHandler.createParameters(ParameterHandler.java:37)
	at org.testng.internal.Invoker.invokeTestMethods(Invoker.java:924)
	at org.testng.internal.TestMethodWorker.invokeTestMethods(TestMethodWorker.java:125)
	at org.testng.internal.TestMethodWorker.run(TestMethodWorker.java:109)
	at org.testng.TestRunner.privateRun(TestRunner.java:648)
	at org.testng.TestRunner.run(TestRunner.java:505)
	at org.testng.SuiteRunner.runTest(SuiteRunner.java:455)
	at org.testng.SuiteRunner.runSequentially(SuiteRunner.java:450)
	at org.testng.SuiteRunner.privateRun(SuiteRunner.java:415)
	at org.testng.SuiteRunner.run(SuiteRunner.java:364)
	at org.testng.SuiteRunnerWorker.runSuite(SuiteRunnerWorker.java:52)
	at org.testng.SuiteRunnerWorker.run(SuiteRunnerWorker.java:84)
	at org.testng.TestNG.runSuitesSequentially(TestNG.java:1208)
	at org.testng.TestNG.runSuitesLocally(TestNG.java:1137)
	at org.testng.TestNG.runSuites(TestNG.java:1049)
	at org.testng.TestNG.run(TestNG.java:1017)
	at org.apache.maven.surefire.testng.TestNGExecutor.run(TestNGExecutor.java:283)
	at org.apache.maven.surefire.testng.TestNGXmlTestSuite.execute(TestNGXmlTestSuite.java:75)
	at org.apache.maven.surefire.testng.TestNGProvider.invoke(TestNGProvider.java:120)
	at org.apache.maven.surefire.booter.ForkedBooter.invokeProviderInSameClassLoader(ForkedBooter.java:383)
	at org.apache.maven.surefire.booter.ForkedBooter.runSuitesInProcess(ForkedBooter.java:344)
	at org.apache.maven.surefire.booter.ForkedBooter.execute(ForkedBooter.java:125)
	at org.apache.maven.surefire.booter.ForkedBooter.main(ForkedBooter.java:417)
org.apache.xmlbeans.impl.values.XmlValueDisconnectedException
	at org.apache.xmlbeans.impl.values.XmlObjectBase.check_orphaned(XmlObjectBase.java:1213)
	at org.openxmlformats.schemas.spreadsheetml.x2006.main.impl.CTXfImpl.getXfId(Unknown Source)
	at org.apache.poi.xssf.model.StylesTable.getStyleAt(StylesTable.java:235)
	at org.apache.poi.xssf.usermodel.XSSFCell.getCellStyle(XSSFCell.java:483)
	at org.apache.poi.xssf.usermodel.XSSFCell.getCellStyle(XSSFCell.java:64)
	at org.apache.poi.ss.usermodel.DateUtil.isCellDateFormatted(DateUtil.java:504)
	at com.hasbrop2m.core.Xls_Reader.getCellData(Xls_Reader.java:148)
	at com.hasbrop2m.core.Utility.getData(Utility.java:61)
	at com.hasbrop2m.sanity.SanitySuite2.testDataTest(SanitySuite2.java:12751)
	at sun.reflect.NativeMethodAccessorImpl.invoke0(Native Method)
	at sun.reflect.NativeMethodAccessorImpl.invoke(NativeMethodAccessorImpl.java:62)
	at sun.reflect.DelegatingMethodAccessorImpl.invoke(DelegatingMethodAccessorImpl.java:43)
	at java.lang.reflect.Method.invoke(Method.java:498)
	at org.testng.internal.MethodInvocationHelper.invokeMethod(MethodInvocationHelper.java:124)
	at org.testng.internal.MethodInvocationHelper.invokeMethod(MethodInvocationHelper.java:74)
	at org.testng.internal.MethodInvocationHelper.invokeMethodNoCheckedException(MethodInvocationHelper.java:45)
	at org.testng.internal.MethodInvocationHelper.invokeDataProvider(MethodInvocationHelper.java:131)
	at org.testng.internal.Parameters.handleParameters(Parameters.java:706)
	at org.testng.internal.ParameterHandler.handleParameters(ParameterHandler.java:49)
	at org.testng.internal.ParameterHandler.createParameters(ParameterHandler.java:37)
	at org.testng.internal.Invoker.invokeTestMethods(Invoker.java:924)
	at org.testng.internal.TestMethodWorker.invokeTestMethods(TestMethodWorker.java:125)
	at org.testng.internal.TestMethodWorker.run(TestMethodWorker.java:109)
	at org.testng.TestRunner.privateRun(TestRunner.java:648)
	at org.testng.TestRunner.run(TestRunner.java:505)
	at org.testng.SuiteRunner.runTest(SuiteRunner.java:455)
	at org.testng.SuiteRunner.runSequentially(SuiteRunner.java:450)
	at org.testng.SuiteRunner.privateRun(SuiteRunner.java:415)
	at org.testng.SuiteRunner.run(SuiteRunner.java:364)
	at org.testng.SuiteRunnerWorker.runSuite(SuiteRunnerWorker.java:52)
	at org.testng.SuiteRunnerWorker.run(SuiteRunnerWorker.java:84)
	at org.testng.TestNG.runSuitesSequentially(TestNG.java:1208)
	at org.testng.TestNG.runSuitesLocally(TestNG.java:1137)
	at org.testng.TestNG.runSuites(TestNG.java:1049)
	at org.testng.TestNG.run(TestNG.java:1017)
	at org.apache.maven.surefire.testng.TestNGExecutor.run(TestNGExecutor.java:283)
	at org.apache.maven.surefire.testng.TestNGXmlTestSuite.execute(TestNGXmlTestSuite.java:75)
	at org.apache.maven.surefire.testng.TestNGProvider.invoke(TestNGProvider.java:120)
	at org.apache.maven.surefire.booter.ForkedBooter.invokeProviderInSameClassLoader(ForkedBooter.java:383)
	at org.apache.maven.surefire.booter.ForkedBooter.runSuitesInProcess(ForkedBooter.java:344)
	at org.apache.maven.surefire.booter.ForkedBooter.execute(ForkedBooter.java:125)
	at org.apache.maven.surefire.booter.ForkedBooter.main(ForkedBooter.java:417)
org.apache.xmlbeans.impl.values.XmlValueDisconnectedException
	at org.apache.xmlbeans.impl.values.XmlObjectBase.check_orphaned(XmlObjectBase.java:1213)
	at org.openxmlformats.schemas.spreadsheetml.x2006.main.impl.CTXfImpl.getXfId(Unknown Source)
	at org.apache.poi.xssf.model.StylesTable.getStyleAt(StylesTable.java:235)
	at org.apache.poi.xssf.usermodel.XSSFCell.getCellStyle(XSSFCell.java:483)
	at org.apache.poi.xssf.usermodel.XSSFCell.getCellStyle(XSSFCell.java:64)
	at org.apache.poi.ss.usermodel.DateUtil.isCellDateFormatted(DateUtil.java:504)
	at com.hasbrop2m.core.Xls_Reader.getCellData(Xls_Reader.java:148)
	at com.hasbrop2m.core.Utility.getData(Utility.java:61)
	at com.hasbrop2m.sanity.SanitySuite2.testDataTest(SanitySuite2.java:12751)
	at sun.reflect.NativeMethodAccessorImpl.invoke0(Native Method)
	at sun.reflect.NativeMethodAccessorImpl.invoke(NativeMethodAccessorImpl.java:62)
	at sun.reflect.DelegatingMethodAccessorImpl.invoke(DelegatingMethodAccessorImpl.java:43)
	at java.lang.reflect.Method.invoke(Method.java:498)
	at org.testng.internal.MethodInvocationHelper.invokeMethod(MethodInvocationHelper.java:124)
	at org.testng.internal.MethodInvocationHelper.invokeMethod(MethodInvocationHelper.java:74)
	at org.testng.internal.MethodInvocationHelper.invokeMethodNoCheckedException(MethodInvocationHelper.java:45)
	at org.testng.internal.MethodInvocationHelper.invokeDataProvider(MethodInvocationHelper.java:131)
	at org.testng.internal.Parameters.handleParameters(Parameters.java:706)
	at org.testng.internal.ParameterHandler.handleParameters(ParameterHandler.java:49)
	at org.testng.internal.ParameterHandler.createParameters(ParameterHandler.java:37)
	at org.testng.internal.Invoker.invokeTestMethods(Invoker.java:924)
	at org.testng.internal.TestMethodWorker.invokeTestMethods(TestMethodWorker.java:125)
	at org.testng.internal.TestMethodWorker.run(TestMethodWorker.java:109)
	at org.testng.TestRunner.privateRun(TestRunner.java:648)
	at org.testng.TestRunner.run(TestRunner.java:505)
	at org.testng.SuiteRunner.runTest(SuiteRunner.java:455)
	at org.testng.SuiteRunner.runSequentially(SuiteRunner.java:450)
	at org.testng.SuiteRunner.privateRun(SuiteRunner.java:415)
	at org.testng.SuiteRunner.run(SuiteRunner.java:364)
	at org.testng.SuiteRunnerWorker.runSuite(SuiteRunnerWorker.java:52)
	at org.testng.SuiteRunnerWorker.run(SuiteRunnerWorker.java:84)
	at org.testng.TestNG.runSuitesSequentially(TestNG.java:1208)
	at org.testng.TestNG.runSuitesLocally(TestNG.java:1137)
	at org.testng.TestNG.runSuites(TestNG.java:1049)
	at org.testng.TestNG.run(TestNG.java:1017)
	at org.apache.maven.surefire.testng.TestNGExecutor.run(TestNGExecutor.java:283)
	at org.apache.maven.surefire.testng.TestNGXmlTestSuite.execute(TestNGXmlTestSuite.java:75)
	at org.apache.maven.surefire.testng.TestNGProvider.invoke(TestNGProvider.java:120)
	at org.apache.maven.surefire.booter.ForkedBooter.invokeProviderInSameClassLoader(ForkedBooter.java:383)
	at org.apache.maven.surefire.booter.ForkedBooter.runSuitesInProcess(ForkedBooter.java:344)
	at org.apache.maven.surefire.booter.ForkedBooter.execute(ForkedBooter.java:125)
	at org.apache.maven.surefire.booter.ForkedBooter.main(ForkedBooter.java:417)
org.apache.xmlbeans.impl.values.XmlValueDisconnectedException
	at org.apache.xmlbeans.impl.values.XmlObjectBase.check_orphaned(XmlObjectBase.java:1213)
	at org.openxmlformats.schemas.spreadsheetml.x2006.main.impl.CTXfImpl.getXfId(Unknown Source)
	at org.apache.poi.xssf.model.StylesTable.getStyleAt(StylesTable.java:235)
	at org.apache.poi.xssf.usermodel.XSSFCell.getCellStyle(XSSFCell.java:483)
	at org.apache.poi.xssf.usermodel.XSSFCell.getCellStyle(XSSFCell.java:64)
	at org.apache.poi.ss.usermodel.DateUtil.isCellDateFormatted(DateUtil.java:504)
	at com.hasbrop2m.core.Xls_Reader.getCellData(Xls_Reader.java:148)
	at com.hasbrop2m.core.Utility.getData(Utility.java:61)
	at com.hasbrop2m.sanity.SanitySuite2.testDataTest(SanitySuite2.java:12751)
	at sun.reflect.NativeMethodAccessorImpl.invoke0(Native Method)
	at sun.reflect.NativeMethodAccessorImpl.invoke(NativeMethodAccessorImpl.java:62)
	at sun.reflect.DelegatingMethodAccessorImpl.invoke(DelegatingMethodAccessorImpl.java:43)
	at java.lang.reflect.Method.invoke(Method.java:498)
	at org.testng.internal.MethodInvocationHelper.invokeMethod(MethodInvocationHelper.java:124)
	at org.testng.internal.MethodInvocationHelper.invokeMethod(MethodInvocationHelper.java:74)
	at org.testng.internal.MethodInvocationHelper.invokeMethodNoCheckedException(MethodInvocationHelper.java:45)
	at org.testng.internal.MethodInvocationHelper.invokeDataProvider(MethodInvocationHelper.java:131)
	at org.testng.internal.Parameters.handleParameters(Parameters.java:706)
	at org.testng.internal.ParameterHandler.handleParameters(ParameterHandler.java:49)
	at org.testng.internal.ParameterHandler.createParameters(ParameterHandler.java:37)
	at org.testng.internal.Invoker.invokeTestMethods(Invoker.java:924)
	at org.testng.internal.TestMethodWorker.invokeTestMethods(TestMethodWorker.java:125)
	at org.testng.internal.TestMethodWorker.run(TestMethodWorker.java:109)
	at org.testng.TestRunner.privateRun(TestRunner.java:648)
	at org.testng.TestRunner.run(TestRunner.java:505)
	at org.testng.SuiteRunner.runTest(SuiteRunner.java:455)
	at org.testng.SuiteRunner.runSequentially(SuiteRunner.java:450)
	at org.testng.SuiteRunner.privateRun(SuiteRunner.java:415)
	at org.testng.SuiteRunner.run(SuiteRunner.java:364)
	at org.testng.SuiteRunnerWorker.runSuite(SuiteRunnerWorker.java:52)
	at org.testng.SuiteRunnerWorker.run(SuiteRunnerWorker.java:84)
	at org.testng.TestNG.runSuitesSequentially(TestNG.java:1208)
	at org.testng.TestNG.runSuitesLocally(TestNG.java:1137)
	at org.testng.TestNG.runSuites(TestNG.java:1049)
	at org.testng.TestNG.run(TestNG.java:1017)
	at org.apache.maven.surefire.testng.TestNGExecutor.run(TestNGExecutor.java:283)
	at org.apache.maven.surefire.testng.TestNGXmlTestSuite.execute(TestNGXmlTestSuite.java:75)
	at org.apache.maven.surefire.testng.TestNGProvider.invoke(TestNGProvider.java:120)
	at org.apache.maven.surefire.booter.ForkedBooter.invokeProviderInSameClassLoader(ForkedBooter.java:383)
	at org.apache.maven.surefire.booter.ForkedBooter.runSuitesInProcess(ForkedBooter.java:344)
	at org.apache.maven.surefire.booter.ForkedBooter.execute(ForkedBooter.java:125)
	at org.apache.maven.surefire.booter.ForkedBooter.main(ForkedBooter.java:417)
org.apache.xmlbeans.impl.values.XmlValueDisconnectedException
	at org.apache.xmlbeans.impl.values.XmlObjectBase.check_orphaned(XmlObjectBase.java:1213)
	at org.openxmlformats.schemas.spreadsheetml.x2006.main.impl.CTXfImpl.getXfId(Unknown Source)
	at org.apache.poi.xssf.model.StylesTable.getStyleAt(StylesTable.java:235)
	at org.apache.poi.xssf.usermodel.XSSFCell.getCellStyle(XSSFCell.java:483)
	at org.apache.poi.xssf.usermodel.XSSFCell.getCellStyle(XSSFCell.java:64)
	at org.apache.poi.ss.usermodel.DateUtil.isCellDateFormatted(DateUtil.java:504)
	at com.hasbrop2m.core.Xls_Reader.getCellData(Xls_Reader.java:148)
	at com.hasbrop2m.core.Utility.getData(Utility.java:61)
	at com.hasbrop2m.sanity.SanitySuite2.testDataTest(SanitySuite2.java:12751)
	at sun.reflect.NativeMethodAccessorImpl.invoke0(Native Method)
	at sun.reflect.NativeMethodAccessorImpl.invoke(NativeMethodAccessorImpl.java:62)
	at sun.reflect.DelegatingMethodAccessorImpl.invoke(DelegatingMethodAccessorImpl.java:43)
	at java.lang.reflect.Method.invoke(Method.java:498)
	at org.testng.internal.MethodInvocationHelper.invokeMethod(MethodInvocationHelper.java:124)
	at org.testng.internal.MethodInvocationHelper.invokeMethod(MethodInvocationHelper.java:74)
	at org.testng.internal.MethodInvocationHelper.invokeMethodNoCheckedException(MethodInvocationHelper.java:45)
	at org.testng.internal.MethodInvocationHelper.invokeDataProvider(MethodInvocationHelper.java:131)
	at org.testng.internal.Parameters.handleParameters(Parameters.java:706)
	at org.testng.internal.ParameterHandler.handleParameters(ParameterHandler.java:49)
	at org.testng.internal.ParameterHandler.createParameters(ParameterHandler.java:37)
	at org.testng.internal.Invoker.invokeTestMethods(Invoker.java:924)
	at org.testng.internal.TestMethodWorker.invokeTestMethods(TestMethodWorker.java:125)
	at org.testng.internal.TestMethodWorker.run(TestMethodWorker.java:109)
	at org.testng.TestRunner.privateRun(TestRunner.java:648)
	at org.testng.TestRunner.run(TestRunner.java:505)
	at org.testng.SuiteRunner.runTest(SuiteRunner.java:455)
	at org.testng.SuiteRunner.runSequentially(SuiteRunner.java:450)
	at org.testng.SuiteRunner.privateRun(SuiteRunner.java:415)
	at org.testng.SuiteRunner.run(SuiteRunner.java:364)
	at org.testng.SuiteRunnerWorker.runSuite(SuiteRunnerWorker.java:52)
	at org.testng.SuiteRunnerWorker.run(SuiteRunnerWorker.java:84)
	at org.testng.TestNG.runSuitesSequentially(TestNG.java:1208)
	at org.testng.TestNG.runSuitesLocally(TestNG.java:1137)
	at org.testng.TestNG.runSuites(TestNG.java:1049)
	at org.testng.TestNG.run(TestNG.java:1017)
	at org.apache.maven.surefire.testng.TestNGExecutor.run(TestNGExecutor.java:283)
	at org.apache.maven.surefire.testng.TestNGXmlTestSuite.execute(TestNGXmlTestSuite.java:75)
	at org.apache.maven.surefire.testng.TestNGProvider.invoke(TestNGProvider.java:120)
	at org.apache.maven.surefire.booter.ForkedBooter.invokeProviderInSameClassLoader(ForkedBooter.java:383)
	at org.apache.maven.surefire.booter.ForkedBooter.runSuitesInProcess(ForkedBooter.java:344)
	at org.apache.maven.surefire.booter.ForkedBooter.execute(ForkedBooter.java:125)
	at org.apache.maven.surefire.booter.ForkedBooter.main(ForkedBooter.java:417)
org.apache.xmlbeans.impl.values.XmlValueDisconnectedException
	at org.apache.xmlbeans.impl.values.XmlObjectBase.check_orphaned(XmlObjectBase.java:1213)
	at org.openxmlformats.schemas.spreadsheetml.x2006.main.impl.CTXfImpl.getXfId(Unknown Source)
	at org.apache.poi.xssf.model.StylesTable.getStyleAt(StylesTable.java:235)
	at org.apache.poi.xssf.usermodel.XSSFCell.getCellStyle(XSSFCell.java:483)
	at org.apache.poi.xssf.usermodel.XSSFCell.getCellStyle(XSSFCell.java:64)
	at org.apache.poi.ss.usermodel.DateUtil.isCellDateFormatted(DateUtil.java:504)
	at com.hasbrop2m.core.Xls_Reader.getCellData(Xls_Reader.java:148)
	at com.hasbrop2m.core.Utility.getData(Utility.java:61)
	at com.hasbrop2m.sanity.SanitySuite2.testDataTest(SanitySuite2.java:12751)
	at sun.reflect.NativeMethodAccessorImpl.invoke0(Native Method)
	at sun.reflect.NativeMethodAccessorImpl.invoke(NativeMethodAccessorImpl.java:62)
	at sun.reflect.DelegatingMethodAccessorImpl.invoke(DelegatingMethodAccessorImpl.java:43)
	at java.lang.reflect.Method.invoke(Method.java:498)
	at org.testng.internal.MethodInvocationHelper.invokeMethod(MethodInvocationHelper.java:124)
	at org.testng.internal.MethodInvocationHelper.invokeMethod(MethodInvocationHelper.java:74)
	at org.testng.internal.MethodInvocationHelper.invokeMethodNoCheckedException(MethodInvocationHelper.java:45)
	at org.testng.internal.MethodInvocationHelper.invokeDataProvider(MethodInvocationHelper.java:131)
	at org.testng.internal.Parameters.handleParameters(Parameters.java:706)
	at org.testng.internal.ParameterHandler.handleParameters(ParameterHandler.java:49)
	at org.testng.internal.ParameterHandler.createParameters(ParameterHandler.java:37)
	at org.testng.internal.Invoker.invokeTestMethods(Invoker.java:924)
	at org.testng.internal.TestMethodWorker.invokeTestMethods(TestMethodWorker.java:125)
	at org.testng.internal.TestMethodWorker.run(TestMethodWorker.java:109)
	at org.testng.TestRunner.privateRun(TestRunner.java:648)
	at org.testng.TestRunner.run(TestRunner.java:505)
	at org.testng.SuiteRunner.runTest(SuiteRunner.java:455)
	at org.testng.SuiteRunner.runSequentially(SuiteRunner.java:450)
	at org.testng.SuiteRunner.privateRun(SuiteRunner.java:415)
	at org.testng.SuiteRunner.run(SuiteRunner.java:364)
	at org.testng.SuiteRunnerWorker.runSuite(SuiteRunnerWorker.java:52)
	at org.testng.SuiteRunnerWorker.run(SuiteRunnerWorker.java:84)
	at org.testng.TestNG.runSuitesSequentially(TestNG.java:1208)
	at org.testng.TestNG.runSuitesLocally(TestNG.java:1137)
	at org.testng.TestNG.runSuites(TestNG.java:1049)
	at org.testng.TestNG.run(TestNG.java:1017)
	at org.apache.maven.surefire.testng.TestNGExecutor.run(TestNGExecutor.java:283)
	at org.apache.maven.surefire.testng.TestNGXmlTestSuite.execute(TestNGXmlTestSuite.java:75)
	at org.apache.maven.surefire.testng.TestNGProvider.invoke(TestNGProvider.java:120)
	at org.apache.maven.surefire.booter.ForkedBooter.invokeProviderInSameClassLoader(ForkedBooter.java:383)
	at org.apache.maven.surefire.booter.ForkedBooter.runSuitesInProcess(ForkedBooter.java:344)
	at org.apache.maven.surefire.booter.ForkedBooter.execute(ForkedBooter.java:125)
	at org.apache.maven.surefire.booter.ForkedBooter.main(ForkedBooter.java:417)
org.apache.xmlbeans.impl.values.XmlValueDisconnectedException
	at org.apache.xmlbeans.impl.values.XmlObjectBase.check_orphaned(XmlObjectBase.java:1213)
	at org.openxmlformats.schemas.spreadsheetml.x2006.main.impl.CTXfImpl.getXfId(Unknown Source)
	at org.apache.poi.xssf.model.StylesTable.getStyleAt(StylesTable.java:235)
	at org.apache.poi.xssf.usermodel.XSSFCell.getCellStyle(XSSFCell.java:483)
	at org.apache.poi.xssf.usermodel.XSSFCell.getCellStyle(XSSFCell.java:64)
	at org.apache.poi.ss.usermodel.DateUtil.isCellDateFormatted(DateUtil.java:504)
	at com.hasbrop2m.core.Xls_Reader.getCellData(Xls_Reader.java:148)
	at com.hasbrop2m.core.Utility.getData(Utility.java:61)
	at com.hasbrop2m.sanity.SanitySuite2.testDataTest(SanitySuite2.java:12751)
	at sun.reflect.NativeMethodAccessorImpl.invoke0(Native Method)
	at sun.reflect.NativeMethodAccessorImpl.invoke(NativeMethodAccessorImpl.java:62)
	at sun.reflect.DelegatingMethodAccessorImpl.invoke(DelegatingMethodAccessorImpl.java:43)
	at java.lang.reflect.Method.invoke(Method.java:498)
	at org.testng.internal.MethodInvocationHelper.invokeMethod(MethodInvocationHelper.java:124)
	at org.testng.internal.MethodInvocationHelper.invokeMethod(MethodInvocationHelper.java:74)
	at org.testng.internal.MethodInvocationHelper.invokeMethodNoCheckedException(MethodInvocationHelper.java:45)
	at org.testng.internal.MethodInvocationHelper.invokeDataProvider(MethodInvocationHelper.java:131)
	at org.testng.internal.Parameters.handleParameters(Parameters.java:706)
	at org.testng.internal.ParameterHandler.handleParameters(ParameterHandler.java:49)
	at org.testng.internal.ParameterHandler.createParameters(ParameterHandler.java:37)
	at org.testng.internal.Invoker.invokeTestMethods(Invoker.java:924)
	at org.testng.internal.TestMethodWorker.invokeTestMethods(TestMethodWorker.java:125)
	at org.testng.internal.TestMethodWorker.run(TestMethodWorker.java:109)
	at org.testng.TestRunner.privateRun(TestRunner.java:648)
	at org.testng.TestRunner.run(TestRunner.java:505)
	at org.testng.SuiteRunner.runTest(SuiteRunner.java:455)
	at org.testng.SuiteRunner.runSequentially(SuiteRunner.java:450)
	at org.testng.SuiteRunner.privateRun(SuiteRunner.java:415)
	at org.testng.SuiteRunner.run(SuiteRunner.java:364)
	at org.testng.SuiteRunnerWorker.runSuite(SuiteRunnerWorker.java:52)
	at org.testng.SuiteRunnerWorker.run(SuiteRunnerWorker.java:84)
	at org.testng.TestNG.runSuitesSequentially(TestNG.java:1208)
	at org.testng.TestNG.runSuitesLocally(TestNG.java:1137)
	at org.testng.TestNG.runSuites(TestNG.java:1049)
	at org.testng.TestNG.run(TestNG.java:1017)
	at org.apache.maven.surefire.testng.TestNGExecutor.run(TestNGExecutor.java:283)
	at org.apache.maven.surefire.testng.TestNGXmlTestSuite.execute(TestNGXmlTestSuite.java:75)
	at org.apache.maven.surefire.testng.TestNGProvider.invoke(TestNGProvider.java:120)
	at org.apache.maven.surefire.booter.ForkedBooter.invokeProviderInSameClassLoader(ForkedBooter.java:383)
	at org.apache.maven.surefire.booter.ForkedBooter.runSuitesInProcess(ForkedBooter.java:344)
	at org.apache.maven.surefire.booter.ForkedBooter.execute(ForkedBooter.java:125)
	at org.apache.maven.surefire.booter.ForkedBooter.main(ForkedBooter.java:417)
org.apache.xmlbeans.impl.values.XmlValueDisconnectedException
	at org.apache.xmlbeans.impl.values.XmlObjectBase.check_orphaned(XmlObjectBase.java:1213)
	at org.openxmlformats.schemas.spreadsheetml.x2006.main.impl.CTXfImpl.getXfId(Unknown Source)
	at org.apache.poi.xssf.model.StylesTable.getStyleAt(StylesTable.java:235)
	at org.apache.poi.xssf.usermodel.XSSFCell.getCellStyle(XSSFCell.java:483)
	at org.apache.poi.xssf.usermodel.XSSFCell.getCellStyle(XSSFCell.java:64)
	at org.apache.poi.ss.usermodel.DateUtil.isCellDateFormatted(DateUtil.java:504)
	at com.hasbrop2m.core.Xls_Reader.getCellData(Xls_Reader.java:148)
	at com.hasbrop2m.core.Utility.getData(Utility.java:61)
	at com.hasbrop2m.sanity.SanitySuite2.testDataTest(SanitySuite2.java:12751)
	at sun.reflect.NativeMethodAccessorImpl.invoke0(Native Method)
	at sun.reflect.NativeMethodAccessorImpl.invoke(NativeMethodAccessorImpl.java:62)
	at sun.reflect.DelegatingMethodAccessorImpl.invoke(DelegatingMethodAccessorImpl.java:43)
	at java.lang.reflect.Method.invoke(Method.java:498)
	at org.testng.internal.MethodInvocationHelper.invokeMethod(MethodInvocationHelper.java:124)
	at org.testng.internal.MethodInvocationHelper.invokeMethod(MethodInvocationHelper.java:74)
	at org.testng.internal.MethodInvocationHelper.invokeMethodNoCheckedException(MethodInvocationHelper.java:45)
	at org.testng.internal.MethodInvocationHelper.invokeDataProvider(MethodInvocationHelper.java:131)
	at org.testng.internal.Parameters.handleParameters(Parameters.java:706)
	at org.testng.internal.ParameterHandler.handleParameters(ParameterHandler.java:49)
	at org.testng.internal.ParameterHandler.createParameters(ParameterHandler.java:37)
	at org.testng.internal.Invoker.invokeTestMethods(Invoker.java:924)
	at org.testng.internal.TestMethodWorker.invokeTestMethods(TestMethodWorker.java:125)
	at org.testng.internal.TestMethodWorker.run(TestMethodWorker.java:109)
	at org.testng.TestRunner.privateRun(TestRunner.java:648)
	at org.testng.TestRunner.run(TestRunner.java:505)
	at org.testng.SuiteRunner.runTest(SuiteRunner.java:455)
	at org.testng.SuiteRunner.runSequentially(SuiteRunner.java:450)
	at org.testng.SuiteRunner.privateRun(SuiteRunner.java:415)
	at org.testng.SuiteRunner.run(SuiteRunner.java:364)
	at org.testng.SuiteRunnerWorker.runSuite(SuiteRunnerWorker.java:52)
	at org.testng.SuiteRunnerWorker.run(SuiteRunnerWorker.java:84)
	at org.testng.TestNG.runSuitesSequentially(TestNG.java:1208)
	at org.testng.TestNG.runSuitesLocally(TestNG.java:1137)
	at org.testng.TestNG.runSuites(TestNG.java:1049)
	at org.testng.TestNG.run(TestNG.java:1017)
	at org.apache.maven.surefire.testng.TestNGExecutor.run(TestNGExecutor.java:283)
	at org.apache.maven.surefire.testng.TestNGXmlTestSuite.execute(TestNGXmlTestSuite.java:75)
	at org.apache.maven.surefire.testng.TestNGProvider.invoke(TestNGProvider.java:120)
	at org.apache.maven.surefire.booter.ForkedBooter.invokeProviderInSameClassLoader(ForkedBooter.java:383)
	at org.apache.maven.surefire.booter.ForkedBooter.runSuitesInProcess(ForkedBooter.java:344)
	at org.apache.maven.surefire.booter.ForkedBooter.execute(ForkedBooter.java:125)
	at org.apache.maven.surefire.booter.ForkedBooter.main(ForkedBooter.java:417)
org.apache.xmlbeans.impl.values.XmlValueDisconnectedException
	at org.apache.xmlbeans.impl.values.XmlObjectBase.check_orphaned(XmlObjectBase.java:1213)
	at org.openxmlformats.schemas.spreadsheetml.x2006.main.impl.CTXfImpl.getXfId(Unknown Source)
	at org.apache.poi.xssf.model.StylesTable.getStyleAt(StylesTable.java:235)
	at org.apache.poi.xssf.usermodel.XSSFCell.getCellStyle(XSSFCell.java:483)
	at org.apache.poi.xssf.usermodel.XSSFCell.getCellStyle(XSSFCell.java:64)
	at org.apache.poi.ss.usermodel.DateUtil.isCellDateFormatted(DateUtil.java:504)
	at com.hasbrop2m.core.Xls_Reader.getCellData(Xls_Reader.java:148)
	at com.hasbrop2m.core.Utility.getData(Utility.java:61)
	at com.hasbrop2m.sanity.SanitySuite2.testDataTest(SanitySuite2.java:12751)
	at sun.reflect.NativeMethodAccessorImpl.invoke0(Native Method)
	at sun.reflect.NativeMethodAccessorImpl.invoke(NativeMethodAccessorImpl.java:62)
	at sun.reflect.DelegatingMethodAccessorImpl.invoke(DelegatingMethodAccessorImpl.java:43)
	at java.lang.reflect.Method.invoke(Method.java:498)
	at org.testng.internal.MethodInvocationHelper.invokeMethod(MethodInvocationHelper.java:124)
	at org.testng.internal.MethodInvocationHelper.invokeMethod(MethodInvocationHelper.java:74)
	at org.testng.internal.MethodInvocationHelper.invokeMethodNoCheckedException(MethodInvocationHelper.java:45)
	at org.testng.internal.MethodInvocationHelper.invokeDataProvider(MethodInvocationHelper.java:131)
	at org.testng.internal.Parameters.handleParameters(Parameters.java:706)
	at org.testng.internal.ParameterHandler.handleParameters(ParameterHandler.java:49)
	at org.testng.internal.ParameterHandler.createParameters(ParameterHandler.java:37)
	at org.testng.internal.Invoker.invokeTestMethods(Invoker.java:924)
	at org.testng.internal.TestMethodWorker.invokeTestMethods(TestMethodWorker.java:125)
	at org.testng.internal.TestMethodWorker.run(TestMethodWorker.java:109)
	at org.testng.TestRunner.privateRun(TestRunner.java:648)
	at org.testng.TestRunner.run(TestRunner.java:505)
	at org.testng.SuiteRunner.runTest(SuiteRunner.java:455)
	at org.testng.SuiteRunner.runSequentially(SuiteRunner.java:450)
	at org.testng.SuiteRunner.privateRun(SuiteRunner.java:415)
	at org.testng.SuiteRunner.run(SuiteRunner.java:364)
	at org.testng.SuiteRunnerWorker.runSuite(SuiteRunnerWorker.java:52)
	at org.testng.SuiteRunnerWorker.run(SuiteRunnerWorker.java:84)
	at org.testng.TestNG.runSuitesSequentially(TestNG.java:1208)
	at org.testng.TestNG.runSuitesLocally(TestNG.java:1137)
	at org.testng.TestNG.runSuites(TestNG.java:1049)
	at org.testng.TestNG.run(TestNG.java:1017)
	at org.apache.maven.surefire.testng.TestNGExecutor.run(TestNGExecutor.java:283)
	at org.apache.maven.surefire.testng.TestNGXmlTestSuite.execute(TestNGXmlTestSuite.java:75)
	at org.apache.maven.surefire.testng.TestNGProvider.invoke(TestNGProvider.java:120)
	at org.apache.maven.surefire.booter.ForkedBooter.invokeProviderInSameClassLoader(ForkedBooter.java:383)
	at org.apache.maven.surefire.booter.ForkedBooter.runSuitesInProcess(ForkedBooter.java:344)
	at org.apache.maven.surefire.booter.ForkedBooter.execute(ForkedBooter.java:125)
	at org.apache.maven.surefire.booter.ForkedBooter.main(ForkedBooter.java:417)
org.apache.xmlbeans.impl.values.XmlValueDisconnectedException
	at org.apache.xmlbeans.impl.values.XmlObjectBase.check_orphaned(XmlObjectBase.java:1213)
	at org.openxmlformats.schemas.spreadsheetml.x2006.main.impl.CTXfImpl.getXfId(Unknown Source)
	at org.apache.poi.xssf.model.StylesTable.getStyleAt(StylesTable.java:235)
	at org.apache.poi.xssf.usermodel.XSSFCell.getCellStyle(XSSFCell.java:483)
	at org.apache.poi.xssf.usermodel.XSSFCell.getCellStyle(XSSFCell.java:64)
	at org.apache.poi.ss.usermodel.DateUtil.isCellDateFormatted(DateUtil.java:504)
	at com.hasbrop2m.core.Xls_Reader.getCellData(Xls_Reader.java:148)
	at com.hasbrop2m.core.Utility.getData(Utility.java:61)
	at com.hasbrop2m.sanity.SanitySuite2.testDataTest(SanitySuite2.java:12751)
	at sun.reflect.NativeMethodAccessorImpl.invoke0(Native Method)
	at sun.reflect.NativeMethodAccessorImpl.invoke(NativeMethodAccessorImpl.java:62)
	at sun.reflect.DelegatingMethodAccessorImpl.invoke(DelegatingMethodAccessorImpl.java:43)
	at java.lang.reflect.Method.invoke(Method.java:498)
	at org.testng.internal.MethodInvocationHelper.invokeMethod(MethodInvocationHelper.java:124)
	at org.testng.internal.MethodInvocationHelper.invokeMethod(MethodInvocationHelper.java:74)
	at org.testng.internal.MethodInvocationHelper.invokeMethodNoCheckedException(MethodInvocationHelper.java:45)
	at org.testng.internal.MethodInvocationHelper.invokeDataProvider(MethodInvocationHelper.java:131)
	at org.testng.internal.Parameters.handleParameters(Parameters.java:706)
	at org.testng.internal.ParameterHandler.handleParameters(ParameterHandler.java:49)
	at org.testng.internal.ParameterHandler.createParameters(ParameterHandler.java:37)
	at org.testng.internal.Invoker.invokeTestMethods(Invoker.java:924)
	at org.testng.internal.TestMethodWorker.invokeTestMethods(TestMethodWorker.java:125)
	at org.testng.internal.TestMethodWorker.run(TestMethodWorker.java:109)
	at org.testng.TestRunner.privateRun(TestRunner.java:648)
	at org.testng.TestRunner.run(TestRunner.java:505)
	at org.testng.SuiteRunner.runTest(SuiteRunner.java:455)
	at org.testng.SuiteRunner.runSequentially(SuiteRunner.java:450)
	at org.testng.SuiteRunner.privateRun(SuiteRunner.java:415)
	at org.testng.SuiteRunner.run(SuiteRunner.java:364)
	at org.testng.SuiteRunnerWorker.runSuite(SuiteRunnerWorker.java:52)
	at org.testng.SuiteRunnerWorker.run(SuiteRunnerWorker.java:84)
	at org.testng.TestNG.runSuitesSequentially(TestNG.java:1208)
	at org.testng.TestNG.runSuitesLocally(TestNG.java:1137)
	at org.testng.TestNG.runSuites(TestNG.java:1049)
	at org.testng.TestNG.run(TestNG.java:1017)
	at org.apache.maven.surefire.testng.TestNGExecutor.run(TestNGExecutor.java:283)
	at org.apache.maven.surefire.testng.TestNGXmlTestSuite.execute(TestNGXmlTestSuite.java:75)
	at org.apache.maven.surefire.testng.TestNGProvider.invoke(TestNGProvider.java:120)
	at org.apache.maven.surefire.booter.ForkedBooter.invokeProviderInSameClassLoader(ForkedBooter.java:383)
	at org.apache.maven.surefire.booter.ForkedBooter.runSuitesInProcess(ForkedBooter.java:344)
	at org.apache.maven.surefire.booter.ForkedBooter.execute(ForkedBooter.java:125)
	at org.apache.maven.surefire.booter.ForkedBooter.main(ForkedBooter.java:417)
org.apache.xmlbeans.impl.values.XmlValueDisconnectedException
	at org.apache.xmlbeans.impl.values.XmlObjectBase.check_orphaned(XmlObjectBase.java:1213)
	at org.openxmlformats.schemas.spreadsheetml.x2006.main.impl.CTXfImpl.getXfId(Unknown Source)
	at org.apache.poi.xssf.model.StylesTable.getStyleAt(StylesTable.java:235)
	at org.apache.poi.xssf.usermodel.XSSFCell.getCellStyle(XSSFCell.java:483)
	at org.apache.poi.xssf.usermodel.XSSFCell.getCellStyle(XSSFCell.java:64)
	at org.apache.poi.ss.usermodel.DateUtil.isCellDateFormatted(DateUtil.java:504)
	at com.hasbrop2m.core.Xls_Reader.getCellData(Xls_Reader.java:148)
	at com.hasbrop2m.core.Utility.getData(Utility.java:61)
	at com.hasbrop2m.sanity.SanitySuite2.testDataTest(SanitySuite2.java:12751)
	at sun.reflect.NativeMethodAccessorImpl.invoke0(Native Method)
	at sun.reflect.NativeMethodAccessorImpl.invoke(NativeMethodAccessorImpl.java:62)
	at sun.reflect.DelegatingMethodAccessorImpl.invoke(DelegatingMethodAccessorImpl.java:43)
	at java.lang.reflect.Method.invoke(Method.java:498)
	at org.testng.internal.MethodInvocationHelper.invokeMethod(MethodInvocationHelper.java:124)
	at org.testng.internal.MethodInvocationHelper.invokeMethod(MethodInvocationHelper.java:74)
	at org.testng.internal.MethodInvocationHelper.invokeMethodNoCheckedException(MethodInvocationHelper.java:45)
	at org.testng.internal.MethodInvocationHelper.invokeDataProvider(MethodInvocationHelper.java:131)
	at org.testng.internal.Parameters.handleParameters(Parameters.java:706)
	at org.testng.internal.ParameterHandler.handleParameters(ParameterHandler.java:49)
	at org.testng.internal.ParameterHandler.createParameters(ParameterHandler.java:37)
	at org.testng.internal.Invoker.invokeTestMethods(Invoker.java:924)
	at org.testng.internal.TestMethodWorker.invokeTestMethods(TestMethodWorker.java:125)
	at org.testng.internal.TestMethodWorker.run(TestMethodWorker.java:109)
	at org.testng.TestRunner.privateRun(TestRunner.java:648)
	at org.testng.TestRunner.run(TestRunner.java:505)
	at org.testng.SuiteRunner.runTest(SuiteRunner.java:455)
	at org.testng.SuiteRunner.runSequentially(SuiteRunner.java:450)
	at org.testng.SuiteRunner.privateRun(SuiteRunner.java:415)
	at org.testng.SuiteRunner.run(SuiteRunner.java:364)
	at org.testng.SuiteRunnerWorker.runSuite(SuiteRunnerWorker.java:52)
	at org.testng.SuiteRunnerWorker.run(SuiteRunnerWorker.java:84)
	at org.testng.TestNG.runSuitesSequentially(TestNG.java:1208)
	at org.testng.TestNG.runSuitesLocally(TestNG.java:1137)
	at org.testng.TestNG.runSuites(TestNG.java:1049)
	at org.testng.TestNG.run(TestNG.java:1017)
	at org.apache.maven.surefire.testng.TestNGExecutor.run(TestNGExecutor.java:283)
	at org.apache.maven.surefire.testng.TestNGXmlTestSuite.execute(TestNGXmlTestSuite.java:75)
	at org.apache.maven.surefire.testng.TestNGProvider.invoke(TestNGProvider.java:120)
	at org.apache.maven.surefire.booter.ForkedBooter.invokeProviderInSameClassLoader(ForkedBooter.java:383)
	at org.apache.maven.surefire.booter.ForkedBooter.runSuitesInProcess(ForkedBooter.java:344)
	at org.apache.maven.surefire.booter.ForkedBooter.execute(ForkedBooter.java:125)
	at org.apache.maven.surefire.booter.ForkedBooter.main(ForkedBooter.java:417)
org.apache.xmlbeans.impl.values.XmlValueDisconnectedException
	at org.apache.xmlbeans.impl.values.XmlObjectBase.check_orphaned(XmlObjectBase.java:1213)
	at org.openxmlformats.schemas.spreadsheetml.x2006.main.impl.CTXfImpl.getXfId(Unknown Source)
	at org.apache.poi.xssf.model.StylesTable.getStyleAt(StylesTable.java:235)
	at org.apache.poi.xssf.usermodel.XSSFCell.getCellStyle(XSSFCell.java:483)
	at org.apache.poi.xssf.usermodel.XSSFCell.getCellStyle(XSSFCell.java:64)
	at org.apache.poi.ss.usermodel.DateUtil.isCellDateFormatted(DateUtil.java:504)
	at com.hasbrop2m.core.Xls_Reader.getCellData(Xls_Reader.java:148)
	at com.hasbrop2m.core.Utility.getData(Utility.java:61)
	at com.hasbrop2m.sanity.SanitySuite2.testDataTest(SanitySuite2.java:12751)
	at sun.reflect.NativeMethodAccessorImpl.invoke0(Native Method)
	at sun.reflect.NativeMethodAccessorImpl.invoke(NativeMethodAccessorImpl.java:62)
	at sun.reflect.DelegatingMethodAccessorImpl.invoke(DelegatingMethodAccessorImpl.java:43)
	at java.lang.reflect.Method.invoke(Method.java:498)
	at org.testng.internal.MethodInvocationHelper.invokeMethod(MethodInvocationHelper.java:124)
	at org.testng.internal.MethodInvocationHelper.invokeMethod(MethodInvocationHelper.java:74)
	at org.testng.internal.MethodInvocationHelper.invokeMethodNoCheckedException(MethodInvocationHelper.java:45)
	at org.testng.internal.MethodInvocationHelper.invokeDataProvider(MethodInvocationHelper.java:131)
	at org.testng.internal.Parameters.handleParameters(Parameters.java:706)
	at org.testng.internal.ParameterHandler.handleParameters(ParameterHandler.java:49)
	at org.testng.internal.ParameterHandler.createParameters(ParameterHandler.java:37)
	at org.testng.internal.Invoker.invokeTestMethods(Invoker.java:924)
	at org.testng.internal.TestMethodWorker.invokeTestMethods(TestMethodWorker.java:125)
	at org.testng.internal.TestMethodWorker.run(TestMethodWorker.java:109)
	at org.testng.TestRunner.privateRun(TestRunner.java:648)
	at org.testng.TestRunner.run(TestRunner.java:505)
	at org.testng.SuiteRunner.runTest(SuiteRunner.java:455)
	at org.testng.SuiteRunner.runSequentially(SuiteRunner.java:450)
	at org.testng.SuiteRunner.privateRun(SuiteRunner.java:415)
	at org.testng.SuiteRunner.run(SuiteRunner.java:364)
	at org.testng.SuiteRunnerWorker.runSuite(SuiteRunnerWorker.java:52)
	at org.testng.SuiteRunnerWorker.run(SuiteRunnerWorker.java:84)
	at org.testng.TestNG.runSuitesSequentially(TestNG.java:1208)
	at org.testng.TestNG.runSuitesLocally(TestNG.java:1137)
	at org.testng.TestNG.runSuites(TestNG.java:1049)
	at org.testng.TestNG.run(TestNG.java:1017)
	at org.apache.maven.surefire.testng.TestNGExecutor.run(TestNGExecutor.java:283)
	at org.apache.maven.surefire.testng.TestNGXmlTestSuite.execute(TestNGXmlTestSuite.java:75)
	at org.apache.maven.surefire.testng.TestNGProvider.invoke(TestNGProvider.java:120)
	at org.apache.maven.surefire.booter.ForkedBooter.invokeProviderInSameClassLoader(ForkedBooter.java:383)
	at org.apache.maven.surefire.booter.ForkedBooter.runSuitesInProcess(ForkedBooter.java:344)
	at org.apache.maven.surefire.booter.ForkedBooter.execute(ForkedBooter.java:125)
	at org.apache.maven.surefire.booter.ForkedBooter.main(ForkedBooter.java:417)
org.apache.xmlbeans.impl.values.XmlValueDisconnectedException
	at org.apache.xmlbeans.impl.values.XmlObjectBase.check_orphaned(XmlObjectBase.java:1213)
	at org.openxmlformats.schemas.spreadsheetml.x2006.main.impl.CTXfImpl.getXfId(Unknown Source)
	at org.apache.poi.xssf.model.StylesTable.getStyleAt(StylesTable.java:235)
	at org.apache.poi.xssf.usermodel.XSSFCell.getCellStyle(XSSFCell.java:483)
	at org.apache.poi.xssf.usermodel.XSSFCell.getCellStyle(XSSFCell.java:64)
	at org.apache.poi.ss.usermodel.DateUtil.isCellDateFormatted(DateUtil.java:504)
	at com.hasbrop2m.core.Xls_Reader.getCellData(Xls_Reader.java:148)
	at com.hasbrop2m.core.Utility.getData(Utility.java:61)
	at com.hasbrop2m.sanity.SanitySuite2.testDataTest(SanitySuite2.java:12751)
	at sun.reflect.NativeMethodAccessorImpl.invoke0(Native Method)
	at sun.reflect.NativeMethodAccessorImpl.invoke(NativeMethodAccessorImpl.java:62)
	at sun.reflect.DelegatingMethodAccessorImpl.invoke(DelegatingMethodAccessorImpl.java:43)
	at java.lang.reflect.Method.invoke(Method.java:498)
	at org.testng.internal.MethodInvocationHelper.invokeMethod(MethodInvocationHelper.java:124)
	at org.testng.internal.MethodInvocationHelper.invokeMethod(MethodInvocationHelper.java:74)
	at org.testng.internal.MethodInvocationHelper.invokeMethodNoCheckedException(MethodInvocationHelper.java:45)
	at org.testng.internal.MethodInvocationHelper.invokeDataProvider(MethodInvocationHelper.java:131)
	at org.testng.internal.Parameters.handleParameters(Parameters.java:706)
	at org.testng.internal.ParameterHandler.handleParameters(ParameterHandler.java:49)
	at org.testng.internal.ParameterHandler.createParameters(ParameterHandler.java:37)
	at org.testng.internal.Invoker.invokeTestMethods(Invoker.java:924)
	at org.testng.internal.TestMethodWorker.invokeTestMethods(TestMethodWorker.java:125)
	at org.testng.internal.TestMethodWorker.run(TestMethodWorker.java:109)
	at org.testng.TestRunner.privateRun(TestRunner.java:648)
	at org.testng.TestRunner.run(TestRunner.java:505)
	at org.testng.SuiteRunner.runTest(SuiteRunner.java:455)
	at org.testng.SuiteRunner.runSequentially(SuiteRunner.java:450)
	at org.testng.SuiteRunner.privateRun(SuiteRunner.java:415)
	at org.testng.SuiteRunner.run(SuiteRunner.java:364)
	at org.testng.SuiteRunnerWorker.runSuite(SuiteRunnerWorker.java:52)
	at org.testng.SuiteRunnerWorker.run(SuiteRunnerWorker.java:84)
	at org.testng.TestNG.runSuitesSequentially(TestNG.java:1208)
	at org.testng.TestNG.runSuitesLocally(TestNG.java:1137)
	at org.testng.TestNG.runSuites(TestNG.java:1049)
	at org.testng.TestNG.run(TestNG.java:1017)
	at org.apache.maven.surefire.testng.TestNGExecutor.run(TestNGExecutor.java:283)
	at org.apache.maven.surefire.testng.TestNGXmlTestSuite.execute(TestNGXmlTestSuite.java:75)
	at org.apache.maven.surefire.testng.TestNGProvider.invoke(TestNGProvider.java:120)
	at org.apache.maven.surefire.booter.ForkedBooter.invokeProviderInSameClassLoader(ForkedBooter.java:383)
	at org.apache.maven.surefire.booter.ForkedBooter.runSuitesInProcess(ForkedBooter.java:344)
	at org.apache.maven.surefire.booter.ForkedBooter.execute(ForkedBooter.java:125)
	at org.apache.maven.surefire.booter.ForkedBooter.main(ForkedBooter.java:417)
org.apache.xmlbeans.impl.values.XmlValueDisconnectedException
	at org.apache.xmlbeans.impl.values.XmlObjectBase.check_orphaned(XmlObjectBase.java:1213)
	at org.openxmlformats.schemas.spreadsheetml.x2006.main.impl.CTXfImpl.getXfId(Unknown Source)
	at org.apache.poi.xssf.model.StylesTable.getStyleAt(StylesTable.java:235)
	at org.apache.poi.xssf.usermodel.XSSFCell.getCellStyle(XSSFCell.java:483)
	at org.apache.poi.xssf.usermodel.XSSFCell.getCellStyle(XSSFCell.java:64)
	at org.apache.poi.ss.usermodel.DateUtil.isCellDateFormatted(DateUtil.java:504)
	at com.hasbrop2m.core.Xls_Reader.getCellData(Xls_Reader.java:148)
	at com.hasbrop2m.core.Utility.getData(Utility.java:61)
	at com.hasbrop2m.sanity.SanitySuite2.testDataTest(SanitySuite2.java:12751)
	at sun.reflect.NativeMethodAccessorImpl.invoke0(Native Method)
	at sun.reflect.NativeMethodAccessorImpl.invoke(NativeMethodAccessorImpl.java:62)
	at sun.reflect.DelegatingMethodAccessorImpl.invoke(DelegatingMethodAccessorImpl.java:43)
	at java.lang.reflect.Method.invoke(Method.java:498)
	at org.testng.internal.MethodInvocationHelper.invokeMethod(MethodInvocationHelper.java:124)
	at org.testng.internal.MethodInvocationHelper.invokeMethod(MethodInvocationHelper.java:74)
	at org.testng.internal.MethodInvocationHelper.invokeMethodNoCheckedException(MethodInvocationHelper.java:45)
	at org.testng.internal.MethodInvocationHelper.invokeDataProvider(MethodInvocationHelper.java:131)
	at org.testng.internal.Parameters.handleParameters(Parameters.java:706)
	at org.testng.internal.ParameterHandler.handleParameters(ParameterHandler.java:49)
	at org.testng.internal.ParameterHandler.createParameters(ParameterHandler.java:37)
	at org.testng.internal.Invoker.invokeTestMethods(Invoker.java:924)
	at org.testng.internal.TestMethodWorker.invokeTestMethods(TestMethodWorker.java:125)
	at org.testng.internal.TestMethodWorker.run(TestMethodWorker.java:109)
	at org.testng.TestRunner.privateRun(TestRunner.java:648)
	at org.testng.TestRunner.run(TestRunner.java:505)
	at org.testng.SuiteRunner.runTest(SuiteRunner.java:455)
	at org.testng.SuiteRunner.runSequentially(SuiteRunner.java:450)
	at org.testng.SuiteRunner.privateRun(SuiteRunner.java:415)
	at org.testng.SuiteRunner.run(SuiteRunner.java:364)
	at org.testng.SuiteRunnerWorker.runSuite(SuiteRunnerWorker.java:52)
	at org.testng.SuiteRunnerWorker.run(SuiteRunnerWorker.java:84)
	at org.testng.TestNG.runSuitesSequentially(TestNG.java:1208)
	at org.testng.TestNG.runSuitesLocally(TestNG.java:1137)
	at org.testng.TestNG.runSuites(TestNG.java:1049)
	at org.testng.TestNG.run(TestNG.java:1017)
	at org.apache.maven.surefire.testng.TestNGExecutor.run(TestNGExecutor.java:283)
	at org.apache.maven.surefire.testng.TestNGXmlTestSuite.execute(TestNGXmlTestSuite.java:75)
	at org.apache.maven.surefire.testng.TestNGProvider.invoke(TestNGProvider.java:120)
	at org.apache.maven.surefire.booter.ForkedBooter.invokeProviderInSameClassLoader(ForkedBooter.java:383)
	at org.apache.maven.surefire.booter.ForkedBooter.runSuitesInProcess(ForkedBooter.java:344)
	at org.apache.maven.surefire.booter.ForkedBooter.execute(ForkedBooter.java:125)
	at org.apache.maven.surefire.booter.ForkedBooter.main(ForkedBooter.java:417)
org.apache.xmlbeans.impl.values.XmlValueDisconnectedException
	at org.apache.xmlbeans.impl.values.XmlObjectBase.check_orphaned(XmlObjectBase.java:1213)
	at org.openxmlformats.schemas.spreadsheetml.x2006.main.impl.CTXfImpl.getXfId(Unknown Source)
	at org.apache.poi.xssf.model.StylesTable.getStyleAt(StylesTable.java:235)
	at org.apache.poi.xssf.usermodel.XSSFCell.getCellStyle(XSSFCell.java:483)
	at org.apache.poi.xssf.usermodel.XSSFCell.getCellStyle(XSSFCell.java:64)
	at org.apache.poi.ss.usermodel.DateUtil.isCellDateFormatted(DateUtil.java:504)
	at com.hasbrop2m.core.Xls_Reader.getCellData(Xls_Reader.java:148)
	at com.hasbrop2m.core.Utility.getData(Utility.java:61)
	at com.hasbrop2m.sanity.SanitySuite2.testDataTest(SanitySuite2.java:12751)
	at sun.reflect.NativeMethodAccessorImpl.invoke0(Native Method)
	at sun.reflect.NativeMethodAccessorImpl.invoke(NativeMethodAccessorImpl.java:62)
	at sun.reflect.DelegatingMethodAccessorImpl.invoke(DelegatingMethodAccessorImpl.java:43)
	at java.lang.reflect.Method.invoke(Method.java:498)
	at org.testng.internal.MethodInvocationHelper.invokeMethod(MethodInvocationHelper.java:124)
	at org.testng.internal.MethodInvocationHelper.invokeMethod(MethodInvocationHelper.java:74)
	at org.testng.internal.MethodInvocationHelper.invokeMethodNoCheckedException(MethodInvocationHelper.java:45)
	at org.testng.internal.MethodInvocationHelper.invokeDataProvider(MethodInvocationHelper.java:131)
	at org.testng.internal.Parameters.handleParameters(Parameters.java:706)
	at org.testng.internal.ParameterHandler.handleParameters(ParameterHandler.java:49)
	at org.testng.internal.ParameterHandler.createParameters(ParameterHandler.java:37)
	at org.testng.internal.Invoker.invokeTestMethods(Invoker.java:924)
	at org.testng.internal.TestMethodWorker.invokeTestMethods(TestMethodWorker.java:125)
	at org.testng.internal.TestMethodWorker.run(TestMethodWorker.java:109)
	at org.testng.TestRunner.privateRun(TestRunner.java:648)
	at org.testng.TestRunner.run(TestRunner.java:505)
	at org.testng.SuiteRunner.runTest(SuiteRunner.java:455)
	at org.testng.SuiteRunner.runSequentially(SuiteRunner.java:450)
	at org.testng.SuiteRunner.privateRun(SuiteRunner.java:415)
	at org.testng.SuiteRunner.run(SuiteRunner.java:364)
	at org.testng.SuiteRunnerWorker.runSuite(SuiteRunnerWorker.java:52)
	at org.testng.SuiteRunnerWorker.run(SuiteRunnerWorker.java:84)
	at org.testng.TestNG.runSuitesSequentially(TestNG.java:1208)
	at org.testng.TestNG.runSuitesLocally(TestNG.java:1137)
	at org.testng.TestNG.runSuites(TestNG.java:1049)
	at org.testng.TestNG.run(TestNG.java:1017)
	at org.apache.maven.surefire.testng.TestNGExecutor.run(TestNGExecutor.java:283)
	at org.apache.maven.surefire.testng.TestNGXmlTestSuite.execute(TestNGXmlTestSuite.java:75)
	at org.apache.maven.surefire.testng.TestNGProvider.invoke(TestNGProvider.java:120)
	at org.apache.maven.surefire.booter.ForkedBooter.invokeProviderInSameClassLoader(ForkedBooter.java:383)
	at org.apache.maven.surefire.booter.ForkedBooter.runSuitesInProcess(ForkedBooter.java:344)
	at org.apache.maven.surefire.booter.ForkedBooter.execute(ForkedBooter.java:125)
	at org.apache.maven.surefire.booter.ForkedBooter.main(ForkedBooter.java:417)
org.apache.xmlbeans.impl.values.XmlValueDisconnectedException
	at org.apache.xmlbeans.impl.values.XmlObjectBase.check_orphaned(XmlObjectBase.java:1213)
	at org.openxmlformats.schemas.spreadsheetml.x2006.main.impl.CTXfImpl.getXfId(Unknown Source)
	at org.apache.poi.xssf.model.StylesTable.getStyleAt(StylesTable.java:235)
	at org.apache.poi.xssf.usermodel.XSSFCell.getCellStyle(XSSFCell.java:483)
	at org.apache.poi.xssf.usermodel.XSSFCell.getCellStyle(XSSFCell.java:64)
	at org.apache.poi.ss.usermodel.DateUtil.isCellDateFormatted(DateUtil.java:504)
	at com.hasbrop2m.core.Xls_Reader.getCellData(Xls_Reader.java:148)
	at com.hasbrop2m.core.Utility.getData(Utility.java:61)
	at com.hasbrop2m.sanity.SanitySuite2.testDataTest(SanitySuite2.java:12751)
	at sun.reflect.NativeMethodAccessorImpl.invoke0(Native Method)
	at sun.reflect.NativeMethodAccessorImpl.invoke(NativeMethodAccessorImpl.java:62)
	at sun.reflect.DelegatingMethodAccessorImpl.invoke(DelegatingMethodAccessorImpl.java:43)
	at java.lang.reflect.Method.invoke(Method.java:498)
	at org.testng.internal.MethodInvocationHelper.invokeMethod(MethodInvocationHelper.java:124)
	at org.testng.internal.MethodInvocationHelper.invokeMethod(MethodInvocationHelper.java:74)
	at org.testng.internal.MethodInvocationHelper.invokeMethodNoCheckedException(MethodInvocationHelper.java:45)
	at org.testng.internal.MethodInvocationHelper.invokeDataProvider(MethodInvocationHelper.java:131)
	at org.testng.internal.Parameters.handleParameters(Parameters.java:706)
	at org.testng.internal.ParameterHandler.handleParameters(ParameterHandler.java:49)
	at org.testng.internal.ParameterHandler.createParameters(ParameterHandler.java:37)
	at org.testng.internal.Invoker.invokeTestMethods(Invoker.java:924)
	at org.testng.internal.TestMethodWorker.invokeTestMethods(TestMethodWorker.java:125)
	at org.testng.internal.TestMethodWorker.run(TestMethodWorker.java:109)
	at org.testng.TestRunner.privateRun(TestRunner.java:648)
	at org.testng.TestRunner.run(TestRunner.java:505)
	at org.testng.SuiteRunner.runTest(SuiteRunner.java:455)
	at org.testng.SuiteRunner.runSequentially(SuiteRunner.java:450)
	at org.testng.SuiteRunner.privateRun(SuiteRunner.java:415)
	at org.testng.SuiteRunner.run(SuiteRunner.java:364)
	at org.testng.SuiteRunnerWorker.runSuite(SuiteRunnerWorker.java:52)
	at org.testng.SuiteRunnerWorker.run(SuiteRunnerWorker.java:84)
	at org.testng.TestNG.runSuitesSequentially(TestNG.java:1208)
	at org.testng.TestNG.runSuitesLocally(TestNG.java:1137)
	at org.testng.TestNG.runSuites(TestNG.java:1049)
	at org.testng.TestNG.run(TestNG.java:1017)
	at org.apache.maven.surefire.testng.TestNGExecutor.run(TestNGExecutor.java:283)
	at org.apache.maven.surefire.testng.TestNGXmlTestSuite.execute(TestNGXmlTestSuite.java:75)
	at org.apache.maven.surefire.testng.TestNGProvider.invoke(TestNGProvider.java:120)
	at org.apache.maven.surefire.booter.ForkedBooter.invokeProviderInSameClassLoader(ForkedBooter.java:383)
	at org.apache.maven.surefire.booter.ForkedBooter.runSuitesInProcess(ForkedBooter.java:344)
	at org.apache.maven.surefire.booter.ForkedBooter.execute(ForkedBooter.java:125)
	at org.apache.maven.surefire.booter.ForkedBooter.main(ForkedBooter.java:417)
org.apache.xmlbeans.impl.values.XmlValueDisconnectedException
	at org.apache.xmlbeans.impl.values.XmlObjectBase.check_orphaned(XmlObjectBase.java:1213)
	at org.openxmlformats.schemas.spreadsheetml.x2006.main.impl.CTXfImpl.getXfId(Unknown Source)
	at org.apache.poi.xssf.model.StylesTable.getStyleAt(StylesTable.java:235)
	at org.apache.poi.xssf.usermodel.XSSFCell.getCellStyle(XSSFCell.java:483)
	at org.apache.poi.xssf.usermodel.XSSFCell.getCellStyle(XSSFCell.java:64)
	at org.apache.poi.ss.usermodel.DateUtil.isCellDateFormatted(DateUtil.java:504)
	at com.hasbrop2m.core.Xls_Reader.getCellData(Xls_Reader.java:148)
	at com.hasbrop2m.core.Utility.getData(Utility.java:61)
	at com.hasbrop2m.sanity.SanitySuite2.testDataTest(SanitySuite2.java:12751)
	at sun.reflect.NativeMethodAccessorImpl.invoke0(Native Method)
	at sun.reflect.NativeMethodAccessorImpl.invoke(NativeMethodAccessorImpl.java:62)
	at sun.reflect.DelegatingMethodAccessorImpl.invoke(DelegatingMethodAccessorImpl.java:43)
	at java.lang.reflect.Method.invoke(Method.java:498)
	at org.testng.internal.MethodInvocationHelper.invokeMethod(MethodInvocationHelper.java:124)
	at org.testng.internal.MethodInvocationHelper.invokeMethod(MethodInvocationHelper.java:74)
	at org.testng.internal.MethodInvocationHelper.invokeMethodNoCheckedException(MethodInvocationHelper.java:45)
	at org.testng.internal.MethodInvocationHelper.invokeDataProvider(MethodInvocationHelper.java:131)
	at org.testng.internal.Parameters.handleParameters(Parameters.java:706)
	at org.testng.internal.ParameterHandler.handleParameters(ParameterHandler.java:49)
	at org.testng.internal.ParameterHandler.createParameters(ParameterHandler.java:37)
	at org.testng.internal.Invoker.invokeTestMethods(Invoker.java:924)
	at org.testng.internal.TestMethodWorker.invokeTestMethods(TestMethodWorker.java:125)
	at org.testng.internal.TestMethodWorker.run(TestMethodWorker.java:109)
	at org.testng.TestRunner.privateRun(TestRunner.java:648)
	at org.testng.TestRunner.run(TestRunner.java:505)
	at org.testng.SuiteRunner.runTest(SuiteRunner.java:455)
	at org.testng.SuiteRunner.runSequentially(SuiteRunner.java:450)
	at org.testng.SuiteRunner.privateRun(SuiteRunner.java:415)
	at org.testng.SuiteRunner.run(SuiteRunner.java:364)
	at org.testng.SuiteRunnerWorker.runSuite(SuiteRunnerWorker.java:52)
	at org.testng.SuiteRunnerWorker.run(SuiteRunnerWorker.java:84)
	at org.testng.TestNG.runSuitesSequentially(TestNG.java:1208)
	at org.testng.TestNG.runSuitesLocally(TestNG.java:1137)
	at org.testng.TestNG.runSuites(TestNG.java:1049)
	at org.testng.TestNG.run(TestNG.java:1017)
	at org.apache.maven.surefire.testng.TestNGExecutor.run(TestNGExecutor.java:283)
	at org.apache.maven.surefire.testng.TestNGXmlTestSuite.execute(TestNGXmlTestSuite.java:75)
	at org.apache.maven.surefire.testng.TestNGProvider.invoke(TestNGProvider.java:120)
	at org.apache.maven.surefire.booter.ForkedBooter.invokeProviderInSameClassLoader(ForkedBooter.java:383)
	at org.apache.maven.surefire.booter.ForkedBooter.runSuitesInProcess(ForkedBooter.java:344)
	at org.apache.maven.surefire.booter.ForkedBooter.execute(ForkedBooter.java:125)
	at org.apache.maven.surefire.booter.ForkedBooter.main(ForkedBooter.java:417)
org.apache.xmlbeans.impl.values.XmlValueDisconnectedException
	at org.apache.xmlbeans.impl.values.XmlObjectBase.check_orphaned(XmlObjectBase.java:1213)
	at org.openxmlformats.schemas.spreadsheetml.x2006.main.impl.CTXfImpl.getXfId(Unknown Source)
	at org.apache.poi.xssf.model.StylesTable.getStyleAt(StylesTable.java:235)
	at org.apache.poi.xssf.usermodel.XSSFCell.getCellStyle(XSSFCell.java:483)
	at org.apache.poi.xssf.usermodel.XSSFCell.getCellStyle(XSSFCell.java:64)
	at org.apache.poi.ss.usermodel.DateUtil.isCellDateFormatted(DateUtil.java:504)
	at com.hasbrop2m.core.Xls_Reader.getCellData(Xls_Reader.java:148)
	at com.hasbrop2m.core.Utility.getData(Utility.java:61)
	at com.hasbrop2m.sanity.SanitySuite2.testDataTest(SanitySuite2.java:12751)
	at sun.reflect.NativeMethodAccessorImpl.invoke0(Native Method)
	at sun.reflect.NativeMethodAccessorImpl.invoke(NativeMethodAccessorImpl.java:62)
	at sun.reflect.DelegatingMethodAccessorImpl.invoke(DelegatingMethodAccessorImpl.java:43)
	at java.lang.reflect.Method.invoke(Method.java:498)
	at org.testng.internal.MethodInvocationHelper.invokeMethod(MethodInvocationHelper.java:124)
	at org.testng.internal.MethodInvocationHelper.invokeMethod(MethodInvocationHelper.java:74)
	at org.testng.internal.MethodInvocationHelper.invokeMethodNoCheckedException(MethodInvocationHelper.java:45)
	at org.testng.internal.MethodInvocationHelper.invokeDataProvider(MethodInvocationHelper.java:131)
	at org.testng.internal.Parameters.handleParameters(Parameters.java:706)
	at org.testng.internal.ParameterHandler.handleParameters(ParameterHandler.java:49)
	at org.testng.internal.ParameterHandler.createParameters(ParameterHandler.java:37)
	at org.testng.internal.Invoker.invokeTestMethods(Invoker.java:924)
	at org.testng.internal.TestMethodWorker.invokeTestMethods(TestMethodWorker.java:125)
	at org.testng.internal.TestMethodWorker.run(TestMethodWorker.java:109)
	at org.testng.TestRunner.privateRun(TestRunner.java:648)
	at org.testng.TestRunner.run(TestRunner.java:505)
	at org.testng.SuiteRunner.runTest(SuiteRunner.java:455)
	at org.testng.SuiteRunner.runSequentially(SuiteRunner.java:450)
	at org.testng.SuiteRunner.privateRun(SuiteRunner.java:415)
	at org.testng.SuiteRunner.run(SuiteRunner.java:364)
	at org.testng.SuiteRunnerWorker.runSuite(SuiteRunnerWorker.java:52)
	at org.testng.SuiteRunnerWorker.run(SuiteRunnerWorker.java:84)
	at org.testng.TestNG.runSuitesSequentially(TestNG.java:1208)
	at org.testng.TestNG.runSuitesLocally(TestNG.java:1137)
	at org.testng.TestNG.runSuites(TestNG.java:1049)
	at org.testng.TestNG.run(TestNG.java:1017)
	at org.apache.maven.surefire.testng.TestNGExecutor.run(TestNGExecutor.java:283)
	at org.apache.maven.surefire.testng.TestNGXmlTestSuite.execute(TestNGXmlTestSuite.java:75)
	at org.apache.maven.surefire.testng.TestNGProvider.invoke(TestNGProvider.java:120)
	at org.apache.maven.surefire.booter.ForkedBooter.invokeProviderInSameClassLoader(ForkedBooter.java:383)
	at org.apache.maven.surefire.booter.ForkedBooter.runSuitesInProcess(ForkedBooter.java:344)
	at org.apache.maven.surefire.booter.ForkedBooter.execute(ForkedBooter.java:125)
	at org.apache.maven.surefire.booter.ForkedBooter.main(ForkedBooter.java:417)
org.apache.xmlbeans.impl.values.XmlValueDisconnectedException
	at org.apache.xmlbeans.impl.values.XmlObjectBase.check_orphaned(XmlObjectBase.java:1213)
	at org.openxmlformats.schemas.spreadsheetml.x2006.main.impl.CTXfImpl.getXfId(Unknown Source)
	at org.apache.poi.xssf.model.StylesTable.getStyleAt(StylesTable.java:235)
	at org.apache.poi.xssf.usermodel.XSSFCell.getCellStyle(XSSFCell.java:483)
	at org.apache.poi.xssf.usermodel.XSSFCell.getCellStyle(XSSFCell.java:64)
	at org.apache.poi.ss.usermodel.DateUtil.isCellDateFormatted(DateUtil.java:504)
	at com.hasbrop2m.core.Xls_Reader.getCellData(Xls_Reader.java:148)
	at com.hasbrop2m.core.Utility.getData(Utility.java:61)
	at com.hasbrop2m.sanity.SanitySuite2.testDataTest(SanitySuite2.java:12751)
	at sun.reflect.NativeMethodAccessorImpl.invoke0(Native Method)
	at sun.reflect.NativeMethodAccessorImpl.invoke(NativeMethodAccessorImpl.java:62)
	at sun.reflect.DelegatingMethodAccessorImpl.invoke(DelegatingMethodAccessorImpl.java:43)
	at java.lang.reflect.Method.invoke(Method.java:498)
	at org.testng.internal.MethodInvocationHelper.invokeMethod(MethodInvocationHelper.java:124)
	at org.testng.internal.MethodInvocationHelper.invokeMethod(MethodInvocationHelper.java:74)
	at org.testng.internal.MethodInvocationHelper.invokeMethodNoCheckedException(MethodInvocationHelper.java:45)
	at org.testng.internal.MethodInvocationHelper.invokeDataProvider(MethodInvocationHelper.java:131)
	at org.testng.internal.Parameters.handleParameters(Parameters.java:706)
	at org.testng.internal.ParameterHandler.handleParameters(ParameterHandler.java:49)
	at org.testng.internal.ParameterHandler.createParameters(ParameterHandler.java:37)
	at org.testng.internal.Invoker.invokeTestMethods(Invoker.java:924)
	at org.testng.internal.TestMethodWorker.invokeTestMethods(TestMethodWorker.java:125)
	at org.testng.internal.TestMethodWorker.run(TestMethodWorker.java:109)
	at org.testng.TestRunner.privateRun(TestRunner.java:648)
	at org.testng.TestRunner.run(TestRunner.java:505)
	at org.testng.SuiteRunner.runTest(SuiteRunner.java:455)
	at org.testng.SuiteRunner.runSequentially(SuiteRunner.java:450)
	at org.testng.SuiteRunner.privateRun(SuiteRunner.java:415)
	at org.testng.SuiteRunner.run(SuiteRunner.java:364)
	at org.testng.SuiteRunnerWorker.runSuite(SuiteRunnerWorker.java:52)
	at org.testng.SuiteRunnerWorker.run(SuiteRunnerWorker.java:84)
	at org.testng.TestNG.runSuitesSequentially(TestNG.java:1208)
	at org.testng.TestNG.runSuitesLocally(TestNG.java:1137)
	at org.testng.TestNG.runSuites(TestNG.java:1049)
	at org.testng.TestNG.run(TestNG.java:1017)
	at org.apache.maven.surefire.testng.TestNGExecutor.run(TestNGExecutor.java:283)
	at org.apache.maven.surefire.testng.TestNGXmlTestSuite.execute(TestNGXmlTestSuite.java:75)
	at org.apache.maven.surefire.testng.TestNGProvider.invoke(TestNGProvider.java:120)
	at org.apache.maven.surefire.booter.ForkedBooter.invokeProviderInSameClassLoader(ForkedBooter.java:383)
	at org.apache.maven.surefire.booter.ForkedBooter.runSuitesInProcess(ForkedBooter.java:344)
	at org.apache.maven.surefire.booter.ForkedBooter.execute(ForkedBooter.java:125)
	at org.apache.maven.surefire.booter.ForkedBooter.main(ForkedBooter.java:417)
org.apache.xmlbeans.impl.values.XmlValueDisconnectedException
	at org.apache.xmlbeans.impl.values.XmlObjectBase.check_orphaned(XmlObjectBase.java:1213)
	at org.openxmlformats.schemas.spreadsheetml.x2006.main.impl.CTXfImpl.getXfId(Unknown Source)
	at org.apache.poi.xssf.model.StylesTable.getStyleAt(StylesTable.java:235)
	at org.apache.poi.xssf.usermodel.XSSFCell.getCellStyle(XSSFCell.java:483)
	at org.apache.poi.xssf.usermodel.XSSFCell.getCellStyle(XSSFCell.java:64)
	at org.apache.poi.ss.usermodel.DateUtil.isCellDateFormatted(DateUtil.java:504)
	at com.hasbrop2m.core.Xls_Reader.getCellData(Xls_Reader.java:148)
	at com.hasbrop2m.core.Utility.getData(Utility.java:61)
	at com.hasbrop2m.sanity.SanitySuite2.testDataTest(SanitySuite2.java:12751)
	at sun.reflect.NativeMethodAccessorImpl.invoke0(Native Method)
	at sun.reflect.NativeMethodAccessorImpl.invoke(NativeMethodAccessorImpl.java:62)
	at sun.reflect.DelegatingMethodAccessorImpl.invoke(DelegatingMethodAccessorImpl.java:43)
	at java.lang.reflect.Method.invoke(Method.java:498)
	at org.testng.internal.MethodInvocationHelper.invokeMethod(MethodInvocationHelper.java:124)
	at org.testng.internal.MethodInvocationHelper.invokeMethod(MethodInvocationHelper.java:74)
	at org.testng.internal.MethodInvocationHelper.invokeMethodNoCheckedException(MethodInvocationHelper.java:45)
	at org.testng.internal.MethodInvocationHelper.invokeDataProvider(MethodInvocationHelper.java:131)
	at org.testng.internal.Parameters.handleParameters(Parameters.java:706)
	at org.testng.internal.ParameterHandler.handleParameters(ParameterHandler.java:49)
	at org.testng.internal.ParameterHandler.createParameters(ParameterHandler.java:37)
	at org.testng.internal.Invoker.invokeTestMethods(Invoker.java:924)
	at org.testng.internal.TestMethodWorker.invokeTestMethods(TestMethodWorker.java:125)
	at org.testng.internal.TestMethodWorker.run(TestMethodWorker.java:109)
	at org.testng.TestRunner.privateRun(TestRunner.java:648)
	at org.testng.TestRunner.run(TestRunner.java:505)
	at org.testng.SuiteRunner.runTest(SuiteRunner.java:455)
	at org.testng.SuiteRunner.runSequentially(SuiteRunner.java:450)
	at org.testng.SuiteRunner.privateRun(SuiteRunner.java:415)
	at org.testng.SuiteRunner.run(SuiteRunner.java:364)
	at org.testng.SuiteRunnerWorker.runSuite(SuiteRunnerWorker.java:52)
	at org.testng.SuiteRunnerWorker.run(SuiteRunnerWorker.java:84)
	at org.testng.TestNG.runSuitesSequentially(TestNG.java:1208)
	at org.testng.TestNG.runSuitesLocally(TestNG.java:1137)
	at org.testng.TestNG.runSuites(TestNG.java:1049)
	at org.testng.TestNG.run(TestNG.java:1017)
	at org.apache.maven.surefire.testng.TestNGExecutor.run(TestNGExecutor.java:283)
	at org.apache.maven.surefire.testng.TestNGXmlTestSuite.execute(TestNGXmlTestSuite.java:75)
	at org.apache.maven.surefire.testng.TestNGProvider.invoke(TestNGProvider.java:120)
	at org.apache.maven.surefire.booter.ForkedBooter.invokeProviderInSameClassLoader(ForkedBooter.java:383)
	at org.apache.maven.surefire.booter.ForkedBooter.runSuitesInProcess(ForkedBooter.java:344)
	at org.apache.maven.surefire.booter.ForkedBooter.execute(ForkedBooter.java:125)
	at org.apache.maven.surefire.booter.ForkedBooter.main(ForkedBooter.java:417)
org.apache.xmlbeans.impl.values.XmlValueDisconnectedException
	at org.apache.xmlbeans.impl.values.XmlObjectBase.check_orphaned(XmlObjectBase.java:1213)
	at org.openxmlformats.schemas.spreadsheetml.x2006.main.impl.CTXfImpl.getXfId(Unknown Source)
	at org.apache.poi.xssf.model.StylesTable.getStyleAt(StylesTable.java:235)
	at org.apache.poi.xssf.usermodel.XSSFCell.getCellStyle(XSSFCell.java:483)
	at org.apache.poi.xssf.usermodel.XSSFCell.getCellStyle(XSSFCell.java:64)
	at org.apache.poi.ss.usermodel.DateUtil.isCellDateFormatted(DateUtil.java:504)
	at com.hasbrop2m.core.Xls_Reader.getCellData(Xls_Reader.java:148)
	at com.hasbrop2m.core.Utility.getData(Utility.java:61)
	at com.hasbrop2m.sanity.SanitySuite2.testDataTest(SanitySuite2.java:12751)
	at sun.reflect.NativeMethodAccessorImpl.invoke0(Native Method)
	at sun.reflect.NativeMethodAccessorImpl.invoke(NativeMethodAccessorImpl.java:62)
	at sun.reflect.DelegatingMethodAccessorImpl.invoke(DelegatingMethodAccessorImpl.java:43)
	at java.lang.reflect.Method.invoke(Method.java:498)
	at org.testng.internal.MethodInvocationHelper.invokeMethod(MethodInvocationHelper.java:124)
	at org.testng.internal.MethodInvocationHelper.invokeMethod(MethodInvocationHelper.java:74)
	at org.testng.internal.MethodInvocationHelper.invokeMethodNoCheckedException(MethodInvocationHelper.java:45)
	at org.testng.internal.MethodInvocationHelper.invokeDataProvider(MethodInvocationHelper.java:131)
	at org.testng.internal.Parameters.handleParameters(Parameters.java:706)
	at org.testng.internal.ParameterHandler.handleParameters(ParameterHandler.java:49)
	at org.testng.internal.ParameterHandler.createParameters(ParameterHandler.java:37)
	at org.testng.internal.Invoker.invokeTestMethods(Invoker.java:924)
	at org.testng.internal.TestMethodWorker.invokeTestMethods(TestMethodWorker.java:125)
	at org.testng.internal.TestMethodWorker.run(TestMethodWorker.java:109)
	at org.testng.TestRunner.privateRun(TestRunner.java:648)
	at org.testng.TestRunner.run(TestRunner.java:505)
	at org.testng.SuiteRunner.runTest(SuiteRunner.java:455)
	at org.testng.SuiteRunner.runSequentially(SuiteRunner.java:450)
	at org.testng.SuiteRunner.privateRun(SuiteRunner.java:415)
	at org.testng.SuiteRunner.run(SuiteRunner.java:364)
	at org.testng.SuiteRunnerWorker.runSuite(SuiteRunnerWorker.java:52)
	at org.testng.SuiteRunnerWorker.run(SuiteRunnerWorker.java:84)
	at org.testng.TestNG.runSuitesSequentially(TestNG.java:1208)
	at org.testng.TestNG.runSuitesLocally(TestNG.java:1137)
	at org.testng.TestNG.runSuites(TestNG.java:1049)
	at org.testng.TestNG.run(TestNG.java:1017)
	at org.apache.maven.surefire.testng.TestNGExecutor.run(TestNGExecutor.java:283)
	at org.apache.maven.surefire.testng.TestNGXmlTestSuite.execute(TestNGXmlTestSuite.java:75)
	at org.apache.maven.surefire.testng.TestNGProvider.invoke(TestNGProvider.java:120)
	at org.apache.maven.surefire.booter.ForkedBooter.invokeProviderInSameClassLoader(ForkedBooter.java:383)
	at org.apache.maven.surefire.booter.ForkedBooter.runSuitesInProcess(ForkedBooter.java:344)
	at org.apache.maven.surefire.booter.ForkedBooter.execute(ForkedBooter.java:125)
	at org.apache.maven.surefire.booter.ForkedBooter.main(ForkedBooter.java:417)
org.apache.xmlbeans.impl.values.XmlValueDisconnectedException
	at org.apache.xmlbeans.impl.values.XmlObjectBase.check_orphaned(XmlObjectBase.java:1213)
	at org.openxmlformats.schemas.spreadsheetml.x2006.main.impl.CTXfImpl.getXfId(Unknown Source)
	at org.apache.poi.xssf.model.StylesTable.getStyleAt(StylesTable.java:235)
	at org.apache.poi.xssf.usermodel.XSSFCell.getCellStyle(XSSFCell.java:483)
	at org.apache.poi.xssf.usermodel.XSSFCell.getCellStyle(XSSFCell.java:64)
	at org.apache.poi.ss.usermodel.DateUtil.isCellDateFormatted(DateUtil.java:504)
	at com.hasbrop2m.core.Xls_Reader.getCellData(Xls_Reader.java:148)
	at com.hasbrop2m.core.Utility.getData(Utility.java:61)
	at com.hasbrop2m.sanity.SanitySuite2.testDataTest(SanitySuite2.java:12751)
	at sun.reflect.NativeMethodAccessorImpl.invoke0(Native Method)
	at sun.reflect.NativeMethodAccessorImpl.invoke(NativeMethodAccessorImpl.java:62)
	at sun.reflect.DelegatingMethodAccessorImpl.invoke(DelegatingMethodAccessorImpl.java:43)
	at java.lang.reflect.Method.invoke(Method.java:498)
	at org.testng.internal.MethodInvocationHelper.invokeMethod(MethodInvocationHelper.java:124)
	at org.testng.internal.MethodInvocationHelper.invokeMethod(MethodInvocationHelper.java:74)
	at org.testng.internal.MethodInvocationHelper.invokeMethodNoCheckedException(MethodInvocationHelper.java:45)
	at org.testng.internal.MethodInvocationHelper.invokeDataProvider(MethodInvocationHelper.java:131)
	at org.testng.internal.Parameters.handleParameters(Parameters.java:706)
	at org.testng.internal.ParameterHandler.handleParameters(ParameterHandler.java:49)
	at org.testng.internal.ParameterHandler.createParameters(ParameterHandler.java:37)
	at org.testng.internal.Invoker.invokeTestMethods(Invoker.java:924)
	at org.testng.internal.TestMethodWorker.invokeTestMethods(TestMethodWorker.java:125)
	at org.testng.internal.TestMethodWorker.run(TestMethodWorker.java:109)
	at org.testng.TestRunner.privateRun(TestRunner.java:648)
	at org.testng.TestRunner.run(TestRunner.java:505)
	at org.testng.SuiteRunner.runTest(SuiteRunner.java:455)
	at org.testng.SuiteRunner.runSequentially(SuiteRunner.java:450)
	at org.testng.SuiteRunner.privateRun(SuiteRunner.java:415)
	at org.testng.SuiteRunner.run(SuiteRunner.java:364)
	at org.testng.SuiteRunnerWorker.runSuite(SuiteRunnerWorker.java:52)
	at org.testng.SuiteRunnerWorker.run(SuiteRunnerWorker.java:84)
	at org.testng.TestNG.runSuitesSequentially(TestNG.java:1208)
	at org.testng.TestNG.runSuitesLocally(TestNG.java:1137)
	at org.testng.TestNG.runSuites(TestNG.java:1049)
	at org.testng.TestNG.run(TestNG.java:1017)
	at org.apache.maven.surefire.testng.TestNGExecutor.run(TestNGExecutor.java:283)
	at org.apache.maven.surefire.testng.TestNGXmlTestSuite.execute(TestNGXmlTestSuite.java:75)
	at org.apache.maven.surefire.testng.TestNGProvider.invoke(TestNGProvider.java:120)
	at org.apache.maven.surefire.booter.ForkedBooter.invokeProviderInSameClassLoader(ForkedBooter.java:383)
	at org.apache.maven.surefire.booter.ForkedBooter.runSuitesInProcess(ForkedBooter.java:344)
	at org.apache.maven.surefire.booter.ForkedBooter.execute(ForkedBooter.java:125)
	at org.apache.maven.surefire.booter.ForkedBooter.main(ForkedBooter.java:417)
org.apache.xmlbeans.impl.values.XmlValueDisconnectedException
	at org.apache.xmlbeans.impl.values.XmlObjectBase.check_orphaned(XmlObjectBase.java:1213)
	at org.openxmlformats.schemas.spreadsheetml.x2006.main.impl.CTXfImpl.getXfId(Unknown Source)
	at org.apache.poi.xssf.model.StylesTable.getStyleAt(StylesTable.java:235)
	at org.apache.poi.xssf.usermodel.XSSFCell.getCellStyle(XSSFCell.java:483)
	at org.apache.poi.xssf.usermodel.XSSFCell.getCellStyle(XSSFCell.java:64)
	at org.apache.poi.ss.usermodel.DateUtil.isCellDateFormatted(DateUtil.java:504)
	at com.hasbrop2m.core.Xls_Reader.getCellData(Xls_Reader.java:148)
	at com.hasbrop2m.core.Utility.getData(Utility.java:61)
	at com.hasbrop2m.sanity.SanitySuite2.testDataTest(SanitySuite2.java:12751)
	at sun.reflect.NativeMethodAccessorImpl.invoke0(Native Method)
	at sun.reflect.NativeMethodAccessorImpl.invoke(NativeMethodAccessorImpl.java:62)
	at sun.reflect.DelegatingMethodAccessorImpl.invoke(DelegatingMethodAccessorImpl.java:43)
	at java.lang.reflect.Method.invoke(Method.java:498)
	at org.testng.internal.MethodInvocationHelper.invokeMethod(MethodInvocationHelper.java:124)
	at org.testng.internal.MethodInvocationHelper.invokeMethod(MethodInvocationHelper.java:74)
	at org.testng.internal.MethodInvocationHelper.invokeMethodNoCheckedException(MethodInvocationHelper.java:45)
	at org.testng.internal.MethodInvocationHelper.invokeDataProvider(MethodInvocationHelper.java:131)
	at org.testng.internal.Parameters.handleParameters(Parameters.java:706)
	at org.testng.internal.ParameterHandler.handleParameters(ParameterHandler.java:49)
	at org.testng.internal.ParameterHandler.createParameters(ParameterHandler.java:37)
	at org.testng.internal.Invoker.invokeTestMethods(Invoker.java:924)
	at org.testng.internal.TestMethodWorker.invokeTestMethods(TestMethodWorker.java:125)
	at org.testng.internal.TestMethodWorker.run(TestMethodWorker.java:109)
	at org.testng.TestRunner.privateRun(TestRunner.java:648)
	at org.testng.TestRunner.run(TestRunner.java:505)
	at org.testng.SuiteRunner.runTest(SuiteRunner.java:455)
	at org.testng.SuiteRunner.runSequentially(SuiteRunner.java:450)
	at org.testng.SuiteRunner.privateRun(SuiteRunner.java:415)
	at org.testng.SuiteRunner.run(SuiteRunner.java:364)
	at org.testng.SuiteRunnerWorker.runSuite(SuiteRunnerWorker.java:52)
	at org.testng.SuiteRunnerWorker.run(SuiteRunnerWorker.java:84)
	at org.testng.TestNG.runSuitesSequentially(TestNG.java:1208)
	at org.testng.TestNG.runSuitesLocally(TestNG.java:1137)
	at org.testng.TestNG.runSuites(TestNG.java:1049)
	at org.testng.TestNG.run(TestNG.java:1017)
	at org.apache.maven.surefire.testng.TestNGExecutor.run(TestNGExecutor.java:283)
	at org.apache.maven.surefire.testng.TestNGXmlTestSuite.execute(TestNGXmlTestSuite.java:75)
	at org.apache.maven.surefire.testng.TestNGProvider.invoke(TestNGProvider.java:120)
	at org.apache.maven.surefire.booter.ForkedBooter.invokeProviderInSameClassLoader(ForkedBooter.java:383)
	at org.apache.maven.surefire.booter.ForkedBooter.runSuitesInProcess(ForkedBooter.java:344)
	at org.apache.maven.surefire.booter.ForkedBooter.execute(ForkedBooter.java:125)
	at org.apache.maven.surefire.booter.ForkedBooter.main(ForkedBooter.java:417)
org.apache.xmlbeans.impl.values.XmlValueDisconnectedException
	at org.apache.xmlbeans.impl.values.XmlObjectBase.check_orphaned(XmlObjectBase.java:1213)
	at org.openxmlformats.schemas.spreadsheetml.x2006.main.impl.CTXfImpl.getXfId(Unknown Source)
	at org.apache.poi.xssf.model.StylesTable.getStyleAt(StylesTable.java:235)
	at org.apache.poi.xssf.usermodel.XSSFCell.getCellStyle(XSSFCell.java:483)
	at org.apache.poi.xssf.usermodel.XSSFCell.getCellStyle(XSSFCell.java:64)
	at org.apache.poi.ss.usermodel.DateUtil.isCellDateFormatted(DateUtil.java:504)
	at com.hasbrop2m.core.Xls_Reader.getCellData(Xls_Reader.java:148)
	at com.hasbrop2m.core.Utility.getData(Utility.java:61)
	at com.hasbrop2m.sanity.SanitySuite2.testDataTest(SanitySuite2.java:12751)
	at sun.reflect.NativeMethodAccessorImpl.invoke0(Native Method)
	at sun.reflect.NativeMethodAccessorImpl.invoke(NativeMethodAccessorImpl.java:62)
	at sun.reflect.DelegatingMethodAccessorImpl.invoke(DelegatingMethodAccessorImpl.java:43)
	at java.lang.reflect.Method.invoke(Method.java:498)
	at org.testng.internal.MethodInvocationHelper.invokeMethod(MethodInvocationHelper.java:124)
	at org.testng.internal.MethodInvocationHelper.invokeMethod(MethodInvocationHelper.java:74)
	at org.testng.internal.MethodInvocationHelper.invokeMethodNoCheckedException(MethodInvocationHelper.java:45)
	at org.testng.internal.MethodInvocationHelper.invokeDataProvider(MethodInvocationHelper.java:131)
	at org.testng.internal.Parameters.handleParameters(Parameters.java:706)
	at org.testng.internal.ParameterHandler.handleParameters(ParameterHandler.java:49)
	at org.testng.internal.ParameterHandler.createParameters(ParameterHandler.java:37)
	at org.testng.internal.Invoker.invokeTestMethods(Invoker.java:924)
	at org.testng.internal.TestMethodWorker.invokeTestMethods(TestMethodWorker.java:125)
	at org.testng.internal.TestMethodWorker.run(TestMethodWorker.java:109)
	at org.testng.TestRunner.privateRun(TestRunner.java:648)
	at org.testng.TestRunner.run(TestRunner.java:505)
	at org.testng.SuiteRunner.runTest(SuiteRunner.java:455)
	at org.testng.SuiteRunner.runSequentially(SuiteRunner.java:450)
	at org.testng.SuiteRunner.privateRun(SuiteRunner.java:415)
	at org.testng.SuiteRunner.run(SuiteRunner.java:364)
	at org.testng.SuiteRunnerWorker.runSuite(SuiteRunnerWorker.java:52)
	at org.testng.SuiteRunnerWorker.run(SuiteRunnerWorker.java:84)
	at org.testng.TestNG.runSuitesSequentially(TestNG.java:1208)
	at org.testng.TestNG.runSuitesLocally(TestNG.java:1137)
	at org.testng.TestNG.runSuites(TestNG.java:1049)
	at org.testng.TestNG.run(TestNG.java:1017)
	at org.apache.maven.surefire.testng.TestNGExecutor.run(TestNGExecutor.java:283)
	at org.apache.maven.surefire.testng.TestNGXmlTestSuite.execute(TestNGXmlTestSuite.java:75)
	at org.apache.maven.surefire.testng.TestNGProvider.invoke(TestNGProvider.java:120)
	at org.apache.maven.surefire.booter.ForkedBooter.invokeProviderInSameClassLoader(ForkedBooter.java:383)
	at org.apache.maven.surefire.booter.ForkedBooter.runSuitesInProcess(ForkedBooter.java:344)
	at org.apache.maven.surefire.booter.ForkedBooter.execute(ForkedBooter.java:125)
	at org.apache.maven.surefire.booter.ForkedBooter.main(ForkedBooter.java:417)
org.apache.xmlbeans.impl.values.XmlValueDisconnectedException
	at org.apache.xmlbeans.impl.values.XmlObjectBase.check_orphaned(XmlObjectBase.java:1213)
	at org.openxmlformats.schemas.spreadsheetml.x2006.main.impl.CTXfImpl.getXfId(Unknown Source)
	at org.apache.poi.xssf.model.StylesTable.getStyleAt(StylesTable.java:235)
	at org.apache.poi.xssf.usermodel.XSSFCell.getCellStyle(XSSFCell.java:483)
	at org.apache.poi.xssf.usermodel.XSSFCell.getCellStyle(XSSFCell.java:64)
	at org.apache.poi.ss.usermodel.DateUtil.isCellDateFormatted(DateUtil.java:504)
	at com.hasbrop2m.core.Xls_Reader.getCellData(Xls_Reader.java:148)
	at com.hasbrop2m.core.Utility.getData(Utility.java:61)
	at com.hasbrop2m.sanity.SanitySuite2.testDataTest(SanitySuite2.java:12751)
	at sun.reflect.NativeMethodAccessorImpl.invoke0(Native Method)
	at sun.reflect.NativeMethodAccessorImpl.invoke(NativeMethodAccessorImpl.java:62)
	at sun.reflect.DelegatingMethodAccessorImpl.invoke(DelegatingMethodAccessorImpl.java:43)
	at java.lang.reflect.Method.invoke(Method.java:498)
	at org.testng.internal.MethodInvocationHelper.invokeMethod(MethodInvocationHelper.java:124)
	at org.testng.internal.MethodInvocationHelper.invokeMethod(MethodInvocationHelper.java:74)
	at org.testng.internal.MethodInvocationHelper.invokeMethodNoCheckedException(MethodInvocationHelper.java:45)
	at org.testng.internal.MethodInvocationHelper.invokeDataProvider(MethodInvocationHelper.java:131)
	at org.testng.internal.Parameters.handleParameters(Parameters.java:706)
	at org.testng.internal.ParameterHandler.handleParameters(ParameterHandler.java:49)
	at org.testng.internal.ParameterHandler.createParameters(ParameterHandler.java:37)
	at org.testng.internal.Invoker.invokeTestMethods(Invoker.java:924)
	at org.testng.internal.TestMethodWorker.invokeTestMethods(TestMethodWorker.java:125)
	at org.testng.internal.TestMethodWorker.run(TestMethodWorker.java:109)
	at org.testng.TestRunner.privateRun(TestRunner.java:648)
	at org.testng.TestRunner.run(TestRunner.java:505)
	at org.testng.SuiteRunner.runTest(SuiteRunner.java:455)
	at org.testng.SuiteRunner.runSequentially(SuiteRunner.java:450)
	at org.testng.SuiteRunner.privateRun(SuiteRunner.java:415)
	at org.testng.SuiteRunner.run(SuiteRunner.java:364)
	at org.testng.SuiteRunnerWorker.runSuite(SuiteRunnerWorker.java:52)
	at org.testng.SuiteRunnerWorker.run(SuiteRunnerWorker.java:84)
	at org.testng.TestNG.runSuitesSequentially(TestNG.java:1208)
	at org.testng.TestNG.runSuitesLocally(TestNG.java:1137)
	at org.testng.TestNG.runSuites(TestNG.java:1049)
	at org.testng.TestNG.run(TestNG.java:1017)
	at org.apache.maven.surefire.testng.TestNGExecutor.run(TestNGExecutor.java:283)
	at org.apache.maven.surefire.testng.TestNGXmlTestSuite.execute(TestNGXmlTestSuite.java:75)
	at org.apache.maven.surefire.testng.TestNGProvider.invoke(TestNGProvider.java:120)
	at org.apache.maven.surefire.booter.ForkedBooter.invokeProviderInSameClassLoader(ForkedBooter.java:383)
	at org.apache.maven.surefire.booter.ForkedBooter.runSuitesInProcess(ForkedBooter.java:344)
	at org.apache.maven.surefire.booter.ForkedBooter.execute(ForkedBooter.java:125)
	at org.apache.maven.surefire.booter.ForkedBooter.main(ForkedBooter.java:417)
org.apache.xmlbeans.impl.values.XmlValueDisconnectedException
	at org.apache.xmlbeans.impl.values.XmlObjectBase.check_orphaned(XmlObjectBase.java:1213)
	at org.openxmlformats.schemas.spreadsheetml.x2006.main.impl.CTXfImpl.getXfId(Unknown Source)
	at org.apache.poi.xssf.model.StylesTable.getStyleAt(StylesTable.java:235)
	at org.apache.poi.xssf.usermodel.XSSFCell.getCellStyle(XSSFCell.java:483)
	at org.apache.poi.xssf.usermodel.XSSFCell.getCellStyle(XSSFCell.java:64)
	at org.apache.poi.ss.usermodel.DateUtil.isCellDateFormatted(DateUtil.java:504)
	at com.hasbrop2m.core.Xls_Reader.getCellData(Xls_Reader.java:148)
	at com.hasbrop2m.core.Utility.getData(Utility.java:61)
	at com.hasbrop2m.sanity.SanitySuite2.testDataTest(SanitySuite2.java:12751)
	at sun.reflect.NativeMethodAccessorImpl.invoke0(Native Method)
	at sun.reflect.NativeMethodAccessorImpl.invoke(NativeMethodAccessorImpl.java:62)
	at sun.reflect.DelegatingMethodAccessorImpl.invoke(DelegatingMethodAccessorImpl.java:43)
	at java.lang.reflect.Method.invoke(Method.java:498)
	at org.testng.internal.MethodInvocationHelper.invokeMethod(MethodInvocationHelper.java:124)
	at org.testng.internal.MethodInvocationHelper.invokeMethod(MethodInvocationHelper.java:74)
	at org.testng.internal.MethodInvocationHelper.invokeMethodNoCheckedException(MethodInvocationHelper.java:45)
	at org.testng.internal.MethodInvocationHelper.invokeDataProvider(MethodInvocationHelper.java:131)
	at org.testng.internal.Parameters.handleParameters(Parameters.java:706)
	at org.testng.internal.ParameterHandler.handleParameters(ParameterHandler.java:49)
	at org.testng.internal.ParameterHandler.createParameters(ParameterHandler.java:37)
	at org.testng.internal.Invoker.invokeTestMethods(Invoker.java:924)
	at org.testng.internal.TestMethodWorker.invokeTestMethods(TestMethodWorker.java:125)
	at org.testng.internal.TestMethodWorker.run(TestMethodWorker.java:109)
	at org.testng.TestRunner.privateRun(TestRunner.java:648)
	at org.testng.TestRunner.run(TestRunner.java:505)
	at org.testng.SuiteRunner.runTest(SuiteRunner.java:455)
	at org.testng.SuiteRunner.runSequentially(SuiteRunner.java:450)
	at org.testng.SuiteRunner.privateRun(SuiteRunner.java:415)
	at org.testng.SuiteRunner.run(SuiteRunner.java:364)
	at org.testng.SuiteRunnerWorker.runSuite(SuiteRunnerWorker.java:52)
	at org.testng.SuiteRunnerWorker.run(SuiteRunnerWorker.java:84)
	at org.testng.TestNG.runSuitesSequentially(TestNG.java:1208)
	at org.testng.TestNG.runSuitesLocally(TestNG.java:1137)
	at org.testng.TestNG.runSuites(TestNG.java:1049)
	at org.testng.TestNG.run(TestNG.java:1017)
	at org.apache.maven.surefire.testng.TestNGExecutor.run(TestNGExecutor.java:283)
	at org.apache.maven.surefire.testng.TestNGXmlTestSuite.execute(TestNGXmlTestSuite.java:75)
	at org.apache.maven.surefire.testng.TestNGProvider.invoke(TestNGProvider.java:120)
	at org.apache.maven.surefire.booter.ForkedBooter.invokeProviderInSameClassLoader(ForkedBooter.java:383)
	at org.apache.maven.surefire.booter.ForkedBooter.runSuitesInProcess(ForkedBooter.java:344)
	at org.apache.maven.surefire.booter.ForkedBooter.execute(ForkedBooter.java:125)
	at org.apache.maven.surefire.booter.ForkedBooter.main(ForkedBooter.java:417)
org.apache.xmlbeans.impl.values.XmlValueDisconnectedException
	at org.apache.xmlbeans.impl.values.XmlObjectBase.check_orphaned(XmlObjectBase.java:1213)
	at org.openxmlformats.schemas.spreadsheetml.x2006.main.impl.CTXfImpl.getXfId(Unknown Source)
	at org.apache.poi.xssf.model.StylesTable.getStyleAt(StylesTable.java:235)
	at org.apache.poi.xssf.usermodel.XSSFCell.getCellStyle(XSSFCell.java:483)
	at org.apache.poi.xssf.usermodel.XSSFCell.getCellStyle(XSSFCell.java:64)
	at org.apache.poi.ss.usermodel.DateUtil.isCellDateFormatted(DateUtil.java:504)
	at com.hasbrop2m.core.Xls_Reader.getCellData(Xls_Reader.java:148)
	at com.hasbrop2m.core.Utility.getData(Utility.java:61)
	at com.hasbrop2m.sanity.SanitySuite2.testDataTest(SanitySuite2.java:12751)
	at sun.reflect.NativeMethodAccessorImpl.invoke0(Native Method)
	at sun.reflect.NativeMethodAccessorImpl.invoke(NativeMethodAccessorImpl.java:62)
	at sun.reflect.DelegatingMethodAccessorImpl.invoke(DelegatingMethodAccessorImpl.java:43)
	at java.lang.reflect.Method.invoke(Method.java:498)
	at org.testng.internal.MethodInvocationHelper.invokeMethod(MethodInvocationHelper.java:124)
	at org.testng.internal.MethodInvocationHelper.invokeMethod(MethodInvocationHelper.java:74)
	at org.testng.internal.MethodInvocationHelper.invokeMethodNoCheckedException(MethodInvocationHelper.java:45)
	at org.testng.internal.MethodInvocationHelper.invokeDataProvider(MethodInvocationHelper.java:131)
	at org.testng.internal.Parameters.handleParameters(Parameters.java:706)
	at org.testng.internal.ParameterHandler.handleParameters(ParameterHandler.java:49)
	at org.testng.internal.ParameterHandler.createParameters(ParameterHandler.java:37)
	at org.testng.internal.Invoker.invokeTestMethods(Invoker.java:924)
	at org.testng.internal.TestMethodWorker.invokeTestMethods(TestMethodWorker.java:125)
	at org.testng.internal.TestMethodWorker.run(TestMethodWorker.java:109)
	at org.testng.TestRunner.privateRun(TestRunner.java:648)
	at org.testng.TestRunner.run(TestRunner.java:505)
	at org.testng.SuiteRunner.runTest(SuiteRunner.java:455)
	at org.testng.SuiteRunner.runSequentially(SuiteRunner.java:450)
	at org.testng.SuiteRunner.privateRun(SuiteRunner.java:415)
	at org.testng.SuiteRunner.run(SuiteRunner.java:364)
	at org.testng.SuiteRunnerWorker.runSuite(SuiteRunnerWorker.java:52)
	at org.testng.SuiteRunnerWorker.run(SuiteRunnerWorker.java:84)
	at org.testng.TestNG.runSuitesSequentially(TestNG.java:1208)
	at org.testng.TestNG.runSuitesLocally(TestNG.java:1137)
	at org.testng.TestNG.runSuites(TestNG.java:1049)
	at org.testng.TestNG.run(TestNG.java:1017)
	at org.apache.maven.surefire.testng.TestNGExecutor.run(TestNGExecutor.java:283)
	at org.apache.maven.surefire.testng.TestNGXmlTestSuite.execute(TestNGXmlTestSuite.java:75)
	at org.apache.maven.surefire.testng.TestNGProvider.invoke(TestNGProvider.java:120)
	at org.apache.maven.surefire.booter.ForkedBooter.invokeProviderInSameClassLoader(ForkedBooter.java:383)
	at org.apache.maven.surefire.booter.ForkedBooter.runSuitesInProcess(ForkedBooter.java:344)
	at org.apache.maven.surefire.booter.ForkedBooter.execute(ForkedBooter.java:125)
	at org.apache.maven.surefire.booter.ForkedBooter.main(ForkedBooter.java:417)
org.apache.xmlbeans.impl.values.XmlValueDisconnectedException
	at org.apache.xmlbeans.impl.values.XmlObjectBase.check_orphaned(XmlObjectBase.java:1213)
	at org.openxmlformats.schemas.spreadsheetml.x2006.main.impl.CTXfImpl.getXfId(Unknown Source)
	at org.apache.poi.xssf.model.StylesTable.getStyleAt(StylesTable.java:235)
	at org.apache.poi.xssf.usermodel.XSSFCell.getCellStyle(XSSFCell.java:483)
	at org.apache.poi.xssf.usermodel.XSSFCell.getCellStyle(XSSFCell.java:64)
	at org.apache.poi.ss.usermodel.DateUtil.isCellDateFormatted(DateUtil.java:504)
	at com.hasbrop2m.core.Xls_Reader.getCellData(Xls_Reader.java:148)
	at com.hasbrop2m.core.Utility.getData(Utility.java:61)
	at com.hasbrop2m.sanity.SanitySuite2.testDataTest(SanitySuite2.java:12751)
	at sun.reflect.NativeMethodAccessorImpl.invoke0(Native Method)
	at sun.reflect.NativeMethodAccessorImpl.invoke(NativeMethodAccessorImpl.java:62)
	at sun.reflect.DelegatingMethodAccessorImpl.invoke(DelegatingMethodAccessorImpl.java:43)
	at java.lang.reflect.Method.invoke(Method.java:498)
	at org.testng.internal.MethodInvocationHelper.invokeMethod(MethodInvocationHelper.java:124)
	at org.testng.internal.MethodInvocationHelper.invokeMethod(MethodInvocationHelper.java:74)
	at org.testng.internal.MethodInvocationHelper.invokeMethodNoCheckedException(MethodInvocationHelper.java:45)
	at org.testng.internal.MethodInvocationHelper.invokeDataProvider(MethodInvocationHelper.java:131)
	at org.testng.internal.Parameters.handleParameters(Parameters.java:706)
	at org.testng.internal.ParameterHandler.handleParameters(ParameterHandler.java:49)
	at org.testng.internal.ParameterHandler.createParameters(ParameterHandler.java:37)
	at org.testng.internal.Invoker.invokeTestMethods(Invoker.java:924)
	at org.testng.internal.TestMethodWorker.invokeTestMethods(TestMethodWorker.java:125)
	at org.testng.internal.TestMethodWorker.run(TestMethodWorker.java:109)
	at org.testng.TestRunner.privateRun(TestRunner.java:648)
	at org.testng.TestRunner.run(TestRunner.java:505)
	at org.testng.SuiteRunner.runTest(SuiteRunner.java:455)
	at org.testng.SuiteRunner.runSequentially(SuiteRunner.java:450)
	at org.testng.SuiteRunner.privateRun(SuiteRunner.java:415)
	at org.testng.SuiteRunner.run(SuiteRunner.java:364)
	at org.testng.SuiteRunnerWorker.runSuite(SuiteRunnerWorker.java:52)
	at org.testng.SuiteRunnerWorker.run(SuiteRunnerWorker.java:84)
	at org.testng.TestNG.runSuitesSequentially(TestNG.java:1208)
	at org.testng.TestNG.runSuitesLocally(TestNG.java:1137)
	at org.testng.TestNG.runSuites(TestNG.java:1049)
	at org.testng.TestNG.run(TestNG.java:1017)
	at org.apache.maven.surefire.testng.TestNGExecutor.run(TestNGExecutor.java:283)
	at org.apache.maven.surefire.testng.TestNGXmlTestSuite.execute(TestNGXmlTestSuite.java:75)
	at org.apache.maven.surefire.testng.TestNGProvider.invoke(TestNGProvider.java:120)
	at org.apache.maven.surefire.booter.ForkedBooter.invokeProviderInSameClassLoader(ForkedBooter.java:383)
	at org.apache.maven.surefire.booter.ForkedBooter.runSuitesInProcess(ForkedBooter.java:344)
	at org.apache.maven.surefire.booter.ForkedBooter.execute(ForkedBooter.java:125)
	at org.apache.maven.surefire.booter.ForkedBooter.main(ForkedBooter.java:417)
org.apache.xmlbeans.impl.values.XmlValueDisconnectedException
	at org.apache.xmlbeans.impl.values.XmlObjectBase.check_orphaned(XmlObjectBase.java:1213)
	at org.openxmlformats.schemas.spreadsheetml.x2006.main.impl.CTXfImpl.getXfId(Unknown Source)
	at org.apache.poi.xssf.model.StylesTable.getStyleAt(StylesTable.java:235)
	at org.apache.poi.xssf.usermodel.XSSFCell.getCellStyle(XSSFCell.java:483)
	at org.apache.poi.xssf.usermodel.XSSFCell.getCellStyle(XSSFCell.java:64)
	at org.apache.poi.ss.usermodel.DateUtil.isCellDateFormatted(DateUtil.java:504)
	at com.hasbrop2m.core.Xls_Reader.getCellData(Xls_Reader.java:148)
	at com.hasbrop2m.core.Utility.getData(Utility.java:61)
	at com.hasbrop2m.sanity.SanitySuite2.testDataTest(SanitySuite2.java:12751)
	at sun.reflect.NativeMethodAccessorImpl.invoke0(Native Method)
	at sun.reflect.NativeMethodAccessorImpl.invoke(NativeMethodAccessorImpl.java:62)
	at sun.reflect.DelegatingMethodAccessorImpl.invoke(DelegatingMethodAccessorImpl.java:43)
	at java.lang.reflect.Method.invoke(Method.java:498)
	at org.testng.internal.MethodInvocationHelper.invokeMethod(MethodInvocationHelper.java:124)
	at org.testng.internal.MethodInvocationHelper.invokeMethod(MethodInvocationHelper.java:74)
	at org.testng.internal.MethodInvocationHelper.invokeMethodNoCheckedException(MethodInvocationHelper.java:45)
	at org.testng.internal.MethodInvocationHelper.invokeDataProvider(MethodInvocationHelper.java:131)
	at org.testng.internal.Parameters.handleParameters(Parameters.java:706)
	at org.testng.internal.ParameterHandler.handleParameters(ParameterHandler.java:49)
	at org.testng.internal.ParameterHandler.createParameters(ParameterHandler.java:37)
	at org.testng.internal.Invoker.invokeTestMethods(Invoker.java:924)
	at org.testng.internal.TestMethodWorker.invokeTestMethods(TestMethodWorker.java:125)
	at org.testng.internal.TestMethodWorker.run(TestMethodWorker.java:109)
	at org.testng.TestRunner.privateRun(TestRunner.java:648)
	at org.testng.TestRunner.run(TestRunner.java:505)
	at org.testng.SuiteRunner.runTest(SuiteRunner.java:455)
	at org.testng.SuiteRunner.runSequentially(SuiteRunner.java:450)
	at org.testng.SuiteRunner.privateRun(SuiteRunner.java:415)
	at org.testng.SuiteRunner.run(SuiteRunner.java:364)
	at org.testng.SuiteRunnerWorker.runSuite(SuiteRunnerWorker.java:52)
	at org.testng.SuiteRunnerWorker.run(SuiteRunnerWorker.java:84)
	at org.testng.TestNG.runSuitesSequentially(TestNG.java:1208)
	at org.testng.TestNG.runSuitesLocally(TestNG.java:1137)
	at org.testng.TestNG.runSuites(TestNG.java:1049)
	at org.testng.TestNG.run(TestNG.java:1017)
	at org.apache.maven.surefire.testng.TestNGExecutor.run(TestNGExecutor.java:283)
	at org.apache.maven.surefire.testng.TestNGXmlTestSuite.execute(TestNGXmlTestSuite.java:75)
	at org.apache.maven.surefire.testng.TestNGProvider.invoke(TestNGProvider.java:120)
	at org.apache.maven.surefire.booter.ForkedBooter.invokeProviderInSameClassLoader(ForkedBooter.java:383)
	at org.apache.maven.surefire.booter.ForkedBooter.runSuitesInProcess(ForkedBooter.java:344)
	at org.apache.maven.surefire.booter.ForkedBooter.execute(ForkedBooter.java:125)
	at org.apache.maven.surefire.booter.ForkedBooter.main(ForkedBooter.java:417)
org.apache.xmlbeans.impl.values.XmlValueDisconnectedException
	at org.apache.xmlbeans.impl.values.XmlObjectBase.check_orphaned(XmlObjectBase.java:1213)
	at org.openxmlformats.schemas.spreadsheetml.x2006.main.impl.CTXfImpl.getXfId(Unknown Source)
	at org.apache.poi.xssf.model.StylesTable.getStyleAt(StylesTable.java:235)
	at org.apache.poi.xssf.usermodel.XSSFCell.getCellStyle(XSSFCell.java:483)
	at org.apache.poi.xssf.usermodel.XSSFCell.getCellStyle(XSSFCell.java:64)
	at org.apache.poi.ss.usermodel.DateUtil.isCellDateFormatted(DateUtil.java:504)
	at com.hasbrop2m.core.Xls_Reader.getCellData(Xls_Reader.java:148)
	at com.hasbrop2m.core.Utility.getData(Utility.java:61)
	at com.hasbrop2m.sanity.SanitySuite2.testDataTest(SanitySuite2.java:12751)
	at sun.reflect.NativeMethodAccessorImpl.invoke0(Native Method)
	at sun.reflect.NativeMethodAccessorImpl.invoke(NativeMethodAccessorImpl.java:62)
	at sun.reflect.DelegatingMethodAccessorImpl.invoke(DelegatingMethodAccessorImpl.java:43)
	at java.lang.reflect.Method.invoke(Method.java:498)
	at org.testng.internal.MethodInvocationHelper.invokeMethod(MethodInvocationHelper.java:124)
	at org.testng.internal.MethodInvocationHelper.invokeMethod(MethodInvocationHelper.java:74)
	at org.testng.internal.MethodInvocationHelper.invokeMethodNoCheckedException(MethodInvocationHelper.java:45)
	at org.testng.internal.MethodInvocationHelper.invokeDataProvider(MethodInvocationHelper.java:131)
	at org.testng.internal.Parameters.handleParameters(Parameters.java:706)
	at org.testng.internal.ParameterHandler.handleParameters(ParameterHandler.java:49)
	at org.testng.internal.ParameterHandler.createParameters(ParameterHandler.java:37)
	at org.testng.internal.Invoker.invokeTestMethods(Invoker.java:924)
	at org.testng.internal.TestMethodWorker.invokeTestMethods(TestMethodWorker.java:125)
	at org.testng.internal.TestMethodWorker.run(TestMethodWorker.java:109)
	at org.testng.TestRunner.privateRun(TestRunner.java:648)
	at org.testng.TestRunner.run(TestRunner.java:505)
	at org.testng.SuiteRunner.runTest(SuiteRunner.java:455)
	at org.testng.SuiteRunner.runSequentially(SuiteRunner.java:450)
	at org.testng.SuiteRunner.privateRun(SuiteRunner.java:415)
	at org.testng.SuiteRunner.run(SuiteRunner.java:364)
	at org.testng.SuiteRunnerWorker.runSuite(SuiteRunnerWorker.java:52)
	at org.testng.SuiteRunnerWorker.run(SuiteRunnerWorker.java:84)
	at org.testng.TestNG.runSuitesSequentially(TestNG.java:1208)
	at org.testng.TestNG.runSuitesLocally(TestNG.java:1137)
	at org.testng.TestNG.runSuites(TestNG.java:1049)
	at org.testng.TestNG.run(TestNG.java:1017)
	at org.apache.maven.surefire.testng.TestNGExecutor.run(TestNGExecutor.java:283)
	at org.apache.maven.surefire.testng.TestNGXmlTestSuite.execute(TestNGXmlTestSuite.java:75)
	at org.apache.maven.surefire.testng.TestNGProvider.invoke(TestNGProvider.java:120)
	at org.apache.maven.surefire.booter.ForkedBooter.invokeProviderInSameClassLoader(ForkedBooter.java:383)
	at org.apache.maven.surefire.booter.ForkedBooter.runSuitesInProcess(ForkedBooter.java:344)
	at org.apache.maven.surefire.booter.ForkedBooter.execute(ForkedBooter.java:125)
	at org.apache.maven.surefire.booter.ForkedBooter.main(ForkedBooter.java:417)
org.apache.xmlbeans.impl.values.XmlValueDisconnectedException
	at org.apache.xmlbeans.impl.values.XmlObjectBase.check_orphaned(XmlObjectBase.java:1213)
	at org.openxmlformats.schemas.spreadsheetml.x2006.main.impl.CTXfImpl.getXfId(Unknown Source)
	at org.apache.poi.xssf.model.StylesTable.getStyleAt(StylesTable.java:235)
	at org.apache.poi.xssf.usermodel.XSSFCell.getCellStyle(XSSFCell.java:483)
	at org.apache.poi.xssf.usermodel.XSSFCell.getCellStyle(XSSFCell.java:64)
	at org.apache.poi.ss.usermodel.DateUtil.isCellDateFormatted(DateUtil.java:504)
	at com.hasbrop2m.core.Xls_Reader.getCellData(Xls_Reader.java:148)
	at com.hasbrop2m.core.Utility.getData(Utility.java:61)
	at com.hasbrop2m.sanity.SanitySuite2.testDataTest(SanitySuite2.java:12751)
	at sun.reflect.NativeMethodAccessorImpl.invoke0(Native Method)
	at sun.reflect.NativeMethodAccessorImpl.invoke(NativeMethodAccessorImpl.java:62)
	at sun.reflect.DelegatingMethodAccessorImpl.invoke(DelegatingMethodAccessorImpl.java:43)
	at java.lang.reflect.Method.invoke(Method.java:498)
	at org.testng.internal.MethodInvocationHelper.invokeMethod(MethodInvocationHelper.java:124)
	at org.testng.internal.MethodInvocationHelper.invokeMethod(MethodInvocationHelper.java:74)
	at org.testng.internal.MethodInvocationHelper.invokeMethodNoCheckedException(MethodInvocationHelper.java:45)
	at org.testng.internal.MethodInvocationHelper.invokeDataProvider(MethodInvocationHelper.java:131)
	at org.testng.internal.Parameters.handleParameters(Parameters.java:706)
	at org.testng.internal.ParameterHandler.handleParameters(ParameterHandler.java:49)
	at org.testng.internal.ParameterHandler.createParameters(ParameterHandler.java:37)
	at org.testng.internal.Invoker.invokeTestMethods(Invoker.java:924)
	at org.testng.internal.TestMethodWorker.invokeTestMethods(TestMethodWorker.java:125)
	at org.testng.internal.TestMethodWorker.run(TestMethodWorker.java:109)
	at org.testng.TestRunner.privateRun(TestRunner.java:648)
	at org.testng.TestRunner.run(TestRunner.java:505)
	at org.testng.SuiteRunner.runTest(SuiteRunner.java:455)
	at org.testng.SuiteRunner.runSequentially(SuiteRunner.java:450)
	at org.testng.SuiteRunner.privateRun(SuiteRunner.java:415)
	at org.testng.SuiteRunner.run(SuiteRunner.java:364)
	at org.testng.SuiteRunnerWorker.runSuite(SuiteRunnerWorker.java:52)
	at org.testng.SuiteRunnerWorker.run(SuiteRunnerWorker.java:84)
	at org.testng.TestNG.runSuitesSequentially(TestNG.java:1208)
	at org.testng.TestNG.runSuitesLocally(TestNG.java:1137)
	at org.testng.TestNG.runSuites(TestNG.java:1049)
	at org.testng.TestNG.run(TestNG.java:1017)
	at org.apache.maven.surefire.testng.TestNGExecutor.run(TestNGExecutor.java:283)
	at org.apache.maven.surefire.testng.TestNGXmlTestSuite.execute(TestNGXmlTestSuite.java:75)
	at org.apache.maven.surefire.testng.TestNGProvider.invoke(TestNGProvider.java:120)
	at org.apache.maven.surefire.booter.ForkedBooter.invokeProviderInSameClassLoader(ForkedBooter.java:383)
	at org.apache.maven.surefire.booter.ForkedBooter.runSuitesInProcess(ForkedBooter.java:344)
	at org.apache.maven.surefire.booter.ForkedBooter.execute(ForkedBooter.java:125)
	at org.apache.maven.surefire.booter.ForkedBooter.main(ForkedBooter.java:417)
org.apache.xmlbeans.impl.values.XmlValueDisconnectedException
	at org.apache.xmlbeans.impl.values.XmlObjectBase.check_orphaned(XmlObjectBase.java:1213)
	at org.openxmlformats.schemas.spreadsheetml.x2006.main.impl.CTXfImpl.getXfId(Unknown Source)
	at org.apache.poi.xssf.model.StylesTable.getStyleAt(StylesTable.java:235)
	at org.apache.poi.xssf.usermodel.XSSFCell.getCellStyle(XSSFCell.java:483)
	at org.apache.poi.xssf.usermodel.XSSFCell.getCellStyle(XSSFCell.java:64)
	at org.apache.poi.ss.usermodel.DateUtil.isCellDateFormatted(DateUtil.java:504)
	at com.hasbrop2m.core.Xls_Reader.getCellData(Xls_Reader.java:148)
	at com.hasbrop2m.core.Utility.getData(Utility.java:61)
	at com.hasbrop2m.sanity.SanitySuite2.testDataTest(SanitySuite2.java:12751)
	at sun.reflect.NativeMethodAccessorImpl.invoke0(Native Method)
	at sun.reflect.NativeMethodAccessorImpl.invoke(NativeMethodAccessorImpl.java:62)
	at sun.reflect.DelegatingMethodAccessorImpl.invoke(DelegatingMethodAccessorImpl.java:43)
	at java.lang.reflect.Method.invoke(Method.java:498)
	at org.testng.internal.MethodInvocationHelper.invokeMethod(MethodInvocationHelper.java:124)
	at org.testng.internal.MethodInvocationHelper.invokeMethod(MethodInvocationHelper.java:74)
	at org.testng.internal.MethodInvocationHelper.invokeMethodNoCheckedException(MethodInvocationHelper.java:45)
	at org.testng.internal.MethodInvocationHelper.invokeDataProvider(MethodInvocationHelper.java:131)
	at org.testng.internal.Parameters.handleParameters(Parameters.java:706)
	at org.testng.internal.ParameterHandler.handleParameters(ParameterHandler.java:49)
	at org.testng.internal.ParameterHandler.createParameters(ParameterHandler.java:37)
	at org.testng.internal.Invoker.invokeTestMethods(Invoker.java:924)
	at org.testng.internal.TestMethodWorker.invokeTestMethods(TestMethodWorker.java:125)
	at org.testng.internal.TestMethodWorker.run(TestMethodWorker.java:109)
	at org.testng.TestRunner.privateRun(TestRunner.java:648)
	at org.testng.TestRunner.run(TestRunner.java:505)
	at org.testng.SuiteRunner.runTest(SuiteRunner.java:455)
	at org.testng.SuiteRunner.runSequentially(SuiteRunner.java:450)
	at org.testng.SuiteRunner.privateRun(SuiteRunner.java:415)
	at org.testng.SuiteRunner.run(SuiteRunner.java:364)
	at org.testng.SuiteRunnerWorker.runSuite(SuiteRunnerWorker.java:52)
	at org.testng.SuiteRunnerWorker.run(SuiteRunnerWorker.java:84)
	at org.testng.TestNG.runSuitesSequentially(TestNG.java:1208)
	at org.testng.TestNG.runSuitesLocally(TestNG.java:1137)
	at org.testng.TestNG.runSuites(TestNG.java:1049)
	at org.testng.TestNG.run(TestNG.java:1017)
	at org.apache.maven.surefire.testng.TestNGExecutor.run(TestNGExecutor.java:283)
	at org.apache.maven.surefire.testng.TestNGXmlTestSuite.execute(TestNGXmlTestSuite.java:75)
	at org.apache.maven.surefire.testng.TestNGProvider.invoke(TestNGProvider.java:120)
	at org.apache.maven.surefire.booter.ForkedBooter.invokeProviderInSameClassLoader(ForkedBooter.java:383)
	at org.apache.maven.surefire.booter.ForkedBooter.runSuitesInProcess(ForkedBooter.java:344)
	at org.apache.maven.surefire.booter.ForkedBooter.execute(ForkedBooter.java:125)
	at org.apache.maven.surefire.booter.ForkedBooter.main(ForkedBooter.java:417)
org.apache.xmlbeans.impl.values.XmlValueDisconnectedException
	at org.apache.xmlbeans.impl.values.XmlObjectBase.check_orphaned(XmlObjectBase.java:1213)
	at org.openxmlformats.schemas.spreadsheetml.x2006.main.impl.CTXfImpl.getXfId(Unknown Source)
	at org.apache.poi.xssf.model.StylesTable.getStyleAt(StylesTable.java:235)
	at org.apache.poi.xssf.usermodel.XSSFCell.getCellStyle(XSSFCell.java:483)
	at org.apache.poi.xssf.usermodel.XSSFCell.getCellStyle(XSSFCell.java:64)
	at org.apache.poi.ss.usermodel.DateUtil.isCellDateFormatted(DateUtil.java:504)
	at com.hasbrop2m.core.Xls_Reader.getCellData(Xls_Reader.java:148)
	at com.hasbrop2m.core.Utility.getData(Utility.java:61)
	at com.hasbrop2m.sanity.SanitySuite2.testDataTest(SanitySuite2.java:12751)
	at sun.reflect.NativeMethodAccessorImpl.invoke0(Native Method)
	at sun.reflect.NativeMethodAccessorImpl.invoke(NativeMethodAccessorImpl.java:62)
	at sun.reflect.DelegatingMethodAccessorImpl.invoke(DelegatingMethodAccessorImpl.java:43)
	at java.lang.reflect.Method.invoke(Method.java:498)
	at org.testng.internal.MethodInvocationHelper.invokeMethod(MethodInvocationHelper.java:124)
	at org.testng.internal.MethodInvocationHelper.invokeMethod(MethodInvocationHelper.java:74)
	at org.testng.internal.MethodInvocationHelper.invokeMethodNoCheckedException(MethodInvocationHelper.java:45)
	at org.testng.internal.MethodInvocationHelper.invokeDataProvider(MethodInvocationHelper.java:131)
	at org.testng.internal.Parameters.handleParameters(Parameters.java:706)
	at org.testng.internal.ParameterHandler.handleParameters(ParameterHandler.java:49)
	at org.testng.internal.ParameterHandler.createParameters(ParameterHandler.java:37)
	at org.testng.internal.Invoker.invokeTestMethods(Invoker.java:924)
	at org.testng.internal.TestMethodWorker.invokeTestMethods(TestMethodWorker.java:125)
	at org.testng.internal.TestMethodWorker.run(TestMethodWorker.java:109)
	at org.testng.TestRunner.privateRun(TestRunner.java:648)
	at org.testng.TestRunner.run(TestRunner.java:505)
	at org.testng.SuiteRunner.runTest(SuiteRunner.java:455)
	at org.testng.SuiteRunner.runSequentially(SuiteRunner.java:450)
	at org.testng.SuiteRunner.privateRun(SuiteRunner.java:415)
	at org.testng.SuiteRunner.run(SuiteRunner.java:364)
	at org.testng.SuiteRunnerWorker.runSuite(SuiteRunnerWorker.java:52)
	at org.testng.SuiteRunnerWorker.run(SuiteRunnerWorker.java:84)
	at org.testng.TestNG.runSuitesSequentially(TestNG.java:1208)
	at org.testng.TestNG.runSuitesLocally(TestNG.java:1137)
	at org.testng.TestNG.runSuites(TestNG.java:1049)
	at org.testng.TestNG.run(TestNG.java:1017)
	at org.apache.maven.surefire.testng.TestNGExecutor.run(TestNGExecutor.java:283)
	at org.apache.maven.surefire.testng.TestNGXmlTestSuite.execute(TestNGXmlTestSuite.java:75)
	at org.apache.maven.surefire.testng.TestNGProvider.invoke(TestNGProvider.java:120)
	at org.apache.maven.surefire.booter.ForkedBooter.invokeProviderInSameClassLoader(ForkedBooter.java:383)
	at org.apache.maven.surefire.booter.ForkedBooter.runSuitesInProcess(ForkedBooter.java:344)
	at org.apache.maven.surefire.booter.ForkedBooter.execute(ForkedBooter.java:125)
	at org.apache.maven.surefire.booter.ForkedBooter.main(ForkedBooter.java:417)
org.apache.xmlbeans.impl.values.XmlValueDisconnectedException
	at org.apache.xmlbeans.impl.values.XmlObjectBase.check_orphaned(XmlObjectBase.java:1213)
	at org.openxmlformats.schemas.spreadsheetml.x2006.main.impl.CTXfImpl.getXfId(Unknown Source)
	at org.apache.poi.xssf.model.StylesTable.getStyleAt(StylesTable.java:235)
	at org.apache.poi.xssf.usermodel.XSSFCell.getCellStyle(XSSFCell.java:483)
	at org.apache.poi.xssf.usermodel.XSSFCell.getCellStyle(XSSFCell.java:64)
	at org.apache.poi.ss.usermodel.DateUtil.isCellDateFormatted(DateUtil.java:504)
	at com.hasbrop2m.core.Xls_Reader.getCellData(Xls_Reader.java:148)
	at com.hasbrop2m.core.Utility.getData(Utility.java:61)
	at com.hasbrop2m.sanity.SanitySuite2.testDataTest(SanitySuite2.java:12751)
	at sun.reflect.NativeMethodAccessorImpl.invoke0(Native Method)
	at sun.reflect.NativeMethodAccessorImpl.invoke(NativeMethodAccessorImpl.java:62)
	at sun.reflect.DelegatingMethodAccessorImpl.invoke(DelegatingMethodAccessorImpl.java:43)
	at java.lang.reflect.Method.invoke(Method.java:498)
	at org.testng.internal.MethodInvocationHelper.invokeMethod(MethodInvocationHelper.java:124)
	at org.testng.internal.MethodInvocationHelper.invokeMethod(MethodInvocationHelper.java:74)
	at org.testng.internal.MethodInvocationHelper.invokeMethodNoCheckedException(MethodInvocationHelper.java:45)
	at org.testng.internal.MethodInvocationHelper.invokeDataProvider(MethodInvocationHelper.java:131)
	at org.testng.internal.Parameters.handleParameters(Parameters.java:706)
	at org.testng.internal.ParameterHandler.handleParameters(ParameterHandler.java:49)
	at org.testng.internal.ParameterHandler.createParameters(ParameterHandler.java:37)
	at org.testng.internal.Invoker.invokeTestMethods(Invoker.java:924)
	at org.testng.internal.TestMethodWorker.invokeTestMethods(TestMethodWorker.java:125)
	at org.testng.internal.TestMethodWorker.run(TestMethodWorker.java:109)
	at org.testng.TestRunner.privateRun(TestRunner.java:648)
	at org.testng.TestRunner.run(TestRunner.java:505)
	at org.testng.SuiteRunner.runTest(SuiteRunner.java:455)
	at org.testng.SuiteRunner.runSequentially(SuiteRunner.java:450)
	at org.testng.SuiteRunner.privateRun(SuiteRunner.java:415)
	at org.testng.SuiteRunner.run(SuiteRunner.java:364)
	at org.testng.SuiteRunnerWorker.runSuite(SuiteRunnerWorker.java:52)
	at org.testng.SuiteRunnerWorker.run(SuiteRunnerWorker.java:84)
	at org.testng.TestNG.runSuitesSequentially(TestNG.java:1208)
	at org.testng.TestNG.runSuitesLocally(TestNG.java:1137)
	at org.testng.TestNG.runSuites(TestNG.java:1049)
	at org.testng.TestNG.run(TestNG.java:1017)
	at org.apache.maven.surefire.testng.TestNGExecutor.run(TestNGExecutor.java:283)
	at org.apache.maven.surefire.testng.TestNGXmlTestSuite.execute(TestNGXmlTestSuite.java:75)
	at org.apache.maven.surefire.testng.TestNGProvider.invoke(TestNGProvider.java:120)
	at org.apache.maven.surefire.booter.ForkedBooter.invokeProviderInSameClassLoader(ForkedBooter.java:383)
	at org.apache.maven.surefire.booter.ForkedBooter.runSuitesInProcess(ForkedBooter.java:344)
	at org.apache.maven.surefire.booter.ForkedBooter.execute(ForkedBooter.java:125)
	at org.apache.maven.surefire.booter.ForkedBooter.main(ForkedBooter.java:417)
org.apache.xmlbeans.impl.values.XmlValueDisconnectedException
	at org.apache.xmlbeans.impl.values.XmlObjectBase.check_orphaned(XmlObjectBase.java:1213)
	at org.openxmlformats.schemas.spreadsheetml.x2006.main.impl.CTXfImpl.getXfId(Unknown Source)
	at org.apache.poi.xssf.model.StylesTable.getStyleAt(StylesTable.java:235)
	at org.apache.poi.xssf.usermodel.XSSFCell.getCellStyle(XSSFCell.java:483)
	at org.apache.poi.xssf.usermodel.XSSFCell.getCellStyle(XSSFCell.java:64)
	at org.apache.poi.ss.usermodel.DateUtil.isCellDateFormatted(DateUtil.java:504)
	at com.hasbrop2m.core.Xls_Reader.getCellData(Xls_Reader.java:148)
	at com.hasbrop2m.core.Utility.getData(Utility.java:61)
	at com.hasbrop2m.sanity.SanitySuite2.testDataTest(SanitySuite2.java:12751)
	at sun.reflect.NativeMethodAccessorImpl.invoke0(Native Method)
	at sun.reflect.NativeMethodAccessorImpl.invoke(NativeMethodAccessorImpl.java:62)
	at sun.reflect.DelegatingMethodAccessorImpl.invoke(DelegatingMethodAccessorImpl.java:43)
	at java.lang.reflect.Method.invoke(Method.java:498)
	at org.testng.internal.MethodInvocationHelper.invokeMethod(MethodInvocationHelper.java:124)
	at org.testng.internal.MethodInvocationHelper.invokeMethod(MethodInvocationHelper.java:74)
	at org.testng.internal.MethodInvocationHelper.invokeMethodNoCheckedException(MethodInvocationHelper.java:45)
	at org.testng.internal.MethodInvocationHelper.invokeDataProvider(MethodInvocationHelper.java:131)
	at org.testng.internal.Parameters.handleParameters(Parameters.java:706)
	at org.testng.internal.ParameterHandler.handleParameters(ParameterHandler.java:49)
	at org.testng.internal.ParameterHandler.createParameters(ParameterHandler.java:37)
	at org.testng.internal.Invoker.invokeTestMethods(Invoker.java:924)
	at org.testng.internal.TestMethodWorker.invokeTestMethods(TestMethodWorker.java:125)
	at org.testng.internal.TestMethodWorker.run(TestMethodWorker.java:109)
	at org.testng.TestRunner.privateRun(TestRunner.java:648)
	at org.testng.TestRunner.run(TestRunner.java:505)
	at org.testng.SuiteRunner.runTest(SuiteRunner.java:455)
	at org.testng.SuiteRunner.runSequentially(SuiteRunner.java:450)
	at org.testng.SuiteRunner.privateRun(SuiteRunner.java:415)
	at org.testng.SuiteRunner.run(SuiteRunner.java:364)
	at org.testng.SuiteRunnerWorker.runSuite(SuiteRunnerWorker.java:52)
	at org.testng.SuiteRunnerWorker.run(SuiteRunnerWorker.java:84)
	at org.testng.TestNG.runSuitesSequentially(TestNG.java:1208)
	at org.testng.TestNG.runSuitesLocally(TestNG.java:1137)
	at org.testng.TestNG.runSuites(TestNG.java:1049)
	at org.testng.TestNG.run(TestNG.java:1017)
	at org.apache.maven.surefire.testng.TestNGExecutor.run(TestNGExecutor.java:283)
	at org.apache.maven.surefire.testng.TestNGXmlTestSuite.execute(TestNGXmlTestSuite.java:75)
	at org.apache.maven.surefire.testng.TestNGProvider.invoke(TestNGProvider.java:120)
	at org.apache.maven.surefire.booter.ForkedBooter.invokeProviderInSameClassLoader(ForkedBooter.java:383)
	at org.apache.maven.surefire.booter.ForkedBooter.runSuitesInProcess(ForkedBooter.java:344)
	at org.apache.maven.surefire.booter.ForkedBooter.execute(ForkedBooter.java:125)
	at org.apache.maven.surefire.booter.ForkedBooter.main(ForkedBooter.java:417)
org.apache.xmlbeans.impl.values.XmlValueDisconnectedException
	at org.apache.xmlbeans.impl.values.XmlObjectBase.check_orphaned(XmlObjectBase.java:1213)
	at org.openxmlformats.schemas.spreadsheetml.x2006.main.impl.CTXfImpl.getXfId(Unknown Source)
	at org.apache.poi.xssf.model.StylesTable.getStyleAt(StylesTable.java:235)
	at org.apache.poi.xssf.usermodel.XSSFCell.getCellStyle(XSSFCell.java:483)
	at org.apache.poi.xssf.usermodel.XSSFCell.getCellStyle(XSSFCell.java:64)
	at org.apache.poi.ss.usermodel.DateUtil.isCellDateFormatted(DateUtil.java:504)
	at com.hasbrop2m.core.Xls_Reader.getCellData(Xls_Reader.java:148)
	at com.hasbrop2m.core.Utility.getData(Utility.java:61)
	at com.hasbrop2m.sanity.SanitySuite2.testDataTest(SanitySuite2.java:12751)
	at sun.reflect.NativeMethodAccessorImpl.invoke0(Native Method)
	at sun.reflect.NativeMethodAccessorImpl.invoke(NativeMethodAccessorImpl.java:62)
	at sun.reflect.DelegatingMethodAccessorImpl.invoke(DelegatingMethodAccessorImpl.java:43)
	at java.lang.reflect.Method.invoke(Method.java:498)
	at org.testng.internal.MethodInvocationHelper.invokeMethod(MethodInvocationHelper.java:124)
	at org.testng.internal.MethodInvocationHelper.invokeMethod(MethodInvocationHelper.java:74)
	at org.testng.internal.MethodInvocationHelper.invokeMethodNoCheckedException(MethodInvocationHelper.java:45)
	at org.testng.internal.MethodInvocationHelper.invokeDataProvider(MethodInvocationHelper.java:131)
	at org.testng.internal.Parameters.handleParameters(Parameters.java:706)
	at org.testng.internal.ParameterHandler.handleParameters(ParameterHandler.java:49)
	at org.testng.internal.ParameterHandler.createParameters(ParameterHandler.java:37)
	at org.testng.internal.Invoker.invokeTestMethods(Invoker.java:924)
	at org.testng.internal.TestMethodWorker.invokeTestMethods(TestMethodWorker.java:125)
	at org.testng.internal.TestMethodWorker.run(TestMethodWorker.java:109)
	at org.testng.TestRunner.privateRun(TestRunner.java:648)
	at org.testng.TestRunner.run(TestRunner.java:505)
	at org.testng.SuiteRunner.runTest(SuiteRunner.java:455)
	at org.testng.SuiteRunner.runSequentially(SuiteRunner.java:450)
	at org.testng.SuiteRunner.privateRun(SuiteRunner.java:415)
	at org.testng.SuiteRunner.run(SuiteRunner.java:364)
	at org.testng.SuiteRunnerWorker.runSuite(SuiteRunnerWorker.java:52)
	at org.testng.SuiteRunnerWorker.run(SuiteRunnerWorker.java:84)
	at org.testng.TestNG.runSuitesSequentially(TestNG.java:1208)
	at org.testng.TestNG.runSuitesLocally(TestNG.java:1137)
	at org.testng.TestNG.runSuites(TestNG.java:1049)
	at org.testng.TestNG.run(TestNG.java:1017)
	at org.apache.maven.surefire.testng.TestNGExecutor.run(TestNGExecutor.java:283)
	at org.apache.maven.surefire.testng.TestNGXmlTestSuite.execute(TestNGXmlTestSuite.java:75)
	at org.apache.maven.surefire.testng.TestNGProvider.invoke(TestNGProvider.java:120)
	at org.apache.maven.surefire.booter.ForkedBooter.invokeProviderInSameClassLoader(ForkedBooter.java:383)
	at org.apache.maven.surefire.booter.ForkedBooter.runSuitesInProcess(ForkedBooter.java:344)
	at org.apache.maven.surefire.booter.ForkedBooter.execute(ForkedBooter.java:125)
	at org.apache.maven.surefire.booter.ForkedBooter.main(ForkedBooter.java:417)
org.apache.xmlbeans.impl.values.XmlValueDisconnectedException
	at org.apache.xmlbeans.impl.values.XmlObjectBase.check_orphaned(XmlObjectBase.java:1213)
	at org.openxmlformats.schemas.spreadsheetml.x2006.main.impl.CTXfImpl.getXfId(Unknown Source)
	at org.apache.poi.xssf.model.StylesTable.getStyleAt(StylesTable.java:235)
	at org.apache.poi.xssf.usermodel.XSSFCell.getCellStyle(XSSFCell.java:483)
	at org.apache.poi.xssf.usermodel.XSSFCell.getCellStyle(XSSFCell.java:64)
	at org.apache.poi.ss.usermodel.DateUtil.isCellDateFormatted(DateUtil.java:504)
	at com.hasbrop2m.core.Xls_Reader.getCellData(Xls_Reader.java:148)
	at com.hasbrop2m.core.Utility.getData(Utility.java:61)
	at com.hasbrop2m.sanity.SanitySuite2.testDataTest(SanitySuite2.java:12751)
	at sun.reflect.NativeMethodAccessorImpl.invoke0(Native Method)
	at sun.reflect.NativeMethodAccessorImpl.invoke(NativeMethodAccessorImpl.java:62)
	at sun.reflect.DelegatingMethodAccessorImpl.invoke(DelegatingMethodAccessorImpl.java:43)
	at java.lang.reflect.Method.invoke(Method.java:498)
	at org.testng.internal.MethodInvocationHelper.invokeMethod(MethodInvocationHelper.java:124)
	at org.testng.internal.MethodInvocationHelper.invokeMethod(MethodInvocationHelper.java:74)
	at org.testng.internal.MethodInvocationHelper.invokeMethodNoCheckedException(MethodInvocationHelper.java:45)
	at org.testng.internal.MethodInvocationHelper.invokeDataProvider(MethodInvocationHelper.java:131)
	at org.testng.internal.Parameters.handleParameters(Parameters.java:706)
	at org.testng.internal.ParameterHandler.handleParameters(ParameterHandler.java:49)
	at org.testng.internal.ParameterHandler.createParameters(ParameterHandler.java:37)
	at org.testng.internal.Invoker.invokeTestMethods(Invoker.java:924)
	at org.testng.internal.TestMethodWorker.invokeTestMethods(TestMethodWorker.java:125)
	at org.testng.internal.TestMethodWorker.run(TestMethodWorker.java:109)
	at org.testng.TestRunner.privateRun(TestRunner.java:648)
	at org.testng.TestRunner.run(TestRunner.java:505)
	at org.testng.SuiteRunner.runTest(SuiteRunner.java:455)
	at org.testng.SuiteRunner.runSequentially(SuiteRunner.java:450)
	at org.testng.SuiteRunner.privateRun(SuiteRunner.java:415)
	at org.testng.SuiteRunner.run(SuiteRunner.java:364)
	at org.testng.SuiteRunnerWorker.runSuite(SuiteRunnerWorker.java:52)
	at org.testng.SuiteRunnerWorker.run(SuiteRunnerWorker.java:84)
	at org.testng.TestNG.runSuitesSequentially(TestNG.java:1208)
	at org.testng.TestNG.runSuitesLocally(TestNG.java:1137)
	at org.testng.TestNG.runSuites(TestNG.java:1049)
	at org.testng.TestNG.run(TestNG.java:1017)
	at org.apache.maven.surefire.testng.TestNGExecutor.run(TestNGExecutor.java:283)
	at org.apache.maven.surefire.testng.TestNGXmlTestSuite.execute(TestNGXmlTestSuite.java:75)
	at org.apache.maven.surefire.testng.TestNGProvider.invoke(TestNGProvider.java:120)
	at org.apache.maven.surefire.booter.ForkedBooter.invokeProviderInSameClassLoader(ForkedBooter.java:383)
	at org.apache.maven.surefire.booter.ForkedBooter.runSuitesInProcess(ForkedBooter.java:344)
	at org.apache.maven.surefire.booter.ForkedBooter.execute(ForkedBooter.java:125)
	at org.apache.maven.surefire.booter.ForkedBooter.main(ForkedBooter.java:417)
org.apache.xmlbeans.impl.values.XmlValueDisconnectedException
	at org.apache.xmlbeans.impl.values.XmlObjectBase.check_orphaned(XmlObjectBase.java:1213)
	at org.openxmlformats.schemas.spreadsheetml.x2006.main.impl.CTXfImpl.getXfId(Unknown Source)
	at org.apache.poi.xssf.model.StylesTable.getStyleAt(StylesTable.java:235)
	at org.apache.poi.xssf.usermodel.XSSFCell.getCellStyle(XSSFCell.java:483)
	at org.apache.poi.xssf.usermodel.XSSFCell.getCellStyle(XSSFCell.java:64)
	at org.apache.poi.ss.usermodel.DateUtil.isCellDateFormatted(DateUtil.java:504)
	at com.hasbrop2m.core.Xls_Reader.getCellData(Xls_Reader.java:148)
	at com.hasbrop2m.core.Utility.getData(Utility.java:61)
	at com.hasbrop2m.sanity.SanitySuite2.testDataTest(SanitySuite2.java:12751)
	at sun.reflect.NativeMethodAccessorImpl.invoke0(Native Method)
	at sun.reflect.NativeMethodAccessorImpl.invoke(NativeMethodAccessorImpl.java:62)
	at sun.reflect.DelegatingMethodAccessorImpl.invoke(DelegatingMethodAccessorImpl.java:43)
	at java.lang.reflect.Method.invoke(Method.java:498)
	at org.testng.internal.MethodInvocationHelper.invokeMethod(MethodInvocationHelper.java:124)
	at org.testng.internal.MethodInvocationHelper.invokeMethod(MethodInvocationHelper.java:74)
	at org.testng.internal.MethodInvocationHelper.invokeMethodNoCheckedException(MethodInvocationHelper.java:45)
	at org.testng.internal.MethodInvocationHelper.invokeDataProvider(MethodInvocationHelper.java:131)
	at org.testng.internal.Parameters.handleParameters(Parameters.java:706)
	at org.testng.internal.ParameterHandler.handleParameters(ParameterHandler.java:49)
	at org.testng.internal.ParameterHandler.createParameters(ParameterHandler.java:37)
	at org.testng.internal.Invoker.invokeTestMethods(Invoker.java:924)
	at org.testng.internal.TestMethodWorker.invokeTestMethods(TestMethodWorker.java:125)
	at org.testng.internal.TestMethodWorker.run(TestMethodWorker.java:109)
	at org.testng.TestRunner.privateRun(TestRunner.java:648)
	at org.testng.TestRunner.run(TestRunner.java:505)
	at org.testng.SuiteRunner.runTest(SuiteRunner.java:455)
	at org.testng.SuiteRunner.runSequentially(SuiteRunner.java:450)
	at org.testng.SuiteRunner.privateRun(SuiteRunner.java:415)
	at org.testng.SuiteRunner.run(SuiteRunner.java:364)
	at org.testng.SuiteRunnerWorker.runSuite(SuiteRunnerWorker.java:52)
	at org.testng.SuiteRunnerWorker.run(SuiteRunnerWorker.java:84)
	at org.testng.TestNG.runSuitesSequentially(TestNG.java:1208)
	at org.testng.TestNG.runSuitesLocally(TestNG.java:1137)
	at org.testng.TestNG.runSuites(TestNG.java:1049)
	at org.testng.TestNG.run(TestNG.java:1017)
	at org.apache.maven.surefire.testng.TestNGExecutor.run(TestNGExecutor.java:283)
	at org.apache.maven.surefire.testng.TestNGXmlTestSuite.execute(TestNGXmlTestSuite.java:75)
	at org.apache.maven.surefire.testng.TestNGProvider.invoke(TestNGProvider.java:120)
	at org.apache.maven.surefire.booter.ForkedBooter.invokeProviderInSameClassLoader(ForkedBooter.java:383)
	at org.apache.maven.surefire.booter.ForkedBooter.runSuitesInProcess(ForkedBooter.java:344)
	at org.apache.maven.surefire.booter.ForkedBooter.execute(ForkedBooter.java:125)
	at org.apache.maven.surefire.booter.ForkedBooter.main(ForkedBooter.java:417)
org.apache.xmlbeans.impl.values.XmlValueDisconnectedException
	at org.apache.xmlbeans.impl.values.XmlObjectBase.check_orphaned(XmlObjectBase.java:1213)
	at org.openxmlformats.schemas.spreadsheetml.x2006.main.impl.CTXfImpl.getXfId(Unknown Source)
	at org.apache.poi.xssf.model.StylesTable.getStyleAt(StylesTable.java:235)
	at org.apache.poi.xssf.usermodel.XSSFCell.getCellStyle(XSSFCell.java:483)
	at org.apache.poi.xssf.usermodel.XSSFCell.getCellStyle(XSSFCell.java:64)
	at org.apache.poi.ss.usermodel.DateUtil.isCellDateFormatted(DateUtil.java:504)
	at com.hasbrop2m.core.Xls_Reader.getCellData(Xls_Reader.java:148)
	at com.hasbrop2m.core.Utility.getData(Utility.java:61)
	at com.hasbrop2m.sanity.SanitySuite2.testDataTest(SanitySuite2.java:12751)
	at sun.reflect.NativeMethodAccessorImpl.invoke0(Native Method)
	at sun.reflect.NativeMethodAccessorImpl.invoke(NativeMethodAccessorImpl.java:62)
	at sun.reflect.DelegatingMethodAccessorImpl.invoke(DelegatingMethodAccessorImpl.java:43)
	at java.lang.reflect.Method.invoke(Method.java:498)
	at org.testng.internal.MethodInvocationHelper.invokeMethod(MethodInvocationHelper.java:124)
	at org.testng.internal.MethodInvocationHelper.invokeMethod(MethodInvocationHelper.java:74)
	at org.testng.internal.MethodInvocationHelper.invokeMethodNoCheckedException(MethodInvocationHelper.java:45)
	at org.testng.internal.MethodInvocationHelper.invokeDataProvider(MethodInvocationHelper.java:131)
	at org.testng.internal.Parameters.handleParameters(Parameters.java:706)
	at org.testng.internal.ParameterHandler.handleParameters(ParameterHandler.java:49)
	at org.testng.internal.ParameterHandler.createParameters(ParameterHandler.java:37)
	at org.testng.internal.Invoker.invokeTestMethods(Invoker.java:924)
	at org.testng.internal.TestMethodWorker.invokeTestMethods(TestMethodWorker.java:125)
	at org.testng.internal.TestMethodWorker.run(TestMethodWorker.java:109)
	at org.testng.TestRunner.privateRun(TestRunner.java:648)
	at org.testng.TestRunner.run(TestRunner.java:505)
	at org.testng.SuiteRunner.runTest(SuiteRunner.java:455)
	at org.testng.SuiteRunner.runSequentially(SuiteRunner.java:450)
	at org.testng.SuiteRunner.privateRun(SuiteRunner.java:415)
	at org.testng.SuiteRunner.run(SuiteRunner.java:364)
	at org.testng.SuiteRunnerWorker.runSuite(SuiteRunnerWorker.java:52)
	at org.testng.SuiteRunnerWorker.run(SuiteRunnerWorker.java:84)
	at org.testng.TestNG.runSuitesSequentially(TestNG.java:1208)
	at org.testng.TestNG.runSuitesLocally(TestNG.java:1137)
	at org.testng.TestNG.runSuites(TestNG.java:1049)
	at org.testng.TestNG.run(TestNG.java:1017)
	at org.apache.maven.surefire.testng.TestNGExecutor.run(TestNGExecutor.java:283)
	at org.apache.maven.surefire.testng.TestNGXmlTestSuite.execute(TestNGXmlTestSuite.java:75)
	at org.apache.maven.surefire.testng.TestNGProvider.invoke(TestNGProvider.java:120)
	at org.apache.maven.surefire.booter.ForkedBooter.invokeProviderInSameClassLoader(ForkedBooter.java:383)
	at org.apache.maven.surefire.booter.ForkedBooter.runSuitesInProcess(ForkedBooter.java:344)
	at org.apache.maven.surefire.booter.ForkedBooter.execute(ForkedBooter.java:125)
	at org.apache.maven.surefire.booter.ForkedBooter.main(ForkedBooter.java:417)
org.apache.xmlbeans.impl.values.XmlValueDisconnectedException
	at org.apache.xmlbeans.impl.values.XmlObjectBase.check_orphaned(XmlObjectBase.java:1213)
	at org.openxmlformats.schemas.spreadsheetml.x2006.main.impl.CTXfImpl.getXfId(Unknown Source)
	at org.apache.poi.xssf.model.StylesTable.getStyleAt(StylesTable.java:235)
	at org.apache.poi.xssf.usermodel.XSSFCell.getCellStyle(XSSFCell.java:483)
	at org.apache.poi.xssf.usermodel.XSSFCell.getCellStyle(XSSFCell.java:64)
	at org.apache.poi.ss.usermodel.DateUtil.isCellDateFormatted(DateUtil.java:504)
	at com.hasbrop2m.core.Xls_Reader.getCellData(Xls_Reader.java:148)
	at com.hasbrop2m.core.Utility.getData(Utility.java:61)
	at com.hasbrop2m.sanity.SanitySuite2.testDataTest(SanitySuite2.java:12751)
	at sun.reflect.NativeMethodAccessorImpl.invoke0(Native Method)
	at sun.reflect.NativeMethodAccessorImpl.invoke(NativeMethodAccessorImpl.java:62)
	at sun.reflect.DelegatingMethodAccessorImpl.invoke(DelegatingMethodAccessorImpl.java:43)
	at java.lang.reflect.Method.invoke(Method.java:498)
	at org.testng.internal.MethodInvocationHelper.invokeMethod(MethodInvocationHelper.java:124)
	at org.testng.internal.MethodInvocationHelper.invokeMethod(MethodInvocationHelper.java:74)
	at org.testng.internal.MethodInvocationHelper.invokeMethodNoCheckedException(MethodInvocationHelper.java:45)
	at org.testng.internal.MethodInvocationHelper.invokeDataProvider(MethodInvocationHelper.java:131)
	at org.testng.internal.Parameters.handleParameters(Parameters.java:706)
	at org.testng.internal.ParameterHandler.handleParameters(ParameterHandler.java:49)
	at org.testng.internal.ParameterHandler.createParameters(ParameterHandler.java:37)
	at org.testng.internal.Invoker.invokeTestMethods(Invoker.java:924)
	at org.testng.internal.TestMethodWorker.invokeTestMethods(TestMethodWorker.java:125)
	at org.testng.internal.TestMethodWorker.run(TestMethodWorker.java:109)
	at org.testng.TestRunner.privateRun(TestRunner.java:648)
	at org.testng.TestRunner.run(TestRunner.java:505)
	at org.testng.SuiteRunner.runTest(SuiteRunner.java:455)
	at org.testng.SuiteRunner.runSequentially(SuiteRunner.java:450)
	at org.testng.SuiteRunner.privateRun(SuiteRunner.java:415)
	at org.testng.SuiteRunner.run(SuiteRunner.java:364)
	at org.testng.SuiteRunnerWorker.runSuite(SuiteRunnerWorker.java:52)
	at org.testng.SuiteRunnerWorker.run(SuiteRunnerWorker.java:84)
	at org.testng.TestNG.runSuitesSequentially(TestNG.java:1208)
	at org.testng.TestNG.runSuitesLocally(TestNG.java:1137)
	at org.testng.TestNG.runSuites(TestNG.java:1049)
	at org.testng.TestNG.run(TestNG.java:1017)
	at org.apache.maven.surefire.testng.TestNGExecutor.run(TestNGExecutor.java:283)
	at org.apache.maven.surefire.testng.TestNGXmlTestSuite.execute(TestNGXmlTestSuite.java:75)
	at org.apache.maven.surefire.testng.TestNGProvider.invoke(TestNGProvider.java:120)
	at org.apache.maven.surefire.booter.ForkedBooter.invokeProviderInSameClassLoader(ForkedBooter.java:383)
	at org.apache.maven.surefire.booter.ForkedBooter.runSuitesInProcess(ForkedBooter.java:344)
	at org.apache.maven.surefire.booter.ForkedBooter.execute(ForkedBooter.java:125)
	at org.apache.maven.surefire.booter.ForkedBooter.main(ForkedBooter.java:417)
org.apache.xmlbeans.impl.values.XmlValueDisconnectedException
	at org.apache.xmlbeans.impl.values.XmlObjectBase.check_orphaned(XmlObjectBase.java:1213)
	at org.openxmlformats.schemas.spreadsheetml.x2006.main.impl.CTXfImpl.getXfId(Unknown Source)
	at org.apache.poi.xssf.model.StylesTable.getStyleAt(StylesTable.java:235)
	at org.apache.poi.xssf.usermodel.XSSFCell.getCellStyle(XSSFCell.java:483)
	at org.apache.poi.xssf.usermodel.XSSFCell.getCellStyle(XSSFCell.java:64)
	at org.apache.poi.ss.usermodel.DateUtil.isCellDateFormatted(DateUtil.java:504)
	at com.hasbrop2m.core.Xls_Reader.getCellData(Xls_Reader.java:148)
	at com.hasbrop2m.core.Utility.getData(Utility.java:61)
	at com.hasbrop2m.sanity.SanitySuite2.testDataTest(SanitySuite2.java:12751)
	at sun.reflect.NativeMethodAccessorImpl.invoke0(Native Method)
	at sun.reflect.NativeMethodAccessorImpl.invoke(NativeMethodAccessorImpl.java:62)
	at sun.reflect.DelegatingMethodAccessorImpl.invoke(DelegatingMethodAccessorImpl.java:43)
	at java.lang.reflect.Method.invoke(Method.java:498)
	at org.testng.internal.MethodInvocationHelper.invokeMethod(MethodInvocationHelper.java:124)
	at org.testng.internal.MethodInvocationHelper.invokeMethod(MethodInvocationHelper.java:74)
	at org.testng.internal.MethodInvocationHelper.invokeMethodNoCheckedException(MethodInvocationHelper.java:45)
	at org.testng.internal.MethodInvocationHelper.invokeDataProvider(MethodInvocationHelper.java:131)
	at org.testng.internal.Parameters.handleParameters(Parameters.java:706)
	at org.testng.internal.ParameterHandler.handleParameters(ParameterHandler.java:49)
	at org.testng.internal.ParameterHandler.createParameters(ParameterHandler.java:37)
	at org.testng.internal.Invoker.invokeTestMethods(Invoker.java:924)
	at org.testng.internal.TestMethodWorker.invokeTestMethods(TestMethodWorker.java:125)
	at org.testng.internal.TestMethodWorker.run(TestMethodWorker.java:109)
	at org.testng.TestRunner.privateRun(TestRunner.java:648)
	at org.testng.TestRunner.run(TestRunner.java:505)
	at org.testng.SuiteRunner.runTest(SuiteRunner.java:455)
	at org.testng.SuiteRunner.runSequentially(SuiteRunner.java:450)
	at org.testng.SuiteRunner.privateRun(SuiteRunner.java:415)
	at org.testng.SuiteRunner.run(SuiteRunner.java:364)
	at org.testng.SuiteRunnerWorker.runSuite(SuiteRunnerWorker.java:52)
	at org.testng.SuiteRunnerWorker.run(SuiteRunnerWorker.java:84)
	at org.testng.TestNG.runSuitesSequentially(TestNG.java:1208)
	at org.testng.TestNG.runSuitesLocally(TestNG.java:1137)
	at org.testng.TestNG.runSuites(TestNG.java:1049)
	at org.testng.TestNG.run(TestNG.java:1017)
	at org.apache.maven.surefire.testng.TestNGExecutor.run(TestNGExecutor.java:283)
	at org.apache.maven.surefire.testng.TestNGXmlTestSuite.execute(TestNGXmlTestSuite.java:75)
	at org.apache.maven.surefire.testng.TestNGProvider.invoke(TestNGProvider.java:120)
	at org.apache.maven.surefire.booter.ForkedBooter.invokeProviderInSameClassLoader(ForkedBooter.java:383)
	at org.apache.maven.surefire.booter.ForkedBooter.runSuitesInProcess(ForkedBooter.java:344)
	at org.apache.maven.surefire.booter.ForkedBooter.execute(ForkedBooter.java:125)
	at org.apache.maven.surefire.booter.ForkedBooter.main(ForkedBooter.java:417)
org.apache.xmlbeans.impl.values.XmlValueDisconnectedException
	at org.apache.xmlbeans.impl.values.XmlObjectBase.check_orphaned(XmlObjectBase.java:1213)
	at org.openxmlformats.schemas.spreadsheetml.x2006.main.impl.CTXfImpl.getXfId(Unknown Source)
	at org.apache.poi.xssf.model.StylesTable.getStyleAt(StylesTable.java:235)
	at org.apache.poi.xssf.usermodel.XSSFCell.getCellStyle(XSSFCell.java:483)
	at org.apache.poi.xssf.usermodel.XSSFCell.getCellStyle(XSSFCell.java:64)
	at org.apache.poi.ss.usermodel.DateUtil.isCellDateFormatted(DateUtil.java:504)
	at com.hasbrop2m.core.Xls_Reader.getCellData(Xls_Reader.java:148)
	at com.hasbrop2m.core.Utility.getData(Utility.java:61)
	at com.hasbrop2m.sanity.SanitySuite2.testDataTest(SanitySuite2.java:12751)
	at sun.reflect.NativeMethodAccessorImpl.invoke0(Native Method)
	at sun.reflect.NativeMethodAccessorImpl.invoke(NativeMethodAccessorImpl.java:62)
	at sun.reflect.DelegatingMethodAccessorImpl.invoke(DelegatingMethodAccessorImpl.java:43)
	at java.lang.reflect.Method.invoke(Method.java:498)
	at org.testng.internal.MethodInvocationHelper.invokeMethod(MethodInvocationHelper.java:124)
	at org.testng.internal.MethodInvocationHelper.invokeMethod(MethodInvocationHelper.java:74)
	at org.testng.internal.MethodInvocationHelper.invokeMethodNoCheckedException(MethodInvocationHelper.java:45)
	at org.testng.internal.MethodInvocationHelper.invokeDataProvider(MethodInvocationHelper.java:131)
	at org.testng.internal.Parameters.handleParameters(Parameters.java:706)
	at org.testng.internal.ParameterHandler.handleParameters(ParameterHandler.java:49)
	at org.testng.internal.ParameterHandler.createParameters(ParameterHandler.java:37)
	at org.testng.internal.Invoker.invokeTestMethods(Invoker.java:924)
	at org.testng.internal.TestMethodWorker.invokeTestMethods(TestMethodWorker.java:125)
	at org.testng.internal.TestMethodWorker.run(TestMethodWorker.java:109)
	at org.testng.TestRunner.privateRun(TestRunner.java:648)
	at org.testng.TestRunner.run(TestRunner.java:505)
	at org.testng.SuiteRunner.runTest(SuiteRunner.java:455)
	at org.testng.SuiteRunner.runSequentially(SuiteRunner.java:450)
	at org.testng.SuiteRunner.privateRun(SuiteRunner.java:415)
	at org.testng.SuiteRunner.run(SuiteRunner.java:364)
	at org.testng.SuiteRunnerWorker.runSuite(SuiteRunnerWorker.java:52)
	at org.testng.SuiteRunnerWorker.run(SuiteRunnerWorker.java:84)
	at org.testng.TestNG.runSuitesSequentially(TestNG.java:1208)
	at org.testng.TestNG.runSuitesLocally(TestNG.java:1137)
	at org.testng.TestNG.runSuites(TestNG.java:1049)
	at org.testng.TestNG.run(TestNG.java:1017)
	at org.apache.maven.surefire.testng.TestNGExecutor.run(TestNGExecutor.java:283)
	at org.apache.maven.surefire.testng.TestNGXmlTestSuite.execute(TestNGXmlTestSuite.java:75)
	at org.apache.maven.surefire.testng.TestNGProvider.invoke(TestNGProvider.java:120)
	at org.apache.maven.surefire.booter.ForkedBooter.invokeProviderInSameClassLoader(ForkedBooter.java:383)
	at org.apache.maven.surefire.booter.ForkedBooter.runSuitesInProcess(ForkedBooter.java:344)
	at org.apache.maven.surefire.booter.ForkedBooter.execute(ForkedBooter.java:125)
	at org.apache.maven.surefire.booter.ForkedBooter.main(ForkedBooter.java:417)
org.apache.xmlbeans.impl.values.XmlValueDisconnectedException
	at org.apache.xmlbeans.impl.values.XmlObjectBase.check_orphaned(XmlObjectBase.java:1213)
	at org.openxmlformats.schemas.spreadsheetml.x2006.main.impl.CTXfImpl.getXfId(Unknown Source)
	at org.apache.poi.xssf.model.StylesTable.getStyleAt(StylesTable.java:235)
	at org.apache.poi.xssf.usermodel.XSSFCell.getCellStyle(XSSFCell.java:483)
	at org.apache.poi.xssf.usermodel.XSSFCell.getCellStyle(XSSFCell.java:64)
	at org.apache.poi.ss.usermodel.DateUtil.isCellDateFormatted(DateUtil.java:504)
	at com.hasbrop2m.core.Xls_Reader.getCellData(Xls_Reader.java:148)
	at com.hasbrop2m.core.Utility.getData(Utility.java:61)
	at com.hasbrop2m.sanity.SanitySuite2.testDataTest(SanitySuite2.java:12751)
	at sun.reflect.NativeMethodAccessorImpl.invoke0(Native Method)
	at sun.reflect.NativeMethodAccessorImpl.invoke(NativeMethodAccessorImpl.java:62)
	at sun.reflect.DelegatingMethodAccessorImpl.invoke(DelegatingMethodAccessorImpl.java:43)
	at java.lang.reflect.Method.invoke(Method.java:498)
	at org.testng.internal.MethodInvocationHelper.invokeMethod(MethodInvocationHelper.java:124)
	at org.testng.internal.MethodInvocationHelper.invokeMethod(MethodInvocationHelper.java:74)
	at org.testng.internal.MethodInvocationHelper.invokeMethodNoCheckedException(MethodInvocationHelper.java:45)
	at org.testng.internal.MethodInvocationHelper.invokeDataProvider(MethodInvocationHelper.java:131)
	at org.testng.internal.Parameters.handleParameters(Parameters.java:706)
	at org.testng.internal.ParameterHandler.handleParameters(ParameterHandler.java:49)
	at org.testng.internal.ParameterHandler.createParameters(ParameterHandler.java:37)
	at org.testng.internal.Invoker.invokeTestMethods(Invoker.java:924)
	at org.testng.internal.TestMethodWorker.invokeTestMethods(TestMethodWorker.java:125)
	at org.testng.internal.TestMethodWorker.run(TestMethodWorker.java:109)
	at org.testng.TestRunner.privateRun(TestRunner.java:648)
	at org.testng.TestRunner.run(TestRunner.java:505)
	at org.testng.SuiteRunner.runTest(SuiteRunner.java:455)
	at org.testng.SuiteRunner.runSequentially(SuiteRunner.java:450)
	at org.testng.SuiteRunner.privateRun(SuiteRunner.java:415)
	at org.testng.SuiteRunner.run(SuiteRunner.java:364)
	at org.testng.SuiteRunnerWorker.runSuite(SuiteRunnerWorker.java:52)
	at org.testng.SuiteRunnerWorker.run(SuiteRunnerWorker.java:84)
	at org.testng.TestNG.runSuitesSequentially(TestNG.java:1208)
	at org.testng.TestNG.runSuitesLocally(TestNG.java:1137)
	at org.testng.TestNG.runSuites(TestNG.java:1049)
	at org.testng.TestNG.run(TestNG.java:1017)
	at org.apache.maven.surefire.testng.TestNGExecutor.run(TestNGExecutor.java:283)
	at org.apache.maven.surefire.testng.TestNGXmlTestSuite.execute(TestNGXmlTestSuite.java:75)
	at org.apache.maven.surefire.testng.TestNGProvider.invoke(TestNGProvider.java:120)
	at org.apache.maven.surefire.booter.ForkedBooter.invokeProviderInSameClassLoader(ForkedBooter.java:383)
	at org.apache.maven.surefire.booter.ForkedBooter.runSuitesInProcess(ForkedBooter.java:344)
	at org.apache.maven.surefire.booter.ForkedBooter.execute(ForkedBooter.java:125)
	at org.apache.maven.surefire.booter.ForkedBooter.main(ForkedBooter.java:417)
org.apache.xmlbeans.impl.values.XmlValueDisconnectedException
	at org.apache.xmlbeans.impl.values.XmlObjectBase.check_orphaned(XmlObjectBase.java:1213)
	at org.openxmlformats.schemas.spreadsheetml.x2006.main.impl.CTXfImpl.getXfId(Unknown Source)
	at org.apache.poi.xssf.model.StylesTable.getStyleAt(StylesTable.java:235)
	at org.apache.poi.xssf.usermodel.XSSFCell.getCellStyle(XSSFCell.java:483)
	at org.apache.poi.xssf.usermodel.XSSFCell.getCellStyle(XSSFCell.java:64)
	at org.apache.poi.ss.usermodel.DateUtil.isCellDateFormatted(DateUtil.java:504)
	at com.hasbrop2m.core.Xls_Reader.getCellData(Xls_Reader.java:148)
	at com.hasbrop2m.core.Utility.getData(Utility.java:61)
	at com.hasbrop2m.sanity.SanitySuite2.testDataTest(SanitySuite2.java:12751)
	at sun.reflect.NativeMethodAccessorImpl.invoke0(Native Method)
	at sun.reflect.NativeMethodAccessorImpl.invoke(NativeMethodAccessorImpl.java:62)
	at sun.reflect.DelegatingMethodAccessorImpl.invoke(DelegatingMethodAccessorImpl.java:43)
	at java.lang.reflect.Method.invoke(Method.java:498)
	at org.testng.internal.MethodInvocationHelper.invokeMethod(MethodInvocationHelper.java:124)
	at org.testng.internal.MethodInvocationHelper.invokeMethod(MethodInvocationHelper.java:74)
	at org.testng.internal.MethodInvocationHelper.invokeMethodNoCheckedException(MethodInvocationHelper.java:45)
	at org.testng.internal.MethodInvocationHelper.invokeDataProvider(MethodInvocationHelper.java:131)
	at org.testng.internal.Parameters.handleParameters(Parameters.java:706)
	at org.testng.internal.ParameterHandler.handleParameters(ParameterHandler.java:49)
	at org.testng.internal.ParameterHandler.createParameters(ParameterHandler.java:37)
	at org.testng.internal.Invoker.invokeTestMethods(Invoker.java:924)
	at org.testng.internal.TestMethodWorker.invokeTestMethods(TestMethodWorker.java:125)
	at org.testng.internal.TestMethodWorker.run(TestMethodWorker.java:109)
	at org.testng.TestRunner.privateRun(TestRunner.java:648)
	at org.testng.TestRunner.run(TestRunner.java:505)
	at org.testng.SuiteRunner.runTest(SuiteRunner.java:455)
	at org.testng.SuiteRunner.runSequentially(SuiteRunner.java:450)
	at org.testng.SuiteRunner.privateRun(SuiteRunner.java:415)
	at org.testng.SuiteRunner.run(SuiteRunner.java:364)
	at org.testng.SuiteRunnerWorker.runSuite(SuiteRunnerWorker.java:52)
	at org.testng.SuiteRunnerWorker.run(SuiteRunnerWorker.java:84)
	at org.testng.TestNG.runSuitesSequentially(TestNG.java:1208)
	at org.testng.TestNG.runSuitesLocally(TestNG.java:1137)
	at org.testng.TestNG.runSuites(TestNG.java:1049)
	at org.testng.TestNG.run(TestNG.java:1017)
	at org.apache.maven.surefire.testng.TestNGExecutor.run(TestNGExecutor.java:283)
	at org.apache.maven.surefire.testng.TestNGXmlTestSuite.execute(TestNGXmlTestSuite.java:75)
	at org.apache.maven.surefire.testng.TestNGProvider.invoke(TestNGProvider.java:120)
	at org.apache.maven.surefire.booter.ForkedBooter.invokeProviderInSameClassLoader(ForkedBooter.java:383)
	at org.apache.maven.surefire.booter.ForkedBooter.runSuitesInProcess(ForkedBooter.java:344)
	at org.apache.maven.surefire.booter.ForkedBooter.execute(ForkedBooter.java:125)
	at org.apache.maven.surefire.booter.ForkedBooter.main(ForkedBooter.java:417)
org.apache.xmlbeans.impl.values.XmlValueDisconnectedException
	at org.apache.xmlbeans.impl.values.XmlObjectBase.check_orphaned(XmlObjectBase.java:1213)
	at org.openxmlformats.schemas.spreadsheetml.x2006.main.impl.CTXfImpl.getXfId(Unknown Source)
	at org.apache.poi.xssf.model.StylesTable.getStyleAt(StylesTable.java:235)
	at org.apache.poi.xssf.usermodel.XSSFCell.getCellStyle(XSSFCell.java:483)
	at org.apache.poi.xssf.usermodel.XSSFCell.getCellStyle(XSSFCell.java:64)
	at org.apache.poi.ss.usermodel.DateUtil.isCellDateFormatted(DateUtil.java:504)
	at com.hasbrop2m.core.Xls_Reader.getCellData(Xls_Reader.java:148)
	at com.hasbrop2m.core.Utility.getData(Utility.java:61)
	at com.hasbrop2m.sanity.SanitySuite2.testDataTest(SanitySuite2.java:12751)
	at sun.reflect.NativeMethodAccessorImpl.invoke0(Native Method)
	at sun.reflect.NativeMethodAccessorImpl.invoke(NativeMethodAccessorImpl.java:62)
	at sun.reflect.DelegatingMethodAccessorImpl.invoke(DelegatingMethodAccessorImpl.java:43)
	at java.lang.reflect.Method.invoke(Method.java:498)
	at org.testng.internal.MethodInvocationHelper.invokeMethod(MethodInvocationHelper.java:124)
	at org.testng.internal.MethodInvocationHelper.invokeMethod(MethodInvocationHelper.java:74)
	at org.testng.internal.MethodInvocationHelper.invokeMethodNoCheckedException(MethodInvocationHelper.java:45)
	at org.testng.internal.MethodInvocationHelper.invokeDataProvider(MethodInvocationHelper.java:131)
	at org.testng.internal.Parameters.handleParameters(Parameters.java:706)
	at org.testng.internal.ParameterHandler.handleParameters(ParameterHandler.java:49)
	at org.testng.internal.ParameterHandler.createParameters(ParameterHandler.java:37)
	at org.testng.internal.Invoker.invokeTestMethods(Invoker.java:924)
	at org.testng.internal.TestMethodWorker.invokeTestMethods(TestMethodWorker.java:125)
	at org.testng.internal.TestMethodWorker.run(TestMethodWorker.java:109)
	at org.testng.TestRunner.privateRun(TestRunner.java:648)
	at org.testng.TestRunner.run(TestRunner.java:505)
	at org.testng.SuiteRunner.runTest(SuiteRunner.java:455)
	at org.testng.SuiteRunner.runSequentially(SuiteRunner.java:450)
	at org.testng.SuiteRunner.privateRun(SuiteRunner.java:415)
	at org.testng.SuiteRunner.run(SuiteRunner.java:364)
	at org.testng.SuiteRunnerWorker.runSuite(SuiteRunnerWorker.java:52)
	at org.testng.SuiteRunnerWorker.run(SuiteRunnerWorker.java:84)
	at org.testng.TestNG.runSuitesSequentially(TestNG.java:1208)
	at org.testng.TestNG.runSuitesLocally(TestNG.java:1137)
	at org.testng.TestNG.runSuites(TestNG.java:1049)
	at org.testng.TestNG.run(TestNG.java:1017)
	at org.apache.maven.surefire.testng.TestNGExecutor.run(TestNGExecutor.java:283)
	at org.apache.maven.surefire.testng.TestNGXmlTestSuite.execute(TestNGXmlTestSuite.java:75)
	at org.apache.maven.surefire.testng.TestNGProvider.invoke(TestNGProvider.java:120)
	at org.apache.maven.surefire.booter.ForkedBooter.invokeProviderInSameClassLoader(ForkedBooter.java:383)
	at org.apache.maven.surefire.booter.ForkedBooter.runSuitesInProcess(ForkedBooter.java:344)
	at org.apache.maven.surefire.booter.ForkedBooter.execute(ForkedBooter.java:125)
	at org.apache.maven.surefire.booter.ForkedBooter.main(ForkedBooter.java:417)
org.apache.xmlbeans.impl.values.XmlValueDisconnectedException
	at org.apache.xmlbeans.impl.values.XmlObjectBase.check_orphaned(XmlObjectBase.java:1213)
	at org.openxmlformats.schemas.spreadsheetml.x2006.main.impl.CTXfImpl.getXfId(Unknown Source)
	at org.apache.poi.xssf.model.StylesTable.getStyleAt(StylesTable.java:235)
	at org.apache.poi.xssf.usermodel.XSSFCell.getCellStyle(XSSFCell.java:483)
	at org.apache.poi.xssf.usermodel.XSSFCell.getCellStyle(XSSFCell.java:64)
	at org.apache.poi.ss.usermodel.DateUtil.isCellDateFormatted(DateUtil.java:504)
	at com.hasbrop2m.core.Xls_Reader.getCellData(Xls_Reader.java:148)
	at com.hasbrop2m.core.Utility.getData(Utility.java:61)
	at com.hasbrop2m.sanity.SanitySuite2.testDataTest(SanitySuite2.java:12751)
	at sun.reflect.NativeMethodAccessorImpl.invoke0(Native Method)
	at sun.reflect.NativeMethodAccessorImpl.invoke(NativeMethodAccessorImpl.java:62)
	at sun.reflect.DelegatingMethodAccessorImpl.invoke(DelegatingMethodAccessorImpl.java:43)
	at java.lang.reflect.Method.invoke(Method.java:498)
	at org.testng.internal.MethodInvocationHelper.invokeMethod(MethodInvocationHelper.java:124)
	at org.testng.internal.MethodInvocationHelper.invokeMethod(MethodInvocationHelper.java:74)
	at org.testng.internal.MethodInvocationHelper.invokeMethodNoCheckedException(MethodInvocationHelper.java:45)
	at org.testng.internal.MethodInvocationHelper.invokeDataProvider(MethodInvocationHelper.java:131)
	at org.testng.internal.Parameters.handleParameters(Parameters.java:706)
	at org.testng.internal.ParameterHandler.handleParameters(ParameterHandler.java:49)
	at org.testng.internal.ParameterHandler.createParameters(ParameterHandler.java:37)
	at org.testng.internal.Invoker.invokeTestMethods(Invoker.java:924)
	at org.testng.internal.TestMethodWorker.invokeTestMethods(TestMethodWorker.java:125)
	at org.testng.internal.TestMethodWorker.run(TestMethodWorker.java:109)
	at org.testng.TestRunner.privateRun(TestRunner.java:648)
	at org.testng.TestRunner.run(TestRunner.java:505)
	at org.testng.SuiteRunner.runTest(SuiteRunner.java:455)
	at org.testng.SuiteRunner.runSequentially(SuiteRunner.java:450)
	at org.testng.SuiteRunner.privateRun(SuiteRunner.java:415)
	at org.testng.SuiteRunner.run(SuiteRunner.java:364)
	at org.testng.SuiteRunnerWorker.runSuite(SuiteRunnerWorker.java:52)
	at org.testng.SuiteRunnerWorker.run(SuiteRunnerWorker.java:84)
	at org.testng.TestNG.runSuitesSequentially(TestNG.java:1208)
	at org.testng.TestNG.runSuitesLocally(TestNG.java:1137)
	at org.testng.TestNG.runSuites(TestNG.java:1049)
	at org.testng.TestNG.run(TestNG.java:1017)
	at org.apache.maven.surefire.testng.TestNGExecutor.run(TestNGExecutor.java:283)
	at org.apache.maven.surefire.testng.TestNGXmlTestSuite.execute(TestNGXmlTestSuite.java:75)
	at org.apache.maven.surefire.testng.TestNGProvider.invoke(TestNGProvider.java:120)
	at org.apache.maven.surefire.booter.ForkedBooter.invokeProviderInSameClassLoader(ForkedBooter.java:383)
	at org.apache.maven.surefire.booter.ForkedBooter.runSuitesInProcess(ForkedBooter.java:344)
	at org.apache.maven.surefire.booter.ForkedBooter.execute(ForkedBooter.java:125)
	at org.apache.maven.surefire.booter.ForkedBooter.main(ForkedBooter.java:417)
org.apache.xmlbeans.impl.values.XmlValueDisconnectedException
	at org.apache.xmlbeans.impl.values.XmlObjectBase.check_orphaned(XmlObjectBase.java:1213)
	at org.openxmlformats.schemas.spreadsheetml.x2006.main.impl.CTXfImpl.getXfId(Unknown Source)
	at org.apache.poi.xssf.model.StylesTable.getStyleAt(StylesTable.java:235)
	at org.apache.poi.xssf.usermodel.XSSFCell.getCellStyle(XSSFCell.java:483)
	at org.apache.poi.xssf.usermodel.XSSFCell.getCellStyle(XSSFCell.java:64)
	at org.apache.poi.ss.usermodel.DateUtil.isCellDateFormatted(DateUtil.java:504)
	at com.hasbrop2m.core.Xls_Reader.getCellData(Xls_Reader.java:148)
	at com.hasbrop2m.core.Utility.getData(Utility.java:61)
	at com.hasbrop2m.sanity.SanitySuite2.testDataTest(SanitySuite2.java:12751)
	at sun.reflect.NativeMethodAccessorImpl.invoke0(Native Method)
	at sun.reflect.NativeMethodAccessorImpl.invoke(NativeMethodAccessorImpl.java:62)
	at sun.reflect.DelegatingMethodAccessorImpl.invoke(DelegatingMethodAccessorImpl.java:43)
	at java.lang.reflect.Method.invoke(Method.java:498)
	at org.testng.internal.MethodInvocationHelper.invokeMethod(MethodInvocationHelper.java:124)
	at org.testng.internal.MethodInvocationHelper.invokeMethod(MethodInvocationHelper.java:74)
	at org.testng.internal.MethodInvocationHelper.invokeMethodNoCheckedException(MethodInvocationHelper.java:45)
	at org.testng.internal.MethodInvocationHelper.invokeDataProvider(MethodInvocationHelper.java:131)
	at org.testng.internal.Parameters.handleParameters(Parameters.java:706)
	at org.testng.internal.ParameterHandler.handleParameters(ParameterHandler.java:49)
	at org.testng.internal.ParameterHandler.createParameters(ParameterHandler.java:37)
	at org.testng.internal.Invoker.invokeTestMethods(Invoker.java:924)
	at org.testng.internal.TestMethodWorker.invokeTestMethods(TestMethodWorker.java:125)
	at org.testng.internal.TestMethodWorker.run(TestMethodWorker.java:109)
	at org.testng.TestRunner.privateRun(TestRunner.java:648)
	at org.testng.TestRunner.run(TestRunner.java:505)
	at org.testng.SuiteRunner.runTest(SuiteRunner.java:455)
	at org.testng.SuiteRunner.runSequentially(SuiteRunner.java:450)
	at org.testng.SuiteRunner.privateRun(SuiteRunner.java:415)
	at org.testng.SuiteRunner.run(SuiteRunner.java:364)
	at org.testng.SuiteRunnerWorker.runSuite(SuiteRunnerWorker.java:52)
	at org.testng.SuiteRunnerWorker.run(SuiteRunnerWorker.java:84)
	at org.testng.TestNG.runSuitesSequentially(TestNG.java:1208)
	at org.testng.TestNG.runSuitesLocally(TestNG.java:1137)
	at org.testng.TestNG.runSuites(TestNG.java:1049)
	at org.testng.TestNG.run(TestNG.java:1017)
	at org.apache.maven.surefire.testng.TestNGExecutor.run(TestNGExecutor.java:283)
	at org.apache.maven.surefire.testng.TestNGXmlTestSuite.execute(TestNGXmlTestSuite.java:75)
	at org.apache.maven.surefire.testng.TestNGProvider.invoke(TestNGProvider.java:120)
	at org.apache.maven.surefire.booter.ForkedBooter.invokeProviderInSameClassLoader(ForkedBooter.java:383)
	at org.apache.maven.surefire.booter.ForkedBooter.runSuitesInProcess(ForkedBooter.java:344)
	at org.apache.maven.surefire.booter.ForkedBooter.execute(ForkedBooter.java:125)
	at org.apache.maven.surefire.booter.ForkedBooter.main(ForkedBooter.java:417)
org.apache.xmlbeans.impl.values.XmlValueDisconnectedException
	at org.apache.xmlbeans.impl.values.XmlObjectBase.check_orphaned(XmlObjectBase.java:1213)
	at org.openxmlformats.schemas.spreadsheetml.x2006.main.impl.CTXfImpl.getXfId(Unknown Source)
	at org.apache.poi.xssf.model.StylesTable.getStyleAt(StylesTable.java:235)
	at org.apache.poi.xssf.usermodel.XSSFCell.getCellStyle(XSSFCell.java:483)
	at org.apache.poi.xssf.usermodel.XSSFCell.getCellStyle(XSSFCell.java:64)
	at org.apache.poi.ss.usermodel.DateUtil.isCellDateFormatted(DateUtil.java:504)
	at com.hasbrop2m.core.Xls_Reader.getCellData(Xls_Reader.java:148)
	at com.hasbrop2m.core.Utility.getData(Utility.java:61)
	at com.hasbrop2m.sanity.SanitySuite2.testDataTest(SanitySuite2.java:12751)
	at sun.reflect.NativeMethodAccessorImpl.invoke0(Native Method)
	at sun.reflect.NativeMethodAccessorImpl.invoke(NativeMethodAccessorImpl.java:62)
	at sun.reflect.DelegatingMethodAccessorImpl.invoke(DelegatingMethodAccessorImpl.java:43)
	at java.lang.reflect.Method.invoke(Method.java:498)
	at org.testng.internal.MethodInvocationHelper.invokeMethod(MethodInvocationHelper.java:124)
	at org.testng.internal.MethodInvocationHelper.invokeMethod(MethodInvocationHelper.java:74)
	at org.testng.internal.MethodInvocationHelper.invokeMethodNoCheckedException(MethodInvocationHelper.java:45)
	at org.testng.internal.MethodInvocationHelper.invokeDataProvider(MethodInvocationHelper.java:131)
	at org.testng.internal.Parameters.handleParameters(Parameters.java:706)
	at org.testng.internal.ParameterHandler.handleParameters(ParameterHandler.java:49)
	at org.testng.internal.ParameterHandler.createParameters(ParameterHandler.java:37)
	at org.testng.internal.Invoker.invokeTestMethods(Invoker.java:924)
	at org.testng.internal.TestMethodWorker.invokeTestMethods(TestMethodWorker.java:125)
	at org.testng.internal.TestMethodWorker.run(TestMethodWorker.java:109)
	at org.testng.TestRunner.privateRun(TestRunner.java:648)
	at org.testng.TestRunner.run(TestRunner.java:505)
	at org.testng.SuiteRunner.runTest(SuiteRunner.java:455)
	at org.testng.SuiteRunner.runSequentially(SuiteRunner.java:450)
	at org.testng.SuiteRunner.privateRun(SuiteRunner.java:415)
	at org.testng.SuiteRunner.run(SuiteRunner.java:364)
	at org.testng.SuiteRunnerWorker.runSuite(SuiteRunnerWorker.java:52)
	at org.testng.SuiteRunnerWorker.run(SuiteRunnerWorker.java:84)
	at org.testng.TestNG.runSuitesSequentially(TestNG.java:1208)
	at org.testng.TestNG.runSuitesLocally(TestNG.java:1137)
	at org.testng.TestNG.runSuites(TestNG.java:1049)
	at org.testng.TestNG.run(TestNG.java:1017)
	at org.apache.maven.surefire.testng.TestNGExecutor.run(TestNGExecutor.java:283)
	at org.apache.maven.surefire.testng.TestNGXmlTestSuite.execute(TestNGXmlTestSuite.java:75)
	at org.apache.maven.surefire.testng.TestNGProvider.invoke(TestNGProvider.java:120)
	at org.apache.maven.surefire.booter.ForkedBooter.invokeProviderInSameClassLoader(ForkedBooter.java:383)
	at org.apache.maven.surefire.booter.ForkedBooter.runSuitesInProcess(ForkedBooter.java:344)
	at org.apache.maven.surefire.booter.ForkedBooter.execute(ForkedBooter.java:125)
	at org.apache.maven.surefire.booter.ForkedBooter.main(ForkedBooter.java:417)
org.apache.xmlbeans.impl.values.XmlValueDisconnectedException
	at org.apache.xmlbeans.impl.values.XmlObjectBase.check_orphaned(XmlObjectBase.java:1213)
	at org.openxmlformats.schemas.spreadsheetml.x2006.main.impl.CTXfImpl.getXfId(Unknown Source)
	at org.apache.poi.xssf.model.StylesTable.getStyleAt(StylesTable.java:235)
	at org.apache.poi.xssf.usermodel.XSSFCell.getCellStyle(XSSFCell.java:483)
	at org.apache.poi.xssf.usermodel.XSSFCell.getCellStyle(XSSFCell.java:64)
	at org.apache.poi.ss.usermodel.DateUtil.isCellDateFormatted(DateUtil.java:504)
	at com.hasbrop2m.core.Xls_Reader.getCellData(Xls_Reader.java:148)
	at com.hasbrop2m.core.Utility.getData(Utility.java:61)
	at com.hasbrop2m.sanity.SanitySuite2.testDataTest(SanitySuite2.java:12751)
	at sun.reflect.NativeMethodAccessorImpl.invoke0(Native Method)
	at sun.reflect.NativeMethodAccessorImpl.invoke(NativeMethodAccessorImpl.java:62)
	at sun.reflect.DelegatingMethodAccessorImpl.invoke(DelegatingMethodAccessorImpl.java:43)
	at java.lang.reflect.Method.invoke(Method.java:498)
	at org.testng.internal.MethodInvocationHelper.invokeMethod(MethodInvocationHelper.java:124)
	at org.testng.internal.MethodInvocationHelper.invokeMethod(MethodInvocationHelper.java:74)
	at org.testng.internal.MethodInvocationHelper.invokeMethodNoCheckedException(MethodInvocationHelper.java:45)
	at org.testng.internal.MethodInvocationHelper.invokeDataProvider(MethodInvocationHelper.java:131)
	at org.testng.internal.Parameters.handleParameters(Parameters.java:706)
	at org.testng.internal.ParameterHandler.handleParameters(ParameterHandler.java:49)
	at org.testng.internal.ParameterHandler.createParameters(ParameterHandler.java:37)
	at org.testng.internal.Invoker.invokeTestMethods(Invoker.java:924)
	at org.testng.internal.TestMethodWorker.invokeTestMethods(TestMethodWorker.java:125)
	at org.testng.internal.TestMethodWorker.run(TestMethodWorker.java:109)
	at org.testng.TestRunner.privateRun(TestRunner.java:648)
	at org.testng.TestRunner.run(TestRunner.java:505)
	at org.testng.SuiteRunner.runTest(SuiteRunner.java:455)
	at org.testng.SuiteRunner.runSequentially(SuiteRunner.java:450)
	at org.testng.SuiteRunner.privateRun(SuiteRunner.java:415)
	at org.testng.SuiteRunner.run(SuiteRunner.java:364)
	at org.testng.SuiteRunnerWorker.runSuite(SuiteRunnerWorker.java:52)
	at org.testng.SuiteRunnerWorker.run(SuiteRunnerWorker.java:84)
	at org.testng.TestNG.runSuitesSequentially(TestNG.java:1208)
	at org.testng.TestNG.runSuitesLocally(TestNG.java:1137)
	at org.testng.TestNG.runSuites(TestNG.java:1049)
	at org.testng.TestNG.run(TestNG.java:1017)
	at org.apache.maven.surefire.testng.TestNGExecutor.run(TestNGExecutor.java:283)
	at org.apache.maven.surefire.testng.TestNGXmlTestSuite.execute(TestNGXmlTestSuite.java:75)
	at org.apache.maven.surefire.testng.TestNGProvider.invoke(TestNGProvider.java:120)
	at org.apache.maven.surefire.booter.ForkedBooter.invokeProviderInSameClassLoader(ForkedBooter.java:383)
	at org.apache.maven.surefire.booter.ForkedBooter.runSuitesInProcess(ForkedBooter.java:344)
	at org.apache.maven.surefire.booter.ForkedBooter.execute(ForkedBooter.java:125)
	at org.apache.maven.surefire.booter.ForkedBooter.main(ForkedBooter.java:417)
org.apache.xmlbeans.impl.values.XmlValueDisconnectedException
	at org.apache.xmlbeans.impl.values.XmlObjectBase.check_orphaned(XmlObjectBase.java:1213)
	at org.openxmlformats.schemas.spreadsheetml.x2006.main.impl.CTXfImpl.getXfId(Unknown Source)
	at org.apache.poi.xssf.model.StylesTable.getStyleAt(StylesTable.java:235)
	at org.apache.poi.xssf.usermodel.XSSFCell.getCellStyle(XSSFCell.java:483)
	at org.apache.poi.xssf.usermodel.XSSFCell.getCellStyle(XSSFCell.java:64)
	at org.apache.poi.ss.usermodel.DateUtil.isCellDateFormatted(DateUtil.java:504)
	at com.hasbrop2m.core.Xls_Reader.getCellData(Xls_Reader.java:148)
	at com.hasbrop2m.core.Utility.getData(Utility.java:61)
	at com.hasbrop2m.sanity.SanitySuite2.testDataTest(SanitySuite2.java:12751)
	at sun.reflect.NativeMethodAccessorImpl.invoke0(Native Method)
	at sun.reflect.NativeMethodAccessorImpl.invoke(NativeMethodAccessorImpl.java:62)
	at sun.reflect.DelegatingMethodAccessorImpl.invoke(DelegatingMethodAccessorImpl.java:43)
	at java.lang.reflect.Method.invoke(Method.java:498)
	at org.testng.internal.MethodInvocationHelper.invokeMethod(MethodInvocationHelper.java:124)
	at org.testng.internal.MethodInvocationHelper.invokeMethod(MethodInvocationHelper.java:74)
	at org.testng.internal.MethodInvocationHelper.invokeMethodNoCheckedException(MethodInvocationHelper.java:45)
	at org.testng.internal.MethodInvocationHelper.invokeDataProvider(MethodInvocationHelper.java:131)
	at org.testng.internal.Parameters.handleParameters(Parameters.java:706)
	at org.testng.internal.ParameterHandler.handleParameters(ParameterHandler.java:49)
	at org.testng.internal.ParameterHandler.createParameters(ParameterHandler.java:37)
	at org.testng.internal.Invoker.invokeTestMethods(Invoker.java:924)
	at org.testng.internal.TestMethodWorker.invokeTestMethods(TestMethodWorker.java:125)
	at org.testng.internal.TestMethodWorker.run(TestMethodWorker.java:109)
	at org.testng.TestRunner.privateRun(TestRunner.java:648)
	at org.testng.TestRunner.run(TestRunner.java:505)
	at org.testng.SuiteRunner.runTest(SuiteRunner.java:455)
	at org.testng.SuiteRunner.runSequentially(SuiteRunner.java:450)
	at org.testng.SuiteRunner.privateRun(SuiteRunner.java:415)
	at org.testng.SuiteRunner.run(SuiteRunner.java:364)
	at org.testng.SuiteRunnerWorker.runSuite(SuiteRunnerWorker.java:52)
	at org.testng.SuiteRunnerWorker.run(SuiteRunnerWorker.java:84)
	at org.testng.TestNG.runSuitesSequentially(TestNG.java:1208)
	at org.testng.TestNG.runSuitesLocally(TestNG.java:1137)
	at org.testng.TestNG.runSuites(TestNG.java:1049)
	at org.testng.TestNG.run(TestNG.java:1017)
	at org.apache.maven.surefire.testng.TestNGExecutor.run(TestNGExecutor.java:283)
	at org.apache.maven.surefire.testng.TestNGXmlTestSuite.execute(TestNGXmlTestSuite.java:75)
	at org.apache.maven.surefire.testng.TestNGProvider.invoke(TestNGProvider.java:120)
	at org.apache.maven.surefire.booter.ForkedBooter.invokeProviderInSameClassLoader(ForkedBooter.java:383)
	at org.apache.maven.surefire.booter.ForkedBooter.runSuitesInProcess(ForkedBooter.java:344)
	at org.apache.maven.surefire.booter.ForkedBooter.execute(ForkedBooter.java:125)
	at org.apache.maven.surefire.booter.ForkedBooter.main(ForkedBooter.java:417)
org.apache.xmlbeans.impl.values.XmlValueDisconnectedException
	at org.apache.xmlbeans.impl.values.XmlObjectBase.check_orphaned(XmlObjectBase.java:1213)
	at org.openxmlformats.schemas.spreadsheetml.x2006.main.impl.CTXfImpl.getXfId(Unknown Source)
	at org.apache.poi.xssf.model.StylesTable.getStyleAt(StylesTable.java:235)
	at org.apache.poi.xssf.usermodel.XSSFCell.getCellStyle(XSSFCell.java:483)
	at org.apache.poi.xssf.usermodel.XSSFCell.getCellStyle(XSSFCell.java:64)
	at org.apache.poi.ss.usermodel.DateUtil.isCellDateFormatted(DateUtil.java:504)
	at com.hasbrop2m.core.Xls_Reader.getCellData(Xls_Reader.java:148)
	at com.hasbrop2m.core.Utility.getData(Utility.java:61)
	at com.hasbrop2m.sanity.SanitySuite2.testDataTest(SanitySuite2.java:12751)
	at sun.reflect.NativeMethodAccessorImpl.invoke0(Native Method)
	at sun.reflect.NativeMethodAccessorImpl.invoke(NativeMethodAccessorImpl.java:62)
	at sun.reflect.DelegatingMethodAccessorImpl.invoke(DelegatingMethodAccessorImpl.java:43)
	at java.lang.reflect.Method.invoke(Method.java:498)
	at org.testng.internal.MethodInvocationHelper.invokeMethod(MethodInvocationHelper.java:124)
	at org.testng.internal.MethodInvocationHelper.invokeMethod(MethodInvocationHelper.java:74)
	at org.testng.internal.MethodInvocationHelper.invokeMethodNoCheckedException(MethodInvocationHelper.java:45)
	at org.testng.internal.MethodInvocationHelper.invokeDataProvider(MethodInvocationHelper.java:131)
	at org.testng.internal.Parameters.handleParameters(Parameters.java:706)
	at org.testng.internal.ParameterHandler.handleParameters(ParameterHandler.java:49)
	at org.testng.internal.ParameterHandler.createParameters(ParameterHandler.java:37)
	at org.testng.internal.Invoker.invokeTestMethods(Invoker.java:924)
	at org.testng.internal.TestMethodWorker.invokeTestMethods(TestMethodWorker.java:125)
	at org.testng.internal.TestMethodWorker.run(TestMethodWorker.java:109)
	at org.testng.TestRunner.privateRun(TestRunner.java:648)
	at org.testng.TestRunner.run(TestRunner.java:505)
	at org.testng.SuiteRunner.runTest(SuiteRunner.java:455)
	at org.testng.SuiteRunner.runSequentially(SuiteRunner.java:450)
	at org.testng.SuiteRunner.privateRun(SuiteRunner.java:415)
	at org.testng.SuiteRunner.run(SuiteRunner.java:364)
	at org.testng.SuiteRunnerWorker.runSuite(SuiteRunnerWorker.java:52)
	at org.testng.SuiteRunnerWorker.run(SuiteRunnerWorker.java:84)
	at org.testng.TestNG.runSuitesSequentially(TestNG.java:1208)
	at org.testng.TestNG.runSuitesLocally(TestNG.java:1137)
	at org.testng.TestNG.runSuites(TestNG.java:1049)
	at org.testng.TestNG.run(TestNG.java:1017)
	at org.apache.maven.surefire.testng.TestNGExecutor.run(TestNGExecutor.java:283)
	at org.apache.maven.surefire.testng.TestNGXmlTestSuite.execute(TestNGXmlTestSuite.java:75)
	at org.apache.maven.surefire.testng.TestNGProvider.invoke(TestNGProvider.java:120)
	at org.apache.maven.surefire.booter.ForkedBooter.invokeProviderInSameClassLoader(ForkedBooter.java:383)
	at org.apache.maven.surefire.booter.ForkedBooter.runSuitesInProcess(ForkedBooter.java:344)
	at org.apache.maven.surefire.booter.ForkedBooter.execute(ForkedBooter.java:125)
	at org.apache.maven.surefire.booter.ForkedBooter.main(ForkedBooter.java:417)
org.apache.xmlbeans.impl.values.XmlValueDisconnectedException
	at org.apache.xmlbeans.impl.values.XmlObjectBase.check_orphaned(XmlObjectBase.java:1213)
	at org.openxmlformats.schemas.spreadsheetml.x2006.main.impl.CTXfImpl.getXfId(Unknown Source)
	at org.apache.poi.xssf.model.StylesTable.getStyleAt(StylesTable.java:235)
	at org.apache.poi.xssf.usermodel.XSSFCell.getCellStyle(XSSFCell.java:483)
	at org.apache.poi.xssf.usermodel.XSSFCell.getCellStyle(XSSFCell.java:64)
	at org.apache.poi.ss.usermodel.DateUtil.isCellDateFormatted(DateUtil.java:504)
	at com.hasbrop2m.core.Xls_Reader.getCellData(Xls_Reader.java:148)
	at com.hasbrop2m.core.Utility.getData(Utility.java:61)
	at com.hasbrop2m.sanity.SanitySuite2.testDataTest(SanitySuite2.java:12751)
	at sun.reflect.NativeMethodAccessorImpl.invoke0(Native Method)
	at sun.reflect.NativeMethodAccessorImpl.invoke(NativeMethodAccessorImpl.java:62)
	at sun.reflect.DelegatingMethodAccessorImpl.invoke(DelegatingMethodAccessorImpl.java:43)
	at java.lang.reflect.Method.invoke(Method.java:498)
	at org.testng.internal.MethodInvocationHelper.invokeMethod(MethodInvocationHelper.java:124)
	at org.testng.internal.MethodInvocationHelper.invokeMethod(MethodInvocationHelper.java:74)
	at org.testng.internal.MethodInvocationHelper.invokeMethodNoCheckedException(MethodInvocationHelper.java:45)
	at org.testng.internal.MethodInvocationHelper.invokeDataProvider(MethodInvocationHelper.java:131)
	at org.testng.internal.Parameters.handleParameters(Parameters.java:706)
	at org.testng.internal.ParameterHandler.handleParameters(ParameterHandler.java:49)
	at org.testng.internal.ParameterHandler.createParameters(ParameterHandler.java:37)
	at org.testng.internal.Invoker.invokeTestMethods(Invoker.java:924)
	at org.testng.internal.TestMethodWorker.invokeTestMethods(TestMethodWorker.java:125)
	at org.testng.internal.TestMethodWorker.run(TestMethodWorker.java:109)
	at org.testng.TestRunner.privateRun(TestRunner.java:648)
	at org.testng.TestRunner.run(TestRunner.java:505)
	at org.testng.SuiteRunner.runTest(SuiteRunner.java:455)
	at org.testng.SuiteRunner.runSequentially(SuiteRunner.java:450)
	at org.testng.SuiteRunner.privateRun(SuiteRunner.java:415)
	at org.testng.SuiteRunner.run(SuiteRunner.java:364)
	at org.testng.SuiteRunnerWorker.runSuite(SuiteRunnerWorker.java:52)
	at org.testng.SuiteRunnerWorker.run(SuiteRunnerWorker.java:84)
	at org.testng.TestNG.runSuitesSequentially(TestNG.java:1208)
	at org.testng.TestNG.runSuitesLocally(TestNG.java:1137)
	at org.testng.TestNG.runSuites(TestNG.java:1049)
	at org.testng.TestNG.run(TestNG.java:1017)
	at org.apache.maven.surefire.testng.TestNGExecutor.run(TestNGExecutor.java:283)
	at org.apache.maven.surefire.testng.TestNGXmlTestSuite.execute(TestNGXmlTestSuite.java:75)
	at org.apache.maven.surefire.testng.TestNGProvider.invoke(TestNGProvider.java:120)
	at org.apache.maven.surefire.booter.ForkedBooter.invokeProviderInSameClassLoader(ForkedBooter.java:383)
	at org.apache.maven.surefire.booter.ForkedBooter.runSuitesInProcess(ForkedBooter.java:344)
	at org.apache.maven.surefire.booter.ForkedBooter.execute(ForkedBooter.java:125)
	at org.apache.maven.surefire.booter.ForkedBooter.main(ForkedBooter.java:417)
org.apache.xmlbeans.impl.values.XmlValueDisconnectedException
	at org.apache.xmlbeans.impl.values.XmlObjectBase.check_orphaned(XmlObjectBase.java:1213)
	at org.openxmlformats.schemas.spreadsheetml.x2006.main.impl.CTXfImpl.getXfId(Unknown Source)
	at org.apache.poi.xssf.model.StylesTable.getStyleAt(StylesTable.java:235)
	at org.apache.poi.xssf.usermodel.XSSFCell.getCellStyle(XSSFCell.java:483)
	at org.apache.poi.xssf.usermodel.XSSFCell.getCellStyle(XSSFCell.java:64)
	at org.apache.poi.ss.usermodel.DateUtil.isCellDateFormatted(DateUtil.java:504)
	at com.hasbrop2m.core.Xls_Reader.getCellData(Xls_Reader.java:148)
	at com.hasbrop2m.core.Utility.getData(Utility.java:61)
	at com.hasbrop2m.sanity.SanitySuite2.testDataTest(SanitySuite2.java:12751)
	at sun.reflect.NativeMethodAccessorImpl.invoke0(Native Method)
	at sun.reflect.NativeMethodAccessorImpl.invoke(NativeMethodAccessorImpl.java:62)
	at sun.reflect.DelegatingMethodAccessorImpl.invoke(DelegatingMethodAccessorImpl.java:43)
	at java.lang.reflect.Method.invoke(Method.java:498)
	at org.testng.internal.MethodInvocationHelper.invokeMethod(MethodInvocationHelper.java:124)
	at org.testng.internal.MethodInvocationHelper.invokeMethod(MethodInvocationHelper.java:74)
	at org.testng.internal.MethodInvocationHelper.invokeMethodNoCheckedException(MethodInvocationHelper.java:45)
	at org.testng.internal.MethodInvocationHelper.invokeDataProvider(MethodInvocationHelper.java:131)
	at org.testng.internal.Parameters.handleParameters(Parameters.java:706)
	at org.testng.internal.ParameterHandler.handleParameters(ParameterHandler.java:49)
	at org.testng.internal.ParameterHandler.createParameters(ParameterHandler.java:37)
	at org.testng.internal.Invoker.invokeTestMethods(Invoker.java:924)
	at org.testng.internal.TestMethodWorker.invokeTestMethods(TestMethodWorker.java:125)
	at org.testng.internal.TestMethodWorker.run(TestMethodWorker.java:109)
	at org.testng.TestRunner.privateRun(TestRunner.java:648)
	at org.testng.TestRunner.run(TestRunner.java:505)
	at org.testng.SuiteRunner.runTest(SuiteRunner.java:455)
	at org.testng.SuiteRunner.runSequentially(SuiteRunner.java:450)
	at org.testng.SuiteRunner.privateRun(SuiteRunner.java:415)
	at org.testng.SuiteRunner.run(SuiteRunner.java:364)
	at org.testng.SuiteRunnerWorker.runSuite(SuiteRunnerWorker.java:52)
	at org.testng.SuiteRunnerWorker.run(SuiteRunnerWorker.java:84)
	at org.testng.TestNG.runSuitesSequentially(TestNG.java:1208)
	at org.testng.TestNG.runSuitesLocally(TestNG.java:1137)
	at org.testng.TestNG.runSuites(TestNG.java:1049)
	at org.testng.TestNG.run(TestNG.java:1017)
	at org.apache.maven.surefire.testng.TestNGExecutor.run(TestNGExecutor.java:283)
	at org.apache.maven.surefire.testng.TestNGXmlTestSuite.execute(TestNGXmlTestSuite.java:75)
	at org.apache.maven.surefire.testng.TestNGProvider.invoke(TestNGProvider.java:120)
	at org.apache.maven.surefire.booter.ForkedBooter.invokeProviderInSameClassLoader(ForkedBooter.java:383)
	at org.apache.maven.surefire.booter.ForkedBooter.runSuitesInProcess(ForkedBooter.java:344)
	at org.apache.maven.surefire.booter.ForkedBooter.execute(ForkedBooter.java:125)
	at org.apache.maven.surefire.booter.ForkedBooter.main(ForkedBooter.java:417)
org.apache.xmlbeans.impl.values.XmlValueDisconnectedException
	at org.apache.xmlbeans.impl.values.XmlObjectBase.check_orphaned(XmlObjectBase.java:1213)
	at org.openxmlformats.schemas.spreadsheetml.x2006.main.impl.CTXfImpl.getXfId(Unknown Source)
	at org.apache.poi.xssf.model.StylesTable.getStyleAt(StylesTable.java:235)
	at org.apache.poi.xssf.usermodel.XSSFCell.getCellStyle(XSSFCell.java:483)
	at org.apache.poi.xssf.usermodel.XSSFCell.getCellStyle(XSSFCell.java:64)
	at org.apache.poi.ss.usermodel.DateUtil.isCellDateFormatted(DateUtil.java:504)
	at com.hasbrop2m.core.Xls_Reader.getCellData(Xls_Reader.java:148)
	at com.hasbrop2m.core.Utility.getData(Utility.java:61)
	at com.hasbrop2m.sanity.SanitySuite2.testDataTest(SanitySuite2.java:12751)
	at sun.reflect.NativeMethodAccessorImpl.invoke0(Native Method)
	at sun.reflect.NativeMethodAccessorImpl.invoke(NativeMethodAccessorImpl.java:62)
	at sun.reflect.DelegatingMethodAccessorImpl.invoke(DelegatingMethodAccessorImpl.java:43)
	at java.lang.reflect.Method.invoke(Method.java:498)
	at org.testng.internal.MethodInvocationHelper.invokeMethod(MethodInvocationHelper.java:124)
	at org.testng.internal.MethodInvocationHelper.invokeMethod(MethodInvocationHelper.java:74)
	at org.testng.internal.MethodInvocationHelper.invokeMethodNoCheckedException(MethodInvocationHelper.java:45)
	at org.testng.internal.MethodInvocationHelper.invokeDataProvider(MethodInvocationHelper.java:131)
	at org.testng.internal.Parameters.handleParameters(Parameters.java:706)
	at org.testng.internal.ParameterHandler.handleParameters(ParameterHandler.java:49)
	at org.testng.internal.ParameterHandler.createParameters(ParameterHandler.java:37)
	at org.testng.internal.Invoker.invokeTestMethods(Invoker.java:924)
	at org.testng.internal.TestMethodWorker.invokeTestMethods(TestMethodWorker.java:125)
	at org.testng.internal.TestMethodWorker.run(TestMethodWorker.java:109)
	at org.testng.TestRunner.privateRun(TestRunner.java:648)
	at org.testng.TestRunner.run(TestRunner.java:505)
	at org.testng.SuiteRunner.runTest(SuiteRunner.java:455)
	at org.testng.SuiteRunner.runSequentially(SuiteRunner.java:450)
	at org.testng.SuiteRunner.privateRun(SuiteRunner.java:415)
	at org.testng.SuiteRunner.run(SuiteRunner.java:364)
	at org.testng.SuiteRunnerWorker.runSuite(SuiteRunnerWorker.java:52)
	at org.testng.SuiteRunnerWorker.run(SuiteRunnerWorker.java:84)
	at org.testng.TestNG.runSuitesSequentially(TestNG.java:1208)
	at org.testng.TestNG.runSuitesLocally(TestNG.java:1137)
	at org.testng.TestNG.runSuites(TestNG.java:1049)
	at org.testng.TestNG.run(TestNG.java:1017)
	at org.apache.maven.surefire.testng.TestNGExecutor.run(TestNGExecutor.java:283)
	at org.apache.maven.surefire.testng.TestNGXmlTestSuite.execute(TestNGXmlTestSuite.java:75)
	at org.apache.maven.surefire.testng.TestNGProvider.invoke(TestNGProvider.java:120)
	at org.apache.maven.surefire.booter.ForkedBooter.invokeProviderInSameClassLoader(ForkedBooter.java:383)
	at org.apache.maven.surefire.booter.ForkedBooter.runSuitesInProcess(ForkedBooter.java:344)
	at org.apache.maven.surefire.booter.ForkedBooter.execute(ForkedBooter.java:125)
	at org.apache.maven.surefire.booter.ForkedBooter.main(ForkedBooter.java:417)
org.apache.xmlbeans.impl.values.XmlValueDisconnectedException
	at org.apache.xmlbeans.impl.values.XmlObjectBase.check_orphaned(XmlObjectBase.java:1213)
	at org.openxmlformats.schemas.spreadsheetml.x2006.main.impl.CTXfImpl.getXfId(Unknown Source)
	at org.apache.poi.xssf.model.StylesTable.getStyleAt(StylesTable.java:235)
	at org.apache.poi.xssf.usermodel.XSSFCell.getCellStyle(XSSFCell.java:483)
	at org.apache.poi.xssf.usermodel.XSSFCell.getCellStyle(XSSFCell.java:64)
	at org.apache.poi.ss.usermodel.DateUtil.isCellDateFormatted(DateUtil.java:504)
	at com.hasbrop2m.core.Xls_Reader.getCellData(Xls_Reader.java:148)
	at com.hasbrop2m.core.Utility.getData(Utility.java:61)
	at com.hasbrop2m.sanity.SanitySuite2.testDataTest(SanitySuite2.java:12751)
	at sun.reflect.NativeMethodAccessorImpl.invoke0(Native Method)
	at sun.reflect.NativeMethodAccessorImpl.invoke(NativeMethodAccessorImpl.java:62)
	at sun.reflect.DelegatingMethodAccessorImpl.invoke(DelegatingMethodAccessorImpl.java:43)
	at java.lang.reflect.Method.invoke(Method.java:498)
	at org.testng.internal.MethodInvocationHelper.invokeMethod(MethodInvocationHelper.java:124)
	at org.testng.internal.MethodInvocationHelper.invokeMethod(MethodInvocationHelper.java:74)
	at org.testng.internal.MethodInvocationHelper.invokeMethodNoCheckedException(MethodInvocationHelper.java:45)
	at org.testng.internal.MethodInvocationHelper.invokeDataProvider(MethodInvocationHelper.java:131)
	at org.testng.internal.Parameters.handleParameters(Parameters.java:706)
	at org.testng.internal.ParameterHandler.handleParameters(ParameterHandler.java:49)
	at org.testng.internal.ParameterHandler.createParameters(ParameterHandler.java:37)
	at org.testng.internal.Invoker.invokeTestMethods(Invoker.java:924)
	at org.testng.internal.TestMethodWorker.invokeTestMethods(TestMethodWorker.java:125)
	at org.testng.internal.TestMethodWorker.run(TestMethodWorker.java:109)
	at org.testng.TestRunner.privateRun(TestRunner.java:648)
	at org.testng.TestRunner.run(TestRunner.java:505)
	at org.testng.SuiteRunner.runTest(SuiteRunner.java:455)
	at org.testng.SuiteRunner.runSequentially(SuiteRunner.java:450)
	at org.testng.SuiteRunner.privateRun(SuiteRunner.java:415)
	at org.testng.SuiteRunner.run(SuiteRunner.java:364)
	at org.testng.SuiteRunnerWorker.runSuite(SuiteRunnerWorker.java:52)
	at org.testng.SuiteRunnerWorker.run(SuiteRunnerWorker.java:84)
	at org.testng.TestNG.runSuitesSequentially(TestNG.java:1208)
	at org.testng.TestNG.runSuitesLocally(TestNG.java:1137)
	at org.testng.TestNG.runSuites(TestNG.java:1049)
	at org.testng.TestNG.run(TestNG.java:1017)
	at org.apache.maven.surefire.testng.TestNGExecutor.run(TestNGExecutor.java:283)
	at org.apache.maven.surefire.testng.TestNGXmlTestSuite.execute(TestNGXmlTestSuite.java:75)
	at org.apache.maven.surefire.testng.TestNGProvider.invoke(TestNGProvider.java:120)
	at org.apache.maven.surefire.booter.ForkedBooter.invokeProviderInSameClassLoader(ForkedBooter.java:383)
	at org.apache.maven.surefire.booter.ForkedBooter.runSuitesInProcess(ForkedBooter.java:344)
	at org.apache.maven.surefire.booter.ForkedBooter.execute(ForkedBooter.java:125)
	at org.apache.maven.surefire.booter.ForkedBooter.main(ForkedBooter.java:417)
org.apache.xmlbeans.impl.values.XmlValueDisconnectedException
	at org.apache.xmlbeans.impl.values.XmlObjectBase.check_orphaned(XmlObjectBase.java:1213)
	at org.openxmlformats.schemas.spreadsheetml.x2006.main.impl.CTXfImpl.getXfId(Unknown Source)
	at org.apache.poi.xssf.model.StylesTable.getStyleAt(StylesTable.java:235)
	at org.apache.poi.xssf.usermodel.XSSFCell.getCellStyle(XSSFCell.java:483)
	at org.apache.poi.xssf.usermodel.XSSFCell.getCellStyle(XSSFCell.java:64)
	at org.apache.poi.ss.usermodel.DateUtil.isCellDateFormatted(DateUtil.java:504)
	at com.hasbrop2m.core.Xls_Reader.getCellData(Xls_Reader.java:148)
	at com.hasbrop2m.core.Utility.getData(Utility.java:61)
	at com.hasbrop2m.sanity.SanitySuite2.testDataTest(SanitySuite2.java:12751)
	at sun.reflect.NativeMethodAccessorImpl.invoke0(Native Method)
	at sun.reflect.NativeMethodAccessorImpl.invoke(NativeMethodAccessorImpl.java:62)
	at sun.reflect.DelegatingMethodAccessorImpl.invoke(DelegatingMethodAccessorImpl.java:43)
	at java.lang.reflect.Method.invoke(Method.java:498)
	at org.testng.internal.MethodInvocationHelper.invokeMethod(MethodInvocationHelper.java:124)
	at org.testng.internal.MethodInvocationHelper.invokeMethod(MethodInvocationHelper.java:74)
	at org.testng.internal.MethodInvocationHelper.invokeMethodNoCheckedException(MethodInvocationHelper.java:45)
	at org.testng.internal.MethodInvocationHelper.invokeDataProvider(MethodInvocationHelper.java:131)
	at org.testng.internal.Parameters.handleParameters(Parameters.java:706)
	at org.testng.internal.ParameterHandler.handleParameters(ParameterHandler.java:49)
	at org.testng.internal.ParameterHandler.createParameters(ParameterHandler.java:37)
	at org.testng.internal.Invoker.invokeTestMethods(Invoker.java:924)
	at org.testng.internal.TestMethodWorker.invokeTestMethods(TestMethodWorker.java:125)
	at org.testng.internal.TestMethodWorker.run(TestMethodWorker.java:109)
	at org.testng.TestRunner.privateRun(TestRunner.java:648)
	at org.testng.TestRunner.run(TestRunner.java:505)
	at org.testng.SuiteRunner.runTest(SuiteRunner.java:455)
	at org.testng.SuiteRunner.runSequentially(SuiteRunner.java:450)
	at org.testng.SuiteRunner.privateRun(SuiteRunner.java:415)
	at org.testng.SuiteRunner.run(SuiteRunner.java:364)
	at org.testng.SuiteRunnerWorker.runSuite(SuiteRunnerWorker.java:52)
	at org.testng.SuiteRunnerWorker.run(SuiteRunnerWorker.java:84)
	at org.testng.TestNG.runSuitesSequentially(TestNG.java:1208)
	at org.testng.TestNG.runSuitesLocally(TestNG.java:1137)
	at org.testng.TestNG.runSuites(TestNG.java:1049)
	at org.testng.TestNG.run(TestNG.java:1017)
	at org.apache.maven.surefire.testng.TestNGExecutor.run(TestNGExecutor.java:283)
	at org.apache.maven.surefire.testng.TestNGXmlTestSuite.execute(TestNGXmlTestSuite.java:75)
	at org.apache.maven.surefire.testng.TestNGProvider.invoke(TestNGProvider.java:120)
	at org.apache.maven.surefire.booter.ForkedBooter.invokeProviderInSameClassLoader(ForkedBooter.java:383)
	at org.apache.maven.surefire.booter.ForkedBooter.runSuitesInProcess(ForkedBooter.java:344)
	at org.apache.maven.surefire.booter.ForkedBooter.execute(ForkedBooter.java:125)
	at org.apache.maven.surefire.booter.ForkedBooter.main(ForkedBooter.java:417)
org.apache.xmlbeans.impl.values.XmlValueDisconnectedException
	at org.apache.xmlbeans.impl.values.XmlObjectBase.check_orphaned(XmlObjectBase.java:1213)
	at org.openxmlformats.schemas.spreadsheetml.x2006.main.impl.CTXfImpl.getXfId(Unknown Source)
	at org.apache.poi.xssf.model.StylesTable.getStyleAt(StylesTable.java:235)
	at org.apache.poi.xssf.usermodel.XSSFCell.getCellStyle(XSSFCell.java:483)
	at org.apache.poi.xssf.usermodel.XSSFCell.getCellStyle(XSSFCell.java:64)
	at org.apache.poi.ss.usermodel.DateUtil.isCellDateFormatted(DateUtil.java:504)
	at com.hasbrop2m.core.Xls_Reader.getCellData(Xls_Reader.java:148)
	at com.hasbrop2m.core.Utility.getData(Utility.java:61)
	at com.hasbrop2m.sanity.SanitySuite2.testDataTest(SanitySuite2.java:12751)
	at sun.reflect.NativeMethodAccessorImpl.invoke0(Native Method)
	at sun.reflect.NativeMethodAccessorImpl.invoke(NativeMethodAccessorImpl.java:62)
	at sun.reflect.DelegatingMethodAccessorImpl.invoke(DelegatingMethodAccessorImpl.java:43)
	at java.lang.reflect.Method.invoke(Method.java:498)
	at org.testng.internal.MethodInvocationHelper.invokeMethod(MethodInvocationHelper.java:124)
	at org.testng.internal.MethodInvocationHelper.invokeMethod(MethodInvocationHelper.java:74)
	at org.testng.internal.MethodInvocationHelper.invokeMethodNoCheckedException(MethodInvocationHelper.java:45)
	at org.testng.internal.MethodInvocationHelper.invokeDataProvider(MethodInvocationHelper.java:131)
	at org.testng.internal.Parameters.handleParameters(Parameters.java:706)
	at org.testng.internal.ParameterHandler.handleParameters(ParameterHandler.java:49)
	at org.testng.internal.ParameterHandler.createParameters(ParameterHandler.java:37)
	at org.testng.internal.Invoker.invokeTestMethods(Invoker.java:924)
	at org.testng.internal.TestMethodWorker.invokeTestMethods(TestMethodWorker.java:125)
	at org.testng.internal.TestMethodWorker.run(TestMethodWorker.java:109)
	at org.testng.TestRunner.privateRun(TestRunner.java:648)
	at org.testng.TestRunner.run(TestRunner.java:505)
	at org.testng.SuiteRunner.runTest(SuiteRunner.java:455)
	at org.testng.SuiteRunner.runSequentially(SuiteRunner.java:450)
	at org.testng.SuiteRunner.privateRun(SuiteRunner.java:415)
	at org.testng.SuiteRunner.run(SuiteRunner.java:364)
	at org.testng.SuiteRunnerWorker.runSuite(SuiteRunnerWorker.java:52)
	at org.testng.SuiteRunnerWorker.run(SuiteRunnerWorker.java:84)
	at org.testng.TestNG.runSuitesSequentially(TestNG.java:1208)
	at org.testng.TestNG.runSuitesLocally(TestNG.java:1137)
	at org.testng.TestNG.runSuites(TestNG.java:1049)
	at org.testng.TestNG.run(TestNG.java:1017)
	at org.apache.maven.surefire.testng.TestNGExecutor.run(TestNGExecutor.java:283)
	at org.apache.maven.surefire.testng.TestNGXmlTestSuite.execute(TestNGXmlTestSuite.java:75)
	at org.apache.maven.surefire.testng.TestNGProvider.invoke(TestNGProvider.java:120)
	at org.apache.maven.surefire.booter.ForkedBooter.invokeProviderInSameClassLoader(ForkedBooter.java:383)
	at org.apache.maven.surefire.booter.ForkedBooter.runSuitesInProcess(ForkedBooter.java:344)
	at org.apache.maven.surefire.booter.ForkedBooter.execute(ForkedBooter.java:125)
	at org.apache.maven.surefire.booter.ForkedBooter.main(ForkedBooter.java:417)
org.apache.xmlbeans.impl.values.XmlValueDisconnectedException
	at org.apache.xmlbeans.impl.values.XmlObjectBase.check_orphaned(XmlObjectBase.java:1213)
	at org.openxmlformats.schemas.spreadsheetml.x2006.main.impl.CTXfImpl.getXfId(Unknown Source)
	at org.apache.poi.xssf.model.StylesTable.getStyleAt(StylesTable.java:235)
	at org.apache.poi.xssf.usermodel.XSSFCell.getCellStyle(XSSFCell.java:483)
	at org.apache.poi.xssf.usermodel.XSSFCell.getCellStyle(XSSFCell.java:64)
	at org.apache.poi.ss.usermodel.DateUtil.isCellDateFormatted(DateUtil.java:504)
	at com.hasbrop2m.core.Xls_Reader.getCellData(Xls_Reader.java:148)
	at com.hasbrop2m.core.Utility.getData(Utility.java:61)
	at com.hasbrop2m.sanity.SanitySuite2.testDataTest(SanitySuite2.java:12751)
	at sun.reflect.NativeMethodAccessorImpl.invoke0(Native Method)
	at sun.reflect.NativeMethodAccessorImpl.invoke(NativeMethodAccessorImpl.java:62)
	at sun.reflect.DelegatingMethodAccessorImpl.invoke(DelegatingMethodAccessorImpl.java:43)
	at java.lang.reflect.Method.invoke(Method.java:498)
	at org.testng.internal.MethodInvocationHelper.invokeMethod(MethodInvocationHelper.java:124)
	at org.testng.internal.MethodInvocationHelper.invokeMethod(MethodInvocationHelper.java:74)
	at org.testng.internal.MethodInvocationHelper.invokeMethodNoCheckedException(MethodInvocationHelper.java:45)
	at org.testng.internal.MethodInvocationHelper.invokeDataProvider(MethodInvocationHelper.java:131)
	at org.testng.internal.Parameters.handleParameters(Parameters.java:706)
	at org.testng.internal.ParameterHandler.handleParameters(ParameterHandler.java:49)
	at org.testng.internal.ParameterHandler.createParameters(ParameterHandler.java:37)
	at org.testng.internal.Invoker.invokeTestMethods(Invoker.java:924)
	at org.testng.internal.TestMethodWorker.invokeTestMethods(TestMethodWorker.java:125)
	at org.testng.internal.TestMethodWorker.run(TestMethodWorker.java:109)
	at org.testng.TestRunner.privateRun(TestRunner.java:648)
	at org.testng.TestRunner.run(TestRunner.java:505)
	at org.testng.SuiteRunner.runTest(SuiteRunner.java:455)
	at org.testng.SuiteRunner.runSequentially(SuiteRunner.java:450)
	at org.testng.SuiteRunner.privateRun(SuiteRunner.java:415)
	at org.testng.SuiteRunner.run(SuiteRunner.java:364)
	at org.testng.SuiteRunnerWorker.runSuite(SuiteRunnerWorker.java:52)
	at org.testng.SuiteRunnerWorker.run(SuiteRunnerWorker.java:84)
	at org.testng.TestNG.runSuitesSequentially(TestNG.java:1208)
	at org.testng.TestNG.runSuitesLocally(TestNG.java:1137)
	at org.testng.TestNG.runSuites(TestNG.java:1049)
	at org.testng.TestNG.run(TestNG.java:1017)
	at org.apache.maven.surefire.testng.TestNGExecutor.run(TestNGExecutor.java:283)
	at org.apache.maven.surefire.testng.TestNGXmlTestSuite.execute(TestNGXmlTestSuite.java:75)
	at org.apache.maven.surefire.testng.TestNGProvider.invoke(TestNGProvider.java:120)
	at org.apache.maven.surefire.booter.ForkedBooter.invokeProviderInSameClassLoader(ForkedBooter.java:383)
	at org.apache.maven.surefire.booter.ForkedBooter.runSuitesInProcess(ForkedBooter.java:344)
	at org.apache.maven.surefire.booter.ForkedBooter.execute(ForkedBooter.java:125)
	at org.apache.maven.surefire.booter.ForkedBooter.main(ForkedBooter.java:417)
org.apache.xmlbeans.impl.values.XmlValueDisconnectedException
	at org.apache.xmlbeans.impl.values.XmlObjectBase.check_orphaned(XmlObjectBase.java:1213)
	at org.openxmlformats.schemas.spreadsheetml.x2006.main.impl.CTXfImpl.getXfId(Unknown Source)
	at org.apache.poi.xssf.model.StylesTable.getStyleAt(StylesTable.java:235)
	at org.apache.poi.xssf.usermodel.XSSFCell.getCellStyle(XSSFCell.java:483)
	at org.apache.poi.xssf.usermodel.XSSFCell.getCellStyle(XSSFCell.java:64)
	at org.apache.poi.ss.usermodel.DateUtil.isCellDateFormatted(DateUtil.java:504)
	at com.hasbrop2m.core.Xls_Reader.getCellData(Xls_Reader.java:148)
	at com.hasbrop2m.core.Utility.getData(Utility.java:61)
	at com.hasbrop2m.sanity.SanitySuite2.testDataTest(SanitySuite2.java:12751)
	at sun.reflect.NativeMethodAccessorImpl.invoke0(Native Method)
	at sun.reflect.NativeMethodAccessorImpl.invoke(NativeMethodAccessorImpl.java:62)
	at sun.reflect.DelegatingMethodAccessorImpl.invoke(DelegatingMethodAccessorImpl.java:43)
	at java.lang.reflect.Method.invoke(Method.java:498)
	at org.testng.internal.MethodInvocationHelper.invokeMethod(MethodInvocationHelper.java:124)
	at org.testng.internal.MethodInvocationHelper.invokeMethod(MethodInvocationHelper.java:74)
	at org.testng.internal.MethodInvocationHelper.invokeMethodNoCheckedException(MethodInvocationHelper.java:45)
	at org.testng.internal.MethodInvocationHelper.invokeDataProvider(MethodInvocationHelper.java:131)
	at org.testng.internal.Parameters.handleParameters(Parameters.java:706)
	at org.testng.internal.ParameterHandler.handleParameters(ParameterHandler.java:49)
	at org.testng.internal.ParameterHandler.createParameters(ParameterHandler.java:37)
	at org.testng.internal.Invoker.invokeTestMethods(Invoker.java:924)
	at org.testng.internal.TestMethodWorker.invokeTestMethods(TestMethodWorker.java:125)
	at org.testng.internal.TestMethodWorker.run(TestMethodWorker.java:109)
	at org.testng.TestRunner.privateRun(TestRunner.java:648)
	at org.testng.TestRunner.run(TestRunner.java:505)
	at org.testng.SuiteRunner.runTest(SuiteRunner.java:455)
	at org.testng.SuiteRunner.runSequentially(SuiteRunner.java:450)
	at org.testng.SuiteRunner.privateRun(SuiteRunner.java:415)
	at org.testng.SuiteRunner.run(SuiteRunner.java:364)
	at org.testng.SuiteRunnerWorker.runSuite(SuiteRunnerWorker.java:52)
	at org.testng.SuiteRunnerWorker.run(SuiteRunnerWorker.java:84)
	at org.testng.TestNG.runSuitesSequentially(TestNG.java:1208)
	at org.testng.TestNG.runSuitesLocally(TestNG.java:1137)
	at org.testng.TestNG.runSuites(TestNG.java:1049)
	at org.testng.TestNG.run(TestNG.java:1017)
	at org.apache.maven.surefire.testng.TestNGExecutor.run(TestNGExecutor.java:283)
	at org.apache.maven.surefire.testng.TestNGXmlTestSuite.execute(TestNGXmlTestSuite.java:75)
	at org.apache.maven.surefire.testng.TestNGProvider.invoke(TestNGProvider.java:120)
	at org.apache.maven.surefire.booter.ForkedBooter.invokeProviderInSameClassLoader(ForkedBooter.java:383)
	at org.apache.maven.surefire.booter.ForkedBooter.runSuitesInProcess(ForkedBooter.java:344)
	at org.apache.maven.surefire.booter.ForkedBooter.execute(ForkedBooter.java:125)
	at org.apache.maven.surefire.booter.ForkedBooter.main(ForkedBooter.java:417)
org.apache.xmlbeans.impl.values.XmlValueDisconnectedException
	at org.apache.xmlbeans.impl.values.XmlObjectBase.check_orphaned(XmlObjectBase.java:1213)
	at org.openxmlformats.schemas.spreadsheetml.x2006.main.impl.CTXfImpl.getXfId(Unknown Source)
	at org.apache.poi.xssf.model.StylesTable.getStyleAt(StylesTable.java:235)
	at org.apache.poi.xssf.usermodel.XSSFCell.getCellStyle(XSSFCell.java:483)
	at org.apache.poi.xssf.usermodel.XSSFCell.getCellStyle(XSSFCell.java:64)
	at org.apache.poi.ss.usermodel.DateUtil.isCellDateFormatted(DateUtil.java:504)
	at com.hasbrop2m.core.Xls_Reader.getCellData(Xls_Reader.java:148)
	at com.hasbrop2m.core.Utility.getData(Utility.java:61)
	at com.hasbrop2m.sanity.SanitySuite2.testDataTest(SanitySuite2.java:12751)
	at sun.reflect.NativeMethodAccessorImpl.invoke0(Native Method)
	at sun.reflect.NativeMethodAccessorImpl.invoke(NativeMethodAccessorImpl.java:62)
	at sun.reflect.DelegatingMethodAccessorImpl.invoke(DelegatingMethodAccessorImpl.java:43)
	at java.lang.reflect.Method.invoke(Method.java:498)
	at org.testng.internal.MethodInvocationHelper.invokeMethod(MethodInvocationHelper.java:124)
	at org.testng.internal.MethodInvocationHelper.invokeMethod(MethodInvocationHelper.java:74)
	at org.testng.internal.MethodInvocationHelper.invokeMethodNoCheckedException(MethodInvocationHelper.java:45)
	at org.testng.internal.MethodInvocationHelper.invokeDataProvider(MethodInvocationHelper.java:131)
	at org.testng.internal.Parameters.handleParameters(Parameters.java:706)
	at org.testng.internal.ParameterHandler.handleParameters(ParameterHandler.java:49)
	at org.testng.internal.ParameterHandler.createParameters(ParameterHandler.java:37)
	at org.testng.internal.Invoker.invokeTestMethods(Invoker.java:924)
	at org.testng.internal.TestMethodWorker.invokeTestMethods(TestMethodWorker.java:125)
	at org.testng.internal.TestMethodWorker.run(TestMethodWorker.java:109)
	at org.testng.TestRunner.privateRun(TestRunner.java:648)
	at org.testng.TestRunner.run(TestRunner.java:505)
	at org.testng.SuiteRunner.runTest(SuiteRunner.java:455)
	at org.testng.SuiteRunner.runSequentially(SuiteRunner.java:450)
	at org.testng.SuiteRunner.privateRun(SuiteRunner.java:415)
	at org.testng.SuiteRunner.run(SuiteRunner.java:364)
	at org.testng.SuiteRunnerWorker.runSuite(SuiteRunnerWorker.java:52)
	at org.testng.SuiteRunnerWorker.run(SuiteRunnerWorker.java:84)
	at org.testng.TestNG.runSuitesSequentially(TestNG.java:1208)
	at org.testng.TestNG.runSuitesLocally(TestNG.java:1137)
	at org.testng.TestNG.runSuites(TestNG.java:1049)
	at org.testng.TestNG.run(TestNG.java:1017)
	at org.apache.maven.surefire.testng.TestNGExecutor.run(TestNGExecutor.java:283)
	at org.apache.maven.surefire.testng.TestNGXmlTestSuite.execute(TestNGXmlTestSuite.java:75)
	at org.apache.maven.surefire.testng.TestNGProvider.invoke(TestNGProvider.java:120)
	at org.apache.maven.surefire.booter.ForkedBooter.invokeProviderInSameClassLoader(ForkedBooter.java:383)
	at org.apache.maven.surefire.booter.ForkedBooter.runSuitesInProcess(ForkedBooter.java:344)
	at org.apache.maven.surefire.booter.ForkedBooter.execute(ForkedBooter.java:125)
	at org.apache.maven.surefire.booter.ForkedBooter.main(ForkedBooter.java:417)
org.apache.xmlbeans.impl.values.XmlValueDisconnectedException
	at org.apache.xmlbeans.impl.values.XmlObjectBase.check_orphaned(XmlObjectBase.java:1213)
	at org.openxmlformats.schemas.spreadsheetml.x2006.main.impl.CTXfImpl.getXfId(Unknown Source)
	at org.apache.poi.xssf.model.StylesTable.getStyleAt(StylesTable.java:235)
	at org.apache.poi.xssf.usermodel.XSSFCell.getCellStyle(XSSFCell.java:483)
	at org.apache.poi.xssf.usermodel.XSSFCell.getCellStyle(XSSFCell.java:64)
	at org.apache.poi.ss.usermodel.DateUtil.isCellDateFormatted(DateUtil.java:504)
	at com.hasbrop2m.core.Xls_Reader.getCellData(Xls_Reader.java:148)
	at com.hasbrop2m.core.Utility.getData(Utility.java:61)
	at com.hasbrop2m.sanity.SanitySuite2.testDataTest(SanitySuite2.java:12751)
	at sun.reflect.NativeMethodAccessorImpl.invoke0(Native Method)
	at sun.reflect.NativeMethodAccessorImpl.invoke(NativeMethodAccessorImpl.java:62)
	at sun.reflect.DelegatingMethodAccessorImpl.invoke(DelegatingMethodAccessorImpl.java:43)
	at java.lang.reflect.Method.invoke(Method.java:498)
	at org.testng.internal.MethodInvocationHelper.invokeMethod(MethodInvocationHelper.java:124)
	at org.testng.internal.MethodInvocationHelper.invokeMethod(MethodInvocationHelper.java:74)
	at org.testng.internal.MethodInvocationHelper.invokeMethodNoCheckedException(MethodInvocationHelper.java:45)
	at org.testng.internal.MethodInvocationHelper.invokeDataProvider(MethodInvocationHelper.java:131)
	at org.testng.internal.Parameters.handleParameters(Parameters.java:706)
	at org.testng.internal.ParameterHandler.handleParameters(ParameterHandler.java:49)
	at org.testng.internal.ParameterHandler.createParameters(ParameterHandler.java:37)
	at org.testng.internal.Invoker.invokeTestMethods(Invoker.java:924)
	at org.testng.internal.TestMethodWorker.invokeTestMethods(TestMethodWorker.java:125)
	at org.testng.internal.TestMethodWorker.run(TestMethodWorker.java:109)
	at org.testng.TestRunner.privateRun(TestRunner.java:648)
	at org.testng.TestRunner.run(TestRunner.java:505)
	at org.testng.SuiteRunner.runTest(SuiteRunner.java:455)
	at org.testng.SuiteRunner.runSequentially(SuiteRunner.java:450)
	at org.testng.SuiteRunner.privateRun(SuiteRunner.java:415)
	at org.testng.SuiteRunner.run(SuiteRunner.java:364)
	at org.testng.SuiteRunnerWorker.runSuite(SuiteRunnerWorker.java:52)
	at org.testng.SuiteRunnerWorker.run(SuiteRunnerWorker.java:84)
	at org.testng.TestNG.runSuitesSequentially(TestNG.java:1208)
	at org.testng.TestNG.runSuitesLocally(TestNG.java:1137)
	at org.testng.TestNG.runSuites(TestNG.java:1049)
	at org.testng.TestNG.run(TestNG.java:1017)
	at org.apache.maven.surefire.testng.TestNGExecutor.run(TestNGExecutor.java:283)
	at org.apache.maven.surefire.testng.TestNGXmlTestSuite.execute(TestNGXmlTestSuite.java:75)
	at org.apache.maven.surefire.testng.TestNGProvider.invoke(TestNGProvider.java:120)
	at org.apache.maven.surefire.booter.ForkedBooter.invokeProviderInSameClassLoader(ForkedBooter.java:383)
	at org.apache.maven.surefire.booter.ForkedBooter.runSuitesInProcess(ForkedBooter.java:344)
	at org.apache.maven.surefire.booter.ForkedBooter.execute(ForkedBooter.java:125)
	at org.apache.maven.surefire.booter.ForkedBooter.main(ForkedBooter.java:417)
org.apache.xmlbeans.impl.values.XmlValueDisconnectedException
	at org.apache.xmlbeans.impl.values.XmlObjectBase.check_orphaned(XmlObjectBase.java:1213)
	at org.openxmlformats.schemas.spreadsheetml.x2006.main.impl.CTXfImpl.getXfId(Unknown Source)
	at org.apache.poi.xssf.model.StylesTable.getStyleAt(StylesTable.java:235)
	at org.apache.poi.xssf.usermodel.XSSFCell.getCellStyle(XSSFCell.java:483)
	at org.apache.poi.xssf.usermodel.XSSFCell.getCellStyle(XSSFCell.java:64)
	at org.apache.poi.ss.usermodel.DateUtil.isCellDateFormatted(DateUtil.java:504)
	at com.hasbrop2m.core.Xls_Reader.getCellData(Xls_Reader.java:148)
	at com.hasbrop2m.core.Utility.getData(Utility.java:61)
	at com.hasbrop2m.sanity.SanitySuite2.testDataTest(SanitySuite2.java:12751)
	at sun.reflect.NativeMethodAccessorImpl.invoke0(Native Method)
	at sun.reflect.NativeMethodAccessorImpl.invoke(NativeMethodAccessorImpl.java:62)
	at sun.reflect.DelegatingMethodAccessorImpl.invoke(DelegatingMethodAccessorImpl.java:43)
	at java.lang.reflect.Method.invoke(Method.java:498)
	at org.testng.internal.MethodInvocationHelper.invokeMethod(MethodInvocationHelper.java:124)
	at org.testng.internal.MethodInvocationHelper.invokeMethod(MethodInvocationHelper.java:74)
	at org.testng.internal.MethodInvocationHelper.invokeMethodNoCheckedException(MethodInvocationHelper.java:45)
	at org.testng.internal.MethodInvocationHelper.invokeDataProvider(MethodInvocationHelper.java:131)
	at org.testng.internal.Parameters.handleParameters(Parameters.java:706)
	at org.testng.internal.ParameterHandler.handleParameters(ParameterHandler.java:49)
	at org.testng.internal.ParameterHandler.createParameters(ParameterHandler.java:37)
	at org.testng.internal.Invoker.invokeTestMethods(Invoker.java:924)
	at org.testng.internal.TestMethodWorker.invokeTestMethods(TestMethodWorker.java:125)
	at org.testng.internal.TestMethodWorker.run(TestMethodWorker.java:109)
	at org.testng.TestRunner.privateRun(TestRunner.java:648)
	at org.testng.TestRunner.run(TestRunner.java:505)
	at org.testng.SuiteRunner.runTest(SuiteRunner.java:455)
	at org.testng.SuiteRunner.runSequentially(SuiteRunner.java:450)
	at org.testng.SuiteRunner.privateRun(SuiteRunner.java:415)
	at org.testng.SuiteRunner.run(SuiteRunner.java:364)
	at org.testng.SuiteRunnerWorker.runSuite(SuiteRunnerWorker.java:52)
	at org.testng.SuiteRunnerWorker.run(SuiteRunnerWorker.java:84)
	at org.testng.TestNG.runSuitesSequentially(TestNG.java:1208)
	at org.testng.TestNG.runSuitesLocally(TestNG.java:1137)
	at org.testng.TestNG.runSuites(TestNG.java:1049)
	at org.testng.TestNG.run(TestNG.java:1017)
	at org.apache.maven.surefire.testng.TestNGExecutor.run(TestNGExecutor.java:283)
	at org.apache.maven.surefire.testng.TestNGXmlTestSuite.execute(TestNGXmlTestSuite.java:75)
	at org.apache.maven.surefire.testng.TestNGProvider.invoke(TestNGProvider.java:120)
	at org.apache.maven.surefire.booter.ForkedBooter.invokeProviderInSameClassLoader(ForkedBooter.java:383)
	at org.apache.maven.surefire.booter.ForkedBooter.runSuitesInProcess(ForkedBooter.java:344)
	at org.apache.maven.surefire.booter.ForkedBooter.execute(ForkedBooter.java:125)
	at org.apache.maven.surefire.booter.ForkedBooter.main(ForkedBooter.java:417)
org.apache.xmlbeans.impl.values.XmlValueDisconnectedException
	at org.apache.xmlbeans.impl.values.XmlObjectBase.check_orphaned(XmlObjectBase.java:1213)
	at org.openxmlformats.schemas.spreadsheetml.x2006.main.impl.CTXfImpl.getXfId(Unknown Source)
	at org.apache.poi.xssf.model.StylesTable.getStyleAt(StylesTable.java:235)
	at org.apache.poi.xssf.usermodel.XSSFCell.getCellStyle(XSSFCell.java:483)
	at org.apache.poi.xssf.usermodel.XSSFCell.getCellStyle(XSSFCell.java:64)
	at org.apache.poi.ss.usermodel.DateUtil.isCellDateFormatted(DateUtil.java:504)
	at com.hasbrop2m.core.Xls_Reader.getCellData(Xls_Reader.java:148)
	at com.hasbrop2m.core.Utility.getData(Utility.java:61)
	at com.hasbrop2m.sanity.SanitySuite2.testDataTest(SanitySuite2.java:12751)
	at sun.reflect.NativeMethodAccessorImpl.invoke0(Native Method)
	at sun.reflect.NativeMethodAccessorImpl.invoke(NativeMethodAccessorImpl.java:62)
	at sun.reflect.DelegatingMethodAccessorImpl.invoke(DelegatingMethodAccessorImpl.java:43)
	at java.lang.reflect.Method.invoke(Method.java:498)
	at org.testng.internal.MethodInvocationHelper.invokeMethod(MethodInvocationHelper.java:124)
	at org.testng.internal.MethodInvocationHelper.invokeMethod(MethodInvocationHelper.java:74)
	at org.testng.internal.MethodInvocationHelper.invokeMethodNoCheckedException(MethodInvocationHelper.java:45)
	at org.testng.internal.MethodInvocationHelper.invokeDataProvider(MethodInvocationHelper.java:131)
	at org.testng.internal.Parameters.handleParameters(Parameters.java:706)
	at org.testng.internal.ParameterHandler.handleParameters(ParameterHandler.java:49)
	at org.testng.internal.ParameterHandler.createParameters(ParameterHandler.java:37)
	at org.testng.internal.Invoker.invokeTestMethods(Invoker.java:924)
	at org.testng.internal.TestMethodWorker.invokeTestMethods(TestMethodWorker.java:125)
	at org.testng.internal.TestMethodWorker.run(TestMethodWorker.java:109)
	at org.testng.TestRunner.privateRun(TestRunner.java:648)
	at org.testng.TestRunner.run(TestRunner.java:505)
	at org.testng.SuiteRunner.runTest(SuiteRunner.java:455)
	at org.testng.SuiteRunner.runSequentially(SuiteRunner.java:450)
	at org.testng.SuiteRunner.privateRun(SuiteRunner.java:415)
	at org.testng.SuiteRunner.run(SuiteRunner.java:364)
	at org.testng.SuiteRunnerWorker.runSuite(SuiteRunnerWorker.java:52)
	at org.testng.SuiteRunnerWorker.run(SuiteRunnerWorker.java:84)
	at org.testng.TestNG.runSuitesSequentially(TestNG.java:1208)
	at org.testng.TestNG.runSuitesLocally(TestNG.java:1137)
	at org.testng.TestNG.runSuites(TestNG.java:1049)
	at org.testng.TestNG.run(TestNG.java:1017)
	at org.apache.maven.surefire.testng.TestNGExecutor.run(TestNGExecutor.java:283)
	at org.apache.maven.surefire.testng.TestNGXmlTestSuite.execute(TestNGXmlTestSuite.java:75)
	at org.apache.maven.surefire.testng.TestNGProvider.invoke(TestNGProvider.java:120)
	at org.apache.maven.surefire.booter.ForkedBooter.invokeProviderInSameClassLoader(ForkedBooter.java:383)
	at org.apache.maven.surefire.booter.ForkedBooter.runSuitesInProcess(ForkedBooter.java:344)
	at org.apache.maven.surefire.booter.ForkedBooter.execute(ForkedBooter.java:125)
	at org.apache.maven.surefire.booter.ForkedBooter.main(ForkedBooter.java:417)
org.apache.xmlbeans.impl.values.XmlValueDisconnectedException
	at org.apache.xmlbeans.impl.values.XmlObjectBase.check_orphaned(XmlObjectBase.java:1213)
	at org.openxmlformats.schemas.spreadsheetml.x2006.main.impl.CTXfImpl.getXfId(Unknown Source)
	at org.apache.poi.xssf.model.StylesTable.getStyleAt(StylesTable.java:235)
	at org.apache.poi.xssf.usermodel.XSSFCell.getCellStyle(XSSFCell.java:483)
	at org.apache.poi.xssf.usermodel.XSSFCell.getCellStyle(XSSFCell.java:64)
	at org.apache.poi.ss.usermodel.DateUtil.isCellDateFormatted(DateUtil.java:504)
	at com.hasbrop2m.core.Xls_Reader.getCellData(Xls_Reader.java:148)
	at com.hasbrop2m.core.Utility.getData(Utility.java:61)
	at com.hasbrop2m.sanity.SanitySuite2.testDataTest(SanitySuite2.java:12751)
	at sun.reflect.NativeMethodAccessorImpl.invoke0(Native Method)
	at sun.reflect.NativeMethodAccessorImpl.invoke(NativeMethodAccessorImpl.java:62)
	at sun.reflect.DelegatingMethodAccessorImpl.invoke(DelegatingMethodAccessorImpl.java:43)
	at java.lang.reflect.Method.invoke(Method.java:498)
	at org.testng.internal.MethodInvocationHelper.invokeMethod(MethodInvocationHelper.java:124)
	at org.testng.internal.MethodInvocationHelper.invokeMethod(MethodInvocationHelper.java:74)
	at org.testng.internal.MethodInvocationHelper.invokeMethodNoCheckedException(MethodInvocationHelper.java:45)
	at org.testng.internal.MethodInvocationHelper.invokeDataProvider(MethodInvocationHelper.java:131)
	at org.testng.internal.Parameters.handleParameters(Parameters.java:706)
	at org.testng.internal.ParameterHandler.handleParameters(ParameterHandler.java:49)
	at org.testng.internal.ParameterHandler.createParameters(ParameterHandler.java:37)
	at org.testng.internal.Invoker.invokeTestMethods(Invoker.java:924)
	at org.testng.internal.TestMethodWorker.invokeTestMethods(TestMethodWorker.java:125)
	at org.testng.internal.TestMethodWorker.run(TestMethodWorker.java:109)
	at org.testng.TestRunner.privateRun(TestRunner.java:648)
	at org.testng.TestRunner.run(TestRunner.java:505)
	at org.testng.SuiteRunner.runTest(SuiteRunner.java:455)
	at org.testng.SuiteRunner.runSequentially(SuiteRunner.java:450)
	at org.testng.SuiteRunner.privateRun(SuiteRunner.java:415)
	at org.testng.SuiteRunner.run(SuiteRunner.java:364)
	at org.testng.SuiteRunnerWorker.runSuite(SuiteRunnerWorker.java:52)
	at org.testng.SuiteRunnerWorker.run(SuiteRunnerWorker.java:84)
	at org.testng.TestNG.runSuitesSequentially(TestNG.java:1208)
	at org.testng.TestNG.runSuitesLocally(TestNG.java:1137)
	at org.testng.TestNG.runSuites(TestNG.java:1049)
	at org.testng.TestNG.run(TestNG.java:1017)
	at org.apache.maven.surefire.testng.TestNGExecutor.run(TestNGExecutor.java:283)
	at org.apache.maven.surefire.testng.TestNGXmlTestSuite.execute(TestNGXmlTestSuite.java:75)
	at org.apache.maven.surefire.testng.TestNGProvider.invoke(TestNGProvider.java:120)
	at org.apache.maven.surefire.booter.ForkedBooter.invokeProviderInSameClassLoader(ForkedBooter.java:383)
	at org.apache.maven.surefire.booter.ForkedBooter.runSuitesInProcess(ForkedBooter.java:344)
	at org.apache.maven.surefire.booter.ForkedBooter.execute(ForkedBooter.java:125)
	at org.apache.maven.surefire.booter.ForkedBooter.main(ForkedBooter.java:417)
org.apache.xmlbeans.impl.values.XmlValueDisconnectedException
	at org.apache.xmlbeans.impl.values.XmlObjectBase.check_orphaned(XmlObjectBase.java:1213)
	at org.openxmlformats.schemas.spreadsheetml.x2006.main.impl.CTXfImpl.getXfId(Unknown Source)
	at org.apache.poi.xssf.model.StylesTable.getStyleAt(StylesTable.java:235)
	at org.apache.poi.xssf.usermodel.XSSFCell.getCellStyle(XSSFCell.java:483)
	at org.apache.poi.xssf.usermodel.XSSFCell.getCellStyle(XSSFCell.java:64)
	at org.apache.poi.ss.usermodel.DateUtil.isCellDateFormatted(DateUtil.java:504)
	at com.hasbrop2m.core.Xls_Reader.getCellData(Xls_Reader.java:148)
	at com.hasbrop2m.core.Utility.getData(Utility.java:61)
	at com.hasbrop2m.sanity.SanitySuite2.testDataTest(SanitySuite2.java:12751)
	at sun.reflect.NativeMethodAccessorImpl.invoke0(Native Method)
	at sun.reflect.NativeMethodAccessorImpl.invoke(NativeMethodAccessorImpl.java:62)
	at sun.reflect.DelegatingMethodAccessorImpl.invoke(DelegatingMethodAccessorImpl.java:43)
	at java.lang.reflect.Method.invoke(Method.java:498)
	at org.testng.internal.MethodInvocationHelper.invokeMethod(MethodInvocationHelper.java:124)
	at org.testng.internal.MethodInvocationHelper.invokeMethod(MethodInvocationHelper.java:74)
	at org.testng.internal.MethodInvocationHelper.invokeMethodNoCheckedException(MethodInvocationHelper.java:45)
	at org.testng.internal.MethodInvocationHelper.invokeDataProvider(MethodInvocationHelper.java:131)
	at org.testng.internal.Parameters.handleParameters(Parameters.java:706)
	at org.testng.internal.ParameterHandler.handleParameters(ParameterHandler.java:49)
	at org.testng.internal.ParameterHandler.createParameters(ParameterHandler.java:37)
	at org.testng.internal.Invoker.invokeTestMethods(Invoker.java:924)
	at org.testng.internal.TestMethodWorker.invokeTestMethods(TestMethodWorker.java:125)
	at org.testng.internal.TestMethodWorker.run(TestMethodWorker.java:109)
	at org.testng.TestRunner.privateRun(TestRunner.java:648)
	at org.testng.TestRunner.run(TestRunner.java:505)
	at org.testng.SuiteRunner.runTest(SuiteRunner.java:455)
	at org.testng.SuiteRunner.runSequentially(SuiteRunner.java:450)
	at org.testng.SuiteRunner.privateRun(SuiteRunner.java:415)
	at org.testng.SuiteRunner.run(SuiteRunner.java:364)
	at org.testng.SuiteRunnerWorker.runSuite(SuiteRunnerWorker.java:52)
	at org.testng.SuiteRunnerWorker.run(SuiteRunnerWorker.java:84)
	at org.testng.TestNG.runSuitesSequentially(TestNG.java:1208)
	at org.testng.TestNG.runSuitesLocally(TestNG.java:1137)
	at org.testng.TestNG.runSuites(TestNG.java:1049)
	at org.testng.TestNG.run(TestNG.java:1017)
	at org.apache.maven.surefire.testng.TestNGExecutor.run(TestNGExecutor.java:283)
	at org.apache.maven.surefire.testng.TestNGXmlTestSuite.execute(TestNGXmlTestSuite.java:75)
	at org.apache.maven.surefire.testng.TestNGProvider.invoke(TestNGProvider.java:120)
	at org.apache.maven.surefire.booter.ForkedBooter.invokeProviderInSameClassLoader(ForkedBooter.java:383)
	at org.apache.maven.surefire.booter.ForkedBooter.runSuitesInProcess(ForkedBooter.java:344)
	at org.apache.maven.surefire.booter.ForkedBooter.execute(ForkedBooter.java:125)
	at org.apache.maven.surefire.booter.ForkedBooter.main(ForkedBooter.java:417)
org.apache.xmlbeans.impl.values.XmlValueDisconnectedException
	at org.apache.xmlbeans.impl.values.XmlObjectBase.check_orphaned(XmlObjectBase.java:1213)
	at org.openxmlformats.schemas.spreadsheetml.x2006.main.impl.CTXfImpl.getXfId(Unknown Source)
	at org.apache.poi.xssf.model.StylesTable.getStyleAt(StylesTable.java:235)
	at org.apache.poi.xssf.usermodel.XSSFCell.getCellStyle(XSSFCell.java:483)
	at org.apache.poi.xssf.usermodel.XSSFCell.getCellStyle(XSSFCell.java:64)
	at org.apache.poi.ss.usermodel.DateUtil.isCellDateFormatted(DateUtil.java:504)
	at com.hasbrop2m.core.Xls_Reader.getCellData(Xls_Reader.java:148)
	at com.hasbrop2m.core.Utility.getData(Utility.java:61)
	at com.hasbrop2m.sanity.SanitySuite2.testDataTest(SanitySuite2.java:12751)
	at sun.reflect.NativeMethodAccessorImpl.invoke0(Native Method)
	at sun.reflect.NativeMethodAccessorImpl.invoke(NativeMethodAccessorImpl.java:62)
	at sun.reflect.DelegatingMethodAccessorImpl.invoke(DelegatingMethodAccessorImpl.java:43)
	at java.lang.reflect.Method.invoke(Method.java:498)
	at org.testng.internal.MethodInvocationHelper.invokeMethod(MethodInvocationHelper.java:124)
	at org.testng.internal.MethodInvocationHelper.invokeMethod(MethodInvocationHelper.java:74)
	at org.testng.internal.MethodInvocationHelper.invokeMethodNoCheckedException(MethodInvocationHelper.java:45)
	at org.testng.internal.MethodInvocationHelper.invokeDataProvider(MethodInvocationHelper.java:131)
	at org.testng.internal.Parameters.handleParameters(Parameters.java:706)
	at org.testng.internal.ParameterHandler.handleParameters(ParameterHandler.java:49)
	at org.testng.internal.ParameterHandler.createParameters(ParameterHandler.java:37)
	at org.testng.internal.Invoker.invokeTestMethods(Invoker.java:924)
	at org.testng.internal.TestMethodWorker.invokeTestMethods(TestMethodWorker.java:125)
	at org.testng.internal.TestMethodWorker.run(TestMethodWorker.java:109)
	at org.testng.TestRunner.privateRun(TestRunner.java:648)
	at org.testng.TestRunner.run(TestRunner.java:505)
	at org.testng.SuiteRunner.runTest(SuiteRunner.java:455)
	at org.testng.SuiteRunner.runSequentially(SuiteRunner.java:450)
	at org.testng.SuiteRunner.privateRun(SuiteRunner.java:415)
	at org.testng.SuiteRunner.run(SuiteRunner.java:364)
	at org.testng.SuiteRunnerWorker.runSuite(SuiteRunnerWorker.java:52)
	at org.testng.SuiteRunnerWorker.run(SuiteRunnerWorker.java:84)
	at org.testng.TestNG.runSuitesSequentially(TestNG.java:1208)
	at org.testng.TestNG.runSuitesLocally(TestNG.java:1137)
	at org.testng.TestNG.runSuites(TestNG.java:1049)
	at org.testng.TestNG.run(TestNG.java:1017)
	at org.apache.maven.surefire.testng.TestNGExecutor.run(TestNGExecutor.java:283)
	at org.apache.maven.surefire.testng.TestNGXmlTestSuite.execute(TestNGXmlTestSuite.java:75)
	at org.apache.maven.surefire.testng.TestNGProvider.invoke(TestNGProvider.java:120)
	at org.apache.maven.surefire.booter.ForkedBooter.invokeProviderInSameClassLoader(ForkedBooter.java:383)
	at org.apache.maven.surefire.booter.ForkedBooter.runSuitesInProcess(ForkedBooter.java:344)
	at org.apache.maven.surefire.booter.ForkedBooter.execute(ForkedBooter.java:125)
	at org.apache.maven.surefire.booter.ForkedBooter.main(ForkedBooter.java:417)
org.apache.xmlbeans.impl.values.XmlValueDisconnectedException
	at org.apache.xmlbeans.impl.values.XmlObjectBase.check_orphaned(XmlObjectBase.java:1213)
	at org.openxmlformats.schemas.spreadsheetml.x2006.main.impl.CTXfImpl.getXfId(Unknown Source)
	at org.apache.poi.xssf.model.StylesTable.getStyleAt(StylesTable.java:235)
	at org.apache.poi.xssf.usermodel.XSSFCell.getCellStyle(XSSFCell.java:483)
	at org.apache.poi.xssf.usermodel.XSSFCell.getCellStyle(XSSFCell.java:64)
	at org.apache.poi.ss.usermodel.DateUtil.isCellDateFormatted(DateUtil.java:504)
	at com.hasbrop2m.core.Xls_Reader.getCellData(Xls_Reader.java:148)
	at com.hasbrop2m.core.Utility.getData(Utility.java:61)
	at com.hasbrop2m.sanity.SanitySuite2.testDataTest(SanitySuite2.java:12751)
	at sun.reflect.NativeMethodAccessorImpl.invoke0(Native Method)
	at sun.reflect.NativeMethodAccessorImpl.invoke(NativeMethodAccessorImpl.java:62)
	at sun.reflect.DelegatingMethodAccessorImpl.invoke(DelegatingMethodAccessorImpl.java:43)
	at java.lang.reflect.Method.invoke(Method.java:498)
	at org.testng.internal.MethodInvocationHelper.invokeMethod(MethodInvocationHelper.java:124)
	at org.testng.internal.MethodInvocationHelper.invokeMethod(MethodInvocationHelper.java:74)
	at org.testng.internal.MethodInvocationHelper.invokeMethodNoCheckedException(MethodInvocationHelper.java:45)
	at org.testng.internal.MethodInvocationHelper.invokeDataProvider(MethodInvocationHelper.java:131)
	at org.testng.internal.Parameters.handleParameters(Parameters.java:706)
	at org.testng.internal.ParameterHandler.handleParameters(ParameterHandler.java:49)
	at org.testng.internal.ParameterHandler.createParameters(ParameterHandler.java:37)
	at org.testng.internal.Invoker.invokeTestMethods(Invoker.java:924)
	at org.testng.internal.TestMethodWorker.invokeTestMethods(TestMethodWorker.java:125)
	at org.testng.internal.TestMethodWorker.run(TestMethodWorker.java:109)
	at org.testng.TestRunner.privateRun(TestRunner.java:648)
	at org.testng.TestRunner.run(TestRunner.java:505)
	at org.testng.SuiteRunner.runTest(SuiteRunner.java:455)
	at org.testng.SuiteRunner.runSequentially(SuiteRunner.java:450)
	at org.testng.SuiteRunner.privateRun(SuiteRunner.java:415)
	at org.testng.SuiteRunner.run(SuiteRunner.java:364)
	at org.testng.SuiteRunnerWorker.runSuite(SuiteRunnerWorker.java:52)
	at org.testng.SuiteRunnerWorker.run(SuiteRunnerWorker.java:84)
	at org.testng.TestNG.runSuitesSequentially(TestNG.java:1208)
	at org.testng.TestNG.runSuitesLocally(TestNG.java:1137)
	at org.testng.TestNG.runSuites(TestNG.java:1049)
	at org.testng.TestNG.run(TestNG.java:1017)
	at org.apache.maven.surefire.testng.TestNGExecutor.run(TestNGExecutor.java:283)
	at org.apache.maven.surefire.testng.TestNGXmlTestSuite.execute(TestNGXmlTestSuite.java:75)
	at org.apache.maven.surefire.testng.TestNGProvider.invoke(TestNGProvider.java:120)
	at org.apache.maven.surefire.booter.ForkedBooter.invokeProviderInSameClassLoader(ForkedBooter.java:383)
	at org.apache.maven.surefire.booter.ForkedBooter.runSuitesInProcess(ForkedBooter.java:344)
	at org.apache.maven.surefire.booter.ForkedBooter.execute(ForkedBooter.java:125)
	at org.apache.maven.surefire.booter.ForkedBooter.main(ForkedBooter.java:417)
org.apache.xmlbeans.impl.values.XmlValueDisconnectedException
	at org.apache.xmlbeans.impl.values.XmlObjectBase.check_orphaned(XmlObjectBase.java:1213)
	at org.openxmlformats.schemas.spreadsheetml.x2006.main.impl.CTXfImpl.getXfId(Unknown Source)
	at org.apache.poi.xssf.model.StylesTable.getStyleAt(StylesTable.java:235)
	at org.apache.poi.xssf.usermodel.XSSFCell.getCellStyle(XSSFCell.java:483)
	at org.apache.poi.xssf.usermodel.XSSFCell.getCellStyle(XSSFCell.java:64)
	at org.apache.poi.ss.usermodel.DateUtil.isCellDateFormatted(DateUtil.java:504)
	at com.hasbrop2m.core.Xls_Reader.getCellData(Xls_Reader.java:148)
	at com.hasbrop2m.core.Utility.getData(Utility.java:61)
	at com.hasbrop2m.sanity.SanitySuite2.testDataTest(SanitySuite2.java:12751)
	at sun.reflect.NativeMethodAccessorImpl.invoke0(Native Method)
	at sun.reflect.NativeMethodAccessorImpl.invoke(NativeMethodAccessorImpl.java:62)
	at sun.reflect.DelegatingMethodAccessorImpl.invoke(DelegatingMethodAccessorImpl.java:43)
	at java.lang.reflect.Method.invoke(Method.java:498)
	at org.testng.internal.MethodInvocationHelper.invokeMethod(MethodInvocationHelper.java:124)
	at org.testng.internal.MethodInvocationHelper.invokeMethod(MethodInvocationHelper.java:74)
	at org.testng.internal.MethodInvocationHelper.invokeMethodNoCheckedException(MethodInvocationHelper.java:45)
	at org.testng.internal.MethodInvocationHelper.invokeDataProvider(MethodInvocationHelper.java:131)
	at org.testng.internal.Parameters.handleParameters(Parameters.java:706)
	at org.testng.internal.ParameterHandler.handleParameters(ParameterHandler.java:49)
	at org.testng.internal.ParameterHandler.createParameters(ParameterHandler.java:37)
	at org.testng.internal.Invoker.invokeTestMethods(Invoker.java:924)
	at org.testng.internal.TestMethodWorker.invokeTestMethods(TestMethodWorker.java:125)
	at org.testng.internal.TestMethodWorker.run(TestMethodWorker.java:109)
	at org.testng.TestRunner.privateRun(TestRunner.java:648)
	at org.testng.TestRunner.run(TestRunner.java:505)
	at org.testng.SuiteRunner.runTest(SuiteRunner.java:455)
	at org.testng.SuiteRunner.runSequentially(SuiteRunner.java:450)
	at org.testng.SuiteRunner.privateRun(SuiteRunner.java:415)
	at org.testng.SuiteRunner.run(SuiteRunner.java:364)
	at org.testng.SuiteRunnerWorker.runSuite(SuiteRunnerWorker.java:52)
	at org.testng.SuiteRunnerWorker.run(SuiteRunnerWorker.java:84)
	at org.testng.TestNG.runSuitesSequentially(TestNG.java:1208)
	at org.testng.TestNG.runSuitesLocally(TestNG.java:1137)
	at org.testng.TestNG.runSuites(TestNG.java:1049)
	at org.testng.TestNG.run(TestNG.java:1017)
	at org.apache.maven.surefire.testng.TestNGExecutor.run(TestNGExecutor.java:283)
	at org.apache.maven.surefire.testng.TestNGXmlTestSuite.execute(TestNGXmlTestSuite.java:75)
	at org.apache.maven.surefire.testng.TestNGProvider.invoke(TestNGProvider.java:120)
	at org.apache.maven.surefire.booter.ForkedBooter.invokeProviderInSameClassLoader(ForkedBooter.java:383)
	at org.apache.maven.surefire.booter.ForkedBooter.runSuitesInProcess(ForkedBooter.java:344)
	at org.apache.maven.surefire.booter.ForkedBooter.execute(ForkedBooter.java:125)
	at org.apache.maven.surefire.booter.ForkedBooter.main(ForkedBooter.java:417)
org.apache.xmlbeans.impl.values.XmlValueDisconnectedException
	at org.apache.xmlbeans.impl.values.XmlObjectBase.check_orphaned(XmlObjectBase.java:1213)
	at org.openxmlformats.schemas.spreadsheetml.x2006.main.impl.CTXfImpl.getXfId(Unknown Source)
	at org.apache.poi.xssf.model.StylesTable.getStyleAt(StylesTable.java:235)
	at org.apache.poi.xssf.usermodel.XSSFCell.getCellStyle(XSSFCell.java:483)
	at org.apache.poi.xssf.usermodel.XSSFCell.getCellStyle(XSSFCell.java:64)
	at org.apache.poi.ss.usermodel.DateUtil.isCellDateFormatted(DateUtil.java:504)
	at com.hasbrop2m.core.Xls_Reader.getCellData(Xls_Reader.java:148)
	at com.hasbrop2m.core.Utility.getData(Utility.java:61)
	at com.hasbrop2m.sanity.SanitySuite2.testDataTest(SanitySuite2.java:12751)
	at sun.reflect.NativeMethodAccessorImpl.invoke0(Native Method)
	at sun.reflect.NativeMethodAccessorImpl.invoke(NativeMethodAccessorImpl.java:62)
	at sun.reflect.DelegatingMethodAccessorImpl.invoke(DelegatingMethodAccessorImpl.java:43)
	at java.lang.reflect.Method.invoke(Method.java:498)
	at org.testng.internal.MethodInvocationHelper.invokeMethod(MethodInvocationHelper.java:124)
	at org.testng.internal.MethodInvocationHelper.invokeMethod(MethodInvocationHelper.java:74)
	at org.testng.internal.MethodInvocationHelper.invokeMethodNoCheckedException(MethodInvocationHelper.java:45)
	at org.testng.internal.MethodInvocationHelper.invokeDataProvider(MethodInvocationHelper.java:131)
	at org.testng.internal.Parameters.handleParameters(Parameters.java:706)
	at org.testng.internal.ParameterHandler.handleParameters(ParameterHandler.java:49)
	at org.testng.internal.ParameterHandler.createParameters(ParameterHandler.java:37)
	at org.testng.internal.Invoker.invokeTestMethods(Invoker.java:924)
	at org.testng.internal.TestMethodWorker.invokeTestMethods(TestMethodWorker.java:125)
	at org.testng.internal.TestMethodWorker.run(TestMethodWorker.java:109)
	at org.testng.TestRunner.privateRun(TestRunner.java:648)
	at org.testng.TestRunner.run(TestRunner.java:505)
	at org.testng.SuiteRunner.runTest(SuiteRunner.java:455)
	at org.testng.SuiteRunner.runSequentially(SuiteRunner.java:450)
	at org.testng.SuiteRunner.privateRun(SuiteRunner.java:415)
	at org.testng.SuiteRunner.run(SuiteRunner.java:364)
	at org.testng.SuiteRunnerWorker.runSuite(SuiteRunnerWorker.java:52)
	at org.testng.SuiteRunnerWorker.run(SuiteRunnerWorker.java:84)
	at org.testng.TestNG.runSuitesSequentially(TestNG.java:1208)
	at org.testng.TestNG.runSuitesLocally(TestNG.java:1137)
	at org.testng.TestNG.runSuites(TestNG.java:1049)
	at org.testng.TestNG.run(TestNG.java:1017)
	at org.apache.maven.surefire.testng.TestNGExecutor.run(TestNGExecutor.java:283)
	at org.apache.maven.surefire.testng.TestNGXmlTestSuite.execute(TestNGXmlTestSuite.java:75)
	at org.apache.maven.surefire.testng.TestNGProvider.invoke(TestNGProvider.java:120)
	at org.apache.maven.surefire.booter.ForkedBooter.invokeProviderInSameClassLoader(ForkedBooter.java:383)
	at org.apache.maven.surefire.booter.ForkedBooter.runSuitesInProcess(ForkedBooter.java:344)
	at org.apache.maven.surefire.booter.ForkedBooter.execute(ForkedBooter.java:125)
	at org.apache.maven.surefire.booter.ForkedBooter.main(ForkedBooter.java:417)
org.apache.xmlbeans.impl.values.XmlValueDisconnectedException
	at org.apache.xmlbeans.impl.values.XmlObjectBase.check_orphaned(XmlObjectBase.java:1213)
	at org.openxmlformats.schemas.spreadsheetml.x2006.main.impl.CTXfImpl.getXfId(Unknown Source)
	at org.apache.poi.xssf.model.StylesTable.getStyleAt(StylesTable.java:235)
	at org.apache.poi.xssf.usermodel.XSSFCell.getCellStyle(XSSFCell.java:483)
	at org.apache.poi.xssf.usermodel.XSSFCell.getCellStyle(XSSFCell.java:64)
	at org.apache.poi.ss.usermodel.DateUtil.isCellDateFormatted(DateUtil.java:504)
	at com.hasbrop2m.core.Xls_Reader.getCellData(Xls_Reader.java:148)
	at com.hasbrop2m.core.Utility.getData(Utility.java:61)
	at com.hasbrop2m.sanity.SanitySuite2.testDataTest(SanitySuite2.java:12751)
	at sun.reflect.NativeMethodAccessorImpl.invoke0(Native Method)
	at sun.reflect.NativeMethodAccessorImpl.invoke(NativeMethodAccessorImpl.java:62)
	at sun.reflect.DelegatingMethodAccessorImpl.invoke(DelegatingMethodAccessorImpl.java:43)
	at java.lang.reflect.Method.invoke(Method.java:498)
	at org.testng.internal.MethodInvocationHelper.invokeMethod(MethodInvocationHelper.java:124)
	at org.testng.internal.MethodInvocationHelper.invokeMethod(MethodInvocationHelper.java:74)
	at org.testng.internal.MethodInvocationHelper.invokeMethodNoCheckedException(MethodInvocationHelper.java:45)
	at org.testng.internal.MethodInvocationHelper.invokeDataProvider(MethodInvocationHelper.java:131)
	at org.testng.internal.Parameters.handleParameters(Parameters.java:706)
	at org.testng.internal.ParameterHandler.handleParameters(ParameterHandler.java:49)
	at org.testng.internal.ParameterHandler.createParameters(ParameterHandler.java:37)
	at org.testng.internal.Invoker.invokeTestMethods(Invoker.java:924)
	at org.testng.internal.TestMethodWorker.invokeTestMethods(TestMethodWorker.java:125)
	at org.testng.internal.TestMethodWorker.run(TestMethodWorker.java:109)
	at org.testng.TestRunner.privateRun(TestRunner.java:648)
	at org.testng.TestRunner.run(TestRunner.java:505)
	at org.testng.SuiteRunner.runTest(SuiteRunner.java:455)
	at org.testng.SuiteRunner.runSequentially(SuiteRunner.java:450)
	at org.testng.SuiteRunner.privateRun(SuiteRunner.java:415)
	at org.testng.SuiteRunner.run(SuiteRunner.java:364)
	at org.testng.SuiteRunnerWorker.runSuite(SuiteRunnerWorker.java:52)
	at org.testng.SuiteRunnerWorker.run(SuiteRunnerWorker.java:84)
	at org.testng.TestNG.runSuitesSequentially(TestNG.java:1208)
	at org.testng.TestNG.runSuitesLocally(TestNG.java:1137)
	at org.testng.TestNG.runSuites(TestNG.java:1049)
	at org.testng.TestNG.run(TestNG.java:1017)
	at org.apache.maven.surefire.testng.TestNGExecutor.run(TestNGExecutor.java:283)
	at org.apache.maven.surefire.testng.TestNGXmlTestSuite.execute(TestNGXmlTestSuite.java:75)
	at org.apache.maven.surefire.testng.TestNGProvider.invoke(TestNGProvider.java:120)
	at org.apache.maven.surefire.booter.ForkedBooter.invokeProviderInSameClassLoader(ForkedBooter.java:383)
	at org.apache.maven.surefire.booter.ForkedBooter.runSuitesInProcess(ForkedBooter.java:344)
	at org.apache.maven.surefire.booter.ForkedBooter.execute(ForkedBooter.java:125)
	at org.apache.maven.surefire.booter.ForkedBooter.main(ForkedBooter.java:417)
org.apache.xmlbeans.impl.values.XmlValueDisconnectedException
	at org.apache.xmlbeans.impl.values.XmlObjectBase.check_orphaned(XmlObjectBase.java:1213)
	at org.openxmlformats.schemas.spreadsheetml.x2006.main.impl.CTXfImpl.getXfId(Unknown Source)
	at org.apache.poi.xssf.model.StylesTable.getStyleAt(StylesTable.java:235)
	at org.apache.poi.xssf.usermodel.XSSFCell.getCellStyle(XSSFCell.java:483)
	at org.apache.poi.xssf.usermodel.XSSFCell.getCellStyle(XSSFCell.java:64)
	at org.apache.poi.ss.usermodel.DateUtil.isCellDateFormatted(DateUtil.java:504)
	at com.hasbrop2m.core.Xls_Reader.getCellData(Xls_Reader.java:148)
	at com.hasbrop2m.core.Utility.getData(Utility.java:61)
	at com.hasbrop2m.sanity.SanitySuite2.testDataTest(SanitySuite2.java:12751)
	at sun.reflect.NativeMethodAccessorImpl.invoke0(Native Method)
	at sun.reflect.NativeMethodAccessorImpl.invoke(NativeMethodAccessorImpl.java:62)
	at sun.reflect.DelegatingMethodAccessorImpl.invoke(DelegatingMethodAccessorImpl.java:43)
	at java.lang.reflect.Method.invoke(Method.java:498)
	at org.testng.internal.MethodInvocationHelper.invokeMethod(MethodInvocationHelper.java:124)
	at org.testng.internal.MethodInvocationHelper.invokeMethod(MethodInvocationHelper.java:74)
	at org.testng.internal.MethodInvocationHelper.invokeMethodNoCheckedException(MethodInvocationHelper.java:45)
	at org.testng.internal.MethodInvocationHelper.invokeDataProvider(MethodInvocationHelper.java:131)
	at org.testng.internal.Parameters.handleParameters(Parameters.java:706)
	at org.testng.internal.ParameterHandler.handleParameters(ParameterHandler.java:49)
	at org.testng.internal.ParameterHandler.createParameters(ParameterHandler.java:37)
	at org.testng.internal.Invoker.invokeTestMethods(Invoker.java:924)
	at org.testng.internal.TestMethodWorker.invokeTestMethods(TestMethodWorker.java:125)
	at org.testng.internal.TestMethodWorker.run(TestMethodWorker.java:109)
	at org.testng.TestRunner.privateRun(TestRunner.java:648)
	at org.testng.TestRunner.run(TestRunner.java:505)
	at org.testng.SuiteRunner.runTest(SuiteRunner.java:455)
	at org.testng.SuiteRunner.runSequentially(SuiteRunner.java:450)
	at org.testng.SuiteRunner.privateRun(SuiteRunner.java:415)
	at org.testng.SuiteRunner.run(SuiteRunner.java:364)
	at org.testng.SuiteRunnerWorker.runSuite(SuiteRunnerWorker.java:52)
	at org.testng.SuiteRunnerWorker.run(SuiteRunnerWorker.java:84)
	at org.testng.TestNG.runSuitesSequentially(TestNG.java:1208)
	at org.testng.TestNG.runSuitesLocally(TestNG.java:1137)
	at org.testng.TestNG.runSuites(TestNG.java:1049)
	at org.testng.TestNG.run(TestNG.java:1017)
	at org.apache.maven.surefire.testng.TestNGExecutor.run(TestNGExecutor.java:283)
	at org.apache.maven.surefire.testng.TestNGXmlTestSuite.execute(TestNGXmlTestSuite.java:75)
	at org.apache.maven.surefire.testng.TestNGProvider.invoke(TestNGProvider.java:120)
	at org.apache.maven.surefire.booter.ForkedBooter.invokeProviderInSameClassLoader(ForkedBooter.java:383)
	at org.apache.maven.surefire.booter.ForkedBooter.runSuitesInProcess(ForkedBooter.java:344)
	at org.apache.maven.surefire.booter.ForkedBooter.execute(ForkedBooter.java:125)
	at org.apache.maven.surefire.booter.ForkedBooter.main(ForkedBooter.java:417)
org.apache.xmlbeans.impl.values.XmlValueDisconnectedException
	at org.apache.xmlbeans.impl.values.XmlObjectBase.check_orphaned(XmlObjectBase.java:1213)
	at org.openxmlformats.schemas.spreadsheetml.x2006.main.impl.CTXfImpl.getXfId(Unknown Source)
	at org.apache.poi.xssf.model.StylesTable.getStyleAt(StylesTable.java:235)
	at org.apache.poi.xssf.usermodel.XSSFCell.getCellStyle(XSSFCell.java:483)
	at org.apache.poi.xssf.usermodel.XSSFCell.getCellStyle(XSSFCell.java:64)
	at org.apache.poi.ss.usermodel.DateUtil.isCellDateFormatted(DateUtil.java:504)
	at com.hasbrop2m.core.Xls_Reader.getCellData(Xls_Reader.java:148)
	at com.hasbrop2m.core.Utility.getData(Utility.java:61)
	at com.hasbrop2m.sanity.SanitySuite2.testDataTest(SanitySuite2.java:12751)
	at sun.reflect.NativeMethodAccessorImpl.invoke0(Native Method)
	at sun.reflect.NativeMethodAccessorImpl.invoke(NativeMethodAccessorImpl.java:62)
	at sun.reflect.DelegatingMethodAccessorImpl.invoke(DelegatingMethodAccessorImpl.java:43)
	at java.lang.reflect.Method.invoke(Method.java:498)
	at org.testng.internal.MethodInvocationHelper.invokeMethod(MethodInvocationHelper.java:124)
	at org.testng.internal.MethodInvocationHelper.invokeMethod(MethodInvocationHelper.java:74)
	at org.testng.internal.MethodInvocationHelper.invokeMethodNoCheckedException(MethodInvocationHelper.java:45)
	at org.testng.internal.MethodInvocationHelper.invokeDataProvider(MethodInvocationHelper.java:131)
	at org.testng.internal.Parameters.handleParameters(Parameters.java:706)
	at org.testng.internal.ParameterHandler.handleParameters(ParameterHandler.java:49)
	at org.testng.internal.ParameterHandler.createParameters(ParameterHandler.java:37)
	at org.testng.internal.Invoker.invokeTestMethods(Invoker.java:924)
	at org.testng.internal.TestMethodWorker.invokeTestMethods(TestMethodWorker.java:125)
	at org.testng.internal.TestMethodWorker.run(TestMethodWorker.java:109)
	at org.testng.TestRunner.privateRun(TestRunner.java:648)
	at org.testng.TestRunner.run(TestRunner.java:505)
	at org.testng.SuiteRunner.runTest(SuiteRunner.java:455)
	at org.testng.SuiteRunner.runSequentially(SuiteRunner.java:450)
	at org.testng.SuiteRunner.privateRun(SuiteRunner.java:415)
	at org.testng.SuiteRunner.run(SuiteRunner.java:364)
	at org.testng.SuiteRunnerWorker.runSuite(SuiteRunnerWorker.java:52)
	at org.testng.SuiteRunnerWorker.run(SuiteRunnerWorker.java:84)
	at org.testng.TestNG.runSuitesSequentially(TestNG.java:1208)
	at org.testng.TestNG.runSuitesLocally(TestNG.java:1137)
	at org.testng.TestNG.runSuites(TestNG.java:1049)
	at org.testng.TestNG.run(TestNG.java:1017)
	at org.apache.maven.surefire.testng.TestNGExecutor.run(TestNGExecutor.java:283)
	at org.apache.maven.surefire.testng.TestNGXmlTestSuite.execute(TestNGXmlTestSuite.java:75)
	at org.apache.maven.surefire.testng.TestNGProvider.invoke(TestNGProvider.java:120)
	at org.apache.maven.surefire.booter.ForkedBooter.invokeProviderInSameClassLoader(ForkedBooter.java:383)
	at org.apache.maven.surefire.booter.ForkedBooter.runSuitesInProcess(ForkedBooter.java:344)
	at org.apache.maven.surefire.booter.ForkedBooter.execute(ForkedBooter.java:125)
	at org.apache.maven.surefire.booter.ForkedBooter.main(ForkedBooter.java:417)
org.apache.xmlbeans.impl.values.XmlValueDisconnectedException
	at org.apache.xmlbeans.impl.values.XmlObjectBase.check_orphaned(XmlObjectBase.java:1213)
	at org.openxmlformats.schemas.spreadsheetml.x2006.main.impl.CTXfImpl.getXfId(Unknown Source)
	at org.apache.poi.xssf.model.StylesTable.getStyleAt(StylesTable.java:235)
	at org.apache.poi.xssf.usermodel.XSSFCell.getCellStyle(XSSFCell.java:483)
	at org.apache.poi.xssf.usermodel.XSSFCell.getCellStyle(XSSFCell.java:64)
	at org.apache.poi.ss.usermodel.DateUtil.isCellDateFormatted(DateUtil.java:504)
	at com.hasbrop2m.core.Xls_Reader.getCellData(Xls_Reader.java:148)
	at com.hasbrop2m.core.Utility.getData(Utility.java:61)
	at com.hasbrop2m.sanity.SanitySuite2.testDataTest(SanitySuite2.java:12751)
	at sun.reflect.NativeMethodAccessorImpl.invoke0(Native Method)
	at sun.reflect.NativeMethodAccessorImpl.invoke(NativeMethodAccessorImpl.java:62)
	at sun.reflect.DelegatingMethodAccessorImpl.invoke(DelegatingMethodAccessorImpl.java:43)
	at java.lang.reflect.Method.invoke(Method.java:498)
	at org.testng.internal.MethodInvocationHelper.invokeMethod(MethodInvocationHelper.java:124)
	at org.testng.internal.MethodInvocationHelper.invokeMethod(MethodInvocationHelper.java:74)
	at org.testng.internal.MethodInvocationHelper.invokeMethodNoCheckedException(MethodInvocationHelper.java:45)
	at org.testng.internal.MethodInvocationHelper.invokeDataProvider(MethodInvocationHelper.java:131)
	at org.testng.internal.Parameters.handleParameters(Parameters.java:706)
	at org.testng.internal.ParameterHandler.handleParameters(ParameterHandler.java:49)
	at org.testng.internal.ParameterHandler.createParameters(ParameterHandler.java:37)
	at org.testng.internal.Invoker.invokeTestMethods(Invoker.java:924)
	at org.testng.internal.TestMethodWorker.invokeTestMethods(TestMethodWorker.java:125)
	at org.testng.internal.TestMethodWorker.run(TestMethodWorker.java:109)
	at org.testng.TestRunner.privateRun(TestRunner.java:648)
	at org.testng.TestRunner.run(TestRunner.java:505)
	at org.testng.SuiteRunner.runTest(SuiteRunner.java:455)
	at org.testng.SuiteRunner.runSequentially(SuiteRunner.java:450)
	at org.testng.SuiteRunner.privateRun(SuiteRunner.java:415)
	at org.testng.SuiteRunner.run(SuiteRunner.java:364)
	at org.testng.SuiteRunnerWorker.runSuite(SuiteRunnerWorker.java:52)
	at org.testng.SuiteRunnerWorker.run(SuiteRunnerWorker.java:84)
	at org.testng.TestNG.runSuitesSequentially(TestNG.java:1208)
	at org.testng.TestNG.runSuitesLocally(TestNG.java:1137)
	at org.testng.TestNG.runSuites(TestNG.java:1049)
	at org.testng.TestNG.run(TestNG.java:1017)
	at org.apache.maven.surefire.testng.TestNGExecutor.run(TestNGExecutor.java:283)
	at org.apache.maven.surefire.testng.TestNGXmlTestSuite.execute(TestNGXmlTestSuite.java:75)
	at org.apache.maven.surefire.testng.TestNGProvider.invoke(TestNGProvider.java:120)
	at org.apache.maven.surefire.booter.ForkedBooter.invokeProviderInSameClassLoader(ForkedBooter.java:383)
	at org.apache.maven.surefire.booter.ForkedBooter.runSuitesInProcess(ForkedBooter.java:344)
	at org.apache.maven.surefire.booter.ForkedBooter.execute(ForkedBooter.java:125)
	at org.apache.maven.surefire.booter.ForkedBooter.main(ForkedBooter.java:417)
org.apache.xmlbeans.impl.values.XmlValueDisconnectedException
	at org.apache.xmlbeans.impl.values.XmlObjectBase.check_orphaned(XmlObjectBase.java:1213)
	at org.openxmlformats.schemas.spreadsheetml.x2006.main.impl.CTXfImpl.getXfId(Unknown Source)
	at org.apache.poi.xssf.model.StylesTable.getStyleAt(StylesTable.java:235)
	at org.apache.poi.xssf.usermodel.XSSFCell.getCellStyle(XSSFCell.java:483)
	at org.apache.poi.xssf.usermodel.XSSFCell.getCellStyle(XSSFCell.java:64)
	at org.apache.poi.ss.usermodel.DateUtil.isCellDateFormatted(DateUtil.java:504)
	at com.hasbrop2m.core.Xls_Reader.getCellData(Xls_Reader.java:148)
	at com.hasbrop2m.core.Utility.getData(Utility.java:61)
	at com.hasbrop2m.sanity.SanitySuite2.testDataTest(SanitySuite2.java:12751)
	at sun.reflect.NativeMethodAccessorImpl.invoke0(Native Method)
	at sun.reflect.NativeMethodAccessorImpl.invoke(NativeMethodAccessorImpl.java:62)
	at sun.reflect.DelegatingMethodAccessorImpl.invoke(DelegatingMethodAccessorImpl.java:43)
	at java.lang.reflect.Method.invoke(Method.java:498)
	at org.testng.internal.MethodInvocationHelper.invokeMethod(MethodInvocationHelper.java:124)
	at org.testng.internal.MethodInvocationHelper.invokeMethod(MethodInvocationHelper.java:74)
	at org.testng.internal.MethodInvocationHelper.invokeMethodNoCheckedException(MethodInvocationHelper.java:45)
	at org.testng.internal.MethodInvocationHelper.invokeDataProvider(MethodInvocationHelper.java:131)
	at org.testng.internal.Parameters.handleParameters(Parameters.java:706)
	at org.testng.internal.ParameterHandler.handleParameters(ParameterHandler.java:49)
	at org.testng.internal.ParameterHandler.createParameters(ParameterHandler.java:37)
	at org.testng.internal.Invoker.invokeTestMethods(Invoker.java:924)
	at org.testng.internal.TestMethodWorker.invokeTestMethods(TestMethodWorker.java:125)
	at org.testng.internal.TestMethodWorker.run(TestMethodWorker.java:109)
	at org.testng.TestRunner.privateRun(TestRunner.java:648)
	at org.testng.TestRunner.run(TestRunner.java:505)
	at org.testng.SuiteRunner.runTest(SuiteRunner.java:455)
	at org.testng.SuiteRunner.runSequentially(SuiteRunner.java:450)
	at org.testng.SuiteRunner.privateRun(SuiteRunner.java:415)
	at org.testng.SuiteRunner.run(SuiteRunner.java:364)
	at org.testng.SuiteRunnerWorker.runSuite(SuiteRunnerWorker.java:52)
	at org.testng.SuiteRunnerWorker.run(SuiteRunnerWorker.java:84)
	at org.testng.TestNG.runSuitesSequentially(TestNG.java:1208)
	at org.testng.TestNG.runSuitesLocally(TestNG.java:1137)
	at org.testng.TestNG.runSuites(TestNG.java:1049)
	at org.testng.TestNG.run(TestNG.java:1017)
	at org.apache.maven.surefire.testng.TestNGExecutor.run(TestNGExecutor.java:283)
	at org.apache.maven.surefire.testng.TestNGXmlTestSuite.execute(TestNGXmlTestSuite.java:75)
	at org.apache.maven.surefire.testng.TestNGProvider.invoke(TestNGProvider.java:120)
	at org.apache.maven.surefire.booter.ForkedBooter.invokeProviderInSameClassLoader(ForkedBooter.java:383)
	at org.apache.maven.surefire.booter.ForkedBooter.runSuitesInProcess(ForkedBooter.java:344)
	at org.apache.maven.surefire.booter.ForkedBooter.execute(ForkedBooter.java:125)
	at org.apache.maven.surefire.booter.ForkedBooter.main(ForkedBooter.java:417)
org.apache.xmlbeans.impl.values.XmlValueDisconnectedException
	at org.apache.xmlbeans.impl.values.XmlObjectBase.check_orphaned(XmlObjectBase.java:1213)
	at org.openxmlformats.schemas.spreadsheetml.x2006.main.impl.CTXfImpl.getXfId(Unknown Source)
	at org.apache.poi.xssf.model.StylesTable.getStyleAt(StylesTable.java:235)
	at org.apache.poi.xssf.usermodel.XSSFCell.getCellStyle(XSSFCell.java:483)
	at org.apache.poi.xssf.usermodel.XSSFCell.getCellStyle(XSSFCell.java:64)
	at org.apache.poi.ss.usermodel.DateUtil.isCellDateFormatted(DateUtil.java:504)
	at com.hasbrop2m.core.Xls_Reader.getCellData(Xls_Reader.java:148)
	at com.hasbrop2m.core.Utility.getData(Utility.java:61)
	at com.hasbrop2m.sanity.SanitySuite2.testDataTest(SanitySuite2.java:12751)
	at sun.reflect.NativeMethodAccessorImpl.invoke0(Native Method)
	at sun.reflect.NativeMethodAccessorImpl.invoke(NativeMethodAccessorImpl.java:62)
	at sun.reflect.DelegatingMethodAccessorImpl.invoke(DelegatingMethodAccessorImpl.java:43)
	at java.lang.reflect.Method.invoke(Method.java:498)
	at org.testng.internal.MethodInvocationHelper.invokeMethod(MethodInvocationHelper.java:124)
	at org.testng.internal.MethodInvocationHelper.invokeMethod(MethodInvocationHelper.java:74)
	at org.testng.internal.MethodInvocationHelper.invokeMethodNoCheckedException(MethodInvocationHelper.java:45)
	at org.testng.internal.MethodInvocationHelper.invokeDataProvider(MethodInvocationHelper.java:131)
	at org.testng.internal.Parameters.handleParameters(Parameters.java:706)
	at org.testng.internal.ParameterHandler.handleParameters(ParameterHandler.java:49)
	at org.testng.internal.ParameterHandler.createParameters(ParameterHandler.java:37)
	at org.testng.internal.Invoker.invokeTestMethods(Invoker.java:924)
	at org.testng.internal.TestMethodWorker.invokeTestMethods(TestMethodWorker.java:125)
	at org.testng.internal.TestMethodWorker.run(TestMethodWorker.java:109)
	at org.testng.TestRunner.privateRun(TestRunner.java:648)
	at org.testng.TestRunner.run(TestRunner.java:505)
	at org.testng.SuiteRunner.runTest(SuiteRunner.java:455)
	at org.testng.SuiteRunner.runSequentially(SuiteRunner.java:450)
	at org.testng.SuiteRunner.privateRun(SuiteRunner.java:415)
	at org.testng.SuiteRunner.run(SuiteRunner.java:364)
	at org.testng.SuiteRunnerWorker.runSuite(SuiteRunnerWorker.java:52)
	at org.testng.SuiteRunnerWorker.run(SuiteRunnerWorker.java:84)
	at org.testng.TestNG.runSuitesSequentially(TestNG.java:1208)
	at org.testng.TestNG.runSuitesLocally(TestNG.java:1137)
	at org.testng.TestNG.runSuites(TestNG.java:1049)
	at org.testng.TestNG.run(TestNG.java:1017)
	at org.apache.maven.surefire.testng.TestNGExecutor.run(TestNGExecutor.java:283)
	at org.apache.maven.surefire.testng.TestNGXmlTestSuite.execute(TestNGXmlTestSuite.java:75)
	at org.apache.maven.surefire.testng.TestNGProvider.invoke(TestNGProvider.java:120)
	at org.apache.maven.surefire.booter.ForkedBooter.invokeProviderInSameClassLoader(ForkedBooter.java:383)
	at org.apache.maven.surefire.booter.ForkedBooter.runSuitesInProcess(ForkedBooter.java:344)
	at org.apache.maven.surefire.booter.ForkedBooter.execute(ForkedBooter.java:125)
	at org.apache.maven.surefire.booter.ForkedBooter.main(ForkedBooter.java:417)
org.apache.xmlbeans.impl.values.XmlValueDisconnectedException
	at org.apache.xmlbeans.impl.values.XmlObjectBase.check_orphaned(XmlObjectBase.java:1213)
	at org.openxmlformats.schemas.spreadsheetml.x2006.main.impl.CTXfImpl.getXfId(Unknown Source)
	at org.apache.poi.xssf.model.StylesTable.getStyleAt(StylesTable.java:235)
	at org.apache.poi.xssf.usermodel.XSSFCell.getCellStyle(XSSFCell.java:483)
	at org.apache.poi.xssf.usermodel.XSSFCell.getCellStyle(XSSFCell.java:64)
	at org.apache.poi.ss.usermodel.DateUtil.isCellDateFormatted(DateUtil.java:504)
	at com.hasbrop2m.core.Xls_Reader.getCellData(Xls_Reader.java:148)
	at com.hasbrop2m.core.Utility.getData(Utility.java:61)
	at com.hasbrop2m.sanity.SanitySuite2.testDataTest(SanitySuite2.java:12751)
	at sun.reflect.NativeMethodAccessorImpl.invoke0(Native Method)
	at sun.reflect.NativeMethodAccessorImpl.invoke(NativeMethodAccessorImpl.java:62)
	at sun.reflect.DelegatingMethodAccessorImpl.invoke(DelegatingMethodAccessorImpl.java:43)
	at java.lang.reflect.Method.invoke(Method.java:498)
	at org.testng.internal.MethodInvocationHelper.invokeMethod(MethodInvocationHelper.java:124)
	at org.testng.internal.MethodInvocationHelper.invokeMethod(MethodInvocationHelper.java:74)
	at org.testng.internal.MethodInvocationHelper.invokeMethodNoCheckedException(MethodInvocationHelper.java:45)
	at org.testng.internal.MethodInvocationHelper.invokeDataProvider(MethodInvocationHelper.java:131)
	at org.testng.internal.Parameters.handleParameters(Parameters.java:706)
	at org.testng.internal.ParameterHandler.handleParameters(ParameterHandler.java:49)
	at org.testng.internal.ParameterHandler.createParameters(ParameterHandler.java:37)
	at org.testng.internal.Invoker.invokeTestMethods(Invoker.java:924)
	at org.testng.internal.TestMethodWorker.invokeTestMethods(TestMethodWorker.java:125)
	at org.testng.internal.TestMethodWorker.run(TestMethodWorker.java:109)
	at org.testng.TestRunner.privateRun(TestRunner.java:648)
	at org.testng.TestRunner.run(TestRunner.java:505)
	at org.testng.SuiteRunner.runTest(SuiteRunner.java:455)
	at org.testng.SuiteRunner.runSequentially(SuiteRunner.java:450)
	at org.testng.SuiteRunner.privateRun(SuiteRunner.java:415)
	at org.testng.SuiteRunner.run(SuiteRunner.java:364)
	at org.testng.SuiteRunnerWorker.runSuite(SuiteRunnerWorker.java:52)
	at org.testng.SuiteRunnerWorker.run(SuiteRunnerWorker.java:84)
	at org.testng.TestNG.runSuitesSequentially(TestNG.java:1208)
	at org.testng.TestNG.runSuitesLocally(TestNG.java:1137)
	at org.testng.TestNG.runSuites(TestNG.java:1049)
	at org.testng.TestNG.run(TestNG.java:1017)
	at org.apache.maven.surefire.testng.TestNGExecutor.run(TestNGExecutor.java:283)
	at org.apache.maven.surefire.testng.TestNGXmlTestSuite.execute(TestNGXmlTestSuite.java:75)
	at org.apache.maven.surefire.testng.TestNGProvider.invoke(TestNGProvider.java:120)
	at org.apache.maven.surefire.booter.ForkedBooter.invokeProviderInSameClassLoader(ForkedBooter.java:383)
	at org.apache.maven.surefire.booter.ForkedBooter.runSuitesInProcess(ForkedBooter.java:344)
	at org.apache.maven.surefire.booter.ForkedBooter.execute(ForkedBooter.java:125)
	at org.apache.maven.surefire.booter.ForkedBooter.main(ForkedBooter.java:417)
org.apache.xmlbeans.impl.values.XmlValueDisconnectedException
	at org.apache.xmlbeans.impl.values.XmlObjectBase.check_orphaned(XmlObjectBase.java:1213)
	at org.openxmlformats.schemas.spreadsheetml.x2006.main.impl.CTXfImpl.getXfId(Unknown Source)
	at org.apache.poi.xssf.model.StylesTable.getStyleAt(StylesTable.java:235)
	at org.apache.poi.xssf.usermodel.XSSFCell.getCellStyle(XSSFCell.java:483)
	at org.apache.poi.xssf.usermodel.XSSFCell.getCellStyle(XSSFCell.java:64)
	at org.apache.poi.ss.usermodel.DateUtil.isCellDateFormatted(DateUtil.java:504)
	at com.hasbrop2m.core.Xls_Reader.getCellData(Xls_Reader.java:148)
	at com.hasbrop2m.core.Utility.getData(Utility.java:61)
	at com.hasbrop2m.sanity.SanitySuite2.testDataTest(SanitySuite2.java:12751)
	at sun.reflect.NativeMethodAccessorImpl.invoke0(Native Method)
	at sun.reflect.NativeMethodAccessorImpl.invoke(NativeMethodAccessorImpl.java:62)
	at sun.reflect.DelegatingMethodAccessorImpl.invoke(DelegatingMethodAccessorImpl.java:43)
	at java.lang.reflect.Method.invoke(Method.java:498)
	at org.testng.internal.MethodInvocationHelper.invokeMethod(MethodInvocationHelper.java:124)
	at org.testng.internal.MethodInvocationHelper.invokeMethod(MethodInvocationHelper.java:74)
	at org.testng.internal.MethodInvocationHelper.invokeMethodNoCheckedException(MethodInvocationHelper.java:45)
	at org.testng.internal.MethodInvocationHelper.invokeDataProvider(MethodInvocationHelper.java:131)
	at org.testng.internal.Parameters.handleParameters(Parameters.java:706)
	at org.testng.internal.ParameterHandler.handleParameters(ParameterHandler.java:49)
	at org.testng.internal.ParameterHandler.createParameters(ParameterHandler.java:37)
	at org.testng.internal.Invoker.invokeTestMethods(Invoker.java:924)
	at org.testng.internal.TestMethodWorker.invokeTestMethods(TestMethodWorker.java:125)
	at org.testng.internal.TestMethodWorker.run(TestMethodWorker.java:109)
	at org.testng.TestRunner.privateRun(TestRunner.java:648)
	at org.testng.TestRunner.run(TestRunner.java:505)
	at org.testng.SuiteRunner.runTest(SuiteRunner.java:455)
	at org.testng.SuiteRunner.runSequentially(SuiteRunner.java:450)
	at org.testng.SuiteRunner.privateRun(SuiteRunner.java:415)
	at org.testng.SuiteRunner.run(SuiteRunner.java:364)
	at org.testng.SuiteRunnerWorker.runSuite(SuiteRunnerWorker.java:52)
	at org.testng.SuiteRunnerWorker.run(SuiteRunnerWorker.java:84)
	at org.testng.TestNG.runSuitesSequentially(TestNG.java:1208)
	at org.testng.TestNG.runSuitesLocally(TestNG.java:1137)
	at org.testng.TestNG.runSuites(TestNG.java:1049)
	at org.testng.TestNG.run(TestNG.java:1017)
	at org.apache.maven.surefire.testng.TestNGExecutor.run(TestNGExecutor.java:283)
	at org.apache.maven.surefire.testng.TestNGXmlTestSuite.execute(TestNGXmlTestSuite.java:75)
	at org.apache.maven.surefire.testng.TestNGProvider.invoke(TestNGProvider.java:120)
	at org.apache.maven.surefire.booter.ForkedBooter.invokeProviderInSameClassLoader(ForkedBooter.java:383)
	at org.apache.maven.surefire.booter.ForkedBooter.runSuitesInProcess(ForkedBooter.java:344)
	at org.apache.maven.surefire.booter.ForkedBooter.execute(ForkedBooter.java:125)
	at org.apache.maven.surefire.booter.ForkedBooter.main(ForkedBooter.java:417)
org.apache.xmlbeans.impl.values.XmlValueDisconnectedException
	at org.apache.xmlbeans.impl.values.XmlObjectBase.check_orphaned(XmlObjectBase.java:1213)
	at org.openxmlformats.schemas.spreadsheetml.x2006.main.impl.CTXfImpl.getXfId(Unknown Source)
	at org.apache.poi.xssf.model.StylesTable.getStyleAt(StylesTable.java:235)
	at org.apache.poi.xssf.usermodel.XSSFCell.getCellStyle(XSSFCell.java:483)
	at org.apache.poi.xssf.usermodel.XSSFCell.getCellStyle(XSSFCell.java:64)
	at org.apache.poi.ss.usermodel.DateUtil.isCellDateFormatted(DateUtil.java:504)
	at com.hasbrop2m.core.Xls_Reader.getCellData(Xls_Reader.java:148)
	at com.hasbrop2m.core.Utility.getData(Utility.java:61)
	at com.hasbrop2m.sanity.SanitySuite2.testDataTest(SanitySuite2.java:12751)
	at sun.reflect.NativeMethodAccessorImpl.invoke0(Native Method)
	at sun.reflect.NativeMethodAccessorImpl.invoke(NativeMethodAccessorImpl.java:62)
	at sun.reflect.DelegatingMethodAccessorImpl.invoke(DelegatingMethodAccessorImpl.java:43)
	at java.lang.reflect.Method.invoke(Method.java:498)
	at org.testng.internal.MethodInvocationHelper.invokeMethod(MethodInvocationHelper.java:124)
	at org.testng.internal.MethodInvocationHelper.invokeMethod(MethodInvocationHelper.java:74)
	at org.testng.internal.MethodInvocationHelper.invokeMethodNoCheckedException(MethodInvocationHelper.java:45)
	at org.testng.internal.MethodInvocationHelper.invokeDataProvider(MethodInvocationHelper.java:131)
	at org.testng.internal.Parameters.handleParameters(Parameters.java:706)
	at org.testng.internal.ParameterHandler.handleParameters(ParameterHandler.java:49)
	at org.testng.internal.ParameterHandler.createParameters(ParameterHandler.java:37)
	at org.testng.internal.Invoker.invokeTestMethods(Invoker.java:924)
	at org.testng.internal.TestMethodWorker.invokeTestMethods(TestMethodWorker.java:125)
	at org.testng.internal.TestMethodWorker.run(TestMethodWorker.java:109)
	at org.testng.TestRunner.privateRun(TestRunner.java:648)
	at org.testng.TestRunner.run(TestRunner.java:505)
	at org.testng.SuiteRunner.runTest(SuiteRunner.java:455)
	at org.testng.SuiteRunner.runSequentially(SuiteRunner.java:450)
	at org.testng.SuiteRunner.privateRun(SuiteRunner.java:415)
	at org.testng.SuiteRunner.run(SuiteRunner.java:364)
	at org.testng.SuiteRunnerWorker.runSuite(SuiteRunnerWorker.java:52)
	at org.testng.SuiteRunnerWorker.run(SuiteRunnerWorker.java:84)
	at org.testng.TestNG.runSuitesSequentially(TestNG.java:1208)
	at org.testng.TestNG.runSuitesLocally(TestNG.java:1137)
	at org.testng.TestNG.runSuites(TestNG.java:1049)
	at org.testng.TestNG.run(TestNG.java:1017)
	at org.apache.maven.surefire.testng.TestNGExecutor.run(TestNGExecutor.java:283)
	at org.apache.maven.surefire.testng.TestNGXmlTestSuite.execute(TestNGXmlTestSuite.java:75)
	at org.apache.maven.surefire.testng.TestNGProvider.invoke(TestNGProvider.java:120)
	at org.apache.maven.surefire.booter.ForkedBooter.invokeProviderInSameClassLoader(ForkedBooter.java:383)
	at org.apache.maven.surefire.booter.ForkedBooter.runSuitesInProcess(ForkedBooter.java:344)
	at org.apache.maven.surefire.booter.ForkedBooter.execute(ForkedBooter.java:125)
	at org.apache.maven.surefire.booter.ForkedBooter.main(ForkedBooter.java:417)
org.apache.xmlbeans.impl.values.XmlValueDisconnectedException
	at org.apache.xmlbeans.impl.values.XmlObjectBase.check_orphaned(XmlObjectBase.java:1213)
	at org.openxmlformats.schemas.spreadsheetml.x2006.main.impl.CTXfImpl.getXfId(Unknown Source)
	at org.apache.poi.xssf.model.StylesTable.getStyleAt(StylesTable.java:235)
	at org.apache.poi.xssf.usermodel.XSSFCell.getCellStyle(XSSFCell.java:483)
	at org.apache.poi.xssf.usermodel.XSSFCell.getCellStyle(XSSFCell.java:64)
	at org.apache.poi.ss.usermodel.DateUtil.isCellDateFormatted(DateUtil.java:504)
	at com.hasbrop2m.core.Xls_Reader.getCellData(Xls_Reader.java:148)
	at com.hasbrop2m.core.Utility.getData(Utility.java:61)
	at com.hasbrop2m.sanity.SanitySuite2.testDataTest(SanitySuite2.java:12751)
	at sun.reflect.NativeMethodAccessorImpl.invoke0(Native Method)
	at sun.reflect.NativeMethodAccessorImpl.invoke(NativeMethodAccessorImpl.java:62)
	at sun.reflect.DelegatingMethodAccessorImpl.invoke(DelegatingMethodAccessorImpl.java:43)
	at java.lang.reflect.Method.invoke(Method.java:498)
	at org.testng.internal.MethodInvocationHelper.invokeMethod(MethodInvocationHelper.java:124)
	at org.testng.internal.MethodInvocationHelper.invokeMethod(MethodInvocationHelper.java:74)
	at org.testng.internal.MethodInvocationHelper.invokeMethodNoCheckedException(MethodInvocationHelper.java:45)
	at org.testng.internal.MethodInvocationHelper.invokeDataProvider(MethodInvocationHelper.java:131)
	at org.testng.internal.Parameters.handleParameters(Parameters.java:706)
	at org.testng.internal.ParameterHandler.handleParameters(ParameterHandler.java:49)
	at org.testng.internal.ParameterHandler.createParameters(ParameterHandler.java:37)
	at org.testng.internal.Invoker.invokeTestMethods(Invoker.java:924)
	at org.testng.internal.TestMethodWorker.invokeTestMethods(TestMethodWorker.java:125)
	at org.testng.internal.TestMethodWorker.run(TestMethodWorker.java:109)
	at org.testng.TestRunner.privateRun(TestRunner.java:648)
	at org.testng.TestRunner.run(TestRunner.java:505)
	at org.testng.SuiteRunner.runTest(SuiteRunner.java:455)
	at org.testng.SuiteRunner.runSequentially(SuiteRunner.java:450)
	at org.testng.SuiteRunner.privateRun(SuiteRunner.java:415)
	at org.testng.SuiteRunner.run(SuiteRunner.java:364)
	at org.testng.SuiteRunnerWorker.runSuite(SuiteRunnerWorker.java:52)
	at org.testng.SuiteRunnerWorker.run(SuiteRunnerWorker.java:84)
	at org.testng.TestNG.runSuitesSequentially(TestNG.java:1208)
	at org.testng.TestNG.runSuitesLocally(TestNG.java:1137)
	at org.testng.TestNG.runSuites(TestNG.java:1049)
	at org.testng.TestNG.run(TestNG.java:1017)
	at org.apache.maven.surefire.testng.TestNGExecutor.run(TestNGExecutor.java:283)
	at org.apache.maven.surefire.testng.TestNGXmlTestSuite.execute(TestNGXmlTestSuite.java:75)
	at org.apache.maven.surefire.testng.TestNGProvider.invoke(TestNGProvider.java:120)
	at org.apache.maven.surefire.booter.ForkedBooter.invokeProviderInSameClassLoader(ForkedBooter.java:383)
	at org.apache.maven.surefire.booter.ForkedBooter.runSuitesInProcess(ForkedBooter.java:344)
	at org.apache.maven.surefire.booter.ForkedBooter.execute(ForkedBooter.java:125)
	at org.apache.maven.surefire.booter.ForkedBooter.main(ForkedBooter.java:417)
org.apache.xmlbeans.impl.values.XmlValueDisconnectedException
	at org.apache.xmlbeans.impl.values.XmlObjectBase.check_orphaned(XmlObjectBase.java:1213)
	at org.openxmlformats.schemas.spreadsheetml.x2006.main.impl.CTXfImpl.getXfId(Unknown Source)
	at org.apache.poi.xssf.model.StylesTable.getStyleAt(StylesTable.java:235)
	at org.apache.poi.xssf.usermodel.XSSFCell.getCellStyle(XSSFCell.java:483)
	at org.apache.poi.xssf.usermodel.XSSFCell.getCellStyle(XSSFCell.java:64)
	at org.apache.poi.ss.usermodel.DateUtil.isCellDateFormatted(DateUtil.java:504)
	at com.hasbrop2m.core.Xls_Reader.getCellData(Xls_Reader.java:148)
	at com.hasbrop2m.core.Utility.getData(Utility.java:61)
	at com.hasbrop2m.sanity.SanitySuite2.testDataTest(SanitySuite2.java:12751)
	at sun.reflect.NativeMethodAccessorImpl.invoke0(Native Method)
	at sun.reflect.NativeMethodAccessorImpl.invoke(NativeMethodAccessorImpl.java:62)
	at sun.reflect.DelegatingMethodAccessorImpl.invoke(DelegatingMethodAccessorImpl.java:43)
	at java.lang.reflect.Method.invoke(Method.java:498)
	at org.testng.internal.MethodInvocationHelper.invokeMethod(MethodInvocationHelper.java:124)
	at org.testng.internal.MethodInvocationHelper.invokeMethod(MethodInvocationHelper.java:74)
	at org.testng.internal.MethodInvocationHelper.invokeMethodNoCheckedException(MethodInvocationHelper.java:45)
	at org.testng.internal.MethodInvocationHelper.invokeDataProvider(MethodInvocationHelper.java:131)
	at org.testng.internal.Parameters.handleParameters(Parameters.java:706)
	at org.testng.internal.ParameterHandler.handleParameters(ParameterHandler.java:49)
	at org.testng.internal.ParameterHandler.createParameters(ParameterHandler.java:37)
	at org.testng.internal.Invoker.invokeTestMethods(Invoker.java:924)
	at org.testng.internal.TestMethodWorker.invokeTestMethods(TestMethodWorker.java:125)
	at org.testng.internal.TestMethodWorker.run(TestMethodWorker.java:109)
	at org.testng.TestRunner.privateRun(TestRunner.java:648)
	at org.testng.TestRunner.run(TestRunner.java:505)
	at org.testng.SuiteRunner.runTest(SuiteRunner.java:455)
	at org.testng.SuiteRunner.runSequentially(SuiteRunner.java:450)
	at org.testng.SuiteRunner.privateRun(SuiteRunner.java:415)
	at org.testng.SuiteRunner.run(SuiteRunner.java:364)
	at org.testng.SuiteRunnerWorker.runSuite(SuiteRunnerWorker.java:52)
	at org.testng.SuiteRunnerWorker.run(SuiteRunnerWorker.java:84)
	at org.testng.TestNG.runSuitesSequentially(TestNG.java:1208)
	at org.testng.TestNG.runSuitesLocally(TestNG.java:1137)
	at org.testng.TestNG.runSuites(TestNG.java:1049)
	at org.testng.TestNG.run(TestNG.java:1017)
	at org.apache.maven.surefire.testng.TestNGExecutor.run(TestNGExecutor.java:283)
	at org.apache.maven.surefire.testng.TestNGXmlTestSuite.execute(TestNGXmlTestSuite.java:75)
	at org.apache.maven.surefire.testng.TestNGProvider.invoke(TestNGProvider.java:120)
	at org.apache.maven.surefire.booter.ForkedBooter.invokeProviderInSameClassLoader(ForkedBooter.java:383)
	at org.apache.maven.surefire.booter.ForkedBooter.runSuitesInProcess(ForkedBooter.java:344)
	at org.apache.maven.surefire.booter.ForkedBooter.execute(ForkedBooter.java:125)
	at org.apache.maven.surefire.booter.ForkedBooter.main(ForkedBooter.java:417)
org.apache.xmlbeans.impl.values.XmlValueDisconnectedException
	at org.apache.xmlbeans.impl.values.XmlObjectBase.check_orphaned(XmlObjectBase.java:1213)
	at org.openxmlformats.schemas.spreadsheetml.x2006.main.impl.CTXfImpl.getXfId(Unknown Source)
	at org.apache.poi.xssf.model.StylesTable.getStyleAt(StylesTable.java:235)
	at org.apache.poi.xssf.usermodel.XSSFCell.getCellStyle(XSSFCell.java:483)
	at org.apache.poi.xssf.usermodel.XSSFCell.getCellStyle(XSSFCell.java:64)
	at org.apache.poi.ss.usermodel.DateUtil.isCellDateFormatted(DateUtil.java:504)
	at com.hasbrop2m.core.Xls_Reader.getCellData(Xls_Reader.java:148)
	at com.hasbrop2m.core.Utility.getData(Utility.java:61)
	at com.hasbrop2m.sanity.SanitySuite2.testDataTest(SanitySuite2.java:12751)
	at sun.reflect.NativeMethodAccessorImpl.invoke0(Native Method)
	at sun.reflect.NativeMethodAccessorImpl.invoke(NativeMethodAccessorImpl.java:62)
	at sun.reflect.DelegatingMethodAccessorImpl.invoke(DelegatingMethodAccessorImpl.java:43)
	at java.lang.reflect.Method.invoke(Method.java:498)
	at org.testng.internal.MethodInvocationHelper.invokeMethod(MethodInvocationHelper.java:124)
	at org.testng.internal.MethodInvocationHelper.invokeMethod(MethodInvocationHelper.java:74)
	at org.testng.internal.MethodInvocationHelper.invokeMethodNoCheckedException(MethodInvocationHelper.java:45)
	at org.testng.internal.MethodInvocationHelper.invokeDataProvider(MethodInvocationHelper.java:131)
	at org.testng.internal.Parameters.handleParameters(Parameters.java:706)
	at org.testng.internal.ParameterHandler.handleParameters(ParameterHandler.java:49)
	at org.testng.internal.ParameterHandler.createParameters(ParameterHandler.java:37)
	at org.testng.internal.Invoker.invokeTestMethods(Invoker.java:924)
	at org.testng.internal.TestMethodWorker.invokeTestMethods(TestMethodWorker.java:125)
	at org.testng.internal.TestMethodWorker.run(TestMethodWorker.java:109)
	at org.testng.TestRunner.privateRun(TestRunner.java:648)
	at org.testng.TestRunner.run(TestRunner.java:505)
	at org.testng.SuiteRunner.runTest(SuiteRunner.java:455)
	at org.testng.SuiteRunner.runSequentially(SuiteRunner.java:450)
	at org.testng.SuiteRunner.privateRun(SuiteRunner.java:415)
	at org.testng.SuiteRunner.run(SuiteRunner.java:364)
	at org.testng.SuiteRunnerWorker.runSuite(SuiteRunnerWorker.java:52)
	at org.testng.SuiteRunnerWorker.run(SuiteRunnerWorker.java:84)
	at org.testng.TestNG.runSuitesSequentially(TestNG.java:1208)
	at org.testng.TestNG.runSuitesLocally(TestNG.java:1137)
	at org.testng.TestNG.runSuites(TestNG.java:1049)
	at org.testng.TestNG.run(TestNG.java:1017)
	at org.apache.maven.surefire.testng.TestNGExecutor.run(TestNGExecutor.java:283)
	at org.apache.maven.surefire.testng.TestNGXmlTestSuite.execute(TestNGXmlTestSuite.java:75)
	at org.apache.maven.surefire.testng.TestNGProvider.invoke(TestNGProvider.java:120)
	at org.apache.maven.surefire.booter.ForkedBooter.invokeProviderInSameClassLoader(ForkedBooter.java:383)
	at org.apache.maven.surefire.booter.ForkedBooter.runSuitesInProcess(ForkedBooter.java:344)
	at org.apache.maven.surefire.booter.ForkedBooter.execute(ForkedBooter.java:125)
	at org.apache.maven.surefire.booter.ForkedBooter.main(ForkedBooter.java:417)
org.apache.xmlbeans.impl.values.XmlValueDisconnectedException
	at org.apache.xmlbeans.impl.values.XmlObjectBase.check_orphaned(XmlObjectBase.java:1213)
	at org.openxmlformats.schemas.spreadsheetml.x2006.main.impl.CTXfImpl.getXfId(Unknown Source)
	at org.apache.poi.xssf.model.StylesTable.getStyleAt(StylesTable.java:235)
	at org.apache.poi.xssf.usermodel.XSSFCell.getCellStyle(XSSFCell.java:483)
	at org.apache.poi.xssf.usermodel.XSSFCell.getCellStyle(XSSFCell.java:64)
	at org.apache.poi.ss.usermodel.DateUtil.isCellDateFormatted(DateUtil.java:504)
	at com.hasbrop2m.core.Xls_Reader.getCellData(Xls_Reader.java:148)
	at com.hasbrop2m.core.Utility.getData(Utility.java:61)
	at com.hasbrop2m.sanity.SanitySuite2.testDataTest(SanitySuite2.java:12751)
	at sun.reflect.NativeMethodAccessorImpl.invoke0(Native Method)
	at sun.reflect.NativeMethodAccessorImpl.invoke(NativeMethodAccessorImpl.java:62)
	at sun.reflect.DelegatingMethodAccessorImpl.invoke(DelegatingMethodAccessorImpl.java:43)
	at java.lang.reflect.Method.invoke(Method.java:498)
	at org.testng.internal.MethodInvocationHelper.invokeMethod(MethodInvocationHelper.java:124)
	at org.testng.internal.MethodInvocationHelper.invokeMethod(MethodInvocationHelper.java:74)
	at org.testng.internal.MethodInvocationHelper.invokeMethodNoCheckedException(MethodInvocationHelper.java:45)
	at org.testng.internal.MethodInvocationHelper.invokeDataProvider(MethodInvocationHelper.java:131)
	at org.testng.internal.Parameters.handleParameters(Parameters.java:706)
	at org.testng.internal.ParameterHandler.handleParameters(ParameterHandler.java:49)
	at org.testng.internal.ParameterHandler.createParameters(ParameterHandler.java:37)
	at org.testng.internal.Invoker.invokeTestMethods(Invoker.java:924)
	at org.testng.internal.TestMethodWorker.invokeTestMethods(TestMethodWorker.java:125)
	at org.testng.internal.TestMethodWorker.run(TestMethodWorker.java:109)
	at org.testng.TestRunner.privateRun(TestRunner.java:648)
	at org.testng.TestRunner.run(TestRunner.java:505)
	at org.testng.SuiteRunner.runTest(SuiteRunner.java:455)
	at org.testng.SuiteRunner.runSequentially(SuiteRunner.java:450)
	at org.testng.SuiteRunner.privateRun(SuiteRunner.java:415)
	at org.testng.SuiteRunner.run(SuiteRunner.java:364)
	at org.testng.SuiteRunnerWorker.runSuite(SuiteRunnerWorker.java:52)
	at org.testng.SuiteRunnerWorker.run(SuiteRunnerWorker.java:84)
	at org.testng.TestNG.runSuitesSequentially(TestNG.java:1208)
	at org.testng.TestNG.runSuitesLocally(TestNG.java:1137)
	at org.testng.TestNG.runSuites(TestNG.java:1049)
	at org.testng.TestNG.run(TestNG.java:1017)
	at org.apache.maven.surefire.testng.TestNGExecutor.run(TestNGExecutor.java:283)
	at org.apache.maven.surefire.testng.TestNGXmlTestSuite.execute(TestNGXmlTestSuite.java:75)
	at org.apache.maven.surefire.testng.TestNGProvider.invoke(TestNGProvider.java:120)
	at org.apache.maven.surefire.booter.ForkedBooter.invokeProviderInSameClassLoader(ForkedBooter.java:383)
	at org.apache.maven.surefire.booter.ForkedBooter.runSuitesInProcess(ForkedBooter.java:344)
	at org.apache.maven.surefire.booter.ForkedBooter.execute(ForkedBooter.java:125)
	at org.apache.maven.surefire.booter.ForkedBooter.main(ForkedBooter.java:417)
org.apache.xmlbeans.impl.values.XmlValueDisconnectedException
	at org.apache.xmlbeans.impl.values.XmlObjectBase.check_orphaned(XmlObjectBase.java:1213)
	at org.openxmlformats.schemas.spreadsheetml.x2006.main.impl.CTXfImpl.getXfId(Unknown Source)
	at org.apache.poi.xssf.model.StylesTable.getStyleAt(StylesTable.java:235)
	at org.apache.poi.xssf.usermodel.XSSFCell.getCellStyle(XSSFCell.java:483)
	at org.apache.poi.xssf.usermodel.XSSFCell.getCellStyle(XSSFCell.java:64)
	at org.apache.poi.ss.usermodel.DateUtil.isCellDateFormatted(DateUtil.java:504)
	at com.hasbrop2m.core.Xls_Reader.getCellData(Xls_Reader.java:148)
	at com.hasbrop2m.core.Utility.getData(Utility.java:61)
	at com.hasbrop2m.sanity.SanitySuite2.testDataTest(SanitySuite2.java:12751)
	at sun.reflect.NativeMethodAccessorImpl.invoke0(Native Method)
	at sun.reflect.NativeMethodAccessorImpl.invoke(NativeMethodAccessorImpl.java:62)
	at sun.reflect.DelegatingMethodAccessorImpl.invoke(DelegatingMethodAccessorImpl.java:43)
	at java.lang.reflect.Method.invoke(Method.java:498)
	at org.testng.internal.MethodInvocationHelper.invokeMethod(MethodInvocationHelper.java:124)
	at org.testng.internal.MethodInvocationHelper.invokeMethod(MethodInvocationHelper.java:74)
	at org.testng.internal.MethodInvocationHelper.invokeMethodNoCheckedException(MethodInvocationHelper.java:45)
	at org.testng.internal.MethodInvocationHelper.invokeDataProvider(MethodInvocationHelper.java:131)
	at org.testng.internal.Parameters.handleParameters(Parameters.java:706)
	at org.testng.internal.ParameterHandler.handleParameters(ParameterHandler.java:49)
	at org.testng.internal.ParameterHandler.createParameters(ParameterHandler.java:37)
	at org.testng.internal.Invoker.invokeTestMethods(Invoker.java:924)
	at org.testng.internal.TestMethodWorker.invokeTestMethods(TestMethodWorker.java:125)
	at org.testng.internal.TestMethodWorker.run(TestMethodWorker.java:109)
	at org.testng.TestRunner.privateRun(TestRunner.java:648)
	at org.testng.TestRunner.run(TestRunner.java:505)
	at org.testng.SuiteRunner.runTest(SuiteRunner.java:455)
	at org.testng.SuiteRunner.runSequentially(SuiteRunner.java:450)
	at org.testng.SuiteRunner.privateRun(SuiteRunner.java:415)
	at org.testng.SuiteRunner.run(SuiteRunner.java:364)
	at org.testng.SuiteRunnerWorker.runSuite(SuiteRunnerWorker.java:52)
	at org.testng.SuiteRunnerWorker.run(SuiteRunnerWorker.java:84)
	at org.testng.TestNG.runSuitesSequentially(TestNG.java:1208)
	at org.testng.TestNG.runSuitesLocally(TestNG.java:1137)
	at org.testng.TestNG.runSuites(TestNG.java:1049)
	at org.testng.TestNG.run(TestNG.java:1017)
	at org.apache.maven.surefire.testng.TestNGExecutor.run(TestNGExecutor.java:283)
	at org.apache.maven.surefire.testng.TestNGXmlTestSuite.execute(TestNGXmlTestSuite.java:75)
	at org.apache.maven.surefire.testng.TestNGProvider.invoke(TestNGProvider.java:120)
	at org.apache.maven.surefire.booter.ForkedBooter.invokeProviderInSameClassLoader(ForkedBooter.java:383)
	at org.apache.maven.surefire.booter.ForkedBooter.runSuitesInProcess(ForkedBooter.java:344)
	at org.apache.maven.surefire.booter.ForkedBooter.execute(ForkedBooter.java:125)
	at org.apache.maven.surefire.booter.ForkedBooter.main(ForkedBooter.java:417)
org.apache.xmlbeans.impl.values.XmlValueDisconnectedException
	at org.apache.xmlbeans.impl.values.XmlObjectBase.check_orphaned(XmlObjectBase.java:1213)
	at org.openxmlformats.schemas.spreadsheetml.x2006.main.impl.CTXfImpl.getXfId(Unknown Source)
	at org.apache.poi.xssf.model.StylesTable.getStyleAt(StylesTable.java:235)
	at org.apache.poi.xssf.usermodel.XSSFCell.getCellStyle(XSSFCell.java:483)
	at org.apache.poi.xssf.usermodel.XSSFCell.getCellStyle(XSSFCell.java:64)
	at org.apache.poi.ss.usermodel.DateUtil.isCellDateFormatted(DateUtil.java:504)
	at com.hasbrop2m.core.Xls_Reader.getCellData(Xls_Reader.java:148)
	at com.hasbrop2m.core.Utility.getData(Utility.java:61)
	at com.hasbrop2m.sanity.SanitySuite2.testDataTest(SanitySuite2.java:12751)
	at sun.reflect.NativeMethodAccessorImpl.invoke0(Native Method)
	at sun.reflect.NativeMethodAccessorImpl.invoke(NativeMethodAccessorImpl.java:62)
	at sun.reflect.DelegatingMethodAccessorImpl.invoke(DelegatingMethodAccessorImpl.java:43)
	at java.lang.reflect.Method.invoke(Method.java:498)
	at org.testng.internal.MethodInvocationHelper.invokeMethod(MethodInvocationHelper.java:124)
	at org.testng.internal.MethodInvocationHelper.invokeMethod(MethodInvocationHelper.java:74)
	at org.testng.internal.MethodInvocationHelper.invokeMethodNoCheckedException(MethodInvocationHelper.java:45)
	at org.testng.internal.MethodInvocationHelper.invokeDataProvider(MethodInvocationHelper.java:131)
	at org.testng.internal.Parameters.handleParameters(Parameters.java:706)
	at org.testng.internal.ParameterHandler.handleParameters(ParameterHandler.java:49)
	at org.testng.internal.ParameterHandler.createParameters(ParameterHandler.java:37)
	at org.testng.internal.Invoker.invokeTestMethods(Invoker.java:924)
	at org.testng.internal.TestMethodWorker.invokeTestMethods(TestMethodWorker.java:125)
	at org.testng.internal.TestMethodWorker.run(TestMethodWorker.java:109)
	at org.testng.TestRunner.privateRun(TestRunner.java:648)
	at org.testng.TestRunner.run(TestRunner.java:505)
	at org.testng.SuiteRunner.runTest(SuiteRunner.java:455)
	at org.testng.SuiteRunner.runSequentially(SuiteRunner.java:450)
	at org.testng.SuiteRunner.privateRun(SuiteRunner.java:415)
	at org.testng.SuiteRunner.run(SuiteRunner.java:364)
	at org.testng.SuiteRunnerWorker.runSuite(SuiteRunnerWorker.java:52)
	at org.testng.SuiteRunnerWorker.run(SuiteRunnerWorker.java:84)
	at org.testng.TestNG.runSuitesSequentially(TestNG.java:1208)
	at org.testng.TestNG.runSuitesLocally(TestNG.java:1137)
	at org.testng.TestNG.runSuites(TestNG.java:1049)
	at org.testng.TestNG.run(TestNG.java:1017)
	at org.apache.maven.surefire.testng.TestNGExecutor.run(TestNGExecutor.java:283)
	at org.apache.maven.surefire.testng.TestNGXmlTestSuite.execute(TestNGXmlTestSuite.java:75)
	at org.apache.maven.surefire.testng.TestNGProvider.invoke(TestNGProvider.java:120)
	at org.apache.maven.surefire.booter.ForkedBooter.invokeProviderInSameClassLoader(ForkedBooter.java:383)
	at org.apache.maven.surefire.booter.ForkedBooter.runSuitesInProcess(ForkedBooter.java:344)
	at org.apache.maven.surefire.booter.ForkedBooter.execute(ForkedBooter.java:125)
	at org.apache.maven.surefire.booter.ForkedBooter.main(ForkedBooter.java:417)
org.apache.xmlbeans.impl.values.XmlValueDisconnectedException
	at org.apache.xmlbeans.impl.values.XmlObjectBase.check_orphaned(XmlObjectBase.java:1213)
	at org.openxmlformats.schemas.spreadsheetml.x2006.main.impl.CTXfImpl.getXfId(Unknown Source)
	at org.apache.poi.xssf.model.StylesTable.getStyleAt(StylesTable.java:235)
	at org.apache.poi.xssf.usermodel.XSSFCell.getCellStyle(XSSFCell.java:483)
	at org.apache.poi.xssf.usermodel.XSSFCell.getCellStyle(XSSFCell.java:64)
	at org.apache.poi.ss.usermodel.DateUtil.isCellDateFormatted(DateUtil.java:504)
	at com.hasbrop2m.core.Xls_Reader.getCellData(Xls_Reader.java:148)
	at com.hasbrop2m.core.Utility.getData(Utility.java:61)
	at com.hasbrop2m.sanity.SanitySuite2.testDataTest(SanitySuite2.java:12751)
	at sun.reflect.NativeMethodAccessorImpl.invoke0(Native Method)
	at sun.reflect.NativeMethodAccessorImpl.invoke(NativeMethodAccessorImpl.java:62)
	at sun.reflect.DelegatingMethodAccessorImpl.invoke(DelegatingMethodAccessorImpl.java:43)
	at java.lang.reflect.Method.invoke(Method.java:498)
	at org.testng.internal.MethodInvocationHelper.invokeMethod(MethodInvocationHelper.java:124)
	at org.testng.internal.MethodInvocationHelper.invokeMethod(MethodInvocationHelper.java:74)
	at org.testng.internal.MethodInvocationHelper.invokeMethodNoCheckedException(MethodInvocationHelper.java:45)
	at org.testng.internal.MethodInvocationHelper.invokeDataProvider(MethodInvocationHelper.java:131)
	at org.testng.internal.Parameters.handleParameters(Parameters.java:706)
	at org.testng.internal.ParameterHandler.handleParameters(ParameterHandler.java:49)
	at org.testng.internal.ParameterHandler.createParameters(ParameterHandler.java:37)
	at org.testng.internal.Invoker.invokeTestMethods(Invoker.java:924)
	at org.testng.internal.TestMethodWorker.invokeTestMethods(TestMethodWorker.java:125)
	at org.testng.internal.TestMethodWorker.run(TestMethodWorker.java:109)
	at org.testng.TestRunner.privateRun(TestRunner.java:648)
	at org.testng.TestRunner.run(TestRunner.java:505)
	at org.testng.SuiteRunner.runTest(SuiteRunner.java:455)
	at org.testng.SuiteRunner.runSequentially(SuiteRunner.java:450)
	at org.testng.SuiteRunner.privateRun(SuiteRunner.java:415)
	at org.testng.SuiteRunner.run(SuiteRunner.java:364)
	at org.testng.SuiteRunnerWorker.runSuite(SuiteRunnerWorker.java:52)
	at org.testng.SuiteRunnerWorker.run(SuiteRunnerWorker.java:84)
	at org.testng.TestNG.runSuitesSequentially(TestNG.java:1208)
	at org.testng.TestNG.runSuitesLocally(TestNG.java:1137)
	at org.testng.TestNG.runSuites(TestNG.java:1049)
	at org.testng.TestNG.run(TestNG.java:1017)
	at org.apache.maven.surefire.testng.TestNGExecutor.run(TestNGExecutor.java:283)
	at org.apache.maven.surefire.testng.TestNGXmlTestSuite.execute(TestNGXmlTestSuite.java:75)
	at org.apache.maven.surefire.testng.TestNGProvider.invoke(TestNGProvider.java:120)
	at org.apache.maven.surefire.booter.ForkedBooter.invokeProviderInSameClassLoader(ForkedBooter.java:383)
	at org.apache.maven.surefire.booter.ForkedBooter.runSuitesInProcess(ForkedBooter.java:344)
	at org.apache.maven.surefire.booter.ForkedBooter.execute(ForkedBooter.java:125)
	at org.apache.maven.surefire.booter.ForkedBooter.main(ForkedBooter.java:417)
org.apache.xmlbeans.impl.values.XmlValueDisconnectedException
	at org.apache.xmlbeans.impl.values.XmlObjectBase.check_orphaned(XmlObjectBase.java:1213)
	at org.openxmlformats.schemas.spreadsheetml.x2006.main.impl.CTXfImpl.getXfId(Unknown Source)
	at org.apache.poi.xssf.model.StylesTable.getStyleAt(StylesTable.java:235)
	at org.apache.poi.xssf.usermodel.XSSFCell.getCellStyle(XSSFCell.java:483)
	at org.apache.poi.xssf.usermodel.XSSFCell.getCellStyle(XSSFCell.java:64)
	at org.apache.poi.ss.usermodel.DateUtil.isCellDateFormatted(DateUtil.java:504)
	at com.hasbrop2m.core.Xls_Reader.getCellData(Xls_Reader.java:148)
	at com.hasbrop2m.core.Utility.getData(Utility.java:61)
	at com.hasbrop2m.sanity.SanitySuite2.testDataTest(SanitySuite2.java:12751)
	at sun.reflect.NativeMethodAccessorImpl.invoke0(Native Method)
	at sun.reflect.NativeMethodAccessorImpl.invoke(NativeMethodAccessorImpl.java:62)
	at sun.reflect.DelegatingMethodAccessorImpl.invoke(DelegatingMethodAccessorImpl.java:43)
	at java.lang.reflect.Method.invoke(Method.java:498)
	at org.testng.internal.MethodInvocationHelper.invokeMethod(MethodInvocationHelper.java:124)
	at org.testng.internal.MethodInvocationHelper.invokeMethod(MethodInvocationHelper.java:74)
	at org.testng.internal.MethodInvocationHelper.invokeMethodNoCheckedException(MethodInvocationHelper.java:45)
	at org.testng.internal.MethodInvocationHelper.invokeDataProvider(MethodInvocationHelper.java:131)
	at org.testng.internal.Parameters.handleParameters(Parameters.java:706)
	at org.testng.internal.ParameterHandler.handleParameters(ParameterHandler.java:49)
	at org.testng.internal.ParameterHandler.createParameters(ParameterHandler.java:37)
	at org.testng.internal.Invoker.invokeTestMethods(Invoker.java:924)
	at org.testng.internal.TestMethodWorker.invokeTestMethods(TestMethodWorker.java:125)
	at org.testng.internal.TestMethodWorker.run(TestMethodWorker.java:109)
	at org.testng.TestRunner.privateRun(TestRunner.java:648)
	at org.testng.TestRunner.run(TestRunner.java:505)
	at org.testng.SuiteRunner.runTest(SuiteRunner.java:455)
	at org.testng.SuiteRunner.runSequentially(SuiteRunner.java:450)
	at org.testng.SuiteRunner.privateRun(SuiteRunner.java:415)
	at org.testng.SuiteRunner.run(SuiteRunner.java:364)
	at org.testng.SuiteRunnerWorker.runSuite(SuiteRunnerWorker.java:52)
	at org.testng.SuiteRunnerWorker.run(SuiteRunnerWorker.java:84)
	at org.testng.TestNG.runSuitesSequentially(TestNG.java:1208)
	at org.testng.TestNG.runSuitesLocally(TestNG.java:1137)
	at org.testng.TestNG.runSuites(TestNG.java:1049)
	at org.testng.TestNG.run(TestNG.java:1017)
	at org.apache.maven.surefire.testng.TestNGExecutor.run(TestNGExecutor.java:283)
	at org.apache.maven.surefire.testng.TestNGXmlTestSuite.execute(TestNGXmlTestSuite.java:75)
	at org.apache.maven.surefire.testng.TestNGProvider.invoke(TestNGProvider.java:120)
	at org.apache.maven.surefire.booter.ForkedBooter.invokeProviderInSameClassLoader(ForkedBooter.java:383)
	at org.apache.maven.surefire.booter.ForkedBooter.runSuitesInProcess(ForkedBooter.java:344)
	at org.apache.maven.surefire.booter.ForkedBooter.execute(ForkedBooter.java:125)
	at org.apache.maven.surefire.booter.ForkedBooter.main(ForkedBooter.java:417)
org.apache.xmlbeans.impl.values.XmlValueDisconnectedException
	at org.apache.xmlbeans.impl.values.XmlObjectBase.check_orphaned(XmlObjectBase.java:1213)
	at org.openxmlformats.schemas.spreadsheetml.x2006.main.impl.CTXfImpl.getXfId(Unknown Source)
	at org.apache.poi.xssf.model.StylesTable.getStyleAt(StylesTable.java:235)
	at org.apache.poi.xssf.usermodel.XSSFCell.getCellStyle(XSSFCell.java:483)
	at org.apache.poi.xssf.usermodel.XSSFCell.getCellStyle(XSSFCell.java:64)
	at org.apache.poi.ss.usermodel.DateUtil.isCellDateFormatted(DateUtil.java:504)
	at com.hasbrop2m.core.Xls_Reader.getCellData(Xls_Reader.java:148)
	at com.hasbrop2m.core.Utility.getData(Utility.java:61)
	at com.hasbrop2m.sanity.SanitySuite2.testDataTest(SanitySuite2.java:12751)
	at sun.reflect.NativeMethodAccessorImpl.invoke0(Native Method)
	at sun.reflect.NativeMethodAccessorImpl.invoke(NativeMethodAccessorImpl.java:62)
	at sun.reflect.DelegatingMethodAccessorImpl.invoke(DelegatingMethodAccessorImpl.java:43)
	at java.lang.reflect.Method.invoke(Method.java:498)
	at org.testng.internal.MethodInvocationHelper.invokeMethod(MethodInvocationHelper.java:124)
	at org.testng.internal.MethodInvocationHelper.invokeMethod(MethodInvocationHelper.java:74)
	at org.testng.internal.MethodInvocationHelper.invokeMethodNoCheckedException(MethodInvocationHelper.java:45)
	at org.testng.internal.MethodInvocationHelper.invokeDataProvider(MethodInvocationHelper.java:131)
	at org.testng.internal.Parameters.handleParameters(Parameters.java:706)
	at org.testng.internal.ParameterHandler.handleParameters(ParameterHandler.java:49)
	at org.testng.internal.ParameterHandler.createParameters(ParameterHandler.java:37)
	at org.testng.internal.Invoker.invokeTestMethods(Invoker.java:924)
	at org.testng.internal.TestMethodWorker.invokeTestMethods(TestMethodWorker.java:125)
	at org.testng.internal.TestMethodWorker.run(TestMethodWorker.java:109)
	at org.testng.TestRunner.privateRun(TestRunner.java:648)
	at org.testng.TestRunner.run(TestRunner.java:505)
	at org.testng.SuiteRunner.runTest(SuiteRunner.java:455)
	at org.testng.SuiteRunner.runSequentially(SuiteRunner.java:450)
	at org.testng.SuiteRunner.privateRun(SuiteRunner.java:415)
	at org.testng.SuiteRunner.run(SuiteRunner.java:364)
	at org.testng.SuiteRunnerWorker.runSuite(SuiteRunnerWorker.java:52)
	at org.testng.SuiteRunnerWorker.run(SuiteRunnerWorker.java:84)
	at org.testng.TestNG.runSuitesSequentially(TestNG.java:1208)
	at org.testng.TestNG.runSuitesLocally(TestNG.java:1137)
	at org.testng.TestNG.runSuites(TestNG.java:1049)
	at org.testng.TestNG.run(TestNG.java:1017)
	at org.apache.maven.surefire.testng.TestNGExecutor.run(TestNGExecutor.java:283)
	at org.apache.maven.surefire.testng.TestNGXmlTestSuite.execute(TestNGXmlTestSuite.java:75)
	at org.apache.maven.surefire.testng.TestNGProvider.invoke(TestNGProvider.java:120)
	at org.apache.maven.surefire.booter.ForkedBooter.invokeProviderInSameClassLoader(ForkedBooter.java:383)
	at org.apache.maven.surefire.booter.ForkedBooter.runSuitesInProcess(ForkedBooter.java:344)
	at org.apache.maven.surefire.booter.ForkedBooter.execute(ForkedBooter.java:125)
	at org.apache.maven.surefire.booter.ForkedBooter.main(ForkedBooter.java:417)
org.apache.xmlbeans.impl.values.XmlValueDisconnectedException
	at org.apache.xmlbeans.impl.values.XmlObjectBase.check_orphaned(XmlObjectBase.java:1213)
	at org.openxmlformats.schemas.spreadsheetml.x2006.main.impl.CTXfImpl.getXfId(Unknown Source)
	at org.apache.poi.xssf.model.StylesTable.getStyleAt(StylesTable.java:235)
	at org.apache.poi.xssf.usermodel.XSSFCell.getCellStyle(XSSFCell.java:483)
	at org.apache.poi.xssf.usermodel.XSSFCell.getCellStyle(XSSFCell.java:64)
	at org.apache.poi.ss.usermodel.DateUtil.isCellDateFormatted(DateUtil.java:504)
	at com.hasbrop2m.core.Xls_Reader.getCellData(Xls_Reader.java:148)
	at com.hasbrop2m.core.Utility.getData(Utility.java:61)
	at com.hasbrop2m.sanity.SanitySuite2.testDataTest(SanitySuite2.java:12751)
	at sun.reflect.NativeMethodAccessorImpl.invoke0(Native Method)
	at sun.reflect.NativeMethodAccessorImpl.invoke(NativeMethodAccessorImpl.java:62)
	at sun.reflect.DelegatingMethodAccessorImpl.invoke(DelegatingMethodAccessorImpl.java:43)
	at java.lang.reflect.Method.invoke(Method.java:498)
	at org.testng.internal.MethodInvocationHelper.invokeMethod(MethodInvocationHelper.java:124)
	at org.testng.internal.MethodInvocationHelper.invokeMethod(MethodInvocationHelper.java:74)
	at org.testng.internal.MethodInvocationHelper.invokeMethodNoCheckedException(MethodInvocationHelper.java:45)
	at org.testng.internal.MethodInvocationHelper.invokeDataProvider(MethodInvocationHelper.java:131)
	at org.testng.internal.Parameters.handleParameters(Parameters.java:706)
	at org.testng.internal.ParameterHandler.handleParameters(ParameterHandler.java:49)
	at org.testng.internal.ParameterHandler.createParameters(ParameterHandler.java:37)
	at org.testng.internal.Invoker.invokeTestMethods(Invoker.java:924)
	at org.testng.internal.TestMethodWorker.invokeTestMethods(TestMethodWorker.java:125)
	at org.testng.internal.TestMethodWorker.run(TestMethodWorker.java:109)
	at org.testng.TestRunner.privateRun(TestRunner.java:648)
	at org.testng.TestRunner.run(TestRunner.java:505)
	at org.testng.SuiteRunner.runTest(SuiteRunner.java:455)
	at org.testng.SuiteRunner.runSequentially(SuiteRunner.java:450)
	at org.testng.SuiteRunner.privateRun(SuiteRunner.java:415)
	at org.testng.SuiteRunner.run(SuiteRunner.java:364)
	at org.testng.SuiteRunnerWorker.runSuite(SuiteRunnerWorker.java:52)
	at org.testng.SuiteRunnerWorker.run(SuiteRunnerWorker.java:84)
	at org.testng.TestNG.runSuitesSequentially(TestNG.java:1208)
	at org.testng.TestNG.runSuitesLocally(TestNG.java:1137)
	at org.testng.TestNG.runSuites(TestNG.java:1049)
	at org.testng.TestNG.run(TestNG.java:1017)
	at org.apache.maven.surefire.testng.TestNGExecutor.run(TestNGExecutor.java:283)
	at org.apache.maven.surefire.testng.TestNGXmlTestSuite.execute(TestNGXmlTestSuite.java:75)
	at org.apache.maven.surefire.testng.TestNGProvider.invoke(TestNGProvider.java:120)
	at org.apache.maven.surefire.booter.ForkedBooter.invokeProviderInSameClassLoader(ForkedBooter.java:383)
	at org.apache.maven.surefire.booter.ForkedBooter.runSuitesInProcess(ForkedBooter.java:344)
	at org.apache.maven.surefire.booter.ForkedBooter.execute(ForkedBooter.java:125)
	at org.apache.maven.surefire.booter.ForkedBooter.main(ForkedBooter.java:417)
org.apache.xmlbeans.impl.values.XmlValueDisconnectedException
	at org.apache.xmlbeans.impl.values.XmlObjectBase.check_orphaned(XmlObjectBase.java:1213)
	at org.openxmlformats.schemas.spreadsheetml.x2006.main.impl.CTXfImpl.getXfId(Unknown Source)
	at org.apache.poi.xssf.model.StylesTable.getStyleAt(StylesTable.java:235)
	at org.apache.poi.xssf.usermodel.XSSFCell.getCellStyle(XSSFCell.java:483)
	at org.apache.poi.xssf.usermodel.XSSFCell.getCellStyle(XSSFCell.java:64)
	at org.apache.poi.ss.usermodel.DateUtil.isCellDateFormatted(DateUtil.java:504)
	at com.hasbrop2m.core.Xls_Reader.getCellData(Xls_Reader.java:148)
	at com.hasbrop2m.core.Utility.getData(Utility.java:61)
	at com.hasbrop2m.sanity.SanitySuite2.testDataTest(SanitySuite2.java:12751)
	at sun.reflect.NativeMethodAccessorImpl.invoke0(Native Method)
	at sun.reflect.NativeMethodAccessorImpl.invoke(NativeMethodAccessorImpl.java:62)
	at sun.reflect.DelegatingMethodAccessorImpl.invoke(DelegatingMethodAccessorImpl.java:43)
	at java.lang.reflect.Method.invoke(Method.java:498)
	at org.testng.internal.MethodInvocationHelper.invokeMethod(MethodInvocationHelper.java:124)
	at org.testng.internal.MethodInvocationHelper.invokeMethod(MethodInvocationHelper.java:74)
	at org.testng.internal.MethodInvocationHelper.invokeMethodNoCheckedException(MethodInvocationHelper.java:45)
	at org.testng.internal.MethodInvocationHelper.invokeDataProvider(MethodInvocationHelper.java:131)
	at org.testng.internal.Parameters.handleParameters(Parameters.java:706)
	at org.testng.internal.ParameterHandler.handleParameters(ParameterHandler.java:49)
	at org.testng.internal.ParameterHandler.createParameters(ParameterHandler.java:37)
	at org.testng.internal.Invoker.invokeTestMethods(Invoker.java:924)
	at org.testng.internal.TestMethodWorker.invokeTestMethods(TestMethodWorker.java:125)
	at org.testng.internal.TestMethodWorker.run(TestMethodWorker.java:109)
	at org.testng.TestRunner.privateRun(TestRunner.java:648)
	at org.testng.TestRunner.run(TestRunner.java:505)
	at org.testng.SuiteRunner.runTest(SuiteRunner.java:455)
	at org.testng.SuiteRunner.runSequentially(SuiteRunner.java:450)
	at org.testng.SuiteRunner.privateRun(SuiteRunner.java:415)
	at org.testng.SuiteRunner.run(SuiteRunner.java:364)
	at org.testng.SuiteRunnerWorker.runSuite(SuiteRunnerWorker.java:52)
	at org.testng.SuiteRunnerWorker.run(SuiteRunnerWorker.java:84)
	at org.testng.TestNG.runSuitesSequentially(TestNG.java:1208)
	at org.testng.TestNG.runSuitesLocally(TestNG.java:1137)
	at org.testng.TestNG.runSuites(TestNG.java:1049)
	at org.testng.TestNG.run(TestNG.java:1017)
	at org.apache.maven.surefire.testng.TestNGExecutor.run(TestNGExecutor.java:283)
	at org.apache.maven.surefire.testng.TestNGXmlTestSuite.execute(TestNGXmlTestSuite.java:75)
	at org.apache.maven.surefire.testng.TestNGProvider.invoke(TestNGProvider.java:120)
	at org.apache.maven.surefire.booter.ForkedBooter.invokeProviderInSameClassLoader(ForkedBooter.java:383)
	at org.apache.maven.surefire.booter.ForkedBooter.runSuitesInProcess(ForkedBooter.java:344)
	at org.apache.maven.surefire.booter.ForkedBooter.execute(ForkedBooter.java:125)
	at org.apache.maven.surefire.booter.ForkedBooter.main(ForkedBooter.java:417)
org.apache.xmlbeans.impl.values.XmlValueDisconnectedException
	at org.apache.xmlbeans.impl.values.XmlObjectBase.check_orphaned(XmlObjectBase.java:1213)
	at org.openxmlformats.schemas.spreadsheetml.x2006.main.impl.CTXfImpl.getXfId(Unknown Source)
	at org.apache.poi.xssf.model.StylesTable.getStyleAt(StylesTable.java:235)
	at org.apache.poi.xssf.usermodel.XSSFCell.getCellStyle(XSSFCell.java:483)
	at org.apache.poi.xssf.usermodel.XSSFCell.getCellStyle(XSSFCell.java:64)
	at org.apache.poi.ss.usermodel.DateUtil.isCellDateFormatted(DateUtil.java:504)
	at com.hasbrop2m.core.Xls_Reader.getCellData(Xls_Reader.java:148)
	at com.hasbrop2m.core.Utility.getData(Utility.java:61)
	at com.hasbrop2m.sanity.SanitySuite2.testDataTest(SanitySuite2.java:12751)
	at sun.reflect.NativeMethodAccessorImpl.invoke0(Native Method)
	at sun.reflect.NativeMethodAccessorImpl.invoke(NativeMethodAccessorImpl.java:62)
	at sun.reflect.DelegatingMethodAccessorImpl.invoke(DelegatingMethodAccessorImpl.java:43)
	at java.lang.reflect.Method.invoke(Method.java:498)
	at org.testng.internal.MethodInvocationHelper.invokeMethod(MethodInvocationHelper.java:124)
	at org.testng.internal.MethodInvocationHelper.invokeMethod(MethodInvocationHelper.java:74)
	at org.testng.internal.MethodInvocationHelper.invokeMethodNoCheckedException(MethodInvocationHelper.java:45)
	at org.testng.internal.MethodInvocationHelper.invokeDataProvider(MethodInvocationHelper.java:131)
	at org.testng.internal.Parameters.handleParameters(Parameters.java:706)
	at org.testng.internal.ParameterHandler.handleParameters(ParameterHandler.java:49)
	at org.testng.internal.ParameterHandler.createParameters(ParameterHandler.java:37)
	at org.testng.internal.Invoker.invokeTestMethods(Invoker.java:924)
	at org.testng.internal.TestMethodWorker.invokeTestMethods(TestMethodWorker.java:125)
	at org.testng.internal.TestMethodWorker.run(TestMethodWorker.java:109)
	at org.testng.TestRunner.privateRun(TestRunner.java:648)
	at org.testng.TestRunner.run(TestRunner.java:505)
	at org.testng.SuiteRunner.runTest(SuiteRunner.java:455)
	at org.testng.SuiteRunner.runSequentially(SuiteRunner.java:450)
	at org.testng.SuiteRunner.privateRun(SuiteRunner.java:415)
	at org.testng.SuiteRunner.run(SuiteRunner.java:364)
	at org.testng.SuiteRunnerWorker.runSuite(SuiteRunnerWorker.java:52)
	at org.testng.SuiteRunnerWorker.run(SuiteRunnerWorker.java:84)
	at org.testng.TestNG.runSuitesSequentially(TestNG.java:1208)
	at org.testng.TestNG.runSuitesLocally(TestNG.java:1137)
	at org.testng.TestNG.runSuites(TestNG.java:1049)
	at org.testng.TestNG.run(TestNG.java:1017)
	at org.apache.maven.surefire.testng.TestNGExecutor.run(TestNGExecutor.java:283)
	at org.apache.maven.surefire.testng.TestNGXmlTestSuite.execute(TestNGXmlTestSuite.java:75)
	at org.apache.maven.surefire.testng.TestNGProvider.invoke(TestNGProvider.java:120)
	at org.apache.maven.surefire.booter.ForkedBooter.invokeProviderInSameClassLoader(ForkedBooter.java:383)
	at org.apache.maven.surefire.booter.ForkedBooter.runSuitesInProcess(ForkedBooter.java:344)
	at org.apache.maven.surefire.booter.ForkedBooter.execute(ForkedBooter.java:125)
	at org.apache.maven.surefire.booter.ForkedBooter.main(ForkedBooter.java:417)
org.apache.xmlbeans.impl.values.XmlValueDisconnectedException
	at org.apache.xmlbeans.impl.values.XmlObjectBase.check_orphaned(XmlObjectBase.java:1213)
	at org.openxmlformats.schemas.spreadsheetml.x2006.main.impl.CTXfImpl.getXfId(Unknown Source)
	at org.apache.poi.xssf.model.StylesTable.getStyleAt(StylesTable.java:235)
	at org.apache.poi.xssf.usermodel.XSSFCell.getCellStyle(XSSFCell.java:483)
	at org.apache.poi.xssf.usermodel.XSSFCell.getCellStyle(XSSFCell.java:64)
	at org.apache.poi.ss.usermodel.DateUtil.isCellDateFormatted(DateUtil.java:504)
	at com.hasbrop2m.core.Xls_Reader.getCellData(Xls_Reader.java:148)
	at com.hasbrop2m.core.Utility.getData(Utility.java:61)
	at com.hasbrop2m.sanity.SanitySuite2.testDataTest(SanitySuite2.java:12751)
	at sun.reflect.NativeMethodAccessorImpl.invoke0(Native Method)
	at sun.reflect.NativeMethodAccessorImpl.invoke(NativeMethodAccessorImpl.java:62)
	at sun.reflect.DelegatingMethodAccessorImpl.invoke(DelegatingMethodAccessorImpl.java:43)
	at java.lang.reflect.Method.invoke(Method.java:498)
	at org.testng.internal.MethodInvocationHelper.invokeMethod(MethodInvocationHelper.java:124)
	at org.testng.internal.MethodInvocationHelper.invokeMethod(MethodInvocationHelper.java:74)
	at org.testng.internal.MethodInvocationHelper.invokeMethodNoCheckedException(MethodInvocationHelper.java:45)
	at org.testng.internal.MethodInvocationHelper.invokeDataProvider(MethodInvocationHelper.java:131)
	at org.testng.internal.Parameters.handleParameters(Parameters.java:706)
	at org.testng.internal.ParameterHandler.handleParameters(ParameterHandler.java:49)
	at org.testng.internal.ParameterHandler.createParameters(ParameterHandler.java:37)
	at org.testng.internal.Invoker.invokeTestMethods(Invoker.java:924)
	at org.testng.internal.TestMethodWorker.invokeTestMethods(TestMethodWorker.java:125)
	at org.testng.internal.TestMethodWorker.run(TestMethodWorker.java:109)
	at org.testng.TestRunner.privateRun(TestRunner.java:648)
	at org.testng.TestRunner.run(TestRunner.java:505)
	at org.testng.SuiteRunner.runTest(SuiteRunner.java:455)
	at org.testng.SuiteRunner.runSequentially(SuiteRunner.java:450)
	at org.testng.SuiteRunner.privateRun(SuiteRunner.java:415)
	at org.testng.SuiteRunner.run(SuiteRunner.java:364)
	at org.testng.SuiteRunnerWorker.runSuite(SuiteRunnerWorker.java:52)
	at org.testng.SuiteRunnerWorker.run(SuiteRunnerWorker.java:84)
	at org.testng.TestNG.runSuitesSequentially(TestNG.java:1208)
	at org.testng.TestNG.runSuitesLocally(TestNG.java:1137)
	at org.testng.TestNG.runSuites(TestNG.java:1049)
	at org.testng.TestNG.run(TestNG.java:1017)
	at org.apache.maven.surefire.testng.TestNGExecutor.run(TestNGExecutor.java:283)
	at org.apache.maven.surefire.testng.TestNGXmlTestSuite.execute(TestNGXmlTestSuite.java:75)
	at org.apache.maven.surefire.testng.TestNGProvider.invoke(TestNGProvider.java:120)
	at org.apache.maven.surefire.booter.ForkedBooter.invokeProviderInSameClassLoader(ForkedBooter.java:383)
	at org.apache.maven.surefire.booter.ForkedBooter.runSuitesInProcess(ForkedBooter.java:344)
	at org.apache.maven.surefire.booter.ForkedBooter.execute(ForkedBooter.java:125)
	at org.apache.maven.surefire.booter.ForkedBooter.main(ForkedBooter.java:417)
org.apache.xmlbeans.impl.values.XmlValueDisconnectedException
	at org.apache.xmlbeans.impl.values.XmlObjectBase.check_orphaned(XmlObjectBase.java:1213)
	at org.openxmlformats.schemas.spreadsheetml.x2006.main.impl.CTXfImpl.getXfId(Unknown Source)
	at org.apache.poi.xssf.model.StylesTable.getStyleAt(StylesTable.java:235)
	at org.apache.poi.xssf.usermodel.XSSFCell.getCellStyle(XSSFCell.java:483)
	at org.apache.poi.xssf.usermodel.XSSFCell.getCellStyle(XSSFCell.java:64)
	at org.apache.poi.ss.usermodel.DateUtil.isCellDateFormatted(DateUtil.java:504)
	at com.hasbrop2m.core.Xls_Reader.getCellData(Xls_Reader.java:148)
	at com.hasbrop2m.core.Utility.getData(Utility.java:61)
	at com.hasbrop2m.sanity.SanitySuite2.testDataTest(SanitySuite2.java:12751)
	at sun.reflect.NativeMethodAccessorImpl.invoke0(Native Method)
	at sun.reflect.NativeMethodAccessorImpl.invoke(NativeMethodAccessorImpl.java:62)
	at sun.reflect.DelegatingMethodAccessorImpl.invoke(DelegatingMethodAccessorImpl.java:43)
	at java.lang.reflect.Method.invoke(Method.java:498)
	at org.testng.internal.MethodInvocationHelper.invokeMethod(MethodInvocationHelper.java:124)
	at org.testng.internal.MethodInvocationHelper.invokeMethod(MethodInvocationHelper.java:74)
	at org.testng.internal.MethodInvocationHelper.invokeMethodNoCheckedException(MethodInvocationHelper.java:45)
	at org.testng.internal.MethodInvocationHelper.invokeDataProvider(MethodInvocationHelper.java:131)
	at org.testng.internal.Parameters.handleParameters(Parameters.java:706)
	at org.testng.internal.ParameterHandler.handleParameters(ParameterHandler.java:49)
	at org.testng.internal.ParameterHandler.createParameters(ParameterHandler.java:37)
	at org.testng.internal.Invoker.invokeTestMethods(Invoker.java:924)
	at org.testng.internal.TestMethodWorker.invokeTestMethods(TestMethodWorker.java:125)
	at org.testng.internal.TestMethodWorker.run(TestMethodWorker.java:109)
	at org.testng.TestRunner.privateRun(TestRunner.java:648)
	at org.testng.TestRunner.run(TestRunner.java:505)
	at org.testng.SuiteRunner.runTest(SuiteRunner.java:455)
	at org.testng.SuiteRunner.runSequentially(SuiteRunner.java:450)
	at org.testng.SuiteRunner.privateRun(SuiteRunner.java:415)
	at org.testng.SuiteRunner.run(SuiteRunner.java:364)
	at org.testng.SuiteRunnerWorker.runSuite(SuiteRunnerWorker.java:52)
	at org.testng.SuiteRunnerWorker.run(SuiteRunnerWorker.java:84)
	at org.testng.TestNG.runSuitesSequentially(TestNG.java:1208)
	at org.testng.TestNG.runSuitesLocally(TestNG.java:1137)
	at org.testng.TestNG.runSuites(TestNG.java:1049)
	at org.testng.TestNG.run(TestNG.java:1017)
	at org.apache.maven.surefire.testng.TestNGExecutor.run(TestNGExecutor.java:283)
	at org.apache.maven.surefire.testng.TestNGXmlTestSuite.execute(TestNGXmlTestSuite.java:75)
	at org.apache.maven.surefire.testng.TestNGProvider.invoke(TestNGProvider.java:120)
	at org.apache.maven.surefire.booter.ForkedBooter.invokeProviderInSameClassLoader(ForkedBooter.java:383)
	at org.apache.maven.surefire.booter.ForkedBooter.runSuitesInProcess(ForkedBooter.java:344)
	at org.apache.maven.surefire.booter.ForkedBooter.execute(ForkedBooter.java:125)
	at org.apache.maven.surefire.booter.ForkedBooter.main(ForkedBooter.java:417)
org.apache.xmlbeans.impl.values.XmlValueDisconnectedException
	at org.apache.xmlbeans.impl.values.XmlObjectBase.check_orphaned(XmlObjectBase.java:1213)
	at org.openxmlformats.schemas.spreadsheetml.x2006.main.impl.CTXfImpl.getXfId(Unknown Source)
	at org.apache.poi.xssf.model.StylesTable.getStyleAt(StylesTable.java:235)
	at org.apache.poi.xssf.usermodel.XSSFCell.getCellStyle(XSSFCell.java:483)
	at org.apache.poi.xssf.usermodel.XSSFCell.getCellStyle(XSSFCell.java:64)
	at org.apache.poi.ss.usermodel.DateUtil.isCellDateFormatted(DateUtil.java:504)
	at com.hasbrop2m.core.Xls_Reader.getCellData(Xls_Reader.java:148)
	at com.hasbrop2m.core.Utility.getData(Utility.java:61)
	at com.hasbrop2m.sanity.SanitySuite2.testDataTest(SanitySuite2.java:12751)
	at sun.reflect.NativeMethodAccessorImpl.invoke0(Native Method)
	at sun.reflect.NativeMethodAccessorImpl.invoke(NativeMethodAccessorImpl.java:62)
	at sun.reflect.DelegatingMethodAccessorImpl.invoke(DelegatingMethodAccessorImpl.java:43)
	at java.lang.reflect.Method.invoke(Method.java:498)
	at org.testng.internal.MethodInvocationHelper.invokeMethod(MethodInvocationHelper.java:124)
	at org.testng.internal.MethodInvocationHelper.invokeMethod(MethodInvocationHelper.java:74)
	at org.testng.internal.MethodInvocationHelper.invokeMethodNoCheckedException(MethodInvocationHelper.java:45)
	at org.testng.internal.MethodInvocationHelper.invokeDataProvider(MethodInvocationHelper.java:131)
	at org.testng.internal.Parameters.handleParameters(Parameters.java:706)
	at org.testng.internal.ParameterHandler.handleParameters(ParameterHandler.java:49)
	at org.testng.internal.ParameterHandler.createParameters(ParameterHandler.java:37)
	at org.testng.internal.Invoker.invokeTestMethods(Invoker.java:924)
	at org.testng.internal.TestMethodWorker.invokeTestMethods(TestMethodWorker.java:125)
	at org.testng.internal.TestMethodWorker.run(TestMethodWorker.java:109)
	at org.testng.TestRunner.privateRun(TestRunner.java:648)
	at org.testng.TestRunner.run(TestRunner.java:505)
	at org.testng.SuiteRunner.runTest(SuiteRunner.java:455)
	at org.testng.SuiteRunner.runSequentially(SuiteRunner.java:450)
	at org.testng.SuiteRunner.privateRun(SuiteRunner.java:415)
	at org.testng.SuiteRunner.run(SuiteRunner.java:364)
	at org.testng.SuiteRunnerWorker.runSuite(SuiteRunnerWorker.java:52)
	at org.testng.SuiteRunnerWorker.run(SuiteRunnerWorker.java:84)
	at org.testng.TestNG.runSuitesSequentially(TestNG.java:1208)
	at org.testng.TestNG.runSuitesLocally(TestNG.java:1137)
	at org.testng.TestNG.runSuites(TestNG.java:1049)
	at org.testng.TestNG.run(TestNG.java:1017)
	at org.apache.maven.surefire.testng.TestNGExecutor.run(TestNGExecutor.java:283)
	at org.apache.maven.surefire.testng.TestNGXmlTestSuite.execute(TestNGXmlTestSuite.java:75)
	at org.apache.maven.surefire.testng.TestNGProvider.invoke(TestNGProvider.java:120)
	at org.apache.maven.surefire.booter.ForkedBooter.invokeProviderInSameClassLoader(ForkedBooter.java:383)
	at org.apache.maven.surefire.booter.ForkedBooter.runSuitesInProcess(ForkedBooter.java:344)
	at org.apache.maven.surefire.booter.ForkedBooter.execute(ForkedBooter.java:125)
	at org.apache.maven.surefire.booter.ForkedBooter.main(ForkedBooter.java:417)
org.apache.xmlbeans.impl.values.XmlValueDisconnectedException
	at org.apache.xmlbeans.impl.values.XmlObjectBase.check_orphaned(XmlObjectBase.java:1213)
	at org.openxmlformats.schemas.spreadsheetml.x2006.main.impl.CTXfImpl.getXfId(Unknown Source)
	at org.apache.poi.xssf.model.StylesTable.getStyleAt(StylesTable.java:235)
	at org.apache.poi.xssf.usermodel.XSSFCell.getCellStyle(XSSFCell.java:483)
	at org.apache.poi.xssf.usermodel.XSSFCell.getCellStyle(XSSFCell.java:64)
	at org.apache.poi.ss.usermodel.DateUtil.isCellDateFormatted(DateUtil.java:504)
	at com.hasbrop2m.core.Xls_Reader.getCellData(Xls_Reader.java:148)
	at com.hasbrop2m.core.Utility.getData(Utility.java:61)
	at com.hasbrop2m.sanity.SanitySuite2.testDataTest(SanitySuite2.java:12751)
	at sun.reflect.NativeMethodAccessorImpl.invoke0(Native Method)
	at sun.reflect.NativeMethodAccessorImpl.invoke(NativeMethodAccessorImpl.java:62)
	at sun.reflect.DelegatingMethodAccessorImpl.invoke(DelegatingMethodAccessorImpl.java:43)
	at java.lang.reflect.Method.invoke(Method.java:498)
	at org.testng.internal.MethodInvocationHelper.invokeMethod(MethodInvocationHelper.java:124)
	at org.testng.internal.MethodInvocationHelper.invokeMethod(MethodInvocationHelper.java:74)
	at org.testng.internal.MethodInvocationHelper.invokeMethodNoCheckedException(MethodInvocationHelper.java:45)
	at org.testng.internal.MethodInvocationHelper.invokeDataProvider(MethodInvocationHelper.java:131)
	at org.testng.internal.Parameters.handleParameters(Parameters.java:706)
	at org.testng.internal.ParameterHandler.handleParameters(ParameterHandler.java:49)
	at org.testng.internal.ParameterHandler.createParameters(ParameterHandler.java:37)
	at org.testng.internal.Invoker.invokeTestMethods(Invoker.java:924)
	at org.testng.internal.TestMethodWorker.invokeTestMethods(TestMethodWorker.java:125)
	at org.testng.internal.TestMethodWorker.run(TestMethodWorker.java:109)
	at org.testng.TestRunner.privateRun(TestRunner.java:648)
	at org.testng.TestRunner.run(TestRunner.java:505)
	at org.testng.SuiteRunner.runTest(SuiteRunner.java:455)
	at org.testng.SuiteRunner.runSequentially(SuiteRunner.java:450)
	at org.testng.SuiteRunner.privateRun(SuiteRunner.java:415)
	at org.testng.SuiteRunner.run(SuiteRunner.java:364)
	at org.testng.SuiteRunnerWorker.runSuite(SuiteRunnerWorker.java:52)
	at org.testng.SuiteRunnerWorker.run(SuiteRunnerWorker.java:84)
	at org.testng.TestNG.runSuitesSequentially(TestNG.java:1208)
	at org.testng.TestNG.runSuitesLocally(TestNG.java:1137)
	at org.testng.TestNG.runSuites(TestNG.java:1049)
	at org.testng.TestNG.run(TestNG.java:1017)
	at org.apache.maven.surefire.testng.TestNGExecutor.run(TestNGExecutor.java:283)
	at org.apache.maven.surefire.testng.TestNGXmlTestSuite.execute(TestNGXmlTestSuite.java:75)
	at org.apache.maven.surefire.testng.TestNGProvider.invoke(TestNGProvider.java:120)
	at org.apache.maven.surefire.booter.ForkedBooter.invokeProviderInSameClassLoader(ForkedBooter.java:383)
	at org.apache.maven.surefire.booter.ForkedBooter.runSuitesInProcess(ForkedBooter.java:344)
	at org.apache.maven.surefire.booter.ForkedBooter.execute(ForkedBooter.java:125)
	at org.apache.maven.surefire.booter.ForkedBooter.main(ForkedBooter.java:417)
org.apache.xmlbeans.impl.values.XmlValueDisconnectedException
	at org.apache.xmlbeans.impl.values.XmlObjectBase.check_orphaned(XmlObjectBase.java:1213)
	at org.openxmlformats.schemas.spreadsheetml.x2006.main.impl.CTXfImpl.getXfId(Unknown Source)
	at org.apache.poi.xssf.model.StylesTable.getStyleAt(StylesTable.java:235)
	at org.apache.poi.xssf.usermodel.XSSFCell.getCellStyle(XSSFCell.java:483)
	at org.apache.poi.xssf.usermodel.XSSFCell.getCellStyle(XSSFCell.java:64)
	at org.apache.poi.ss.usermodel.DateUtil.isCellDateFormatted(DateUtil.java:504)
	at com.hasbrop2m.core.Xls_Reader.getCellData(Xls_Reader.java:148)
	at com.hasbrop2m.core.Utility.getData(Utility.java:61)
	at com.hasbrop2m.sanity.SanitySuite2.testDataTest(SanitySuite2.java:12751)
	at sun.reflect.NativeMethodAccessorImpl.invoke0(Native Method)
	at sun.reflect.NativeMethodAccessorImpl.invoke(NativeMethodAccessorImpl.java:62)
	at sun.reflect.DelegatingMethodAccessorImpl.invoke(DelegatingMethodAccessorImpl.java:43)
	at java.lang.reflect.Method.invoke(Method.java:498)
	at org.testng.internal.MethodInvocationHelper.invokeMethod(MethodInvocationHelper.java:124)
	at org.testng.internal.MethodInvocationHelper.invokeMethod(MethodInvocationHelper.java:74)
	at org.testng.internal.MethodInvocationHelper.invokeMethodNoCheckedException(MethodInvocationHelper.java:45)
	at org.testng.internal.MethodInvocationHelper.invokeDataProvider(MethodInvocationHelper.java:131)
	at org.testng.internal.Parameters.handleParameters(Parameters.java:706)
	at org.testng.internal.ParameterHandler.handleParameters(ParameterHandler.java:49)
	at org.testng.internal.ParameterHandler.createParameters(ParameterHandler.java:37)
	at org.testng.internal.Invoker.invokeTestMethods(Invoker.java:924)
	at org.testng.internal.TestMethodWorker.invokeTestMethods(TestMethodWorker.java:125)
	at org.testng.internal.TestMethodWorker.run(TestMethodWorker.java:109)
	at org.testng.TestRunner.privateRun(TestRunner.java:648)
	at org.testng.TestRunner.run(TestRunner.java:505)
	at org.testng.SuiteRunner.runTest(SuiteRunner.java:455)
	at org.testng.SuiteRunner.runSequentially(SuiteRunner.java:450)
	at org.testng.SuiteRunner.privateRun(SuiteRunner.java:415)
	at org.testng.SuiteRunner.run(SuiteRunner.java:364)
	at org.testng.SuiteRunnerWorker.runSuite(SuiteRunnerWorker.java:52)
	at org.testng.SuiteRunnerWorker.run(SuiteRunnerWorker.java:84)
	at org.testng.TestNG.runSuitesSequentially(TestNG.java:1208)
	at org.testng.TestNG.runSuitesLocally(TestNG.java:1137)
	at org.testng.TestNG.runSuites(TestNG.java:1049)
	at org.testng.TestNG.run(TestNG.java:1017)
	at org.apache.maven.surefire.testng.TestNGExecutor.run(TestNGExecutor.java:283)
	at org.apache.maven.surefire.testng.TestNGXmlTestSuite.execute(TestNGXmlTestSuite.java:75)
	at org.apache.maven.surefire.testng.TestNGProvider.invoke(TestNGProvider.java:120)
	at org.apache.maven.surefire.booter.ForkedBooter.invokeProviderInSameClassLoader(ForkedBooter.java:383)
	at org.apache.maven.surefire.booter.ForkedBooter.runSuitesInProcess(ForkedBooter.java:344)
	at org.apache.maven.surefire.booter.ForkedBooter.execute(ForkedBooter.java:125)
	at org.apache.maven.surefire.booter.ForkedBooter.main(ForkedBooter.java:417)
org.apache.xmlbeans.impl.values.XmlValueDisconnectedException
	at org.apache.xmlbeans.impl.values.XmlObjectBase.check_orphaned(XmlObjectBase.java:1213)
	at org.openxmlformats.schemas.spreadsheetml.x2006.main.impl.CTXfImpl.getXfId(Unknown Source)
	at org.apache.poi.xssf.model.StylesTable.getStyleAt(StylesTable.java:235)
	at org.apache.poi.xssf.usermodel.XSSFCell.getCellStyle(XSSFCell.java:483)
	at org.apache.poi.xssf.usermodel.XSSFCell.getCellStyle(XSSFCell.java:64)
	at org.apache.poi.ss.usermodel.DateUtil.isCellDateFormatted(DateUtil.java:504)
	at com.hasbrop2m.core.Xls_Reader.getCellData(Xls_Reader.java:148)
	at com.hasbrop2m.core.Utility.getData(Utility.java:61)
	at com.hasbrop2m.sanity.SanitySuite2.testDataTest(SanitySuite2.java:12751)
	at sun.reflect.NativeMethodAccessorImpl.invoke0(Native Method)
	at sun.reflect.NativeMethodAccessorImpl.invoke(NativeMethodAccessorImpl.java:62)
	at sun.reflect.DelegatingMethodAccessorImpl.invoke(DelegatingMethodAccessorImpl.java:43)
	at java.lang.reflect.Method.invoke(Method.java:498)
	at org.testng.internal.MethodInvocationHelper.invokeMethod(MethodInvocationHelper.java:124)
	at org.testng.internal.MethodInvocationHelper.invokeMethod(MethodInvocationHelper.java:74)
	at org.testng.internal.MethodInvocationHelper.invokeMethodNoCheckedException(MethodInvocationHelper.java:45)
	at org.testng.internal.MethodInvocationHelper.invokeDataProvider(MethodInvocationHelper.java:131)
	at org.testng.internal.Parameters.handleParameters(Parameters.java:706)
	at org.testng.internal.ParameterHandler.handleParameters(ParameterHandler.java:49)
	at org.testng.internal.ParameterHandler.createParameters(ParameterHandler.java:37)
	at org.testng.internal.Invoker.invokeTestMethods(Invoker.java:924)
	at org.testng.internal.TestMethodWorker.invokeTestMethods(TestMethodWorker.java:125)
	at org.testng.internal.TestMethodWorker.run(TestMethodWorker.java:109)
	at org.testng.TestRunner.privateRun(TestRunner.java:648)
	at org.testng.TestRunner.run(TestRunner.java:505)
	at org.testng.SuiteRunner.runTest(SuiteRunner.java:455)
	at org.testng.SuiteRunner.runSequentially(SuiteRunner.java:450)
	at org.testng.SuiteRunner.privateRun(SuiteRunner.java:415)
	at org.testng.SuiteRunner.run(SuiteRunner.java:364)
	at org.testng.SuiteRunnerWorker.runSuite(SuiteRunnerWorker.java:52)
	at org.testng.SuiteRunnerWorker.run(SuiteRunnerWorker.java:84)
	at org.testng.TestNG.runSuitesSequentially(TestNG.java:1208)
	at org.testng.TestNG.runSuitesLocally(TestNG.java:1137)
	at org.testng.TestNG.runSuites(TestNG.java:1049)
	at org.testng.TestNG.run(TestNG.java:1017)
	at org.apache.maven.surefire.testng.TestNGExecutor.run(TestNGExecutor.java:283)
	at org.apache.maven.surefire.testng.TestNGXmlTestSuite.execute(TestNGXmlTestSuite.java:75)
	at org.apache.maven.surefire.testng.TestNGProvider.invoke(TestNGProvider.java:120)
	at org.apache.maven.surefire.booter.ForkedBooter.invokeProviderInSameClassLoader(ForkedBooter.java:383)
	at org.apache.maven.surefire.booter.ForkedBooter.runSuitesInProcess(ForkedBooter.java:344)
	at org.apache.maven.surefire.booter.ForkedBooter.execute(ForkedBooter.java:125)
	at org.apache.maven.surefire.booter.ForkedBooter.main(ForkedBooter.java:417)
org.apache.xmlbeans.impl.values.XmlValueDisconnectedException
	at org.apache.xmlbeans.impl.values.XmlObjectBase.check_orphaned(XmlObjectBase.java:1213)
	at org.openxmlformats.schemas.spreadsheetml.x2006.main.impl.CTXfImpl.getXfId(Unknown Source)
	at org.apache.poi.xssf.model.StylesTable.getStyleAt(StylesTable.java:235)
	at org.apache.poi.xssf.usermodel.XSSFCell.getCellStyle(XSSFCell.java:483)
	at org.apache.poi.xssf.usermodel.XSSFCell.getCellStyle(XSSFCell.java:64)
	at org.apache.poi.ss.usermodel.DateUtil.isCellDateFormatted(DateUtil.java:504)
	at com.hasbrop2m.core.Xls_Reader.getCellData(Xls_Reader.java:148)
	at com.hasbrop2m.core.Utility.getData(Utility.java:61)
	at com.hasbrop2m.sanity.SanitySuite2.testDataTest(SanitySuite2.java:12751)
	at sun.reflect.NativeMethodAccessorImpl.invoke0(Native Method)
	at sun.reflect.NativeMethodAccessorImpl.invoke(NativeMethodAccessorImpl.java:62)
	at sun.reflect.DelegatingMethodAccessorImpl.invoke(DelegatingMethodAccessorImpl.java:43)
	at java.lang.reflect.Method.invoke(Method.java:498)
	at org.testng.internal.MethodInvocationHelper.invokeMethod(MethodInvocationHelper.java:124)
	at org.testng.internal.MethodInvocationHelper.invokeMethod(MethodInvocationHelper.java:74)
	at org.testng.internal.MethodInvocationHelper.invokeMethodNoCheckedException(MethodInvocationHelper.java:45)
	at org.testng.internal.MethodInvocationHelper.invokeDataProvider(MethodInvocationHelper.java:131)
	at org.testng.internal.Parameters.handleParameters(Parameters.java:706)
	at org.testng.internal.ParameterHandler.handleParameters(ParameterHandler.java:49)
	at org.testng.internal.ParameterHandler.createParameters(ParameterHandler.java:37)
	at org.testng.internal.Invoker.invokeTestMethods(Invoker.java:924)
	at org.testng.internal.TestMethodWorker.invokeTestMethods(TestMethodWorker.java:125)
	at org.testng.internal.TestMethodWorker.run(TestMethodWorker.java:109)
	at org.testng.TestRunner.privateRun(TestRunner.java:648)
	at org.testng.TestRunner.run(TestRunner.java:505)
	at org.testng.SuiteRunner.runTest(SuiteRunner.java:455)
	at org.testng.SuiteRunner.runSequentially(SuiteRunner.java:450)
	at org.testng.SuiteRunner.privateRun(SuiteRunner.java:415)
	at org.testng.SuiteRunner.run(SuiteRunner.java:364)
	at org.testng.SuiteRunnerWorker.runSuite(SuiteRunnerWorker.java:52)
	at org.testng.SuiteRunnerWorker.run(SuiteRunnerWorker.java:84)
	at org.testng.TestNG.runSuitesSequentially(TestNG.java:1208)
	at org.testng.TestNG.runSuitesLocally(TestNG.java:1137)
	at org.testng.TestNG.runSuites(TestNG.java:1049)
	at org.testng.TestNG.run(TestNG.java:1017)
	at org.apache.maven.surefire.testng.TestNGExecutor.run(TestNGExecutor.java:283)
	at org.apache.maven.surefire.testng.TestNGXmlTestSuite.execute(TestNGXmlTestSuite.java:75)
	at org.apache.maven.surefire.testng.TestNGProvider.invoke(TestNGProvider.java:120)
	at org.apache.maven.surefire.booter.ForkedBooter.invokeProviderInSameClassLoader(ForkedBooter.java:383)
	at org.apache.maven.surefire.booter.ForkedBooter.runSuitesInProcess(ForkedBooter.java:344)
	at org.apache.maven.surefire.booter.ForkedBooter.execute(ForkedBooter.java:125)
	at org.apache.maven.surefire.booter.ForkedBooter.main(ForkedBooter.java:417)
org.apache.xmlbeans.impl.values.XmlValueDisconnectedException
	at org.apache.xmlbeans.impl.values.XmlObjectBase.check_orphaned(XmlObjectBase.java:1213)
	at org.openxmlformats.schemas.spreadsheetml.x2006.main.impl.CTXfImpl.getXfId(Unknown Source)
	at org.apache.poi.xssf.model.StylesTable.getStyleAt(StylesTable.java:235)
	at org.apache.poi.xssf.usermodel.XSSFCell.getCellStyle(XSSFCell.java:483)
	at org.apache.poi.xssf.usermodel.XSSFCell.getCellStyle(XSSFCell.java:64)
	at org.apache.poi.ss.usermodel.DateUtil.isCellDateFormatted(DateUtil.java:504)
	at com.hasbrop2m.core.Xls_Reader.getCellData(Xls_Reader.java:148)
	at com.hasbrop2m.core.Utility.getData(Utility.java:61)
	at com.hasbrop2m.sanity.SanitySuite2.testDataTest(SanitySuite2.java:12751)
	at sun.reflect.NativeMethodAccessorImpl.invoke0(Native Method)
	at sun.reflect.NativeMethodAccessorImpl.invoke(NativeMethodAccessorImpl.java:62)
	at sun.reflect.DelegatingMethodAccessorImpl.invoke(DelegatingMethodAccessorImpl.java:43)
	at java.lang.reflect.Method.invoke(Method.java:498)
	at org.testng.internal.MethodInvocationHelper.invokeMethod(MethodInvocationHelper.java:124)
	at org.testng.internal.MethodInvocationHelper.invokeMethod(MethodInvocationHelper.java:74)
	at org.testng.internal.MethodInvocationHelper.invokeMethodNoCheckedException(MethodInvocationHelper.java:45)
	at org.testng.internal.MethodInvocationHelper.invokeDataProvider(MethodInvocationHelper.java:131)
	at org.testng.internal.Parameters.handleParameters(Parameters.java:706)
	at org.testng.internal.ParameterHandler.handleParameters(ParameterHandler.java:49)
	at org.testng.internal.ParameterHandler.createParameters(ParameterHandler.java:37)
	at org.testng.internal.Invoker.invokeTestMethods(Invoker.java:924)
	at org.testng.internal.TestMethodWorker.invokeTestMethods(TestMethodWorker.java:125)
	at org.testng.internal.TestMethodWorker.run(TestMethodWorker.java:109)
	at org.testng.TestRunner.privateRun(TestRunner.java:648)
	at org.testng.TestRunner.run(TestRunner.java:505)
	at org.testng.SuiteRunner.runTest(SuiteRunner.java:455)
	at org.testng.SuiteRunner.runSequentially(SuiteRunner.java:450)
	at org.testng.SuiteRunner.privateRun(SuiteRunner.java:415)
	at org.testng.SuiteRunner.run(SuiteRunner.java:364)
	at org.testng.SuiteRunnerWorker.runSuite(SuiteRunnerWorker.java:52)
	at org.testng.SuiteRunnerWorker.run(SuiteRunnerWorker.java:84)
	at org.testng.TestNG.runSuitesSequentially(TestNG.java:1208)
	at org.testng.TestNG.runSuitesLocally(TestNG.java:1137)
	at org.testng.TestNG.runSuites(TestNG.java:1049)
	at org.testng.TestNG.run(TestNG.java:1017)
	at org.apache.maven.surefire.testng.TestNGExecutor.run(TestNGExecutor.java:283)
	at org.apache.maven.surefire.testng.TestNGXmlTestSuite.execute(TestNGXmlTestSuite.java:75)
	at org.apache.maven.surefire.testng.TestNGProvider.invoke(TestNGProvider.java:120)
	at org.apache.maven.surefire.booter.ForkedBooter.invokeProviderInSameClassLoader(ForkedBooter.java:383)
	at org.apache.maven.surefire.booter.ForkedBooter.runSuitesInProcess(ForkedBooter.java:344)
	at org.apache.maven.surefire.booter.ForkedBooter.execute(ForkedBooter.java:125)
	at org.apache.maven.surefire.booter.ForkedBooter.main(ForkedBooter.java:417)
org.apache.xmlbeans.impl.values.XmlValueDisconnectedException
	at org.apache.xmlbeans.impl.values.XmlObjectBase.check_orphaned(XmlObjectBase.java:1213)
	at org.openxmlformats.schemas.spreadsheetml.x2006.main.impl.CTXfImpl.getXfId(Unknown Source)
	at org.apache.poi.xssf.model.StylesTable.getStyleAt(StylesTable.java:235)
	at org.apache.poi.xssf.usermodel.XSSFCell.getCellStyle(XSSFCell.java:483)
	at org.apache.poi.xssf.usermodel.XSSFCell.getCellStyle(XSSFCell.java:64)
	at org.apache.poi.ss.usermodel.DateUtil.isCellDateFormatted(DateUtil.java:504)
	at com.hasbrop2m.core.Xls_Reader.getCellData(Xls_Reader.java:148)
	at com.hasbrop2m.core.Utility.getData(Utility.java:61)
	at com.hasbrop2m.sanity.SanitySuite2.testDataTest(SanitySuite2.java:12751)
	at sun.reflect.NativeMethodAccessorImpl.invoke0(Native Method)
	at sun.reflect.NativeMethodAccessorImpl.invoke(NativeMethodAccessorImpl.java:62)
	at sun.reflect.DelegatingMethodAccessorImpl.invoke(DelegatingMethodAccessorImpl.java:43)
	at java.lang.reflect.Method.invoke(Method.java:498)
	at org.testng.internal.MethodInvocationHelper.invokeMethod(MethodInvocationHelper.java:124)
	at org.testng.internal.MethodInvocationHelper.invokeMethod(MethodInvocationHelper.java:74)
	at org.testng.internal.MethodInvocationHelper.invokeMethodNoCheckedException(MethodInvocationHelper.java:45)
	at org.testng.internal.MethodInvocationHelper.invokeDataProvider(MethodInvocationHelper.java:131)
	at org.testng.internal.Parameters.handleParameters(Parameters.java:706)
	at org.testng.internal.ParameterHandler.handleParameters(ParameterHandler.java:49)
	at org.testng.internal.ParameterHandler.createParameters(ParameterHandler.java:37)
	at org.testng.internal.Invoker.invokeTestMethods(Invoker.java:924)
	at org.testng.internal.TestMethodWorker.invokeTestMethods(TestMethodWorker.java:125)
	at org.testng.internal.TestMethodWorker.run(TestMethodWorker.java:109)
	at org.testng.TestRunner.privateRun(TestRunner.java:648)
	at org.testng.TestRunner.run(TestRunner.java:505)
	at org.testng.SuiteRunner.runTest(SuiteRunner.java:455)
	at org.testng.SuiteRunner.runSequentially(SuiteRunner.java:450)
	at org.testng.SuiteRunner.privateRun(SuiteRunner.java:415)
	at org.testng.SuiteRunner.run(SuiteRunner.java:364)
	at org.testng.SuiteRunnerWorker.runSuite(SuiteRunnerWorker.java:52)
	at org.testng.SuiteRunnerWorker.run(SuiteRunnerWorker.java:84)
	at org.testng.TestNG.runSuitesSequentially(TestNG.java:1208)
	at org.testng.TestNG.runSuitesLocally(TestNG.java:1137)
	at org.testng.TestNG.runSuites(TestNG.java:1049)
	at org.testng.TestNG.run(TestNG.java:1017)
	at org.apache.maven.surefire.testng.TestNGExecutor.run(TestNGExecutor.java:283)
	at org.apache.maven.surefire.testng.TestNGXmlTestSuite.execute(TestNGXmlTestSuite.java:75)
	at org.apache.maven.surefire.testng.TestNGProvider.invoke(TestNGProvider.java:120)
	at org.apache.maven.surefire.booter.ForkedBooter.invokeProviderInSameClassLoader(ForkedBooter.java:383)
	at org.apache.maven.surefire.booter.ForkedBooter.runSuitesInProcess(ForkedBooter.java:344)
	at org.apache.maven.surefire.booter.ForkedBooter.execute(ForkedBooter.java:125)
	at org.apache.maven.surefire.booter.ForkedBooter.main(ForkedBooter.java:417)
org.apache.xmlbeans.impl.values.XmlValueDisconnectedException
	at org.apache.xmlbeans.impl.values.XmlObjectBase.check_orphaned(XmlObjectBase.java:1213)
	at org.openxmlformats.schemas.spreadsheetml.x2006.main.impl.CTXfImpl.getXfId(Unknown Source)
	at org.apache.poi.xssf.model.StylesTable.getStyleAt(StylesTable.java:235)
	at org.apache.poi.xssf.usermodel.XSSFCell.getCellStyle(XSSFCell.java:483)
	at org.apache.poi.xssf.usermodel.XSSFCell.getCellStyle(XSSFCell.java:64)
	at org.apache.poi.ss.usermodel.DateUtil.isCellDateFormatted(DateUtil.java:504)
	at com.hasbrop2m.core.Xls_Reader.getCellData(Xls_Reader.java:148)
	at com.hasbrop2m.core.Utility.getData(Utility.java:61)
	at com.hasbrop2m.sanity.SanitySuite2.testDataTest(SanitySuite2.java:12751)
	at sun.reflect.NativeMethodAccessorImpl.invoke0(Native Method)
	at sun.reflect.NativeMethodAccessorImpl.invoke(NativeMethodAccessorImpl.java:62)
	at sun.reflect.DelegatingMethodAccessorImpl.invoke(DelegatingMethodAccessorImpl.java:43)
	at java.lang.reflect.Method.invoke(Method.java:498)
	at org.testng.internal.MethodInvocationHelper.invokeMethod(MethodInvocationHelper.java:124)
	at org.testng.internal.MethodInvocationHelper.invokeMethod(MethodInvocationHelper.java:74)
	at org.testng.internal.MethodInvocationHelper.invokeMethodNoCheckedException(MethodInvocationHelper.java:45)
	at org.testng.internal.MethodInvocationHelper.invokeDataProvider(MethodInvocationHelper.java:131)
	at org.testng.internal.Parameters.handleParameters(Parameters.java:706)
	at org.testng.internal.ParameterHandler.handleParameters(ParameterHandler.java:49)
	at org.testng.internal.ParameterHandler.createParameters(ParameterHandler.java:37)
	at org.testng.internal.Invoker.invokeTestMethods(Invoker.java:924)
	at org.testng.internal.TestMethodWorker.invokeTestMethods(TestMethodWorker.java:125)
	at org.testng.internal.TestMethodWorker.run(TestMethodWorker.java:109)
	at org.testng.TestRunner.privateRun(TestRunner.java:648)
	at org.testng.TestRunner.run(TestRunner.java:505)
	at org.testng.SuiteRunner.runTest(SuiteRunner.java:455)
	at org.testng.SuiteRunner.runSequentially(SuiteRunner.java:450)
	at org.testng.SuiteRunner.privateRun(SuiteRunner.java:415)
	at org.testng.SuiteRunner.run(SuiteRunner.java:364)
	at org.testng.SuiteRunnerWorker.runSuite(SuiteRunnerWorker.java:52)
	at org.testng.SuiteRunnerWorker.run(SuiteRunnerWorker.java:84)
	at org.testng.TestNG.runSuitesSequentially(TestNG.java:1208)
	at org.testng.TestNG.runSuitesLocally(TestNG.java:1137)
	at org.testng.TestNG.runSuites(TestNG.java:1049)
	at org.testng.TestNG.run(TestNG.java:1017)
	at org.apache.maven.surefire.testng.TestNGExecutor.run(TestNGExecutor.java:283)
	at org.apache.maven.surefire.testng.TestNGXmlTestSuite.execute(TestNGXmlTestSuite.java:75)
	at org.apache.maven.surefire.testng.TestNGProvider.invoke(TestNGProvider.java:120)
	at org.apache.maven.surefire.booter.ForkedBooter.invokeProviderInSameClassLoader(ForkedBooter.java:383)
	at org.apache.maven.surefire.booter.ForkedBooter.runSuitesInProcess(ForkedBooter.java:344)
	at org.apache.maven.surefire.booter.ForkedBooter.execute(ForkedBooter.java:125)
	at org.apache.maven.surefire.booter.ForkedBooter.main(ForkedBooter.java:417)
org.apache.xmlbeans.impl.values.XmlValueDisconnectedException
	at org.apache.xmlbeans.impl.values.XmlObjectBase.check_orphaned(XmlObjectBase.java:1213)
	at org.openxmlformats.schemas.spreadsheetml.x2006.main.impl.CTXfImpl.getXfId(Unknown Source)
	at org.apache.poi.xssf.model.StylesTable.getStyleAt(StylesTable.java:235)
	at org.apache.poi.xssf.usermodel.XSSFCell.getCellStyle(XSSFCell.java:483)
	at org.apache.poi.xssf.usermodel.XSSFCell.getCellStyle(XSSFCell.java:64)
	at org.apache.poi.ss.usermodel.DateUtil.isCellDateFormatted(DateUtil.java:504)
	at com.hasbrop2m.core.Xls_Reader.getCellData(Xls_Reader.java:148)
	at com.hasbrop2m.core.Utility.getData(Utility.java:61)
	at com.hasbrop2m.sanity.SanitySuite2.testDataTest(SanitySuite2.java:12751)
	at sun.reflect.NativeMethodAccessorImpl.invoke0(Native Method)
	at sun.reflect.NativeMethodAccessorImpl.invoke(NativeMethodAccessorImpl.java:62)
	at sun.reflect.DelegatingMethodAccessorImpl.invoke(DelegatingMethodAccessorImpl.java:43)
	at java.lang.reflect.Method.invoke(Method.java:498)
	at org.testng.internal.MethodInvocationHelper.invokeMethod(MethodInvocationHelper.java:124)
	at org.testng.internal.MethodInvocationHelper.invokeMethod(MethodInvocationHelper.java:74)
	at org.testng.internal.MethodInvocationHelper.invokeMethodNoCheckedException(MethodInvocationHelper.java:45)
	at org.testng.internal.MethodInvocationHelper.invokeDataProvider(MethodInvocationHelper.java:131)
	at org.testng.internal.Parameters.handleParameters(Parameters.java:706)
	at org.testng.internal.ParameterHandler.handleParameters(ParameterHandler.java:49)
	at org.testng.internal.ParameterHandler.createParameters(ParameterHandler.java:37)
	at org.testng.internal.Invoker.invokeTestMethods(Invoker.java:924)
	at org.testng.internal.TestMethodWorker.invokeTestMethods(TestMethodWorker.java:125)
	at org.testng.internal.TestMethodWorker.run(TestMethodWorker.java:109)
	at org.testng.TestRunner.privateRun(TestRunner.java:648)
	at org.testng.TestRunner.run(TestRunner.java:505)
	at org.testng.SuiteRunner.runTest(SuiteRunner.java:455)
	at org.testng.SuiteRunner.runSequentially(SuiteRunner.java:450)
	at org.testng.SuiteRunner.privateRun(SuiteRunner.java:415)
	at org.testng.SuiteRunner.run(SuiteRunner.java:364)
	at org.testng.SuiteRunnerWorker.runSuite(SuiteRunnerWorker.java:52)
	at org.testng.SuiteRunnerWorker.run(SuiteRunnerWorker.java:84)
	at org.testng.TestNG.runSuitesSequentially(TestNG.java:1208)
	at org.testng.TestNG.runSuitesLocally(TestNG.java:1137)
	at org.testng.TestNG.runSuites(TestNG.java:1049)
	at org.testng.TestNG.run(TestNG.java:1017)
	at org.apache.maven.surefire.testng.TestNGExecutor.run(TestNGExecutor.java:283)
	at org.apache.maven.surefire.testng.TestNGXmlTestSuite.execute(TestNGXmlTestSuite.java:75)
	at org.apache.maven.surefire.testng.TestNGProvider.invoke(TestNGProvider.java:120)
	at org.apache.maven.surefire.booter.ForkedBooter.invokeProviderInSameClassLoader(ForkedBooter.java:383)
	at org.apache.maven.surefire.booter.ForkedBooter.runSuitesInProcess(ForkedBooter.java:344)
	at org.apache.maven.surefire.booter.ForkedBooter.execute(ForkedBooter.java:125)
	at org.apache.maven.surefire.booter.ForkedBooter.main(ForkedBooter.java:417)
org.apache.xmlbeans.impl.values.XmlValueDisconnectedException
	at org.apache.xmlbeans.impl.values.XmlObjectBase.check_orphaned(XmlObjectBase.java:1213)
	at org.openxmlformats.schemas.spreadsheetml.x2006.main.impl.CTXfImpl.getXfId(Unknown Source)
	at org.apache.poi.xssf.model.StylesTable.getStyleAt(StylesTable.java:235)
	at org.apache.poi.xssf.usermodel.XSSFCell.getCellStyle(XSSFCell.java:483)
	at org.apache.poi.xssf.usermodel.XSSFCell.getCellStyle(XSSFCell.java:64)
	at org.apache.poi.ss.usermodel.DateUtil.isCellDateFormatted(DateUtil.java:504)
	at com.hasbrop2m.core.Xls_Reader.getCellData(Xls_Reader.java:148)
	at com.hasbrop2m.core.Utility.getData(Utility.java:61)
	at com.hasbrop2m.sanity.SanitySuite2.testDataTest(SanitySuite2.java:12751)
	at sun.reflect.NativeMethodAccessorImpl.invoke0(Native Method)
	at sun.reflect.NativeMethodAccessorImpl.invoke(NativeMethodAccessorImpl.java:62)
	at sun.reflect.DelegatingMethodAccessorImpl.invoke(DelegatingMethodAccessorImpl.java:43)
	at java.lang.reflect.Method.invoke(Method.java:498)
	at org.testng.internal.MethodInvocationHelper.invokeMethod(MethodInvocationHelper.java:124)
	at org.testng.internal.MethodInvocationHelper.invokeMethod(MethodInvocationHelper.java:74)
	at org.testng.internal.MethodInvocationHelper.invokeMethodNoCheckedException(MethodInvocationHelper.java:45)
	at org.testng.internal.MethodInvocationHelper.invokeDataProvider(MethodInvocationHelper.java:131)
	at org.testng.internal.Parameters.handleParameters(Parameters.java:706)
	at org.testng.internal.ParameterHandler.handleParameters(ParameterHandler.java:49)
	at org.testng.internal.ParameterHandler.createParameters(ParameterHandler.java:37)
	at org.testng.internal.Invoker.invokeTestMethods(Invoker.java:924)
	at org.testng.internal.TestMethodWorker.invokeTestMethods(TestMethodWorker.java:125)
	at org.testng.internal.TestMethodWorker.run(TestMethodWorker.java:109)
	at org.testng.TestRunner.privateRun(TestRunner.java:648)
	at org.testng.TestRunner.run(TestRunner.java:505)
	at org.testng.SuiteRunner.runTest(SuiteRunner.java:455)
	at org.testng.SuiteRunner.runSequentially(SuiteRunner.java:450)
	at org.testng.SuiteRunner.privateRun(SuiteRunner.java:415)
	at org.testng.SuiteRunner.run(SuiteRunner.java:364)
	at org.testng.SuiteRunnerWorker.runSuite(SuiteRunnerWorker.java:52)
	at org.testng.SuiteRunnerWorker.run(SuiteRunnerWorker.java:84)
	at org.testng.TestNG.runSuitesSequentially(TestNG.java:1208)
	at org.testng.TestNG.runSuitesLocally(TestNG.java:1137)
	at org.testng.TestNG.runSuites(TestNG.java:1049)
	at org.testng.TestNG.run(TestNG.java:1017)
	at org.apache.maven.surefire.testng.TestNGExecutor.run(TestNGExecutor.java:283)
	at org.apache.maven.surefire.testng.TestNGXmlTestSuite.execute(TestNGXmlTestSuite.java:75)
	at org.apache.maven.surefire.testng.TestNGProvider.invoke(TestNGProvider.java:120)
	at org.apache.maven.surefire.booter.ForkedBooter.invokeProviderInSameClassLoader(ForkedBooter.java:383)
	at org.apache.maven.surefire.booter.ForkedBooter.runSuitesInProcess(ForkedBooter.java:344)
	at org.apache.maven.surefire.booter.ForkedBooter.execute(ForkedBooter.java:125)
	at org.apache.maven.surefire.booter.ForkedBooter.main(ForkedBooter.java:417)
org.apache.xmlbeans.impl.values.XmlValueDisconnectedException
	at org.apache.xmlbeans.impl.values.XmlObjectBase.check_orphaned(XmlObjectBase.java:1213)
	at org.openxmlformats.schemas.spreadsheetml.x2006.main.impl.CTXfImpl.getXfId(Unknown Source)
	at org.apache.poi.xssf.model.StylesTable.getStyleAt(StylesTable.java:235)
	at org.apache.poi.xssf.usermodel.XSSFCell.getCellStyle(XSSFCell.java:483)
	at org.apache.poi.xssf.usermodel.XSSFCell.getCellStyle(XSSFCell.java:64)
	at org.apache.poi.ss.usermodel.DateUtil.isCellDateFormatted(DateUtil.java:504)
	at com.hasbrop2m.core.Xls_Reader.getCellData(Xls_Reader.java:148)
	at com.hasbrop2m.core.Utility.getData(Utility.java:61)
	at com.hasbrop2m.sanity.SanitySuite2.testDataTest(SanitySuite2.java:12751)
	at sun.reflect.NativeMethodAccessorImpl.invoke0(Native Method)
	at sun.reflect.NativeMethodAccessorImpl.invoke(NativeMethodAccessorImpl.java:62)
	at sun.reflect.DelegatingMethodAccessorImpl.invoke(DelegatingMethodAccessorImpl.java:43)
	at java.lang.reflect.Method.invoke(Method.java:498)
	at org.testng.internal.MethodInvocationHelper.invokeMethod(MethodInvocationHelper.java:124)
	at org.testng.internal.MethodInvocationHelper.invokeMethod(MethodInvocationHelper.java:74)
	at org.testng.internal.MethodInvocationHelper.invokeMethodNoCheckedException(MethodInvocationHelper.java:45)
	at org.testng.internal.MethodInvocationHelper.invokeDataProvider(MethodInvocationHelper.java:131)
	at org.testng.internal.Parameters.handleParameters(Parameters.java:706)
	at org.testng.internal.ParameterHandler.handleParameters(ParameterHandler.java:49)
	at org.testng.internal.ParameterHandler.createParameters(ParameterHandler.java:37)
	at org.testng.internal.Invoker.invokeTestMethods(Invoker.java:924)
	at org.testng.internal.TestMethodWorker.invokeTestMethods(TestMethodWorker.java:125)
	at org.testng.internal.TestMethodWorker.run(TestMethodWorker.java:109)
	at org.testng.TestRunner.privateRun(TestRunner.java:648)
	at org.testng.TestRunner.run(TestRunner.java:505)
	at org.testng.SuiteRunner.runTest(SuiteRunner.java:455)
	at org.testng.SuiteRunner.runSequentially(SuiteRunner.java:450)
	at org.testng.SuiteRunner.privateRun(SuiteRunner.java:415)
	at org.testng.SuiteRunner.run(SuiteRunner.java:364)
	at org.testng.SuiteRunnerWorker.runSuite(SuiteRunnerWorker.java:52)
	at org.testng.SuiteRunnerWorker.run(SuiteRunnerWorker.java:84)
	at org.testng.TestNG.runSuitesSequentially(TestNG.java:1208)
	at org.testng.TestNG.runSuitesLocally(TestNG.java:1137)
	at org.testng.TestNG.runSuites(TestNG.java:1049)
	at org.testng.TestNG.run(TestNG.java:1017)
	at org.apache.maven.surefire.testng.TestNGExecutor.run(TestNGExecutor.java:283)
	at org.apache.maven.surefire.testng.TestNGXmlTestSuite.execute(TestNGXmlTestSuite.java:75)
	at org.apache.maven.surefire.testng.TestNGProvider.invoke(TestNGProvider.java:120)
	at org.apache.maven.surefire.booter.ForkedBooter.invokeProviderInSameClassLoader(ForkedBooter.java:383)
	at org.apache.maven.surefire.booter.ForkedBooter.runSuitesInProcess(ForkedBooter.java:344)
	at org.apache.maven.surefire.booter.ForkedBooter.execute(ForkedBooter.java:125)
	at org.apache.maven.surefire.booter.ForkedBooter.main(ForkedBooter.java:417)
org.apache.xmlbeans.impl.values.XmlValueDisconnectedException
	at org.apache.xmlbeans.impl.values.XmlObjectBase.check_orphaned(XmlObjectBase.java:1213)
	at org.openxmlformats.schemas.spreadsheetml.x2006.main.impl.CTXfImpl.getXfId(Unknown Source)
	at org.apache.poi.xssf.model.StylesTable.getStyleAt(StylesTable.java:235)
	at org.apache.poi.xssf.usermodel.XSSFCell.getCellStyle(XSSFCell.java:483)
	at org.apache.poi.xssf.usermodel.XSSFCell.getCellStyle(XSSFCell.java:64)
	at org.apache.poi.ss.usermodel.DateUtil.isCellDateFormatted(DateUtil.java:504)
	at com.hasbrop2m.core.Xls_Reader.getCellData(Xls_Reader.java:148)
	at com.hasbrop2m.core.Utility.getData(Utility.java:61)
	at com.hasbrop2m.sanity.SanitySuite2.testDataTest(SanitySuite2.java:12751)
	at sun.reflect.NativeMethodAccessorImpl.invoke0(Native Method)
	at sun.reflect.NativeMethodAccessorImpl.invoke(NativeMethodAccessorImpl.java:62)
	at sun.reflect.DelegatingMethodAccessorImpl.invoke(DelegatingMethodAccessorImpl.java:43)
	at java.lang.reflect.Method.invoke(Method.java:498)
	at org.testng.internal.MethodInvocationHelper.invokeMethod(MethodInvocationHelper.java:124)
	at org.testng.internal.MethodInvocationHelper.invokeMethod(MethodInvocationHelper.java:74)
	at org.testng.internal.MethodInvocationHelper.invokeMethodNoCheckedException(MethodInvocationHelper.java:45)
	at org.testng.internal.MethodInvocationHelper.invokeDataProvider(MethodInvocationHelper.java:131)
	at org.testng.internal.Parameters.handleParameters(Parameters.java:706)
	at org.testng.internal.ParameterHandler.handleParameters(ParameterHandler.java:49)
	at org.testng.internal.ParameterHandler.createParameters(ParameterHandler.java:37)
	at org.testng.internal.Invoker.invokeTestMethods(Invoker.java:924)
	at org.testng.internal.TestMethodWorker.invokeTestMethods(TestMethodWorker.java:125)
	at org.testng.internal.TestMethodWorker.run(TestMethodWorker.java:109)
	at org.testng.TestRunner.privateRun(TestRunner.java:648)
	at org.testng.TestRunner.run(TestRunner.java:505)
	at org.testng.SuiteRunner.runTest(SuiteRunner.java:455)
	at org.testng.SuiteRunner.runSequentially(SuiteRunner.java:450)
	at org.testng.SuiteRunner.privateRun(SuiteRunner.java:415)
	at org.testng.SuiteRunner.run(SuiteRunner.java:364)
	at org.testng.SuiteRunnerWorker.runSuite(SuiteRunnerWorker.java:52)
	at org.testng.SuiteRunnerWorker.run(SuiteRunnerWorker.java:84)
	at org.testng.TestNG.runSuitesSequentially(TestNG.java:1208)
	at org.testng.TestNG.runSuitesLocally(TestNG.java:1137)
	at org.testng.TestNG.runSuites(TestNG.java:1049)
	at org.testng.TestNG.run(TestNG.java:1017)
	at org.apache.maven.surefire.testng.TestNGExecutor.run(TestNGExecutor.java:283)
	at org.apache.maven.surefire.testng.TestNGXmlTestSuite.execute(TestNGXmlTestSuite.java:75)
	at org.apache.maven.surefire.testng.TestNGProvider.invoke(TestNGProvider.java:120)
	at org.apache.maven.surefire.booter.ForkedBooter.invokeProviderInSameClassLoader(ForkedBooter.java:383)
	at org.apache.maven.surefire.booter.ForkedBooter.runSuitesInProcess(ForkedBooter.java:344)
	at org.apache.maven.surefire.booter.ForkedBooter.execute(ForkedBooter.java:125)
	at org.apache.maven.surefire.booter.ForkedBooter.main(ForkedBooter.java:417)
org.apache.xmlbeans.impl.values.XmlValueDisconnectedException
	at org.apache.xmlbeans.impl.values.XmlObjectBase.check_orphaned(XmlObjectBase.java:1213)
	at org.openxmlformats.schemas.spreadsheetml.x2006.main.impl.CTXfImpl.getXfId(Unknown Source)
	at org.apache.poi.xssf.model.StylesTable.getStyleAt(StylesTable.java:235)
	at org.apache.poi.xssf.usermodel.XSSFCell.getCellStyle(XSSFCell.java:483)
	at org.apache.poi.xssf.usermodel.XSSFCell.getCellStyle(XSSFCell.java:64)
	at org.apache.poi.ss.usermodel.DateUtil.isCellDateFormatted(DateUtil.java:504)
	at com.hasbrop2m.core.Xls_Reader.getCellData(Xls_Reader.java:148)
	at com.hasbrop2m.core.Utility.getData(Utility.java:61)
	at com.hasbrop2m.sanity.SanitySuite2.testDataTest(SanitySuite2.java:12751)
	at sun.reflect.NativeMethodAccessorImpl.invoke0(Native Method)
	at sun.reflect.NativeMethodAccessorImpl.invoke(NativeMethodAccessorImpl.java:62)
	at sun.reflect.DelegatingMethodAccessorImpl.invoke(DelegatingMethodAccessorImpl.java:43)
	at java.lang.reflect.Method.invoke(Method.java:498)
	at org.testng.internal.MethodInvocationHelper.invokeMethod(MethodInvocationHelper.java:124)
	at org.testng.internal.MethodInvocationHelper.invokeMethod(MethodInvocationHelper.java:74)
	at org.testng.internal.MethodInvocationHelper.invokeMethodNoCheckedException(MethodInvocationHelper.java:45)
	at org.testng.internal.MethodInvocationHelper.invokeDataProvider(MethodInvocationHelper.java:131)
	at org.testng.internal.Parameters.handleParameters(Parameters.java:706)
	at org.testng.internal.ParameterHandler.handleParameters(ParameterHandler.java:49)
	at org.testng.internal.ParameterHandler.createParameters(ParameterHandler.java:37)
	at org.testng.internal.Invoker.invokeTestMethods(Invoker.java:924)
	at org.testng.internal.TestMethodWorker.invokeTestMethods(TestMethodWorker.java:125)
	at org.testng.internal.TestMethodWorker.run(TestMethodWorker.java:109)
	at org.testng.TestRunner.privateRun(TestRunner.java:648)
	at org.testng.TestRunner.run(TestRunner.java:505)
	at org.testng.SuiteRunner.runTest(SuiteRunner.java:455)
	at org.testng.SuiteRunner.runSequentially(SuiteRunner.java:450)
	at org.testng.SuiteRunner.privateRun(SuiteRunner.java:415)
	at org.testng.SuiteRunner.run(SuiteRunner.java:364)
	at org.testng.SuiteRunnerWorker.runSuite(SuiteRunnerWorker.java:52)
	at org.testng.SuiteRunnerWorker.run(SuiteRunnerWorker.java:84)
	at org.testng.TestNG.runSuitesSequentially(TestNG.java:1208)
	at org.testng.TestNG.runSuitesLocally(TestNG.java:1137)
	at org.testng.TestNG.runSuites(TestNG.java:1049)
	at org.testng.TestNG.run(TestNG.java:1017)
	at org.apache.maven.surefire.testng.TestNGExecutor.run(TestNGExecutor.java:283)
	at org.apache.maven.surefire.testng.TestNGXmlTestSuite.execute(TestNGXmlTestSuite.java:75)
	at org.apache.maven.surefire.testng.TestNGProvider.invoke(TestNGProvider.java:120)
	at org.apache.maven.surefire.booter.ForkedBooter.invokeProviderInSameClassLoader(ForkedBooter.java:383)
	at org.apache.maven.surefire.booter.ForkedBooter.runSuitesInProcess(ForkedBooter.java:344)
	at org.apache.maven.surefire.booter.ForkedBooter.execute(ForkedBooter.java:125)
	at org.apache.maven.surefire.booter.ForkedBooter.main(ForkedBooter.java:417)
org.apache.xmlbeans.impl.values.XmlValueDisconnectedException
	at org.apache.xmlbeans.impl.values.XmlObjectBase.check_orphaned(XmlObjectBase.java:1213)
	at org.openxmlformats.schemas.spreadsheetml.x2006.main.impl.CTXfImpl.getXfId(Unknown Source)
	at org.apache.poi.xssf.model.StylesTable.getStyleAt(StylesTable.java:235)
	at org.apache.poi.xssf.usermodel.XSSFCell.getCellStyle(XSSFCell.java:483)
	at org.apache.poi.xssf.usermodel.XSSFCell.getCellStyle(XSSFCell.java:64)
	at org.apache.poi.ss.usermodel.DateUtil.isCellDateFormatted(DateUtil.java:504)
	at com.hasbrop2m.core.Xls_Reader.getCellData(Xls_Reader.java:148)
	at com.hasbrop2m.core.Utility.getData(Utility.java:61)
	at com.hasbrop2m.sanity.SanitySuite2.testDataTest(SanitySuite2.java:12751)
	at sun.reflect.NativeMethodAccessorImpl.invoke0(Native Method)
	at sun.reflect.NativeMethodAccessorImpl.invoke(NativeMethodAccessorImpl.java:62)
	at sun.reflect.DelegatingMethodAccessorImpl.invoke(DelegatingMethodAccessorImpl.java:43)
	at java.lang.reflect.Method.invoke(Method.java:498)
	at org.testng.internal.MethodInvocationHelper.invokeMethod(MethodInvocationHelper.java:124)
	at org.testng.internal.MethodInvocationHelper.invokeMethod(MethodInvocationHelper.java:74)
	at org.testng.internal.MethodInvocationHelper.invokeMethodNoCheckedException(MethodInvocationHelper.java:45)
	at org.testng.internal.MethodInvocationHelper.invokeDataProvider(MethodInvocationHelper.java:131)
	at org.testng.internal.Parameters.handleParameters(Parameters.java:706)
	at org.testng.internal.ParameterHandler.handleParameters(ParameterHandler.java:49)
	at org.testng.internal.ParameterHandler.createParameters(ParameterHandler.java:37)
	at org.testng.internal.Invoker.invokeTestMethods(Invoker.java:924)
	at org.testng.internal.TestMethodWorker.invokeTestMethods(TestMethodWorker.java:125)
	at org.testng.internal.TestMethodWorker.run(TestMethodWorker.java:109)
	at org.testng.TestRunner.privateRun(TestRunner.java:648)
	at org.testng.TestRunner.run(TestRunner.java:505)
	at org.testng.SuiteRunner.runTest(SuiteRunner.java:455)
	at org.testng.SuiteRunner.runSequentially(SuiteRunner.java:450)
	at org.testng.SuiteRunner.privateRun(SuiteRunner.java:415)
	at org.testng.SuiteRunner.run(SuiteRunner.java:364)
	at org.testng.SuiteRunnerWorker.runSuite(SuiteRunnerWorker.java:52)
	at org.testng.SuiteRunnerWorker.run(SuiteRunnerWorker.java:84)
	at org.testng.TestNG.runSuitesSequentially(TestNG.java:1208)
	at org.testng.TestNG.runSuitesLocally(TestNG.java:1137)
	at org.testng.TestNG.runSuites(TestNG.java:1049)
	at org.testng.TestNG.run(TestNG.java:1017)
	at org.apache.maven.surefire.testng.TestNGExecutor.run(TestNGExecutor.java:283)
	at org.apache.maven.surefire.testng.TestNGXmlTestSuite.execute(TestNGXmlTestSuite.java:75)
	at org.apache.maven.surefire.testng.TestNGProvider.invoke(TestNGProvider.java:120)
	at org.apache.maven.surefire.booter.ForkedBooter.invokeProviderInSameClassLoader(ForkedBooter.java:383)
	at org.apache.maven.surefire.booter.ForkedBooter.runSuitesInProcess(ForkedBooter.java:344)
	at org.apache.maven.surefire.booter.ForkedBooter.execute(ForkedBooter.java:125)
	at org.apache.maven.surefire.booter.ForkedBooter.main(ForkedBooter.java:417)
org.apache.xmlbeans.impl.values.XmlValueDisconnectedException
	at org.apache.xmlbeans.impl.values.XmlObjectBase.check_orphaned(XmlObjectBase.java:1213)
	at org.openxmlformats.schemas.spreadsheetml.x2006.main.impl.CTXfImpl.getXfId(Unknown Source)
	at org.apache.poi.xssf.model.StylesTable.getStyleAt(StylesTable.java:235)
	at org.apache.poi.xssf.usermodel.XSSFCell.getCellStyle(XSSFCell.java:483)
	at org.apache.poi.xssf.usermodel.XSSFCell.getCellStyle(XSSFCell.java:64)
	at org.apache.poi.ss.usermodel.DateUtil.isCellDateFormatted(DateUtil.java:504)
	at com.hasbrop2m.core.Xls_Reader.getCellData(Xls_Reader.java:148)
	at com.hasbrop2m.core.Utility.getData(Utility.java:61)
	at com.hasbrop2m.sanity.SanitySuite2.testDataTest(SanitySuite2.java:12751)
	at sun.reflect.NativeMethodAccessorImpl.invoke0(Native Method)
	at sun.reflect.NativeMethodAccessorImpl.invoke(NativeMethodAccessorImpl.java:62)
	at sun.reflect.DelegatingMethodAccessorImpl.invoke(DelegatingMethodAccessorImpl.java:43)
	at java.lang.reflect.Method.invoke(Method.java:498)
	at org.testng.internal.MethodInvocationHelper.invokeMethod(MethodInvocationHelper.java:124)
	at org.testng.internal.MethodInvocationHelper.invokeMethod(MethodInvocationHelper.java:74)
	at org.testng.internal.MethodInvocationHelper.invokeMethodNoCheckedException(MethodInvocationHelper.java:45)
	at org.testng.internal.MethodInvocationHelper.invokeDataProvider(MethodInvocationHelper.java:131)
	at org.testng.internal.Parameters.handleParameters(Parameters.java:706)
	at org.testng.internal.ParameterHandler.handleParameters(ParameterHandler.java:49)
	at org.testng.internal.ParameterHandler.createParameters(ParameterHandler.java:37)
	at org.testng.internal.Invoker.invokeTestMethods(Invoker.java:924)
	at org.testng.internal.TestMethodWorker.invokeTestMethods(TestMethodWorker.java:125)
	at org.testng.internal.TestMethodWorker.run(TestMethodWorker.java:109)
	at org.testng.TestRunner.privateRun(TestRunner.java:648)
	at org.testng.TestRunner.run(TestRunner.java:505)
	at org.testng.SuiteRunner.runTest(SuiteRunner.java:455)
	at org.testng.SuiteRunner.runSequentially(SuiteRunner.java:450)
	at org.testng.SuiteRunner.privateRun(SuiteRunner.java:415)
	at org.testng.SuiteRunner.run(SuiteRunner.java:364)
	at org.testng.SuiteRunnerWorker.runSuite(SuiteRunnerWorker.java:52)
	at org.testng.SuiteRunnerWorker.run(SuiteRunnerWorker.java:84)
	at org.testng.TestNG.runSuitesSequentially(TestNG.java:1208)
	at org.testng.TestNG.runSuitesLocally(TestNG.java:1137)
	at org.testng.TestNG.runSuites(TestNG.java:1049)
	at org.testng.TestNG.run(TestNG.java:1017)
	at org.apache.maven.surefire.testng.TestNGExecutor.run(TestNGExecutor.java:283)
	at org.apache.maven.surefire.testng.TestNGXmlTestSuite.execute(TestNGXmlTestSuite.java:75)
	at org.apache.maven.surefire.testng.TestNGProvider.invoke(TestNGProvider.java:120)
	at org.apache.maven.surefire.booter.ForkedBooter.invokeProviderInSameClassLoader(ForkedBooter.java:383)
	at org.apache.maven.surefire.booter.ForkedBooter.runSuitesInProcess(ForkedBooter.java:344)
	at org.apache.maven.surefire.booter.ForkedBooter.execute(ForkedBooter.java:125)
	at org.apache.maven.surefire.booter.ForkedBooter.main(ForkedBooter.java:417)
org.apache.xmlbeans.impl.values.XmlValueDisconnectedException
	at org.apache.xmlbeans.impl.values.XmlObjectBase.check_orphaned(XmlObjectBase.java:1213)
	at org.openxmlformats.schemas.spreadsheetml.x2006.main.impl.CTXfImpl.getXfId(Unknown Source)
	at org.apache.poi.xssf.model.StylesTable.getStyleAt(StylesTable.java:235)
	at org.apache.poi.xssf.usermodel.XSSFCell.getCellStyle(XSSFCell.java:483)
	at org.apache.poi.xssf.usermodel.XSSFCell.getCellStyle(XSSFCell.java:64)
	at org.apache.poi.ss.usermodel.DateUtil.isCellDateFormatted(DateUtil.java:504)
	at com.hasbrop2m.core.Xls_Reader.getCellData(Xls_Reader.java:148)
	at com.hasbrop2m.core.Utility.getData(Utility.java:61)
	at com.hasbrop2m.sanity.SanitySuite2.testDataTest(SanitySuite2.java:12751)
	at sun.reflect.NativeMethodAccessorImpl.invoke0(Native Method)
	at sun.reflect.NativeMethodAccessorImpl.invoke(NativeMethodAccessorImpl.java:62)
	at sun.reflect.DelegatingMethodAccessorImpl.invoke(DelegatingMethodAccessorImpl.java:43)
	at java.lang.reflect.Method.invoke(Method.java:498)
	at org.testng.internal.MethodInvocationHelper.invokeMethod(MethodInvocationHelper.java:124)
	at org.testng.internal.MethodInvocationHelper.invokeMethod(MethodInvocationHelper.java:74)
	at org.testng.internal.MethodInvocationHelper.invokeMethodNoCheckedException(MethodInvocationHelper.java:45)
	at org.testng.internal.MethodInvocationHelper.invokeDataProvider(MethodInvocationHelper.java:131)
	at org.testng.internal.Parameters.handleParameters(Parameters.java:706)
	at org.testng.internal.ParameterHandler.handleParameters(ParameterHandler.java:49)
	at org.testng.internal.ParameterHandler.createParameters(ParameterHandler.java:37)
	at org.testng.internal.Invoker.invokeTestMethods(Invoker.java:924)
	at org.testng.internal.TestMethodWorker.invokeTestMethods(TestMethodWorker.java:125)
	at org.testng.internal.TestMethodWorker.run(TestMethodWorker.java:109)
	at org.testng.TestRunner.privateRun(TestRunner.java:648)
	at org.testng.TestRunner.run(TestRunner.java:505)
	at org.testng.SuiteRunner.runTest(SuiteRunner.java:455)
	at org.testng.SuiteRunner.runSequentially(SuiteRunner.java:450)
	at org.testng.SuiteRunner.privateRun(SuiteRunner.java:415)
	at org.testng.SuiteRunner.run(SuiteRunner.java:364)
	at org.testng.SuiteRunnerWorker.runSuite(SuiteRunnerWorker.java:52)
	at org.testng.SuiteRunnerWorker.run(SuiteRunnerWorker.java:84)
	at org.testng.TestNG.runSuitesSequentially(TestNG.java:1208)
	at org.testng.TestNG.runSuitesLocally(TestNG.java:1137)
	at org.testng.TestNG.runSuites(TestNG.java:1049)
	at org.testng.TestNG.run(TestNG.java:1017)
	at org.apache.maven.surefire.testng.TestNGExecutor.run(TestNGExecutor.java:283)
	at org.apache.maven.surefire.testng.TestNGXmlTestSuite.execute(TestNGXmlTestSuite.java:75)
	at org.apache.maven.surefire.testng.TestNGProvider.invoke(TestNGProvider.java:120)
	at org.apache.maven.surefire.booter.ForkedBooter.invokeProviderInSameClassLoader(ForkedBooter.java:383)
	at org.apache.maven.surefire.booter.ForkedBooter.runSuitesInProcess(ForkedBooter.java:344)
	at org.apache.maven.surefire.booter.ForkedBooter.execute(ForkedBooter.java:125)
	at org.apache.maven.surefire.booter.ForkedBooter.main(ForkedBooter.java:417)
org.apache.xmlbeans.impl.values.XmlValueDisconnectedException
	at org.apache.xmlbeans.impl.values.XmlObjectBase.check_orphaned(XmlObjectBase.java:1213)
	at org.openxmlformats.schemas.spreadsheetml.x2006.main.impl.CTXfImpl.getXfId(Unknown Source)
	at org.apache.poi.xssf.model.StylesTable.getStyleAt(StylesTable.java:235)
	at org.apache.poi.xssf.usermodel.XSSFCell.getCellStyle(XSSFCell.java:483)
	at org.apache.poi.xssf.usermodel.XSSFCell.getCellStyle(XSSFCell.java:64)
	at org.apache.poi.ss.usermodel.DateUtil.isCellDateFormatted(DateUtil.java:504)
	at com.hasbrop2m.core.Xls_Reader.getCellData(Xls_Reader.java:148)
	at com.hasbrop2m.core.Utility.getData(Utility.java:61)
	at com.hasbrop2m.sanity.SanitySuite2.testDataTest(SanitySuite2.java:12751)
	at sun.reflect.NativeMethodAccessorImpl.invoke0(Native Method)
	at sun.reflect.NativeMethodAccessorImpl.invoke(NativeMethodAccessorImpl.java:62)
	at sun.reflect.DelegatingMethodAccessorImpl.invoke(DelegatingMethodAccessorImpl.java:43)
	at java.lang.reflect.Method.invoke(Method.java:498)
	at org.testng.internal.MethodInvocationHelper.invokeMethod(MethodInvocationHelper.java:124)
	at org.testng.internal.MethodInvocationHelper.invokeMethod(MethodInvocationHelper.java:74)
	at org.testng.internal.MethodInvocationHelper.invokeMethodNoCheckedException(MethodInvocationHelper.java:45)
	at org.testng.internal.MethodInvocationHelper.invokeDataProvider(MethodInvocationHelper.java:131)
	at org.testng.internal.Parameters.handleParameters(Parameters.java:706)
	at org.testng.internal.ParameterHandler.handleParameters(ParameterHandler.java:49)
	at org.testng.internal.ParameterHandler.createParameters(ParameterHandler.java:37)
	at org.testng.internal.Invoker.invokeTestMethods(Invoker.java:924)
	at org.testng.internal.TestMethodWorker.invokeTestMethods(TestMethodWorker.java:125)
	at org.testng.internal.TestMethodWorker.run(TestMethodWorker.java:109)
	at org.testng.TestRunner.privateRun(TestRunner.java:648)
	at org.testng.TestRunner.run(TestRunner.java:505)
	at org.testng.SuiteRunner.runTest(SuiteRunner.java:455)
	at org.testng.SuiteRunner.runSequentially(SuiteRunner.java:450)
	at org.testng.SuiteRunner.privateRun(SuiteRunner.java:415)
	at org.testng.SuiteRunner.run(SuiteRunner.java:364)
	at org.testng.SuiteRunnerWorker.runSuite(SuiteRunnerWorker.java:52)
	at org.testng.SuiteRunnerWorker.run(SuiteRunnerWorker.java:84)
	at org.testng.TestNG.runSuitesSequentially(TestNG.java:1208)
	at org.testng.TestNG.runSuitesLocally(TestNG.java:1137)
	at org.testng.TestNG.runSuites(TestNG.java:1049)
	at org.testng.TestNG.run(TestNG.java:1017)
	at org.apache.maven.surefire.testng.TestNGExecutor.run(TestNGExecutor.java:283)
	at org.apache.maven.surefire.testng.TestNGXmlTestSuite.execute(TestNGXmlTestSuite.java:75)
	at org.apache.maven.surefire.testng.TestNGProvider.invoke(TestNGProvider.java:120)
	at org.apache.maven.surefire.booter.ForkedBooter.invokeProviderInSameClassLoader(ForkedBooter.java:383)
	at org.apache.maven.surefire.booter.ForkedBooter.runSuitesInProcess(ForkedBooter.java:344)
	at org.apache.maven.surefire.booter.ForkedBooter.execute(ForkedBooter.java:125)
	at org.apache.maven.surefire.booter.ForkedBooter.main(ForkedBooter.java:417)
org.apache.xmlbeans.impl.values.XmlValueDisconnectedException
	at org.apache.xmlbeans.impl.values.XmlObjectBase.check_orphaned(XmlObjectBase.java:1213)
	at org.openxmlformats.schemas.spreadsheetml.x2006.main.impl.CTXfImpl.getXfId(Unknown Source)
	at org.apache.poi.xssf.model.StylesTable.getStyleAt(StylesTable.java:235)
	at org.apache.poi.xssf.usermodel.XSSFCell.getCellStyle(XSSFCell.java:483)
	at org.apache.poi.xssf.usermodel.XSSFCell.getCellStyle(XSSFCell.java:64)
	at org.apache.poi.ss.usermodel.DateUtil.isCellDateFormatted(DateUtil.java:504)
	at com.hasbrop2m.core.Xls_Reader.getCellData(Xls_Reader.java:148)
	at com.hasbrop2m.core.Utility.getData(Utility.java:61)
	at com.hasbrop2m.sanity.SanitySuite2.testDataTest(SanitySuite2.java:12751)
	at sun.reflect.NativeMethodAccessorImpl.invoke0(Native Method)
	at sun.reflect.NativeMethodAccessorImpl.invoke(NativeMethodAccessorImpl.java:62)
	at sun.reflect.DelegatingMethodAccessorImpl.invoke(DelegatingMethodAccessorImpl.java:43)
	at java.lang.reflect.Method.invoke(Method.java:498)
	at org.testng.internal.MethodInvocationHelper.invokeMethod(MethodInvocationHelper.java:124)
	at org.testng.internal.MethodInvocationHelper.invokeMethod(MethodInvocationHelper.java:74)
	at org.testng.internal.MethodInvocationHelper.invokeMethodNoCheckedException(MethodInvocationHelper.java:45)
	at org.testng.internal.MethodInvocationHelper.invokeDataProvider(MethodInvocationHelper.java:131)
	at org.testng.internal.Parameters.handleParameters(Parameters.java:706)
	at org.testng.internal.ParameterHandler.handleParameters(ParameterHandler.java:49)
	at org.testng.internal.ParameterHandler.createParameters(ParameterHandler.java:37)
	at org.testng.internal.Invoker.invokeTestMethods(Invoker.java:924)
	at org.testng.internal.TestMethodWorker.invokeTestMethods(TestMethodWorker.java:125)
	at org.testng.internal.TestMethodWorker.run(TestMethodWorker.java:109)
	at org.testng.TestRunner.privateRun(TestRunner.java:648)
	at org.testng.TestRunner.run(TestRunner.java:505)
	at org.testng.SuiteRunner.runTest(SuiteRunner.java:455)
	at org.testng.SuiteRunner.runSequentially(SuiteRunner.java:450)
	at org.testng.SuiteRunner.privateRun(SuiteRunner.java:415)
	at org.testng.SuiteRunner.run(SuiteRunner.java:364)
	at org.testng.SuiteRunnerWorker.runSuite(SuiteRunnerWorker.java:52)
	at org.testng.SuiteRunnerWorker.run(SuiteRunnerWorker.java:84)
	at org.testng.TestNG.runSuitesSequentially(TestNG.java:1208)
	at org.testng.TestNG.runSuitesLocally(TestNG.java:1137)
	at org.testng.TestNG.runSuites(TestNG.java:1049)
	at org.testng.TestNG.run(TestNG.java:1017)
	at org.apache.maven.surefire.testng.TestNGExecutor.run(TestNGExecutor.java:283)
	at org.apache.maven.surefire.testng.TestNGXmlTestSuite.execute(TestNGXmlTestSuite.java:75)
	at org.apache.maven.surefire.testng.TestNGProvider.invoke(TestNGProvider.java:120)
	at org.apache.maven.surefire.booter.ForkedBooter.invokeProviderInSameClassLoader(ForkedBooter.java:383)
	at org.apache.maven.surefire.booter.ForkedBooter.runSuitesInProcess(ForkedBooter.java:344)
	at org.apache.maven.surefire.booter.ForkedBooter.execute(ForkedBooter.java:125)
	at org.apache.maven.surefire.booter.ForkedBooter.main(ForkedBooter.java:417)
]]></system-err>
  </testcase>
  <testcase name="Refresh" classname="com.hasbrop2m.sanity.SanitySuite2" time="0">
    <skipped/>
  </testcase>
  <testcase name="Refresh" classname="com.hasbrop2m.sanity.SanitySuite2" time="0">
    <skipped/>
  </testcase>
  <testcase name="Refresh" classname="com.hasbrop2m.sanity.SanitySuite2" time="0">
    <skipped/>
  </testcase>
  <testcase name="Refresh" classname="com.hasbrop2m.sanity.SanitySuite2" time="0">
    <skipped/>
  </testcase>
  <testcase name="Refresh" classname="com.hasbrop2m.sanity.SanitySuite2" time="0">
    <skipped/>
  </testcase>
  <testcase name="Refresh" classname="com.hasbrop2m.sanity.SanitySuite2" time="0">
    <skipped/>
  </testcase>
  <testcase name="Refresh" classname="com.hasbrop2m.sanity.SanitySuite2" time="0">
    <skipped/>
  </testcase>
  <testcase name="Refresh" classname="com.hasbrop2m.sanity.SanitySuite2" time="0">
    <skipped/>
  </testcase>
  <testcase name="Refresh" classname="com.hasbrop2m.sanity.SanitySuite2" time="0">
    <skipped/>
  </testcase>
  <testcase name="Refresh" classname="com.hasbrop2m.sanity.SanitySuite2" time="0">
    <skipped/>
  </testcase>
  <testcase name="Refresh" classname="com.hasbrop2m.sanity.SanitySuite2" time="0">
    <skipped/>
  </testcase>
  <testcase name="Refresh" classname="com.hasbrop2m.sanity.SanitySuite2" time="0">
    <skipped/>
  </testcase>
  <testcase name="Refresh" classname="com.hasbrop2m.sanity.SanitySuite2" time="0">
    <skipped/>
  </testcase>
  <testcase name="Refresh" classname="com.hasbrop2m.sanity.SanitySuite2" time="0">
    <skipped/>
  </testcase>
  <testcase name="Refresh" classname="com.hasbrop2m.sanity.SanitySuite2" time="0">
    <skipped/>
  </testcase>
  <testcase name="Refresh" classname="com.hasbrop2m.sanity.SanitySuite2" time="0">
    <skipped/>
  </testcase>
  <testcase name="Refresh" classname="com.hasbrop2m.sanity.SanitySuite2" time="0">
    <skipped/>
  </testcase>
  <testcase name="tcSCFunctional" classname="com.hasbrop2m.sanity.SanitySuite2" time="0">
    <skipped/>
  </testcase>
  <testcase name="tcSCFunctional" classname="com.hasbrop2m.sanity.SanitySuite2" time="0">
    <skipped/>
  </testcase>
  <testcase name="tcSCFunctional" classname="com.hasbrop2m.sanity.SanitySuite2" time="0">
    <skipped/>
  </testcase>
  <testcase name="tcSCFunctional" classname="com.hasbrop2m.sanity.SanitySuite2" time="0">
    <skipped/>
  </testcase>
  <testcase name="tcSCFunctional" classname="com.hasbrop2m.sanity.SanitySuite2" time="0">
    <skipped/>
  </testcase>
  <testcase name="tcSCFunctional" classname="com.hasbrop2m.sanity.SanitySuite2" time="0">
    <skipped/>
  </testcase>
  <testcase name="tcSCFunctional" classname="com.hasbrop2m.sanity.SanitySuite2" time="0">
    <skipped/>
  </testcase>
  <testcase name="tcSCFunctional" classname="com.hasbrop2m.sanity.SanitySuite2" time="0">
    <skipped/>
  </testcase>
  <testcase name="tcSCFunctional" classname="com.hasbrop2m.sanity.SanitySuite2" time="0">
    <skipped/>
  </testcase>
  <testcase name="tcSCFunctional" classname="com.hasbrop2m.sanity.SanitySuite2" time="0">
    <skipped/>
  </testcase>
  <testcase name="tcSCFunctional" classname="com.hasbrop2m.sanity.SanitySuite2" time="0">
    <skipped/>
  </testcase>
  <testcase name="tcSCFunctional" classname="com.hasbrop2m.sanity.SanitySuite2" time="0">
    <skipped/>
  </testcase>
  <testcase name="tcSCFunctional" classname="com.hasbrop2m.sanity.SanitySuite2" time="0">
    <skipped/>
  </testcase>
  <testcase name="tcSCFunctional" classname="com.hasbrop2m.sanity.SanitySuite2" time="0">
    <skipped/>
  </testcase>
  <testcase name="tcSCFunctional" classname="com.hasbrop2m.sanity.SanitySuite2" time="0">
    <skipped/>
  </testcase>
  <testcase name="tcSCFunctional" classname="com.hasbrop2m.sanity.SanitySuite2" time="0">
    <skipped/>
  </testcase>
  <testcase name="tcSCFunctional" classname="com.hasbrop2m.sanity.SanitySuite2" time="0">
    <skipped/>
  </testcase>
  <testcase name="tcSCFunctional" classname="com.hasbrop2m.sanity.SanitySuite2" time="0">
    <skipped/>
  </testcase>
  <testcase name="reporterdataSetResult" classname="com.hasbrop2m.sanity.SanitySuite2" time="0">
    <skipped/>
  </testcase>
  <testcase name="reporterdataSetResult" classname="com.hasbrop2m.sanity.SanitySuite2" time="0">
    <skipped/>
  </testcase>
  <testcase name="reporterdataSetResult" classname="com.hasbrop2m.sanity.SanitySuite2" time="0">
    <skipped/>
  </testcase>
  <testcase name="reporterdataSetResult" classname="com.hasbrop2m.sanity.SanitySuite2" time="0">
    <skipped/>
  </testcase>
  <testcase name="reporterdataSetResult" classname="com.hasbrop2m.sanity.SanitySuite2" time="0">
    <skipped/>
  </testcase>
  <testcase name="reporterdataSetResult" classname="com.hasbrop2m.sanity.SanitySuite2" time="0">
    <skipped/>
  </testcase>
  <testcase name="reporterdataSetResult" classname="com.hasbrop2m.sanity.SanitySuite2" time="0">
    <skipped/>
  </testcase>
  <testcase name="reporterdataSetResult" classname="com.hasbrop2m.sanity.SanitySuite2" time="0">
    <skipped/>
  </testcase>
  <testcase name="reporterdataSetResult" classname="com.hasbrop2m.sanity.SanitySuite2" time="0">
    <skipped/>
  </testcase>
  <testcase name="reporterdataSetResult" classname="com.hasbrop2m.sanity.SanitySuite2" time="0">
    <skipped/>
  </testcase>
  <testcase name="reporterdataSetResult" classname="com.hasbrop2m.sanity.SanitySuite2" time="0">
    <skipped/>
  </testcase>
  <testcase name="reporterdataSetResult" classname="com.hasbrop2m.sanity.SanitySuite2" time="0">
    <skipped/>
  </testcase>
  <testcase name="reporterdataSetResult" classname="com.hasbrop2m.sanity.SanitySuite2" time="0">
    <skipped/>
  </testcase>
  <testcase name="reporterdataSetResult" classname="com.hasbrop2m.sanity.SanitySuite2" time="0">
    <skipped/>
  </testcase>
  <testcase name="reporterdataSetResult" classname="com.hasbrop2m.sanity.SanitySuite2" time="0">
    <skipped/>
  </testcase>
  <testcase name="reporterdataSetResult" classname="com.hasbrop2m.sanity.SanitySuite2" time="0">
    <skipped/>
  </testcase>
  <testcase name="reporterdataSetResult" classname="com.hasbrop2m.sanity.SanitySuite2" time="0">
    <skipped/>
  </testcase>
  <testcase name="reporterdataSetResult" classname="com.hasbrop2m.sanity.SanitySuite2" time="0">
    <skipped/>
  </testcase>
  <testcase name="reportTestcaseResult" classname="com.hasbrop2m.sanity.SanitySuite2" time="0">
    <skipped/>
  </testcase>
  <testcase name="checkTestcaseSkip" classname="com.hasbrop2m.sanity.SanitySuite_AssortmentRetail" time="0">
    <skipped message="Skipping SanitySuite_AssortmentRetail as runmode is set to no"/>
    <system-out><![CDATA[Skipping SanitySuite_AssortmentRetail as runmode is set to no
]]></system-out>
  </testcase>
  <testcase name="Refresh" classname="com.hasbrop2m.sanity.SanitySuite_AssortmentRetail" time="0">
    <skipped/>
  </testcase>
  <testcase name="Refresh" classname="com.hasbrop2m.sanity.SanitySuite_AssortmentRetail" time="0">
    <skipped/>
  </testcase>
  <testcase name="Refresh" classname="com.hasbrop2m.sanity.SanitySuite_AssortmentRetail" time="0">
    <skipped/>
  </testcase>
  <testcase name="Refresh" classname="com.hasbrop2m.sanity.SanitySuite_AssortmentRetail" time="0">
    <skipped/>
  </testcase>
  <testcase name="Refresh" classname="com.hasbrop2m.sanity.SanitySuite_AssortmentRetail" time="0">
    <skipped/>
  </testcase>
  <testcase name="Refresh" classname="com.hasbrop2m.sanity.SanitySuite_AssortmentRetail" time="0">
    <skipped/>
  </testcase>
  <testcase name="Refresh" classname="com.hasbrop2m.sanity.SanitySuite_AssortmentRetail" time="0">
    <skipped/>
  </testcase>
  <testcase name="Refresh" classname="com.hasbrop2m.sanity.SanitySuite_AssortmentRetail" time="0">
    <skipped/>
  </testcase>
  <testcase name="Refresh" classname="com.hasbrop2m.sanity.SanitySuite_AssortmentRetail" time="0">
    <skipped/>
  </testcase>
  <testcase name="Refresh" classname="com.hasbrop2m.sanity.SanitySuite_AssortmentRetail" time="0">
    <skipped/>
  </testcase>
  <testcase name="Refresh" classname="com.hasbrop2m.sanity.SanitySuite_AssortmentRetail" time="0">
    <skipped/>
  </testcase>
  <testcase name="Refresh" classname="com.hasbrop2m.sanity.SanitySuite_AssortmentRetail" time="0">
    <skipped/>
  </testcase>
  <testcase name="Refresh" classname="com.hasbrop2m.sanity.SanitySuite_AssortmentRetail" time="0">
    <skipped/>
  </testcase>
  <testcase name="Refresh" classname="com.hasbrop2m.sanity.SanitySuite_AssortmentRetail" time="0">
    <skipped/>
  </testcase>
  <testcase name="Refresh" classname="com.hasbrop2m.sanity.SanitySuite_AssortmentRetail" time="0">
    <skipped/>
  </testcase>
  <testcase name="Refresh" classname="com.hasbrop2m.sanity.SanitySuite_AssortmentRetail" time="0">
    <skipped/>
  </testcase>
  <testcase name="Refresh" classname="com.hasbrop2m.sanity.SanitySuite_AssortmentRetail" time="0">
    <skipped/>
  </testcase>
  <testcase name="Refresh" classname="com.hasbrop2m.sanity.SanitySuite_AssortmentRetail" time="0">
    <skipped/>
  </testcase>
  <testcase name="Refresh" classname="com.hasbrop2m.sanity.SanitySuite_AssortmentRetail" time="0">
    <skipped/>
  </testcase>
  <testcase name="Refresh" classname="com.hasbrop2m.sanity.SanitySuite_AssortmentRetail" time="0">
    <skipped/>
  </testcase>
  <testcase name="Refresh" classname="com.hasbrop2m.sanity.SanitySuite_AssortmentRetail" time="0">
    <skipped/>
  </testcase>
  <testcase name="Refresh" classname="com.hasbrop2m.sanity.SanitySuite_AssortmentRetail" time="0">
    <skipped/>
  </testcase>
  <testcase name="Refresh" classname="com.hasbrop2m.sanity.SanitySuite_AssortmentRetail" time="0">
    <skipped/>
  </testcase>
  <testcase name="Refresh" classname="com.hasbrop2m.sanity.SanitySuite_AssortmentRetail" time="0">
    <skipped/>
  </testcase>
  <testcase name="Refresh" classname="com.hasbrop2m.sanity.SanitySuite_AssortmentRetail" time="0">
    <skipped/>
  </testcase>
  <testcase name="Refresh" classname="com.hasbrop2m.sanity.SanitySuite_AssortmentRetail" time="0">
    <skipped/>
  </testcase>
  <testcase name="Refresh" classname="com.hasbrop2m.sanity.SanitySuite_AssortmentRetail" time="0">
    <skipped/>
  </testcase>
  <testcase name="Refresh" classname="com.hasbrop2m.sanity.SanitySuite_AssortmentRetail" time="0">
    <skipped/>
  </testcase>
  <testcase name="Refresh" classname="com.hasbrop2m.sanity.SanitySuite_AssortmentRetail" time="0">
    <skipped/>
  </testcase>
  <testcase name="Refresh" classname="com.hasbrop2m.sanity.SanitySuite_AssortmentRetail" time="0">
    <skipped/>
  </testcase>
  <testcase name="Refresh" classname="com.hasbrop2m.sanity.SanitySuite_AssortmentRetail" time="0">
    <skipped/>
  </testcase>
  <testcase name="Refresh" classname="com.hasbrop2m.sanity.SanitySuite_AssortmentRetail" time="0">
    <skipped/>
  </testcase>
  <testcase name="Refresh" classname="com.hasbrop2m.sanity.SanitySuite_AssortmentRetail" time="0">
    <skipped/>
  </testcase>
  <testcase name="Refresh" classname="com.hasbrop2m.sanity.SanitySuite_AssortmentRetail" time="0">
    <skipped/>
  </testcase>
  <testcase name="Refresh" classname="com.hasbrop2m.sanity.SanitySuite_AssortmentRetail" time="0">
    <skipped/>
  </testcase>
  <testcase name="Refresh" classname="com.hasbrop2m.sanity.SanitySuite_AssortmentRetail" time="0">
    <skipped/>
  </testcase>
  <testcase name="Refresh" classname="com.hasbrop2m.sanity.SanitySuite_AssortmentRetail" time="0">
    <skipped/>
  </testcase>
  <testcase name="Refresh" classname="com.hasbrop2m.sanity.SanitySuite_AssortmentRetail" time="0">
    <skipped/>
  </testcase>
  <testcase name="Refresh" classname="com.hasbrop2m.sanity.SanitySuite_AssortmentRetail" time="0">
    <skipped/>
  </testcase>
  <testcase name="Refresh" classname="com.hasbrop2m.sanity.SanitySuite_AssortmentRetail" time="0">
    <skipped/>
  </testcase>
  <testcase name="Refresh" classname="com.hasbrop2m.sanity.SanitySuite_AssortmentRetail" time="0">
    <skipped/>
  </testcase>
  <testcase name="Refresh" classname="com.hasbrop2m.sanity.SanitySuite_AssortmentRetail" time="0">
    <skipped/>
  </testcase>
  <testcase name="Refresh" classname="com.hasbrop2m.sanity.SanitySuite_AssortmentRetail" time="0">
    <skipped/>
  </testcase>
  <testcase name="Refresh" classname="com.hasbrop2m.sanity.SanitySuite_AssortmentRetail" time="0">
    <skipped/>
  </testcase>
  <testcase name="Refresh" classname="com.hasbrop2m.sanity.SanitySuite_AssortmentRetail" time="0">
    <skipped/>
  </testcase>
  <testcase name="Refresh" classname="com.hasbrop2m.sanity.SanitySuite_AssortmentRetail" time="0">
    <skipped/>
  </testcase>
  <testcase name="Refresh" classname="com.hasbrop2m.sanity.SanitySuite_AssortmentRetail" time="0">
    <skipped/>
  </testcase>
  <testcase name="Refresh" classname="com.hasbrop2m.sanity.SanitySuite_AssortmentRetail" time="0">
    <skipped/>
  </testcase>
  <testcase name="Refresh" classname="com.hasbrop2m.sanity.SanitySuite_AssortmentRetail" time="0">
    <skipped/>
  </testcase>
  <testcase name="Refresh" classname="com.hasbrop2m.sanity.SanitySuite_AssortmentRetail" time="0">
    <skipped/>
  </testcase>
  <testcase name="Refresh" classname="com.hasbrop2m.sanity.SanitySuite_AssortmentRetail" time="0">
    <skipped/>
  </testcase>
  <testcase name="Refresh" classname="com.hasbrop2m.sanity.SanitySuite_AssortmentRetail" time="0">
    <skipped/>
  </testcase>
  <testcase name="Refresh" classname="com.hasbrop2m.sanity.SanitySuite_AssortmentRetail" time="0">
    <skipped/>
  </testcase>
  <testcase name="Refresh" classname="com.hasbrop2m.sanity.SanitySuite_AssortmentRetail" time="0">
    <skipped/>
  </testcase>
  <testcase name="Refresh" classname="com.hasbrop2m.sanity.SanitySuite_AssortmentRetail" time="0">
    <skipped/>
  </testcase>
  <testcase name="Refresh" classname="com.hasbrop2m.sanity.SanitySuite_AssortmentRetail" time="0">
    <skipped/>
  </testcase>
  <testcase name="Refresh" classname="com.hasbrop2m.sanity.SanitySuite_AssortmentRetail" time="0">
    <skipped/>
  </testcase>
  <testcase name="Refresh" classname="com.hasbrop2m.sanity.SanitySuite_AssortmentRetail" time="0">
    <skipped/>
  </testcase>
  <testcase name="Refresh" classname="com.hasbrop2m.sanity.SanitySuite_AssortmentRetail" time="0">
    <skipped/>
  </testcase>
  <testcase name="Refresh" classname="com.hasbrop2m.sanity.SanitySuite_AssortmentRetail" time="0">
    <skipped/>
  </testcase>
  <testcase name="Refresh" classname="com.hasbrop2m.sanity.SanitySuite_AssortmentRetail" time="0">
    <skipped/>
  </testcase>
  <testcase name="Refresh" classname="com.hasbrop2m.sanity.SanitySuite_AssortmentRetail" time="0">
    <skipped/>
  </testcase>
  <testcase name="Refresh" classname="com.hasbrop2m.sanity.SanitySuite_AssortmentRetail" time="0">
    <skipped/>
  </testcase>
  <testcase name="Refresh" classname="com.hasbrop2m.sanity.SanitySuite_AssortmentRetail" time="0">
    <skipped/>
  </testcase>
  <testcase name="Refresh" classname="com.hasbrop2m.sanity.SanitySuite_AssortmentRetail" time="0">
    <skipped/>
  </testcase>
  <testcase name="Refresh" classname="com.hasbrop2m.sanity.SanitySuite_AssortmentRetail" time="0">
    <skipped/>
  </testcase>
  <testcase name="Refresh" classname="com.hasbrop2m.sanity.SanitySuite_AssortmentRetail" time="0">
    <skipped/>
  </testcase>
  <testcase name="Refresh" classname="com.hasbrop2m.sanity.SanitySuite_AssortmentRetail" time="0">
    <skipped/>
  </testcase>
  <testcase name="Refresh" classname="com.hasbrop2m.sanity.SanitySuite_AssortmentRetail" time="0">
    <skipped/>
  </testcase>
  <testcase name="Refresh" classname="com.hasbrop2m.sanity.SanitySuite_AssortmentRetail" time="0">
    <skipped/>
  </testcase>
  <testcase name="Refresh" classname="com.hasbrop2m.sanity.SanitySuite_AssortmentRetail" time="0">
    <skipped/>
  </testcase>
  <testcase name="Refresh" classname="com.hasbrop2m.sanity.SanitySuite_AssortmentRetail" time="0">
    <skipped/>
  </testcase>
  <testcase name="Refresh" classname="com.hasbrop2m.sanity.SanitySuite_AssortmentRetail" time="0">
    <skipped/>
  </testcase>
  <testcase name="Refresh" classname="com.hasbrop2m.sanity.SanitySuite_AssortmentRetail" time="0">
    <skipped/>
  </testcase>
  <testcase name="Refresh" classname="com.hasbrop2m.sanity.SanitySuite_AssortmentRetail" time="0">
    <skipped/>
  </testcase>
  <testcase name="Refresh" classname="com.hasbrop2m.sanity.SanitySuite_AssortmentRetail" time="0">
    <skipped/>
  </testcase>
  <testcase name="Refresh" classname="com.hasbrop2m.sanity.SanitySuite_AssortmentRetail" time="0">
    <skipped/>
  </testcase>
  <testcase name="Refresh" classname="com.hasbrop2m.sanity.SanitySuite_AssortmentRetail" time="0">
    <skipped/>
  </testcase>
  <testcase name="Refresh" classname="com.hasbrop2m.sanity.SanitySuite_AssortmentRetail" time="0">
    <skipped/>
  </testcase>
  <testcase name="Refresh" classname="com.hasbrop2m.sanity.SanitySuite_AssortmentRetail" time="0">
    <skipped/>
  </testcase>
  <testcase name="Refresh" classname="com.hasbrop2m.sanity.SanitySuite_AssortmentRetail" time="0">
    <skipped/>
  </testcase>
  <testcase name="Refresh" classname="com.hasbrop2m.sanity.SanitySuite_AssortmentRetail" time="0">
    <skipped/>
  </testcase>
  <testcase name="Refresh" classname="com.hasbrop2m.sanity.SanitySuite_AssortmentRetail" time="0">
    <skipped/>
  </testcase>
  <testcase name="Refresh" classname="com.hasbrop2m.sanity.SanitySuite_AssortmentRetail" time="0">
    <skipped/>
  </testcase>
  <testcase name="Refresh" classname="com.hasbrop2m.sanity.SanitySuite_AssortmentRetail" time="0">
    <skipped/>
  </testcase>
  <testcase name="Refresh" classname="com.hasbrop2m.sanity.SanitySuite_AssortmentRetail" time="0">
    <skipped/>
  </testcase>
  <testcase name="Refresh" classname="com.hasbrop2m.sanity.SanitySuite_AssortmentRetail" time="0">
    <skipped/>
  </testcase>
  <testcase name="Refresh" classname="com.hasbrop2m.sanity.SanitySuite_AssortmentRetail" time="0">
    <skipped/>
  </testcase>
  <testcase name="Refresh" classname="com.hasbrop2m.sanity.SanitySuite_AssortmentRetail" time="0">
    <skipped/>
  </testcase>
  <testcase name="Refresh" classname="com.hasbrop2m.sanity.SanitySuite_AssortmentRetail" time="0">
    <skipped/>
  </testcase>
  <testcase name="Refresh" classname="com.hasbrop2m.sanity.SanitySuite_AssortmentRetail" time="0">
    <skipped/>
  </testcase>
  <testcase name="Refresh" classname="com.hasbrop2m.sanity.SanitySuite_AssortmentRetail" time="0">
    <skipped/>
  </testcase>
  <testcase name="Refresh" classname="com.hasbrop2m.sanity.SanitySuite_AssortmentRetail" time="0">
    <skipped/>
  </testcase>
  <testcase name="Refresh" classname="com.hasbrop2m.sanity.SanitySuite_AssortmentRetail" time="0">
    <skipped/>
  </testcase>
  <testcase name="Refresh" classname="com.hasbrop2m.sanity.SanitySuite_AssortmentRetail" time="0">
    <skipped/>
  </testcase>
  <testcase name="Refresh" classname="com.hasbrop2m.sanity.SanitySuite_AssortmentRetail" time="0">
    <skipped/>
  </testcase>
  <testcase name="Refresh" classname="com.hasbrop2m.sanity.SanitySuite_AssortmentRetail" time="0">
    <skipped/>
  </testcase>
  <testcase name="Refresh" classname="com.hasbrop2m.sanity.SanitySuite_AssortmentRetail" time="0">
    <skipped/>
  </testcase>
  <testcase name="Refresh" classname="com.hasbrop2m.sanity.SanitySuite_AssortmentRetail" time="0">
    <skipped/>
  </testcase>
  <testcase name="Refresh" classname="com.hasbrop2m.sanity.SanitySuite_AssortmentRetail" time="0">
    <skipped/>
  </testcase>
  <testcase name="Refresh" classname="com.hasbrop2m.sanity.SanitySuite_AssortmentRetail" time="0">
    <skipped/>
  </testcase>
  <testcase name="Refresh" classname="com.hasbrop2m.sanity.SanitySuite_AssortmentRetail" time="0">
    <skipped/>
  </testcase>
  <testcase name="Refresh" classname="com.hasbrop2m.sanity.SanitySuite_AssortmentRetail" time="0">
    <skipped/>
  </testcase>
  <testcase name="Refresh" classname="com.hasbrop2m.sanity.SanitySuite_AssortmentRetail" time="0">
    <skipped/>
  </testcase>
  <testcase name="Refresh" classname="com.hasbrop2m.sanity.SanitySuite_AssortmentRetail" time="0">
    <skipped/>
  </testcase>
  <testcase name="Refresh" classname="com.hasbrop2m.sanity.SanitySuite_AssortmentRetail" time="0">
    <skipped/>
  </testcase>
  <testcase name="Refresh" classname="com.hasbrop2m.sanity.SanitySuite_AssortmentRetail" time="0">
    <skipped/>
  </testcase>
  <testcase name="Refresh" classname="com.hasbrop2m.sanity.SanitySuite_AssortmentRetail" time="0">
    <skipped/>
  </testcase>
  <testcase name="Refresh" classname="com.hasbrop2m.sanity.SanitySuite_AssortmentRetail" time="0">
    <skipped/>
  </testcase>
  <testcase name="Refresh" classname="com.hasbrop2m.sanity.SanitySuite_AssortmentRetail" time="0">
    <skipped/>
  </testcase>
  <testcase name="Refresh" classname="com.hasbrop2m.sanity.SanitySuite_AssortmentRetail" time="0">
    <skipped/>
  </testcase>
  <testcase name="Refresh" classname="com.hasbrop2m.sanity.SanitySuite_AssortmentRetail" time="0">
    <skipped/>
  </testcase>
  <testcase name="Refresh" classname="com.hasbrop2m.sanity.SanitySuite_AssortmentRetail" time="0">
    <skipped/>
  </testcase>
  <testcase name="Refresh" classname="com.hasbrop2m.sanity.SanitySuite_AssortmentRetail" time="0">
    <skipped/>
  </testcase>
  <testcase name="Refresh" classname="com.hasbrop2m.sanity.SanitySuite_AssortmentRetail" time="0">
    <skipped/>
  </testcase>
  <testcase name="Refresh" classname="com.hasbrop2m.sanity.SanitySuite_AssortmentRetail" time="0">
    <skipped/>
  </testcase>
  <testcase name="Refresh" classname="com.hasbrop2m.sanity.SanitySuite_AssortmentRetail" time="0">
    <skipped/>
  </testcase>
  <testcase name="Refresh" classname="com.hasbrop2m.sanity.SanitySuite_AssortmentRetail" time="0">
    <skipped/>
  </testcase>
  <testcase name="Refresh" classname="com.hasbrop2m.sanity.SanitySuite_AssortmentRetail" time="0">
    <skipped/>
  </testcase>
  <testcase name="Refresh" classname="com.hasbrop2m.sanity.SanitySuite_AssortmentRetail" time="0">
    <skipped/>
  </testcase>
  <testcase name="Refresh" classname="com.hasbrop2m.sanity.SanitySuite_AssortmentRetail" time="0">
    <skipped/>
  </testcase>
  <testcase name="Refresh" classname="com.hasbrop2m.sanity.SanitySuite_AssortmentRetail" time="0">
    <skipped/>
  </testcase>
  <testcase name="Refresh" classname="com.hasbrop2m.sanity.SanitySuite_AssortmentRetail" time="0">
    <skipped/>
  </testcase>
  <testcase name="Refresh" classname="com.hasbrop2m.sanity.SanitySuite_AssortmentRetail" time="0">
    <skipped/>
  </testcase>
  <testcase name="Refresh" classname="com.hasbrop2m.sanity.SanitySuite_AssortmentRetail" time="0">
    <skipped/>
  </testcase>
  <testcase name="Refresh" classname="com.hasbrop2m.sanity.SanitySuite_AssortmentRetail" time="0">
    <skipped/>
  </testcase>
  <testcase name="Refresh" classname="com.hasbrop2m.sanity.SanitySuite_AssortmentRetail" time="0">
    <skipped/>
  </testcase>
  <testcase name="Refresh" classname="com.hasbrop2m.sanity.SanitySuite_AssortmentRetail" time="0">
    <skipped/>
  </testcase>
  <testcase name="Refresh" classname="com.hasbrop2m.sanity.SanitySuite_AssortmentRetail" time="0">
    <skipped/>
  </testcase>
  <testcase name="Refresh" classname="com.hasbrop2m.sanity.SanitySuite_AssortmentRetail" time="0">
    <skipped/>
  </testcase>
  <testcase name="Refresh" classname="com.hasbrop2m.sanity.SanitySuite_AssortmentRetail" time="0">
    <skipped/>
  </testcase>
  <testcase name="Refresh" classname="com.hasbrop2m.sanity.SanitySuite_AssortmentRetail" time="0">
    <skipped/>
  </testcase>
  <testcase name="Refresh" classname="com.hasbrop2m.sanity.SanitySuite_AssortmentRetail" time="0">
    <skipped/>
  </testcase>
  <testcase name="Refresh" classname="com.hasbrop2m.sanity.SanitySuite_AssortmentRetail" time="0">
    <skipped/>
  </testcase>
  <testcase name="Refresh" classname="com.hasbrop2m.sanity.SanitySuite_AssortmentRetail" time="0">
    <skipped/>
  </testcase>
  <testcase name="Refresh" classname="com.hasbrop2m.sanity.SanitySuite_AssortmentRetail" time="0">
    <skipped/>
  </testcase>
  <testcase name="Refresh" classname="com.hasbrop2m.sanity.SanitySuite_AssortmentRetail" time="0">
    <skipped/>
  </testcase>
  <testcase name="Refresh" classname="com.hasbrop2m.sanity.SanitySuite_AssortmentRetail" time="0">
    <skipped/>
  </testcase>
  <testcase name="Refresh" classname="com.hasbrop2m.sanity.SanitySuite_AssortmentRetail" time="0">
    <skipped/>
  </testcase>
  <testcase name="Refresh" classname="com.hasbrop2m.sanity.SanitySuite_AssortmentRetail" time="0">
    <skipped/>
  </testcase>
  <testcase name="Refresh" classname="com.hasbrop2m.sanity.SanitySuite_AssortmentRetail" time="0">
    <skipped/>
  </testcase>
  <testcase name="Refresh" classname="com.hasbrop2m.sanity.SanitySuite_AssortmentRetail" time="0">
    <skipped/>
  </testcase>
  <testcase name="Refresh" classname="com.hasbrop2m.sanity.SanitySuite_AssortmentRetail" time="0">
    <skipped/>
  </testcase>
  <testcase name="Refresh" classname="com.hasbrop2m.sanity.SanitySuite_AssortmentRetail" time="0">
    <skipped/>
  </testcase>
  <testcase name="Refresh" classname="com.hasbrop2m.sanity.SanitySuite_AssortmentRetail" time="0">
    <skipped/>
  </testcase>
  <testcase name="Refresh" classname="com.hasbrop2m.sanity.SanitySuite_AssortmentRetail" time="0">
    <skipped/>
  </testcase>
  <testcase name="Refresh" classname="com.hasbrop2m.sanity.SanitySuite_AssortmentRetail" time="0">
    <skipped/>
  </testcase>
  <testcase name="Refresh" classname="com.hasbrop2m.sanity.SanitySuite_AssortmentRetail" time="0">
    <skipped/>
  </testcase>
  <testcase name="Refresh" classname="com.hasbrop2m.sanity.SanitySuite_AssortmentRetail" time="0">
    <skipped/>
  </testcase>
  <testcase name="Refresh" classname="com.hasbrop2m.sanity.SanitySuite_AssortmentRetail" time="0">
    <skipped/>
  </testcase>
  <testcase name="Refresh" classname="com.hasbrop2m.sanity.SanitySuite_AssortmentRetail" time="0">
    <skipped/>
  </testcase>
  <testcase name="Refresh" classname="com.hasbrop2m.sanity.SanitySuite_AssortmentRetail" time="0">
    <skipped/>
  </testcase>
  <testcase name="Refresh" classname="com.hasbrop2m.sanity.SanitySuite_AssortmentRetail" time="0">
    <skipped/>
  </testcase>
  <testcase name="Refresh" classname="com.hasbrop2m.sanity.SanitySuite_AssortmentRetail" time="0">
    <skipped/>
  </testcase>
  <testcase name="Refresh" classname="com.hasbrop2m.sanity.SanitySuite_AssortmentRetail" time="0">
    <skipped/>
  </testcase>
  <testcase name="Refresh" classname="com.hasbrop2m.sanity.SanitySuite_AssortmentRetail" time="0">
    <skipped/>
  </testcase>
  <testcase name="Refresh" classname="com.hasbrop2m.sanity.SanitySuite_AssortmentRetail" time="0">
    <skipped/>
  </testcase>
  <testcase name="Refresh" classname="com.hasbrop2m.sanity.SanitySuite_AssortmentRetail" time="0">
    <skipped/>
  </testcase>
  <testcase name="Refresh" classname="com.hasbrop2m.sanity.SanitySuite_AssortmentRetail" time="0">
    <skipped/>
  </testcase>
  <testcase name="Refresh" classname="com.hasbrop2m.sanity.SanitySuite_AssortmentRetail" time="0">
    <skipped/>
  </testcase>
  <testcase name="Refresh" classname="com.hasbrop2m.sanity.SanitySuite_AssortmentRetail" time="0">
    <skipped/>
  </testcase>
  <testcase name="Refresh" classname="com.hasbrop2m.sanity.SanitySuite_AssortmentRetail" time="0">
    <skipped/>
  </testcase>
  <testcase name="Refresh" classname="com.hasbrop2m.sanity.SanitySuite_AssortmentRetail" time="0">
    <skipped/>
  </testcase>
  <testcase name="Refresh" classname="com.hasbrop2m.sanity.SanitySuite_AssortmentRetail" time="0">
    <skipped/>
  </testcase>
  <testcase name="Refresh" classname="com.hasbrop2m.sanity.SanitySuite_AssortmentRetail" time="0">
    <skipped/>
  </testcase>
  <testcase name="Refresh" classname="com.hasbrop2m.sanity.SanitySuite_AssortmentRetail" time="0">
    <skipped/>
  </testcase>
  <testcase name="Refresh" classname="com.hasbrop2m.sanity.SanitySuite_AssortmentRetail" time="0">
    <skipped/>
  </testcase>
  <testcase name="Refresh" classname="com.hasbrop2m.sanity.SanitySuite_AssortmentRetail" time="0">
    <skipped/>
  </testcase>
  <testcase name="Refresh" classname="com.hasbrop2m.sanity.SanitySuite_AssortmentRetail" time="0">
    <skipped/>
  </testcase>
  <testcase name="Refresh" classname="com.hasbrop2m.sanity.SanitySuite_AssortmentRetail" time="0">
    <skipped/>
  </testcase>
  <testcase name="Refresh" classname="com.hasbrop2m.sanity.SanitySuite_AssortmentRetail" time="0">
    <skipped/>
  </testcase>
  <testcase name="Refresh" classname="com.hasbrop2m.sanity.SanitySuite_AssortmentRetail" time="0">
    <skipped/>
  </testcase>
  <testcase name="Refresh" classname="com.hasbrop2m.sanity.SanitySuite_AssortmentRetail" time="0">
    <skipped/>
  </testcase>
  <testcase name="Refresh" classname="com.hasbrop2m.sanity.SanitySuite_AssortmentRetail" time="0">
    <skipped/>
  </testcase>
  <testcase name="Refresh" classname="com.hasbrop2m.sanity.SanitySuite_AssortmentRetail" time="0">
    <skipped/>
  </testcase>
  <testcase name="Refresh" classname="com.hasbrop2m.sanity.SanitySuite_AssortmentRetail" time="0">
    <skipped/>
  </testcase>
  <testcase name="Refresh" classname="com.hasbrop2m.sanity.SanitySuite_AssortmentRetail" time="0">
    <skipped/>
  </testcase>
  <testcase name="Refresh" classname="com.hasbrop2m.sanity.SanitySuite_AssortmentRetail" time="0">
    <skipped/>
  </testcase>
  <testcase name="Refresh" classname="com.hasbrop2m.sanity.SanitySuite_AssortmentRetail" time="0">
    <skipped/>
  </testcase>
  <testcase name="Refresh" classname="com.hasbrop2m.sanity.SanitySuite_AssortmentRetail" time="0">
    <skipped/>
  </testcase>
  <testcase name="Refresh" classname="com.hasbrop2m.sanity.SanitySuite_AssortmentRetail" time="0">
    <skipped/>
  </testcase>
  <testcase name="Refresh" classname="com.hasbrop2m.sanity.SanitySuite_AssortmentRetail" time="0">
    <skipped/>
  </testcase>
  <testcase name="Refresh" classname="com.hasbrop2m.sanity.SanitySuite_AssortmentRetail" time="0">
    <skipped/>
  </testcase>
  <testcase name="Refresh" classname="com.hasbrop2m.sanity.SanitySuite_AssortmentRetail" time="0">
    <skipped/>
  </testcase>
  <testcase name="Refresh" classname="com.hasbrop2m.sanity.SanitySuite_AssortmentRetail" time="0">
    <skipped/>
  </testcase>
  <testcase name="Refresh" classname="com.hasbrop2m.sanity.SanitySuite_AssortmentRetail" time="0">
    <skipped/>
  </testcase>
  <testcase name="Refresh" classname="com.hasbrop2m.sanity.SanitySuite_AssortmentRetail" time="0">
    <skipped/>
  </testcase>
  <testcase name="Refresh" classname="com.hasbrop2m.sanity.SanitySuite_AssortmentRetail" time="0">
    <skipped/>
  </testcase>
  <testcase name="Refresh" classname="com.hasbrop2m.sanity.SanitySuite_AssortmentRetail" time="0">
    <skipped/>
  </testcase>
  <testcase name="Refresh" classname="com.hasbrop2m.sanity.SanitySuite_AssortmentRetail" time="0">
    <skipped/>
  </testcase>
  <testcase name="Refresh" classname="com.hasbrop2m.sanity.SanitySuite_AssortmentRetail" time="0">
    <skipped/>
  </testcase>
  <testcase name="Refresh" classname="com.hasbrop2m.sanity.SanitySuite_AssortmentRetail" time="0">
    <skipped/>
  </testcase>
  <testcase name="Refresh" classname="com.hasbrop2m.sanity.SanitySuite_AssortmentRetail" time="0">
    <skipped/>
  </testcase>
  <testcase name="Refresh" classname="com.hasbrop2m.sanity.SanitySuite_AssortmentRetail" time="0">
    <skipped/>
  </testcase>
  <testcase name="Refresh" classname="com.hasbrop2m.sanity.SanitySuite_AssortmentRetail" time="0">
    <skipped/>
  </testcase>
  <testcase name="Refresh" classname="com.hasbrop2m.sanity.SanitySuite_AssortmentRetail" time="0">
    <skipped/>
  </testcase>
  <testcase name="Refresh" classname="com.hasbrop2m.sanity.SanitySuite_AssortmentRetail" time="0">
    <skipped/>
  </testcase>
  <testcase name="Refresh" classname="com.hasbrop2m.sanity.SanitySuite_AssortmentRetail" time="0">
    <skipped/>
  </testcase>
  <testcase name="Refresh" classname="com.hasbrop2m.sanity.SanitySuite_AssortmentRetail" time="0">
    <skipped/>
  </testcase>
  <testcase name="Refresh" classname="com.hasbrop2m.sanity.SanitySuite_AssortmentRetail" time="0">
    <skipped/>
  </testcase>
  <testcase name="Refresh" classname="com.hasbrop2m.sanity.SanitySuite_AssortmentRetail" time="0">
    <skipped/>
  </testcase>
  <testcase name="Refresh" classname="com.hasbrop2m.sanity.SanitySuite_AssortmentRetail" time="0">
    <skipped/>
  </testcase>
  <testcase name="Refresh" classname="com.hasbrop2m.sanity.SanitySuite_AssortmentRetail" time="0">
    <skipped/>
  </testcase>
  <testcase name="Refresh" classname="com.hasbrop2m.sanity.SanitySuite_AssortmentRetail" time="0">
    <skipped/>
  </testcase>
  <testcase name="Refresh" classname="com.hasbrop2m.sanity.SanitySuite_AssortmentRetail" time="0">
    <skipped/>
  </testcase>
  <testcase name="Refresh" classname="com.hasbrop2m.sanity.SanitySuite_AssortmentRetail" time="0">
    <skipped/>
  </testcase>
  <testcase name="Refresh" classname="com.hasbrop2m.sanity.SanitySuite_AssortmentRetail" time="0">
    <skipped/>
  </testcase>
  <testcase name="Refresh" classname="com.hasbrop2m.sanity.SanitySuite_AssortmentRetail" time="0">
    <skipped/>
  </testcase>
  <testcase name="Refresh" classname="com.hasbrop2m.sanity.SanitySuite_AssortmentRetail" time="0">
    <skipped/>
  </testcase>
  <testcase name="Refresh" classname="com.hasbrop2m.sanity.SanitySuite_AssortmentRetail" time="0">
    <skipped/>
  </testcase>
  <testcase name="Refresh" classname="com.hasbrop2m.sanity.SanitySuite_AssortmentRetail" time="0">
    <skipped/>
  </testcase>
  <testcase name="Refresh" classname="com.hasbrop2m.sanity.SanitySuite_AssortmentRetail" time="0">
    <skipped/>
  </testcase>
  <testcase name="Refresh" classname="com.hasbrop2m.sanity.SanitySuite_AssortmentRetail" time="0">
    <skipped/>
  </testcase>
  <testcase name="Refresh" classname="com.hasbrop2m.sanity.SanitySuite_AssortmentRetail" time="0">
    <skipped/>
  </testcase>
  <testcase name="Refresh" classname="com.hasbrop2m.sanity.SanitySuite_AssortmentRetail" time="0">
    <skipped/>
  </testcase>
  <testcase name="Refresh" classname="com.hasbrop2m.sanity.SanitySuite_AssortmentRetail" time="0">
    <skipped/>
  </testcase>
  <testcase name="Refresh" classname="com.hasbrop2m.sanity.SanitySuite_AssortmentRetail" time="0">
    <skipped/>
  </testcase>
  <testcase name="Refresh" classname="com.hasbrop2m.sanity.SanitySuite_AssortmentRetail" time="0">
    <skipped/>
  </testcase>
  <testcase name="Refresh" classname="com.hasbrop2m.sanity.SanitySuite_AssortmentRetail" time="0">
    <skipped/>
  </testcase>
  <testcase name="Refresh" classname="com.hasbrop2m.sanity.SanitySuite_AssortmentRetail" time="0">
    <skipped/>
  </testcase>
  <testcase name="Refresh" classname="com.hasbrop2m.sanity.SanitySuite_AssortmentRetail" time="0">
    <skipped/>
  </testcase>
  <testcase name="Refresh" classname="com.hasbrop2m.sanity.SanitySuite_AssortmentRetail" time="0">
    <skipped/>
  </testcase>
  <testcase name="Refresh" classname="com.hasbrop2m.sanity.SanitySuite_AssortmentRetail" time="0">
    <skipped/>
  </testcase>
  <testcase name="Refresh" classname="com.hasbrop2m.sanity.SanitySuite_AssortmentRetail" time="0">
    <skipped/>
  </testcase>
  <testcase name="Refresh" classname="com.hasbrop2m.sanity.SanitySuite_AssortmentRetail" time="0">
    <skipped/>
  </testcase>
  <testcase name="Refresh" classname="com.hasbrop2m.sanity.SanitySuite_AssortmentRetail" time="0">
    <skipped/>
  </testcase>
  <testcase name="Refresh" classname="com.hasbrop2m.sanity.SanitySuite_AssortmentRetail" time="0">
    <skipped/>
  </testcase>
  <testcase name="Refresh" classname="com.hasbrop2m.sanity.SanitySuite_AssortmentRetail" time="0">
    <skipped/>
  </testcase>
  <testcase name="Refresh" classname="com.hasbrop2m.sanity.SanitySuite_AssortmentRetail" time="0">
    <skipped/>
  </testcase>
  <testcase name="Refresh" classname="com.hasbrop2m.sanity.SanitySuite_AssortmentRetail" time="0">
    <skipped/>
  </testcase>
  <testcase name="Refresh" classname="com.hasbrop2m.sanity.SanitySuite_AssortmentRetail" time="0">
    <skipped/>
  </testcase>
  <testcase name="Refresh" classname="com.hasbrop2m.sanity.SanitySuite_AssortmentRetail" time="0">
    <skipped/>
  </testcase>
  <testcase name="Refresh" classname="com.hasbrop2m.sanity.SanitySuite_AssortmentRetail" time="0">
    <skipped/>
  </testcase>
  <testcase name="Refresh" classname="com.hasbrop2m.sanity.SanitySuite_AssortmentRetail" time="0">
    <skipped/>
  </testcase>
  <testcase name="Refresh" classname="com.hasbrop2m.sanity.SanitySuite_AssortmentRetail" time="0">
    <skipped/>
  </testcase>
  <testcase name="Refresh" classname="com.hasbrop2m.sanity.SanitySuite_AssortmentRetail" time="0">
    <skipped/>
  </testcase>
  <testcase name="Refresh" classname="com.hasbrop2m.sanity.SanitySuite_AssortmentRetail" time="0">
    <skipped/>
  </testcase>
  <testcase name="Refresh" classname="com.hasbrop2m.sanity.SanitySuite_AssortmentRetail" time="0">
    <skipped/>
  </testcase>
  <testcase name="Refresh" classname="com.hasbrop2m.sanity.SanitySuite_AssortmentRetail" time="0">
    <skipped/>
  </testcase>
  <testcase name="Refresh" classname="com.hasbrop2m.sanity.SanitySuite_AssortmentRetail" time="0">
    <skipped/>
  </testcase>
  <testcase name="Refresh" classname="com.hasbrop2m.sanity.SanitySuite_AssortmentRetail" time="0">
    <skipped/>
  </testcase>
  <testcase name="Refresh" classname="com.hasbrop2m.sanity.SanitySuite_AssortmentRetail" time="0">
    <skipped/>
  </testcase>
  <testcase name="Refresh" classname="com.hasbrop2m.sanity.SanitySuite_AssortmentRetail" time="0">
    <skipped/>
  </testcase>
  <testcase name="Refresh" classname="com.hasbrop2m.sanity.SanitySuite_AssortmentRetail" time="0">
    <skipped/>
  </testcase>
  <testcase name="Refresh" classname="com.hasbrop2m.sanity.SanitySuite_AssortmentRetail" time="0">
    <skipped/>
  </testcase>
  <testcase name="Refresh" classname="com.hasbrop2m.sanity.SanitySuite_AssortmentRetail" time="0">
    <skipped/>
  </testcase>
  <testcase name="Refresh" classname="com.hasbrop2m.sanity.SanitySuite_AssortmentRetail" time="0">
    <skipped/>
  </testcase>
  <testcase name="Refresh" classname="com.hasbrop2m.sanity.SanitySuite_AssortmentRetail" time="0">
    <skipped/>
  </testcase>
  <testcase name="Refresh" classname="com.hasbrop2m.sanity.SanitySuite_AssortmentRetail" time="0">
    <skipped/>
  </testcase>
  <testcase name="Refresh" classname="com.hasbrop2m.sanity.SanitySuite_AssortmentRetail" time="0">
    <skipped/>
  </testcase>
  <testcase name="tcSCFunctional" classname="com.hasbrop2m.sanity.SanitySuite_AssortmentRetail" time="0">
    <skipped/>
  </testcase>
  <testcase name="tcSCFunctional" classname="com.hasbrop2m.sanity.SanitySuite_AssortmentRetail" time="0">
    <skipped/>
  </testcase>
  <testcase name="tcSCFunctional" classname="com.hasbrop2m.sanity.SanitySuite_AssortmentRetail" time="0">
    <skipped/>
  </testcase>
  <testcase name="tcSCFunctional" classname="com.hasbrop2m.sanity.SanitySuite_AssortmentRetail" time="0">
    <skipped/>
  </testcase>
  <testcase name="tcSCFunctional" classname="com.hasbrop2m.sanity.SanitySuite_AssortmentRetail" time="0">
    <skipped/>
  </testcase>
  <testcase name="tcSCFunctional" classname="com.hasbrop2m.sanity.SanitySuite_AssortmentRetail" time="0">
    <skipped/>
  </testcase>
  <testcase name="tcSCFunctional" classname="com.hasbrop2m.sanity.SanitySuite_AssortmentRetail" time="0">
    <skipped/>
  </testcase>
  <testcase name="tcSCFunctional" classname="com.hasbrop2m.sanity.SanitySuite_AssortmentRetail" time="0">
    <skipped/>
  </testcase>
  <testcase name="tcSCFunctional" classname="com.hasbrop2m.sanity.SanitySuite_AssortmentRetail" time="0">
    <skipped/>
  </testcase>
  <testcase name="tcSCFunctional" classname="com.hasbrop2m.sanity.SanitySuite_AssortmentRetail" time="0">
    <skipped/>
  </testcase>
  <testcase name="tcSCFunctional" classname="com.hasbrop2m.sanity.SanitySuite_AssortmentRetail" time="0">
    <skipped/>
  </testcase>
  <testcase name="tcSCFunctional" classname="com.hasbrop2m.sanity.SanitySuite_AssortmentRetail" time="0">
    <skipped/>
  </testcase>
  <testcase name="tcSCFunctional" classname="com.hasbrop2m.sanity.SanitySuite_AssortmentRetail" time="0">
    <skipped/>
  </testcase>
  <testcase name="tcSCFunctional" classname="com.hasbrop2m.sanity.SanitySuite_AssortmentRetail" time="0">
    <skipped/>
  </testcase>
  <testcase name="tcSCFunctional" classname="com.hasbrop2m.sanity.SanitySuite_AssortmentRetail" time="0">
    <skipped/>
  </testcase>
  <testcase name="tcSCFunctional" classname="com.hasbrop2m.sanity.SanitySuite_AssortmentRetail" time="0">
    <skipped/>
  </testcase>
  <testcase name="tcSCFunctional" classname="com.hasbrop2m.sanity.SanitySuite_AssortmentRetail" time="0">
    <skipped/>
  </testcase>
  <testcase name="tcSCFunctional" classname="com.hasbrop2m.sanity.SanitySuite_AssortmentRetail" time="0">
    <skipped/>
  </testcase>
  <testcase name="tcSCFunctional" classname="com.hasbrop2m.sanity.SanitySuite_AssortmentRetail" time="0">
    <skipped/>
  </testcase>
  <testcase name="tcSCFunctional" classname="com.hasbrop2m.sanity.SanitySuite_AssortmentRetail" time="0">
    <skipped/>
  </testcase>
  <testcase name="tcSCFunctional" classname="com.hasbrop2m.sanity.SanitySuite_AssortmentRetail" time="0">
    <skipped/>
  </testcase>
  <testcase name="tcSCFunctional" classname="com.hasbrop2m.sanity.SanitySuite_AssortmentRetail" time="0">
    <skipped/>
  </testcase>
  <testcase name="tcSCFunctional" classname="com.hasbrop2m.sanity.SanitySuite_AssortmentRetail" time="0">
    <skipped/>
  </testcase>
  <testcase name="tcSCFunctional" classname="com.hasbrop2m.sanity.SanitySuite_AssortmentRetail" time="0">
    <skipped/>
  </testcase>
  <testcase name="tcSCFunctional" classname="com.hasbrop2m.sanity.SanitySuite_AssortmentRetail" time="0">
    <skipped/>
  </testcase>
  <testcase name="tcSCFunctional" classname="com.hasbrop2m.sanity.SanitySuite_AssortmentRetail" time="0">
    <skipped/>
  </testcase>
  <testcase name="tcSCFunctional" classname="com.hasbrop2m.sanity.SanitySuite_AssortmentRetail" time="0">
    <skipped/>
  </testcase>
  <testcase name="tcSCFunctional" classname="com.hasbrop2m.sanity.SanitySuite_AssortmentRetail" time="0">
    <skipped/>
  </testcase>
  <testcase name="tcSCFunctional" classname="com.hasbrop2m.sanity.SanitySuite_AssortmentRetail" time="0">
    <skipped/>
  </testcase>
  <testcase name="tcSCFunctional" classname="com.hasbrop2m.sanity.SanitySuite_AssortmentRetail" time="0">
    <skipped/>
  </testcase>
  <testcase name="tcSCFunctional" classname="com.hasbrop2m.sanity.SanitySuite_AssortmentRetail" time="0">
    <skipped/>
  </testcase>
  <testcase name="tcSCFunctional" classname="com.hasbrop2m.sanity.SanitySuite_AssortmentRetail" time="0">
    <skipped/>
  </testcase>
  <testcase name="tcSCFunctional" classname="com.hasbrop2m.sanity.SanitySuite_AssortmentRetail" time="0">
    <skipped/>
  </testcase>
  <testcase name="tcSCFunctional" classname="com.hasbrop2m.sanity.SanitySuite_AssortmentRetail" time="0">
    <skipped/>
  </testcase>
  <testcase name="tcSCFunctional" classname="com.hasbrop2m.sanity.SanitySuite_AssortmentRetail" time="0">
    <skipped/>
  </testcase>
  <testcase name="tcSCFunctional" classname="com.hasbrop2m.sanity.SanitySuite_AssortmentRetail" time="0">
    <skipped/>
  </testcase>
  <testcase name="tcSCFunctional" classname="com.hasbrop2m.sanity.SanitySuite_AssortmentRetail" time="0">
    <skipped/>
  </testcase>
  <testcase name="tcSCFunctional" classname="com.hasbrop2m.sanity.SanitySuite_AssortmentRetail" time="0">
    <skipped/>
  </testcase>
  <testcase name="tcSCFunctional" classname="com.hasbrop2m.sanity.SanitySuite_AssortmentRetail" time="0">
    <skipped/>
  </testcase>
  <testcase name="tcSCFunctional" classname="com.hasbrop2m.sanity.SanitySuite_AssortmentRetail" time="0">
    <skipped/>
  </testcase>
  <testcase name="tcSCFunctional" classname="com.hasbrop2m.sanity.SanitySuite_AssortmentRetail" time="0">
    <skipped/>
  </testcase>
  <testcase name="tcSCFunctional" classname="com.hasbrop2m.sanity.SanitySuite_AssortmentRetail" time="0">
    <skipped/>
  </testcase>
  <testcase name="tcSCFunctional" classname="com.hasbrop2m.sanity.SanitySuite_AssortmentRetail" time="0">
    <skipped/>
  </testcase>
  <testcase name="tcSCFunctional" classname="com.hasbrop2m.sanity.SanitySuite_AssortmentRetail" time="0">
    <skipped/>
  </testcase>
  <testcase name="tcSCFunctional" classname="com.hasbrop2m.sanity.SanitySuite_AssortmentRetail" time="0">
    <skipped/>
  </testcase>
  <testcase name="tcSCFunctional" classname="com.hasbrop2m.sanity.SanitySuite_AssortmentRetail" time="0">
    <skipped/>
  </testcase>
  <testcase name="tcSCFunctional" classname="com.hasbrop2m.sanity.SanitySuite_AssortmentRetail" time="0">
    <skipped/>
  </testcase>
  <testcase name="tcSCFunctional" classname="com.hasbrop2m.sanity.SanitySuite_AssortmentRetail" time="0">
    <skipped/>
  </testcase>
  <testcase name="tcSCFunctional" classname="com.hasbrop2m.sanity.SanitySuite_AssortmentRetail" time="0">
    <skipped/>
  </testcase>
  <testcase name="tcSCFunctional" classname="com.hasbrop2m.sanity.SanitySuite_AssortmentRetail" time="0">
    <skipped/>
  </testcase>
  <testcase name="tcSCFunctional" classname="com.hasbrop2m.sanity.SanitySuite_AssortmentRetail" time="0">
    <skipped/>
  </testcase>
  <testcase name="tcSCFunctional" classname="com.hasbrop2m.sanity.SanitySuite_AssortmentRetail" time="0">
    <skipped/>
  </testcase>
  <testcase name="tcSCFunctional" classname="com.hasbrop2m.sanity.SanitySuite_AssortmentRetail" time="0">
    <skipped/>
  </testcase>
  <testcase name="tcSCFunctional" classname="com.hasbrop2m.sanity.SanitySuite_AssortmentRetail" time="0">
    <skipped/>
  </testcase>
  <testcase name="tcSCFunctional" classname="com.hasbrop2m.sanity.SanitySuite_AssortmentRetail" time="0">
    <skipped/>
  </testcase>
  <testcase name="tcSCFunctional" classname="com.hasbrop2m.sanity.SanitySuite_AssortmentRetail" time="0">
    <skipped/>
  </testcase>
  <testcase name="tcSCFunctional" classname="com.hasbrop2m.sanity.SanitySuite_AssortmentRetail" time="0">
    <skipped/>
  </testcase>
  <testcase name="tcSCFunctional" classname="com.hasbrop2m.sanity.SanitySuite_AssortmentRetail" time="0">
    <skipped/>
  </testcase>
  <testcase name="tcSCFunctional" classname="com.hasbrop2m.sanity.SanitySuite_AssortmentRetail" time="0">
    <skipped/>
  </testcase>
  <testcase name="tcSCFunctional" classname="com.hasbrop2m.sanity.SanitySuite_AssortmentRetail" time="0">
    <skipped/>
  </testcase>
  <testcase name="tcSCFunctional" classname="com.hasbrop2m.sanity.SanitySuite_AssortmentRetail" time="0">
    <skipped/>
  </testcase>
  <testcase name="tcSCFunctional" classname="com.hasbrop2m.sanity.SanitySuite_AssortmentRetail" time="0">
    <skipped/>
  </testcase>
  <testcase name="tcSCFunctional" classname="com.hasbrop2m.sanity.SanitySuite_AssortmentRetail" time="0">
    <skipped/>
  </testcase>
  <testcase name="tcSCFunctional" classname="com.hasbrop2m.sanity.SanitySuite_AssortmentRetail" time="0">
    <skipped/>
  </testcase>
  <testcase name="tcSCFunctional" classname="com.hasbrop2m.sanity.SanitySuite_AssortmentRetail" time="0">
    <skipped/>
  </testcase>
  <testcase name="tcSCFunctional" classname="com.hasbrop2m.sanity.SanitySuite_AssortmentRetail" time="0">
    <skipped/>
  </testcase>
  <testcase name="tcSCFunctional" classname="com.hasbrop2m.sanity.SanitySuite_AssortmentRetail" time="0">
    <skipped/>
  </testcase>
  <testcase name="tcSCFunctional" classname="com.hasbrop2m.sanity.SanitySuite_AssortmentRetail" time="0">
    <skipped/>
  </testcase>
  <testcase name="tcSCFunctional" classname="com.hasbrop2m.sanity.SanitySuite_AssortmentRetail" time="0">
    <skipped/>
  </testcase>
  <testcase name="tcSCFunctional" classname="com.hasbrop2m.sanity.SanitySuite_AssortmentRetail" time="0">
    <skipped/>
  </testcase>
  <testcase name="tcSCFunctional" classname="com.hasbrop2m.sanity.SanitySuite_AssortmentRetail" time="0">
    <skipped/>
  </testcase>
  <testcase name="tcSCFunctional" classname="com.hasbrop2m.sanity.SanitySuite_AssortmentRetail" time="0">
    <skipped/>
  </testcase>
  <testcase name="tcSCFunctional" classname="com.hasbrop2m.sanity.SanitySuite_AssortmentRetail" time="0">
    <skipped/>
  </testcase>
  <testcase name="tcSCFunctional" classname="com.hasbrop2m.sanity.SanitySuite_AssortmentRetail" time="0">
    <skipped/>
  </testcase>
  <testcase name="tcSCFunctional" classname="com.hasbrop2m.sanity.SanitySuite_AssortmentRetail" time="0">
    <skipped/>
  </testcase>
  <testcase name="tcSCFunctional" classname="com.hasbrop2m.sanity.SanitySuite_AssortmentRetail" time="0">
    <skipped/>
  </testcase>
  <testcase name="tcSCFunctional" classname="com.hasbrop2m.sanity.SanitySuite_AssortmentRetail" time="0">
    <skipped/>
  </testcase>
  <testcase name="tcSCFunctional" classname="com.hasbrop2m.sanity.SanitySuite_AssortmentRetail" time="0">
    <skipped/>
  </testcase>
  <testcase name="tcSCFunctional" classname="com.hasbrop2m.sanity.SanitySuite_AssortmentRetail" time="0">
    <skipped/>
  </testcase>
  <testcase name="tcSCFunctional" classname="com.hasbrop2m.sanity.SanitySuite_AssortmentRetail" time="0">
    <skipped/>
  </testcase>
  <testcase name="tcSCFunctional" classname="com.hasbrop2m.sanity.SanitySuite_AssortmentRetail" time="0">
    <skipped/>
  </testcase>
  <testcase name="tcSCFunctional" classname="com.hasbrop2m.sanity.SanitySuite_AssortmentRetail" time="0">
    <skipped/>
  </testcase>
  <testcase name="tcSCFunctional" classname="com.hasbrop2m.sanity.SanitySuite_AssortmentRetail" time="0">
    <skipped/>
  </testcase>
  <testcase name="tcSCFunctional" classname="com.hasbrop2m.sanity.SanitySuite_AssortmentRetail" time="0">
    <skipped/>
  </testcase>
  <testcase name="tcSCFunctional" classname="com.hasbrop2m.sanity.SanitySuite_AssortmentRetail" time="0">
    <skipped/>
  </testcase>
  <testcase name="tcSCFunctional" classname="com.hasbrop2m.sanity.SanitySuite_AssortmentRetail" time="0">
    <skipped/>
  </testcase>
  <testcase name="tcSCFunctional" classname="com.hasbrop2m.sanity.SanitySuite_AssortmentRetail" time="0">
    <skipped/>
  </testcase>
  <testcase name="tcSCFunctional" classname="com.hasbrop2m.sanity.SanitySuite_AssortmentRetail" time="0">
    <skipped/>
  </testcase>
  <testcase name="tcSCFunctional" classname="com.hasbrop2m.sanity.SanitySuite_AssortmentRetail" time="0">
    <skipped/>
  </testcase>
  <testcase name="tcSCFunctional" classname="com.hasbrop2m.sanity.SanitySuite_AssortmentRetail" time="0">
    <skipped/>
  </testcase>
  <testcase name="tcSCFunctional" classname="com.hasbrop2m.sanity.SanitySuite_AssortmentRetail" time="0">
    <skipped/>
  </testcase>
  <testcase name="tcSCFunctional" classname="com.hasbrop2m.sanity.SanitySuite_AssortmentRetail" time="0">
    <skipped/>
  </testcase>
  <testcase name="tcSCFunctional" classname="com.hasbrop2m.sanity.SanitySuite_AssortmentRetail" time="0">
    <skipped/>
  </testcase>
  <testcase name="tcSCFunctional" classname="com.hasbrop2m.sanity.SanitySuite_AssortmentRetail" time="0">
    <skipped/>
  </testcase>
  <testcase name="tcSCFunctional" classname="com.hasbrop2m.sanity.SanitySuite_AssortmentRetail" time="0">
    <skipped/>
  </testcase>
  <testcase name="tcSCFunctional" classname="com.hasbrop2m.sanity.SanitySuite_AssortmentRetail" time="0">
    <skipped/>
  </testcase>
  <testcase name="tcSCFunctional" classname="com.hasbrop2m.sanity.SanitySuite_AssortmentRetail" time="0">
    <skipped/>
  </testcase>
  <testcase name="tcSCFunctional" classname="com.hasbrop2m.sanity.SanitySuite_AssortmentRetail" time="0">
    <skipped/>
  </testcase>
  <testcase name="tcSCFunctional" classname="com.hasbrop2m.sanity.SanitySuite_AssortmentRetail" time="0">
    <skipped/>
  </testcase>
  <testcase name="tcSCFunctional" classname="com.hasbrop2m.sanity.SanitySuite_AssortmentRetail" time="0">
    <skipped/>
  </testcase>
  <testcase name="tcSCFunctional" classname="com.hasbrop2m.sanity.SanitySuite_AssortmentRetail" time="0">
    <skipped/>
  </testcase>
  <testcase name="tcSCFunctional" classname="com.hasbrop2m.sanity.SanitySuite_AssortmentRetail" time="0">
    <skipped/>
  </testcase>
  <testcase name="tcSCFunctional" classname="com.hasbrop2m.sanity.SanitySuite_AssortmentRetail" time="0">
    <skipped/>
  </testcase>
  <testcase name="tcSCFunctional" classname="com.hasbrop2m.sanity.SanitySuite_AssortmentRetail" time="0">
    <skipped/>
  </testcase>
  <testcase name="tcSCFunctional" classname="com.hasbrop2m.sanity.SanitySuite_AssortmentRetail" time="0">
    <skipped/>
  </testcase>
  <testcase name="tcSCFunctional" classname="com.hasbrop2m.sanity.SanitySuite_AssortmentRetail" time="0">
    <skipped/>
  </testcase>
  <testcase name="tcSCFunctional" classname="com.hasbrop2m.sanity.SanitySuite_AssortmentRetail" time="0">
    <skipped/>
  </testcase>
  <testcase name="tcSCFunctional" classname="com.hasbrop2m.sanity.SanitySuite_AssortmentRetail" time="0">
    <skipped/>
  </testcase>
  <testcase name="tcSCFunctional" classname="com.hasbrop2m.sanity.SanitySuite_AssortmentRetail" time="0">
    <skipped/>
  </testcase>
  <testcase name="tcSCFunctional" classname="com.hasbrop2m.sanity.SanitySuite_AssortmentRetail" time="0">
    <skipped/>
  </testcase>
  <testcase name="tcSCFunctional" classname="com.hasbrop2m.sanity.SanitySuite_AssortmentRetail" time="0">
    <skipped/>
  </testcase>
  <testcase name="tcSCFunctional" classname="com.hasbrop2m.sanity.SanitySuite_AssortmentRetail" time="0">
    <skipped/>
  </testcase>
  <testcase name="tcSCFunctional" classname="com.hasbrop2m.sanity.SanitySuite_AssortmentRetail" time="0">
    <skipped/>
  </testcase>
  <testcase name="tcSCFunctional" classname="com.hasbrop2m.sanity.SanitySuite_AssortmentRetail" time="0">
    <skipped/>
  </testcase>
  <testcase name="tcSCFunctional" classname="com.hasbrop2m.sanity.SanitySuite_AssortmentRetail" time="0">
    <skipped/>
  </testcase>
  <testcase name="tcSCFunctional" classname="com.hasbrop2m.sanity.SanitySuite_AssortmentRetail" time="0">
    <skipped/>
  </testcase>
  <testcase name="tcSCFunctional" classname="com.hasbrop2m.sanity.SanitySuite_AssortmentRetail" time="0">
    <skipped/>
  </testcase>
  <testcase name="tcSCFunctional" classname="com.hasbrop2m.sanity.SanitySuite_AssortmentRetail" time="0">
    <skipped/>
  </testcase>
  <testcase name="tcSCFunctional" classname="com.hasbrop2m.sanity.SanitySuite_AssortmentRetail" time="0">
    <skipped/>
  </testcase>
  <testcase name="tcSCFunctional" classname="com.hasbrop2m.sanity.SanitySuite_AssortmentRetail" time="0">
    <skipped/>
  </testcase>
  <testcase name="tcSCFunctional" classname="com.hasbrop2m.sanity.SanitySuite_AssortmentRetail" time="0">
    <skipped/>
  </testcase>
  <testcase name="tcSCFunctional" classname="com.hasbrop2m.sanity.SanitySuite_AssortmentRetail" time="0">
    <skipped/>
  </testcase>
  <testcase name="tcSCFunctional" classname="com.hasbrop2m.sanity.SanitySuite_AssortmentRetail" time="0">
    <skipped/>
  </testcase>
  <testcase name="tcSCFunctional" classname="com.hasbrop2m.sanity.SanitySuite_AssortmentRetail" time="0">
    <skipped/>
  </testcase>
  <testcase name="tcSCFunctional" classname="com.hasbrop2m.sanity.SanitySuite_AssortmentRetail" time="0">
    <skipped/>
  </testcase>
  <testcase name="tcSCFunctional" classname="com.hasbrop2m.sanity.SanitySuite_AssortmentRetail" time="0">
    <skipped/>
  </testcase>
  <testcase name="tcSCFunctional" classname="com.hasbrop2m.sanity.SanitySuite_AssortmentRetail" time="0">
    <skipped/>
  </testcase>
  <testcase name="tcSCFunctional" classname="com.hasbrop2m.sanity.SanitySuite_AssortmentRetail" time="0">
    <skipped/>
  </testcase>
  <testcase name="tcSCFunctional" classname="com.hasbrop2m.sanity.SanitySuite_AssortmentRetail" time="0">
    <skipped/>
  </testcase>
  <testcase name="tcSCFunctional" classname="com.hasbrop2m.sanity.SanitySuite_AssortmentRetail" time="0">
    <skipped/>
  </testcase>
  <testcase name="tcSCFunctional" classname="com.hasbrop2m.sanity.SanitySuite_AssortmentRetail" time="0">
    <skipped/>
  </testcase>
  <testcase name="tcSCFunctional" classname="com.hasbrop2m.sanity.SanitySuite_AssortmentRetail" time="0">
    <skipped/>
  </testcase>
  <testcase name="tcSCFunctional" classname="com.hasbrop2m.sanity.SanitySuite_AssortmentRetail" time="0">
    <skipped/>
  </testcase>
  <testcase name="tcSCFunctional" classname="com.hasbrop2m.sanity.SanitySuite_AssortmentRetail" time="0">
    <skipped/>
  </testcase>
  <testcase name="tcSCFunctional" classname="com.hasbrop2m.sanity.SanitySuite_AssortmentRetail" time="0">
    <skipped/>
  </testcase>
  <testcase name="tcSCFunctional" classname="com.hasbrop2m.sanity.SanitySuite_AssortmentRetail" time="0">
    <skipped/>
  </testcase>
  <testcase name="tcSCFunctional" classname="com.hasbrop2m.sanity.SanitySuite_AssortmentRetail" time="0">
    <skipped/>
  </testcase>
  <testcase name="tcSCFunctional" classname="com.hasbrop2m.sanity.SanitySuite_AssortmentRetail" time="0">
    <skipped/>
  </testcase>
  <testcase name="tcSCFunctional" classname="com.hasbrop2m.sanity.SanitySuite_AssortmentRetail" time="0">
    <skipped/>
  </testcase>
  <testcase name="tcSCFunctional" classname="com.hasbrop2m.sanity.SanitySuite_AssortmentRetail" time="0">
    <skipped/>
  </testcase>
  <testcase name="tcSCFunctional" classname="com.hasbrop2m.sanity.SanitySuite_AssortmentRetail" time="0">
    <skipped/>
  </testcase>
  <testcase name="tcSCFunctional" classname="com.hasbrop2m.sanity.SanitySuite_AssortmentRetail" time="0">
    <skipped/>
  </testcase>
  <testcase name="tcSCFunctional" classname="com.hasbrop2m.sanity.SanitySuite_AssortmentRetail" time="0">
    <skipped/>
  </testcase>
  <testcase name="tcSCFunctional" classname="com.hasbrop2m.sanity.SanitySuite_AssortmentRetail" time="0">
    <skipped/>
  </testcase>
  <testcase name="tcSCFunctional" classname="com.hasbrop2m.sanity.SanitySuite_AssortmentRetail" time="0">
    <skipped/>
  </testcase>
  <testcase name="tcSCFunctional" classname="com.hasbrop2m.sanity.SanitySuite_AssortmentRetail" time="0">
    <skipped/>
  </testcase>
  <testcase name="tcSCFunctional" classname="com.hasbrop2m.sanity.SanitySuite_AssortmentRetail" time="0">
    <skipped/>
  </testcase>
  <testcase name="tcSCFunctional" classname="com.hasbrop2m.sanity.SanitySuite_AssortmentRetail" time="0">
    <skipped/>
  </testcase>
  <testcase name="tcSCFunctional" classname="com.hasbrop2m.sanity.SanitySuite_AssortmentRetail" time="0">
    <skipped/>
  </testcase>
  <testcase name="tcSCFunctional" classname="com.hasbrop2m.sanity.SanitySuite_AssortmentRetail" time="0">
    <skipped/>
  </testcase>
  <testcase name="tcSCFunctional" classname="com.hasbrop2m.sanity.SanitySuite_AssortmentRetail" time="0">
    <skipped/>
  </testcase>
  <testcase name="tcSCFunctional" classname="com.hasbrop2m.sanity.SanitySuite_AssortmentRetail" time="0">
    <skipped/>
  </testcase>
  <testcase name="tcSCFunctional" classname="com.hasbrop2m.sanity.SanitySuite_AssortmentRetail" time="0">
    <skipped/>
  </testcase>
  <testcase name="tcSCFunctional" classname="com.hasbrop2m.sanity.SanitySuite_AssortmentRetail" time="0">
    <skipped/>
  </testcase>
  <testcase name="tcSCFunctional" classname="com.hasbrop2m.sanity.SanitySuite_AssortmentRetail" time="0">
    <skipped/>
  </testcase>
  <testcase name="tcSCFunctional" classname="com.hasbrop2m.sanity.SanitySuite_AssortmentRetail" time="0">
    <skipped/>
  </testcase>
  <testcase name="tcSCFunctional" classname="com.hasbrop2m.sanity.SanitySuite_AssortmentRetail" time="0">
    <skipped/>
  </testcase>
  <testcase name="tcSCFunctional" classname="com.hasbrop2m.sanity.SanitySuite_AssortmentRetail" time="0">
    <skipped/>
  </testcase>
  <testcase name="tcSCFunctional" classname="com.hasbrop2m.sanity.SanitySuite_AssortmentRetail" time="0">
    <skipped/>
  </testcase>
  <testcase name="tcSCFunctional" classname="com.hasbrop2m.sanity.SanitySuite_AssortmentRetail" time="0">
    <skipped/>
  </testcase>
  <testcase name="tcSCFunctional" classname="com.hasbrop2m.sanity.SanitySuite_AssortmentRetail" time="0">
    <skipped/>
  </testcase>
  <testcase name="tcSCFunctional" classname="com.hasbrop2m.sanity.SanitySuite_AssortmentRetail" time="0">
    <skipped/>
  </testcase>
  <testcase name="tcSCFunctional" classname="com.hasbrop2m.sanity.SanitySuite_AssortmentRetail" time="0">
    <skipped/>
  </testcase>
  <testcase name="tcSCFunctional" classname="com.hasbrop2m.sanity.SanitySuite_AssortmentRetail" time="0">
    <skipped/>
  </testcase>
  <testcase name="tcSCFunctional" classname="com.hasbrop2m.sanity.SanitySuite_AssortmentRetail" time="0">
    <skipped/>
  </testcase>
  <testcase name="tcSCFunctional" classname="com.hasbrop2m.sanity.SanitySuite_AssortmentRetail" time="0">
    <skipped/>
  </testcase>
  <testcase name="tcSCFunctional" classname="com.hasbrop2m.sanity.SanitySuite_AssortmentRetail" time="0">
    <skipped/>
  </testcase>
  <testcase name="tcSCFunctional" classname="com.hasbrop2m.sanity.SanitySuite_AssortmentRetail" time="0">
    <skipped/>
  </testcase>
  <testcase name="tcSCFunctional" classname="com.hasbrop2m.sanity.SanitySuite_AssortmentRetail" time="0">
    <skipped/>
  </testcase>
  <testcase name="tcSCFunctional" classname="com.hasbrop2m.sanity.SanitySuite_AssortmentRetail" time="0">
    <skipped/>
  </testcase>
  <testcase name="tcSCFunctional" classname="com.hasbrop2m.sanity.SanitySuite_AssortmentRetail" time="0">
    <skipped/>
  </testcase>
  <testcase name="tcSCFunctional" classname="com.hasbrop2m.sanity.SanitySuite_AssortmentRetail" time="0">
    <skipped/>
  </testcase>
  <testcase name="tcSCFunctional" classname="com.hasbrop2m.sanity.SanitySuite_AssortmentRetail" time="0">
    <skipped/>
  </testcase>
  <testcase name="tcSCFunctional" classname="com.hasbrop2m.sanity.SanitySuite_AssortmentRetail" time="0">
    <skipped/>
  </testcase>
  <testcase name="tcSCFunctional" classname="com.hasbrop2m.sanity.SanitySuite_AssortmentRetail" time="0">
    <skipped/>
  </testcase>
  <testcase name="tcSCFunctional" classname="com.hasbrop2m.sanity.SanitySuite_AssortmentRetail" time="0">
    <skipped/>
  </testcase>
  <testcase name="tcSCFunctional" classname="com.hasbrop2m.sanity.SanitySuite_AssortmentRetail" time="0">
    <skipped/>
  </testcase>
  <testcase name="tcSCFunctional" classname="com.hasbrop2m.sanity.SanitySuite_AssortmentRetail" time="0">
    <skipped/>
  </testcase>
  <testcase name="tcSCFunctional" classname="com.hasbrop2m.sanity.SanitySuite_AssortmentRetail" time="0">
    <skipped/>
  </testcase>
  <testcase name="tcSCFunctional" classname="com.hasbrop2m.sanity.SanitySuite_AssortmentRetail" time="0">
    <skipped/>
  </testcase>
  <testcase name="tcSCFunctional" classname="com.hasbrop2m.sanity.SanitySuite_AssortmentRetail" time="0">
    <skipped/>
  </testcase>
  <testcase name="tcSCFunctional" classname="com.hasbrop2m.sanity.SanitySuite_AssortmentRetail" time="0">
    <skipped/>
  </testcase>
  <testcase name="tcSCFunctional" classname="com.hasbrop2m.sanity.SanitySuite_AssortmentRetail" time="0">
    <skipped/>
  </testcase>
  <testcase name="tcSCFunctional" classname="com.hasbrop2m.sanity.SanitySuite_AssortmentRetail" time="0">
    <skipped/>
  </testcase>
  <testcase name="tcSCFunctional" classname="com.hasbrop2m.sanity.SanitySuite_AssortmentRetail" time="0">
    <skipped/>
  </testcase>
  <testcase name="tcSCFunctional" classname="com.hasbrop2m.sanity.SanitySuite_AssortmentRetail" time="0">
    <skipped/>
  </testcase>
  <testcase name="tcSCFunctional" classname="com.hasbrop2m.sanity.SanitySuite_AssortmentRetail" time="0">
    <skipped/>
  </testcase>
  <testcase name="tcSCFunctional" classname="com.hasbrop2m.sanity.SanitySuite_AssortmentRetail" time="0">
    <skipped/>
  </testcase>
  <testcase name="tcSCFunctional" classname="com.hasbrop2m.sanity.SanitySuite_AssortmentRetail" time="0">
    <skipped/>
  </testcase>
  <testcase name="tcSCFunctional" classname="com.hasbrop2m.sanity.SanitySuite_AssortmentRetail" time="0">
    <skipped/>
  </testcase>
  <testcase name="tcSCFunctional" classname="com.hasbrop2m.sanity.SanitySuite_AssortmentRetail" time="0">
    <skipped/>
  </testcase>
  <testcase name="tcSCFunctional" classname="com.hasbrop2m.sanity.SanitySuite_AssortmentRetail" time="0">
    <skipped/>
  </testcase>
  <testcase name="tcSCFunctional" classname="com.hasbrop2m.sanity.SanitySuite_AssortmentRetail" time="0">
    <skipped/>
  </testcase>
  <testcase name="tcSCFunctional" classname="com.hasbrop2m.sanity.SanitySuite_AssortmentRetail" time="0">
    <skipped/>
  </testcase>
  <testcase name="tcSCFunctional" classname="com.hasbrop2m.sanity.SanitySuite_AssortmentRetail" time="0">
    <skipped/>
  </testcase>
  <testcase name="tcSCFunctional" classname="com.hasbrop2m.sanity.SanitySuite_AssortmentRetail" time="0">
    <skipped/>
  </testcase>
  <testcase name="tcSCFunctional" classname="com.hasbrop2m.sanity.SanitySuite_AssortmentRetail" time="0">
    <skipped/>
  </testcase>
  <testcase name="tcSCFunctional" classname="com.hasbrop2m.sanity.SanitySuite_AssortmentRetail" time="0">
    <skipped/>
  </testcase>
  <testcase name="tcSCFunctional" classname="com.hasbrop2m.sanity.SanitySuite_AssortmentRetail" time="0">
    <skipped/>
  </testcase>
  <testcase name="tcSCFunctional" classname="com.hasbrop2m.sanity.SanitySuite_AssortmentRetail" time="0">
    <skipped/>
  </testcase>
  <testcase name="tcSCFunctional" classname="com.hasbrop2m.sanity.SanitySuite_AssortmentRetail" time="0">
    <skipped/>
  </testcase>
  <testcase name="tcSCFunctional" classname="com.hasbrop2m.sanity.SanitySuite_AssortmentRetail" time="0">
    <skipped/>
  </testcase>
  <testcase name="tcSCFunctional" classname="com.hasbrop2m.sanity.SanitySuite_AssortmentRetail" time="0">
    <skipped/>
  </testcase>
  <testcase name="tcSCFunctional" classname="com.hasbrop2m.sanity.SanitySuite_AssortmentRetail" time="0">
    <skipped/>
  </testcase>
  <testcase name="tcSCFunctional" classname="com.hasbrop2m.sanity.SanitySuite_AssortmentRetail" time="0">
    <skipped/>
  </testcase>
  <testcase name="tcSCFunctional" classname="com.hasbrop2m.sanity.SanitySuite_AssortmentRetail" time="0">
    <skipped/>
  </testcase>
  <testcase name="tcSCFunctional" classname="com.hasbrop2m.sanity.SanitySuite_AssortmentRetail" time="0">
    <skipped/>
  </testcase>
  <testcase name="tcSCFunctional" classname="com.hasbrop2m.sanity.SanitySuite_AssortmentRetail" time="0">
    <skipped/>
  </testcase>
  <testcase name="tcSCFunctional" classname="com.hasbrop2m.sanity.SanitySuite_AssortmentRetail" time="0">
    <skipped/>
  </testcase>
  <testcase name="tcSCFunctional" classname="com.hasbrop2m.sanity.SanitySuite_AssortmentRetail" time="0">
    <skipped/>
  </testcase>
  <testcase name="tcSCFunctional" classname="com.hasbrop2m.sanity.SanitySuite_AssortmentRetail" time="0">
    <skipped/>
  </testcase>
  <testcase name="tcSCFunctional" classname="com.hasbrop2m.sanity.SanitySuite_AssortmentRetail" time="0">
    <skipped/>
  </testcase>
  <testcase name="tcSCFunctional" classname="com.hasbrop2m.sanity.SanitySuite_AssortmentRetail" time="0">
    <skipped/>
  </testcase>
  <testcase name="tcSCFunctional" classname="com.hasbrop2m.sanity.SanitySuite_AssortmentRetail" time="0">
    <skipped/>
  </testcase>
  <testcase name="tcSCFunctional" classname="com.hasbrop2m.sanity.SanitySuite_AssortmentRetail" time="0">
    <skipped/>
  </testcase>
  <testcase name="tcSCFunctional" classname="com.hasbrop2m.sanity.SanitySuite_AssortmentRetail" time="0">
    <skipped/>
  </testcase>
  <testcase name="tcSCFunctional" classname="com.hasbrop2m.sanity.SanitySuite_AssortmentRetail" time="0">
    <skipped/>
  </testcase>
  <testcase name="tcSCFunctional" classname="com.hasbrop2m.sanity.SanitySuite_AssortmentRetail" time="0">
    <skipped/>
  </testcase>
  <testcase name="tcSCFunctional" classname="com.hasbrop2m.sanity.SanitySuite_AssortmentRetail" time="0">
    <skipped/>
  </testcase>
  <testcase name="tcSCFunctional" classname="com.hasbrop2m.sanity.SanitySuite_AssortmentRetail" time="0">
    <skipped/>
  </testcase>
  <testcase name="tcSCFunctional" classname="com.hasbrop2m.sanity.SanitySuite_AssortmentRetail" time="0">
    <skipped/>
  </testcase>
  <testcase name="tcSCFunctional" classname="com.hasbrop2m.sanity.SanitySuite_AssortmentRetail" time="0">
    <skipped/>
  </testcase>
  <testcase name="tcSCFunctional" classname="com.hasbrop2m.sanity.SanitySuite_AssortmentRetail" time="0">
    <skipped/>
  </testcase>
  <testcase name="tcSCFunctional" classname="com.hasbrop2m.sanity.SanitySuite_AssortmentRetail" time="0">
    <skipped/>
  </testcase>
  <testcase name="tcSCFunctional" classname="com.hasbrop2m.sanity.SanitySuite_AssortmentRetail" time="0">
    <skipped/>
  </testcase>
  <testcase name="tcSCFunctional" classname="com.hasbrop2m.sanity.SanitySuite_AssortmentRetail" time="0">
    <skipped/>
  </testcase>
  <testcase name="tcSCFunctional" classname="com.hasbrop2m.sanity.SanitySuite_AssortmentRetail" time="0">
    <skipped/>
  </testcase>
  <testcase name="tcSCFunctional" classname="com.hasbrop2m.sanity.SanitySuite_AssortmentRetail" time="0">
    <skipped/>
  </testcase>
  <testcase name="tcSCFunctional" classname="com.hasbrop2m.sanity.SanitySuite_AssortmentRetail" time="0">
    <skipped/>
  </testcase>
  <testcase name="tcSCFunctional" classname="com.hasbrop2m.sanity.SanitySuite_AssortmentRetail" time="0">
    <skipped/>
  </testcase>
  <testcase name="tcSCFunctional" classname="com.hasbrop2m.sanity.SanitySuite_AssortmentRetail" time="0">
    <skipped/>
  </testcase>
  <testcase name="tcSCFunctional" classname="com.hasbrop2m.sanity.SanitySuite_AssortmentRetail" time="0">
    <skipped/>
  </testcase>
  <testcase name="tcSCFunctional" classname="com.hasbrop2m.sanity.SanitySuite_AssortmentRetail" time="0">
    <skipped/>
  </testcase>
  <testcase name="tcSCFunctional" classname="com.hasbrop2m.sanity.SanitySuite_AssortmentRetail" time="0">
    <skipped/>
  </testcase>
  <testcase name="tcSCFunctional" classname="com.hasbrop2m.sanity.SanitySuite_AssortmentRetail" time="0">
    <skipped/>
  </testcase>
  <testcase name="tcSCFunctional" classname="com.hasbrop2m.sanity.SanitySuite_AssortmentRetail" time="0">
    <skipped/>
  </testcase>
  <testcase name="tcSCFunctional" classname="com.hasbrop2m.sanity.SanitySuite_AssortmentRetail" time="0">
    <skipped/>
  </testcase>
  <testcase name="tcSCFunctional" classname="com.hasbrop2m.sanity.SanitySuite_AssortmentRetail" time="0">
    <skipped/>
  </testcase>
  <testcase name="tcSCFunctional" classname="com.hasbrop2m.sanity.SanitySuite_AssortmentRetail" time="0">
    <skipped/>
  </testcase>
  <testcase name="tcSCFunctional" classname="com.hasbrop2m.sanity.SanitySuite_AssortmentRetail" time="0">
    <skipped/>
  </testcase>
  <testcase name="tcSCFunctional" classname="com.hasbrop2m.sanity.SanitySuite_AssortmentRetail" time="0">
    <skipped/>
  </testcase>
  <testcase name="tcSCFunctional" classname="com.hasbrop2m.sanity.SanitySuite_AssortmentRetail" time="0">
    <skipped/>
  </testcase>
  <testcase name="tcSCFunctional" classname="com.hasbrop2m.sanity.SanitySuite_AssortmentRetail" time="0">
    <skipped/>
  </testcase>
  <testcase name="tcSCFunctional" classname="com.hasbrop2m.sanity.SanitySuite_AssortmentRetail" time="0">
    <skipped/>
  </testcase>
  <testcase name="tcSCFunctional" classname="com.hasbrop2m.sanity.SanitySuite_AssortmentRetail" time="0">
    <skipped/>
  </testcase>
  <testcase name="tcSCFunctional" classname="com.hasbrop2m.sanity.SanitySuite_AssortmentRetail" time="0">
    <skipped/>
  </testcase>
  <testcase name="tcSCFunctional" classname="com.hasbrop2m.sanity.SanitySuite_AssortmentRetail" time="0">
    <skipped/>
  </testcase>
  <testcase name="tcSCFunctional" classname="com.hasbrop2m.sanity.SanitySuite_AssortmentRetail" time="0">
    <skipped/>
  </testcase>
  <testcase name="tcSCFunctional" classname="com.hasbrop2m.sanity.SanitySuite_AssortmentRetail" time="0">
    <skipped/>
  </testcase>
  <testcase name="tcSCFunctional" classname="com.hasbrop2m.sanity.SanitySuite_AssortmentRetail" time="0">
    <skipped/>
  </testcase>
  <testcase name="reporterdataSetResult" classname="com.hasbrop2m.sanity.SanitySuite_AssortmentRetail" time="0">
    <skipped/>
  </testcase>
  <testcase name="reporterdataSetResult" classname="com.hasbrop2m.sanity.SanitySuite_AssortmentRetail" time="0">
    <skipped/>
  </testcase>
  <testcase name="reporterdataSetResult" classname="com.hasbrop2m.sanity.SanitySuite_AssortmentRetail" time="0">
    <skipped/>
  </testcase>
  <testcase name="reporterdataSetResult" classname="com.hasbrop2m.sanity.SanitySuite_AssortmentRetail" time="0">
    <skipped/>
  </testcase>
  <testcase name="reporterdataSetResult" classname="com.hasbrop2m.sanity.SanitySuite_AssortmentRetail" time="0">
    <skipped/>
  </testcase>
  <testcase name="reporterdataSetResult" classname="com.hasbrop2m.sanity.SanitySuite_AssortmentRetail" time="0">
    <skipped/>
  </testcase>
  <testcase name="reporterdataSetResult" classname="com.hasbrop2m.sanity.SanitySuite_AssortmentRetail" time="0">
    <skipped/>
  </testcase>
  <testcase name="reporterdataSetResult" classname="com.hasbrop2m.sanity.SanitySuite_AssortmentRetail" time="0">
    <skipped/>
  </testcase>
  <testcase name="reporterdataSetResult" classname="com.hasbrop2m.sanity.SanitySuite_AssortmentRetail" time="0">
    <skipped/>
  </testcase>
  <testcase name="reporterdataSetResult" classname="com.hasbrop2m.sanity.SanitySuite_AssortmentRetail" time="0">
    <skipped/>
  </testcase>
  <testcase name="reporterdataSetResult" classname="com.hasbrop2m.sanity.SanitySuite_AssortmentRetail" time="0">
    <skipped/>
  </testcase>
  <testcase name="reporterdataSetResult" classname="com.hasbrop2m.sanity.SanitySuite_AssortmentRetail" time="0">
    <skipped/>
  </testcase>
  <testcase name="reporterdataSetResult" classname="com.hasbrop2m.sanity.SanitySuite_AssortmentRetail" time="0">
    <skipped/>
  </testcase>
  <testcase name="reporterdataSetResult" classname="com.hasbrop2m.sanity.SanitySuite_AssortmentRetail" time="0">
    <skipped/>
  </testcase>
  <testcase name="reporterdataSetResult" classname="com.hasbrop2m.sanity.SanitySuite_AssortmentRetail" time="0">
    <skipped/>
  </testcase>
  <testcase name="reporterdataSetResult" classname="com.hasbrop2m.sanity.SanitySuite_AssortmentRetail" time="0">
    <skipped/>
  </testcase>
  <testcase name="reporterdataSetResult" classname="com.hasbrop2m.sanity.SanitySuite_AssortmentRetail" time="0">
    <skipped/>
  </testcase>
  <testcase name="reporterdataSetResult" classname="com.hasbrop2m.sanity.SanitySuite_AssortmentRetail" time="0">
    <skipped/>
  </testcase>
  <testcase name="reporterdataSetResult" classname="com.hasbrop2m.sanity.SanitySuite_AssortmentRetail" time="0">
    <skipped/>
  </testcase>
  <testcase name="reporterdataSetResult" classname="com.hasbrop2m.sanity.SanitySuite_AssortmentRetail" time="0">
    <skipped/>
  </testcase>
  <testcase name="reporterdataSetResult" classname="com.hasbrop2m.sanity.SanitySuite_AssortmentRetail" time="0">
    <skipped/>
  </testcase>
  <testcase name="reporterdataSetResult" classname="com.hasbrop2m.sanity.SanitySuite_AssortmentRetail" time="0">
    <skipped/>
  </testcase>
  <testcase name="reporterdataSetResult" classname="com.hasbrop2m.sanity.SanitySuite_AssortmentRetail" time="0">
    <skipped/>
  </testcase>
  <testcase name="reporterdataSetResult" classname="com.hasbrop2m.sanity.SanitySuite_AssortmentRetail" time="0">
    <skipped/>
  </testcase>
  <testcase name="reporterdataSetResult" classname="com.hasbrop2m.sanity.SanitySuite_AssortmentRetail" time="0">
    <skipped/>
  </testcase>
  <testcase name="reporterdataSetResult" classname="com.hasbrop2m.sanity.SanitySuite_AssortmentRetail" time="0">
    <skipped/>
  </testcase>
  <testcase name="reporterdataSetResult" classname="com.hasbrop2m.sanity.SanitySuite_AssortmentRetail" time="0">
    <skipped/>
  </testcase>
  <testcase name="reporterdataSetResult" classname="com.hasbrop2m.sanity.SanitySuite_AssortmentRetail" time="0">
    <skipped/>
  </testcase>
  <testcase name="reporterdataSetResult" classname="com.hasbrop2m.sanity.SanitySuite_AssortmentRetail" time="0">
    <skipped/>
  </testcase>
  <testcase name="reporterdataSetResult" classname="com.hasbrop2m.sanity.SanitySuite_AssortmentRetail" time="0">
    <skipped/>
  </testcase>
  <testcase name="reporterdataSetResult" classname="com.hasbrop2m.sanity.SanitySuite_AssortmentRetail" time="0">
    <skipped/>
  </testcase>
  <testcase name="reporterdataSetResult" classname="com.hasbrop2m.sanity.SanitySuite_AssortmentRetail" time="0">
    <skipped/>
  </testcase>
  <testcase name="reporterdataSetResult" classname="com.hasbrop2m.sanity.SanitySuite_AssortmentRetail" time="0">
    <skipped/>
  </testcase>
  <testcase name="reporterdataSetResult" classname="com.hasbrop2m.sanity.SanitySuite_AssortmentRetail" time="0">
    <skipped/>
  </testcase>
  <testcase name="reporterdataSetResult" classname="com.hasbrop2m.sanity.SanitySuite_AssortmentRetail" time="0">
    <skipped/>
  </testcase>
  <testcase name="reporterdataSetResult" classname="com.hasbrop2m.sanity.SanitySuite_AssortmentRetail" time="0">
    <skipped/>
  </testcase>
  <testcase name="reporterdataSetResult" classname="com.hasbrop2m.sanity.SanitySuite_AssortmentRetail" time="0">
    <skipped/>
  </testcase>
  <testcase name="reporterdataSetResult" classname="com.hasbrop2m.sanity.SanitySuite_AssortmentRetail" time="0">
    <skipped/>
  </testcase>
  <testcase name="reporterdataSetResult" classname="com.hasbrop2m.sanity.SanitySuite_AssortmentRetail" time="0">
    <skipped/>
  </testcase>
  <testcase name="reporterdataSetResult" classname="com.hasbrop2m.sanity.SanitySuite_AssortmentRetail" time="0">
    <skipped/>
  </testcase>
  <testcase name="reporterdataSetResult" classname="com.hasbrop2m.sanity.SanitySuite_AssortmentRetail" time="0">
    <skipped/>
  </testcase>
  <testcase name="reporterdataSetResult" classname="com.hasbrop2m.sanity.SanitySuite_AssortmentRetail" time="0">
    <skipped/>
  </testcase>
  <testcase name="reporterdataSetResult" classname="com.hasbrop2m.sanity.SanitySuite_AssortmentRetail" time="0">
    <skipped/>
  </testcase>
  <testcase name="reporterdataSetResult" classname="com.hasbrop2m.sanity.SanitySuite_AssortmentRetail" time="0">
    <skipped/>
  </testcase>
  <testcase name="reporterdataSetResult" classname="com.hasbrop2m.sanity.SanitySuite_AssortmentRetail" time="0">
    <skipped/>
  </testcase>
  <testcase name="reporterdataSetResult" classname="com.hasbrop2m.sanity.SanitySuite_AssortmentRetail" time="0">
    <skipped/>
  </testcase>
  <testcase name="reporterdataSetResult" classname="com.hasbrop2m.sanity.SanitySuite_AssortmentRetail" time="0">
    <skipped/>
  </testcase>
  <testcase name="reporterdataSetResult" classname="com.hasbrop2m.sanity.SanitySuite_AssortmentRetail" time="0">
    <skipped/>
  </testcase>
  <testcase name="reporterdataSetResult" classname="com.hasbrop2m.sanity.SanitySuite_AssortmentRetail" time="0">
    <skipped/>
  </testcase>
  <testcase name="reporterdataSetResult" classname="com.hasbrop2m.sanity.SanitySuite_AssortmentRetail" time="0">
    <skipped/>
  </testcase>
  <testcase name="reporterdataSetResult" classname="com.hasbrop2m.sanity.SanitySuite_AssortmentRetail" time="0">
    <skipped/>
  </testcase>
  <testcase name="reporterdataSetResult" classname="com.hasbrop2m.sanity.SanitySuite_AssortmentRetail" time="0">
    <skipped/>
  </testcase>
  <testcase name="reporterdataSetResult" classname="com.hasbrop2m.sanity.SanitySuite_AssortmentRetail" time="0">
    <skipped/>
  </testcase>
  <testcase name="reporterdataSetResult" classname="com.hasbrop2m.sanity.SanitySuite_AssortmentRetail" time="0">
    <skipped/>
  </testcase>
  <testcase name="reporterdataSetResult" classname="com.hasbrop2m.sanity.SanitySuite_AssortmentRetail" time="0">
    <skipped/>
  </testcase>
  <testcase name="reporterdataSetResult" classname="com.hasbrop2m.sanity.SanitySuite_AssortmentRetail" time="0">
    <skipped/>
  </testcase>
  <testcase name="reporterdataSetResult" classname="com.hasbrop2m.sanity.SanitySuite_AssortmentRetail" time="0">
    <skipped/>
  </testcase>
  <testcase name="reporterdataSetResult" classname="com.hasbrop2m.sanity.SanitySuite_AssortmentRetail" time="0">
    <skipped/>
  </testcase>
  <testcase name="reporterdataSetResult" classname="com.hasbrop2m.sanity.SanitySuite_AssortmentRetail" time="0">
    <skipped/>
  </testcase>
  <testcase name="reporterdataSetResult" classname="com.hasbrop2m.sanity.SanitySuite_AssortmentRetail" time="0">
    <skipped/>
  </testcase>
  <testcase name="reporterdataSetResult" classname="com.hasbrop2m.sanity.SanitySuite_AssortmentRetail" time="0">
    <skipped/>
  </testcase>
  <testcase name="reporterdataSetResult" classname="com.hasbrop2m.sanity.SanitySuite_AssortmentRetail" time="0">
    <skipped/>
  </testcase>
  <testcase name="reporterdataSetResult" classname="com.hasbrop2m.sanity.SanitySuite_AssortmentRetail" time="0">
    <skipped/>
  </testcase>
  <testcase name="reporterdataSetResult" classname="com.hasbrop2m.sanity.SanitySuite_AssortmentRetail" time="0">
    <skipped/>
  </testcase>
  <testcase name="reporterdataSetResult" classname="com.hasbrop2m.sanity.SanitySuite_AssortmentRetail" time="0">
    <skipped/>
  </testcase>
  <testcase name="reporterdataSetResult" classname="com.hasbrop2m.sanity.SanitySuite_AssortmentRetail" time="0">
    <skipped/>
  </testcase>
  <testcase name="reporterdataSetResult" classname="com.hasbrop2m.sanity.SanitySuite_AssortmentRetail" time="0">
    <skipped/>
  </testcase>
  <testcase name="reporterdataSetResult" classname="com.hasbrop2m.sanity.SanitySuite_AssortmentRetail" time="0">
    <skipped/>
  </testcase>
  <testcase name="reporterdataSetResult" classname="com.hasbrop2m.sanity.SanitySuite_AssortmentRetail" time="0">
    <skipped/>
  </testcase>
  <testcase name="reporterdataSetResult" classname="com.hasbrop2m.sanity.SanitySuite_AssortmentRetail" time="0">
    <skipped/>
  </testcase>
  <testcase name="reporterdataSetResult" classname="com.hasbrop2m.sanity.SanitySuite_AssortmentRetail" time="0">
    <skipped/>
  </testcase>
  <testcase name="reporterdataSetResult" classname="com.hasbrop2m.sanity.SanitySuite_AssortmentRetail" time="0">
    <skipped/>
  </testcase>
  <testcase name="reporterdataSetResult" classname="com.hasbrop2m.sanity.SanitySuite_AssortmentRetail" time="0">
    <skipped/>
  </testcase>
  <testcase name="reporterdataSetResult" classname="com.hasbrop2m.sanity.SanitySuite_AssortmentRetail" time="0">
    <skipped/>
  </testcase>
  <testcase name="reporterdataSetResult" classname="com.hasbrop2m.sanity.SanitySuite_AssortmentRetail" time="0">
    <skipped/>
  </testcase>
  <testcase name="reporterdataSetResult" classname="com.hasbrop2m.sanity.SanitySuite_AssortmentRetail" time="0">
    <skipped/>
  </testcase>
  <testcase name="reporterdataSetResult" classname="com.hasbrop2m.sanity.SanitySuite_AssortmentRetail" time="0">
    <skipped/>
  </testcase>
  <testcase name="reporterdataSetResult" classname="com.hasbrop2m.sanity.SanitySuite_AssortmentRetail" time="0">
    <skipped/>
  </testcase>
  <testcase name="reporterdataSetResult" classname="com.hasbrop2m.sanity.SanitySuite_AssortmentRetail" time="0">
    <skipped/>
  </testcase>
  <testcase name="reporterdataSetResult" classname="com.hasbrop2m.sanity.SanitySuite_AssortmentRetail" time="0">
    <skipped/>
  </testcase>
  <testcase name="reporterdataSetResult" classname="com.hasbrop2m.sanity.SanitySuite_AssortmentRetail" time="0">
    <skipped/>
  </testcase>
  <testcase name="reporterdataSetResult" classname="com.hasbrop2m.sanity.SanitySuite_AssortmentRetail" time="0">
    <skipped/>
  </testcase>
  <testcase name="reporterdataSetResult" classname="com.hasbrop2m.sanity.SanitySuite_AssortmentRetail" time="0">
    <skipped/>
  </testcase>
  <testcase name="reporterdataSetResult" classname="com.hasbrop2m.sanity.SanitySuite_AssortmentRetail" time="0">
    <skipped/>
  </testcase>
  <testcase name="reporterdataSetResult" classname="com.hasbrop2m.sanity.SanitySuite_AssortmentRetail" time="0">
    <skipped/>
  </testcase>
  <testcase name="reporterdataSetResult" classname="com.hasbrop2m.sanity.SanitySuite_AssortmentRetail" time="0">
    <skipped/>
  </testcase>
  <testcase name="reporterdataSetResult" classname="com.hasbrop2m.sanity.SanitySuite_AssortmentRetail" time="0">
    <skipped/>
  </testcase>
  <testcase name="reporterdataSetResult" classname="com.hasbrop2m.sanity.SanitySuite_AssortmentRetail" time="0">
    <skipped/>
  </testcase>
  <testcase name="reporterdataSetResult" classname="com.hasbrop2m.sanity.SanitySuite_AssortmentRetail" time="0">
    <skipped/>
  </testcase>
  <testcase name="reporterdataSetResult" classname="com.hasbrop2m.sanity.SanitySuite_AssortmentRetail" time="0">
    <skipped/>
  </testcase>
  <testcase name="reporterdataSetResult" classname="com.hasbrop2m.sanity.SanitySuite_AssortmentRetail" time="0">
    <skipped/>
  </testcase>
  <testcase name="reporterdataSetResult" classname="com.hasbrop2m.sanity.SanitySuite_AssortmentRetail" time="0">
    <skipped/>
  </testcase>
  <testcase name="reporterdataSetResult" classname="com.hasbrop2m.sanity.SanitySuite_AssortmentRetail" time="0">
    <skipped/>
  </testcase>
  <testcase name="reporterdataSetResult" classname="com.hasbrop2m.sanity.SanitySuite_AssortmentRetail" time="0">
    <skipped/>
  </testcase>
  <testcase name="reporterdataSetResult" classname="com.hasbrop2m.sanity.SanitySuite_AssortmentRetail" time="0">
    <skipped/>
  </testcase>
  <testcase name="reporterdataSetResult" classname="com.hasbrop2m.sanity.SanitySuite_AssortmentRetail" time="0">
    <skipped/>
  </testcase>
  <testcase name="reporterdataSetResult" classname="com.hasbrop2m.sanity.SanitySuite_AssortmentRetail" time="0">
    <skipped/>
  </testcase>
  <testcase name="reporterdataSetResult" classname="com.hasbrop2m.sanity.SanitySuite_AssortmentRetail" time="0">
    <skipped/>
  </testcase>
  <testcase name="reporterdataSetResult" classname="com.hasbrop2m.sanity.SanitySuite_AssortmentRetail" time="0">
    <skipped/>
  </testcase>
  <testcase name="reporterdataSetResult" classname="com.hasbrop2m.sanity.SanitySuite_AssortmentRetail" time="0">
    <skipped/>
  </testcase>
  <testcase name="reporterdataSetResult" classname="com.hasbrop2m.sanity.SanitySuite_AssortmentRetail" time="0">
    <skipped/>
  </testcase>
  <testcase name="reporterdataSetResult" classname="com.hasbrop2m.sanity.SanitySuite_AssortmentRetail" time="0">
    <skipped/>
  </testcase>
  <testcase name="reporterdataSetResult" classname="com.hasbrop2m.sanity.SanitySuite_AssortmentRetail" time="0">
    <skipped/>
  </testcase>
  <testcase name="reporterdataSetResult" classname="com.hasbrop2m.sanity.SanitySuite_AssortmentRetail" time="0">
    <skipped/>
  </testcase>
  <testcase name="reporterdataSetResult" classname="com.hasbrop2m.sanity.SanitySuite_AssortmentRetail" time="0">
    <skipped/>
  </testcase>
  <testcase name="reporterdataSetResult" classname="com.hasbrop2m.sanity.SanitySuite_AssortmentRetail" time="0">
    <skipped/>
  </testcase>
  <testcase name="reporterdataSetResult" classname="com.hasbrop2m.sanity.SanitySuite_AssortmentRetail" time="0">
    <skipped/>
  </testcase>
  <testcase name="reporterdataSetResult" classname="com.hasbrop2m.sanity.SanitySuite_AssortmentRetail" time="0">
    <skipped/>
  </testcase>
  <testcase name="reporterdataSetResult" classname="com.hasbrop2m.sanity.SanitySuite_AssortmentRetail" time="0">
    <skipped/>
  </testcase>
  <testcase name="reporterdataSetResult" classname="com.hasbrop2m.sanity.SanitySuite_AssortmentRetail" time="0">
    <skipped/>
  </testcase>
  <testcase name="reporterdataSetResult" classname="com.hasbrop2m.sanity.SanitySuite_AssortmentRetail" time="0">
    <skipped/>
  </testcase>
  <testcase name="reporterdataSetResult" classname="com.hasbrop2m.sanity.SanitySuite_AssortmentRetail" time="0">
    <skipped/>
  </testcase>
  <testcase name="reporterdataSetResult" classname="com.hasbrop2m.sanity.SanitySuite_AssortmentRetail" time="0">
    <skipped/>
  </testcase>
  <testcase name="reporterdataSetResult" classname="com.hasbrop2m.sanity.SanitySuite_AssortmentRetail" time="0">
    <skipped/>
  </testcase>
  <testcase name="reporterdataSetResult" classname="com.hasbrop2m.sanity.SanitySuite_AssortmentRetail" time="0">
    <skipped/>
  </testcase>
  <testcase name="reporterdataSetResult" classname="com.hasbrop2m.sanity.SanitySuite_AssortmentRetail" time="0">
    <skipped/>
  </testcase>
  <testcase name="reporterdataSetResult" classname="com.hasbrop2m.sanity.SanitySuite_AssortmentRetail" time="0">
    <skipped/>
  </testcase>
  <testcase name="reporterdataSetResult" classname="com.hasbrop2m.sanity.SanitySuite_AssortmentRetail" time="0">
    <skipped/>
  </testcase>
  <testcase name="reporterdataSetResult" classname="com.hasbrop2m.sanity.SanitySuite_AssortmentRetail" time="0">
    <skipped/>
  </testcase>
  <testcase name="reporterdataSetResult" classname="com.hasbrop2m.sanity.SanitySuite_AssortmentRetail" time="0">
    <skipped/>
  </testcase>
  <testcase name="reporterdataSetResult" classname="com.hasbrop2m.sanity.SanitySuite_AssortmentRetail" time="0">
    <skipped/>
  </testcase>
  <testcase name="reporterdataSetResult" classname="com.hasbrop2m.sanity.SanitySuite_AssortmentRetail" time="0">
    <skipped/>
  </testcase>
  <testcase name="reporterdataSetResult" classname="com.hasbrop2m.sanity.SanitySuite_AssortmentRetail" time="0">
    <skipped/>
  </testcase>
  <testcase name="reporterdataSetResult" classname="com.hasbrop2m.sanity.SanitySuite_AssortmentRetail" time="0">
    <skipped/>
  </testcase>
  <testcase name="reporterdataSetResult" classname="com.hasbrop2m.sanity.SanitySuite_AssortmentRetail" time="0">
    <skipped/>
  </testcase>
  <testcase name="reporterdataSetResult" classname="com.hasbrop2m.sanity.SanitySuite_AssortmentRetail" time="0">
    <skipped/>
  </testcase>
  <testcase name="reporterdataSetResult" classname="com.hasbrop2m.sanity.SanitySuite_AssortmentRetail" time="0">
    <skipped/>
  </testcase>
  <testcase name="reporterdataSetResult" classname="com.hasbrop2m.sanity.SanitySuite_AssortmentRetail" time="0">
    <skipped/>
  </testcase>
  <testcase name="reporterdataSetResult" classname="com.hasbrop2m.sanity.SanitySuite_AssortmentRetail" time="0">
    <skipped/>
  </testcase>
  <testcase name="reporterdataSetResult" classname="com.hasbrop2m.sanity.SanitySuite_AssortmentRetail" time="0">
    <skipped/>
  </testcase>
  <testcase name="reporterdataSetResult" classname="com.hasbrop2m.sanity.SanitySuite_AssortmentRetail" time="0">
    <skipped/>
  </testcase>
  <testcase name="reporterdataSetResult" classname="com.hasbrop2m.sanity.SanitySuite_AssortmentRetail" time="0">
    <skipped/>
  </testcase>
  <testcase name="reporterdataSetResult" classname="com.hasbrop2m.sanity.SanitySuite_AssortmentRetail" time="0">
    <skipped/>
  </testcase>
  <testcase name="reporterdataSetResult" classname="com.hasbrop2m.sanity.SanitySuite_AssortmentRetail" time="0">
    <skipped/>
  </testcase>
  <testcase name="reporterdataSetResult" classname="com.hasbrop2m.sanity.SanitySuite_AssortmentRetail" time="0">
    <skipped/>
  </testcase>
  <testcase name="reporterdataSetResult" classname="com.hasbrop2m.sanity.SanitySuite_AssortmentRetail" time="0">
    <skipped/>
  </testcase>
  <testcase name="reporterdataSetResult" classname="com.hasbrop2m.sanity.SanitySuite_AssortmentRetail" time="0">
    <skipped/>
  </testcase>
  <testcase name="reporterdataSetResult" classname="com.hasbrop2m.sanity.SanitySuite_AssortmentRetail" time="0">
    <skipped/>
  </testcase>
  <testcase name="reporterdataSetResult" classname="com.hasbrop2m.sanity.SanitySuite_AssortmentRetail" time="0">
    <skipped/>
  </testcase>
  <testcase name="reporterdataSetResult" classname="com.hasbrop2m.sanity.SanitySuite_AssortmentRetail" time="0">
    <skipped/>
  </testcase>
  <testcase name="reporterdataSetResult" classname="com.hasbrop2m.sanity.SanitySuite_AssortmentRetail" time="0">
    <skipped/>
  </testcase>
  <testcase name="reporterdataSetResult" classname="com.hasbrop2m.sanity.SanitySuite_AssortmentRetail" time="0">
    <skipped/>
  </testcase>
  <testcase name="reporterdataSetResult" classname="com.hasbrop2m.sanity.SanitySuite_AssortmentRetail" time="0">
    <skipped/>
  </testcase>
  <testcase name="reporterdataSetResult" classname="com.hasbrop2m.sanity.SanitySuite_AssortmentRetail" time="0">
    <skipped/>
  </testcase>
  <testcase name="reporterdataSetResult" classname="com.hasbrop2m.sanity.SanitySuite_AssortmentRetail" time="0">
    <skipped/>
  </testcase>
  <testcase name="reporterdataSetResult" classname="com.hasbrop2m.sanity.SanitySuite_AssortmentRetail" time="0">
    <skipped/>
  </testcase>
  <testcase name="reporterdataSetResult" classname="com.hasbrop2m.sanity.SanitySuite_AssortmentRetail" time="0">
    <skipped/>
  </testcase>
  <testcase name="reporterdataSetResult" classname="com.hasbrop2m.sanity.SanitySuite_AssortmentRetail" time="0">
    <skipped/>
  </testcase>
  <testcase name="reporterdataSetResult" classname="com.hasbrop2m.sanity.SanitySuite_AssortmentRetail" time="0">
    <skipped/>
  </testcase>
  <testcase name="reporterdataSetResult" classname="com.hasbrop2m.sanity.SanitySuite_AssortmentRetail" time="0">
    <skipped/>
  </testcase>
  <testcase name="reporterdataSetResult" classname="com.hasbrop2m.sanity.SanitySuite_AssortmentRetail" time="0">
    <skipped/>
  </testcase>
  <testcase name="reporterdataSetResult" classname="com.hasbrop2m.sanity.SanitySuite_AssortmentRetail" time="0">
    <skipped/>
  </testcase>
  <testcase name="reporterdataSetResult" classname="com.hasbrop2m.sanity.SanitySuite_AssortmentRetail" time="0">
    <skipped/>
  </testcase>
  <testcase name="reporterdataSetResult" classname="com.hasbrop2m.sanity.SanitySuite_AssortmentRetail" time="0">
    <skipped/>
  </testcase>
  <testcase name="reporterdataSetResult" classname="com.hasbrop2m.sanity.SanitySuite_AssortmentRetail" time="0">
    <skipped/>
  </testcase>
  <testcase name="reporterdataSetResult" classname="com.hasbrop2m.sanity.SanitySuite_AssortmentRetail" time="0">
    <skipped/>
  </testcase>
  <testcase name="reporterdataSetResult" classname="com.hasbrop2m.sanity.SanitySuite_AssortmentRetail" time="0">
    <skipped/>
  </testcase>
  <testcase name="reporterdataSetResult" classname="com.hasbrop2m.sanity.SanitySuite_AssortmentRetail" time="0">
    <skipped/>
  </testcase>
  <testcase name="reporterdataSetResult" classname="com.hasbrop2m.sanity.SanitySuite_AssortmentRetail" time="0">
    <skipped/>
  </testcase>
  <testcase name="reporterdataSetResult" classname="com.hasbrop2m.sanity.SanitySuite_AssortmentRetail" time="0">
    <skipped/>
  </testcase>
  <testcase name="reporterdataSetResult" classname="com.hasbrop2m.sanity.SanitySuite_AssortmentRetail" time="0">
    <skipped/>
  </testcase>
  <testcase name="reporterdataSetResult" classname="com.hasbrop2m.sanity.SanitySuite_AssortmentRetail" time="0">
    <skipped/>
  </testcase>
  <testcase name="reporterdataSetResult" classname="com.hasbrop2m.sanity.SanitySuite_AssortmentRetail" time="0">
    <skipped/>
  </testcase>
  <testcase name="reporterdataSetResult" classname="com.hasbrop2m.sanity.SanitySuite_AssortmentRetail" time="0">
    <skipped/>
  </testcase>
  <testcase name="reporterdataSetResult" classname="com.hasbrop2m.sanity.SanitySuite_AssortmentRetail" time="0">
    <skipped/>
  </testcase>
  <testcase name="reporterdataSetResult" classname="com.hasbrop2m.sanity.SanitySuite_AssortmentRetail" time="0">
    <skipped/>
  </testcase>
  <testcase name="reporterdataSetResult" classname="com.hasbrop2m.sanity.SanitySuite_AssortmentRetail" time="0">
    <skipped/>
  </testcase>
  <testcase name="reporterdataSetResult" classname="com.hasbrop2m.sanity.SanitySuite_AssortmentRetail" time="0">
    <skipped/>
  </testcase>
  <testcase name="reporterdataSetResult" classname="com.hasbrop2m.sanity.SanitySuite_AssortmentRetail" time="0">
    <skipped/>
  </testcase>
  <testcase name="reporterdataSetResult" classname="com.hasbrop2m.sanity.SanitySuite_AssortmentRetail" time="0">
    <skipped/>
  </testcase>
  <testcase name="reporterdataSetResult" classname="com.hasbrop2m.sanity.SanitySuite_AssortmentRetail" time="0">
    <skipped/>
  </testcase>
  <testcase name="reporterdataSetResult" classname="com.hasbrop2m.sanity.SanitySuite_AssortmentRetail" time="0">
    <skipped/>
  </testcase>
  <testcase name="reporterdataSetResult" classname="com.hasbrop2m.sanity.SanitySuite_AssortmentRetail" time="0">
    <skipped/>
  </testcase>
  <testcase name="reporterdataSetResult" classname="com.hasbrop2m.sanity.SanitySuite_AssortmentRetail" time="0">
    <skipped/>
  </testcase>
  <testcase name="reporterdataSetResult" classname="com.hasbrop2m.sanity.SanitySuite_AssortmentRetail" time="0">
    <skipped/>
  </testcase>
  <testcase name="reporterdataSetResult" classname="com.hasbrop2m.sanity.SanitySuite_AssortmentRetail" time="0">
    <skipped/>
  </testcase>
  <testcase name="reporterdataSetResult" classname="com.hasbrop2m.sanity.SanitySuite_AssortmentRetail" time="0">
    <skipped/>
  </testcase>
  <testcase name="reporterdataSetResult" classname="com.hasbrop2m.sanity.SanitySuite_AssortmentRetail" time="0">
    <skipped/>
  </testcase>
  <testcase name="reporterdataSetResult" classname="com.hasbrop2m.sanity.SanitySuite_AssortmentRetail" time="0">
    <skipped/>
  </testcase>
  <testcase name="reporterdataSetResult" classname="com.hasbrop2m.sanity.SanitySuite_AssortmentRetail" time="0">
    <skipped/>
  </testcase>
  <testcase name="reporterdataSetResult" classname="com.hasbrop2m.sanity.SanitySuite_AssortmentRetail" time="0">
    <skipped/>
  </testcase>
  <testcase name="reporterdataSetResult" classname="com.hasbrop2m.sanity.SanitySuite_AssortmentRetail" time="0">
    <skipped/>
  </testcase>
  <testcase name="reporterdataSetResult" classname="com.hasbrop2m.sanity.SanitySuite_AssortmentRetail" time="0">
    <skipped/>
  </testcase>
  <testcase name="reporterdataSetResult" classname="com.hasbrop2m.sanity.SanitySuite_AssortmentRetail" time="0">
    <skipped/>
  </testcase>
  <testcase name="reporterdataSetResult" classname="com.hasbrop2m.sanity.SanitySuite_AssortmentRetail" time="0">
    <skipped/>
  </testcase>
  <testcase name="reporterdataSetResult" classname="com.hasbrop2m.sanity.SanitySuite_AssortmentRetail" time="0">
    <skipped/>
  </testcase>
  <testcase name="reporterdataSetResult" classname="com.hasbrop2m.sanity.SanitySuite_AssortmentRetail" time="0">
    <skipped/>
  </testcase>
  <testcase name="reporterdataSetResult" classname="com.hasbrop2m.sanity.SanitySuite_AssortmentRetail" time="0">
    <skipped/>
  </testcase>
  <testcase name="reporterdataSetResult" classname="com.hasbrop2m.sanity.SanitySuite_AssortmentRetail" time="0">
    <skipped/>
  </testcase>
  <testcase name="reporterdataSetResult" classname="com.hasbrop2m.sanity.SanitySuite_AssortmentRetail" time="0">
    <skipped/>
  </testcase>
  <testcase name="reporterdataSetResult" classname="com.hasbrop2m.sanity.SanitySuite_AssortmentRetail" time="0">
    <skipped/>
  </testcase>
  <testcase name="reporterdataSetResult" classname="com.hasbrop2m.sanity.SanitySuite_AssortmentRetail" time="0">
    <skipped/>
  </testcase>
  <testcase name="reporterdataSetResult" classname="com.hasbrop2m.sanity.SanitySuite_AssortmentRetail" time="0">
    <skipped/>
  </testcase>
  <testcase name="reporterdataSetResult" classname="com.hasbrop2m.sanity.SanitySuite_AssortmentRetail" time="0">
    <skipped/>
  </testcase>
  <testcase name="reporterdataSetResult" classname="com.hasbrop2m.sanity.SanitySuite_AssortmentRetail" time="0">
    <skipped/>
  </testcase>
  <testcase name="reporterdataSetResult" classname="com.hasbrop2m.sanity.SanitySuite_AssortmentRetail" time="0">
    <skipped/>
  </testcase>
  <testcase name="reporterdataSetResult" classname="com.hasbrop2m.sanity.SanitySuite_AssortmentRetail" time="0">
    <skipped/>
  </testcase>
  <testcase name="reporterdataSetResult" classname="com.hasbrop2m.sanity.SanitySuite_AssortmentRetail" time="0">
    <skipped/>
  </testcase>
  <testcase name="reporterdataSetResult" classname="com.hasbrop2m.sanity.SanitySuite_AssortmentRetail" time="0">
    <skipped/>
  </testcase>
  <testcase name="reporterdataSetResult" classname="com.hasbrop2m.sanity.SanitySuite_AssortmentRetail" time="0">
    <skipped/>
  </testcase>
  <testcase name="reporterdataSetResult" classname="com.hasbrop2m.sanity.SanitySuite_AssortmentRetail" time="0">
    <skipped/>
  </testcase>
  <testcase name="reporterdataSetResult" classname="com.hasbrop2m.sanity.SanitySuite_AssortmentRetail" time="0">
    <skipped/>
  </testcase>
  <testcase name="reporterdataSetResult" classname="com.hasbrop2m.sanity.SanitySuite_AssortmentRetail" time="0">
    <skipped/>
  </testcase>
  <testcase name="reporterdataSetResult" classname="com.hasbrop2m.sanity.SanitySuite_AssortmentRetail" time="0">
    <skipped/>
  </testcase>
  <testcase name="reporterdataSetResult" classname="com.hasbrop2m.sanity.SanitySuite_AssortmentRetail" time="0">
    <skipped/>
  </testcase>
  <testcase name="reporterdataSetResult" classname="com.hasbrop2m.sanity.SanitySuite_AssortmentRetail" time="0">
    <skipped/>
  </testcase>
  <testcase name="reporterdataSetResult" classname="com.hasbrop2m.sanity.SanitySuite_AssortmentRetail" time="0">
    <skipped/>
  </testcase>
  <testcase name="reporterdataSetResult" classname="com.hasbrop2m.sanity.SanitySuite_AssortmentRetail" time="0">
    <skipped/>
  </testcase>
  <testcase name="reporterdataSetResult" classname="com.hasbrop2m.sanity.SanitySuite_AssortmentRetail" time="0">
    <skipped/>
  </testcase>
  <testcase name="reporterdataSetResult" classname="com.hasbrop2m.sanity.SanitySuite_AssortmentRetail" time="0">
    <skipped/>
  </testcase>
  <testcase name="reporterdataSetResult" classname="com.hasbrop2m.sanity.SanitySuite_AssortmentRetail" time="0">
    <skipped/>
  </testcase>
  <testcase name="reporterdataSetResult" classname="com.hasbrop2m.sanity.SanitySuite_AssortmentRetail" time="0">
    <skipped/>
  </testcase>
  <testcase name="reporterdataSetResult" classname="com.hasbrop2m.sanity.SanitySuite_AssortmentRetail" time="0">
    <skipped/>
  </testcase>
  <testcase name="reporterdataSetResult" classname="com.hasbrop2m.sanity.SanitySuite_AssortmentRetail" time="0">
    <skipped/>
  </testcase>
  <testcase name="reporterdataSetResult" classname="com.hasbrop2m.sanity.SanitySuite_AssortmentRetail" time="0">
    <skipped/>
  </testcase>
  <testcase name="reporterdataSetResult" classname="com.hasbrop2m.sanity.SanitySuite_AssortmentRetail" time="0">
    <skipped/>
  </testcase>
  <testcase name="reporterdataSetResult" classname="com.hasbrop2m.sanity.SanitySuite_AssortmentRetail" time="0">
    <skipped/>
  </testcase>
  <testcase name="reporterdataSetResult" classname="com.hasbrop2m.sanity.SanitySuite_AssortmentRetail" time="0">
    <skipped/>
  </testcase>
  <testcase name="reporterdataSetResult" classname="com.hasbrop2m.sanity.SanitySuite_AssortmentRetail" time="0">
    <skipped/>
  </testcase>
  <testcase name="reporterdataSetResult" classname="com.hasbrop2m.sanity.SanitySuite_AssortmentRetail" time="0">
    <skipped/>
  </testcase>
  <testcase name="reporterdataSetResult" classname="com.hasbrop2m.sanity.SanitySuite_AssortmentRetail" time="0">
    <skipped/>
  </testcase>
  <testcase name="reporterdataSetResult" classname="com.hasbrop2m.sanity.SanitySuite_AssortmentRetail" time="0">
    <skipped/>
  </testcase>
  <testcase name="reporterdataSetResult" classname="com.hasbrop2m.sanity.SanitySuite_AssortmentRetail" time="0">
    <skipped/>
  </testcase>
  <testcase name="reporterdataSetResult" classname="com.hasbrop2m.sanity.SanitySuite_AssortmentRetail" time="0">
    <skipped/>
  </testcase>
  <testcase name="reporterdataSetResult" classname="com.hasbrop2m.sanity.SanitySuite_AssortmentRetail" time="0">
    <skipped/>
  </testcase>
  <testcase name="reporterdataSetResult" classname="com.hasbrop2m.sanity.SanitySuite_AssortmentRetail" time="0">
    <skipped/>
  </testcase>
  <testcase name="reporterdataSetResult" classname="com.hasbrop2m.sanity.SanitySuite_AssortmentRetail" time="0">
    <skipped/>
  </testcase>
  <testcase name="reporterdataSetResult" classname="com.hasbrop2m.sanity.SanitySuite_AssortmentRetail" time="0">
    <skipped/>
  </testcase>
  <testcase name="reporterdataSetResult" classname="com.hasbrop2m.sanity.SanitySuite_AssortmentRetail" time="0">
    <skipped/>
  </testcase>
  <testcase name="reporterdataSetResult" classname="com.hasbrop2m.sanity.SanitySuite_AssortmentRetail" time="0">
    <skipped/>
  </testcase>
  <testcase name="reporterdataSetResult" classname="com.hasbrop2m.sanity.SanitySuite_AssortmentRetail" time="0">
    <skipped/>
  </testcase>
  <testcase name="reporterdataSetResult" classname="com.hasbrop2m.sanity.SanitySuite_AssortmentRetail" time="0">
    <skipped/>
  </testcase>
  <testcase name="reporterdataSetResult" classname="com.hasbrop2m.sanity.SanitySuite_AssortmentRetail" time="0">
    <skipped/>
  </testcase>
  <testcase name="reporterdataSetResult" classname="com.hasbrop2m.sanity.SanitySuite_AssortmentRetail" time="0">
    <skipped/>
  </testcase>
  <testcase name="reporterdataSetResult" classname="com.hasbrop2m.sanity.SanitySuite_AssortmentRetail" time="0">
    <skipped/>
  </testcase>
  <testcase name="reporterdataSetResult" classname="com.hasbrop2m.sanity.SanitySuite_AssortmentRetail" time="0">
    <skipped/>
  </testcase>
  <testcase name="reporterdataSetResult" classname="com.hasbrop2m.sanity.SanitySuite_AssortmentRetail" time="0">
    <skipped/>
  </testcase>
  <testcase name="reporterdataSetResult" classname="com.hasbrop2m.sanity.SanitySuite_AssortmentRetail" time="0">
    <skipped/>
  </testcase>
  <testcase name="reporterdataSetResult" classname="com.hasbrop2m.sanity.SanitySuite_AssortmentRetail" time="0">
    <skipped/>
  </testcase>
  <testcase name="reporterdataSetResult" classname="com.hasbrop2m.sanity.SanitySuite_AssortmentRetail" time="0">
    <skipped/>
  </testcase>
  <testcase name="reporterdataSetResult" classname="com.hasbrop2m.sanity.SanitySuite_AssortmentRetail" time="0">
    <skipped/>
  </testcase>
  <testcase name="reporterdataSetResult" classname="com.hasbrop2m.sanity.SanitySuite_AssortmentRetail" time="0">
    <skipped/>
  </testcase>
  <testcase name="reporterdataSetResult" classname="com.hasbrop2m.sanity.SanitySuite_AssortmentRetail" time="0">
    <skipped/>
  </testcase>
  <testcase name="reporterdataSetResult" classname="com.hasbrop2m.sanity.SanitySuite_AssortmentRetail" time="0">
    <skipped/>
  </testcase>
  <testcase name="reporterdataSetResult" classname="com.hasbrop2m.sanity.SanitySuite_AssortmentRetail" time="0">
    <skipped/>
  </testcase>
  <testcase name="reporterdataSetResult" classname="com.hasbrop2m.sanity.SanitySuite_AssortmentRetail" time="0">
    <skipped/>
  </testcase>
  <testcase name="reporterdataSetResult" classname="com.hasbrop2m.sanity.SanitySuite_AssortmentRetail" time="0">
    <skipped/>
  </testcase>
  <testcase name="reporterdataSetResult" classname="com.hasbrop2m.sanity.SanitySuite_AssortmentRetail" time="0">
    <skipped/>
  </testcase>
  <testcase name="reporterdataSetResult" classname="com.hasbrop2m.sanity.SanitySuite_AssortmentRetail" time="0">
    <skipped/>
  </testcase>
  <testcase name="reporterdataSetResult" classname="com.hasbrop2m.sanity.SanitySuite_AssortmentRetail" time="0">
    <skipped/>
  </testcase>
  <testcase name="reportTestcaseResult" classname="com.hasbrop2m.sanity.SanitySuite_AssortmentRetail" time="0">
    <skipped/>
  </testcase>
  <testcase name="checkTestcaseSkip" classname="com.hasbrop2m.sanity.SanitySuiteUpdateProductName" time="0">
    <skipped message="Skipping SanitySuiteUpdateProductName as runmode is set to no"/>
    <system-out><![CDATA[Skipping SanitySuiteUpdateProductName as runmode is set to no
]]></system-out>
  </testcase>
  <testcase name="Refresh" classname="com.hasbrop2m.sanity.SanitySuiteUpdateProductName" time="0">
    <skipped/>
  </testcase>
  <testcase name="Refresh" classname="com.hasbrop2m.sanity.SanitySuiteUpdateProductName" time="0">
    <skipped/>
  </testcase>
  <testcase name="Refresh" classname="com.hasbrop2m.sanity.SanitySuiteUpdateProductName" time="0">
    <skipped/>
  </testcase>
  <testcase name="Refresh" classname="com.hasbrop2m.sanity.SanitySuiteUpdateProductName" time="0">
    <skipped/>
  </testcase>
  <testcase name="Refresh" classname="com.hasbrop2m.sanity.SanitySuiteUpdateProductName" time="0">
    <skipped/>
  </testcase>
  <testcase name="Refresh" classname="com.hasbrop2m.sanity.SanitySuiteUpdateProductName" time="0">
    <skipped/>
  </testcase>
  <testcase name="Refresh" classname="com.hasbrop2m.sanity.SanitySuiteUpdateProductName" time="0">
    <skipped/>
  </testcase>
  <testcase name="Refresh" classname="com.hasbrop2m.sanity.SanitySuiteUpdateProductName" time="0">
    <skipped/>
  </testcase>
  <testcase name="Refresh" classname="com.hasbrop2m.sanity.SanitySuiteUpdateProductName" time="0">
    <skipped/>
  </testcase>
  <testcase name="Refresh" classname="com.hasbrop2m.sanity.SanitySuiteUpdateProductName" time="0">
    <skipped/>
  </testcase>
  <testcase name="Refresh" classname="com.hasbrop2m.sanity.SanitySuiteUpdateProductName" time="0">
    <skipped/>
  </testcase>
  <testcase name="Refresh" classname="com.hasbrop2m.sanity.SanitySuiteUpdateProductName" time="0">
    <skipped/>
  </testcase>
  <testcase name="Refresh" classname="com.hasbrop2m.sanity.SanitySuiteUpdateProductName" time="0">
    <skipped/>
  </testcase>
  <testcase name="Refresh" classname="com.hasbrop2m.sanity.SanitySuiteUpdateProductName" time="0">
    <skipped/>
  </testcase>
  <testcase name="Refresh" classname="com.hasbrop2m.sanity.SanitySuiteUpdateProductName" time="0">
    <skipped/>
  </testcase>
  <testcase name="Refresh" classname="com.hasbrop2m.sanity.SanitySuiteUpdateProductName" time="0">
    <skipped/>
  </testcase>
  <testcase name="Refresh" classname="com.hasbrop2m.sanity.SanitySuiteUpdateProductName" time="0">
    <skipped/>
  </testcase>
  <testcase name="Refresh" classname="com.hasbrop2m.sanity.SanitySuiteUpdateProductName" time="0">
    <skipped/>
  </testcase>
  <testcase name="Refresh" classname="com.hasbrop2m.sanity.SanitySuiteUpdateProductName" time="0">
    <skipped/>
  </testcase>
  <testcase name="Refresh" classname="com.hasbrop2m.sanity.SanitySuiteUpdateProductName" time="0">
    <skipped/>
  </testcase>
  <testcase name="Refresh" classname="com.hasbrop2m.sanity.SanitySuiteUpdateProductName" time="0">
    <skipped/>
  </testcase>
  <testcase name="Refresh" classname="com.hasbrop2m.sanity.SanitySuiteUpdateProductName" time="0">
    <skipped/>
  </testcase>
  <testcase name="Refresh" classname="com.hasbrop2m.sanity.SanitySuiteUpdateProductName" time="0">
    <skipped/>
  </testcase>
  <testcase name="Refresh" classname="com.hasbrop2m.sanity.SanitySuiteUpdateProductName" time="0">
    <skipped/>
  </testcase>
  <testcase name="Refresh" classname="com.hasbrop2m.sanity.SanitySuiteUpdateProductName" time="0">
    <skipped/>
  </testcase>
  <testcase name="Refresh" classname="com.hasbrop2m.sanity.SanitySuiteUpdateProductName" time="0">
    <skipped/>
  </testcase>
  <testcase name="Refresh" classname="com.hasbrop2m.sanity.SanitySuiteUpdateProductName" time="0">
    <skipped/>
  </testcase>
  <testcase name="Refresh" classname="com.hasbrop2m.sanity.SanitySuiteUpdateProductName" time="0">
    <skipped/>
  </testcase>
  <testcase name="Refresh" classname="com.hasbrop2m.sanity.SanitySuiteUpdateProductName" time="0">
    <skipped/>
  </testcase>
  <testcase name="Refresh" classname="com.hasbrop2m.sanity.SanitySuiteUpdateProductName" time="0">
    <skipped/>
  </testcase>
  <testcase name="Refresh" classname="com.hasbrop2m.sanity.SanitySuiteUpdateProductName" time="0">
    <skipped/>
  </testcase>
  <testcase name="Refresh" classname="com.hasbrop2m.sanity.SanitySuiteUpdateProductName" time="0">
    <skipped/>
  </testcase>
  <testcase name="Refresh" classname="com.hasbrop2m.sanity.SanitySuiteUpdateProductName" time="0">
    <skipped/>
  </testcase>
  <testcase name="Refresh" classname="com.hasbrop2m.sanity.SanitySuiteUpdateProductName" time="0">
    <skipped/>
  </testcase>
  <testcase name="Refresh" classname="com.hasbrop2m.sanity.SanitySuiteUpdateProductName" time="0">
    <skipped/>
  </testcase>
  <testcase name="Refresh" classname="com.hasbrop2m.sanity.SanitySuiteUpdateProductName" time="0">
    <skipped/>
  </testcase>
  <testcase name="Refresh" classname="com.hasbrop2m.sanity.SanitySuiteUpdateProductName" time="0">
    <skipped/>
  </testcase>
  <testcase name="Refresh" classname="com.hasbrop2m.sanity.SanitySuiteUpdateProductName" time="0">
    <skipped/>
  </testcase>
  <testcase name="Refresh" classname="com.hasbrop2m.sanity.SanitySuiteUpdateProductName" time="0">
    <skipped/>
  </testcase>
  <testcase name="Refresh" classname="com.hasbrop2m.sanity.SanitySuiteUpdateProductName" time="0">
    <skipped/>
  </testcase>
  <testcase name="Refresh" classname="com.hasbrop2m.sanity.SanitySuiteUpdateProductName" time="0">
    <skipped/>
  </testcase>
  <testcase name="Refresh" classname="com.hasbrop2m.sanity.SanitySuiteUpdateProductName" time="0">
    <skipped/>
  </testcase>
  <testcase name="Refresh" classname="com.hasbrop2m.sanity.SanitySuiteUpdateProductName" time="0">
    <skipped/>
  </testcase>
  <testcase name="Refresh" classname="com.hasbrop2m.sanity.SanitySuiteUpdateProductName" time="0">
    <skipped/>
  </testcase>
  <testcase name="Refresh" classname="com.hasbrop2m.sanity.SanitySuiteUpdateProductName" time="0">
    <skipped/>
  </testcase>
  <testcase name="Refresh" classname="com.hasbrop2m.sanity.SanitySuiteUpdateProductName" time="0">
    <skipped/>
  </testcase>
  <testcase name="Refresh" classname="com.hasbrop2m.sanity.SanitySuiteUpdateProductName" time="0">
    <skipped/>
  </testcase>
  <testcase name="Refresh" classname="com.hasbrop2m.sanity.SanitySuiteUpdateProductName" time="0">
    <skipped/>
  </testcase>
  <testcase name="Refresh" classname="com.hasbrop2m.sanity.SanitySuiteUpdateProductName" time="0">
    <skipped/>
  </testcase>
  <testcase name="Refresh" classname="com.hasbrop2m.sanity.SanitySuiteUpdateProductName" time="0">
    <skipped/>
  </testcase>
  <testcase name="Refresh" classname="com.hasbrop2m.sanity.SanitySuiteUpdateProductName" time="0">
    <skipped/>
  </testcase>
  <testcase name="Refresh" classname="com.hasbrop2m.sanity.SanitySuiteUpdateProductName" time="0">
    <skipped/>
  </testcase>
  <testcase name="Refresh" classname="com.hasbrop2m.sanity.SanitySuiteUpdateProductName" time="0">
    <skipped/>
  </testcase>
  <testcase name="Refresh" classname="com.hasbrop2m.sanity.SanitySuiteUpdateProductName" time="0">
    <skipped/>
  </testcase>
  <testcase name="Refresh" classname="com.hasbrop2m.sanity.SanitySuiteUpdateProductName" time="0">
    <skipped/>
  </testcase>
  <testcase name="Refresh" classname="com.hasbrop2m.sanity.SanitySuiteUpdateProductName" time="0">
    <skipped/>
  </testcase>
  <testcase name="Refresh" classname="com.hasbrop2m.sanity.SanitySuiteUpdateProductName" time="0">
    <skipped/>
  </testcase>
  <testcase name="Refresh" classname="com.hasbrop2m.sanity.SanitySuiteUpdateProductName" time="0">
    <skipped/>
  </testcase>
  <testcase name="Refresh" classname="com.hasbrop2m.sanity.SanitySuiteUpdateProductName" time="0">
    <skipped/>
  </testcase>
  <testcase name="Refresh" classname="com.hasbrop2m.sanity.SanitySuiteUpdateProductName" time="0">
    <skipped/>
  </testcase>
  <testcase name="Refresh" classname="com.hasbrop2m.sanity.SanitySuiteUpdateProductName" time="0">
    <skipped/>
  </testcase>
  <testcase name="Refresh" classname="com.hasbrop2m.sanity.SanitySuiteUpdateProductName" time="0">
    <skipped/>
  </testcase>
  <testcase name="Refresh" classname="com.hasbrop2m.sanity.SanitySuiteUpdateProductName" time="0">
    <skipped/>
  </testcase>
  <testcase name="Refresh" classname="com.hasbrop2m.sanity.SanitySuiteUpdateProductName" time="0">
    <skipped/>
  </testcase>
  <testcase name="Refresh" classname="com.hasbrop2m.sanity.SanitySuiteUpdateProductName" time="0">
    <skipped/>
  </testcase>
  <testcase name="Refresh" classname="com.hasbrop2m.sanity.SanitySuiteUpdateProductName" time="0">
    <skipped/>
  </testcase>
  <testcase name="Refresh" classname="com.hasbrop2m.sanity.SanitySuiteUpdateProductName" time="0">
    <skipped/>
  </testcase>
  <testcase name="Refresh" classname="com.hasbrop2m.sanity.SanitySuiteUpdateProductName" time="0">
    <skipped/>
  </testcase>
  <testcase name="Refresh" classname="com.hasbrop2m.sanity.SanitySuiteUpdateProductName" time="0">
    <skipped/>
  </testcase>
  <testcase name="Refresh" classname="com.hasbrop2m.sanity.SanitySuiteUpdateProductName" time="0">
    <skipped/>
  </testcase>
  <testcase name="Refresh" classname="com.hasbrop2m.sanity.SanitySuiteUpdateProductName" time="0">
    <skipped/>
  </testcase>
  <testcase name="Refresh" classname="com.hasbrop2m.sanity.SanitySuiteUpdateProductName" time="0">
    <skipped/>
  </testcase>
  <testcase name="Refresh" classname="com.hasbrop2m.sanity.SanitySuiteUpdateProductName" time="0">
    <skipped/>
  </testcase>
  <testcase name="Refresh" classname="com.hasbrop2m.sanity.SanitySuiteUpdateProductName" time="0">
    <skipped/>
  </testcase>
  <testcase name="Refresh" classname="com.hasbrop2m.sanity.SanitySuiteUpdateProductName" time="0">
    <skipped/>
  </testcase>
  <testcase name="Refresh" classname="com.hasbrop2m.sanity.SanitySuiteUpdateProductName" time="0">
    <skipped/>
  </testcase>
  <testcase name="Refresh" classname="com.hasbrop2m.sanity.SanitySuiteUpdateProductName" time="0">
    <skipped/>
  </testcase>
  <testcase name="Refresh" classname="com.hasbrop2m.sanity.SanitySuiteUpdateProductName" time="0">
    <skipped/>
  </testcase>
  <testcase name="Refresh" classname="com.hasbrop2m.sanity.SanitySuiteUpdateProductName" time="0">
    <skipped/>
  </testcase>
  <testcase name="Refresh" classname="com.hasbrop2m.sanity.SanitySuiteUpdateProductName" time="0">
    <skipped/>
  </testcase>
  <testcase name="Refresh" classname="com.hasbrop2m.sanity.SanitySuiteUpdateProductName" time="0">
    <skipped/>
  </testcase>
  <testcase name="Refresh" classname="com.hasbrop2m.sanity.SanitySuiteUpdateProductName" time="0">
    <skipped/>
  </testcase>
  <testcase name="Refresh" classname="com.hasbrop2m.sanity.SanitySuiteUpdateProductName" time="0">
    <skipped/>
  </testcase>
  <testcase name="Refresh" classname="com.hasbrop2m.sanity.SanitySuiteUpdateProductName" time="0">
    <skipped/>
  </testcase>
  <testcase name="Refresh" classname="com.hasbrop2m.sanity.SanitySuiteUpdateProductName" time="0">
    <skipped/>
  </testcase>
  <testcase name="Refresh" classname="com.hasbrop2m.sanity.SanitySuiteUpdateProductName" time="0">
    <skipped/>
  </testcase>
  <testcase name="Refresh" classname="com.hasbrop2m.sanity.SanitySuiteUpdateProductName" time="0">
    <skipped/>
  </testcase>
  <testcase name="Refresh" classname="com.hasbrop2m.sanity.SanitySuiteUpdateProductName" time="0">
    <skipped/>
  </testcase>
  <testcase name="Refresh" classname="com.hasbrop2m.sanity.SanitySuiteUpdateProductName" time="0">
    <skipped/>
  </testcase>
  <testcase name="Refresh" classname="com.hasbrop2m.sanity.SanitySuiteUpdateProductName" time="0">
    <skipped/>
  </testcase>
  <testcase name="Refresh" classname="com.hasbrop2m.sanity.SanitySuiteUpdateProductName" time="0">
    <skipped/>
  </testcase>
  <testcase name="Refresh" classname="com.hasbrop2m.sanity.SanitySuiteUpdateProductName" time="0">
    <skipped/>
  </testcase>
  <testcase name="Refresh" classname="com.hasbrop2m.sanity.SanitySuiteUpdateProductName" time="0">
    <skipped/>
  </testcase>
  <testcase name="Refresh" classname="com.hasbrop2m.sanity.SanitySuiteUpdateProductName" time="0">
    <skipped/>
  </testcase>
  <testcase name="Refresh" classname="com.hasbrop2m.sanity.SanitySuiteUpdateProductName" time="0">
    <skipped/>
  </testcase>
  <testcase name="Refresh" classname="com.hasbrop2m.sanity.SanitySuiteUpdateProductName" time="0">
    <skipped/>
  </testcase>
  <testcase name="Refresh" classname="com.hasbrop2m.sanity.SanitySuiteUpdateProductName" time="0">
    <skipped/>
  </testcase>
  <testcase name="Refresh" classname="com.hasbrop2m.sanity.SanitySuiteUpdateProductName" time="0">
    <skipped/>
  </testcase>
  <testcase name="Refresh" classname="com.hasbrop2m.sanity.SanitySuiteUpdateProductName" time="0">
    <skipped/>
  </testcase>
  <testcase name="Refresh" classname="com.hasbrop2m.sanity.SanitySuiteUpdateProductName" time="0">
    <skipped/>
  </testcase>
  <testcase name="Refresh" classname="com.hasbrop2m.sanity.SanitySuiteUpdateProductName" time="0">
    <skipped/>
  </testcase>
  <testcase name="Refresh" classname="com.hasbrop2m.sanity.SanitySuiteUpdateProductName" time="0">
    <skipped/>
  </testcase>
  <testcase name="Refresh" classname="com.hasbrop2m.sanity.SanitySuiteUpdateProductName" time="0">
    <skipped/>
  </testcase>
  <testcase name="Refresh" classname="com.hasbrop2m.sanity.SanitySuiteUpdateProductName" time="0">
    <skipped/>
  </testcase>
  <testcase name="Refresh" classname="com.hasbrop2m.sanity.SanitySuiteUpdateProductName" time="0">
    <skipped/>
  </testcase>
  <testcase name="Refresh" classname="com.hasbrop2m.sanity.SanitySuiteUpdateProductName" time="0">
    <skipped/>
  </testcase>
  <testcase name="Refresh" classname="com.hasbrop2m.sanity.SanitySuiteUpdateProductName" time="0">
    <skipped/>
  </testcase>
  <testcase name="Refresh" classname="com.hasbrop2m.sanity.SanitySuiteUpdateProductName" time="0">
    <skipped/>
  </testcase>
  <testcase name="Refresh" classname="com.hasbrop2m.sanity.SanitySuiteUpdateProductName" time="0">
    <skipped/>
  </testcase>
  <testcase name="Refresh" classname="com.hasbrop2m.sanity.SanitySuiteUpdateProductName" time="0">
    <skipped/>
  </testcase>
  <testcase name="Refresh" classname="com.hasbrop2m.sanity.SanitySuiteUpdateProductName" time="0">
    <skipped/>
  </testcase>
  <testcase name="Refresh" classname="com.hasbrop2m.sanity.SanitySuiteUpdateProductName" time="0">
    <skipped/>
  </testcase>
  <testcase name="Refresh" classname="com.hasbrop2m.sanity.SanitySuiteUpdateProductName" time="0">
    <skipped/>
  </testcase>
  <testcase name="Refresh" classname="com.hasbrop2m.sanity.SanitySuiteUpdateProductName" time="0">
    <skipped/>
  </testcase>
  <testcase name="Refresh" classname="com.hasbrop2m.sanity.SanitySuiteUpdateProductName" time="0">
    <skipped/>
  </testcase>
  <testcase name="Refresh" classname="com.hasbrop2m.sanity.SanitySuiteUpdateProductName" time="0">
    <skipped/>
  </testcase>
  <testcase name="Refresh" classname="com.hasbrop2m.sanity.SanitySuiteUpdateProductName" time="0">
    <skipped/>
  </testcase>
  <testcase name="Refresh" classname="com.hasbrop2m.sanity.SanitySuiteUpdateProductName" time="0">
    <skipped/>
  </testcase>
  <testcase name="Refresh" classname="com.hasbrop2m.sanity.SanitySuiteUpdateProductName" time="0">
    <skipped/>
  </testcase>
  <testcase name="Refresh" classname="com.hasbrop2m.sanity.SanitySuiteUpdateProductName" time="0">
    <skipped/>
  </testcase>
  <testcase name="Refresh" classname="com.hasbrop2m.sanity.SanitySuiteUpdateProductName" time="0">
    <skipped/>
  </testcase>
  <testcase name="Refresh" classname="com.hasbrop2m.sanity.SanitySuiteUpdateProductName" time="0">
    <skipped/>
  </testcase>
  <testcase name="Refresh" classname="com.hasbrop2m.sanity.SanitySuiteUpdateProductName" time="0">
    <skipped/>
  </testcase>
  <testcase name="Refresh" classname="com.hasbrop2m.sanity.SanitySuiteUpdateProductName" time="0">
    <skipped/>
  </testcase>
  <testcase name="Refresh" classname="com.hasbrop2m.sanity.SanitySuiteUpdateProductName" time="0">
    <skipped/>
  </testcase>
  <testcase name="Refresh" classname="com.hasbrop2m.sanity.SanitySuiteUpdateProductName" time="0">
    <skipped/>
  </testcase>
  <testcase name="Refresh" classname="com.hasbrop2m.sanity.SanitySuiteUpdateProductName" time="0">
    <skipped/>
  </testcase>
  <testcase name="Refresh" classname="com.hasbrop2m.sanity.SanitySuiteUpdateProductName" time="0">
    <skipped/>
  </testcase>
  <testcase name="Refresh" classname="com.hasbrop2m.sanity.SanitySuiteUpdateProductName" time="0">
    <skipped/>
  </testcase>
  <testcase name="Refresh" classname="com.hasbrop2m.sanity.SanitySuiteUpdateProductName" time="0">
    <skipped/>
  </testcase>
  <testcase name="Refresh" classname="com.hasbrop2m.sanity.SanitySuiteUpdateProductName" time="0">
    <skipped/>
  </testcase>
  <testcase name="Refresh" classname="com.hasbrop2m.sanity.SanitySuiteUpdateProductName" time="0">
    <skipped/>
  </testcase>
  <testcase name="Refresh" classname="com.hasbrop2m.sanity.SanitySuiteUpdateProductName" time="0">
    <skipped/>
  </testcase>
  <testcase name="Refresh" classname="com.hasbrop2m.sanity.SanitySuiteUpdateProductName" time="0">
    <skipped/>
  </testcase>
  <testcase name="Refresh" classname="com.hasbrop2m.sanity.SanitySuiteUpdateProductName" time="0">
    <skipped/>
  </testcase>
  <testcase name="Refresh" classname="com.hasbrop2m.sanity.SanitySuiteUpdateProductName" time="0">
    <skipped/>
  </testcase>
  <testcase name="Refresh" classname="com.hasbrop2m.sanity.SanitySuiteUpdateProductName" time="0">
    <skipped/>
  </testcase>
  <testcase name="Refresh" classname="com.hasbrop2m.sanity.SanitySuiteUpdateProductName" time="0">
    <skipped/>
  </testcase>
  <testcase name="Refresh" classname="com.hasbrop2m.sanity.SanitySuiteUpdateProductName" time="0">
    <skipped/>
  </testcase>
  <testcase name="Refresh" classname="com.hasbrop2m.sanity.SanitySuiteUpdateProductName" time="0">
    <skipped/>
  </testcase>
  <testcase name="Refresh" classname="com.hasbrop2m.sanity.SanitySuiteUpdateProductName" time="0">
    <skipped/>
  </testcase>
  <testcase name="Refresh" classname="com.hasbrop2m.sanity.SanitySuiteUpdateProductName" time="0">
    <skipped/>
  </testcase>
  <testcase name="Refresh" classname="com.hasbrop2m.sanity.SanitySuiteUpdateProductName" time="0">
    <skipped/>
  </testcase>
  <testcase name="Refresh" classname="com.hasbrop2m.sanity.SanitySuiteUpdateProductName" time="0">
    <skipped/>
  </testcase>
  <testcase name="Refresh" classname="com.hasbrop2m.sanity.SanitySuiteUpdateProductName" time="0">
    <skipped/>
  </testcase>
  <testcase name="Refresh" classname="com.hasbrop2m.sanity.SanitySuiteUpdateProductName" time="0">
    <skipped/>
  </testcase>
  <testcase name="Refresh" classname="com.hasbrop2m.sanity.SanitySuiteUpdateProductName" time="0">
    <skipped/>
  </testcase>
  <testcase name="Refresh" classname="com.hasbrop2m.sanity.SanitySuiteUpdateProductName" time="0">
    <skipped/>
  </testcase>
  <testcase name="Refresh" classname="com.hasbrop2m.sanity.SanitySuiteUpdateProductName" time="0">
    <skipped/>
  </testcase>
  <testcase name="Refresh" classname="com.hasbrop2m.sanity.SanitySuiteUpdateProductName" time="0">
    <skipped/>
  </testcase>
  <testcase name="Refresh" classname="com.hasbrop2m.sanity.SanitySuiteUpdateProductName" time="0">
    <skipped/>
  </testcase>
  <testcase name="Refresh" classname="com.hasbrop2m.sanity.SanitySuiteUpdateProductName" time="0">
    <skipped/>
  </testcase>
  <testcase name="Refresh" classname="com.hasbrop2m.sanity.SanitySuiteUpdateProductName" time="0">
    <skipped/>
  </testcase>
  <testcase name="Refresh" classname="com.hasbrop2m.sanity.SanitySuiteUpdateProductName" time="0">
    <skipped/>
  </testcase>
  <testcase name="Refresh" classname="com.hasbrop2m.sanity.SanitySuiteUpdateProductName" time="0">
    <skipped/>
  </testcase>
  <testcase name="Refresh" classname="com.hasbrop2m.sanity.SanitySuiteUpdateProductName" time="0">
    <skipped/>
  </testcase>
  <testcase name="Refresh" classname="com.hasbrop2m.sanity.SanitySuiteUpdateProductName" time="0">
    <skipped/>
  </testcase>
  <testcase name="Refresh" classname="com.hasbrop2m.sanity.SanitySuiteUpdateProductName" time="0">
    <skipped/>
  </testcase>
  <testcase name="Refresh" classname="com.hasbrop2m.sanity.SanitySuiteUpdateProductName" time="0">
    <skipped/>
  </testcase>
  <testcase name="Refresh" classname="com.hasbrop2m.sanity.SanitySuiteUpdateProductName" time="0">
    <skipped/>
  </testcase>
  <testcase name="Refresh" classname="com.hasbrop2m.sanity.SanitySuiteUpdateProductName" time="0">
    <skipped/>
  </testcase>
  <testcase name="Refresh" classname="com.hasbrop2m.sanity.SanitySuiteUpdateProductName" time="0">
    <skipped/>
  </testcase>
  <testcase name="Refresh" classname="com.hasbrop2m.sanity.SanitySuiteUpdateProductName" time="0">
    <skipped/>
  </testcase>
  <testcase name="Refresh" classname="com.hasbrop2m.sanity.SanitySuiteUpdateProductName" time="0">
    <skipped/>
  </testcase>
  <testcase name="Refresh" classname="com.hasbrop2m.sanity.SanitySuiteUpdateProductName" time="0">
    <skipped/>
  </testcase>
  <testcase name="Refresh" classname="com.hasbrop2m.sanity.SanitySuiteUpdateProductName" time="0">
    <skipped/>
  </testcase>
  <testcase name="Refresh" classname="com.hasbrop2m.sanity.SanitySuiteUpdateProductName" time="0">
    <skipped/>
  </testcase>
  <testcase name="Refresh" classname="com.hasbrop2m.sanity.SanitySuiteUpdateProductName" time="0">
    <skipped/>
  </testcase>
  <testcase name="Refresh" classname="com.hasbrop2m.sanity.SanitySuiteUpdateProductName" time="0">
    <skipped/>
  </testcase>
  <testcase name="Refresh" classname="com.hasbrop2m.sanity.SanitySuiteUpdateProductName" time="0">
    <skipped/>
  </testcase>
  <testcase name="Refresh" classname="com.hasbrop2m.sanity.SanitySuiteUpdateProductName" time="0">
    <skipped/>
  </testcase>
  <testcase name="Refresh" classname="com.hasbrop2m.sanity.SanitySuiteUpdateProductName" time="0">
    <skipped/>
  </testcase>
  <testcase name="Refresh" classname="com.hasbrop2m.sanity.SanitySuiteUpdateProductName" time="0">
    <skipped/>
  </testcase>
  <testcase name="Refresh" classname="com.hasbrop2m.sanity.SanitySuiteUpdateProductName" time="0">
    <skipped/>
  </testcase>
  <testcase name="Refresh" classname="com.hasbrop2m.sanity.SanitySuiteUpdateProductName" time="0">
    <skipped/>
  </testcase>
  <testcase name="Refresh" classname="com.hasbrop2m.sanity.SanitySuiteUpdateProductName" time="0">
    <skipped/>
  </testcase>
  <testcase name="Refresh" classname="com.hasbrop2m.sanity.SanitySuiteUpdateProductName" time="0">
    <skipped/>
  </testcase>
  <testcase name="Refresh" classname="com.hasbrop2m.sanity.SanitySuiteUpdateProductName" time="0">
    <skipped/>
  </testcase>
  <testcase name="Refresh" classname="com.hasbrop2m.sanity.SanitySuiteUpdateProductName" time="0">
    <skipped/>
  </testcase>
  <testcase name="Refresh" classname="com.hasbrop2m.sanity.SanitySuiteUpdateProductName" time="0">
    <skipped/>
  </testcase>
  <testcase name="Refresh" classname="com.hasbrop2m.sanity.SanitySuiteUpdateProductName" time="0">
    <skipped/>
  </testcase>
  <testcase name="Refresh" classname="com.hasbrop2m.sanity.SanitySuiteUpdateProductName" time="0">
    <skipped/>
  </testcase>
  <testcase name="Refresh" classname="com.hasbrop2m.sanity.SanitySuiteUpdateProductName" time="0">
    <skipped/>
  </testcase>
  <testcase name="Refresh" classname="com.hasbrop2m.sanity.SanitySuiteUpdateProductName" time="0">
    <skipped/>
  </testcase>
  <testcase name="Refresh" classname="com.hasbrop2m.sanity.SanitySuiteUpdateProductName" time="0">
    <skipped/>
  </testcase>
  <testcase name="Refresh" classname="com.hasbrop2m.sanity.SanitySuiteUpdateProductName" time="0">
    <skipped/>
  </testcase>
  <testcase name="Refresh" classname="com.hasbrop2m.sanity.SanitySuiteUpdateProductName" time="0">
    <skipped/>
  </testcase>
  <testcase name="Refresh" classname="com.hasbrop2m.sanity.SanitySuiteUpdateProductName" time="0">
    <skipped/>
  </testcase>
  <testcase name="Refresh" classname="com.hasbrop2m.sanity.SanitySuiteUpdateProductName" time="0">
    <skipped/>
  </testcase>
  <testcase name="Refresh" classname="com.hasbrop2m.sanity.SanitySuiteUpdateProductName" time="0">
    <skipped/>
  </testcase>
  <testcase name="Refresh" classname="com.hasbrop2m.sanity.SanitySuiteUpdateProductName" time="0">
    <skipped/>
  </testcase>
  <testcase name="Refresh" classname="com.hasbrop2m.sanity.SanitySuiteUpdateProductName" time="0">
    <skipped/>
  </testcase>
  <testcase name="Refresh" classname="com.hasbrop2m.sanity.SanitySuiteUpdateProductName" time="0">
    <skipped/>
  </testcase>
  <testcase name="Refresh" classname="com.hasbrop2m.sanity.SanitySuiteUpdateProductName" time="0">
    <skipped/>
  </testcase>
  <testcase name="Refresh" classname="com.hasbrop2m.sanity.SanitySuiteUpdateProductName" time="0">
    <skipped/>
  </testcase>
  <testcase name="Refresh" classname="com.hasbrop2m.sanity.SanitySuiteUpdateProductName" time="0">
    <skipped/>
  </testcase>
  <testcase name="Refresh" classname="com.hasbrop2m.sanity.SanitySuiteUpdateProductName" time="0">
    <skipped/>
  </testcase>
  <testcase name="Refresh" classname="com.hasbrop2m.sanity.SanitySuiteUpdateProductName" time="0">
    <skipped/>
  </testcase>
  <testcase name="Refresh" classname="com.hasbrop2m.sanity.SanitySuiteUpdateProductName" time="0">
    <skipped/>
  </testcase>
  <testcase name="Refresh" classname="com.hasbrop2m.sanity.SanitySuiteUpdateProductName" time="0">
    <skipped/>
  </testcase>
  <testcase name="Refresh" classname="com.hasbrop2m.sanity.SanitySuiteUpdateProductName" time="0">
    <skipped/>
  </testcase>
  <testcase name="Refresh" classname="com.hasbrop2m.sanity.SanitySuiteUpdateProductName" time="0">
    <skipped/>
  </testcase>
  <testcase name="Refresh" classname="com.hasbrop2m.sanity.SanitySuiteUpdateProductName" time="0">
    <skipped/>
  </testcase>
  <testcase name="Refresh" classname="com.hasbrop2m.sanity.SanitySuiteUpdateProductName" time="0">
    <skipped/>
  </testcase>
  <testcase name="Refresh" classname="com.hasbrop2m.sanity.SanitySuiteUpdateProductName" time="0">
    <skipped/>
  </testcase>
  <testcase name="Refresh" classname="com.hasbrop2m.sanity.SanitySuiteUpdateProductName" time="0">
    <skipped/>
  </testcase>
  <testcase name="Refresh" classname="com.hasbrop2m.sanity.SanitySuiteUpdateProductName" time="0">
    <skipped/>
  </testcase>
  <testcase name="Refresh" classname="com.hasbrop2m.sanity.SanitySuiteUpdateProductName" time="0">
    <skipped/>
  </testcase>
  <testcase name="Refresh" classname="com.hasbrop2m.sanity.SanitySuiteUpdateProductName" time="0">
    <skipped/>
  </testcase>
  <testcase name="Refresh" classname="com.hasbrop2m.sanity.SanitySuiteUpdateProductName" time="0">
    <skipped/>
  </testcase>
  <testcase name="Refresh" classname="com.hasbrop2m.sanity.SanitySuiteUpdateProductName" time="0">
    <skipped/>
  </testcase>
  <testcase name="Refresh" classname="com.hasbrop2m.sanity.SanitySuiteUpdateProductName" time="0">
    <skipped/>
  </testcase>
  <testcase name="Refresh" classname="com.hasbrop2m.sanity.SanitySuiteUpdateProductName" time="0">
    <skipped/>
  </testcase>
  <testcase name="Refresh" classname="com.hasbrop2m.sanity.SanitySuiteUpdateProductName" time="0">
    <skipped/>
  </testcase>
  <testcase name="Refresh" classname="com.hasbrop2m.sanity.SanitySuiteUpdateProductName" time="0">
    <skipped/>
  </testcase>
  <testcase name="Refresh" classname="com.hasbrop2m.sanity.SanitySuiteUpdateProductName" time="0">
    <skipped/>
  </testcase>
  <testcase name="Refresh" classname="com.hasbrop2m.sanity.SanitySuiteUpdateProductName" time="0">
    <skipped/>
  </testcase>
  <testcase name="Refresh" classname="com.hasbrop2m.sanity.SanitySuiteUpdateProductName" time="0">
    <skipped/>
  </testcase>
  <testcase name="Refresh" classname="com.hasbrop2m.sanity.SanitySuiteUpdateProductName" time="0">
    <skipped/>
  </testcase>
  <testcase name="Refresh" classname="com.hasbrop2m.sanity.SanitySuiteUpdateProductName" time="0">
    <skipped/>
  </testcase>
  <testcase name="Refresh" classname="com.hasbrop2m.sanity.SanitySuiteUpdateProductName" time="0">
    <skipped/>
  </testcase>
  <testcase name="Refresh" classname="com.hasbrop2m.sanity.SanitySuiteUpdateProductName" time="0">
    <skipped/>
  </testcase>
  <testcase name="Refresh" classname="com.hasbrop2m.sanity.SanitySuiteUpdateProductName" time="0">
    <skipped/>
  </testcase>
  <testcase name="Refresh" classname="com.hasbrop2m.sanity.SanitySuiteUpdateProductName" time="0">
    <skipped/>
  </testcase>
  <testcase name="Refresh" classname="com.hasbrop2m.sanity.SanitySuiteUpdateProductName" time="0">
    <skipped/>
  </testcase>
  <testcase name="Refresh" classname="com.hasbrop2m.sanity.SanitySuiteUpdateProductName" time="0">
    <skipped/>
  </testcase>
  <testcase name="Refresh" classname="com.hasbrop2m.sanity.SanitySuiteUpdateProductName" time="0">
    <skipped/>
  </testcase>
  <testcase name="Refresh" classname="com.hasbrop2m.sanity.SanitySuiteUpdateProductName" time="0">
    <skipped/>
  </testcase>
  <testcase name="Refresh" classname="com.hasbrop2m.sanity.SanitySuiteUpdateProductName" time="0">
    <skipped/>
  </testcase>
  <testcase name="Refresh" classname="com.hasbrop2m.sanity.SanitySuiteUpdateProductName" time="0">
    <skipped/>
  </testcase>
  <testcase name="Refresh" classname="com.hasbrop2m.sanity.SanitySuiteUpdateProductName" time="0">
    <skipped/>
  </testcase>
  <testcase name="Refresh" classname="com.hasbrop2m.sanity.SanitySuiteUpdateProductName" time="0">
    <skipped/>
  </testcase>
  <testcase name="Refresh" classname="com.hasbrop2m.sanity.SanitySuiteUpdateProductName" time="0">
    <skipped/>
  </testcase>
  <testcase name="Refresh" classname="com.hasbrop2m.sanity.SanitySuiteUpdateProductName" time="0">
    <skipped/>
  </testcase>
  <testcase name="Refresh" classname="com.hasbrop2m.sanity.SanitySuiteUpdateProductName" time="0">
    <skipped/>
  </testcase>
  <testcase name="Refresh" classname="com.hasbrop2m.sanity.SanitySuiteUpdateProductName" time="0">
    <skipped/>
  </testcase>
  <testcase name="Refresh" classname="com.hasbrop2m.sanity.SanitySuiteUpdateProductName" time="0">
    <skipped/>
  </testcase>
  <testcase name="Refresh" classname="com.hasbrop2m.sanity.SanitySuiteUpdateProductName" time="0">
    <skipped/>
  </testcase>
  <testcase name="Refresh" classname="com.hasbrop2m.sanity.SanitySuiteUpdateProductName" time="0">
    <skipped/>
  </testcase>
  <testcase name="Refresh" classname="com.hasbrop2m.sanity.SanitySuiteUpdateProductName" time="0">
    <skipped/>
  </testcase>
  <testcase name="Refresh" classname="com.hasbrop2m.sanity.SanitySuiteUpdateProductName" time="0">
    <skipped/>
  </testcase>
  <testcase name="Refresh" classname="com.hasbrop2m.sanity.SanitySuiteUpdateProductName" time="0">
    <skipped/>
  </testcase>
  <testcase name="Refresh" classname="com.hasbrop2m.sanity.SanitySuiteUpdateProductName" time="0">
    <skipped/>
  </testcase>
  <testcase name="Refresh" classname="com.hasbrop2m.sanity.SanitySuiteUpdateProductName" time="0">
    <skipped/>
  </testcase>
  <testcase name="Refresh" classname="com.hasbrop2m.sanity.SanitySuiteUpdateProductName" time="0">
    <skipped/>
  </testcase>
  <testcase name="Refresh" classname="com.hasbrop2m.sanity.SanitySuiteUpdateProductName" time="0">
    <skipped/>
  </testcase>
  <testcase name="Refresh" classname="com.hasbrop2m.sanity.SanitySuiteUpdateProductName" time="0">
    <skipped/>
  </testcase>
  <testcase name="Refresh" classname="com.hasbrop2m.sanity.SanitySuiteUpdateProductName" time="0">
    <skipped/>
  </testcase>
  <testcase name="Refresh" classname="com.hasbrop2m.sanity.SanitySuiteUpdateProductName" time="0">
    <skipped/>
  </testcase>
  <testcase name="Refresh" classname="com.hasbrop2m.sanity.SanitySuiteUpdateProductName" time="0">
    <skipped/>
  </testcase>
  <testcase name="Refresh" classname="com.hasbrop2m.sanity.SanitySuiteUpdateProductName" time="0">
    <skipped/>
  </testcase>
  <testcase name="Refresh" classname="com.hasbrop2m.sanity.SanitySuiteUpdateProductName" time="0">
    <skipped/>
  </testcase>
  <testcase name="Refresh" classname="com.hasbrop2m.sanity.SanitySuiteUpdateProductName" time="0">
    <skipped/>
  </testcase>
  <testcase name="Refresh" classname="com.hasbrop2m.sanity.SanitySuiteUpdateProductName" time="0">
    <skipped/>
  </testcase>
  <testcase name="Refresh" classname="com.hasbrop2m.sanity.SanitySuiteUpdateProductName" time="0">
    <skipped/>
  </testcase>
  <testcase name="Refresh" classname="com.hasbrop2m.sanity.SanitySuiteUpdateProductName" time="0">
    <skipped/>
  </testcase>
  <testcase name="Refresh" classname="com.hasbrop2m.sanity.SanitySuiteUpdateProductName" time="0">
    <skipped/>
  </testcase>
  <testcase name="Refresh" classname="com.hasbrop2m.sanity.SanitySuiteUpdateProductName" time="0">
    <skipped/>
  </testcase>
  <testcase name="Refresh" classname="com.hasbrop2m.sanity.SanitySuiteUpdateProductName" time="0">
    <skipped/>
  </testcase>
  <testcase name="Refresh" classname="com.hasbrop2m.sanity.SanitySuiteUpdateProductName" time="0">
    <skipped/>
  </testcase>
  <testcase name="Refresh" classname="com.hasbrop2m.sanity.SanitySuiteUpdateProductName" time="0">
    <skipped/>
  </testcase>
  <testcase name="Refresh" classname="com.hasbrop2m.sanity.SanitySuiteUpdateProductName" time="0">
    <skipped/>
  </testcase>
  <testcase name="Refresh" classname="com.hasbrop2m.sanity.SanitySuiteUpdateProductName" time="0">
    <skipped/>
  </testcase>
  <testcase name="Refresh" classname="com.hasbrop2m.sanity.SanitySuiteUpdateProductName" time="0">
    <skipped/>
  </testcase>
  <testcase name="Refresh" classname="com.hasbrop2m.sanity.SanitySuiteUpdateProductName" time="0">
    <skipped/>
  </testcase>
  <testcase name="Refresh" classname="com.hasbrop2m.sanity.SanitySuiteUpdateProductName" time="0">
    <skipped/>
  </testcase>
  <testcase name="Refresh" classname="com.hasbrop2m.sanity.SanitySuiteUpdateProductName" time="0">
    <skipped/>
  </testcase>
  <testcase name="Refresh" classname="com.hasbrop2m.sanity.SanitySuiteUpdateProductName" time="0">
    <skipped/>
  </testcase>
  <testcase name="Refresh" classname="com.hasbrop2m.sanity.SanitySuiteUpdateProductName" time="0">
    <skipped/>
  </testcase>
  <testcase name="Refresh" classname="com.hasbrop2m.sanity.SanitySuiteUpdateProductName" time="0">
    <skipped/>
  </testcase>
  <testcase name="Refresh" classname="com.hasbrop2m.sanity.SanitySuiteUpdateProductName" time="0">
    <skipped/>
  </testcase>
  <testcase name="Refresh" classname="com.hasbrop2m.sanity.SanitySuiteUpdateProductName" time="0">
    <skipped/>
  </testcase>
  <testcase name="Refresh" classname="com.hasbrop2m.sanity.SanitySuiteUpdateProductName" time="0">
    <skipped/>
  </testcase>
  <testcase name="Refresh" classname="com.hasbrop2m.sanity.SanitySuiteUpdateProductName" time="0">
    <skipped/>
  </testcase>
  <testcase name="Refresh" classname="com.hasbrop2m.sanity.SanitySuiteUpdateProductName" time="0">
    <skipped/>
  </testcase>
  <testcase name="Refresh" classname="com.hasbrop2m.sanity.SanitySuiteUpdateProductName" time="0">
    <skipped/>
  </testcase>
  <testcase name="Refresh" classname="com.hasbrop2m.sanity.SanitySuiteUpdateProductName" time="0">
    <skipped/>
  </testcase>
  <testcase name="Refresh" classname="com.hasbrop2m.sanity.SanitySuiteUpdateProductName" time="0">
    <skipped/>
  </testcase>
  <testcase name="Refresh" classname="com.hasbrop2m.sanity.SanitySuiteUpdateProductName" time="0">
    <skipped/>
  </testcase>
  <testcase name="Refresh" classname="com.hasbrop2m.sanity.SanitySuiteUpdateProductName" time="0">
    <skipped/>
  </testcase>
  <testcase name="Refresh" classname="com.hasbrop2m.sanity.SanitySuiteUpdateProductName" time="0">
    <skipped/>
  </testcase>
  <testcase name="Refresh" classname="com.hasbrop2m.sanity.SanitySuiteUpdateProductName" time="0">
    <skipped/>
  </testcase>
  <testcase name="Refresh" classname="com.hasbrop2m.sanity.SanitySuiteUpdateProductName" time="0">
    <skipped/>
  </testcase>
  <testcase name="Refresh" classname="com.hasbrop2m.sanity.SanitySuiteUpdateProductName" time="0">
    <skipped/>
  </testcase>
  <testcase name="Refresh" classname="com.hasbrop2m.sanity.SanitySuiteUpdateProductName" time="0">
    <skipped/>
  </testcase>
  <testcase name="Refresh" classname="com.hasbrop2m.sanity.SanitySuiteUpdateProductName" time="0">
    <skipped/>
  </testcase>
  <testcase name="Refresh" classname="com.hasbrop2m.sanity.SanitySuiteUpdateProductName" time="0">
    <skipped/>
  </testcase>
  <testcase name="Refresh" classname="com.hasbrop2m.sanity.SanitySuiteUpdateProductName" time="0">
    <skipped/>
  </testcase>
  <testcase name="Refresh" classname="com.hasbrop2m.sanity.SanitySuiteUpdateProductName" time="0">
    <skipped/>
  </testcase>
  <testcase name="Refresh" classname="com.hasbrop2m.sanity.SanitySuiteUpdateProductName" time="0">
    <skipped/>
  </testcase>
  <testcase name="Refresh" classname="com.hasbrop2m.sanity.SanitySuiteUpdateProductName" time="0">
    <skipped/>
  </testcase>
  <testcase name="Refresh" classname="com.hasbrop2m.sanity.SanitySuiteUpdateProductName" time="0">
    <skipped/>
  </testcase>
  <testcase name="Refresh" classname="com.hasbrop2m.sanity.SanitySuiteUpdateProductName" time="0">
    <skipped/>
  </testcase>
  <testcase name="Refresh" classname="com.hasbrop2m.sanity.SanitySuiteUpdateProductName" time="0">
    <skipped/>
  </testcase>
  <testcase name="Refresh" classname="com.hasbrop2m.sanity.SanitySuiteUpdateProductName" time="0">
    <skipped/>
  </testcase>
  <testcase name="Refresh" classname="com.hasbrop2m.sanity.SanitySuiteUpdateProductName" time="0">
    <skipped/>
  </testcase>
  <testcase name="Refresh" classname="com.hasbrop2m.sanity.SanitySuiteUpdateProductName" time="0">
    <skipped/>
  </testcase>
  <testcase name="Refresh" classname="com.hasbrop2m.sanity.SanitySuiteUpdateProductName" time="0">
    <skipped/>
  </testcase>
  <testcase name="Refresh" classname="com.hasbrop2m.sanity.SanitySuiteUpdateProductName" time="0">
    <skipped/>
  </testcase>
  <testcase name="Refresh" classname="com.hasbrop2m.sanity.SanitySuiteUpdateProductName" time="0">
    <skipped/>
  </testcase>
  <testcase name="tcSCFunctional" classname="com.hasbrop2m.sanity.SanitySuiteUpdateProductName" time="0">
    <skipped/>
  </testcase>
  <testcase name="tcSCFunctional" classname="com.hasbrop2m.sanity.SanitySuiteUpdateProductName" time="0">
    <skipped/>
  </testcase>
  <testcase name="tcSCFunctional" classname="com.hasbrop2m.sanity.SanitySuiteUpdateProductName" time="0">
    <skipped/>
  </testcase>
  <testcase name="tcSCFunctional" classname="com.hasbrop2m.sanity.SanitySuiteUpdateProductName" time="0">
    <skipped/>
  </testcase>
  <testcase name="tcSCFunctional" classname="com.hasbrop2m.sanity.SanitySuiteUpdateProductName" time="0">
    <skipped/>
  </testcase>
  <testcase name="tcSCFunctional" classname="com.hasbrop2m.sanity.SanitySuiteUpdateProductName" time="0">
    <skipped/>
  </testcase>
  <testcase name="tcSCFunctional" classname="com.hasbrop2m.sanity.SanitySuiteUpdateProductName" time="0">
    <skipped/>
  </testcase>
  <testcase name="tcSCFunctional" classname="com.hasbrop2m.sanity.SanitySuiteUpdateProductName" time="0">
    <skipped/>
  </testcase>
  <testcase name="tcSCFunctional" classname="com.hasbrop2m.sanity.SanitySuiteUpdateProductName" time="0">
    <skipped/>
  </testcase>
  <testcase name="tcSCFunctional" classname="com.hasbrop2m.sanity.SanitySuiteUpdateProductName" time="0">
    <skipped/>
  </testcase>
  <testcase name="tcSCFunctional" classname="com.hasbrop2m.sanity.SanitySuiteUpdateProductName" time="0">
    <skipped/>
  </testcase>
  <testcase name="tcSCFunctional" classname="com.hasbrop2m.sanity.SanitySuiteUpdateProductName" time="0">
    <skipped/>
  </testcase>
  <testcase name="tcSCFunctional" classname="com.hasbrop2m.sanity.SanitySuiteUpdateProductName" time="0">
    <skipped/>
  </testcase>
  <testcase name="tcSCFunctional" classname="com.hasbrop2m.sanity.SanitySuiteUpdateProductName" time="0">
    <skipped/>
  </testcase>
  <testcase name="tcSCFunctional" classname="com.hasbrop2m.sanity.SanitySuiteUpdateProductName" time="0">
    <skipped/>
  </testcase>
  <testcase name="tcSCFunctional" classname="com.hasbrop2m.sanity.SanitySuiteUpdateProductName" time="0">
    <skipped/>
  </testcase>
  <testcase name="tcSCFunctional" classname="com.hasbrop2m.sanity.SanitySuiteUpdateProductName" time="0">
    <skipped/>
  </testcase>
  <testcase name="tcSCFunctional" classname="com.hasbrop2m.sanity.SanitySuiteUpdateProductName" time="0">
    <skipped/>
  </testcase>
  <testcase name="tcSCFunctional" classname="com.hasbrop2m.sanity.SanitySuiteUpdateProductName" time="0">
    <skipped/>
  </testcase>
  <testcase name="tcSCFunctional" classname="com.hasbrop2m.sanity.SanitySuiteUpdateProductName" time="0">
    <skipped/>
  </testcase>
  <testcase name="tcSCFunctional" classname="com.hasbrop2m.sanity.SanitySuiteUpdateProductName" time="0">
    <skipped/>
  </testcase>
  <testcase name="tcSCFunctional" classname="com.hasbrop2m.sanity.SanitySuiteUpdateProductName" time="0">
    <skipped/>
  </testcase>
  <testcase name="tcSCFunctional" classname="com.hasbrop2m.sanity.SanitySuiteUpdateProductName" time="0">
    <skipped/>
  </testcase>
  <testcase name="tcSCFunctional" classname="com.hasbrop2m.sanity.SanitySuiteUpdateProductName" time="0">
    <skipped/>
  </testcase>
  <testcase name="tcSCFunctional" classname="com.hasbrop2m.sanity.SanitySuiteUpdateProductName" time="0">
    <skipped/>
  </testcase>
  <testcase name="tcSCFunctional" classname="com.hasbrop2m.sanity.SanitySuiteUpdateProductName" time="0">
    <skipped/>
  </testcase>
  <testcase name="tcSCFunctional" classname="com.hasbrop2m.sanity.SanitySuiteUpdateProductName" time="0">
    <skipped/>
  </testcase>
  <testcase name="tcSCFunctional" classname="com.hasbrop2m.sanity.SanitySuiteUpdateProductName" time="0">
    <skipped/>
  </testcase>
  <testcase name="tcSCFunctional" classname="com.hasbrop2m.sanity.SanitySuiteUpdateProductName" time="0">
    <skipped/>
  </testcase>
  <testcase name="tcSCFunctional" classname="com.hasbrop2m.sanity.SanitySuiteUpdateProductName" time="0">
    <skipped/>
  </testcase>
  <testcase name="tcSCFunctional" classname="com.hasbrop2m.sanity.SanitySuiteUpdateProductName" time="0">
    <skipped/>
  </testcase>
  <testcase name="tcSCFunctional" classname="com.hasbrop2m.sanity.SanitySuiteUpdateProductName" time="0">
    <skipped/>
  </testcase>
  <testcase name="tcSCFunctional" classname="com.hasbrop2m.sanity.SanitySuiteUpdateProductName" time="0">
    <skipped/>
  </testcase>
  <testcase name="tcSCFunctional" classname="com.hasbrop2m.sanity.SanitySuiteUpdateProductName" time="0">
    <skipped/>
  </testcase>
  <testcase name="tcSCFunctional" classname="com.hasbrop2m.sanity.SanitySuiteUpdateProductName" time="0">
    <skipped/>
  </testcase>
  <testcase name="tcSCFunctional" classname="com.hasbrop2m.sanity.SanitySuiteUpdateProductName" time="0">
    <skipped/>
  </testcase>
  <testcase name="tcSCFunctional" classname="com.hasbrop2m.sanity.SanitySuiteUpdateProductName" time="0">
    <skipped/>
  </testcase>
  <testcase name="tcSCFunctional" classname="com.hasbrop2m.sanity.SanitySuiteUpdateProductName" time="0">
    <skipped/>
  </testcase>
  <testcase name="tcSCFunctional" classname="com.hasbrop2m.sanity.SanitySuiteUpdateProductName" time="0">
    <skipped/>
  </testcase>
  <testcase name="tcSCFunctional" classname="com.hasbrop2m.sanity.SanitySuiteUpdateProductName" time="0">
    <skipped/>
  </testcase>
  <testcase name="tcSCFunctional" classname="com.hasbrop2m.sanity.SanitySuiteUpdateProductName" time="0">
    <skipped/>
  </testcase>
  <testcase name="tcSCFunctional" classname="com.hasbrop2m.sanity.SanitySuiteUpdateProductName" time="0">
    <skipped/>
  </testcase>
  <testcase name="tcSCFunctional" classname="com.hasbrop2m.sanity.SanitySuiteUpdateProductName" time="0">
    <skipped/>
  </testcase>
  <testcase name="tcSCFunctional" classname="com.hasbrop2m.sanity.SanitySuiteUpdateProductName" time="0">
    <skipped/>
  </testcase>
  <testcase name="tcSCFunctional" classname="com.hasbrop2m.sanity.SanitySuiteUpdateProductName" time="0">
    <skipped/>
  </testcase>
  <testcase name="tcSCFunctional" classname="com.hasbrop2m.sanity.SanitySuiteUpdateProductName" time="0">
    <skipped/>
  </testcase>
  <testcase name="tcSCFunctional" classname="com.hasbrop2m.sanity.SanitySuiteUpdateProductName" time="0">
    <skipped/>
  </testcase>
  <testcase name="tcSCFunctional" classname="com.hasbrop2m.sanity.SanitySuiteUpdateProductName" time="0">
    <skipped/>
  </testcase>
  <testcase name="tcSCFunctional" classname="com.hasbrop2m.sanity.SanitySuiteUpdateProductName" time="0">
    <skipped/>
  </testcase>
  <testcase name="tcSCFunctional" classname="com.hasbrop2m.sanity.SanitySuiteUpdateProductName" time="0">
    <skipped/>
  </testcase>
  <testcase name="tcSCFunctional" classname="com.hasbrop2m.sanity.SanitySuiteUpdateProductName" time="0">
    <skipped/>
  </testcase>
  <testcase name="tcSCFunctional" classname="com.hasbrop2m.sanity.SanitySuiteUpdateProductName" time="0">
    <skipped/>
  </testcase>
  <testcase name="tcSCFunctional" classname="com.hasbrop2m.sanity.SanitySuiteUpdateProductName" time="0">
    <skipped/>
  </testcase>
  <testcase name="tcSCFunctional" classname="com.hasbrop2m.sanity.SanitySuiteUpdateProductName" time="0">
    <skipped/>
  </testcase>
  <testcase name="tcSCFunctional" classname="com.hasbrop2m.sanity.SanitySuiteUpdateProductName" time="0">
    <skipped/>
  </testcase>
  <testcase name="tcSCFunctional" classname="com.hasbrop2m.sanity.SanitySuiteUpdateProductName" time="0">
    <skipped/>
  </testcase>
  <testcase name="tcSCFunctional" classname="com.hasbrop2m.sanity.SanitySuiteUpdateProductName" time="0">
    <skipped/>
  </testcase>
  <testcase name="tcSCFunctional" classname="com.hasbrop2m.sanity.SanitySuiteUpdateProductName" time="0">
    <skipped/>
  </testcase>
  <testcase name="tcSCFunctional" classname="com.hasbrop2m.sanity.SanitySuiteUpdateProductName" time="0">
    <skipped/>
  </testcase>
  <testcase name="tcSCFunctional" classname="com.hasbrop2m.sanity.SanitySuiteUpdateProductName" time="0">
    <skipped/>
  </testcase>
  <testcase name="tcSCFunctional" classname="com.hasbrop2m.sanity.SanitySuiteUpdateProductName" time="0">
    <skipped/>
  </testcase>
  <testcase name="tcSCFunctional" classname="com.hasbrop2m.sanity.SanitySuiteUpdateProductName" time="0">
    <skipped/>
  </testcase>
  <testcase name="tcSCFunctional" classname="com.hasbrop2m.sanity.SanitySuiteUpdateProductName" time="0">
    <skipped/>
  </testcase>
  <testcase name="tcSCFunctional" classname="com.hasbrop2m.sanity.SanitySuiteUpdateProductName" time="0">
    <skipped/>
  </testcase>
  <testcase name="tcSCFunctional" classname="com.hasbrop2m.sanity.SanitySuiteUpdateProductName" time="0">
    <skipped/>
  </testcase>
  <testcase name="tcSCFunctional" classname="com.hasbrop2m.sanity.SanitySuiteUpdateProductName" time="0">
    <skipped/>
  </testcase>
  <testcase name="tcSCFunctional" classname="com.hasbrop2m.sanity.SanitySuiteUpdateProductName" time="0">
    <skipped/>
  </testcase>
  <testcase name="tcSCFunctional" classname="com.hasbrop2m.sanity.SanitySuiteUpdateProductName" time="0">
    <skipped/>
  </testcase>
  <testcase name="tcSCFunctional" classname="com.hasbrop2m.sanity.SanitySuiteUpdateProductName" time="0">
    <skipped/>
  </testcase>
  <testcase name="tcSCFunctional" classname="com.hasbrop2m.sanity.SanitySuiteUpdateProductName" time="0">
    <skipped/>
  </testcase>
  <testcase name="tcSCFunctional" classname="com.hasbrop2m.sanity.SanitySuiteUpdateProductName" time="0">
    <skipped/>
  </testcase>
  <testcase name="tcSCFunctional" classname="com.hasbrop2m.sanity.SanitySuiteUpdateProductName" time="0">
    <skipped/>
  </testcase>
  <testcase name="tcSCFunctional" classname="com.hasbrop2m.sanity.SanitySuiteUpdateProductName" time="0">
    <skipped/>
  </testcase>
  <testcase name="tcSCFunctional" classname="com.hasbrop2m.sanity.SanitySuiteUpdateProductName" time="0">
    <skipped/>
  </testcase>
  <testcase name="tcSCFunctional" classname="com.hasbrop2m.sanity.SanitySuiteUpdateProductName" time="0">
    <skipped/>
  </testcase>
  <testcase name="tcSCFunctional" classname="com.hasbrop2m.sanity.SanitySuiteUpdateProductName" time="0">
    <skipped/>
  </testcase>
  <testcase name="tcSCFunctional" classname="com.hasbrop2m.sanity.SanitySuiteUpdateProductName" time="0">
    <skipped/>
  </testcase>
  <testcase name="tcSCFunctional" classname="com.hasbrop2m.sanity.SanitySuiteUpdateProductName" time="0">
    <skipped/>
  </testcase>
  <testcase name="tcSCFunctional" classname="com.hasbrop2m.sanity.SanitySuiteUpdateProductName" time="0">
    <skipped/>
  </testcase>
  <testcase name="tcSCFunctional" classname="com.hasbrop2m.sanity.SanitySuiteUpdateProductName" time="0">
    <skipped/>
  </testcase>
  <testcase name="tcSCFunctional" classname="com.hasbrop2m.sanity.SanitySuiteUpdateProductName" time="0">
    <skipped/>
  </testcase>
  <testcase name="tcSCFunctional" classname="com.hasbrop2m.sanity.SanitySuiteUpdateProductName" time="0">
    <skipped/>
  </testcase>
  <testcase name="tcSCFunctional" classname="com.hasbrop2m.sanity.SanitySuiteUpdateProductName" time="0">
    <skipped/>
  </testcase>
  <testcase name="tcSCFunctional" classname="com.hasbrop2m.sanity.SanitySuiteUpdateProductName" time="0">
    <skipped/>
  </testcase>
  <testcase name="tcSCFunctional" classname="com.hasbrop2m.sanity.SanitySuiteUpdateProductName" time="0">
    <skipped/>
  </testcase>
  <testcase name="tcSCFunctional" classname="com.hasbrop2m.sanity.SanitySuiteUpdateProductName" time="0">
    <skipped/>
  </testcase>
  <testcase name="tcSCFunctional" classname="com.hasbrop2m.sanity.SanitySuiteUpdateProductName" time="0">
    <skipped/>
  </testcase>
  <testcase name="tcSCFunctional" classname="com.hasbrop2m.sanity.SanitySuiteUpdateProductName" time="0">
    <skipped/>
  </testcase>
  <testcase name="tcSCFunctional" classname="com.hasbrop2m.sanity.SanitySuiteUpdateProductName" time="0">
    <skipped/>
  </testcase>
  <testcase name="tcSCFunctional" classname="com.hasbrop2m.sanity.SanitySuiteUpdateProductName" time="0">
    <skipped/>
  </testcase>
  <testcase name="tcSCFunctional" classname="com.hasbrop2m.sanity.SanitySuiteUpdateProductName" time="0">
    <skipped/>
  </testcase>
  <testcase name="tcSCFunctional" classname="com.hasbrop2m.sanity.SanitySuiteUpdateProductName" time="0">
    <skipped/>
  </testcase>
  <testcase name="tcSCFunctional" classname="com.hasbrop2m.sanity.SanitySuiteUpdateProductName" time="0">
    <skipped/>
  </testcase>
  <testcase name="tcSCFunctional" classname="com.hasbrop2m.sanity.SanitySuiteUpdateProductName" time="0">
    <skipped/>
  </testcase>
  <testcase name="tcSCFunctional" classname="com.hasbrop2m.sanity.SanitySuiteUpdateProductName" time="0">
    <skipped/>
  </testcase>
  <testcase name="tcSCFunctional" classname="com.hasbrop2m.sanity.SanitySuiteUpdateProductName" time="0">
    <skipped/>
  </testcase>
  <testcase name="tcSCFunctional" classname="com.hasbrop2m.sanity.SanitySuiteUpdateProductName" time="0">
    <skipped/>
  </testcase>
  <testcase name="tcSCFunctional" classname="com.hasbrop2m.sanity.SanitySuiteUpdateProductName" time="0">
    <skipped/>
  </testcase>
  <testcase name="tcSCFunctional" classname="com.hasbrop2m.sanity.SanitySuiteUpdateProductName" time="0">
    <skipped/>
  </testcase>
  <testcase name="tcSCFunctional" classname="com.hasbrop2m.sanity.SanitySuiteUpdateProductName" time="0">
    <skipped/>
  </testcase>
  <testcase name="tcSCFunctional" classname="com.hasbrop2m.sanity.SanitySuiteUpdateProductName" time="0">
    <skipped/>
  </testcase>
  <testcase name="tcSCFunctional" classname="com.hasbrop2m.sanity.SanitySuiteUpdateProductName" time="0">
    <skipped/>
  </testcase>
  <testcase name="tcSCFunctional" classname="com.hasbrop2m.sanity.SanitySuiteUpdateProductName" time="0">
    <skipped/>
  </testcase>
  <testcase name="tcSCFunctional" classname="com.hasbrop2m.sanity.SanitySuiteUpdateProductName" time="0">
    <skipped/>
  </testcase>
  <testcase name="tcSCFunctional" classname="com.hasbrop2m.sanity.SanitySuiteUpdateProductName" time="0">
    <skipped/>
  </testcase>
  <testcase name="tcSCFunctional" classname="com.hasbrop2m.sanity.SanitySuiteUpdateProductName" time="0">
    <skipped/>
  </testcase>
  <testcase name="tcSCFunctional" classname="com.hasbrop2m.sanity.SanitySuiteUpdateProductName" time="0">
    <skipped/>
  </testcase>
  <testcase name="tcSCFunctional" classname="com.hasbrop2m.sanity.SanitySuiteUpdateProductName" time="0">
    <skipped/>
  </testcase>
  <testcase name="tcSCFunctional" classname="com.hasbrop2m.sanity.SanitySuiteUpdateProductName" time="0">
    <skipped/>
  </testcase>
  <testcase name="tcSCFunctional" classname="com.hasbrop2m.sanity.SanitySuiteUpdateProductName" time="0">
    <skipped/>
  </testcase>
  <testcase name="tcSCFunctional" classname="com.hasbrop2m.sanity.SanitySuiteUpdateProductName" time="0">
    <skipped/>
  </testcase>
  <testcase name="tcSCFunctional" classname="com.hasbrop2m.sanity.SanitySuiteUpdateProductName" time="0">
    <skipped/>
  </testcase>
  <testcase name="tcSCFunctional" classname="com.hasbrop2m.sanity.SanitySuiteUpdateProductName" time="0">
    <skipped/>
  </testcase>
  <testcase name="tcSCFunctional" classname="com.hasbrop2m.sanity.SanitySuiteUpdateProductName" time="0">
    <skipped/>
  </testcase>
  <testcase name="tcSCFunctional" classname="com.hasbrop2m.sanity.SanitySuiteUpdateProductName" time="0">
    <skipped/>
  </testcase>
  <testcase name="tcSCFunctional" classname="com.hasbrop2m.sanity.SanitySuiteUpdateProductName" time="0">
    <skipped/>
  </testcase>
  <testcase name="tcSCFunctional" classname="com.hasbrop2m.sanity.SanitySuiteUpdateProductName" time="0">
    <skipped/>
  </testcase>
  <testcase name="tcSCFunctional" classname="com.hasbrop2m.sanity.SanitySuiteUpdateProductName" time="0">
    <skipped/>
  </testcase>
  <testcase name="tcSCFunctional" classname="com.hasbrop2m.sanity.SanitySuiteUpdateProductName" time="0">
    <skipped/>
  </testcase>
  <testcase name="tcSCFunctional" classname="com.hasbrop2m.sanity.SanitySuiteUpdateProductName" time="0">
    <skipped/>
  </testcase>
  <testcase name="tcSCFunctional" classname="com.hasbrop2m.sanity.SanitySuiteUpdateProductName" time="0">
    <skipped/>
  </testcase>
  <testcase name="tcSCFunctional" classname="com.hasbrop2m.sanity.SanitySuiteUpdateProductName" time="0">
    <skipped/>
  </testcase>
  <testcase name="tcSCFunctional" classname="com.hasbrop2m.sanity.SanitySuiteUpdateProductName" time="0">
    <skipped/>
  </testcase>
  <testcase name="tcSCFunctional" classname="com.hasbrop2m.sanity.SanitySuiteUpdateProductName" time="0">
    <skipped/>
  </testcase>
  <testcase name="tcSCFunctional" classname="com.hasbrop2m.sanity.SanitySuiteUpdateProductName" time="0">
    <skipped/>
  </testcase>
  <testcase name="tcSCFunctional" classname="com.hasbrop2m.sanity.SanitySuiteUpdateProductName" time="0">
    <skipped/>
  </testcase>
  <testcase name="tcSCFunctional" classname="com.hasbrop2m.sanity.SanitySuiteUpdateProductName" time="0">
    <skipped/>
  </testcase>
  <testcase name="tcSCFunctional" classname="com.hasbrop2m.sanity.SanitySuiteUpdateProductName" time="0">
    <skipped/>
  </testcase>
  <testcase name="tcSCFunctional" classname="com.hasbrop2m.sanity.SanitySuiteUpdateProductName" time="0">
    <skipped/>
  </testcase>
  <testcase name="tcSCFunctional" classname="com.hasbrop2m.sanity.SanitySuiteUpdateProductName" time="0">
    <skipped/>
  </testcase>
  <testcase name="tcSCFunctional" classname="com.hasbrop2m.sanity.SanitySuiteUpdateProductName" time="0">
    <skipped/>
  </testcase>
  <testcase name="tcSCFunctional" classname="com.hasbrop2m.sanity.SanitySuiteUpdateProductName" time="0">
    <skipped/>
  </testcase>
  <testcase name="tcSCFunctional" classname="com.hasbrop2m.sanity.SanitySuiteUpdateProductName" time="0">
    <skipped/>
  </testcase>
  <testcase name="tcSCFunctional" classname="com.hasbrop2m.sanity.SanitySuiteUpdateProductName" time="0">
    <skipped/>
  </testcase>
  <testcase name="tcSCFunctional" classname="com.hasbrop2m.sanity.SanitySuiteUpdateProductName" time="0">
    <skipped/>
  </testcase>
  <testcase name="tcSCFunctional" classname="com.hasbrop2m.sanity.SanitySuiteUpdateProductName" time="0">
    <skipped/>
  </testcase>
  <testcase name="tcSCFunctional" classname="com.hasbrop2m.sanity.SanitySuiteUpdateProductName" time="0">
    <skipped/>
  </testcase>
  <testcase name="tcSCFunctional" classname="com.hasbrop2m.sanity.SanitySuiteUpdateProductName" time="0">
    <skipped/>
  </testcase>
  <testcase name="tcSCFunctional" classname="com.hasbrop2m.sanity.SanitySuiteUpdateProductName" time="0">
    <skipped/>
  </testcase>
  <testcase name="tcSCFunctional" classname="com.hasbrop2m.sanity.SanitySuiteUpdateProductName" time="0">
    <skipped/>
  </testcase>
  <testcase name="tcSCFunctional" classname="com.hasbrop2m.sanity.SanitySuiteUpdateProductName" time="0">
    <skipped/>
  </testcase>
  <testcase name="tcSCFunctional" classname="com.hasbrop2m.sanity.SanitySuiteUpdateProductName" time="0">
    <skipped/>
  </testcase>
  <testcase name="tcSCFunctional" classname="com.hasbrop2m.sanity.SanitySuiteUpdateProductName" time="0">
    <skipped/>
  </testcase>
  <testcase name="tcSCFunctional" classname="com.hasbrop2m.sanity.SanitySuiteUpdateProductName" time="0">
    <skipped/>
  </testcase>
  <testcase name="tcSCFunctional" classname="com.hasbrop2m.sanity.SanitySuiteUpdateProductName" time="0">
    <skipped/>
  </testcase>
  <testcase name="tcSCFunctional" classname="com.hasbrop2m.sanity.SanitySuiteUpdateProductName" time="0">
    <skipped/>
  </testcase>
  <testcase name="tcSCFunctional" classname="com.hasbrop2m.sanity.SanitySuiteUpdateProductName" time="0">
    <skipped/>
  </testcase>
  <testcase name="tcSCFunctional" classname="com.hasbrop2m.sanity.SanitySuiteUpdateProductName" time="0">
    <skipped/>
  </testcase>
  <testcase name="tcSCFunctional" classname="com.hasbrop2m.sanity.SanitySuiteUpdateProductName" time="0">
    <skipped/>
  </testcase>
  <testcase name="tcSCFunctional" classname="com.hasbrop2m.sanity.SanitySuiteUpdateProductName" time="0">
    <skipped/>
  </testcase>
  <testcase name="tcSCFunctional" classname="com.hasbrop2m.sanity.SanitySuiteUpdateProductName" time="0">
    <skipped/>
  </testcase>
  <testcase name="tcSCFunctional" classname="com.hasbrop2m.sanity.SanitySuiteUpdateProductName" time="0">
    <skipped/>
  </testcase>
  <testcase name="tcSCFunctional" classname="com.hasbrop2m.sanity.SanitySuiteUpdateProductName" time="0">
    <skipped/>
  </testcase>
  <testcase name="tcSCFunctional" classname="com.hasbrop2m.sanity.SanitySuiteUpdateProductName" time="0">
    <skipped/>
  </testcase>
  <testcase name="tcSCFunctional" classname="com.hasbrop2m.sanity.SanitySuiteUpdateProductName" time="0">
    <skipped/>
  </testcase>
  <testcase name="tcSCFunctional" classname="com.hasbrop2m.sanity.SanitySuiteUpdateProductName" time="0">
    <skipped/>
  </testcase>
  <testcase name="tcSCFunctional" classname="com.hasbrop2m.sanity.SanitySuiteUpdateProductName" time="0">
    <skipped/>
  </testcase>
  <testcase name="tcSCFunctional" classname="com.hasbrop2m.sanity.SanitySuiteUpdateProductName" time="0">
    <skipped/>
  </testcase>
  <testcase name="tcSCFunctional" classname="com.hasbrop2m.sanity.SanitySuiteUpdateProductName" time="0">
    <skipped/>
  </testcase>
  <testcase name="tcSCFunctional" classname="com.hasbrop2m.sanity.SanitySuiteUpdateProductName" time="0">
    <skipped/>
  </testcase>
  <testcase name="tcSCFunctional" classname="com.hasbrop2m.sanity.SanitySuiteUpdateProductName" time="0">
    <skipped/>
  </testcase>
  <testcase name="tcSCFunctional" classname="com.hasbrop2m.sanity.SanitySuiteUpdateProductName" time="0">
    <skipped/>
  </testcase>
  <testcase name="tcSCFunctional" classname="com.hasbrop2m.sanity.SanitySuiteUpdateProductName" time="0">
    <skipped/>
  </testcase>
  <testcase name="tcSCFunctional" classname="com.hasbrop2m.sanity.SanitySuiteUpdateProductName" time="0">
    <skipped/>
  </testcase>
  <testcase name="tcSCFunctional" classname="com.hasbrop2m.sanity.SanitySuiteUpdateProductName" time="0">
    <skipped/>
  </testcase>
  <testcase name="tcSCFunctional" classname="com.hasbrop2m.sanity.SanitySuiteUpdateProductName" time="0">
    <skipped/>
  </testcase>
  <testcase name="tcSCFunctional" classname="com.hasbrop2m.sanity.SanitySuiteUpdateProductName" time="0">
    <skipped/>
  </testcase>
  <testcase name="tcSCFunctional" classname="com.hasbrop2m.sanity.SanitySuiteUpdateProductName" time="0">
    <skipped/>
  </testcase>
  <testcase name="tcSCFunctional" classname="com.hasbrop2m.sanity.SanitySuiteUpdateProductName" time="0">
    <skipped/>
  </testcase>
  <testcase name="tcSCFunctional" classname="com.hasbrop2m.sanity.SanitySuiteUpdateProductName" time="0">
    <skipped/>
  </testcase>
  <testcase name="tcSCFunctional" classname="com.hasbrop2m.sanity.SanitySuiteUpdateProductName" time="0">
    <skipped/>
  </testcase>
  <testcase name="tcSCFunctional" classname="com.hasbrop2m.sanity.SanitySuiteUpdateProductName" time="0">
    <skipped/>
  </testcase>
  <testcase name="tcSCFunctional" classname="com.hasbrop2m.sanity.SanitySuiteUpdateProductName" time="0">
    <skipped/>
  </testcase>
  <testcase name="tcSCFunctional" classname="com.hasbrop2m.sanity.SanitySuiteUpdateProductName" time="0">
    <skipped/>
  </testcase>
  <testcase name="tcSCFunctional" classname="com.hasbrop2m.sanity.SanitySuiteUpdateProductName" time="0">
    <skipped/>
  </testcase>
  <testcase name="tcSCFunctional" classname="com.hasbrop2m.sanity.SanitySuiteUpdateProductName" time="0">
    <skipped/>
  </testcase>
  <testcase name="tcSCFunctional" classname="com.hasbrop2m.sanity.SanitySuiteUpdateProductName" time="0">
    <skipped/>
  </testcase>
  <testcase name="tcSCFunctional" classname="com.hasbrop2m.sanity.SanitySuiteUpdateProductName" time="0">
    <skipped/>
  </testcase>
  <testcase name="tcSCFunctional" classname="com.hasbrop2m.sanity.SanitySuiteUpdateProductName" time="0">
    <skipped/>
  </testcase>
  <testcase name="tcSCFunctional" classname="com.hasbrop2m.sanity.SanitySuiteUpdateProductName" time="0">
    <skipped/>
  </testcase>
  <testcase name="tcSCFunctional" classname="com.hasbrop2m.sanity.SanitySuiteUpdateProductName" time="0">
    <skipped/>
  </testcase>
  <testcase name="tcSCFunctional" classname="com.hasbrop2m.sanity.SanitySuiteUpdateProductName" time="0">
    <skipped/>
  </testcase>
  <testcase name="tcSCFunctional" classname="com.hasbrop2m.sanity.SanitySuiteUpdateProductName" time="0">
    <skipped/>
  </testcase>
  <testcase name="tcSCFunctional" classname="com.hasbrop2m.sanity.SanitySuiteUpdateProductName" time="0">
    <skipped/>
  </testcase>
  <testcase name="tcSCFunctional" classname="com.hasbrop2m.sanity.SanitySuiteUpdateProductName" time="0">
    <skipped/>
  </testcase>
  <testcase name="tcSCFunctional" classname="com.hasbrop2m.sanity.SanitySuiteUpdateProductName" time="0">
    <skipped/>
  </testcase>
  <testcase name="tcSCFunctional" classname="com.hasbrop2m.sanity.SanitySuiteUpdateProductName" time="0">
    <skipped/>
  </testcase>
  <testcase name="tcSCFunctional" classname="com.hasbrop2m.sanity.SanitySuiteUpdateProductName" time="0">
    <skipped/>
  </testcase>
  <testcase name="tcSCFunctional" classname="com.hasbrop2m.sanity.SanitySuiteUpdateProductName" time="0">
    <skipped/>
  </testcase>
  <testcase name="tcSCFunctional" classname="com.hasbrop2m.sanity.SanitySuiteUpdateProductName" time="0">
    <skipped/>
  </testcase>
  <testcase name="tcSCFunctional" classname="com.hasbrop2m.sanity.SanitySuiteUpdateProductName" time="0">
    <skipped/>
  </testcase>
  <testcase name="tcSCFunctional" classname="com.hasbrop2m.sanity.SanitySuiteUpdateProductName" time="0">
    <skipped/>
  </testcase>
  <testcase name="tcSCFunctional" classname="com.hasbrop2m.sanity.SanitySuiteUpdateProductName" time="0">
    <skipped/>
  </testcase>
  <testcase name="tcSCFunctional" classname="com.hasbrop2m.sanity.SanitySuiteUpdateProductName" time="0">
    <skipped/>
  </testcase>
  <testcase name="tcSCFunctional" classname="com.hasbrop2m.sanity.SanitySuiteUpdateProductName" time="0">
    <skipped/>
  </testcase>
  <testcase name="tcSCFunctional" classname="com.hasbrop2m.sanity.SanitySuiteUpdateProductName" time="0">
    <skipped/>
  </testcase>
  <testcase name="tcSCFunctional" classname="com.hasbrop2m.sanity.SanitySuiteUpdateProductName" time="0">
    <skipped/>
  </testcase>
  <testcase name="tcSCFunctional" classname="com.hasbrop2m.sanity.SanitySuiteUpdateProductName" time="0">
    <skipped/>
  </testcase>
  <testcase name="tcSCFunctional" classname="com.hasbrop2m.sanity.SanitySuiteUpdateProductName" time="0">
    <skipped/>
  </testcase>
  <testcase name="tcSCFunctional" classname="com.hasbrop2m.sanity.SanitySuiteUpdateProductName" time="0">
    <skipped/>
  </testcase>
  <testcase name="tcSCFunctional" classname="com.hasbrop2m.sanity.SanitySuiteUpdateProductName" time="0">
    <skipped/>
  </testcase>
  <testcase name="tcSCFunctional" classname="com.hasbrop2m.sanity.SanitySuiteUpdateProductName" time="0">
    <skipped/>
  </testcase>
  <testcase name="tcSCFunctional" classname="com.hasbrop2m.sanity.SanitySuiteUpdateProductName" time="0">
    <skipped/>
  </testcase>
  <testcase name="tcSCFunctional" classname="com.hasbrop2m.sanity.SanitySuiteUpdateProductName" time="0">
    <skipped/>
  </testcase>
  <testcase name="tcSCFunctional" classname="com.hasbrop2m.sanity.SanitySuiteUpdateProductName" time="0">
    <skipped/>
  </testcase>
  <testcase name="tcSCFunctional" classname="com.hasbrop2m.sanity.SanitySuiteUpdateProductName" time="0">
    <skipped/>
  </testcase>
  <testcase name="tcSCFunctional" classname="com.hasbrop2m.sanity.SanitySuiteUpdateProductName" time="0">
    <skipped/>
  </testcase>
  <testcase name="tcSCFunctional" classname="com.hasbrop2m.sanity.SanitySuiteUpdateProductName" time="0">
    <skipped/>
  </testcase>
  <testcase name="tcSCFunctional" classname="com.hasbrop2m.sanity.SanitySuiteUpdateProductName" time="0">
    <skipped/>
  </testcase>
  <testcase name="tcSCFunctional" classname="com.hasbrop2m.sanity.SanitySuiteUpdateProductName" time="0">
    <skipped/>
  </testcase>
  <testcase name="tcSCFunctional" classname="com.hasbrop2m.sanity.SanitySuiteUpdateProductName" time="0">
    <skipped/>
  </testcase>
  <testcase name="tcSCFunctional" classname="com.hasbrop2m.sanity.SanitySuiteUpdateProductName" time="0">
    <skipped/>
  </testcase>
  <testcase name="tcSCFunctional" classname="com.hasbrop2m.sanity.SanitySuiteUpdateProductName" time="0">
    <skipped/>
  </testcase>
  <testcase name="tcSCFunctional" classname="com.hasbrop2m.sanity.SanitySuiteUpdateProductName" time="0">
    <skipped/>
  </testcase>
  <testcase name="tcSCFunctional" classname="com.hasbrop2m.sanity.SanitySuiteUpdateProductName" time="0">
    <skipped/>
  </testcase>
  <testcase name="tcSCFunctional" classname="com.hasbrop2m.sanity.SanitySuiteUpdateProductName" time="0">
    <skipped/>
  </testcase>
  <testcase name="tcSCFunctional" classname="com.hasbrop2m.sanity.SanitySuiteUpdateProductName" time="0">
    <skipped/>
  </testcase>
  <testcase name="tcSCFunctional" classname="com.hasbrop2m.sanity.SanitySuiteUpdateProductName" time="0">
    <skipped/>
  </testcase>
  <testcase name="tcSCFunctional" classname="com.hasbrop2m.sanity.SanitySuiteUpdateProductName" time="0">
    <skipped/>
  </testcase>
  <testcase name="tcSCFunctional" classname="com.hasbrop2m.sanity.SanitySuiteUpdateProductName" time="0">
    <skipped/>
  </testcase>
  <testcase name="tcSCFunctional" classname="com.hasbrop2m.sanity.SanitySuiteUpdateProductName" time="0">
    <skipped/>
  </testcase>
  <testcase name="tcSCFunctional" classname="com.hasbrop2m.sanity.SanitySuiteUpdateProductName" time="0">
    <skipped/>
  </testcase>
  <testcase name="tcSCFunctional" classname="com.hasbrop2m.sanity.SanitySuiteUpdateProductName" time="0">
    <skipped/>
  </testcase>
  <testcase name="tcSCFunctional" classname="com.hasbrop2m.sanity.SanitySuiteUpdateProductName" time="0">
    <skipped/>
  </testcase>
  <testcase name="tcSCFunctional" classname="com.hasbrop2m.sanity.SanitySuiteUpdateProductName" time="0">
    <skipped/>
  </testcase>
  <testcase name="tcSCFunctional" classname="com.hasbrop2m.sanity.SanitySuiteUpdateProductName" time="0">
    <skipped/>
  </testcase>
  <testcase name="tcSCFunctional" classname="com.hasbrop2m.sanity.SanitySuiteUpdateProductName" time="0">
    <skipped/>
  </testcase>
  <testcase name="tcSCFunctional" classname="com.hasbrop2m.sanity.SanitySuiteUpdateProductName" time="0">
    <skipped/>
  </testcase>
  <testcase name="tcSCFunctional" classname="com.hasbrop2m.sanity.SanitySuiteUpdateProductName" time="0">
    <skipped/>
  </testcase>
  <testcase name="tcSCFunctional" classname="com.hasbrop2m.sanity.SanitySuiteUpdateProductName" time="0">
    <skipped/>
  </testcase>
  <testcase name="tcSCFunctional" classname="com.hasbrop2m.sanity.SanitySuiteUpdateProductName" time="0">
    <skipped/>
  </testcase>
  <testcase name="tcSCFunctional" classname="com.hasbrop2m.sanity.SanitySuiteUpdateProductName" time="0">
    <skipped/>
  </testcase>
  <testcase name="tcSCFunctional" classname="com.hasbrop2m.sanity.SanitySuiteUpdateProductName" time="0">
    <skipped/>
  </testcase>
  <testcase name="tcSCFunctional" classname="com.hasbrop2m.sanity.SanitySuiteUpdateProductName" time="0">
    <skipped/>
  </testcase>
  <testcase name="tcSCFunctional" classname="com.hasbrop2m.sanity.SanitySuiteUpdateProductName" time="0">
    <skipped/>
  </testcase>
  <testcase name="tcSCFunctional" classname="com.hasbrop2m.sanity.SanitySuiteUpdateProductName" time="0">
    <skipped/>
  </testcase>
  <testcase name="tcSCFunctional" classname="com.hasbrop2m.sanity.SanitySuiteUpdateProductName" time="0">
    <skipped/>
  </testcase>
  <testcase name="tcSCFunctional" classname="com.hasbrop2m.sanity.SanitySuiteUpdateProductName" time="0">
    <skipped/>
  </testcase>
  <testcase name="tcSCFunctional" classname="com.hasbrop2m.sanity.SanitySuiteUpdateProductName" time="0">
    <skipped/>
  </testcase>
  <testcase name="tcSCFunctional" classname="com.hasbrop2m.sanity.SanitySuiteUpdateProductName" time="0">
    <skipped/>
  </testcase>
  <testcase name="tcSCFunctional" classname="com.hasbrop2m.sanity.SanitySuiteUpdateProductName" time="0">
    <skipped/>
  </testcase>
  <testcase name="tcSCFunctional" classname="com.hasbrop2m.sanity.SanitySuiteUpdateProductName" time="0">
    <skipped/>
  </testcase>
  <testcase name="tcSCFunctional" classname="com.hasbrop2m.sanity.SanitySuiteUpdateProductName" time="0">
    <skipped/>
  </testcase>
  <testcase name="tcSCFunctional" classname="com.hasbrop2m.sanity.SanitySuiteUpdateProductName" time="0">
    <skipped/>
  </testcase>
  <testcase name="tcSCFunctional" classname="com.hasbrop2m.sanity.SanitySuiteUpdateProductName" time="0">
    <skipped/>
  </testcase>
  <testcase name="tcSCFunctional" classname="com.hasbrop2m.sanity.SanitySuiteUpdateProductName" time="0">
    <skipped/>
  </testcase>
  <testcase name="tcSCFunctional" classname="com.hasbrop2m.sanity.SanitySuiteUpdateProductName" time="0">
    <skipped/>
  </testcase>
  <testcase name="tcSCFunctional" classname="com.hasbrop2m.sanity.SanitySuiteUpdateProductName" time="0">
    <skipped/>
  </testcase>
  <testcase name="tcSCFunctional" classname="com.hasbrop2m.sanity.SanitySuiteUpdateProductName" time="0">
    <skipped/>
  </testcase>
  <testcase name="tcSCFunctional" classname="com.hasbrop2m.sanity.SanitySuiteUpdateProductName" time="0">
    <skipped/>
  </testcase>
  <testcase name="tcSCFunctional" classname="com.hasbrop2m.sanity.SanitySuiteUpdateProductName" time="0">
    <skipped/>
  </testcase>
  <testcase name="tcSCFunctional" classname="com.hasbrop2m.sanity.SanitySuiteUpdateProductName" time="0">
    <skipped/>
  </testcase>
  <testcase name="tcSCFunctional" classname="com.hasbrop2m.sanity.SanitySuiteUpdateProductName" time="0">
    <skipped/>
  </testcase>
  <testcase name="tcSCFunctional" classname="com.hasbrop2m.sanity.SanitySuiteUpdateProductName" time="0">
    <skipped/>
  </testcase>
  <testcase name="tcSCFunctional" classname="com.hasbrop2m.sanity.SanitySuiteUpdateProductName" time="0">
    <skipped/>
  </testcase>
  <testcase name="tcSCFunctional" classname="com.hasbrop2m.sanity.SanitySuiteUpdateProductName" time="0">
    <skipped/>
  </testcase>
  <testcase name="tcSCFunctional" classname="com.hasbrop2m.sanity.SanitySuiteUpdateProductName" time="0">
    <skipped/>
  </testcase>
  <testcase name="tcSCFunctional" classname="com.hasbrop2m.sanity.SanitySuiteUpdateProductName" time="0">
    <skipped/>
  </testcase>
  <testcase name="tcSCFunctional" classname="com.hasbrop2m.sanity.SanitySuiteUpdateProductName" time="0">
    <skipped/>
  </testcase>
  <testcase name="tcSCFunctional" classname="com.hasbrop2m.sanity.SanitySuiteUpdateProductName" time="0">
    <skipped/>
  </testcase>
  <testcase name="tcSCFunctional" classname="com.hasbrop2m.sanity.SanitySuiteUpdateProductName" time="0">
    <skipped/>
  </testcase>
  <testcase name="tcSCFunctional" classname="com.hasbrop2m.sanity.SanitySuiteUpdateProductName" time="0">
    <skipped/>
  </testcase>
  <testcase name="tcSCFunctional" classname="com.hasbrop2m.sanity.SanitySuiteUpdateProductName" time="0">
    <skipped/>
  </testcase>
  <testcase name="tcSCFunctional" classname="com.hasbrop2m.sanity.SanitySuiteUpdateProductName" time="0">
    <skipped/>
  </testcase>
  <testcase name="tcSCFunctional" classname="com.hasbrop2m.sanity.SanitySuiteUpdateProductName" time="0">
    <skipped/>
  </testcase>
  <testcase name="tcSCFunctional" classname="com.hasbrop2m.sanity.SanitySuiteUpdateProductName" time="0">
    <skipped/>
  </testcase>
  <testcase name="tcSCFunctional" classname="com.hasbrop2m.sanity.SanitySuiteUpdateProductName" time="0">
    <skipped/>
  </testcase>
  <testcase name="tcSCFunctional" classname="com.hasbrop2m.sanity.SanitySuiteUpdateProductName" time="0">
    <skipped/>
  </testcase>
  <testcase name="tcSCFunctional" classname="com.hasbrop2m.sanity.SanitySuiteUpdateProductName" time="0">
    <skipped/>
  </testcase>
  <testcase name="tcSCFunctional" classname="com.hasbrop2m.sanity.SanitySuiteUpdateProductName" time="0">
    <skipped/>
  </testcase>
  <testcase name="tcSCFunctional" classname="com.hasbrop2m.sanity.SanitySuiteUpdateProductName" time="0">
    <skipped/>
  </testcase>
  <testcase name="tcSCFunctional" classname="com.hasbrop2m.sanity.SanitySuiteUpdateProductName" time="0">
    <skipped/>
  </testcase>
  <testcase name="tcSCFunctional" classname="com.hasbrop2m.sanity.SanitySuiteUpdateProductName" time="0">
    <skipped/>
  </testcase>
  <testcase name="tcSCFunctional" classname="com.hasbrop2m.sanity.SanitySuiteUpdateProductName" time="0">
    <skipped/>
  </testcase>
  <testcase name="tcSCFunctional" classname="com.hasbrop2m.sanity.SanitySuiteUpdateProductName" time="0">
    <skipped/>
  </testcase>
  <testcase name="tcSCFunctional" classname="com.hasbrop2m.sanity.SanitySuiteUpdateProductName" time="0">
    <skipped/>
  </testcase>
  <testcase name="tcSCFunctional" classname="com.hasbrop2m.sanity.SanitySuiteUpdateProductName" time="0">
    <skipped/>
  </testcase>
  <testcase name="tcSCFunctional" classname="com.hasbrop2m.sanity.SanitySuiteUpdateProductName" time="0">
    <skipped/>
  </testcase>
  <testcase name="tcSCFunctional" classname="com.hasbrop2m.sanity.SanitySuiteUpdateProductName" time="0">
    <skipped/>
  </testcase>
  <testcase name="tcSCFunctional" classname="com.hasbrop2m.sanity.SanitySuiteUpdateProductName" time="0">
    <skipped/>
  </testcase>
  <testcase name="tcSCFunctional" classname="com.hasbrop2m.sanity.SanitySuiteUpdateProductName" time="0">
    <skipped/>
  </testcase>
  <testcase name="tcSCFunctional" classname="com.hasbrop2m.sanity.SanitySuiteUpdateProductName" time="0">
    <skipped/>
  </testcase>
  <testcase name="tcSCFunctional" classname="com.hasbrop2m.sanity.SanitySuiteUpdateProductName" time="0">
    <skipped/>
  </testcase>
  <testcase name="tcSCFunctional" classname="com.hasbrop2m.sanity.SanitySuiteUpdateProductName" time="0">
    <skipped/>
  </testcase>
  <testcase name="tcSCFunctional" classname="com.hasbrop2m.sanity.SanitySuiteUpdateProductName" time="0">
    <skipped/>
  </testcase>
  <testcase name="tcSCFunctional" classname="com.hasbrop2m.sanity.SanitySuiteUpdateProductName" time="0">
    <skipped/>
  </testcase>
  <testcase name="tcSCFunctional" classname="com.hasbrop2m.sanity.SanitySuiteUpdateProductName" time="0">
    <skipped/>
  </testcase>
  <testcase name="tcSCFunctional" classname="com.hasbrop2m.sanity.SanitySuiteUpdateProductName" time="0">
    <skipped/>
  </testcase>
  <testcase name="tcSCFunctional" classname="com.hasbrop2m.sanity.SanitySuiteUpdateProductName" time="0">
    <skipped/>
  </testcase>
  <testcase name="tcSCFunctional" classname="com.hasbrop2m.sanity.SanitySuiteUpdateProductName" time="0">
    <skipped/>
  </testcase>
  <testcase name="tcSCFunctional" classname="com.hasbrop2m.sanity.SanitySuiteUpdateProductName" time="0">
    <skipped/>
  </testcase>
  <testcase name="tcSCFunctional" classname="com.hasbrop2m.sanity.SanitySuiteUpdateProductName" time="0">
    <skipped/>
  </testcase>
  <testcase name="tcSCFunctional" classname="com.hasbrop2m.sanity.SanitySuiteUpdateProductName" time="0">
    <skipped/>
  </testcase>
  <testcase name="tcSCFunctional" classname="com.hasbrop2m.sanity.SanitySuiteUpdateProductName" time="0">
    <skipped/>
  </testcase>
  <testcase name="tcSCFunctional" classname="com.hasbrop2m.sanity.SanitySuiteUpdateProductName" time="0">
    <skipped/>
  </testcase>
  <testcase name="tcSCFunctional" classname="com.hasbrop2m.sanity.SanitySuiteUpdateProductName" time="0">
    <skipped/>
  </testcase>
  <testcase name="tcSCFunctional" classname="com.hasbrop2m.sanity.SanitySuiteUpdateProductName" time="0">
    <skipped/>
  </testcase>
  <testcase name="tcSCFunctional" classname="com.hasbrop2m.sanity.SanitySuiteUpdateProductName" time="0">
    <skipped/>
  </testcase>
  <testcase name="tcSCFunctional" classname="com.hasbrop2m.sanity.SanitySuiteUpdateProductName" time="0">
    <skipped/>
  </testcase>
  <testcase name="tcSCFunctional" classname="com.hasbrop2m.sanity.SanitySuiteUpdateProductName" time="0">
    <skipped/>
  </testcase>
  <testcase name="reporterdataSetResult" classname="com.hasbrop2m.sanity.SanitySuiteUpdateProductName" time="0">
    <skipped/>
  </testcase>
  <testcase name="reporterdataSetResult" classname="com.hasbrop2m.sanity.SanitySuiteUpdateProductName" time="0">
    <skipped/>
  </testcase>
  <testcase name="reporterdataSetResult" classname="com.hasbrop2m.sanity.SanitySuiteUpdateProductName" time="0">
    <skipped/>
  </testcase>
  <testcase name="reporterdataSetResult" classname="com.hasbrop2m.sanity.SanitySuiteUpdateProductName" time="0">
    <skipped/>
  </testcase>
  <testcase name="reporterdataSetResult" classname="com.hasbrop2m.sanity.SanitySuiteUpdateProductName" time="0">
    <skipped/>
  </testcase>
  <testcase name="reporterdataSetResult" classname="com.hasbrop2m.sanity.SanitySuiteUpdateProductName" time="0">
    <skipped/>
  </testcase>
  <testcase name="reporterdataSetResult" classname="com.hasbrop2m.sanity.SanitySuiteUpdateProductName" time="0">
    <skipped/>
  </testcase>
  <testcase name="reporterdataSetResult" classname="com.hasbrop2m.sanity.SanitySuiteUpdateProductName" time="0">
    <skipped/>
  </testcase>
  <testcase name="reporterdataSetResult" classname="com.hasbrop2m.sanity.SanitySuiteUpdateProductName" time="0">
    <skipped/>
  </testcase>
  <testcase name="reporterdataSetResult" classname="com.hasbrop2m.sanity.SanitySuiteUpdateProductName" time="0">
    <skipped/>
  </testcase>
  <testcase name="reporterdataSetResult" classname="com.hasbrop2m.sanity.SanitySuiteUpdateProductName" time="0">
    <skipped/>
  </testcase>
  <testcase name="reporterdataSetResult" classname="com.hasbrop2m.sanity.SanitySuiteUpdateProductName" time="0">
    <skipped/>
  </testcase>
  <testcase name="reporterdataSetResult" classname="com.hasbrop2m.sanity.SanitySuiteUpdateProductName" time="0">
    <skipped/>
  </testcase>
  <testcase name="reporterdataSetResult" classname="com.hasbrop2m.sanity.SanitySuiteUpdateProductName" time="0">
    <skipped/>
  </testcase>
  <testcase name="reporterdataSetResult" classname="com.hasbrop2m.sanity.SanitySuiteUpdateProductName" time="0">
    <skipped/>
  </testcase>
  <testcase name="reporterdataSetResult" classname="com.hasbrop2m.sanity.SanitySuiteUpdateProductName" time="0">
    <skipped/>
  </testcase>
  <testcase name="reporterdataSetResult" classname="com.hasbrop2m.sanity.SanitySuiteUpdateProductName" time="0">
    <skipped/>
  </testcase>
  <testcase name="reporterdataSetResult" classname="com.hasbrop2m.sanity.SanitySuiteUpdateProductName" time="0">
    <skipped/>
  </testcase>
  <testcase name="reporterdataSetResult" classname="com.hasbrop2m.sanity.SanitySuiteUpdateProductName" time="0">
    <skipped/>
  </testcase>
  <testcase name="reporterdataSetResult" classname="com.hasbrop2m.sanity.SanitySuiteUpdateProductName" time="0">
    <skipped/>
  </testcase>
  <testcase name="reporterdataSetResult" classname="com.hasbrop2m.sanity.SanitySuiteUpdateProductName" time="0">
    <skipped/>
  </testcase>
  <testcase name="reporterdataSetResult" classname="com.hasbrop2m.sanity.SanitySuiteUpdateProductName" time="0">
    <skipped/>
  </testcase>
  <testcase name="reporterdataSetResult" classname="com.hasbrop2m.sanity.SanitySuiteUpdateProductName" time="0">
    <skipped/>
  </testcase>
  <testcase name="reporterdataSetResult" classname="com.hasbrop2m.sanity.SanitySuiteUpdateProductName" time="0">
    <skipped/>
  </testcase>
  <testcase name="reporterdataSetResult" classname="com.hasbrop2m.sanity.SanitySuiteUpdateProductName" time="0">
    <skipped/>
  </testcase>
  <testcase name="reporterdataSetResult" classname="com.hasbrop2m.sanity.SanitySuiteUpdateProductName" time="0">
    <skipped/>
  </testcase>
  <testcase name="reporterdataSetResult" classname="com.hasbrop2m.sanity.SanitySuiteUpdateProductName" time="0">
    <skipped/>
  </testcase>
  <testcase name="reporterdataSetResult" classname="com.hasbrop2m.sanity.SanitySuiteUpdateProductName" time="0">
    <skipped/>
  </testcase>
  <testcase name="reporterdataSetResult" classname="com.hasbrop2m.sanity.SanitySuiteUpdateProductName" time="0">
    <skipped/>
  </testcase>
  <testcase name="reporterdataSetResult" classname="com.hasbrop2m.sanity.SanitySuiteUpdateProductName" time="0">
    <skipped/>
  </testcase>
  <testcase name="reporterdataSetResult" classname="com.hasbrop2m.sanity.SanitySuiteUpdateProductName" time="0">
    <skipped/>
  </testcase>
  <testcase name="reporterdataSetResult" classname="com.hasbrop2m.sanity.SanitySuiteUpdateProductName" time="0">
    <skipped/>
  </testcase>
  <testcase name="reporterdataSetResult" classname="com.hasbrop2m.sanity.SanitySuiteUpdateProductName" time="0">
    <skipped/>
  </testcase>
  <testcase name="reporterdataSetResult" classname="com.hasbrop2m.sanity.SanitySuiteUpdateProductName" time="0">
    <skipped/>
  </testcase>
  <testcase name="reporterdataSetResult" classname="com.hasbrop2m.sanity.SanitySuiteUpdateProductName" time="0">
    <skipped/>
  </testcase>
  <testcase name="reporterdataSetResult" classname="com.hasbrop2m.sanity.SanitySuiteUpdateProductName" time="0">
    <skipped/>
  </testcase>
  <testcase name="reporterdataSetResult" classname="com.hasbrop2m.sanity.SanitySuiteUpdateProductName" time="0">
    <skipped/>
  </testcase>
  <testcase name="reporterdataSetResult" classname="com.hasbrop2m.sanity.SanitySuiteUpdateProductName" time="0">
    <skipped/>
  </testcase>
  <testcase name="reporterdataSetResult" classname="com.hasbrop2m.sanity.SanitySuiteUpdateProductName" time="0">
    <skipped/>
  </testcase>
  <testcase name="reporterdataSetResult" classname="com.hasbrop2m.sanity.SanitySuiteUpdateProductName" time="0">
    <skipped/>
  </testcase>
  <testcase name="reporterdataSetResult" classname="com.hasbrop2m.sanity.SanitySuiteUpdateProductName" time="0">
    <skipped/>
  </testcase>
  <testcase name="reporterdataSetResult" classname="com.hasbrop2m.sanity.SanitySuiteUpdateProductName" time="0">
    <skipped/>
  </testcase>
  <testcase name="reporterdataSetResult" classname="com.hasbrop2m.sanity.SanitySuiteUpdateProductName" time="0">
    <skipped/>
  </testcase>
  <testcase name="reporterdataSetResult" classname="com.hasbrop2m.sanity.SanitySuiteUpdateProductName" time="0">
    <skipped/>
  </testcase>
  <testcase name="reporterdataSetResult" classname="com.hasbrop2m.sanity.SanitySuiteUpdateProductName" time="0">
    <skipped/>
  </testcase>
  <testcase name="reporterdataSetResult" classname="com.hasbrop2m.sanity.SanitySuiteUpdateProductName" time="0">
    <skipped/>
  </testcase>
  <testcase name="reporterdataSetResult" classname="com.hasbrop2m.sanity.SanitySuiteUpdateProductName" time="0">
    <skipped/>
  </testcase>
  <testcase name="reporterdataSetResult" classname="com.hasbrop2m.sanity.SanitySuiteUpdateProductName" time="0">
    <skipped/>
  </testcase>
  <testcase name="reporterdataSetResult" classname="com.hasbrop2m.sanity.SanitySuiteUpdateProductName" time="0">
    <skipped/>
  </testcase>
  <testcase name="reporterdataSetResult" classname="com.hasbrop2m.sanity.SanitySuiteUpdateProductName" time="0">
    <skipped/>
  </testcase>
  <testcase name="reporterdataSetResult" classname="com.hasbrop2m.sanity.SanitySuiteUpdateProductName" time="0">
    <skipped/>
  </testcase>
  <testcase name="reporterdataSetResult" classname="com.hasbrop2m.sanity.SanitySuiteUpdateProductName" time="0">
    <skipped/>
  </testcase>
  <testcase name="reporterdataSetResult" classname="com.hasbrop2m.sanity.SanitySuiteUpdateProductName" time="0">
    <skipped/>
  </testcase>
  <testcase name="reporterdataSetResult" classname="com.hasbrop2m.sanity.SanitySuiteUpdateProductName" time="0">
    <skipped/>
  </testcase>
  <testcase name="reporterdataSetResult" classname="com.hasbrop2m.sanity.SanitySuiteUpdateProductName" time="0">
    <skipped/>
  </testcase>
  <testcase name="reporterdataSetResult" classname="com.hasbrop2m.sanity.SanitySuiteUpdateProductName" time="0">
    <skipped/>
  </testcase>
  <testcase name="reporterdataSetResult" classname="com.hasbrop2m.sanity.SanitySuiteUpdateProductName" time="0">
    <skipped/>
  </testcase>
  <testcase name="reporterdataSetResult" classname="com.hasbrop2m.sanity.SanitySuiteUpdateProductName" time="0">
    <skipped/>
  </testcase>
  <testcase name="reporterdataSetResult" classname="com.hasbrop2m.sanity.SanitySuiteUpdateProductName" time="0">
    <skipped/>
  </testcase>
  <testcase name="reporterdataSetResult" classname="com.hasbrop2m.sanity.SanitySuiteUpdateProductName" time="0">
    <skipped/>
  </testcase>
  <testcase name="reporterdataSetResult" classname="com.hasbrop2m.sanity.SanitySuiteUpdateProductName" time="0">
    <skipped/>
  </testcase>
  <testcase name="reporterdataSetResult" classname="com.hasbrop2m.sanity.SanitySuiteUpdateProductName" time="0">
    <skipped/>
  </testcase>
  <testcase name="reporterdataSetResult" classname="com.hasbrop2m.sanity.SanitySuiteUpdateProductName" time="0">
    <skipped/>
  </testcase>
  <testcase name="reporterdataSetResult" classname="com.hasbrop2m.sanity.SanitySuiteUpdateProductName" time="0">
    <skipped/>
  </testcase>
  <testcase name="reporterdataSetResult" classname="com.hasbrop2m.sanity.SanitySuiteUpdateProductName" time="0">
    <skipped/>
  </testcase>
  <testcase name="reporterdataSetResult" classname="com.hasbrop2m.sanity.SanitySuiteUpdateProductName" time="0">
    <skipped/>
  </testcase>
  <testcase name="reporterdataSetResult" classname="com.hasbrop2m.sanity.SanitySuiteUpdateProductName" time="0">
    <skipped/>
  </testcase>
  <testcase name="reporterdataSetResult" classname="com.hasbrop2m.sanity.SanitySuiteUpdateProductName" time="0">
    <skipped/>
  </testcase>
  <testcase name="reporterdataSetResult" classname="com.hasbrop2m.sanity.SanitySuiteUpdateProductName" time="0">
    <skipped/>
  </testcase>
  <testcase name="reporterdataSetResult" classname="com.hasbrop2m.sanity.SanitySuiteUpdateProductName" time="0">
    <skipped/>
  </testcase>
  <testcase name="reporterdataSetResult" classname="com.hasbrop2m.sanity.SanitySuiteUpdateProductName" time="0">
    <skipped/>
  </testcase>
  <testcase name="reporterdataSetResult" classname="com.hasbrop2m.sanity.SanitySuiteUpdateProductName" time="0">
    <skipped/>
  </testcase>
  <testcase name="reporterdataSetResult" classname="com.hasbrop2m.sanity.SanitySuiteUpdateProductName" time="0">
    <skipped/>
  </testcase>
  <testcase name="reporterdataSetResult" classname="com.hasbrop2m.sanity.SanitySuiteUpdateProductName" time="0">
    <skipped/>
  </testcase>
  <testcase name="reporterdataSetResult" classname="com.hasbrop2m.sanity.SanitySuiteUpdateProductName" time="0">
    <skipped/>
  </testcase>
  <testcase name="reporterdataSetResult" classname="com.hasbrop2m.sanity.SanitySuiteUpdateProductName" time="0">
    <skipped/>
  </testcase>
  <testcase name="reporterdataSetResult" classname="com.hasbrop2m.sanity.SanitySuiteUpdateProductName" time="0">
    <skipped/>
  </testcase>
  <testcase name="reporterdataSetResult" classname="com.hasbrop2m.sanity.SanitySuiteUpdateProductName" time="0">
    <skipped/>
  </testcase>
  <testcase name="reporterdataSetResult" classname="com.hasbrop2m.sanity.SanitySuiteUpdateProductName" time="0">
    <skipped/>
  </testcase>
  <testcase name="reporterdataSetResult" classname="com.hasbrop2m.sanity.SanitySuiteUpdateProductName" time="0">
    <skipped/>
  </testcase>
  <testcase name="reporterdataSetResult" classname="com.hasbrop2m.sanity.SanitySuiteUpdateProductName" time="0">
    <skipped/>
  </testcase>
  <testcase name="reporterdataSetResult" classname="com.hasbrop2m.sanity.SanitySuiteUpdateProductName" time="0">
    <skipped/>
  </testcase>
  <testcase name="reporterdataSetResult" classname="com.hasbrop2m.sanity.SanitySuiteUpdateProductName" time="0">
    <skipped/>
  </testcase>
  <testcase name="reporterdataSetResult" classname="com.hasbrop2m.sanity.SanitySuiteUpdateProductName" time="0">
    <skipped/>
  </testcase>
  <testcase name="reporterdataSetResult" classname="com.hasbrop2m.sanity.SanitySuiteUpdateProductName" time="0">
    <skipped/>
  </testcase>
  <testcase name="reporterdataSetResult" classname="com.hasbrop2m.sanity.SanitySuiteUpdateProductName" time="0">
    <skipped/>
  </testcase>
  <testcase name="reporterdataSetResult" classname="com.hasbrop2m.sanity.SanitySuiteUpdateProductName" time="0">
    <skipped/>
  </testcase>
  <testcase name="reporterdataSetResult" classname="com.hasbrop2m.sanity.SanitySuiteUpdateProductName" time="0">
    <skipped/>
  </testcase>
  <testcase name="reporterdataSetResult" classname="com.hasbrop2m.sanity.SanitySuiteUpdateProductName" time="0">
    <skipped/>
  </testcase>
  <testcase name="reporterdataSetResult" classname="com.hasbrop2m.sanity.SanitySuiteUpdateProductName" time="0">
    <skipped/>
  </testcase>
  <testcase name="reporterdataSetResult" classname="com.hasbrop2m.sanity.SanitySuiteUpdateProductName" time="0">
    <skipped/>
  </testcase>
  <testcase name="reporterdataSetResult" classname="com.hasbrop2m.sanity.SanitySuiteUpdateProductName" time="0">
    <skipped/>
  </testcase>
  <testcase name="reporterdataSetResult" classname="com.hasbrop2m.sanity.SanitySuiteUpdateProductName" time="0">
    <skipped/>
  </testcase>
  <testcase name="reporterdataSetResult" classname="com.hasbrop2m.sanity.SanitySuiteUpdateProductName" time="0">
    <skipped/>
  </testcase>
  <testcase name="reporterdataSetResult" classname="com.hasbrop2m.sanity.SanitySuiteUpdateProductName" time="0">
    <skipped/>
  </testcase>
  <testcase name="reporterdataSetResult" classname="com.hasbrop2m.sanity.SanitySuiteUpdateProductName" time="0">
    <skipped/>
  </testcase>
  <testcase name="reporterdataSetResult" classname="com.hasbrop2m.sanity.SanitySuiteUpdateProductName" time="0">
    <skipped/>
  </testcase>
  <testcase name="reporterdataSetResult" classname="com.hasbrop2m.sanity.SanitySuiteUpdateProductName" time="0">
    <skipped/>
  </testcase>
  <testcase name="reporterdataSetResult" classname="com.hasbrop2m.sanity.SanitySuiteUpdateProductName" time="0">
    <skipped/>
  </testcase>
  <testcase name="reporterdataSetResult" classname="com.hasbrop2m.sanity.SanitySuiteUpdateProductName" time="0">
    <skipped/>
  </testcase>
  <testcase name="reporterdataSetResult" classname="com.hasbrop2m.sanity.SanitySuiteUpdateProductName" time="0">
    <skipped/>
  </testcase>
  <testcase name="reporterdataSetResult" classname="com.hasbrop2m.sanity.SanitySuiteUpdateProductName" time="0">
    <skipped/>
  </testcase>
  <testcase name="reporterdataSetResult" classname="com.hasbrop2m.sanity.SanitySuiteUpdateProductName" time="0">
    <skipped/>
  </testcase>
  <testcase name="reporterdataSetResult" classname="com.hasbrop2m.sanity.SanitySuiteUpdateProductName" time="0">
    <skipped/>
  </testcase>
  <testcase name="reporterdataSetResult" classname="com.hasbrop2m.sanity.SanitySuiteUpdateProductName" time="0">
    <skipped/>
  </testcase>
  <testcase name="reporterdataSetResult" classname="com.hasbrop2m.sanity.SanitySuiteUpdateProductName" time="0">
    <skipped/>
  </testcase>
  <testcase name="reporterdataSetResult" classname="com.hasbrop2m.sanity.SanitySuiteUpdateProductName" time="0">
    <skipped/>
  </testcase>
  <testcase name="reporterdataSetResult" classname="com.hasbrop2m.sanity.SanitySuiteUpdateProductName" time="0">
    <skipped/>
  </testcase>
  <testcase name="reporterdataSetResult" classname="com.hasbrop2m.sanity.SanitySuiteUpdateProductName" time="0">
    <skipped/>
  </testcase>
  <testcase name="reporterdataSetResult" classname="com.hasbrop2m.sanity.SanitySuiteUpdateProductName" time="0">
    <skipped/>
  </testcase>
  <testcase name="reporterdataSetResult" classname="com.hasbrop2m.sanity.SanitySuiteUpdateProductName" time="0">
    <skipped/>
  </testcase>
  <testcase name="reporterdataSetResult" classname="com.hasbrop2m.sanity.SanitySuiteUpdateProductName" time="0">
    <skipped/>
  </testcase>
  <testcase name="reporterdataSetResult" classname="com.hasbrop2m.sanity.SanitySuiteUpdateProductName" time="0">
    <skipped/>
  </testcase>
  <testcase name="reporterdataSetResult" classname="com.hasbrop2m.sanity.SanitySuiteUpdateProductName" time="0">
    <skipped/>
  </testcase>
  <testcase name="reporterdataSetResult" classname="com.hasbrop2m.sanity.SanitySuiteUpdateProductName" time="0">
    <skipped/>
  </testcase>
  <testcase name="reporterdataSetResult" classname="com.hasbrop2m.sanity.SanitySuiteUpdateProductName" time="0">
    <skipped/>
  </testcase>
  <testcase name="reporterdataSetResult" classname="com.hasbrop2m.sanity.SanitySuiteUpdateProductName" time="0">
    <skipped/>
  </testcase>
  <testcase name="reporterdataSetResult" classname="com.hasbrop2m.sanity.SanitySuiteUpdateProductName" time="0">
    <skipped/>
  </testcase>
  <testcase name="reporterdataSetResult" classname="com.hasbrop2m.sanity.SanitySuiteUpdateProductName" time="0">
    <skipped/>
  </testcase>
  <testcase name="reporterdataSetResult" classname="com.hasbrop2m.sanity.SanitySuiteUpdateProductName" time="0">
    <skipped/>
  </testcase>
  <testcase name="reporterdataSetResult" classname="com.hasbrop2m.sanity.SanitySuiteUpdateProductName" time="0">
    <skipped/>
  </testcase>
  <testcase name="reporterdataSetResult" classname="com.hasbrop2m.sanity.SanitySuiteUpdateProductName" time="0">
    <skipped/>
  </testcase>
  <testcase name="reporterdataSetResult" classname="com.hasbrop2m.sanity.SanitySuiteUpdateProductName" time="0">
    <skipped/>
  </testcase>
  <testcase name="reporterdataSetResult" classname="com.hasbrop2m.sanity.SanitySuiteUpdateProductName" time="0">
    <skipped/>
  </testcase>
  <testcase name="reporterdataSetResult" classname="com.hasbrop2m.sanity.SanitySuiteUpdateProductName" time="0">
    <skipped/>
  </testcase>
  <testcase name="reporterdataSetResult" classname="com.hasbrop2m.sanity.SanitySuiteUpdateProductName" time="0">
    <skipped/>
  </testcase>
  <testcase name="reporterdataSetResult" classname="com.hasbrop2m.sanity.SanitySuiteUpdateProductName" time="0">
    <skipped/>
  </testcase>
  <testcase name="reporterdataSetResult" classname="com.hasbrop2m.sanity.SanitySuiteUpdateProductName" time="0">
    <skipped/>
  </testcase>
  <testcase name="reporterdataSetResult" classname="com.hasbrop2m.sanity.SanitySuiteUpdateProductName" time="0">
    <skipped/>
  </testcase>
  <testcase name="reporterdataSetResult" classname="com.hasbrop2m.sanity.SanitySuiteUpdateProductName" time="0">
    <skipped/>
  </testcase>
  <testcase name="reporterdataSetResult" classname="com.hasbrop2m.sanity.SanitySuiteUpdateProductName" time="0">
    <skipped/>
  </testcase>
  <testcase name="reporterdataSetResult" classname="com.hasbrop2m.sanity.SanitySuiteUpdateProductName" time="0">
    <skipped/>
  </testcase>
  <testcase name="reporterdataSetResult" classname="com.hasbrop2m.sanity.SanitySuiteUpdateProductName" time="0">
    <skipped/>
  </testcase>
  <testcase name="reporterdataSetResult" classname="com.hasbrop2m.sanity.SanitySuiteUpdateProductName" time="0">
    <skipped/>
  </testcase>
  <testcase name="reporterdataSetResult" classname="com.hasbrop2m.sanity.SanitySuiteUpdateProductName" time="0">
    <skipped/>
  </testcase>
  <testcase name="reporterdataSetResult" classname="com.hasbrop2m.sanity.SanitySuiteUpdateProductName" time="0">
    <skipped/>
  </testcase>
  <testcase name="reporterdataSetResult" classname="com.hasbrop2m.sanity.SanitySuiteUpdateProductName" time="0">
    <skipped/>
  </testcase>
  <testcase name="reporterdataSetResult" classname="com.hasbrop2m.sanity.SanitySuiteUpdateProductName" time="0">
    <skipped/>
  </testcase>
  <testcase name="reporterdataSetResult" classname="com.hasbrop2m.sanity.SanitySuiteUpdateProductName" time="0">
    <skipped/>
  </testcase>
  <testcase name="reporterdataSetResult" classname="com.hasbrop2m.sanity.SanitySuiteUpdateProductName" time="0">
    <skipped/>
  </testcase>
  <testcase name="reporterdataSetResult" classname="com.hasbrop2m.sanity.SanitySuiteUpdateProductName" time="0">
    <skipped/>
  </testcase>
  <testcase name="reporterdataSetResult" classname="com.hasbrop2m.sanity.SanitySuiteUpdateProductName" time="0">
    <skipped/>
  </testcase>
  <testcase name="reporterdataSetResult" classname="com.hasbrop2m.sanity.SanitySuiteUpdateProductName" time="0">
    <skipped/>
  </testcase>
  <testcase name="reporterdataSetResult" classname="com.hasbrop2m.sanity.SanitySuiteUpdateProductName" time="0">
    <skipped/>
  </testcase>
  <testcase name="reporterdataSetResult" classname="com.hasbrop2m.sanity.SanitySuiteUpdateProductName" time="0">
    <skipped/>
  </testcase>
  <testcase name="reporterdataSetResult" classname="com.hasbrop2m.sanity.SanitySuiteUpdateProductName" time="0">
    <skipped/>
  </testcase>
  <testcase name="reporterdataSetResult" classname="com.hasbrop2m.sanity.SanitySuiteUpdateProductName" time="0">
    <skipped/>
  </testcase>
  <testcase name="reporterdataSetResult" classname="com.hasbrop2m.sanity.SanitySuiteUpdateProductName" time="0">
    <skipped/>
  </testcase>
  <testcase name="reporterdataSetResult" classname="com.hasbrop2m.sanity.SanitySuiteUpdateProductName" time="0">
    <skipped/>
  </testcase>
  <testcase name="reporterdataSetResult" classname="com.hasbrop2m.sanity.SanitySuiteUpdateProductName" time="0">
    <skipped/>
  </testcase>
  <testcase name="reporterdataSetResult" classname="com.hasbrop2m.sanity.SanitySuiteUpdateProductName" time="0">
    <skipped/>
  </testcase>
  <testcase name="reporterdataSetResult" classname="com.hasbrop2m.sanity.SanitySuiteUpdateProductName" time="0">
    <skipped/>
  </testcase>
  <testcase name="reporterdataSetResult" classname="com.hasbrop2m.sanity.SanitySuiteUpdateProductName" time="0">
    <skipped/>
  </testcase>
  <testcase name="reporterdataSetResult" classname="com.hasbrop2m.sanity.SanitySuiteUpdateProductName" time="0">
    <skipped/>
  </testcase>
  <testcase name="reporterdataSetResult" classname="com.hasbrop2m.sanity.SanitySuiteUpdateProductName" time="0">
    <skipped/>
  </testcase>
  <testcase name="reporterdataSetResult" classname="com.hasbrop2m.sanity.SanitySuiteUpdateProductName" time="0">
    <skipped/>
  </testcase>
  <testcase name="reporterdataSetResult" classname="com.hasbrop2m.sanity.SanitySuiteUpdateProductName" time="0">
    <skipped/>
  </testcase>
  <testcase name="reporterdataSetResult" classname="com.hasbrop2m.sanity.SanitySuiteUpdateProductName" time="0">
    <skipped/>
  </testcase>
  <testcase name="reporterdataSetResult" classname="com.hasbrop2m.sanity.SanitySuiteUpdateProductName" time="0">
    <skipped/>
  </testcase>
  <testcase name="reporterdataSetResult" classname="com.hasbrop2m.sanity.SanitySuiteUpdateProductName" time="0">
    <skipped/>
  </testcase>
  <testcase name="reporterdataSetResult" classname="com.hasbrop2m.sanity.SanitySuiteUpdateProductName" time="0">
    <skipped/>
  </testcase>
  <testcase name="reporterdataSetResult" classname="com.hasbrop2m.sanity.SanitySuiteUpdateProductName" time="0">
    <skipped/>
  </testcase>
  <testcase name="reporterdataSetResult" classname="com.hasbrop2m.sanity.SanitySuiteUpdateProductName" time="0">
    <skipped/>
  </testcase>
  <testcase name="reporterdataSetResult" classname="com.hasbrop2m.sanity.SanitySuiteUpdateProductName" time="0">
    <skipped/>
  </testcase>
  <testcase name="reporterdataSetResult" classname="com.hasbrop2m.sanity.SanitySuiteUpdateProductName" time="0">
    <skipped/>
  </testcase>
  <testcase name="reporterdataSetResult" classname="com.hasbrop2m.sanity.SanitySuiteUpdateProductName" time="0">
    <skipped/>
  </testcase>
  <testcase name="reporterdataSetResult" classname="com.hasbrop2m.sanity.SanitySuiteUpdateProductName" time="0">
    <skipped/>
  </testcase>
  <testcase name="reporterdataSetResult" classname="com.hasbrop2m.sanity.SanitySuiteUpdateProductName" time="0">
    <skipped/>
  </testcase>
  <testcase name="reporterdataSetResult" classname="com.hasbrop2m.sanity.SanitySuiteUpdateProductName" time="0">
    <skipped/>
  </testcase>
  <testcase name="reporterdataSetResult" classname="com.hasbrop2m.sanity.SanitySuiteUpdateProductName" time="0">
    <skipped/>
  </testcase>
  <testcase name="reporterdataSetResult" classname="com.hasbrop2m.sanity.SanitySuiteUpdateProductName" time="0">
    <skipped/>
  </testcase>
  <testcase name="reporterdataSetResult" classname="com.hasbrop2m.sanity.SanitySuiteUpdateProductName" time="0">
    <skipped/>
  </testcase>
  <testcase name="reporterdataSetResult" classname="com.hasbrop2m.sanity.SanitySuiteUpdateProductName" time="0">
    <skipped/>
  </testcase>
  <testcase name="reporterdataSetResult" classname="com.hasbrop2m.sanity.SanitySuiteUpdateProductName" time="0">
    <skipped/>
  </testcase>
  <testcase name="reporterdataSetResult" classname="com.hasbrop2m.sanity.SanitySuiteUpdateProductName" time="0">
    <skipped/>
  </testcase>
  <testcase name="reporterdataSetResult" classname="com.hasbrop2m.sanity.SanitySuiteUpdateProductName" time="0">
    <skipped/>
  </testcase>
  <testcase name="reporterdataSetResult" classname="com.hasbrop2m.sanity.SanitySuiteUpdateProductName" time="0">
    <skipped/>
  </testcase>
  <testcase name="reporterdataSetResult" classname="com.hasbrop2m.sanity.SanitySuiteUpdateProductName" time="0">
    <skipped/>
  </testcase>
  <testcase name="reporterdataSetResult" classname="com.hasbrop2m.sanity.SanitySuiteUpdateProductName" time="0">
    <skipped/>
  </testcase>
  <testcase name="reporterdataSetResult" classname="com.hasbrop2m.sanity.SanitySuiteUpdateProductName" time="0">
    <skipped/>
  </testcase>
  <testcase name="reporterdataSetResult" classname="com.hasbrop2m.sanity.SanitySuiteUpdateProductName" time="0">
    <skipped/>
  </testcase>
  <testcase name="reporterdataSetResult" classname="com.hasbrop2m.sanity.SanitySuiteUpdateProductName" time="0">
    <skipped/>
  </testcase>
  <testcase name="reporterdataSetResult" classname="com.hasbrop2m.sanity.SanitySuiteUpdateProductName" time="0">
    <skipped/>
  </testcase>
  <testcase name="reporterdataSetResult" classname="com.hasbrop2m.sanity.SanitySuiteUpdateProductName" time="0">
    <skipped/>
  </testcase>
  <testcase name="reporterdataSetResult" classname="com.hasbrop2m.sanity.SanitySuiteUpdateProductName" time="0">
    <skipped/>
  </testcase>
  <testcase name="reporterdataSetResult" classname="com.hasbrop2m.sanity.SanitySuiteUpdateProductName" time="0">
    <skipped/>
  </testcase>
  <testcase name="reporterdataSetResult" classname="com.hasbrop2m.sanity.SanitySuiteUpdateProductName" time="0">
    <skipped/>
  </testcase>
  <testcase name="reporterdataSetResult" classname="com.hasbrop2m.sanity.SanitySuiteUpdateProductName" time="0">
    <skipped/>
  </testcase>
  <testcase name="reporterdataSetResult" classname="com.hasbrop2m.sanity.SanitySuiteUpdateProductName" time="0">
    <skipped/>
  </testcase>
  <testcase name="reporterdataSetResult" classname="com.hasbrop2m.sanity.SanitySuiteUpdateProductName" time="0">
    <skipped/>
  </testcase>
  <testcase name="reporterdataSetResult" classname="com.hasbrop2m.sanity.SanitySuiteUpdateProductName" time="0">
    <skipped/>
  </testcase>
  <testcase name="reporterdataSetResult" classname="com.hasbrop2m.sanity.SanitySuiteUpdateProductName" time="0">
    <skipped/>
  </testcase>
  <testcase name="reporterdataSetResult" classname="com.hasbrop2m.sanity.SanitySuiteUpdateProductName" time="0">
    <skipped/>
  </testcase>
  <testcase name="reporterdataSetResult" classname="com.hasbrop2m.sanity.SanitySuiteUpdateProductName" time="0">
    <skipped/>
  </testcase>
  <testcase name="reporterdataSetResult" classname="com.hasbrop2m.sanity.SanitySuiteUpdateProductName" time="0">
    <skipped/>
  </testcase>
  <testcase name="reporterdataSetResult" classname="com.hasbrop2m.sanity.SanitySuiteUpdateProductName" time="0">
    <skipped/>
  </testcase>
  <testcase name="reporterdataSetResult" classname="com.hasbrop2m.sanity.SanitySuiteUpdateProductName" time="0">
    <skipped/>
  </testcase>
  <testcase name="reporterdataSetResult" classname="com.hasbrop2m.sanity.SanitySuiteUpdateProductName" time="0">
    <skipped/>
  </testcase>
  <testcase name="reporterdataSetResult" classname="com.hasbrop2m.sanity.SanitySuiteUpdateProductName" time="0">
    <skipped/>
  </testcase>
  <testcase name="reporterdataSetResult" classname="com.hasbrop2m.sanity.SanitySuiteUpdateProductName" time="0">
    <skipped/>
  </testcase>
  <testcase name="reporterdataSetResult" classname="com.hasbrop2m.sanity.SanitySuiteUpdateProductName" time="0">
    <skipped/>
  </testcase>
  <testcase name="reporterdataSetResult" classname="com.hasbrop2m.sanity.SanitySuiteUpdateProductName" time="0">
    <skipped/>
  </testcase>
  <testcase name="reporterdataSetResult" classname="com.hasbrop2m.sanity.SanitySuiteUpdateProductName" time="0">
    <skipped/>
  </testcase>
  <testcase name="reporterdataSetResult" classname="com.hasbrop2m.sanity.SanitySuiteUpdateProductName" time="0">
    <skipped/>
  </testcase>
  <testcase name="reporterdataSetResult" classname="com.hasbrop2m.sanity.SanitySuiteUpdateProductName" time="0">
    <skipped/>
  </testcase>
  <testcase name="reporterdataSetResult" classname="com.hasbrop2m.sanity.SanitySuiteUpdateProductName" time="0">
    <skipped/>
  </testcase>
  <testcase name="reporterdataSetResult" classname="com.hasbrop2m.sanity.SanitySuiteUpdateProductName" time="0">
    <skipped/>
  </testcase>
  <testcase name="reporterdataSetResult" classname="com.hasbrop2m.sanity.SanitySuiteUpdateProductName" time="0">
    <skipped/>
  </testcase>
  <testcase name="reporterdataSetResult" classname="com.hasbrop2m.sanity.SanitySuiteUpdateProductName" time="0">
    <skipped/>
  </testcase>
  <testcase name="reporterdataSetResult" classname="com.hasbrop2m.sanity.SanitySuiteUpdateProductName" time="0">
    <skipped/>
  </testcase>
  <testcase name="reporterdataSetResult" classname="com.hasbrop2m.sanity.SanitySuiteUpdateProductName" time="0">
    <skipped/>
  </testcase>
  <testcase name="reporterdataSetResult" classname="com.hasbrop2m.sanity.SanitySuiteUpdateProductName" time="0">
    <skipped/>
  </testcase>
  <testcase name="reporterdataSetResult" classname="com.hasbrop2m.sanity.SanitySuiteUpdateProductName" time="0">
    <skipped/>
  </testcase>
  <testcase name="reporterdataSetResult" classname="com.hasbrop2m.sanity.SanitySuiteUpdateProductName" time="0">
    <skipped/>
  </testcase>
  <testcase name="reporterdataSetResult" classname="com.hasbrop2m.sanity.SanitySuiteUpdateProductName" time="0">
    <skipped/>
  </testcase>
  <testcase name="reporterdataSetResult" classname="com.hasbrop2m.sanity.SanitySuiteUpdateProductName" time="0">
    <skipped/>
  </testcase>
  <testcase name="reporterdataSetResult" classname="com.hasbrop2m.sanity.SanitySuiteUpdateProductName" time="0">
    <skipped/>
  </testcase>
  <testcase name="reporterdataSetResult" classname="com.hasbrop2m.sanity.SanitySuiteUpdateProductName" time="0">
    <skipped/>
  </testcase>
  <testcase name="reporterdataSetResult" classname="com.hasbrop2m.sanity.SanitySuiteUpdateProductName" time="0">
    <skipped/>
  </testcase>
  <testcase name="reporterdataSetResult" classname="com.hasbrop2m.sanity.SanitySuiteUpdateProductName" time="0">
    <skipped/>
  </testcase>
  <testcase name="reporterdataSetResult" classname="com.hasbrop2m.sanity.SanitySuiteUpdateProductName" time="0">
    <skipped/>
  </testcase>
  <testcase name="reporterdataSetResult" classname="com.hasbrop2m.sanity.SanitySuiteUpdateProductName" time="0">
    <skipped/>
  </testcase>
  <testcase name="reporterdataSetResult" classname="com.hasbrop2m.sanity.SanitySuiteUpdateProductName" time="0">
    <skipped/>
  </testcase>
  <testcase name="reporterdataSetResult" classname="com.hasbrop2m.sanity.SanitySuiteUpdateProductName" time="0">
    <skipped/>
  </testcase>
  <testcase name="reporterdataSetResult" classname="com.hasbrop2m.sanity.SanitySuiteUpdateProductName" time="0">
    <skipped/>
  </testcase>
  <testcase name="reporterdataSetResult" classname="com.hasbrop2m.sanity.SanitySuiteUpdateProductName" time="0">
    <skipped/>
  </testcase>
  <testcase name="reporterdataSetResult" classname="com.hasbrop2m.sanity.SanitySuiteUpdateProductName" time="0">
    <skipped/>
  </testcase>
  <testcase name="reporterdataSetResult" classname="com.hasbrop2m.sanity.SanitySuiteUpdateProductName" time="0">
    <skipped/>
  </testcase>
  <testcase name="reporterdataSetResult" classname="com.hasbrop2m.sanity.SanitySuiteUpdateProductName" time="0">
    <skipped/>
  </testcase>
  <testcase name="reporterdataSetResult" classname="com.hasbrop2m.sanity.SanitySuiteUpdateProductName" time="0">
    <skipped/>
  </testcase>
  <testcase name="reporterdataSetResult" classname="com.hasbrop2m.sanity.SanitySuiteUpdateProductName" time="0">
    <skipped/>
  </testcase>
  <testcase name="reporterdataSetResult" classname="com.hasbrop2m.sanity.SanitySuiteUpdateProductName" time="0">
    <skipped/>
  </testcase>
  <testcase name="reporterdataSetResult" classname="com.hasbrop2m.sanity.SanitySuiteUpdateProductName" time="0">
    <skipped/>
  </testcase>
  <testcase name="reporterdataSetResult" classname="com.hasbrop2m.sanity.SanitySuiteUpdateProductName" time="0">
    <skipped/>
  </testcase>
  <testcase name="reporterdataSetResult" classname="com.hasbrop2m.sanity.SanitySuiteUpdateProductName" time="0">
    <skipped/>
  </testcase>
  <testcase name="reporterdataSetResult" classname="com.hasbrop2m.sanity.SanitySuiteUpdateProductName" time="0">
    <skipped/>
  </testcase>
  <testcase name="reporterdataSetResult" classname="com.hasbrop2m.sanity.SanitySuiteUpdateProductName" time="0">
    <skipped/>
  </testcase>
  <testcase name="reporterdataSetResult" classname="com.hasbrop2m.sanity.SanitySuiteUpdateProductName" time="0">
    <skipped/>
  </testcase>
  <testcase name="reporterdataSetResult" classname="com.hasbrop2m.sanity.SanitySuiteUpdateProductName" time="0">
    <skipped/>
  </testcase>
  <testcase name="reporterdataSetResult" classname="com.hasbrop2m.sanity.SanitySuiteUpdateProductName" time="0">
    <skipped/>
  </testcase>
  <testcase name="reporterdataSetResult" classname="com.hasbrop2m.sanity.SanitySuiteUpdateProductName" time="0">
    <skipped/>
  </testcase>
  <testcase name="reporterdataSetResult" classname="com.hasbrop2m.sanity.SanitySuiteUpdateProductName" time="0">
    <skipped/>
  </testcase>
  <testcase name="reporterdataSetResult" classname="com.hasbrop2m.sanity.SanitySuiteUpdateProductName" time="0">
    <skipped/>
  </testcase>
  <testcase name="reporterdataSetResult" classname="com.hasbrop2m.sanity.SanitySuiteUpdateProductName" time="0">
    <skipped/>
  </testcase>
  <testcase name="reporterdataSetResult" classname="com.hasbrop2m.sanity.SanitySuiteUpdateProductName" time="0">
    <skipped/>
  </testcase>
  <testcase name="reporterdataSetResult" classname="com.hasbrop2m.sanity.SanitySuiteUpdateProductName" time="0">
    <skipped/>
  </testcase>
  <testcase name="reporterdataSetResult" classname="com.hasbrop2m.sanity.SanitySuiteUpdateProductName" time="0">
    <skipped/>
  </testcase>
  <testcase name="reporterdataSetResult" classname="com.hasbrop2m.sanity.SanitySuiteUpdateProductName" time="0">
    <skipped/>
  </testcase>
  <testcase name="reporterdataSetResult" classname="com.hasbrop2m.sanity.SanitySuiteUpdateProductName" time="0">
    <skipped/>
  </testcase>
  <testcase name="reporterdataSetResult" classname="com.hasbrop2m.sanity.SanitySuiteUpdateProductName" time="0">
    <skipped/>
  </testcase>
  <testcase name="reporterdataSetResult" classname="com.hasbrop2m.sanity.SanitySuiteUpdateProductName" time="0">
    <skipped/>
  </testcase>
  <testcase name="reporterdataSetResult" classname="com.hasbrop2m.sanity.SanitySuiteUpdateProductName" time="0">
    <skipped/>
  </testcase>
  <testcase name="reporterdataSetResult" classname="com.hasbrop2m.sanity.SanitySuiteUpdateProductName" time="0">
    <skipped/>
  </testcase>
  <testcase name="reporterdataSetResult" classname="com.hasbrop2m.sanity.SanitySuiteUpdateProductName" time="0">
    <skipped/>
  </testcase>
  <testcase name="reporterdataSetResult" classname="com.hasbrop2m.sanity.SanitySuiteUpdateProductName" time="0">
    <skipped/>
  </testcase>
  <testcase name="reporterdataSetResult" classname="com.hasbrop2m.sanity.SanitySuiteUpdateProductName" time="0">
    <skipped/>
  </testcase>
  <testcase name="reporterdataSetResult" classname="com.hasbrop2m.sanity.SanitySuiteUpdateProductName" time="0">
    <skipped/>
  </testcase>
  <testcase name="reporterdataSetResult" classname="com.hasbrop2m.sanity.SanitySuiteUpdateProductName" time="0">
    <skipped/>
  </testcase>
  <testcase name="reporterdataSetResult" classname="com.hasbrop2m.sanity.SanitySuiteUpdateProductName" time="0">
    <skipped/>
  </testcase>
  <testcase name="reporterdataSetResult" classname="com.hasbrop2m.sanity.SanitySuiteUpdateProductName" time="0">
    <skipped/>
  </testcase>
  <testcase name="reporterdataSetResult" classname="com.hasbrop2m.sanity.SanitySuiteUpdateProductName" time="0">
    <skipped/>
  </testcase>
  <testcase name="reporterdataSetResult" classname="com.hasbrop2m.sanity.SanitySuiteUpdateProductName" time="0">
    <skipped/>
  </testcase>
  <testcase name="reporterdataSetResult" classname="com.hasbrop2m.sanity.SanitySuiteUpdateProductName" time="0">
    <skipped/>
  </testcase>
  <testcase name="reporterdataSetResult" classname="com.hasbrop2m.sanity.SanitySuiteUpdateProductName" time="0">
    <skipped/>
  </testcase>
  <testcase name="reporterdataSetResult" classname="com.hasbrop2m.sanity.SanitySuiteUpdateProductName" time="0">
    <skipped/>
  </testcase>
  <testcase name="reporterdataSetResult" classname="com.hasbrop2m.sanity.SanitySuiteUpdateProductName" time="0">
    <skipped/>
  </testcase>
  <testcase name="reporterdataSetResult" classname="com.hasbrop2m.sanity.SanitySuiteUpdateProductName" time="0">
    <skipped/>
  </testcase>
  <testcase name="reporterdataSetResult" classname="com.hasbrop2m.sanity.SanitySuiteUpdateProductName" time="0">
    <skipped/>
  </testcase>
  <testcase name="reporterdataSetResult" classname="com.hasbrop2m.sanity.SanitySuiteUpdateProductName" time="0">
    <skipped/>
  </testcase>
  <testcase name="reporterdataSetResult" classname="com.hasbrop2m.sanity.SanitySuiteUpdateProductName" time="0">
    <skipped/>
  </testcase>
  <testcase name="reporterdataSetResult" classname="com.hasbrop2m.sanity.SanitySuiteUpdateProductName" time="0">
    <skipped/>
  </testcase>
  <testcase name="reporterdataSetResult" classname="com.hasbrop2m.sanity.SanitySuiteUpdateProductName" time="0">
    <skipped/>
  </testcase>
  <testcase name="reporterdataSetResult" classname="com.hasbrop2m.sanity.SanitySuiteUpdateProductName" time="0">
    <skipped/>
  </testcase>
  <testcase name="reporterdataSetResult" classname="com.hasbrop2m.sanity.SanitySuiteUpdateProductName" time="0">
    <skipped/>
  </testcase>
  <testcase name="reporterdataSetResult" classname="com.hasbrop2m.sanity.SanitySuiteUpdateProductName" time="0">
    <skipped/>
  </testcase>
  <testcase name="reporterdataSetResult" classname="com.hasbrop2m.sanity.SanitySuiteUpdateProductName" time="0">
    <skipped/>
  </testcase>
  <testcase name="reporterdataSetResult" classname="com.hasbrop2m.sanity.SanitySuiteUpdateProductName" time="0">
    <skipped/>
  </testcase>
  <testcase name="reporterdataSetResult" classname="com.hasbrop2m.sanity.SanitySuiteUpdateProductName" time="0">
    <skipped/>
  </testcase>
  <testcase name="reporterdataSetResult" classname="com.hasbrop2m.sanity.SanitySuiteUpdateProductName" time="0">
    <skipped/>
  </testcase>
  <testcase name="reporterdataSetResult" classname="com.hasbrop2m.sanity.SanitySuiteUpdateProductName" time="0">
    <skipped/>
  </testcase>
  <testcase name="reporterdataSetResult" classname="com.hasbrop2m.sanity.SanitySuiteUpdateProductName" time="0">
    <skipped/>
  </testcase>
  <testcase name="reporterdataSetResult" classname="com.hasbrop2m.sanity.SanitySuiteUpdateProductName" time="0">
    <skipped/>
  </testcase>
  <testcase name="reporterdataSetResult" classname="com.hasbrop2m.sanity.SanitySuiteUpdateProductName" time="0">
    <skipped/>
  </testcase>
  <testcase name="reporterdataSetResult" classname="com.hasbrop2m.sanity.SanitySuiteUpdateProductName" time="0">
    <skipped/>
  </testcase>
  <testcase name="reporterdataSetResult" classname="com.hasbrop2m.sanity.SanitySuiteUpdateProductName" time="0">
    <skipped/>
  </testcase>
  <testcase name="reporterdataSetResult" classname="com.hasbrop2m.sanity.SanitySuiteUpdateProductName" time="0">
    <skipped/>
  </testcase>
  <testcase name="reporterdataSetResult" classname="com.hasbrop2m.sanity.SanitySuiteUpdateProductName" time="0">
    <skipped/>
  </testcase>
  <testcase name="reporterdataSetResult" classname="com.hasbrop2m.sanity.SanitySuiteUpdateProductName" time="0">
    <skipped/>
  </testcase>
  <testcase name="reporterdataSetResult" classname="com.hasbrop2m.sanity.SanitySuiteUpdateProductName" time="0">
    <skipped/>
  </testcase>
  <testcase name="reporterdataSetResult" classname="com.hasbrop2m.sanity.SanitySuiteUpdateProductName" time="0">
    <skipped/>
  </testcase>
  <testcase name="reporterdataSetResult" classname="com.hasbrop2m.sanity.SanitySuiteUpdateProductName" time="0">
    <skipped/>
  </testcase>
  <testcase name="reporterdataSetResult" classname="com.hasbrop2m.sanity.SanitySuiteUpdateProductName" time="0">
    <skipped/>
  </testcase>
  <testcase name="reporterdataSetResult" classname="com.hasbrop2m.sanity.SanitySuiteUpdateProductName" time="0">
    <skipped/>
  </testcase>
  <testcase name="reporterdataSetResult" classname="com.hasbrop2m.sanity.SanitySuiteUpdateProductName" time="0">
    <skipped/>
  </testcase>
  <testcase name="reporterdataSetResult" classname="com.hasbrop2m.sanity.SanitySuiteUpdateProductName" time="0">
    <skipped/>
  </testcase>
  <testcase name="reporterdataSetResult" classname="com.hasbrop2m.sanity.SanitySuiteUpdateProductName" time="0">
    <skipped/>
  </testcase>
  <testcase name="reporterdataSetResult" classname="com.hasbrop2m.sanity.SanitySuiteUpdateProductName" time="0">
    <skipped/>
  </testcase>
  <testcase name="reporterdataSetResult" classname="com.hasbrop2m.sanity.SanitySuiteUpdateProductName" time="0">
    <skipped/>
  </testcase>
  <testcase name="reporterdataSetResult" classname="com.hasbrop2m.sanity.SanitySuiteUpdateProductName" time="0">
    <skipped/>
  </testcase>
  <testcase name="reporterdataSetResult" classname="com.hasbrop2m.sanity.SanitySuiteUpdateProductName" time="0">
    <skipped/>
  </testcase>
  <testcase name="reportTestcaseResult" classname="com.hasbrop2m.sanity.SanitySuiteUpdateProductName" time="0">
    <skipped/>
  </testcase>
  <testcase name="checkTestcaseSkip" classname="com.hasbrop2m.sanity.SanitySuite5_WorkFlow" time="0">
    <skipped message="Skipping SanitySuite5_WorkFlow as runmode is set to no"/>
    <system-out><![CDATA[Skipping SanitySuite5_WorkFlow as runmode is set to no
]]></system-out>
  </testcase>
  <testcase name="Refresh" classname="com.hasbrop2m.sanity.SanitySuite5_WorkFlow" time="0">
    <skipped/>
  </testcase>
  <testcase name="Refresh" classname="com.hasbrop2m.sanity.SanitySuite5_WorkFlow" time="0">
    <skipped/>
  </testcase>
  <testcase name="Refresh" classname="com.hasbrop2m.sanity.SanitySuite5_WorkFlow" time="0">
    <skipped/>
  </testcase>
  <testcase name="Refresh" classname="com.hasbrop2m.sanity.SanitySuite5_WorkFlow" time="0">
    <skipped/>
  </testcase>
  <testcase name="tcSCFunctional" classname="com.hasbrop2m.sanity.SanitySuite5_WorkFlow" time="0">
    <skipped message="Skipping SanitySuite5_WorkFlow as runmode is set to no"/>
  </testcase>
  <testcase name="tcSCFunctional" classname="com.hasbrop2m.sanity.SanitySuite5_WorkFlow" time="0">
    <skipped message="Skipping SanitySuite5_WorkFlow as runmode is set to no"/>
  </testcase>
  <testcase name="tcSCFunctional" classname="com.hasbrop2m.sanity.SanitySuite5_WorkFlow" time="0">
    <skipped message="Skipping SanitySuite5_WorkFlow as runmode is set to no"/>
  </testcase>
  <testcase name="tcSCFunctional" classname="com.hasbrop2m.sanity.SanitySuite5_WorkFlow" time="0">
    <skipped message="Skipping SanitySuite5_WorkFlow as runmode is set to no"/>
  </testcase>
  <testcase name="reporterdataSetResult" classname="com.hasbrop2m.sanity.SanitySuite5_WorkFlow" time="0">
    <skipped/>
  </testcase>
  <testcase name="reporterdataSetResult" classname="com.hasbrop2m.sanity.SanitySuite5_WorkFlow" time="0">
    <skipped/>
  </testcase>
  <testcase name="reporterdataSetResult" classname="com.hasbrop2m.sanity.SanitySuite5_WorkFlow" time="0">
    <skipped/>
  </testcase>
  <testcase name="reporterdataSetResult" classname="com.hasbrop2m.sanity.SanitySuite5_WorkFlow" time="0">
    <skipped/>
  </testcase>
  <testcase name="reportTestcaseResult" classname="com.hasbrop2m.sanity.SanitySuite5_WorkFlow" time="0">
    <skipped/>
  </testcase>
  <testcase name="checkTestcaseSkip" classname="com.hasbrop2m.sanity.SanitySuite2018" time="0">
    <skipped message="Skipping SanitySuite2018 as runmode is set to no"/>
    <system-out><![CDATA[Skipping SanitySuite2018 as runmode is set to no
]]></system-out>
  </testcase>
  <testcase name="tcSCFunctional" classname="com.hasbrop2m.sanity.SanitySuite2018" time="0">
    <skipped message="Skipping SanitySuite2018 as runmode is set to no"/>
    <system-err><![CDATA[org.apache.xmlbeans.impl.values.XmlValueDisconnectedException
	at org.apache.xmlbeans.impl.values.XmlObjectBase.check_orphaned(XmlObjectBase.java:1213)
	at org.openxmlformats.schemas.spreadsheetml.x2006.main.impl.CTXfImpl.getXfId(Unknown Source)
	at org.apache.poi.xssf.model.StylesTable.getStyleAt(StylesTable.java:235)
	at org.apache.poi.xssf.usermodel.XSSFCell.getCellStyle(XSSFCell.java:483)
	at org.apache.poi.xssf.usermodel.XSSFCell.getCellStyle(XSSFCell.java:64)
	at org.apache.poi.ss.usermodel.DateUtil.isCellDateFormatted(DateUtil.java:504)
	at com.hasbrop2m.core.Xls_Reader.getCellData(Xls_Reader.java:148)
	at com.hasbrop2m.core.Utility.getData(Utility.java:61)
	at com.hasbrop2m.sanity.SanitySuite2018.testDataTest(SanitySuite2018.java:415)
	at sun.reflect.NativeMethodAccessorImpl.invoke0(Native Method)
	at sun.reflect.NativeMethodAccessorImpl.invoke(NativeMethodAccessorImpl.java:62)
	at sun.reflect.DelegatingMethodAccessorImpl.invoke(DelegatingMethodAccessorImpl.java:43)
	at java.lang.reflect.Method.invoke(Method.java:498)
	at org.testng.internal.MethodInvocationHelper.invokeMethod(MethodInvocationHelper.java:124)
	at org.testng.internal.MethodInvocationHelper.invokeMethod(MethodInvocationHelper.java:74)
	at org.testng.internal.MethodInvocationHelper.invokeMethodNoCheckedException(MethodInvocationHelper.java:45)
	at org.testng.internal.MethodInvocationHelper.invokeDataProvider(MethodInvocationHelper.java:131)
	at org.testng.internal.Parameters.handleParameters(Parameters.java:706)
	at org.testng.internal.ParameterHandler.handleParameters(ParameterHandler.java:49)
	at org.testng.internal.ParameterHandler.createParameters(ParameterHandler.java:37)
	at org.testng.internal.Invoker.invokeTestMethods(Invoker.java:924)
	at org.testng.internal.TestMethodWorker.invokeTestMethods(TestMethodWorker.java:125)
	at org.testng.internal.TestMethodWorker.run(TestMethodWorker.java:109)
	at org.testng.TestRunner.privateRun(TestRunner.java:648)
	at org.testng.TestRunner.run(TestRunner.java:505)
	at org.testng.SuiteRunner.runTest(SuiteRunner.java:455)
	at org.testng.SuiteRunner.runSequentially(SuiteRunner.java:450)
	at org.testng.SuiteRunner.privateRun(SuiteRunner.java:415)
	at org.testng.SuiteRunner.run(SuiteRunner.java:364)
	at org.testng.SuiteRunnerWorker.runSuite(SuiteRunnerWorker.java:52)
	at org.testng.SuiteRunnerWorker.run(SuiteRunnerWorker.java:84)
	at org.testng.TestNG.runSuitesSequentially(TestNG.java:1208)
	at org.testng.TestNG.runSuitesLocally(TestNG.java:1137)
	at org.testng.TestNG.runSuites(TestNG.java:1049)
	at org.testng.TestNG.run(TestNG.java:1017)
	at org.apache.maven.surefire.testng.TestNGExecutor.run(TestNGExecutor.java:283)
	at org.apache.maven.surefire.testng.TestNGXmlTestSuite.execute(TestNGXmlTestSuite.java:75)
	at org.apache.maven.surefire.testng.TestNGProvider.invoke(TestNGProvider.java:120)
	at org.apache.maven.surefire.booter.ForkedBooter.invokeProviderInSameClassLoader(ForkedBooter.java:383)
	at org.apache.maven.surefire.booter.ForkedBooter.runSuitesInProcess(ForkedBooter.java:344)
	at org.apache.maven.surefire.booter.ForkedBooter.execute(ForkedBooter.java:125)
	at org.apache.maven.surefire.booter.ForkedBooter.main(ForkedBooter.java:417)
org.apache.xmlbeans.impl.values.XmlValueDisconnectedException
	at org.apache.xmlbeans.impl.values.XmlObjectBase.check_orphaned(XmlObjectBase.java:1213)
	at org.openxmlformats.schemas.spreadsheetml.x2006.main.impl.CTXfImpl.getXfId(Unknown Source)
	at org.apache.poi.xssf.model.StylesTable.getStyleAt(StylesTable.java:235)
	at org.apache.poi.xssf.usermodel.XSSFCell.getCellStyle(XSSFCell.java:483)
	at org.apache.poi.xssf.usermodel.XSSFCell.getCellStyle(XSSFCell.java:64)
	at org.apache.poi.ss.usermodel.DateUtil.isCellDateFormatted(DateUtil.java:504)
	at com.hasbrop2m.core.Xls_Reader.getCellData(Xls_Reader.java:148)
	at com.hasbrop2m.core.Utility.getData(Utility.java:61)
	at com.hasbrop2m.sanity.SanitySuite2018.testDataTest(SanitySuite2018.java:415)
	at sun.reflect.NativeMethodAccessorImpl.invoke0(Native Method)
	at sun.reflect.NativeMethodAccessorImpl.invoke(NativeMethodAccessorImpl.java:62)
	at sun.reflect.DelegatingMethodAccessorImpl.invoke(DelegatingMethodAccessorImpl.java:43)
	at java.lang.reflect.Method.invoke(Method.java:498)
	at org.testng.internal.MethodInvocationHelper.invokeMethod(MethodInvocationHelper.java:124)
	at org.testng.internal.MethodInvocationHelper.invokeMethod(MethodInvocationHelper.java:74)
	at org.testng.internal.MethodInvocationHelper.invokeMethodNoCheckedException(MethodInvocationHelper.java:45)
	at org.testng.internal.MethodInvocationHelper.invokeDataProvider(MethodInvocationHelper.java:131)
	at org.testng.internal.Parameters.handleParameters(Parameters.java:706)
	at org.testng.internal.ParameterHandler.handleParameters(ParameterHandler.java:49)
	at org.testng.internal.ParameterHandler.createParameters(ParameterHandler.java:37)
	at org.testng.internal.Invoker.invokeTestMethods(Invoker.java:924)
	at org.testng.internal.TestMethodWorker.invokeTestMethods(TestMethodWorker.java:125)
	at org.testng.internal.TestMethodWorker.run(TestMethodWorker.java:109)
	at org.testng.TestRunner.privateRun(TestRunner.java:648)
	at org.testng.TestRunner.run(TestRunner.java:505)
	at org.testng.SuiteRunner.runTest(SuiteRunner.java:455)
	at org.testng.SuiteRunner.runSequentially(SuiteRunner.java:450)
	at org.testng.SuiteRunner.privateRun(SuiteRunner.java:415)
	at org.testng.SuiteRunner.run(SuiteRunner.java:364)
	at org.testng.SuiteRunnerWorker.runSuite(SuiteRunnerWorker.java:52)
	at org.testng.SuiteRunnerWorker.run(SuiteRunnerWorker.java:84)
	at org.testng.TestNG.runSuitesSequentially(TestNG.java:1208)
	at org.testng.TestNG.runSuitesLocally(TestNG.java:1137)
	at org.testng.TestNG.runSuites(TestNG.java:1049)
	at org.testng.TestNG.run(TestNG.java:1017)
	at org.apache.maven.surefire.testng.TestNGExecutor.run(TestNGExecutor.java:283)
	at org.apache.maven.surefire.testng.TestNGXmlTestSuite.execute(TestNGXmlTestSuite.java:75)
	at org.apache.maven.surefire.testng.TestNGProvider.invoke(TestNGProvider.java:120)
	at org.apache.maven.surefire.booter.ForkedBooter.invokeProviderInSameClassLoader(ForkedBooter.java:383)
	at org.apache.maven.surefire.booter.ForkedBooter.runSuitesInProcess(ForkedBooter.java:344)
	at org.apache.maven.surefire.booter.ForkedBooter.execute(ForkedBooter.java:125)
	at org.apache.maven.surefire.booter.ForkedBooter.main(ForkedBooter.java:417)
org.apache.xmlbeans.impl.values.XmlValueDisconnectedException
	at org.apache.xmlbeans.impl.values.XmlObjectBase.check_orphaned(XmlObjectBase.java:1213)
	at org.openxmlformats.schemas.spreadsheetml.x2006.main.impl.CTXfImpl.getXfId(Unknown Source)
	at org.apache.poi.xssf.model.StylesTable.getStyleAt(StylesTable.java:235)
	at org.apache.poi.xssf.usermodel.XSSFCell.getCellStyle(XSSFCell.java:483)
	at org.apache.poi.xssf.usermodel.XSSFCell.getCellStyle(XSSFCell.java:64)
	at org.apache.poi.ss.usermodel.DateUtil.isCellDateFormatted(DateUtil.java:504)
	at com.hasbrop2m.core.Xls_Reader.getCellData(Xls_Reader.java:148)
	at com.hasbrop2m.core.Utility.getData(Utility.java:61)
	at com.hasbrop2m.sanity.SanitySuite2018.testDataTest(SanitySuite2018.java:415)
	at sun.reflect.NativeMethodAccessorImpl.invoke0(Native Method)
	at sun.reflect.NativeMethodAccessorImpl.invoke(NativeMethodAccessorImpl.java:62)
	at sun.reflect.DelegatingMethodAccessorImpl.invoke(DelegatingMethodAccessorImpl.java:43)
	at java.lang.reflect.Method.invoke(Method.java:498)
	at org.testng.internal.MethodInvocationHelper.invokeMethod(MethodInvocationHelper.java:124)
	at org.testng.internal.MethodInvocationHelper.invokeMethod(MethodInvocationHelper.java:74)
	at org.testng.internal.MethodInvocationHelper.invokeMethodNoCheckedException(MethodInvocationHelper.java:45)
	at org.testng.internal.MethodInvocationHelper.invokeDataProvider(MethodInvocationHelper.java:131)
	at org.testng.internal.Parameters.handleParameters(Parameters.java:706)
	at org.testng.internal.ParameterHandler.handleParameters(ParameterHandler.java:49)
	at org.testng.internal.ParameterHandler.createParameters(ParameterHandler.java:37)
	at org.testng.internal.Invoker.invokeTestMethods(Invoker.java:924)
	at org.testng.internal.TestMethodWorker.invokeTestMethods(TestMethodWorker.java:125)
	at org.testng.internal.TestMethodWorker.run(TestMethodWorker.java:109)
	at org.testng.TestRunner.privateRun(TestRunner.java:648)
	at org.testng.TestRunner.run(TestRunner.java:505)
	at org.testng.SuiteRunner.runTest(SuiteRunner.java:455)
	at org.testng.SuiteRunner.runSequentially(SuiteRunner.java:450)
	at org.testng.SuiteRunner.privateRun(SuiteRunner.java:415)
	at org.testng.SuiteRunner.run(SuiteRunner.java:364)
	at org.testng.SuiteRunnerWorker.runSuite(SuiteRunnerWorker.java:52)
	at org.testng.SuiteRunnerWorker.run(SuiteRunnerWorker.java:84)
	at org.testng.TestNG.runSuitesSequentially(TestNG.java:1208)
	at org.testng.TestNG.runSuitesLocally(TestNG.java:1137)
	at org.testng.TestNG.runSuites(TestNG.java:1049)
	at org.testng.TestNG.run(TestNG.java:1017)
	at org.apache.maven.surefire.testng.TestNGExecutor.run(TestNGExecutor.java:283)
	at org.apache.maven.surefire.testng.TestNGXmlTestSuite.execute(TestNGXmlTestSuite.java:75)
	at org.apache.maven.surefire.testng.TestNGProvider.invoke(TestNGProvider.java:120)
	at org.apache.maven.surefire.booter.ForkedBooter.invokeProviderInSameClassLoader(ForkedBooter.java:383)
	at org.apache.maven.surefire.booter.ForkedBooter.runSuitesInProcess(ForkedBooter.java:344)
	at org.apache.maven.surefire.booter.ForkedBooter.execute(ForkedBooter.java:125)
	at org.apache.maven.surefire.booter.ForkedBooter.main(ForkedBooter.java:417)
org.apache.xmlbeans.impl.values.XmlValueDisconnectedException
	at org.apache.xmlbeans.impl.values.XmlObjectBase.check_orphaned(XmlObjectBase.java:1213)
	at org.openxmlformats.schemas.spreadsheetml.x2006.main.impl.CTXfImpl.getXfId(Unknown Source)
	at org.apache.poi.xssf.model.StylesTable.getStyleAt(StylesTable.java:235)
	at org.apache.poi.xssf.usermodel.XSSFCell.getCellStyle(XSSFCell.java:483)
	at org.apache.poi.xssf.usermodel.XSSFCell.getCellStyle(XSSFCell.java:64)
	at org.apache.poi.ss.usermodel.DateUtil.isCellDateFormatted(DateUtil.java:504)
	at com.hasbrop2m.core.Xls_Reader.getCellData(Xls_Reader.java:148)
	at com.hasbrop2m.core.Utility.getData(Utility.java:61)
	at com.hasbrop2m.sanity.SanitySuite2018.testDataTest(SanitySuite2018.java:415)
	at sun.reflect.NativeMethodAccessorImpl.invoke0(Native Method)
	at sun.reflect.NativeMethodAccessorImpl.invoke(NativeMethodAccessorImpl.java:62)
	at sun.reflect.DelegatingMethodAccessorImpl.invoke(DelegatingMethodAccessorImpl.java:43)
	at java.lang.reflect.Method.invoke(Method.java:498)
	at org.testng.internal.MethodInvocationHelper.invokeMethod(MethodInvocationHelper.java:124)
	at org.testng.internal.MethodInvocationHelper.invokeMethod(MethodInvocationHelper.java:74)
	at org.testng.internal.MethodInvocationHelper.invokeMethodNoCheckedException(MethodInvocationHelper.java:45)
	at org.testng.internal.MethodInvocationHelper.invokeDataProvider(MethodInvocationHelper.java:131)
	at org.testng.internal.Parameters.handleParameters(Parameters.java:706)
	at org.testng.internal.ParameterHandler.handleParameters(ParameterHandler.java:49)
	at org.testng.internal.ParameterHandler.createParameters(ParameterHandler.java:37)
	at org.testng.internal.Invoker.invokeTestMethods(Invoker.java:924)
	at org.testng.internal.TestMethodWorker.invokeTestMethods(TestMethodWorker.java:125)
	at org.testng.internal.TestMethodWorker.run(TestMethodWorker.java:109)
	at org.testng.TestRunner.privateRun(TestRunner.java:648)
	at org.testng.TestRunner.run(TestRunner.java:505)
	at org.testng.SuiteRunner.runTest(SuiteRunner.java:455)
	at org.testng.SuiteRunner.runSequentially(SuiteRunner.java:450)
	at org.testng.SuiteRunner.privateRun(SuiteRunner.java:415)
	at org.testng.SuiteRunner.run(SuiteRunner.java:364)
	at org.testng.SuiteRunnerWorker.runSuite(SuiteRunnerWorker.java:52)
	at org.testng.SuiteRunnerWorker.run(SuiteRunnerWorker.java:84)
	at org.testng.TestNG.runSuitesSequentially(TestNG.java:1208)
	at org.testng.TestNG.runSuitesLocally(TestNG.java:1137)
	at org.testng.TestNG.runSuites(TestNG.java:1049)
	at org.testng.TestNG.run(TestNG.java:1017)
	at org.apache.maven.surefire.testng.TestNGExecutor.run(TestNGExecutor.java:283)
	at org.apache.maven.surefire.testng.TestNGXmlTestSuite.execute(TestNGXmlTestSuite.java:75)
	at org.apache.maven.surefire.testng.TestNGProvider.invoke(TestNGProvider.java:120)
	at org.apache.maven.surefire.booter.ForkedBooter.invokeProviderInSameClassLoader(ForkedBooter.java:383)
	at org.apache.maven.surefire.booter.ForkedBooter.runSuitesInProcess(ForkedBooter.java:344)
	at org.apache.maven.surefire.booter.ForkedBooter.execute(ForkedBooter.java:125)
	at org.apache.maven.surefire.booter.ForkedBooter.main(ForkedBooter.java:417)
org.apache.xmlbeans.impl.values.XmlValueDisconnectedException
	at org.apache.xmlbeans.impl.values.XmlObjectBase.check_orphaned(XmlObjectBase.java:1213)
	at org.openxmlformats.schemas.spreadsheetml.x2006.main.impl.CTXfImpl.getXfId(Unknown Source)
	at org.apache.poi.xssf.model.StylesTable.getStyleAt(StylesTable.java:235)
	at org.apache.poi.xssf.usermodel.XSSFCell.getCellStyle(XSSFCell.java:483)
	at org.apache.poi.xssf.usermodel.XSSFCell.getCellStyle(XSSFCell.java:64)
	at org.apache.poi.ss.usermodel.DateUtil.isCellDateFormatted(DateUtil.java:504)
	at com.hasbrop2m.core.Xls_Reader.getCellData(Xls_Reader.java:148)
	at com.hasbrop2m.core.Utility.getData(Utility.java:61)
	at com.hasbrop2m.sanity.SanitySuite2018.testDataTest(SanitySuite2018.java:415)
	at sun.reflect.NativeMethodAccessorImpl.invoke0(Native Method)
	at sun.reflect.NativeMethodAccessorImpl.invoke(NativeMethodAccessorImpl.java:62)
	at sun.reflect.DelegatingMethodAccessorImpl.invoke(DelegatingMethodAccessorImpl.java:43)
	at java.lang.reflect.Method.invoke(Method.java:498)
	at org.testng.internal.MethodInvocationHelper.invokeMethod(MethodInvocationHelper.java:124)
	at org.testng.internal.MethodInvocationHelper.invokeMethod(MethodInvocationHelper.java:74)
	at org.testng.internal.MethodInvocationHelper.invokeMethodNoCheckedException(MethodInvocationHelper.java:45)
	at org.testng.internal.MethodInvocationHelper.invokeDataProvider(MethodInvocationHelper.java:131)
	at org.testng.internal.Parameters.handleParameters(Parameters.java:706)
	at org.testng.internal.ParameterHandler.handleParameters(ParameterHandler.java:49)
	at org.testng.internal.ParameterHandler.createParameters(ParameterHandler.java:37)
	at org.testng.internal.Invoker.invokeTestMethods(Invoker.java:924)
	at org.testng.internal.TestMethodWorker.invokeTestMethods(TestMethodWorker.java:125)
	at org.testng.internal.TestMethodWorker.run(TestMethodWorker.java:109)
	at org.testng.TestRunner.privateRun(TestRunner.java:648)
	at org.testng.TestRunner.run(TestRunner.java:505)
	at org.testng.SuiteRunner.runTest(SuiteRunner.java:455)
	at org.testng.SuiteRunner.runSequentially(SuiteRunner.java:450)
	at org.testng.SuiteRunner.privateRun(SuiteRunner.java:415)
	at org.testng.SuiteRunner.run(SuiteRunner.java:364)
	at org.testng.SuiteRunnerWorker.runSuite(SuiteRunnerWorker.java:52)
	at org.testng.SuiteRunnerWorker.run(SuiteRunnerWorker.java:84)
	at org.testng.TestNG.runSuitesSequentially(TestNG.java:1208)
	at org.testng.TestNG.runSuitesLocally(TestNG.java:1137)
	at org.testng.TestNG.runSuites(TestNG.java:1049)
	at org.testng.TestNG.run(TestNG.java:1017)
	at org.apache.maven.surefire.testng.TestNGExecutor.run(TestNGExecutor.java:283)
	at org.apache.maven.surefire.testng.TestNGXmlTestSuite.execute(TestNGXmlTestSuite.java:75)
	at org.apache.maven.surefire.testng.TestNGProvider.invoke(TestNGProvider.java:120)
	at org.apache.maven.surefire.booter.ForkedBooter.invokeProviderInSameClassLoader(ForkedBooter.java:383)
	at org.apache.maven.surefire.booter.ForkedBooter.runSuitesInProcess(ForkedBooter.java:344)
	at org.apache.maven.surefire.booter.ForkedBooter.execute(ForkedBooter.java:125)
	at org.apache.maven.surefire.booter.ForkedBooter.main(ForkedBooter.java:417)
org.apache.xmlbeans.impl.values.XmlValueDisconnectedException
	at org.apache.xmlbeans.impl.values.XmlObjectBase.check_orphaned(XmlObjectBase.java:1213)
	at org.openxmlformats.schemas.spreadsheetml.x2006.main.impl.CTXfImpl.getXfId(Unknown Source)
	at org.apache.poi.xssf.model.StylesTable.getStyleAt(StylesTable.java:235)
	at org.apache.poi.xssf.usermodel.XSSFCell.getCellStyle(XSSFCell.java:483)
	at org.apache.poi.xssf.usermodel.XSSFCell.getCellStyle(XSSFCell.java:64)
	at org.apache.poi.ss.usermodel.DateUtil.isCellDateFormatted(DateUtil.java:504)
	at com.hasbrop2m.core.Xls_Reader.getCellData(Xls_Reader.java:148)
	at com.hasbrop2m.core.Utility.getData(Utility.java:61)
	at com.hasbrop2m.sanity.SanitySuite2018.testDataTest(SanitySuite2018.java:415)
	at sun.reflect.NativeMethodAccessorImpl.invoke0(Native Method)
	at sun.reflect.NativeMethodAccessorImpl.invoke(NativeMethodAccessorImpl.java:62)
	at sun.reflect.DelegatingMethodAccessorImpl.invoke(DelegatingMethodAccessorImpl.java:43)
	at java.lang.reflect.Method.invoke(Method.java:498)
	at org.testng.internal.MethodInvocationHelper.invokeMethod(MethodInvocationHelper.java:124)
	at org.testng.internal.MethodInvocationHelper.invokeMethod(MethodInvocationHelper.java:74)
	at org.testng.internal.MethodInvocationHelper.invokeMethodNoCheckedException(MethodInvocationHelper.java:45)
	at org.testng.internal.MethodInvocationHelper.invokeDataProvider(MethodInvocationHelper.java:131)
	at org.testng.internal.Parameters.handleParameters(Parameters.java:706)
	at org.testng.internal.ParameterHandler.handleParameters(ParameterHandler.java:49)
	at org.testng.internal.ParameterHandler.createParameters(ParameterHandler.java:37)
	at org.testng.internal.Invoker.invokeTestMethods(Invoker.java:924)
	at org.testng.internal.TestMethodWorker.invokeTestMethods(TestMethodWorker.java:125)
	at org.testng.internal.TestMethodWorker.run(TestMethodWorker.java:109)
	at org.testng.TestRunner.privateRun(TestRunner.java:648)
	at org.testng.TestRunner.run(TestRunner.java:505)
	at org.testng.SuiteRunner.runTest(SuiteRunner.java:455)
	at org.testng.SuiteRunner.runSequentially(SuiteRunner.java:450)
	at org.testng.SuiteRunner.privateRun(SuiteRunner.java:415)
	at org.testng.SuiteRunner.run(SuiteRunner.java:364)
	at org.testng.SuiteRunnerWorker.runSuite(SuiteRunnerWorker.java:52)
	at org.testng.SuiteRunnerWorker.run(SuiteRunnerWorker.java:84)
	at org.testng.TestNG.runSuitesSequentially(TestNG.java:1208)
	at org.testng.TestNG.runSuitesLocally(TestNG.java:1137)
	at org.testng.TestNG.runSuites(TestNG.java:1049)
	at org.testng.TestNG.run(TestNG.java:1017)
	at org.apache.maven.surefire.testng.TestNGExecutor.run(TestNGExecutor.java:283)
	at org.apache.maven.surefire.testng.TestNGXmlTestSuite.execute(TestNGXmlTestSuite.java:75)
	at org.apache.maven.surefire.testng.TestNGProvider.invoke(TestNGProvider.java:120)
	at org.apache.maven.surefire.booter.ForkedBooter.invokeProviderInSameClassLoader(ForkedBooter.java:383)
	at org.apache.maven.surefire.booter.ForkedBooter.runSuitesInProcess(ForkedBooter.java:344)
	at org.apache.maven.surefire.booter.ForkedBooter.execute(ForkedBooter.java:125)
	at org.apache.maven.surefire.booter.ForkedBooter.main(ForkedBooter.java:417)
org.apache.xmlbeans.impl.values.XmlValueDisconnectedException
	at org.apache.xmlbeans.impl.values.XmlObjectBase.check_orphaned(XmlObjectBase.java:1213)
	at org.openxmlformats.schemas.spreadsheetml.x2006.main.impl.CTXfImpl.getXfId(Unknown Source)
	at org.apache.poi.xssf.model.StylesTable.getStyleAt(StylesTable.java:235)
	at org.apache.poi.xssf.usermodel.XSSFCell.getCellStyle(XSSFCell.java:483)
	at org.apache.poi.xssf.usermodel.XSSFCell.getCellStyle(XSSFCell.java:64)
	at org.apache.poi.ss.usermodel.DateUtil.isCellDateFormatted(DateUtil.java:504)
	at com.hasbrop2m.core.Xls_Reader.getCellData(Xls_Reader.java:148)
	at com.hasbrop2m.core.Utility.getData(Utility.java:61)
	at com.hasbrop2m.sanity.SanitySuite2018.testDataTest(SanitySuite2018.java:415)
	at sun.reflect.NativeMethodAccessorImpl.invoke0(Native Method)
	at sun.reflect.NativeMethodAccessorImpl.invoke(NativeMethodAccessorImpl.java:62)
	at sun.reflect.DelegatingMethodAccessorImpl.invoke(DelegatingMethodAccessorImpl.java:43)
	at java.lang.reflect.Method.invoke(Method.java:498)
	at org.testng.internal.MethodInvocationHelper.invokeMethod(MethodInvocationHelper.java:124)
	at org.testng.internal.MethodInvocationHelper.invokeMethod(MethodInvocationHelper.java:74)
	at org.testng.internal.MethodInvocationHelper.invokeMethodNoCheckedException(MethodInvocationHelper.java:45)
	at org.testng.internal.MethodInvocationHelper.invokeDataProvider(MethodInvocationHelper.java:131)
	at org.testng.internal.Parameters.handleParameters(Parameters.java:706)
	at org.testng.internal.ParameterHandler.handleParameters(ParameterHandler.java:49)
	at org.testng.internal.ParameterHandler.createParameters(ParameterHandler.java:37)
	at org.testng.internal.Invoker.invokeTestMethods(Invoker.java:924)
	at org.testng.internal.TestMethodWorker.invokeTestMethods(TestMethodWorker.java:125)
	at org.testng.internal.TestMethodWorker.run(TestMethodWorker.java:109)
	at org.testng.TestRunner.privateRun(TestRunner.java:648)
	at org.testng.TestRunner.run(TestRunner.java:505)
	at org.testng.SuiteRunner.runTest(SuiteRunner.java:455)
	at org.testng.SuiteRunner.runSequentially(SuiteRunner.java:450)
	at org.testng.SuiteRunner.privateRun(SuiteRunner.java:415)
	at org.testng.SuiteRunner.run(SuiteRunner.java:364)
	at org.testng.SuiteRunnerWorker.runSuite(SuiteRunnerWorker.java:52)
	at org.testng.SuiteRunnerWorker.run(SuiteRunnerWorker.java:84)
	at org.testng.TestNG.runSuitesSequentially(TestNG.java:1208)
	at org.testng.TestNG.runSuitesLocally(TestNG.java:1137)
	at org.testng.TestNG.runSuites(TestNG.java:1049)
	at org.testng.TestNG.run(TestNG.java:1017)
	at org.apache.maven.surefire.testng.TestNGExecutor.run(TestNGExecutor.java:283)
	at org.apache.maven.surefire.testng.TestNGXmlTestSuite.execute(TestNGXmlTestSuite.java:75)
	at org.apache.maven.surefire.testng.TestNGProvider.invoke(TestNGProvider.java:120)
	at org.apache.maven.surefire.booter.ForkedBooter.invokeProviderInSameClassLoader(ForkedBooter.java:383)
	at org.apache.maven.surefire.booter.ForkedBooter.runSuitesInProcess(ForkedBooter.java:344)
	at org.apache.maven.surefire.booter.ForkedBooter.execute(ForkedBooter.java:125)
	at org.apache.maven.surefire.booter.ForkedBooter.main(ForkedBooter.java:417)
org.apache.xmlbeans.impl.values.XmlValueDisconnectedException
	at org.apache.xmlbeans.impl.values.XmlObjectBase.check_orphaned(XmlObjectBase.java:1213)
	at org.openxmlformats.schemas.spreadsheetml.x2006.main.impl.CTXfImpl.getXfId(Unknown Source)
	at org.apache.poi.xssf.model.StylesTable.getStyleAt(StylesTable.java:235)
	at org.apache.poi.xssf.usermodel.XSSFCell.getCellStyle(XSSFCell.java:483)
	at org.apache.poi.xssf.usermodel.XSSFCell.getCellStyle(XSSFCell.java:64)
	at org.apache.poi.ss.usermodel.DateUtil.isCellDateFormatted(DateUtil.java:504)
	at com.hasbrop2m.core.Xls_Reader.getCellData(Xls_Reader.java:148)
	at com.hasbrop2m.core.Utility.getData(Utility.java:61)
	at com.hasbrop2m.sanity.SanitySuite2018.testDataTest(SanitySuite2018.java:415)
	at sun.reflect.NativeMethodAccessorImpl.invoke0(Native Method)
	at sun.reflect.NativeMethodAccessorImpl.invoke(NativeMethodAccessorImpl.java:62)
	at sun.reflect.DelegatingMethodAccessorImpl.invoke(DelegatingMethodAccessorImpl.java:43)
	at java.lang.reflect.Method.invoke(Method.java:498)
	at org.testng.internal.MethodInvocationHelper.invokeMethod(MethodInvocationHelper.java:124)
	at org.testng.internal.MethodInvocationHelper.invokeMethod(MethodInvocationHelper.java:74)
	at org.testng.internal.MethodInvocationHelper.invokeMethodNoCheckedException(MethodInvocationHelper.java:45)
	at org.testng.internal.MethodInvocationHelper.invokeDataProvider(MethodInvocationHelper.java:131)
	at org.testng.internal.Parameters.handleParameters(Parameters.java:706)
	at org.testng.internal.ParameterHandler.handleParameters(ParameterHandler.java:49)
	at org.testng.internal.ParameterHandler.createParameters(ParameterHandler.java:37)
	at org.testng.internal.Invoker.invokeTestMethods(Invoker.java:924)
	at org.testng.internal.TestMethodWorker.invokeTestMethods(TestMethodWorker.java:125)
	at org.testng.internal.TestMethodWorker.run(TestMethodWorker.java:109)
	at org.testng.TestRunner.privateRun(TestRunner.java:648)
	at org.testng.TestRunner.run(TestRunner.java:505)
	at org.testng.SuiteRunner.runTest(SuiteRunner.java:455)
	at org.testng.SuiteRunner.runSequentially(SuiteRunner.java:450)
	at org.testng.SuiteRunner.privateRun(SuiteRunner.java:415)
	at org.testng.SuiteRunner.run(SuiteRunner.java:364)
	at org.testng.SuiteRunnerWorker.runSuite(SuiteRunnerWorker.java:52)
	at org.testng.SuiteRunnerWorker.run(SuiteRunnerWorker.java:84)
	at org.testng.TestNG.runSuitesSequentially(TestNG.java:1208)
	at org.testng.TestNG.runSuitesLocally(TestNG.java:1137)
	at org.testng.TestNG.runSuites(TestNG.java:1049)
	at org.testng.TestNG.run(TestNG.java:1017)
	at org.apache.maven.surefire.testng.TestNGExecutor.run(TestNGExecutor.java:283)
	at org.apache.maven.surefire.testng.TestNGXmlTestSuite.execute(TestNGXmlTestSuite.java:75)
	at org.apache.maven.surefire.testng.TestNGProvider.invoke(TestNGProvider.java:120)
	at org.apache.maven.surefire.booter.ForkedBooter.invokeProviderInSameClassLoader(ForkedBooter.java:383)
	at org.apache.maven.surefire.booter.ForkedBooter.runSuitesInProcess(ForkedBooter.java:344)
	at org.apache.maven.surefire.booter.ForkedBooter.execute(ForkedBooter.java:125)
	at org.apache.maven.surefire.booter.ForkedBooter.main(ForkedBooter.java:417)
org.apache.xmlbeans.impl.values.XmlValueDisconnectedException
	at org.apache.xmlbeans.impl.values.XmlObjectBase.check_orphaned(XmlObjectBase.java:1213)
	at org.openxmlformats.schemas.spreadsheetml.x2006.main.impl.CTXfImpl.getXfId(Unknown Source)
	at org.apache.poi.xssf.model.StylesTable.getStyleAt(StylesTable.java:235)
	at org.apache.poi.xssf.usermodel.XSSFCell.getCellStyle(XSSFCell.java:483)
	at org.apache.poi.xssf.usermodel.XSSFCell.getCellStyle(XSSFCell.java:64)
	at org.apache.poi.ss.usermodel.DateUtil.isCellDateFormatted(DateUtil.java:504)
	at com.hasbrop2m.core.Xls_Reader.getCellData(Xls_Reader.java:148)
	at com.hasbrop2m.core.Utility.getData(Utility.java:61)
	at com.hasbrop2m.sanity.SanitySuite2018.testDataTest(SanitySuite2018.java:415)
	at sun.reflect.NativeMethodAccessorImpl.invoke0(Native Method)
	at sun.reflect.NativeMethodAccessorImpl.invoke(NativeMethodAccessorImpl.java:62)
	at sun.reflect.DelegatingMethodAccessorImpl.invoke(DelegatingMethodAccessorImpl.java:43)
	at java.lang.reflect.Method.invoke(Method.java:498)
	at org.testng.internal.MethodInvocationHelper.invokeMethod(MethodInvocationHelper.java:124)
	at org.testng.internal.MethodInvocationHelper.invokeMethod(MethodInvocationHelper.java:74)
	at org.testng.internal.MethodInvocationHelper.invokeMethodNoCheckedException(MethodInvocationHelper.java:45)
	at org.testng.internal.MethodInvocationHelper.invokeDataProvider(MethodInvocationHelper.java:131)
	at org.testng.internal.Parameters.handleParameters(Parameters.java:706)
	at org.testng.internal.ParameterHandler.handleParameters(ParameterHandler.java:49)
	at org.testng.internal.ParameterHandler.createParameters(ParameterHandler.java:37)
	at org.testng.internal.Invoker.invokeTestMethods(Invoker.java:924)
	at org.testng.internal.TestMethodWorker.invokeTestMethods(TestMethodWorker.java:125)
	at org.testng.internal.TestMethodWorker.run(TestMethodWorker.java:109)
	at org.testng.TestRunner.privateRun(TestRunner.java:648)
	at org.testng.TestRunner.run(TestRunner.java:505)
	at org.testng.SuiteRunner.runTest(SuiteRunner.java:455)
	at org.testng.SuiteRunner.runSequentially(SuiteRunner.java:450)
	at org.testng.SuiteRunner.privateRun(SuiteRunner.java:415)
	at org.testng.SuiteRunner.run(SuiteRunner.java:364)
	at org.testng.SuiteRunnerWorker.runSuite(SuiteRunnerWorker.java:52)
	at org.testng.SuiteRunnerWorker.run(SuiteRunnerWorker.java:84)
	at org.testng.TestNG.runSuitesSequentially(TestNG.java:1208)
	at org.testng.TestNG.runSuitesLocally(TestNG.java:1137)
	at org.testng.TestNG.runSuites(TestNG.java:1049)
	at org.testng.TestNG.run(TestNG.java:1017)
	at org.apache.maven.surefire.testng.TestNGExecutor.run(TestNGExecutor.java:283)
	at org.apache.maven.surefire.testng.TestNGXmlTestSuite.execute(TestNGXmlTestSuite.java:75)
	at org.apache.maven.surefire.testng.TestNGProvider.invoke(TestNGProvider.java:120)
	at org.apache.maven.surefire.booter.ForkedBooter.invokeProviderInSameClassLoader(ForkedBooter.java:383)
	at org.apache.maven.surefire.booter.ForkedBooter.runSuitesInProcess(ForkedBooter.java:344)
	at org.apache.maven.surefire.booter.ForkedBooter.execute(ForkedBooter.java:125)
	at org.apache.maven.surefire.booter.ForkedBooter.main(ForkedBooter.java:417)
org.apache.xmlbeans.impl.values.XmlValueDisconnectedException
	at org.apache.xmlbeans.impl.values.XmlObjectBase.check_orphaned(XmlObjectBase.java:1213)
	at org.openxmlformats.schemas.spreadsheetml.x2006.main.impl.CTXfImpl.getXfId(Unknown Source)
	at org.apache.poi.xssf.model.StylesTable.getStyleAt(StylesTable.java:235)
	at org.apache.poi.xssf.usermodel.XSSFCell.getCellStyle(XSSFCell.java:483)
	at org.apache.poi.xssf.usermodel.XSSFCell.getCellStyle(XSSFCell.java:64)
	at org.apache.poi.ss.usermodel.DateUtil.isCellDateFormatted(DateUtil.java:504)
	at com.hasbrop2m.core.Xls_Reader.getCellData(Xls_Reader.java:148)
	at com.hasbrop2m.core.Utility.getData(Utility.java:61)
	at com.hasbrop2m.sanity.SanitySuite2018.testDataTest(SanitySuite2018.java:415)
	at sun.reflect.NativeMethodAccessorImpl.invoke0(Native Method)
	at sun.reflect.NativeMethodAccessorImpl.invoke(NativeMethodAccessorImpl.java:62)
	at sun.reflect.DelegatingMethodAccessorImpl.invoke(DelegatingMethodAccessorImpl.java:43)
	at java.lang.reflect.Method.invoke(Method.java:498)
	at org.testng.internal.MethodInvocationHelper.invokeMethod(MethodInvocationHelper.java:124)
	at org.testng.internal.MethodInvocationHelper.invokeMethod(MethodInvocationHelper.java:74)
	at org.testng.internal.MethodInvocationHelper.invokeMethodNoCheckedException(MethodInvocationHelper.java:45)
	at org.testng.internal.MethodInvocationHelper.invokeDataProvider(MethodInvocationHelper.java:131)
	at org.testng.internal.Parameters.handleParameters(Parameters.java:706)
	at org.testng.internal.ParameterHandler.handleParameters(ParameterHandler.java:49)
	at org.testng.internal.ParameterHandler.createParameters(ParameterHandler.java:37)
	at org.testng.internal.Invoker.invokeTestMethods(Invoker.java:924)
	at org.testng.internal.TestMethodWorker.invokeTestMethods(TestMethodWorker.java:125)
	at org.testng.internal.TestMethodWorker.run(TestMethodWorker.java:109)
	at org.testng.TestRunner.privateRun(TestRunner.java:648)
	at org.testng.TestRunner.run(TestRunner.java:505)
	at org.testng.SuiteRunner.runTest(SuiteRunner.java:455)
	at org.testng.SuiteRunner.runSequentially(SuiteRunner.java:450)
	at org.testng.SuiteRunner.privateRun(SuiteRunner.java:415)
	at org.testng.SuiteRunner.run(SuiteRunner.java:364)
	at org.testng.SuiteRunnerWorker.runSuite(SuiteRunnerWorker.java:52)
	at org.testng.SuiteRunnerWorker.run(SuiteRunnerWorker.java:84)
	at org.testng.TestNG.runSuitesSequentially(TestNG.java:1208)
	at org.testng.TestNG.runSuitesLocally(TestNG.java:1137)
	at org.testng.TestNG.runSuites(TestNG.java:1049)
	at org.testng.TestNG.run(TestNG.java:1017)
	at org.apache.maven.surefire.testng.TestNGExecutor.run(TestNGExecutor.java:283)
	at org.apache.maven.surefire.testng.TestNGXmlTestSuite.execute(TestNGXmlTestSuite.java:75)
	at org.apache.maven.surefire.testng.TestNGProvider.invoke(TestNGProvider.java:120)
	at org.apache.maven.surefire.booter.ForkedBooter.invokeProviderInSameClassLoader(ForkedBooter.java:383)
	at org.apache.maven.surefire.booter.ForkedBooter.runSuitesInProcess(ForkedBooter.java:344)
	at org.apache.maven.surefire.booter.ForkedBooter.execute(ForkedBooter.java:125)
	at org.apache.maven.surefire.booter.ForkedBooter.main(ForkedBooter.java:417)
org.apache.xmlbeans.impl.values.XmlValueDisconnectedException
	at org.apache.xmlbeans.impl.values.XmlObjectBase.check_orphaned(XmlObjectBase.java:1213)
	at org.openxmlformats.schemas.spreadsheetml.x2006.main.impl.CTXfImpl.getXfId(Unknown Source)
	at org.apache.poi.xssf.model.StylesTable.getStyleAt(StylesTable.java:235)
	at org.apache.poi.xssf.usermodel.XSSFCell.getCellStyle(XSSFCell.java:483)
	at org.apache.poi.xssf.usermodel.XSSFCell.getCellStyle(XSSFCell.java:64)
	at org.apache.poi.ss.usermodel.DateUtil.isCellDateFormatted(DateUtil.java:504)
	at com.hasbrop2m.core.Xls_Reader.getCellData(Xls_Reader.java:148)
	at com.hasbrop2m.core.Utility.getData(Utility.java:61)
	at com.hasbrop2m.sanity.SanitySuite2018.testDataTest(SanitySuite2018.java:415)
	at sun.reflect.NativeMethodAccessorImpl.invoke0(Native Method)
	at sun.reflect.NativeMethodAccessorImpl.invoke(NativeMethodAccessorImpl.java:62)
	at sun.reflect.DelegatingMethodAccessorImpl.invoke(DelegatingMethodAccessorImpl.java:43)
	at java.lang.reflect.Method.invoke(Method.java:498)
	at org.testng.internal.MethodInvocationHelper.invokeMethod(MethodInvocationHelper.java:124)
	at org.testng.internal.MethodInvocationHelper.invokeMethod(MethodInvocationHelper.java:74)
	at org.testng.internal.MethodInvocationHelper.invokeMethodNoCheckedException(MethodInvocationHelper.java:45)
	at org.testng.internal.MethodInvocationHelper.invokeDataProvider(MethodInvocationHelper.java:131)
	at org.testng.internal.Parameters.handleParameters(Parameters.java:706)
	at org.testng.internal.ParameterHandler.handleParameters(ParameterHandler.java:49)
	at org.testng.internal.ParameterHandler.createParameters(ParameterHandler.java:37)
	at org.testng.internal.Invoker.invokeTestMethods(Invoker.java:924)
	at org.testng.internal.TestMethodWorker.invokeTestMethods(TestMethodWorker.java:125)
	at org.testng.internal.TestMethodWorker.run(TestMethodWorker.java:109)
	at org.testng.TestRunner.privateRun(TestRunner.java:648)
	at org.testng.TestRunner.run(TestRunner.java:505)
	at org.testng.SuiteRunner.runTest(SuiteRunner.java:455)
	at org.testng.SuiteRunner.runSequentially(SuiteRunner.java:450)
	at org.testng.SuiteRunner.privateRun(SuiteRunner.java:415)
	at org.testng.SuiteRunner.run(SuiteRunner.java:364)
	at org.testng.SuiteRunnerWorker.runSuite(SuiteRunnerWorker.java:52)
	at org.testng.SuiteRunnerWorker.run(SuiteRunnerWorker.java:84)
	at org.testng.TestNG.runSuitesSequentially(TestNG.java:1208)
	at org.testng.TestNG.runSuitesLocally(TestNG.java:1137)
	at org.testng.TestNG.runSuites(TestNG.java:1049)
	at org.testng.TestNG.run(TestNG.java:1017)
	at org.apache.maven.surefire.testng.TestNGExecutor.run(TestNGExecutor.java:283)
	at org.apache.maven.surefire.testng.TestNGXmlTestSuite.execute(TestNGXmlTestSuite.java:75)
	at org.apache.maven.surefire.testng.TestNGProvider.invoke(TestNGProvider.java:120)
	at org.apache.maven.surefire.booter.ForkedBooter.invokeProviderInSameClassLoader(ForkedBooter.java:383)
	at org.apache.maven.surefire.booter.ForkedBooter.runSuitesInProcess(ForkedBooter.java:344)
	at org.apache.maven.surefire.booter.ForkedBooter.execute(ForkedBooter.java:125)
	at org.apache.maven.surefire.booter.ForkedBooter.main(ForkedBooter.java:417)
org.apache.xmlbeans.impl.values.XmlValueDisconnectedException
	at org.apache.xmlbeans.impl.values.XmlObjectBase.check_orphaned(XmlObjectBase.java:1213)
	at org.openxmlformats.schemas.spreadsheetml.x2006.main.impl.CTXfImpl.getXfId(Unknown Source)
	at org.apache.poi.xssf.model.StylesTable.getStyleAt(StylesTable.java:235)
	at org.apache.poi.xssf.usermodel.XSSFCell.getCellStyle(XSSFCell.java:483)
	at org.apache.poi.xssf.usermodel.XSSFCell.getCellStyle(XSSFCell.java:64)
	at org.apache.poi.ss.usermodel.DateUtil.isCellDateFormatted(DateUtil.java:504)
	at com.hasbrop2m.core.Xls_Reader.getCellData(Xls_Reader.java:148)
	at com.hasbrop2m.core.Utility.getData(Utility.java:61)
	at com.hasbrop2m.sanity.SanitySuite2018.testDataTest(SanitySuite2018.java:415)
	at sun.reflect.NativeMethodAccessorImpl.invoke0(Native Method)
	at sun.reflect.NativeMethodAccessorImpl.invoke(NativeMethodAccessorImpl.java:62)
	at sun.reflect.DelegatingMethodAccessorImpl.invoke(DelegatingMethodAccessorImpl.java:43)
	at java.lang.reflect.Method.invoke(Method.java:498)
	at org.testng.internal.MethodInvocationHelper.invokeMethod(MethodInvocationHelper.java:124)
	at org.testng.internal.MethodInvocationHelper.invokeMethod(MethodInvocationHelper.java:74)
	at org.testng.internal.MethodInvocationHelper.invokeMethodNoCheckedException(MethodInvocationHelper.java:45)
	at org.testng.internal.MethodInvocationHelper.invokeDataProvider(MethodInvocationHelper.java:131)
	at org.testng.internal.Parameters.handleParameters(Parameters.java:706)
	at org.testng.internal.ParameterHandler.handleParameters(ParameterHandler.java:49)
	at org.testng.internal.ParameterHandler.createParameters(ParameterHandler.java:37)
	at org.testng.internal.Invoker.invokeTestMethods(Invoker.java:924)
	at org.testng.internal.TestMethodWorker.invokeTestMethods(TestMethodWorker.java:125)
	at org.testng.internal.TestMethodWorker.run(TestMethodWorker.java:109)
	at org.testng.TestRunner.privateRun(TestRunner.java:648)
	at org.testng.TestRunner.run(TestRunner.java:505)
	at org.testng.SuiteRunner.runTest(SuiteRunner.java:455)
	at org.testng.SuiteRunner.runSequentially(SuiteRunner.java:450)
	at org.testng.SuiteRunner.privateRun(SuiteRunner.java:415)
	at org.testng.SuiteRunner.run(SuiteRunner.java:364)
	at org.testng.SuiteRunnerWorker.runSuite(SuiteRunnerWorker.java:52)
	at org.testng.SuiteRunnerWorker.run(SuiteRunnerWorker.java:84)
	at org.testng.TestNG.runSuitesSequentially(TestNG.java:1208)
	at org.testng.TestNG.runSuitesLocally(TestNG.java:1137)
	at org.testng.TestNG.runSuites(TestNG.java:1049)
	at org.testng.TestNG.run(TestNG.java:1017)
	at org.apache.maven.surefire.testng.TestNGExecutor.run(TestNGExecutor.java:283)
	at org.apache.maven.surefire.testng.TestNGXmlTestSuite.execute(TestNGXmlTestSuite.java:75)
	at org.apache.maven.surefire.testng.TestNGProvider.invoke(TestNGProvider.java:120)
	at org.apache.maven.surefire.booter.ForkedBooter.invokeProviderInSameClassLoader(ForkedBooter.java:383)
	at org.apache.maven.surefire.booter.ForkedBooter.runSuitesInProcess(ForkedBooter.java:344)
	at org.apache.maven.surefire.booter.ForkedBooter.execute(ForkedBooter.java:125)
	at org.apache.maven.surefire.booter.ForkedBooter.main(ForkedBooter.java:417)
org.apache.xmlbeans.impl.values.XmlValueDisconnectedException
	at org.apache.xmlbeans.impl.values.XmlObjectBase.check_orphaned(XmlObjectBase.java:1213)
	at org.openxmlformats.schemas.spreadsheetml.x2006.main.impl.CTXfImpl.getXfId(Unknown Source)
	at org.apache.poi.xssf.model.StylesTable.getStyleAt(StylesTable.java:235)
	at org.apache.poi.xssf.usermodel.XSSFCell.getCellStyle(XSSFCell.java:483)
	at org.apache.poi.xssf.usermodel.XSSFCell.getCellStyle(XSSFCell.java:64)
	at org.apache.poi.ss.usermodel.DateUtil.isCellDateFormatted(DateUtil.java:504)
	at com.hasbrop2m.core.Xls_Reader.getCellData(Xls_Reader.java:148)
	at com.hasbrop2m.core.Utility.getData(Utility.java:61)
	at com.hasbrop2m.sanity.SanitySuite2018.testDataTest(SanitySuite2018.java:415)
	at sun.reflect.NativeMethodAccessorImpl.invoke0(Native Method)
	at sun.reflect.NativeMethodAccessorImpl.invoke(NativeMethodAccessorImpl.java:62)
	at sun.reflect.DelegatingMethodAccessorImpl.invoke(DelegatingMethodAccessorImpl.java:43)
	at java.lang.reflect.Method.invoke(Method.java:498)
	at org.testng.internal.MethodInvocationHelper.invokeMethod(MethodInvocationHelper.java:124)
	at org.testng.internal.MethodInvocationHelper.invokeMethod(MethodInvocationHelper.java:74)
	at org.testng.internal.MethodInvocationHelper.invokeMethodNoCheckedException(MethodInvocationHelper.java:45)
	at org.testng.internal.MethodInvocationHelper.invokeDataProvider(MethodInvocationHelper.java:131)
	at org.testng.internal.Parameters.handleParameters(Parameters.java:706)
	at org.testng.internal.ParameterHandler.handleParameters(ParameterHandler.java:49)
	at org.testng.internal.ParameterHandler.createParameters(ParameterHandler.java:37)
	at org.testng.internal.Invoker.invokeTestMethods(Invoker.java:924)
	at org.testng.internal.TestMethodWorker.invokeTestMethods(TestMethodWorker.java:125)
	at org.testng.internal.TestMethodWorker.run(TestMethodWorker.java:109)
	at org.testng.TestRunner.privateRun(TestRunner.java:648)
	at org.testng.TestRunner.run(TestRunner.java:505)
	at org.testng.SuiteRunner.runTest(SuiteRunner.java:455)
	at org.testng.SuiteRunner.runSequentially(SuiteRunner.java:450)
	at org.testng.SuiteRunner.privateRun(SuiteRunner.java:415)
	at org.testng.SuiteRunner.run(SuiteRunner.java:364)
	at org.testng.SuiteRunnerWorker.runSuite(SuiteRunnerWorker.java:52)
	at org.testng.SuiteRunnerWorker.run(SuiteRunnerWorker.java:84)
	at org.testng.TestNG.runSuitesSequentially(TestNG.java:1208)
	at org.testng.TestNG.runSuitesLocally(TestNG.java:1137)
	at org.testng.TestNG.runSuites(TestNG.java:1049)
	at org.testng.TestNG.run(TestNG.java:1017)
	at org.apache.maven.surefire.testng.TestNGExecutor.run(TestNGExecutor.java:283)
	at org.apache.maven.surefire.testng.TestNGXmlTestSuite.execute(TestNGXmlTestSuite.java:75)
	at org.apache.maven.surefire.testng.TestNGProvider.invoke(TestNGProvider.java:120)
	at org.apache.maven.surefire.booter.ForkedBooter.invokeProviderInSameClassLoader(ForkedBooter.java:383)
	at org.apache.maven.surefire.booter.ForkedBooter.runSuitesInProcess(ForkedBooter.java:344)
	at org.apache.maven.surefire.booter.ForkedBooter.execute(ForkedBooter.java:125)
	at org.apache.maven.surefire.booter.ForkedBooter.main(ForkedBooter.java:417)
org.apache.xmlbeans.impl.values.XmlValueDisconnectedException
	at org.apache.xmlbeans.impl.values.XmlObjectBase.check_orphaned(XmlObjectBase.java:1213)
	at org.openxmlformats.schemas.spreadsheetml.x2006.main.impl.CTXfImpl.getXfId(Unknown Source)
	at org.apache.poi.xssf.model.StylesTable.getStyleAt(StylesTable.java:235)
	at org.apache.poi.xssf.usermodel.XSSFCell.getCellStyle(XSSFCell.java:483)
	at org.apache.poi.xssf.usermodel.XSSFCell.getCellStyle(XSSFCell.java:64)
	at org.apache.poi.ss.usermodel.DateUtil.isCellDateFormatted(DateUtil.java:504)
	at com.hasbrop2m.core.Xls_Reader.getCellData(Xls_Reader.java:148)
	at com.hasbrop2m.core.Utility.getData(Utility.java:61)
	at com.hasbrop2m.sanity.SanitySuite2018.testDataTest(SanitySuite2018.java:415)
	at sun.reflect.NativeMethodAccessorImpl.invoke0(Native Method)
	at sun.reflect.NativeMethodAccessorImpl.invoke(NativeMethodAccessorImpl.java:62)
	at sun.reflect.DelegatingMethodAccessorImpl.invoke(DelegatingMethodAccessorImpl.java:43)
	at java.lang.reflect.Method.invoke(Method.java:498)
	at org.testng.internal.MethodInvocationHelper.invokeMethod(MethodInvocationHelper.java:124)
	at org.testng.internal.MethodInvocationHelper.invokeMethod(MethodInvocationHelper.java:74)
	at org.testng.internal.MethodInvocationHelper.invokeMethodNoCheckedException(MethodInvocationHelper.java:45)
	at org.testng.internal.MethodInvocationHelper.invokeDataProvider(MethodInvocationHelper.java:131)
	at org.testng.internal.Parameters.handleParameters(Parameters.java:706)
	at org.testng.internal.ParameterHandler.handleParameters(ParameterHandler.java:49)
	at org.testng.internal.ParameterHandler.createParameters(ParameterHandler.java:37)
	at org.testng.internal.Invoker.invokeTestMethods(Invoker.java:924)
	at org.testng.internal.TestMethodWorker.invokeTestMethods(TestMethodWorker.java:125)
	at org.testng.internal.TestMethodWorker.run(TestMethodWorker.java:109)
	at org.testng.TestRunner.privateRun(TestRunner.java:648)
	at org.testng.TestRunner.run(TestRunner.java:505)
	at org.testng.SuiteRunner.runTest(SuiteRunner.java:455)
	at org.testng.SuiteRunner.runSequentially(SuiteRunner.java:450)
	at org.testng.SuiteRunner.privateRun(SuiteRunner.java:415)
	at org.testng.SuiteRunner.run(SuiteRunner.java:364)
	at org.testng.SuiteRunnerWorker.runSuite(SuiteRunnerWorker.java:52)
	at org.testng.SuiteRunnerWorker.run(SuiteRunnerWorker.java:84)
	at org.testng.TestNG.runSuitesSequentially(TestNG.java:1208)
	at org.testng.TestNG.runSuitesLocally(TestNG.java:1137)
	at org.testng.TestNG.runSuites(TestNG.java:1049)
	at org.testng.TestNG.run(TestNG.java:1017)
	at org.apache.maven.surefire.testng.TestNGExecutor.run(TestNGExecutor.java:283)
	at org.apache.maven.surefire.testng.TestNGXmlTestSuite.execute(TestNGXmlTestSuite.java:75)
	at org.apache.maven.surefire.testng.TestNGProvider.invoke(TestNGProvider.java:120)
	at org.apache.maven.surefire.booter.ForkedBooter.invokeProviderInSameClassLoader(ForkedBooter.java:383)
	at org.apache.maven.surefire.booter.ForkedBooter.runSuitesInProcess(ForkedBooter.java:344)
	at org.apache.maven.surefire.booter.ForkedBooter.execute(ForkedBooter.java:125)
	at org.apache.maven.surefire.booter.ForkedBooter.main(ForkedBooter.java:417)
org.apache.xmlbeans.impl.values.XmlValueDisconnectedException
	at org.apache.xmlbeans.impl.values.XmlObjectBase.check_orphaned(XmlObjectBase.java:1213)
	at org.openxmlformats.schemas.spreadsheetml.x2006.main.impl.CTXfImpl.getXfId(Unknown Source)
	at org.apache.poi.xssf.model.StylesTable.getStyleAt(StylesTable.java:235)
	at org.apache.poi.xssf.usermodel.XSSFCell.getCellStyle(XSSFCell.java:483)
	at org.apache.poi.xssf.usermodel.XSSFCell.getCellStyle(XSSFCell.java:64)
	at org.apache.poi.ss.usermodel.DateUtil.isCellDateFormatted(DateUtil.java:504)
	at com.hasbrop2m.core.Xls_Reader.getCellData(Xls_Reader.java:148)
	at com.hasbrop2m.core.Utility.getData(Utility.java:61)
	at com.hasbrop2m.sanity.SanitySuite2018.testDataTest(SanitySuite2018.java:415)
	at sun.reflect.NativeMethodAccessorImpl.invoke0(Native Method)
	at sun.reflect.NativeMethodAccessorImpl.invoke(NativeMethodAccessorImpl.java:62)
	at sun.reflect.DelegatingMethodAccessorImpl.invoke(DelegatingMethodAccessorImpl.java:43)
	at java.lang.reflect.Method.invoke(Method.java:498)
	at org.testng.internal.MethodInvocationHelper.invokeMethod(MethodInvocationHelper.java:124)
	at org.testng.internal.MethodInvocationHelper.invokeMethod(MethodInvocationHelper.java:74)
	at org.testng.internal.MethodInvocationHelper.invokeMethodNoCheckedException(MethodInvocationHelper.java:45)
	at org.testng.internal.MethodInvocationHelper.invokeDataProvider(MethodInvocationHelper.java:131)
	at org.testng.internal.Parameters.handleParameters(Parameters.java:706)
	at org.testng.internal.ParameterHandler.handleParameters(ParameterHandler.java:49)
	at org.testng.internal.ParameterHandler.createParameters(ParameterHandler.java:37)
	at org.testng.internal.Invoker.invokeTestMethods(Invoker.java:924)
	at org.testng.internal.TestMethodWorker.invokeTestMethods(TestMethodWorker.java:125)
	at org.testng.internal.TestMethodWorker.run(TestMethodWorker.java:109)
	at org.testng.TestRunner.privateRun(TestRunner.java:648)
	at org.testng.TestRunner.run(TestRunner.java:505)
	at org.testng.SuiteRunner.runTest(SuiteRunner.java:455)
	at org.testng.SuiteRunner.runSequentially(SuiteRunner.java:450)
	at org.testng.SuiteRunner.privateRun(SuiteRunner.java:415)
	at org.testng.SuiteRunner.run(SuiteRunner.java:364)
	at org.testng.SuiteRunnerWorker.runSuite(SuiteRunnerWorker.java:52)
	at org.testng.SuiteRunnerWorker.run(SuiteRunnerWorker.java:84)
	at org.testng.TestNG.runSuitesSequentially(TestNG.java:1208)
	at org.testng.TestNG.runSuitesLocally(TestNG.java:1137)
	at org.testng.TestNG.runSuites(TestNG.java:1049)
	at org.testng.TestNG.run(TestNG.java:1017)
	at org.apache.maven.surefire.testng.TestNGExecutor.run(TestNGExecutor.java:283)
	at org.apache.maven.surefire.testng.TestNGXmlTestSuite.execute(TestNGXmlTestSuite.java:75)
	at org.apache.maven.surefire.testng.TestNGProvider.invoke(TestNGProvider.java:120)
	at org.apache.maven.surefire.booter.ForkedBooter.invokeProviderInSameClassLoader(ForkedBooter.java:383)
	at org.apache.maven.surefire.booter.ForkedBooter.runSuitesInProcess(ForkedBooter.java:344)
	at org.apache.maven.surefire.booter.ForkedBooter.execute(ForkedBooter.java:125)
	at org.apache.maven.surefire.booter.ForkedBooter.main(ForkedBooter.java:417)
org.apache.xmlbeans.impl.values.XmlValueDisconnectedException
	at org.apache.xmlbeans.impl.values.XmlObjectBase.check_orphaned(XmlObjectBase.java:1213)
	at org.openxmlformats.schemas.spreadsheetml.x2006.main.impl.CTXfImpl.getXfId(Unknown Source)
	at org.apache.poi.xssf.model.StylesTable.getStyleAt(StylesTable.java:235)
	at org.apache.poi.xssf.usermodel.XSSFCell.getCellStyle(XSSFCell.java:483)
	at org.apache.poi.xssf.usermodel.XSSFCell.getCellStyle(XSSFCell.java:64)
	at org.apache.poi.ss.usermodel.DateUtil.isCellDateFormatted(DateUtil.java:504)
	at com.hasbrop2m.core.Xls_Reader.getCellData(Xls_Reader.java:148)
	at com.hasbrop2m.core.Utility.getData(Utility.java:61)
	at com.hasbrop2m.sanity.SanitySuite2018.testDataTest(SanitySuite2018.java:415)
	at sun.reflect.NativeMethodAccessorImpl.invoke0(Native Method)
	at sun.reflect.NativeMethodAccessorImpl.invoke(NativeMethodAccessorImpl.java:62)
	at sun.reflect.DelegatingMethodAccessorImpl.invoke(DelegatingMethodAccessorImpl.java:43)
	at java.lang.reflect.Method.invoke(Method.java:498)
	at org.testng.internal.MethodInvocationHelper.invokeMethod(MethodInvocationHelper.java:124)
	at org.testng.internal.MethodInvocationHelper.invokeMethod(MethodInvocationHelper.java:74)
	at org.testng.internal.MethodInvocationHelper.invokeMethodNoCheckedException(MethodInvocationHelper.java:45)
	at org.testng.internal.MethodInvocationHelper.invokeDataProvider(MethodInvocationHelper.java:131)
	at org.testng.internal.Parameters.handleParameters(Parameters.java:706)
	at org.testng.internal.ParameterHandler.handleParameters(ParameterHandler.java:49)
	at org.testng.internal.ParameterHandler.createParameters(ParameterHandler.java:37)
	at org.testng.internal.Invoker.invokeTestMethods(Invoker.java:924)
	at org.testng.internal.TestMethodWorker.invokeTestMethods(TestMethodWorker.java:125)
	at org.testng.internal.TestMethodWorker.run(TestMethodWorker.java:109)
	at org.testng.TestRunner.privateRun(TestRunner.java:648)
	at org.testng.TestRunner.run(TestRunner.java:505)
	at org.testng.SuiteRunner.runTest(SuiteRunner.java:455)
	at org.testng.SuiteRunner.runSequentially(SuiteRunner.java:450)
	at org.testng.SuiteRunner.privateRun(SuiteRunner.java:415)
	at org.testng.SuiteRunner.run(SuiteRunner.java:364)
	at org.testng.SuiteRunnerWorker.runSuite(SuiteRunnerWorker.java:52)
	at org.testng.SuiteRunnerWorker.run(SuiteRunnerWorker.java:84)
	at org.testng.TestNG.runSuitesSequentially(TestNG.java:1208)
	at org.testng.TestNG.runSuitesLocally(TestNG.java:1137)
	at org.testng.TestNG.runSuites(TestNG.java:1049)
	at org.testng.TestNG.run(TestNG.java:1017)
	at org.apache.maven.surefire.testng.TestNGExecutor.run(TestNGExecutor.java:283)
	at org.apache.maven.surefire.testng.TestNGXmlTestSuite.execute(TestNGXmlTestSuite.java:75)
	at org.apache.maven.surefire.testng.TestNGProvider.invoke(TestNGProvider.java:120)
	at org.apache.maven.surefire.booter.ForkedBooter.invokeProviderInSameClassLoader(ForkedBooter.java:383)
	at org.apache.maven.surefire.booter.ForkedBooter.runSuitesInProcess(ForkedBooter.java:344)
	at org.apache.maven.surefire.booter.ForkedBooter.execute(ForkedBooter.java:125)
	at org.apache.maven.surefire.booter.ForkedBooter.main(ForkedBooter.java:417)
org.apache.xmlbeans.impl.values.XmlValueDisconnectedException
	at org.apache.xmlbeans.impl.values.XmlObjectBase.check_orphaned(XmlObjectBase.java:1213)
	at org.openxmlformats.schemas.spreadsheetml.x2006.main.impl.CTXfImpl.getXfId(Unknown Source)
	at org.apache.poi.xssf.model.StylesTable.getStyleAt(StylesTable.java:235)
	at org.apache.poi.xssf.usermodel.XSSFCell.getCellStyle(XSSFCell.java:483)
	at org.apache.poi.xssf.usermodel.XSSFCell.getCellStyle(XSSFCell.java:64)
	at org.apache.poi.ss.usermodel.DateUtil.isCellDateFormatted(DateUtil.java:504)
	at com.hasbrop2m.core.Xls_Reader.getCellData(Xls_Reader.java:148)
	at com.hasbrop2m.core.Utility.getData(Utility.java:61)
	at com.hasbrop2m.sanity.SanitySuite2018.testDataTest(SanitySuite2018.java:415)
	at sun.reflect.NativeMethodAccessorImpl.invoke0(Native Method)
	at sun.reflect.NativeMethodAccessorImpl.invoke(NativeMethodAccessorImpl.java:62)
	at sun.reflect.DelegatingMethodAccessorImpl.invoke(DelegatingMethodAccessorImpl.java:43)
	at java.lang.reflect.Method.invoke(Method.java:498)
	at org.testng.internal.MethodInvocationHelper.invokeMethod(MethodInvocationHelper.java:124)
	at org.testng.internal.MethodInvocationHelper.invokeMethod(MethodInvocationHelper.java:74)
	at org.testng.internal.MethodInvocationHelper.invokeMethodNoCheckedException(MethodInvocationHelper.java:45)
	at org.testng.internal.MethodInvocationHelper.invokeDataProvider(MethodInvocationHelper.java:131)
	at org.testng.internal.Parameters.handleParameters(Parameters.java:706)
	at org.testng.internal.ParameterHandler.handleParameters(ParameterHandler.java:49)
	at org.testng.internal.ParameterHandler.createParameters(ParameterHandler.java:37)
	at org.testng.internal.Invoker.invokeTestMethods(Invoker.java:924)
	at org.testng.internal.TestMethodWorker.invokeTestMethods(TestMethodWorker.java:125)
	at org.testng.internal.TestMethodWorker.run(TestMethodWorker.java:109)
	at org.testng.TestRunner.privateRun(TestRunner.java:648)
	at org.testng.TestRunner.run(TestRunner.java:505)
	at org.testng.SuiteRunner.runTest(SuiteRunner.java:455)
	at org.testng.SuiteRunner.runSequentially(SuiteRunner.java:450)
	at org.testng.SuiteRunner.privateRun(SuiteRunner.java:415)
	at org.testng.SuiteRunner.run(SuiteRunner.java:364)
	at org.testng.SuiteRunnerWorker.runSuite(SuiteRunnerWorker.java:52)
	at org.testng.SuiteRunnerWorker.run(SuiteRunnerWorker.java:84)
	at org.testng.TestNG.runSuitesSequentially(TestNG.java:1208)
	at org.testng.TestNG.runSuitesLocally(TestNG.java:1137)
	at org.testng.TestNG.runSuites(TestNG.java:1049)
	at org.testng.TestNG.run(TestNG.java:1017)
	at org.apache.maven.surefire.testng.TestNGExecutor.run(TestNGExecutor.java:283)
	at org.apache.maven.surefire.testng.TestNGXmlTestSuite.execute(TestNGXmlTestSuite.java:75)
	at org.apache.maven.surefire.testng.TestNGProvider.invoke(TestNGProvider.java:120)
	at org.apache.maven.surefire.booter.ForkedBooter.invokeProviderInSameClassLoader(ForkedBooter.java:383)
	at org.apache.maven.surefire.booter.ForkedBooter.runSuitesInProcess(ForkedBooter.java:344)
	at org.apache.maven.surefire.booter.ForkedBooter.execute(ForkedBooter.java:125)
	at org.apache.maven.surefire.booter.ForkedBooter.main(ForkedBooter.java:417)
org.apache.xmlbeans.impl.values.XmlValueDisconnectedException
	at org.apache.xmlbeans.impl.values.XmlObjectBase.check_orphaned(XmlObjectBase.java:1213)
	at org.openxmlformats.schemas.spreadsheetml.x2006.main.impl.CTXfImpl.getXfId(Unknown Source)
	at org.apache.poi.xssf.model.StylesTable.getStyleAt(StylesTable.java:235)
	at org.apache.poi.xssf.usermodel.XSSFCell.getCellStyle(XSSFCell.java:483)
	at org.apache.poi.xssf.usermodel.XSSFCell.getCellStyle(XSSFCell.java:64)
	at org.apache.poi.ss.usermodel.DateUtil.isCellDateFormatted(DateUtil.java:504)
	at com.hasbrop2m.core.Xls_Reader.getCellData(Xls_Reader.java:148)
	at com.hasbrop2m.core.Utility.getData(Utility.java:61)
	at com.hasbrop2m.sanity.SanitySuite2018.testDataTest(SanitySuite2018.java:415)
	at sun.reflect.NativeMethodAccessorImpl.invoke0(Native Method)
	at sun.reflect.NativeMethodAccessorImpl.invoke(NativeMethodAccessorImpl.java:62)
	at sun.reflect.DelegatingMethodAccessorImpl.invoke(DelegatingMethodAccessorImpl.java:43)
	at java.lang.reflect.Method.invoke(Method.java:498)
	at org.testng.internal.MethodInvocationHelper.invokeMethod(MethodInvocationHelper.java:124)
	at org.testng.internal.MethodInvocationHelper.invokeMethod(MethodInvocationHelper.java:74)
	at org.testng.internal.MethodInvocationHelper.invokeMethodNoCheckedException(MethodInvocationHelper.java:45)
	at org.testng.internal.MethodInvocationHelper.invokeDataProvider(MethodInvocationHelper.java:131)
	at org.testng.internal.Parameters.handleParameters(Parameters.java:706)
	at org.testng.internal.ParameterHandler.handleParameters(ParameterHandler.java:49)
	at org.testng.internal.ParameterHandler.createParameters(ParameterHandler.java:37)
	at org.testng.internal.Invoker.invokeTestMethods(Invoker.java:924)
	at org.testng.internal.TestMethodWorker.invokeTestMethods(TestMethodWorker.java:125)
	at org.testng.internal.TestMethodWorker.run(TestMethodWorker.java:109)
	at org.testng.TestRunner.privateRun(TestRunner.java:648)
	at org.testng.TestRunner.run(TestRunner.java:505)
	at org.testng.SuiteRunner.runTest(SuiteRunner.java:455)
	at org.testng.SuiteRunner.runSequentially(SuiteRunner.java:450)
	at org.testng.SuiteRunner.privateRun(SuiteRunner.java:415)
	at org.testng.SuiteRunner.run(SuiteRunner.java:364)
	at org.testng.SuiteRunnerWorker.runSuite(SuiteRunnerWorker.java:52)
	at org.testng.SuiteRunnerWorker.run(SuiteRunnerWorker.java:84)
	at org.testng.TestNG.runSuitesSequentially(TestNG.java:1208)
	at org.testng.TestNG.runSuitesLocally(TestNG.java:1137)
	at org.testng.TestNG.runSuites(TestNG.java:1049)
	at org.testng.TestNG.run(TestNG.java:1017)
	at org.apache.maven.surefire.testng.TestNGExecutor.run(TestNGExecutor.java:283)
	at org.apache.maven.surefire.testng.TestNGXmlTestSuite.execute(TestNGXmlTestSuite.java:75)
	at org.apache.maven.surefire.testng.TestNGProvider.invoke(TestNGProvider.java:120)
	at org.apache.maven.surefire.booter.ForkedBooter.invokeProviderInSameClassLoader(ForkedBooter.java:383)
	at org.apache.maven.surefire.booter.ForkedBooter.runSuitesInProcess(ForkedBooter.java:344)
	at org.apache.maven.surefire.booter.ForkedBooter.execute(ForkedBooter.java:125)
	at org.apache.maven.surefire.booter.ForkedBooter.main(ForkedBooter.java:417)
org.apache.xmlbeans.impl.values.XmlValueDisconnectedException
	at org.apache.xmlbeans.impl.values.XmlObjectBase.check_orphaned(XmlObjectBase.java:1213)
	at org.openxmlformats.schemas.spreadsheetml.x2006.main.impl.CTXfImpl.getXfId(Unknown Source)
	at org.apache.poi.xssf.model.StylesTable.getStyleAt(StylesTable.java:235)
	at org.apache.poi.xssf.usermodel.XSSFCell.getCellStyle(XSSFCell.java:483)
	at org.apache.poi.xssf.usermodel.XSSFCell.getCellStyle(XSSFCell.java:64)
	at org.apache.poi.ss.usermodel.DateUtil.isCellDateFormatted(DateUtil.java:504)
	at com.hasbrop2m.core.Xls_Reader.getCellData(Xls_Reader.java:148)
	at com.hasbrop2m.core.Utility.getData(Utility.java:61)
	at com.hasbrop2m.sanity.SanitySuite2018.testDataTest(SanitySuite2018.java:415)
	at sun.reflect.NativeMethodAccessorImpl.invoke0(Native Method)
	at sun.reflect.NativeMethodAccessorImpl.invoke(NativeMethodAccessorImpl.java:62)
	at sun.reflect.DelegatingMethodAccessorImpl.invoke(DelegatingMethodAccessorImpl.java:43)
	at java.lang.reflect.Method.invoke(Method.java:498)
	at org.testng.internal.MethodInvocationHelper.invokeMethod(MethodInvocationHelper.java:124)
	at org.testng.internal.MethodInvocationHelper.invokeMethod(MethodInvocationHelper.java:74)
	at org.testng.internal.MethodInvocationHelper.invokeMethodNoCheckedException(MethodInvocationHelper.java:45)
	at org.testng.internal.MethodInvocationHelper.invokeDataProvider(MethodInvocationHelper.java:131)
	at org.testng.internal.Parameters.handleParameters(Parameters.java:706)
	at org.testng.internal.ParameterHandler.handleParameters(ParameterHandler.java:49)
	at org.testng.internal.ParameterHandler.createParameters(ParameterHandler.java:37)
	at org.testng.internal.Invoker.invokeTestMethods(Invoker.java:924)
	at org.testng.internal.TestMethodWorker.invokeTestMethods(TestMethodWorker.java:125)
	at org.testng.internal.TestMethodWorker.run(TestMethodWorker.java:109)
	at org.testng.TestRunner.privateRun(TestRunner.java:648)
	at org.testng.TestRunner.run(TestRunner.java:505)
	at org.testng.SuiteRunner.runTest(SuiteRunner.java:455)
	at org.testng.SuiteRunner.runSequentially(SuiteRunner.java:450)
	at org.testng.SuiteRunner.privateRun(SuiteRunner.java:415)
	at org.testng.SuiteRunner.run(SuiteRunner.java:364)
	at org.testng.SuiteRunnerWorker.runSuite(SuiteRunnerWorker.java:52)
	at org.testng.SuiteRunnerWorker.run(SuiteRunnerWorker.java:84)
	at org.testng.TestNG.runSuitesSequentially(TestNG.java:1208)
	at org.testng.TestNG.runSuitesLocally(TestNG.java:1137)
	at org.testng.TestNG.runSuites(TestNG.java:1049)
	at org.testng.TestNG.run(TestNG.java:1017)
	at org.apache.maven.surefire.testng.TestNGExecutor.run(TestNGExecutor.java:283)
	at org.apache.maven.surefire.testng.TestNGXmlTestSuite.execute(TestNGXmlTestSuite.java:75)
	at org.apache.maven.surefire.testng.TestNGProvider.invoke(TestNGProvider.java:120)
	at org.apache.maven.surefire.booter.ForkedBooter.invokeProviderInSameClassLoader(ForkedBooter.java:383)
	at org.apache.maven.surefire.booter.ForkedBooter.runSuitesInProcess(ForkedBooter.java:344)
	at org.apache.maven.surefire.booter.ForkedBooter.execute(ForkedBooter.java:125)
	at org.apache.maven.surefire.booter.ForkedBooter.main(ForkedBooter.java:417)
org.apache.xmlbeans.impl.values.XmlValueDisconnectedException
	at org.apache.xmlbeans.impl.values.XmlObjectBase.check_orphaned(XmlObjectBase.java:1213)
	at org.openxmlformats.schemas.spreadsheetml.x2006.main.impl.CTXfImpl.getXfId(Unknown Source)
	at org.apache.poi.xssf.model.StylesTable.getStyleAt(StylesTable.java:235)
	at org.apache.poi.xssf.usermodel.XSSFCell.getCellStyle(XSSFCell.java:483)
	at org.apache.poi.xssf.usermodel.XSSFCell.getCellStyle(XSSFCell.java:64)
	at org.apache.poi.ss.usermodel.DateUtil.isCellDateFormatted(DateUtil.java:504)
	at com.hasbrop2m.core.Xls_Reader.getCellData(Xls_Reader.java:148)
	at com.hasbrop2m.core.Utility.getData(Utility.java:61)
	at com.hasbrop2m.sanity.SanitySuite2018.testDataTest(SanitySuite2018.java:415)
	at sun.reflect.NativeMethodAccessorImpl.invoke0(Native Method)
	at sun.reflect.NativeMethodAccessorImpl.invoke(NativeMethodAccessorImpl.java:62)
	at sun.reflect.DelegatingMethodAccessorImpl.invoke(DelegatingMethodAccessorImpl.java:43)
	at java.lang.reflect.Method.invoke(Method.java:498)
	at org.testng.internal.MethodInvocationHelper.invokeMethod(MethodInvocationHelper.java:124)
	at org.testng.internal.MethodInvocationHelper.invokeMethod(MethodInvocationHelper.java:74)
	at org.testng.internal.MethodInvocationHelper.invokeMethodNoCheckedException(MethodInvocationHelper.java:45)
	at org.testng.internal.MethodInvocationHelper.invokeDataProvider(MethodInvocationHelper.java:131)
	at org.testng.internal.Parameters.handleParameters(Parameters.java:706)
	at org.testng.internal.ParameterHandler.handleParameters(ParameterHandler.java:49)
	at org.testng.internal.ParameterHandler.createParameters(ParameterHandler.java:37)
	at org.testng.internal.Invoker.invokeTestMethods(Invoker.java:924)
	at org.testng.internal.TestMethodWorker.invokeTestMethods(TestMethodWorker.java:125)
	at org.testng.internal.TestMethodWorker.run(TestMethodWorker.java:109)
	at org.testng.TestRunner.privateRun(TestRunner.java:648)
	at org.testng.TestRunner.run(TestRunner.java:505)
	at org.testng.SuiteRunner.runTest(SuiteRunner.java:455)
	at org.testng.SuiteRunner.runSequentially(SuiteRunner.java:450)
	at org.testng.SuiteRunner.privateRun(SuiteRunner.java:415)
	at org.testng.SuiteRunner.run(SuiteRunner.java:364)
	at org.testng.SuiteRunnerWorker.runSuite(SuiteRunnerWorker.java:52)
	at org.testng.SuiteRunnerWorker.run(SuiteRunnerWorker.java:84)
	at org.testng.TestNG.runSuitesSequentially(TestNG.java:1208)
	at org.testng.TestNG.runSuitesLocally(TestNG.java:1137)
	at org.testng.TestNG.runSuites(TestNG.java:1049)
	at org.testng.TestNG.run(TestNG.java:1017)
	at org.apache.maven.surefire.testng.TestNGExecutor.run(TestNGExecutor.java:283)
	at org.apache.maven.surefire.testng.TestNGXmlTestSuite.execute(TestNGXmlTestSuite.java:75)
	at org.apache.maven.surefire.testng.TestNGProvider.invoke(TestNGProvider.java:120)
	at org.apache.maven.surefire.booter.ForkedBooter.invokeProviderInSameClassLoader(ForkedBooter.java:383)
	at org.apache.maven.surefire.booter.ForkedBooter.runSuitesInProcess(ForkedBooter.java:344)
	at org.apache.maven.surefire.booter.ForkedBooter.execute(ForkedBooter.java:125)
	at org.apache.maven.surefire.booter.ForkedBooter.main(ForkedBooter.java:417)
org.apache.xmlbeans.impl.values.XmlValueDisconnectedException
	at org.apache.xmlbeans.impl.values.XmlObjectBase.check_orphaned(XmlObjectBase.java:1213)
	at org.openxmlformats.schemas.spreadsheetml.x2006.main.impl.CTXfImpl.getXfId(Unknown Source)
	at org.apache.poi.xssf.model.StylesTable.getStyleAt(StylesTable.java:235)
	at org.apache.poi.xssf.usermodel.XSSFCell.getCellStyle(XSSFCell.java:483)
	at org.apache.poi.xssf.usermodel.XSSFCell.getCellStyle(XSSFCell.java:64)
	at org.apache.poi.ss.usermodel.DateUtil.isCellDateFormatted(DateUtil.java:504)
	at com.hasbrop2m.core.Xls_Reader.getCellData(Xls_Reader.java:148)
	at com.hasbrop2m.core.Utility.getData(Utility.java:61)
	at com.hasbrop2m.sanity.SanitySuite2018.testDataTest(SanitySuite2018.java:415)
	at sun.reflect.NativeMethodAccessorImpl.invoke0(Native Method)
	at sun.reflect.NativeMethodAccessorImpl.invoke(NativeMethodAccessorImpl.java:62)
	at sun.reflect.DelegatingMethodAccessorImpl.invoke(DelegatingMethodAccessorImpl.java:43)
	at java.lang.reflect.Method.invoke(Method.java:498)
	at org.testng.internal.MethodInvocationHelper.invokeMethod(MethodInvocationHelper.java:124)
	at org.testng.internal.MethodInvocationHelper.invokeMethod(MethodInvocationHelper.java:74)
	at org.testng.internal.MethodInvocationHelper.invokeMethodNoCheckedException(MethodInvocationHelper.java:45)
	at org.testng.internal.MethodInvocationHelper.invokeDataProvider(MethodInvocationHelper.java:131)
	at org.testng.internal.Parameters.handleParameters(Parameters.java:706)
	at org.testng.internal.ParameterHandler.handleParameters(ParameterHandler.java:49)
	at org.testng.internal.ParameterHandler.createParameters(ParameterHandler.java:37)
	at org.testng.internal.Invoker.invokeTestMethods(Invoker.java:924)
	at org.testng.internal.TestMethodWorker.invokeTestMethods(TestMethodWorker.java:125)
	at org.testng.internal.TestMethodWorker.run(TestMethodWorker.java:109)
	at org.testng.TestRunner.privateRun(TestRunner.java:648)
	at org.testng.TestRunner.run(TestRunner.java:505)
	at org.testng.SuiteRunner.runTest(SuiteRunner.java:455)
	at org.testng.SuiteRunner.runSequentially(SuiteRunner.java:450)
	at org.testng.SuiteRunner.privateRun(SuiteRunner.java:415)
	at org.testng.SuiteRunner.run(SuiteRunner.java:364)
	at org.testng.SuiteRunnerWorker.runSuite(SuiteRunnerWorker.java:52)
	at org.testng.SuiteRunnerWorker.run(SuiteRunnerWorker.java:84)
	at org.testng.TestNG.runSuitesSequentially(TestNG.java:1208)
	at org.testng.TestNG.runSuitesLocally(TestNG.java:1137)
	at org.testng.TestNG.runSuites(TestNG.java:1049)
	at org.testng.TestNG.run(TestNG.java:1017)
	at org.apache.maven.surefire.testng.TestNGExecutor.run(TestNGExecutor.java:283)
	at org.apache.maven.surefire.testng.TestNGXmlTestSuite.execute(TestNGXmlTestSuite.java:75)
	at org.apache.maven.surefire.testng.TestNGProvider.invoke(TestNGProvider.java:120)
	at org.apache.maven.surefire.booter.ForkedBooter.invokeProviderInSameClassLoader(ForkedBooter.java:383)
	at org.apache.maven.surefire.booter.ForkedBooter.runSuitesInProcess(ForkedBooter.java:344)
	at org.apache.maven.surefire.booter.ForkedBooter.execute(ForkedBooter.java:125)
	at org.apache.maven.surefire.booter.ForkedBooter.main(ForkedBooter.java:417)
org.apache.xmlbeans.impl.values.XmlValueDisconnectedException
	at org.apache.xmlbeans.impl.values.XmlObjectBase.check_orphaned(XmlObjectBase.java:1213)
	at org.openxmlformats.schemas.spreadsheetml.x2006.main.impl.CTXfImpl.getXfId(Unknown Source)
	at org.apache.poi.xssf.model.StylesTable.getStyleAt(StylesTable.java:235)
	at org.apache.poi.xssf.usermodel.XSSFCell.getCellStyle(XSSFCell.java:483)
	at org.apache.poi.xssf.usermodel.XSSFCell.getCellStyle(XSSFCell.java:64)
	at org.apache.poi.ss.usermodel.DateUtil.isCellDateFormatted(DateUtil.java:504)
	at com.hasbrop2m.core.Xls_Reader.getCellData(Xls_Reader.java:148)
	at com.hasbrop2m.core.Utility.getData(Utility.java:61)
	at com.hasbrop2m.sanity.SanitySuite2018.testDataTest(SanitySuite2018.java:415)
	at sun.reflect.NativeMethodAccessorImpl.invoke0(Native Method)
	at sun.reflect.NativeMethodAccessorImpl.invoke(NativeMethodAccessorImpl.java:62)
	at sun.reflect.DelegatingMethodAccessorImpl.invoke(DelegatingMethodAccessorImpl.java:43)
	at java.lang.reflect.Method.invoke(Method.java:498)
	at org.testng.internal.MethodInvocationHelper.invokeMethod(MethodInvocationHelper.java:124)
	at org.testng.internal.MethodInvocationHelper.invokeMethod(MethodInvocationHelper.java:74)
	at org.testng.internal.MethodInvocationHelper.invokeMethodNoCheckedException(MethodInvocationHelper.java:45)
	at org.testng.internal.MethodInvocationHelper.invokeDataProvider(MethodInvocationHelper.java:131)
	at org.testng.internal.Parameters.handleParameters(Parameters.java:706)
	at org.testng.internal.ParameterHandler.handleParameters(ParameterHandler.java:49)
	at org.testng.internal.ParameterHandler.createParameters(ParameterHandler.java:37)
	at org.testng.internal.Invoker.invokeTestMethods(Invoker.java:924)
	at org.testng.internal.TestMethodWorker.invokeTestMethods(TestMethodWorker.java:125)
	at org.testng.internal.TestMethodWorker.run(TestMethodWorker.java:109)
	at org.testng.TestRunner.privateRun(TestRunner.java:648)
	at org.testng.TestRunner.run(TestRunner.java:505)
	at org.testng.SuiteRunner.runTest(SuiteRunner.java:455)
	at org.testng.SuiteRunner.runSequentially(SuiteRunner.java:450)
	at org.testng.SuiteRunner.privateRun(SuiteRunner.java:415)
	at org.testng.SuiteRunner.run(SuiteRunner.java:364)
	at org.testng.SuiteRunnerWorker.runSuite(SuiteRunnerWorker.java:52)
	at org.testng.SuiteRunnerWorker.run(SuiteRunnerWorker.java:84)
	at org.testng.TestNG.runSuitesSequentially(TestNG.java:1208)
	at org.testng.TestNG.runSuitesLocally(TestNG.java:1137)
	at org.testng.TestNG.runSuites(TestNG.java:1049)
	at org.testng.TestNG.run(TestNG.java:1017)
	at org.apache.maven.surefire.testng.TestNGExecutor.run(TestNGExecutor.java:283)
	at org.apache.maven.surefire.testng.TestNGXmlTestSuite.execute(TestNGXmlTestSuite.java:75)
	at org.apache.maven.surefire.testng.TestNGProvider.invoke(TestNGProvider.java:120)
	at org.apache.maven.surefire.booter.ForkedBooter.invokeProviderInSameClassLoader(ForkedBooter.java:383)
	at org.apache.maven.surefire.booter.ForkedBooter.runSuitesInProcess(ForkedBooter.java:344)
	at org.apache.maven.surefire.booter.ForkedBooter.execute(ForkedBooter.java:125)
	at org.apache.maven.surefire.booter.ForkedBooter.main(ForkedBooter.java:417)
org.apache.xmlbeans.impl.values.XmlValueDisconnectedException
	at org.apache.xmlbeans.impl.values.XmlObjectBase.check_orphaned(XmlObjectBase.java:1213)
	at org.openxmlformats.schemas.spreadsheetml.x2006.main.impl.CTXfImpl.getXfId(Unknown Source)
	at org.apache.poi.xssf.model.StylesTable.getStyleAt(StylesTable.java:235)
	at org.apache.poi.xssf.usermodel.XSSFCell.getCellStyle(XSSFCell.java:483)
	at org.apache.poi.xssf.usermodel.XSSFCell.getCellStyle(XSSFCell.java:64)
	at org.apache.poi.ss.usermodel.DateUtil.isCellDateFormatted(DateUtil.java:504)
	at com.hasbrop2m.core.Xls_Reader.getCellData(Xls_Reader.java:148)
	at com.hasbrop2m.core.Utility.getData(Utility.java:61)
	at com.hasbrop2m.sanity.SanitySuite2018.testDataTest(SanitySuite2018.java:415)
	at sun.reflect.NativeMethodAccessorImpl.invoke0(Native Method)
	at sun.reflect.NativeMethodAccessorImpl.invoke(NativeMethodAccessorImpl.java:62)
	at sun.reflect.DelegatingMethodAccessorImpl.invoke(DelegatingMethodAccessorImpl.java:43)
	at java.lang.reflect.Method.invoke(Method.java:498)
	at org.testng.internal.MethodInvocationHelper.invokeMethod(MethodInvocationHelper.java:124)
	at org.testng.internal.MethodInvocationHelper.invokeMethod(MethodInvocationHelper.java:74)
	at org.testng.internal.MethodInvocationHelper.invokeMethodNoCheckedException(MethodInvocationHelper.java:45)
	at org.testng.internal.MethodInvocationHelper.invokeDataProvider(MethodInvocationHelper.java:131)
	at org.testng.internal.Parameters.handleParameters(Parameters.java:706)
	at org.testng.internal.ParameterHandler.handleParameters(ParameterHandler.java:49)
	at org.testng.internal.ParameterHandler.createParameters(ParameterHandler.java:37)
	at org.testng.internal.Invoker.invokeTestMethods(Invoker.java:924)
	at org.testng.internal.TestMethodWorker.invokeTestMethods(TestMethodWorker.java:125)
	at org.testng.internal.TestMethodWorker.run(TestMethodWorker.java:109)
	at org.testng.TestRunner.privateRun(TestRunner.java:648)
	at org.testng.TestRunner.run(TestRunner.java:505)
	at org.testng.SuiteRunner.runTest(SuiteRunner.java:455)
	at org.testng.SuiteRunner.runSequentially(SuiteRunner.java:450)
	at org.testng.SuiteRunner.privateRun(SuiteRunner.java:415)
	at org.testng.SuiteRunner.run(SuiteRunner.java:364)
	at org.testng.SuiteRunnerWorker.runSuite(SuiteRunnerWorker.java:52)
	at org.testng.SuiteRunnerWorker.run(SuiteRunnerWorker.java:84)
	at org.testng.TestNG.runSuitesSequentially(TestNG.java:1208)
	at org.testng.TestNG.runSuitesLocally(TestNG.java:1137)
	at org.testng.TestNG.runSuites(TestNG.java:1049)
	at org.testng.TestNG.run(TestNG.java:1017)
	at org.apache.maven.surefire.testng.TestNGExecutor.run(TestNGExecutor.java:283)
	at org.apache.maven.surefire.testng.TestNGXmlTestSuite.execute(TestNGXmlTestSuite.java:75)
	at org.apache.maven.surefire.testng.TestNGProvider.invoke(TestNGProvider.java:120)
	at org.apache.maven.surefire.booter.ForkedBooter.invokeProviderInSameClassLoader(ForkedBooter.java:383)
	at org.apache.maven.surefire.booter.ForkedBooter.runSuitesInProcess(ForkedBooter.java:344)
	at org.apache.maven.surefire.booter.ForkedBooter.execute(ForkedBooter.java:125)
	at org.apache.maven.surefire.booter.ForkedBooter.main(ForkedBooter.java:417)
org.apache.xmlbeans.impl.values.XmlValueDisconnectedException
	at org.apache.xmlbeans.impl.values.XmlObjectBase.check_orphaned(XmlObjectBase.java:1213)
	at org.openxmlformats.schemas.spreadsheetml.x2006.main.impl.CTXfImpl.getXfId(Unknown Source)
	at org.apache.poi.xssf.model.StylesTable.getStyleAt(StylesTable.java:235)
	at org.apache.poi.xssf.usermodel.XSSFCell.getCellStyle(XSSFCell.java:483)
	at org.apache.poi.xssf.usermodel.XSSFCell.getCellStyle(XSSFCell.java:64)
	at org.apache.poi.ss.usermodel.DateUtil.isCellDateFormatted(DateUtil.java:504)
	at com.hasbrop2m.core.Xls_Reader.getCellData(Xls_Reader.java:148)
	at com.hasbrop2m.core.Utility.getData(Utility.java:61)
	at com.hasbrop2m.sanity.SanitySuite2018.testDataTest(SanitySuite2018.java:415)
	at sun.reflect.NativeMethodAccessorImpl.invoke0(Native Method)
	at sun.reflect.NativeMethodAccessorImpl.invoke(NativeMethodAccessorImpl.java:62)
	at sun.reflect.DelegatingMethodAccessorImpl.invoke(DelegatingMethodAccessorImpl.java:43)
	at java.lang.reflect.Method.invoke(Method.java:498)
	at org.testng.internal.MethodInvocationHelper.invokeMethod(MethodInvocationHelper.java:124)
	at org.testng.internal.MethodInvocationHelper.invokeMethod(MethodInvocationHelper.java:74)
	at org.testng.internal.MethodInvocationHelper.invokeMethodNoCheckedException(MethodInvocationHelper.java:45)
	at org.testng.internal.MethodInvocationHelper.invokeDataProvider(MethodInvocationHelper.java:131)
	at org.testng.internal.Parameters.handleParameters(Parameters.java:706)
	at org.testng.internal.ParameterHandler.handleParameters(ParameterHandler.java:49)
	at org.testng.internal.ParameterHandler.createParameters(ParameterHandler.java:37)
	at org.testng.internal.Invoker.invokeTestMethods(Invoker.java:924)
	at org.testng.internal.TestMethodWorker.invokeTestMethods(TestMethodWorker.java:125)
	at org.testng.internal.TestMethodWorker.run(TestMethodWorker.java:109)
	at org.testng.TestRunner.privateRun(TestRunner.java:648)
	at org.testng.TestRunner.run(TestRunner.java:505)
	at org.testng.SuiteRunner.runTest(SuiteRunner.java:455)
	at org.testng.SuiteRunner.runSequentially(SuiteRunner.java:450)
	at org.testng.SuiteRunner.privateRun(SuiteRunner.java:415)
	at org.testng.SuiteRunner.run(SuiteRunner.java:364)
	at org.testng.SuiteRunnerWorker.runSuite(SuiteRunnerWorker.java:52)
	at org.testng.SuiteRunnerWorker.run(SuiteRunnerWorker.java:84)
	at org.testng.TestNG.runSuitesSequentially(TestNG.java:1208)
	at org.testng.TestNG.runSuitesLocally(TestNG.java:1137)
	at org.testng.TestNG.runSuites(TestNG.java:1049)
	at org.testng.TestNG.run(TestNG.java:1017)
	at org.apache.maven.surefire.testng.TestNGExecutor.run(TestNGExecutor.java:283)
	at org.apache.maven.surefire.testng.TestNGXmlTestSuite.execute(TestNGXmlTestSuite.java:75)
	at org.apache.maven.surefire.testng.TestNGProvider.invoke(TestNGProvider.java:120)
	at org.apache.maven.surefire.booter.ForkedBooter.invokeProviderInSameClassLoader(ForkedBooter.java:383)
	at org.apache.maven.surefire.booter.ForkedBooter.runSuitesInProcess(ForkedBooter.java:344)
	at org.apache.maven.surefire.booter.ForkedBooter.execute(ForkedBooter.java:125)
	at org.apache.maven.surefire.booter.ForkedBooter.main(ForkedBooter.java:417)
org.apache.xmlbeans.impl.values.XmlValueDisconnectedException
	at org.apache.xmlbeans.impl.values.XmlObjectBase.check_orphaned(XmlObjectBase.java:1213)
	at org.openxmlformats.schemas.spreadsheetml.x2006.main.impl.CTXfImpl.getXfId(Unknown Source)
	at org.apache.poi.xssf.model.StylesTable.getStyleAt(StylesTable.java:235)
	at org.apache.poi.xssf.usermodel.XSSFCell.getCellStyle(XSSFCell.java:483)
	at org.apache.poi.xssf.usermodel.XSSFCell.getCellStyle(XSSFCell.java:64)
	at org.apache.poi.ss.usermodel.DateUtil.isCellDateFormatted(DateUtil.java:504)
	at com.hasbrop2m.core.Xls_Reader.getCellData(Xls_Reader.java:148)
	at com.hasbrop2m.core.Utility.getData(Utility.java:61)
	at com.hasbrop2m.sanity.SanitySuite2018.testDataTest(SanitySuite2018.java:415)
	at sun.reflect.NativeMethodAccessorImpl.invoke0(Native Method)
	at sun.reflect.NativeMethodAccessorImpl.invoke(NativeMethodAccessorImpl.java:62)
	at sun.reflect.DelegatingMethodAccessorImpl.invoke(DelegatingMethodAccessorImpl.java:43)
	at java.lang.reflect.Method.invoke(Method.java:498)
	at org.testng.internal.MethodInvocationHelper.invokeMethod(MethodInvocationHelper.java:124)
	at org.testng.internal.MethodInvocationHelper.invokeMethod(MethodInvocationHelper.java:74)
	at org.testng.internal.MethodInvocationHelper.invokeMethodNoCheckedException(MethodInvocationHelper.java:45)
	at org.testng.internal.MethodInvocationHelper.invokeDataProvider(MethodInvocationHelper.java:131)
	at org.testng.internal.Parameters.handleParameters(Parameters.java:706)
	at org.testng.internal.ParameterHandler.handleParameters(ParameterHandler.java:49)
	at org.testng.internal.ParameterHandler.createParameters(ParameterHandler.java:37)
	at org.testng.internal.Invoker.invokeTestMethods(Invoker.java:924)
	at org.testng.internal.TestMethodWorker.invokeTestMethods(TestMethodWorker.java:125)
	at org.testng.internal.TestMethodWorker.run(TestMethodWorker.java:109)
	at org.testng.TestRunner.privateRun(TestRunner.java:648)
	at org.testng.TestRunner.run(TestRunner.java:505)
	at org.testng.SuiteRunner.runTest(SuiteRunner.java:455)
	at org.testng.SuiteRunner.runSequentially(SuiteRunner.java:450)
	at org.testng.SuiteRunner.privateRun(SuiteRunner.java:415)
	at org.testng.SuiteRunner.run(SuiteRunner.java:364)
	at org.testng.SuiteRunnerWorker.runSuite(SuiteRunnerWorker.java:52)
	at org.testng.SuiteRunnerWorker.run(SuiteRunnerWorker.java:84)
	at org.testng.TestNG.runSuitesSequentially(TestNG.java:1208)
	at org.testng.TestNG.runSuitesLocally(TestNG.java:1137)
	at org.testng.TestNG.runSuites(TestNG.java:1049)
	at org.testng.TestNG.run(TestNG.java:1017)
	at org.apache.maven.surefire.testng.TestNGExecutor.run(TestNGExecutor.java:283)
	at org.apache.maven.surefire.testng.TestNGXmlTestSuite.execute(TestNGXmlTestSuite.java:75)
	at org.apache.maven.surefire.testng.TestNGProvider.invoke(TestNGProvider.java:120)
	at org.apache.maven.surefire.booter.ForkedBooter.invokeProviderInSameClassLoader(ForkedBooter.java:383)
	at org.apache.maven.surefire.booter.ForkedBooter.runSuitesInProcess(ForkedBooter.java:344)
	at org.apache.maven.surefire.booter.ForkedBooter.execute(ForkedBooter.java:125)
	at org.apache.maven.surefire.booter.ForkedBooter.main(ForkedBooter.java:417)
org.apache.xmlbeans.impl.values.XmlValueDisconnectedException
	at org.apache.xmlbeans.impl.values.XmlObjectBase.check_orphaned(XmlObjectBase.java:1213)
	at org.openxmlformats.schemas.spreadsheetml.x2006.main.impl.CTXfImpl.getXfId(Unknown Source)
	at org.apache.poi.xssf.model.StylesTable.getStyleAt(StylesTable.java:235)
	at org.apache.poi.xssf.usermodel.XSSFCell.getCellStyle(XSSFCell.java:483)
	at org.apache.poi.xssf.usermodel.XSSFCell.getCellStyle(XSSFCell.java:64)
	at org.apache.poi.ss.usermodel.DateUtil.isCellDateFormatted(DateUtil.java:504)
	at com.hasbrop2m.core.Xls_Reader.getCellData(Xls_Reader.java:148)
	at com.hasbrop2m.core.Utility.getData(Utility.java:61)
	at com.hasbrop2m.sanity.SanitySuite2018.testDataTest(SanitySuite2018.java:415)
	at sun.reflect.NativeMethodAccessorImpl.invoke0(Native Method)
	at sun.reflect.NativeMethodAccessorImpl.invoke(NativeMethodAccessorImpl.java:62)
	at sun.reflect.DelegatingMethodAccessorImpl.invoke(DelegatingMethodAccessorImpl.java:43)
	at java.lang.reflect.Method.invoke(Method.java:498)
	at org.testng.internal.MethodInvocationHelper.invokeMethod(MethodInvocationHelper.java:124)
	at org.testng.internal.MethodInvocationHelper.invokeMethod(MethodInvocationHelper.java:74)
	at org.testng.internal.MethodInvocationHelper.invokeMethodNoCheckedException(MethodInvocationHelper.java:45)
	at org.testng.internal.MethodInvocationHelper.invokeDataProvider(MethodInvocationHelper.java:131)
	at org.testng.internal.Parameters.handleParameters(Parameters.java:706)
	at org.testng.internal.ParameterHandler.handleParameters(ParameterHandler.java:49)
	at org.testng.internal.ParameterHandler.createParameters(ParameterHandler.java:37)
	at org.testng.internal.Invoker.invokeTestMethods(Invoker.java:924)
	at org.testng.internal.TestMethodWorker.invokeTestMethods(TestMethodWorker.java:125)
	at org.testng.internal.TestMethodWorker.run(TestMethodWorker.java:109)
	at org.testng.TestRunner.privateRun(TestRunner.java:648)
	at org.testng.TestRunner.run(TestRunner.java:505)
	at org.testng.SuiteRunner.runTest(SuiteRunner.java:455)
	at org.testng.SuiteRunner.runSequentially(SuiteRunner.java:450)
	at org.testng.SuiteRunner.privateRun(SuiteRunner.java:415)
	at org.testng.SuiteRunner.run(SuiteRunner.java:364)
	at org.testng.SuiteRunnerWorker.runSuite(SuiteRunnerWorker.java:52)
	at org.testng.SuiteRunnerWorker.run(SuiteRunnerWorker.java:84)
	at org.testng.TestNG.runSuitesSequentially(TestNG.java:1208)
	at org.testng.TestNG.runSuitesLocally(TestNG.java:1137)
	at org.testng.TestNG.runSuites(TestNG.java:1049)
	at org.testng.TestNG.run(TestNG.java:1017)
	at org.apache.maven.surefire.testng.TestNGExecutor.run(TestNGExecutor.java:283)
	at org.apache.maven.surefire.testng.TestNGXmlTestSuite.execute(TestNGXmlTestSuite.java:75)
	at org.apache.maven.surefire.testng.TestNGProvider.invoke(TestNGProvider.java:120)
	at org.apache.maven.surefire.booter.ForkedBooter.invokeProviderInSameClassLoader(ForkedBooter.java:383)
	at org.apache.maven.surefire.booter.ForkedBooter.runSuitesInProcess(ForkedBooter.java:344)
	at org.apache.maven.surefire.booter.ForkedBooter.execute(ForkedBooter.java:125)
	at org.apache.maven.surefire.booter.ForkedBooter.main(ForkedBooter.java:417)
org.apache.xmlbeans.impl.values.XmlValueDisconnectedException
	at org.apache.xmlbeans.impl.values.XmlObjectBase.check_orphaned(XmlObjectBase.java:1213)
	at org.openxmlformats.schemas.spreadsheetml.x2006.main.impl.CTXfImpl.getXfId(Unknown Source)
	at org.apache.poi.xssf.model.StylesTable.getStyleAt(StylesTable.java:235)
	at org.apache.poi.xssf.usermodel.XSSFCell.getCellStyle(XSSFCell.java:483)
	at org.apache.poi.xssf.usermodel.XSSFCell.getCellStyle(XSSFCell.java:64)
	at org.apache.poi.ss.usermodel.DateUtil.isCellDateFormatted(DateUtil.java:504)
	at com.hasbrop2m.core.Xls_Reader.getCellData(Xls_Reader.java:148)
	at com.hasbrop2m.core.Utility.getData(Utility.java:61)
	at com.hasbrop2m.sanity.SanitySuite2018.testDataTest(SanitySuite2018.java:415)
	at sun.reflect.NativeMethodAccessorImpl.invoke0(Native Method)
	at sun.reflect.NativeMethodAccessorImpl.invoke(NativeMethodAccessorImpl.java:62)
	at sun.reflect.DelegatingMethodAccessorImpl.invoke(DelegatingMethodAccessorImpl.java:43)
	at java.lang.reflect.Method.invoke(Method.java:498)
	at org.testng.internal.MethodInvocationHelper.invokeMethod(MethodInvocationHelper.java:124)
	at org.testng.internal.MethodInvocationHelper.invokeMethod(MethodInvocationHelper.java:74)
	at org.testng.internal.MethodInvocationHelper.invokeMethodNoCheckedException(MethodInvocationHelper.java:45)
	at org.testng.internal.MethodInvocationHelper.invokeDataProvider(MethodInvocationHelper.java:131)
	at org.testng.internal.Parameters.handleParameters(Parameters.java:706)
	at org.testng.internal.ParameterHandler.handleParameters(ParameterHandler.java:49)
	at org.testng.internal.ParameterHandler.createParameters(ParameterHandler.java:37)
	at org.testng.internal.Invoker.invokeTestMethods(Invoker.java:924)
	at org.testng.internal.TestMethodWorker.invokeTestMethods(TestMethodWorker.java:125)
	at org.testng.internal.TestMethodWorker.run(TestMethodWorker.java:109)
	at org.testng.TestRunner.privateRun(TestRunner.java:648)
	at org.testng.TestRunner.run(TestRunner.java:505)
	at org.testng.SuiteRunner.runTest(SuiteRunner.java:455)
	at org.testng.SuiteRunner.runSequentially(SuiteRunner.java:450)
	at org.testng.SuiteRunner.privateRun(SuiteRunner.java:415)
	at org.testng.SuiteRunner.run(SuiteRunner.java:364)
	at org.testng.SuiteRunnerWorker.runSuite(SuiteRunnerWorker.java:52)
	at org.testng.SuiteRunnerWorker.run(SuiteRunnerWorker.java:84)
	at org.testng.TestNG.runSuitesSequentially(TestNG.java:1208)
	at org.testng.TestNG.runSuitesLocally(TestNG.java:1137)
	at org.testng.TestNG.runSuites(TestNG.java:1049)
	at org.testng.TestNG.run(TestNG.java:1017)
	at org.apache.maven.surefire.testng.TestNGExecutor.run(TestNGExecutor.java:283)
	at org.apache.maven.surefire.testng.TestNGXmlTestSuite.execute(TestNGXmlTestSuite.java:75)
	at org.apache.maven.surefire.testng.TestNGProvider.invoke(TestNGProvider.java:120)
	at org.apache.maven.surefire.booter.ForkedBooter.invokeProviderInSameClassLoader(ForkedBooter.java:383)
	at org.apache.maven.surefire.booter.ForkedBooter.runSuitesInProcess(ForkedBooter.java:344)
	at org.apache.maven.surefire.booter.ForkedBooter.execute(ForkedBooter.java:125)
	at org.apache.maven.surefire.booter.ForkedBooter.main(ForkedBooter.java:417)
org.apache.xmlbeans.impl.values.XmlValueDisconnectedException
	at org.apache.xmlbeans.impl.values.XmlObjectBase.check_orphaned(XmlObjectBase.java:1213)
	at org.openxmlformats.schemas.spreadsheetml.x2006.main.impl.CTXfImpl.getXfId(Unknown Source)
	at org.apache.poi.xssf.model.StylesTable.getStyleAt(StylesTable.java:235)
	at org.apache.poi.xssf.usermodel.XSSFCell.getCellStyle(XSSFCell.java:483)
	at org.apache.poi.xssf.usermodel.XSSFCell.getCellStyle(XSSFCell.java:64)
	at org.apache.poi.ss.usermodel.DateUtil.isCellDateFormatted(DateUtil.java:504)
	at com.hasbrop2m.core.Xls_Reader.getCellData(Xls_Reader.java:148)
	at com.hasbrop2m.core.Utility.getData(Utility.java:61)
	at com.hasbrop2m.sanity.SanitySuite2018.testDataTest(SanitySuite2018.java:415)
	at sun.reflect.NativeMethodAccessorImpl.invoke0(Native Method)
	at sun.reflect.NativeMethodAccessorImpl.invoke(NativeMethodAccessorImpl.java:62)
	at sun.reflect.DelegatingMethodAccessorImpl.invoke(DelegatingMethodAccessorImpl.java:43)
	at java.lang.reflect.Method.invoke(Method.java:498)
	at org.testng.internal.MethodInvocationHelper.invokeMethod(MethodInvocationHelper.java:124)
	at org.testng.internal.MethodInvocationHelper.invokeMethod(MethodInvocationHelper.java:74)
	at org.testng.internal.MethodInvocationHelper.invokeMethodNoCheckedException(MethodInvocationHelper.java:45)
	at org.testng.internal.MethodInvocationHelper.invokeDataProvider(MethodInvocationHelper.java:131)
	at org.testng.internal.Parameters.handleParameters(Parameters.java:706)
	at org.testng.internal.ParameterHandler.handleParameters(ParameterHandler.java:49)
	at org.testng.internal.ParameterHandler.createParameters(ParameterHandler.java:37)
	at org.testng.internal.Invoker.invokeTestMethods(Invoker.java:924)
	at org.testng.internal.TestMethodWorker.invokeTestMethods(TestMethodWorker.java:125)
	at org.testng.internal.TestMethodWorker.run(TestMethodWorker.java:109)
	at org.testng.TestRunner.privateRun(TestRunner.java:648)
	at org.testng.TestRunner.run(TestRunner.java:505)
	at org.testng.SuiteRunner.runTest(SuiteRunner.java:455)
	at org.testng.SuiteRunner.runSequentially(SuiteRunner.java:450)
	at org.testng.SuiteRunner.privateRun(SuiteRunner.java:415)
	at org.testng.SuiteRunner.run(SuiteRunner.java:364)
	at org.testng.SuiteRunnerWorker.runSuite(SuiteRunnerWorker.java:52)
	at org.testng.SuiteRunnerWorker.run(SuiteRunnerWorker.java:84)
	at org.testng.TestNG.runSuitesSequentially(TestNG.java:1208)
	at org.testng.TestNG.runSuitesLocally(TestNG.java:1137)
	at org.testng.TestNG.runSuites(TestNG.java:1049)
	at org.testng.TestNG.run(TestNG.java:1017)
	at org.apache.maven.surefire.testng.TestNGExecutor.run(TestNGExecutor.java:283)
	at org.apache.maven.surefire.testng.TestNGXmlTestSuite.execute(TestNGXmlTestSuite.java:75)
	at org.apache.maven.surefire.testng.TestNGProvider.invoke(TestNGProvider.java:120)
	at org.apache.maven.surefire.booter.ForkedBooter.invokeProviderInSameClassLoader(ForkedBooter.java:383)
	at org.apache.maven.surefire.booter.ForkedBooter.runSuitesInProcess(ForkedBooter.java:344)
	at org.apache.maven.surefire.booter.ForkedBooter.execute(ForkedBooter.java:125)
	at org.apache.maven.surefire.booter.ForkedBooter.main(ForkedBooter.java:417)
]]></system-err>
  </testcase>
  <testcase name="tcSCFunctional" classname="com.hasbrop2m.sanity.SanitySuite2018" time="0">
    <skipped/>
  </testcase>
  <testcase name="tcSCFunctional" classname="com.hasbrop2m.sanity.SanitySuite2018" time="0">
    <skipped/>
  </testcase>
  <testcase name="tcSCFunctional" classname="com.hasbrop2m.sanity.SanitySuite2018" time="0">
    <skipped/>
  </testcase>
  <testcase name="tcSCFunctional" classname="com.hasbrop2m.sanity.SanitySuite2018" time="0">
    <skipped/>
  </testcase>
  <testcase name="tcSCFunctional" classname="com.hasbrop2m.sanity.SanitySuite2018" time="0">
    <skipped/>
  </testcase>
  <testcase name="tcSCFunctional" classname="com.hasbrop2m.sanity.SanitySuite2018" time="0">
    <skipped/>
  </testcase>
  <testcase name="tcSCFunctional" classname="com.hasbrop2m.sanity.SanitySuite2018" time="0">
    <skipped/>
  </testcase>
  <testcase name="reporterdataSetResult" classname="com.hasbrop2m.sanity.SanitySuite2018" time="0">
    <skipped/>
  </testcase>
  <testcase name="reporterdataSetResult" classname="com.hasbrop2m.sanity.SanitySuite2018" time="0">
    <skipped/>
  </testcase>
  <testcase name="reporterdataSetResult" classname="com.hasbrop2m.sanity.SanitySuite2018" time="0">
    <skipped/>
  </testcase>
  <testcase name="reporterdataSetResult" classname="com.hasbrop2m.sanity.SanitySuite2018" time="0">
    <skipped/>
  </testcase>
  <testcase name="reporterdataSetResult" classname="com.hasbrop2m.sanity.SanitySuite2018" time="0">
    <skipped/>
  </testcase>
  <testcase name="reporterdataSetResult" classname="com.hasbrop2m.sanity.SanitySuite2018" time="0">
    <skipped/>
  </testcase>
  <testcase name="reporterdataSetResult" classname="com.hasbrop2m.sanity.SanitySuite2018" time="0">
    <skipped/>
  </testcase>
  <testcase name="reporterdataSetResult" classname="com.hasbrop2m.sanity.SanitySuite2018" time="0">
    <skipped/>
  </testcase>
  <testcase name="reportTestcaseResult" classname="com.hasbrop2m.sanity.SanitySuite2018" time="0">
    <skipped/>
  </testcase>
  <testcase name="checkTestcaseSkip" classname="com.hasbrop2m.sanity.SanitySuite5_Workflow2" time="0">
    <skipped message="Skipping SanitySuite5_Workflow2 as runmode is set to no"/>
    <system-out><![CDATA[Skipping SanitySuite5_Workflow2 as runmode is set to no
]]></system-out>
  </testcase>
  <testcase name="Refresh" classname="com.hasbrop2m.sanity.SanitySuite5_Workflow2" time="0">
    <skipped/>
  </testcase>
  <testcase name="Refresh" classname="com.hasbrop2m.sanity.SanitySuite5_Workflow2" time="0">
    <skipped/>
  </testcase>
  <testcase name="Refresh" classname="com.hasbrop2m.sanity.SanitySuite5_Workflow2" time="0">
    <skipped/>
  </testcase>
  <testcase name="Refresh" classname="com.hasbrop2m.sanity.SanitySuite5_Workflow2" time="0">
    <skipped/>
  </testcase>
  <testcase name="Refresh" classname="com.hasbrop2m.sanity.SanitySuite5_Workflow2" time="0">
    <skipped/>
  </testcase>
  <testcase name="Refresh" classname="com.hasbrop2m.sanity.SanitySuite5_Workflow2" time="0">
    <skipped/>
  </testcase>
  <testcase name="tcSCFunctional" classname="com.hasbrop2m.sanity.SanitySuite5_Workflow2" time="0">
    <skipped/>
  </testcase>
  <testcase name="tcSCFunctional" classname="com.hasbrop2m.sanity.SanitySuite5_Workflow2" time="0">
    <skipped/>
  </testcase>
  <testcase name="tcSCFunctional" classname="com.hasbrop2m.sanity.SanitySuite5_Workflow2" time="0">
    <skipped/>
  </testcase>
  <testcase name="tcSCFunctional" classname="com.hasbrop2m.sanity.SanitySuite5_Workflow2" time="0">
    <skipped/>
  </testcase>
  <testcase name="tcSCFunctional" classname="com.hasbrop2m.sanity.SanitySuite5_Workflow2" time="0">
    <skipped/>
  </testcase>
  <testcase name="tcSCFunctional" classname="com.hasbrop2m.sanity.SanitySuite5_Workflow2" time="0">
    <skipped/>
  </testcase>
  <testcase name="reporterdataSetResult" classname="com.hasbrop2m.sanity.SanitySuite5_Workflow2" time="0">
    <skipped/>
  </testcase>
  <testcase name="reporterdataSetResult" classname="com.hasbrop2m.sanity.SanitySuite5_Workflow2" time="0">
    <skipped/>
  </testcase>
  <testcase name="reporterdataSetResult" classname="com.hasbrop2m.sanity.SanitySuite5_Workflow2" time="0">
    <skipped/>
  </testcase>
  <testcase name="reporterdataSetResult" classname="com.hasbrop2m.sanity.SanitySuite5_Workflow2" time="0">
    <skipped/>
  </testcase>
  <testcase name="reporterdataSetResult" classname="com.hasbrop2m.sanity.SanitySuite5_Workflow2" time="0">
    <skipped/>
  </testcase>
  <testcase name="reporterdataSetResult" classname="com.hasbrop2m.sanity.SanitySuite5_Workflow2" time="0">
    <skipped/>
  </testcase>
  <testcase name="reportTestcaseResult" classname="com.hasbrop2m.sanity.SanitySuite5_Workflow2" time="0">
    <skipped/>
  </testcase>
  <testcase name="checkTestcaseSkip" classname="com.hasbrop2m.sanity.SanitySuite4" time="0">
    <skipped message="Skipping SanitySuite4 as runmode is set to no"/>
    <system-out><![CDATA[Skipping SanitySuite4 as runmode is set to no
]]></system-out>
  </testcase>
  <testcase name="tcSanitySuite4" classname="com.hasbrop2m.sanity.SanitySuite4" time="0">
    <skipped message="Skipping SanitySuite4 as runmode is set to no"/>
    <system-err><![CDATA[org.apache.xmlbeans.impl.values.XmlValueDisconnectedException
	at org.apache.xmlbeans.impl.values.XmlObjectBase.check_orphaned(XmlObjectBase.java:1213)
	at org.openxmlformats.schemas.spreadsheetml.x2006.main.impl.CTXfImpl.getXfId(Unknown Source)
	at org.apache.poi.xssf.model.StylesTable.getStyleAt(StylesTable.java:235)
	at org.apache.poi.xssf.usermodel.XSSFCell.getCellStyle(XSSFCell.java:483)
	at org.apache.poi.xssf.usermodel.XSSFCell.getCellStyle(XSSFCell.java:64)
	at org.apache.poi.ss.usermodel.DateUtil.isCellDateFormatted(DateUtil.java:504)
	at com.hasbrop2m.core.Xls_Reader.getCellData(Xls_Reader.java:148)
	at com.hasbrop2m.core.Utility.getData(Utility.java:61)
	at com.hasbrop2m.sanity.SanitySuite4.testDataTest(SanitySuite4.java:2661)
	at sun.reflect.NativeMethodAccessorImpl.invoke0(Native Method)
	at sun.reflect.NativeMethodAccessorImpl.invoke(NativeMethodAccessorImpl.java:62)
	at sun.reflect.DelegatingMethodAccessorImpl.invoke(DelegatingMethodAccessorImpl.java:43)
	at java.lang.reflect.Method.invoke(Method.java:498)
	at org.testng.internal.MethodInvocationHelper.invokeMethod(MethodInvocationHelper.java:124)
	at org.testng.internal.MethodInvocationHelper.invokeMethod(MethodInvocationHelper.java:74)
	at org.testng.internal.MethodInvocationHelper.invokeMethodNoCheckedException(MethodInvocationHelper.java:45)
	at org.testng.internal.MethodInvocationHelper.invokeDataProvider(MethodInvocationHelper.java:131)
	at org.testng.internal.Parameters.handleParameters(Parameters.java:706)
	at org.testng.internal.ParameterHandler.handleParameters(ParameterHandler.java:49)
	at org.testng.internal.ParameterHandler.createParameters(ParameterHandler.java:37)
	at org.testng.internal.Invoker.invokeTestMethods(Invoker.java:924)
	at org.testng.internal.TestMethodWorker.invokeTestMethods(TestMethodWorker.java:125)
	at org.testng.internal.TestMethodWorker.run(TestMethodWorker.java:109)
	at org.testng.TestRunner.privateRun(TestRunner.java:648)
	at org.testng.TestRunner.run(TestRunner.java:505)
	at org.testng.SuiteRunner.runTest(SuiteRunner.java:455)
	at org.testng.SuiteRunner.runSequentially(SuiteRunner.java:450)
	at org.testng.SuiteRunner.privateRun(SuiteRunner.java:415)
	at org.testng.SuiteRunner.run(SuiteRunner.java:364)
	at org.testng.SuiteRunnerWorker.runSuite(SuiteRunnerWorker.java:52)
	at org.testng.SuiteRunnerWorker.run(SuiteRunnerWorker.java:84)
	at org.testng.TestNG.runSuitesSequentially(TestNG.java:1208)
	at org.testng.TestNG.runSuitesLocally(TestNG.java:1137)
	at org.testng.TestNG.runSuites(TestNG.java:1049)
	at org.testng.TestNG.run(TestNG.java:1017)
	at org.apache.maven.surefire.testng.TestNGExecutor.run(TestNGExecutor.java:283)
	at org.apache.maven.surefire.testng.TestNGXmlTestSuite.execute(TestNGXmlTestSuite.java:75)
	at org.apache.maven.surefire.testng.TestNGProvider.invoke(TestNGProvider.java:120)
	at org.apache.maven.surefire.booter.ForkedBooter.invokeProviderInSameClassLoader(ForkedBooter.java:383)
	at org.apache.maven.surefire.booter.ForkedBooter.runSuitesInProcess(ForkedBooter.java:344)
	at org.apache.maven.surefire.booter.ForkedBooter.execute(ForkedBooter.java:125)
	at org.apache.maven.surefire.booter.ForkedBooter.main(ForkedBooter.java:417)
org.apache.xmlbeans.impl.values.XmlValueDisconnectedException
	at org.apache.xmlbeans.impl.values.XmlObjectBase.check_orphaned(XmlObjectBase.java:1213)
	at org.openxmlformats.schemas.spreadsheetml.x2006.main.impl.CTXfImpl.getXfId(Unknown Source)
	at org.apache.poi.xssf.model.StylesTable.getStyleAt(StylesTable.java:235)
	at org.apache.poi.xssf.usermodel.XSSFCell.getCellStyle(XSSFCell.java:483)
	at org.apache.poi.xssf.usermodel.XSSFCell.getCellStyle(XSSFCell.java:64)
	at org.apache.poi.ss.usermodel.DateUtil.isCellDateFormatted(DateUtil.java:504)
	at com.hasbrop2m.core.Xls_Reader.getCellData(Xls_Reader.java:148)
	at com.hasbrop2m.core.Utility.getData(Utility.java:61)
	at com.hasbrop2m.sanity.SanitySuite4.testDataTest(SanitySuite4.java:2661)
	at sun.reflect.NativeMethodAccessorImpl.invoke0(Native Method)
	at sun.reflect.NativeMethodAccessorImpl.invoke(NativeMethodAccessorImpl.java:62)
	at sun.reflect.DelegatingMethodAccessorImpl.invoke(DelegatingMethodAccessorImpl.java:43)
	at java.lang.reflect.Method.invoke(Method.java:498)
	at org.testng.internal.MethodInvocationHelper.invokeMethod(MethodInvocationHelper.java:124)
	at org.testng.internal.MethodInvocationHelper.invokeMethod(MethodInvocationHelper.java:74)
	at org.testng.internal.MethodInvocationHelper.invokeMethodNoCheckedException(MethodInvocationHelper.java:45)
	at org.testng.internal.MethodInvocationHelper.invokeDataProvider(MethodInvocationHelper.java:131)
	at org.testng.internal.Parameters.handleParameters(Parameters.java:706)
	at org.testng.internal.ParameterHandler.handleParameters(ParameterHandler.java:49)
	at org.testng.internal.ParameterHandler.createParameters(ParameterHandler.java:37)
	at org.testng.internal.Invoker.invokeTestMethods(Invoker.java:924)
	at org.testng.internal.TestMethodWorker.invokeTestMethods(TestMethodWorker.java:125)
	at org.testng.internal.TestMethodWorker.run(TestMethodWorker.java:109)
	at org.testng.TestRunner.privateRun(TestRunner.java:648)
	at org.testng.TestRunner.run(TestRunner.java:505)
	at org.testng.SuiteRunner.runTest(SuiteRunner.java:455)
	at org.testng.SuiteRunner.runSequentially(SuiteRunner.java:450)
	at org.testng.SuiteRunner.privateRun(SuiteRunner.java:415)
	at org.testng.SuiteRunner.run(SuiteRunner.java:364)
	at org.testng.SuiteRunnerWorker.runSuite(SuiteRunnerWorker.java:52)
	at org.testng.SuiteRunnerWorker.run(SuiteRunnerWorker.java:84)
	at org.testng.TestNG.runSuitesSequentially(TestNG.java:1208)
	at org.testng.TestNG.runSuitesLocally(TestNG.java:1137)
	at org.testng.TestNG.runSuites(TestNG.java:1049)
	at org.testng.TestNG.run(TestNG.java:1017)
	at org.apache.maven.surefire.testng.TestNGExecutor.run(TestNGExecutor.java:283)
	at org.apache.maven.surefire.testng.TestNGXmlTestSuite.execute(TestNGXmlTestSuite.java:75)
	at org.apache.maven.surefire.testng.TestNGProvider.invoke(TestNGProvider.java:120)
	at org.apache.maven.surefire.booter.ForkedBooter.invokeProviderInSameClassLoader(ForkedBooter.java:383)
	at org.apache.maven.surefire.booter.ForkedBooter.runSuitesInProcess(ForkedBooter.java:344)
	at org.apache.maven.surefire.booter.ForkedBooter.execute(ForkedBooter.java:125)
	at org.apache.maven.surefire.booter.ForkedBooter.main(ForkedBooter.java:417)
org.apache.xmlbeans.impl.values.XmlValueDisconnectedException
	at org.apache.xmlbeans.impl.values.XmlObjectBase.check_orphaned(XmlObjectBase.java:1213)
	at org.openxmlformats.schemas.spreadsheetml.x2006.main.impl.CTXfImpl.getXfId(Unknown Source)
	at org.apache.poi.xssf.model.StylesTable.getStyleAt(StylesTable.java:235)
	at org.apache.poi.xssf.usermodel.XSSFCell.getCellStyle(XSSFCell.java:483)
	at org.apache.poi.xssf.usermodel.XSSFCell.getCellStyle(XSSFCell.java:64)
	at org.apache.poi.ss.usermodel.DateUtil.isCellDateFormatted(DateUtil.java:504)
	at com.hasbrop2m.core.Xls_Reader.getCellData(Xls_Reader.java:148)
	at com.hasbrop2m.core.Utility.getData(Utility.java:61)
	at com.hasbrop2m.sanity.SanitySuite4.testDataTest(SanitySuite4.java:2661)
	at sun.reflect.NativeMethodAccessorImpl.invoke0(Native Method)
	at sun.reflect.NativeMethodAccessorImpl.invoke(NativeMethodAccessorImpl.java:62)
	at sun.reflect.DelegatingMethodAccessorImpl.invoke(DelegatingMethodAccessorImpl.java:43)
	at java.lang.reflect.Method.invoke(Method.java:498)
	at org.testng.internal.MethodInvocationHelper.invokeMethod(MethodInvocationHelper.java:124)
	at org.testng.internal.MethodInvocationHelper.invokeMethod(MethodInvocationHelper.java:74)
	at org.testng.internal.MethodInvocationHelper.invokeMethodNoCheckedException(MethodInvocationHelper.java:45)
	at org.testng.internal.MethodInvocationHelper.invokeDataProvider(MethodInvocationHelper.java:131)
	at org.testng.internal.Parameters.handleParameters(Parameters.java:706)
	at org.testng.internal.ParameterHandler.handleParameters(ParameterHandler.java:49)
	at org.testng.internal.ParameterHandler.createParameters(ParameterHandler.java:37)
	at org.testng.internal.Invoker.invokeTestMethods(Invoker.java:924)
	at org.testng.internal.TestMethodWorker.invokeTestMethods(TestMethodWorker.java:125)
	at org.testng.internal.TestMethodWorker.run(TestMethodWorker.java:109)
	at org.testng.TestRunner.privateRun(TestRunner.java:648)
	at org.testng.TestRunner.run(TestRunner.java:505)
	at org.testng.SuiteRunner.runTest(SuiteRunner.java:455)
	at org.testng.SuiteRunner.runSequentially(SuiteRunner.java:450)
	at org.testng.SuiteRunner.privateRun(SuiteRunner.java:415)
	at org.testng.SuiteRunner.run(SuiteRunner.java:364)
	at org.testng.SuiteRunnerWorker.runSuite(SuiteRunnerWorker.java:52)
	at org.testng.SuiteRunnerWorker.run(SuiteRunnerWorker.java:84)
	at org.testng.TestNG.runSuitesSequentially(TestNG.java:1208)
	at org.testng.TestNG.runSuitesLocally(TestNG.java:1137)
	at org.testng.TestNG.runSuites(TestNG.java:1049)
	at org.testng.TestNG.run(TestNG.java:1017)
	at org.apache.maven.surefire.testng.TestNGExecutor.run(TestNGExecutor.java:283)
	at org.apache.maven.surefire.testng.TestNGXmlTestSuite.execute(TestNGXmlTestSuite.java:75)
	at org.apache.maven.surefire.testng.TestNGProvider.invoke(TestNGProvider.java:120)
	at org.apache.maven.surefire.booter.ForkedBooter.invokeProviderInSameClassLoader(ForkedBooter.java:383)
	at org.apache.maven.surefire.booter.ForkedBooter.runSuitesInProcess(ForkedBooter.java:344)
	at org.apache.maven.surefire.booter.ForkedBooter.execute(ForkedBooter.java:125)
	at org.apache.maven.surefire.booter.ForkedBooter.main(ForkedBooter.java:417)
org.apache.xmlbeans.impl.values.XmlValueDisconnectedException
	at org.apache.xmlbeans.impl.values.XmlObjectBase.check_orphaned(XmlObjectBase.java:1213)
	at org.openxmlformats.schemas.spreadsheetml.x2006.main.impl.CTXfImpl.getXfId(Unknown Source)
	at org.apache.poi.xssf.model.StylesTable.getStyleAt(StylesTable.java:235)
	at org.apache.poi.xssf.usermodel.XSSFCell.getCellStyle(XSSFCell.java:483)
	at org.apache.poi.xssf.usermodel.XSSFCell.getCellStyle(XSSFCell.java:64)
	at org.apache.poi.ss.usermodel.DateUtil.isCellDateFormatted(DateUtil.java:504)
	at com.hasbrop2m.core.Xls_Reader.getCellData(Xls_Reader.java:148)
	at com.hasbrop2m.core.Utility.getData(Utility.java:61)
	at com.hasbrop2m.sanity.SanitySuite4.testDataTest(SanitySuite4.java:2661)
	at sun.reflect.NativeMethodAccessorImpl.invoke0(Native Method)
	at sun.reflect.NativeMethodAccessorImpl.invoke(NativeMethodAccessorImpl.java:62)
	at sun.reflect.DelegatingMethodAccessorImpl.invoke(DelegatingMethodAccessorImpl.java:43)
	at java.lang.reflect.Method.invoke(Method.java:498)
	at org.testng.internal.MethodInvocationHelper.invokeMethod(MethodInvocationHelper.java:124)
	at org.testng.internal.MethodInvocationHelper.invokeMethod(MethodInvocationHelper.java:74)
	at org.testng.internal.MethodInvocationHelper.invokeMethodNoCheckedException(MethodInvocationHelper.java:45)
	at org.testng.internal.MethodInvocationHelper.invokeDataProvider(MethodInvocationHelper.java:131)
	at org.testng.internal.Parameters.handleParameters(Parameters.java:706)
	at org.testng.internal.ParameterHandler.handleParameters(ParameterHandler.java:49)
	at org.testng.internal.ParameterHandler.createParameters(ParameterHandler.java:37)
	at org.testng.internal.Invoker.invokeTestMethods(Invoker.java:924)
	at org.testng.internal.TestMethodWorker.invokeTestMethods(TestMethodWorker.java:125)
	at org.testng.internal.TestMethodWorker.run(TestMethodWorker.java:109)
	at org.testng.TestRunner.privateRun(TestRunner.java:648)
	at org.testng.TestRunner.run(TestRunner.java:505)
	at org.testng.SuiteRunner.runTest(SuiteRunner.java:455)
	at org.testng.SuiteRunner.runSequentially(SuiteRunner.java:450)
	at org.testng.SuiteRunner.privateRun(SuiteRunner.java:415)
	at org.testng.SuiteRunner.run(SuiteRunner.java:364)
	at org.testng.SuiteRunnerWorker.runSuite(SuiteRunnerWorker.java:52)
	at org.testng.SuiteRunnerWorker.run(SuiteRunnerWorker.java:84)
	at org.testng.TestNG.runSuitesSequentially(TestNG.java:1208)
	at org.testng.TestNG.runSuitesLocally(TestNG.java:1137)
	at org.testng.TestNG.runSuites(TestNG.java:1049)
	at org.testng.TestNG.run(TestNG.java:1017)
	at org.apache.maven.surefire.testng.TestNGExecutor.run(TestNGExecutor.java:283)
	at org.apache.maven.surefire.testng.TestNGXmlTestSuite.execute(TestNGXmlTestSuite.java:75)
	at org.apache.maven.surefire.testng.TestNGProvider.invoke(TestNGProvider.java:120)
	at org.apache.maven.surefire.booter.ForkedBooter.invokeProviderInSameClassLoader(ForkedBooter.java:383)
	at org.apache.maven.surefire.booter.ForkedBooter.runSuitesInProcess(ForkedBooter.java:344)
	at org.apache.maven.surefire.booter.ForkedBooter.execute(ForkedBooter.java:125)
	at org.apache.maven.surefire.booter.ForkedBooter.main(ForkedBooter.java:417)
org.apache.xmlbeans.impl.values.XmlValueDisconnectedException
	at org.apache.xmlbeans.impl.values.XmlObjectBase.check_orphaned(XmlObjectBase.java:1213)
	at org.openxmlformats.schemas.spreadsheetml.x2006.main.impl.CTXfImpl.getXfId(Unknown Source)
	at org.apache.poi.xssf.model.StylesTable.getStyleAt(StylesTable.java:235)
	at org.apache.poi.xssf.usermodel.XSSFCell.getCellStyle(XSSFCell.java:483)
	at org.apache.poi.xssf.usermodel.XSSFCell.getCellStyle(XSSFCell.java:64)
	at org.apache.poi.ss.usermodel.DateUtil.isCellDateFormatted(DateUtil.java:504)
	at com.hasbrop2m.core.Xls_Reader.getCellData(Xls_Reader.java:148)
	at com.hasbrop2m.core.Utility.getData(Utility.java:61)
	at com.hasbrop2m.sanity.SanitySuite4.testDataTest(SanitySuite4.java:2661)
	at sun.reflect.NativeMethodAccessorImpl.invoke0(Native Method)
	at sun.reflect.NativeMethodAccessorImpl.invoke(NativeMethodAccessorImpl.java:62)
	at sun.reflect.DelegatingMethodAccessorImpl.invoke(DelegatingMethodAccessorImpl.java:43)
	at java.lang.reflect.Method.invoke(Method.java:498)
	at org.testng.internal.MethodInvocationHelper.invokeMethod(MethodInvocationHelper.java:124)
	at org.testng.internal.MethodInvocationHelper.invokeMethod(MethodInvocationHelper.java:74)
	at org.testng.internal.MethodInvocationHelper.invokeMethodNoCheckedException(MethodInvocationHelper.java:45)
	at org.testng.internal.MethodInvocationHelper.invokeDataProvider(MethodInvocationHelper.java:131)
	at org.testng.internal.Parameters.handleParameters(Parameters.java:706)
	at org.testng.internal.ParameterHandler.handleParameters(ParameterHandler.java:49)
	at org.testng.internal.ParameterHandler.createParameters(ParameterHandler.java:37)
	at org.testng.internal.Invoker.invokeTestMethods(Invoker.java:924)
	at org.testng.internal.TestMethodWorker.invokeTestMethods(TestMethodWorker.java:125)
	at org.testng.internal.TestMethodWorker.run(TestMethodWorker.java:109)
	at org.testng.TestRunner.privateRun(TestRunner.java:648)
	at org.testng.TestRunner.run(TestRunner.java:505)
	at org.testng.SuiteRunner.runTest(SuiteRunner.java:455)
	at org.testng.SuiteRunner.runSequentially(SuiteRunner.java:450)
	at org.testng.SuiteRunner.privateRun(SuiteRunner.java:415)
	at org.testng.SuiteRunner.run(SuiteRunner.java:364)
	at org.testng.SuiteRunnerWorker.runSuite(SuiteRunnerWorker.java:52)
	at org.testng.SuiteRunnerWorker.run(SuiteRunnerWorker.java:84)
	at org.testng.TestNG.runSuitesSequentially(TestNG.java:1208)
	at org.testng.TestNG.runSuitesLocally(TestNG.java:1137)
	at org.testng.TestNG.runSuites(TestNG.java:1049)
	at org.testng.TestNG.run(TestNG.java:1017)
	at org.apache.maven.surefire.testng.TestNGExecutor.run(TestNGExecutor.java:283)
	at org.apache.maven.surefire.testng.TestNGXmlTestSuite.execute(TestNGXmlTestSuite.java:75)
	at org.apache.maven.surefire.testng.TestNGProvider.invoke(TestNGProvider.java:120)
	at org.apache.maven.surefire.booter.ForkedBooter.invokeProviderInSameClassLoader(ForkedBooter.java:383)
	at org.apache.maven.surefire.booter.ForkedBooter.runSuitesInProcess(ForkedBooter.java:344)
	at org.apache.maven.surefire.booter.ForkedBooter.execute(ForkedBooter.java:125)
	at org.apache.maven.surefire.booter.ForkedBooter.main(ForkedBooter.java:417)
org.apache.xmlbeans.impl.values.XmlValueDisconnectedException
	at org.apache.xmlbeans.impl.values.XmlObjectBase.check_orphaned(XmlObjectBase.java:1213)
	at org.openxmlformats.schemas.spreadsheetml.x2006.main.impl.CTXfImpl.getXfId(Unknown Source)
	at org.apache.poi.xssf.model.StylesTable.getStyleAt(StylesTable.java:235)
	at org.apache.poi.xssf.usermodel.XSSFCell.getCellStyle(XSSFCell.java:483)
	at org.apache.poi.xssf.usermodel.XSSFCell.getCellStyle(XSSFCell.java:64)
	at org.apache.poi.ss.usermodel.DateUtil.isCellDateFormatted(DateUtil.java:504)
	at com.hasbrop2m.core.Xls_Reader.getCellData(Xls_Reader.java:148)
	at com.hasbrop2m.core.Utility.getData(Utility.java:61)
	at com.hasbrop2m.sanity.SanitySuite4.testDataTest(SanitySuite4.java:2661)
	at sun.reflect.NativeMethodAccessorImpl.invoke0(Native Method)
	at sun.reflect.NativeMethodAccessorImpl.invoke(NativeMethodAccessorImpl.java:62)
	at sun.reflect.DelegatingMethodAccessorImpl.invoke(DelegatingMethodAccessorImpl.java:43)
	at java.lang.reflect.Method.invoke(Method.java:498)
	at org.testng.internal.MethodInvocationHelper.invokeMethod(MethodInvocationHelper.java:124)
	at org.testng.internal.MethodInvocationHelper.invokeMethod(MethodInvocationHelper.java:74)
	at org.testng.internal.MethodInvocationHelper.invokeMethodNoCheckedException(MethodInvocationHelper.java:45)
	at org.testng.internal.MethodInvocationHelper.invokeDataProvider(MethodInvocationHelper.java:131)
	at org.testng.internal.Parameters.handleParameters(Parameters.java:706)
	at org.testng.internal.ParameterHandler.handleParameters(ParameterHandler.java:49)
	at org.testng.internal.ParameterHandler.createParameters(ParameterHandler.java:37)
	at org.testng.internal.Invoker.invokeTestMethods(Invoker.java:924)
	at org.testng.internal.TestMethodWorker.invokeTestMethods(TestMethodWorker.java:125)
	at org.testng.internal.TestMethodWorker.run(TestMethodWorker.java:109)
	at org.testng.TestRunner.privateRun(TestRunner.java:648)
	at org.testng.TestRunner.run(TestRunner.java:505)
	at org.testng.SuiteRunner.runTest(SuiteRunner.java:455)
	at org.testng.SuiteRunner.runSequentially(SuiteRunner.java:450)
	at org.testng.SuiteRunner.privateRun(SuiteRunner.java:415)
	at org.testng.SuiteRunner.run(SuiteRunner.java:364)
	at org.testng.SuiteRunnerWorker.runSuite(SuiteRunnerWorker.java:52)
	at org.testng.SuiteRunnerWorker.run(SuiteRunnerWorker.java:84)
	at org.testng.TestNG.runSuitesSequentially(TestNG.java:1208)
	at org.testng.TestNG.runSuitesLocally(TestNG.java:1137)
	at org.testng.TestNG.runSuites(TestNG.java:1049)
	at org.testng.TestNG.run(TestNG.java:1017)
	at org.apache.maven.surefire.testng.TestNGExecutor.run(TestNGExecutor.java:283)
	at org.apache.maven.surefire.testng.TestNGXmlTestSuite.execute(TestNGXmlTestSuite.java:75)
	at org.apache.maven.surefire.testng.TestNGProvider.invoke(TestNGProvider.java:120)
	at org.apache.maven.surefire.booter.ForkedBooter.invokeProviderInSameClassLoader(ForkedBooter.java:383)
	at org.apache.maven.surefire.booter.ForkedBooter.runSuitesInProcess(ForkedBooter.java:344)
	at org.apache.maven.surefire.booter.ForkedBooter.execute(ForkedBooter.java:125)
	at org.apache.maven.surefire.booter.ForkedBooter.main(ForkedBooter.java:417)
org.apache.xmlbeans.impl.values.XmlValueDisconnectedException
	at org.apache.xmlbeans.impl.values.XmlObjectBase.check_orphaned(XmlObjectBase.java:1213)
	at org.openxmlformats.schemas.spreadsheetml.x2006.main.impl.CTXfImpl.getXfId(Unknown Source)
	at org.apache.poi.xssf.model.StylesTable.getStyleAt(StylesTable.java:235)
	at org.apache.poi.xssf.usermodel.XSSFCell.getCellStyle(XSSFCell.java:483)
	at org.apache.poi.xssf.usermodel.XSSFCell.getCellStyle(XSSFCell.java:64)
	at org.apache.poi.ss.usermodel.DateUtil.isCellDateFormatted(DateUtil.java:504)
	at com.hasbrop2m.core.Xls_Reader.getCellData(Xls_Reader.java:148)
	at com.hasbrop2m.core.Utility.getData(Utility.java:61)
	at com.hasbrop2m.sanity.SanitySuite4.testDataTest(SanitySuite4.java:2661)
	at sun.reflect.NativeMethodAccessorImpl.invoke0(Native Method)
	at sun.reflect.NativeMethodAccessorImpl.invoke(NativeMethodAccessorImpl.java:62)
	at sun.reflect.DelegatingMethodAccessorImpl.invoke(DelegatingMethodAccessorImpl.java:43)
	at java.lang.reflect.Method.invoke(Method.java:498)
	at org.testng.internal.MethodInvocationHelper.invokeMethod(MethodInvocationHelper.java:124)
	at org.testng.internal.MethodInvocationHelper.invokeMethod(MethodInvocationHelper.java:74)
	at org.testng.internal.MethodInvocationHelper.invokeMethodNoCheckedException(MethodInvocationHelper.java:45)
	at org.testng.internal.MethodInvocationHelper.invokeDataProvider(MethodInvocationHelper.java:131)
	at org.testng.internal.Parameters.handleParameters(Parameters.java:706)
	at org.testng.internal.ParameterHandler.handleParameters(ParameterHandler.java:49)
	at org.testng.internal.ParameterHandler.createParameters(ParameterHandler.java:37)
	at org.testng.internal.Invoker.invokeTestMethods(Invoker.java:924)
	at org.testng.internal.TestMethodWorker.invokeTestMethods(TestMethodWorker.java:125)
	at org.testng.internal.TestMethodWorker.run(TestMethodWorker.java:109)
	at org.testng.TestRunner.privateRun(TestRunner.java:648)
	at org.testng.TestRunner.run(TestRunner.java:505)
	at org.testng.SuiteRunner.runTest(SuiteRunner.java:455)
	at org.testng.SuiteRunner.runSequentially(SuiteRunner.java:450)
	at org.testng.SuiteRunner.privateRun(SuiteRunner.java:415)
	at org.testng.SuiteRunner.run(SuiteRunner.java:364)
	at org.testng.SuiteRunnerWorker.runSuite(SuiteRunnerWorker.java:52)
	at org.testng.SuiteRunnerWorker.run(SuiteRunnerWorker.java:84)
	at org.testng.TestNG.runSuitesSequentially(TestNG.java:1208)
	at org.testng.TestNG.runSuitesLocally(TestNG.java:1137)
	at org.testng.TestNG.runSuites(TestNG.java:1049)
	at org.testng.TestNG.run(TestNG.java:1017)
	at org.apache.maven.surefire.testng.TestNGExecutor.run(TestNGExecutor.java:283)
	at org.apache.maven.surefire.testng.TestNGXmlTestSuite.execute(TestNGXmlTestSuite.java:75)
	at org.apache.maven.surefire.testng.TestNGProvider.invoke(TestNGProvider.java:120)
	at org.apache.maven.surefire.booter.ForkedBooter.invokeProviderInSameClassLoader(ForkedBooter.java:383)
	at org.apache.maven.surefire.booter.ForkedBooter.runSuitesInProcess(ForkedBooter.java:344)
	at org.apache.maven.surefire.booter.ForkedBooter.execute(ForkedBooter.java:125)
	at org.apache.maven.surefire.booter.ForkedBooter.main(ForkedBooter.java:417)
org.apache.xmlbeans.impl.values.XmlValueDisconnectedException
	at org.apache.xmlbeans.impl.values.XmlObjectBase.check_orphaned(XmlObjectBase.java:1213)
	at org.openxmlformats.schemas.spreadsheetml.x2006.main.impl.CTXfImpl.getXfId(Unknown Source)
	at org.apache.poi.xssf.model.StylesTable.getStyleAt(StylesTable.java:235)
	at org.apache.poi.xssf.usermodel.XSSFCell.getCellStyle(XSSFCell.java:483)
	at org.apache.poi.xssf.usermodel.XSSFCell.getCellStyle(XSSFCell.java:64)
	at org.apache.poi.ss.usermodel.DateUtil.isCellDateFormatted(DateUtil.java:504)
	at com.hasbrop2m.core.Xls_Reader.getCellData(Xls_Reader.java:148)
	at com.hasbrop2m.core.Utility.getData(Utility.java:61)
	at com.hasbrop2m.sanity.SanitySuite4.testDataTest(SanitySuite4.java:2661)
	at sun.reflect.NativeMethodAccessorImpl.invoke0(Native Method)
	at sun.reflect.NativeMethodAccessorImpl.invoke(NativeMethodAccessorImpl.java:62)
	at sun.reflect.DelegatingMethodAccessorImpl.invoke(DelegatingMethodAccessorImpl.java:43)
	at java.lang.reflect.Method.invoke(Method.java:498)
	at org.testng.internal.MethodInvocationHelper.invokeMethod(MethodInvocationHelper.java:124)
	at org.testng.internal.MethodInvocationHelper.invokeMethod(MethodInvocationHelper.java:74)
	at org.testng.internal.MethodInvocationHelper.invokeMethodNoCheckedException(MethodInvocationHelper.java:45)
	at org.testng.internal.MethodInvocationHelper.invokeDataProvider(MethodInvocationHelper.java:131)
	at org.testng.internal.Parameters.handleParameters(Parameters.java:706)
	at org.testng.internal.ParameterHandler.handleParameters(ParameterHandler.java:49)
	at org.testng.internal.ParameterHandler.createParameters(ParameterHandler.java:37)
	at org.testng.internal.Invoker.invokeTestMethods(Invoker.java:924)
	at org.testng.internal.TestMethodWorker.invokeTestMethods(TestMethodWorker.java:125)
	at org.testng.internal.TestMethodWorker.run(TestMethodWorker.java:109)
	at org.testng.TestRunner.privateRun(TestRunner.java:648)
	at org.testng.TestRunner.run(TestRunner.java:505)
	at org.testng.SuiteRunner.runTest(SuiteRunner.java:455)
	at org.testng.SuiteRunner.runSequentially(SuiteRunner.java:450)
	at org.testng.SuiteRunner.privateRun(SuiteRunner.java:415)
	at org.testng.SuiteRunner.run(SuiteRunner.java:364)
	at org.testng.SuiteRunnerWorker.runSuite(SuiteRunnerWorker.java:52)
	at org.testng.SuiteRunnerWorker.run(SuiteRunnerWorker.java:84)
	at org.testng.TestNG.runSuitesSequentially(TestNG.java:1208)
	at org.testng.TestNG.runSuitesLocally(TestNG.java:1137)
	at org.testng.TestNG.runSuites(TestNG.java:1049)
	at org.testng.TestNG.run(TestNG.java:1017)
	at org.apache.maven.surefire.testng.TestNGExecutor.run(TestNGExecutor.java:283)
	at org.apache.maven.surefire.testng.TestNGXmlTestSuite.execute(TestNGXmlTestSuite.java:75)
	at org.apache.maven.surefire.testng.TestNGProvider.invoke(TestNGProvider.java:120)
	at org.apache.maven.surefire.booter.ForkedBooter.invokeProviderInSameClassLoader(ForkedBooter.java:383)
	at org.apache.maven.surefire.booter.ForkedBooter.runSuitesInProcess(ForkedBooter.java:344)
	at org.apache.maven.surefire.booter.ForkedBooter.execute(ForkedBooter.java:125)
	at org.apache.maven.surefire.booter.ForkedBooter.main(ForkedBooter.java:417)
org.apache.xmlbeans.impl.values.XmlValueDisconnectedException
	at org.apache.xmlbeans.impl.values.XmlObjectBase.check_orphaned(XmlObjectBase.java:1213)
	at org.openxmlformats.schemas.spreadsheetml.x2006.main.impl.CTXfImpl.getXfId(Unknown Source)
	at org.apache.poi.xssf.model.StylesTable.getStyleAt(StylesTable.java:235)
	at org.apache.poi.xssf.usermodel.XSSFCell.getCellStyle(XSSFCell.java:483)
	at org.apache.poi.xssf.usermodel.XSSFCell.getCellStyle(XSSFCell.java:64)
	at org.apache.poi.ss.usermodel.DateUtil.isCellDateFormatted(DateUtil.java:504)
	at com.hasbrop2m.core.Xls_Reader.getCellData(Xls_Reader.java:148)
	at com.hasbrop2m.core.Utility.getData(Utility.java:61)
	at com.hasbrop2m.sanity.SanitySuite4.testDataTest(SanitySuite4.java:2661)
	at sun.reflect.NativeMethodAccessorImpl.invoke0(Native Method)
	at sun.reflect.NativeMethodAccessorImpl.invoke(NativeMethodAccessorImpl.java:62)
	at sun.reflect.DelegatingMethodAccessorImpl.invoke(DelegatingMethodAccessorImpl.java:43)
	at java.lang.reflect.Method.invoke(Method.java:498)
	at org.testng.internal.MethodInvocationHelper.invokeMethod(MethodInvocationHelper.java:124)
	at org.testng.internal.MethodInvocationHelper.invokeMethod(MethodInvocationHelper.java:74)
	at org.testng.internal.MethodInvocationHelper.invokeMethodNoCheckedException(MethodInvocationHelper.java:45)
	at org.testng.internal.MethodInvocationHelper.invokeDataProvider(MethodInvocationHelper.java:131)
	at org.testng.internal.Parameters.handleParameters(Parameters.java:706)
	at org.testng.internal.ParameterHandler.handleParameters(ParameterHandler.java:49)
	at org.testng.internal.ParameterHandler.createParameters(ParameterHandler.java:37)
	at org.testng.internal.Invoker.invokeTestMethods(Invoker.java:924)
	at org.testng.internal.TestMethodWorker.invokeTestMethods(TestMethodWorker.java:125)
	at org.testng.internal.TestMethodWorker.run(TestMethodWorker.java:109)
	at org.testng.TestRunner.privateRun(TestRunner.java:648)
	at org.testng.TestRunner.run(TestRunner.java:505)
	at org.testng.SuiteRunner.runTest(SuiteRunner.java:455)
	at org.testng.SuiteRunner.runSequentially(SuiteRunner.java:450)
	at org.testng.SuiteRunner.privateRun(SuiteRunner.java:415)
	at org.testng.SuiteRunner.run(SuiteRunner.java:364)
	at org.testng.SuiteRunnerWorker.runSuite(SuiteRunnerWorker.java:52)
	at org.testng.SuiteRunnerWorker.run(SuiteRunnerWorker.java:84)
	at org.testng.TestNG.runSuitesSequentially(TestNG.java:1208)
	at org.testng.TestNG.runSuitesLocally(TestNG.java:1137)
	at org.testng.TestNG.runSuites(TestNG.java:1049)
	at org.testng.TestNG.run(TestNG.java:1017)
	at org.apache.maven.surefire.testng.TestNGExecutor.run(TestNGExecutor.java:283)
	at org.apache.maven.surefire.testng.TestNGXmlTestSuite.execute(TestNGXmlTestSuite.java:75)
	at org.apache.maven.surefire.testng.TestNGProvider.invoke(TestNGProvider.java:120)
	at org.apache.maven.surefire.booter.ForkedBooter.invokeProviderInSameClassLoader(ForkedBooter.java:383)
	at org.apache.maven.surefire.booter.ForkedBooter.runSuitesInProcess(ForkedBooter.java:344)
	at org.apache.maven.surefire.booter.ForkedBooter.execute(ForkedBooter.java:125)
	at org.apache.maven.surefire.booter.ForkedBooter.main(ForkedBooter.java:417)
org.apache.xmlbeans.impl.values.XmlValueDisconnectedException
	at org.apache.xmlbeans.impl.values.XmlObjectBase.check_orphaned(XmlObjectBase.java:1213)
	at org.openxmlformats.schemas.spreadsheetml.x2006.main.impl.CTXfImpl.getXfId(Unknown Source)
	at org.apache.poi.xssf.model.StylesTable.getStyleAt(StylesTable.java:235)
	at org.apache.poi.xssf.usermodel.XSSFCell.getCellStyle(XSSFCell.java:483)
	at org.apache.poi.xssf.usermodel.XSSFCell.getCellStyle(XSSFCell.java:64)
	at org.apache.poi.ss.usermodel.DateUtil.isCellDateFormatted(DateUtil.java:504)
	at com.hasbrop2m.core.Xls_Reader.getCellData(Xls_Reader.java:148)
	at com.hasbrop2m.core.Utility.getData(Utility.java:61)
	at com.hasbrop2m.sanity.SanitySuite4.testDataTest(SanitySuite4.java:2661)
	at sun.reflect.NativeMethodAccessorImpl.invoke0(Native Method)
	at sun.reflect.NativeMethodAccessorImpl.invoke(NativeMethodAccessorImpl.java:62)
	at sun.reflect.DelegatingMethodAccessorImpl.invoke(DelegatingMethodAccessorImpl.java:43)
	at java.lang.reflect.Method.invoke(Method.java:498)
	at org.testng.internal.MethodInvocationHelper.invokeMethod(MethodInvocationHelper.java:124)
	at org.testng.internal.MethodInvocationHelper.invokeMethod(MethodInvocationHelper.java:74)
	at org.testng.internal.MethodInvocationHelper.invokeMethodNoCheckedException(MethodInvocationHelper.java:45)
	at org.testng.internal.MethodInvocationHelper.invokeDataProvider(MethodInvocationHelper.java:131)
	at org.testng.internal.Parameters.handleParameters(Parameters.java:706)
	at org.testng.internal.ParameterHandler.handleParameters(ParameterHandler.java:49)
	at org.testng.internal.ParameterHandler.createParameters(ParameterHandler.java:37)
	at org.testng.internal.Invoker.invokeTestMethods(Invoker.java:924)
	at org.testng.internal.TestMethodWorker.invokeTestMethods(TestMethodWorker.java:125)
	at org.testng.internal.TestMethodWorker.run(TestMethodWorker.java:109)
	at org.testng.TestRunner.privateRun(TestRunner.java:648)
	at org.testng.TestRunner.run(TestRunner.java:505)
	at org.testng.SuiteRunner.runTest(SuiteRunner.java:455)
	at org.testng.SuiteRunner.runSequentially(SuiteRunner.java:450)
	at org.testng.SuiteRunner.privateRun(SuiteRunner.java:415)
	at org.testng.SuiteRunner.run(SuiteRunner.java:364)
	at org.testng.SuiteRunnerWorker.runSuite(SuiteRunnerWorker.java:52)
	at org.testng.SuiteRunnerWorker.run(SuiteRunnerWorker.java:84)
	at org.testng.TestNG.runSuitesSequentially(TestNG.java:1208)
	at org.testng.TestNG.runSuitesLocally(TestNG.java:1137)
	at org.testng.TestNG.runSuites(TestNG.java:1049)
	at org.testng.TestNG.run(TestNG.java:1017)
	at org.apache.maven.surefire.testng.TestNGExecutor.run(TestNGExecutor.java:283)
	at org.apache.maven.surefire.testng.TestNGXmlTestSuite.execute(TestNGXmlTestSuite.java:75)
	at org.apache.maven.surefire.testng.TestNGProvider.invoke(TestNGProvider.java:120)
	at org.apache.maven.surefire.booter.ForkedBooter.invokeProviderInSameClassLoader(ForkedBooter.java:383)
	at org.apache.maven.surefire.booter.ForkedBooter.runSuitesInProcess(ForkedBooter.java:344)
	at org.apache.maven.surefire.booter.ForkedBooter.execute(ForkedBooter.java:125)
	at org.apache.maven.surefire.booter.ForkedBooter.main(ForkedBooter.java:417)
org.apache.xmlbeans.impl.values.XmlValueDisconnectedException
	at org.apache.xmlbeans.impl.values.XmlObjectBase.check_orphaned(XmlObjectBase.java:1213)
	at org.openxmlformats.schemas.spreadsheetml.x2006.main.impl.CTXfImpl.getXfId(Unknown Source)
	at org.apache.poi.xssf.model.StylesTable.getStyleAt(StylesTable.java:235)
	at org.apache.poi.xssf.usermodel.XSSFCell.getCellStyle(XSSFCell.java:483)
	at org.apache.poi.xssf.usermodel.XSSFCell.getCellStyle(XSSFCell.java:64)
	at org.apache.poi.ss.usermodel.DateUtil.isCellDateFormatted(DateUtil.java:504)
	at com.hasbrop2m.core.Xls_Reader.getCellData(Xls_Reader.java:148)
	at com.hasbrop2m.core.Utility.getData(Utility.java:61)
	at com.hasbrop2m.sanity.SanitySuite4.testDataTest(SanitySuite4.java:2661)
	at sun.reflect.NativeMethodAccessorImpl.invoke0(Native Method)
	at sun.reflect.NativeMethodAccessorImpl.invoke(NativeMethodAccessorImpl.java:62)
	at sun.reflect.DelegatingMethodAccessorImpl.invoke(DelegatingMethodAccessorImpl.java:43)
	at java.lang.reflect.Method.invoke(Method.java:498)
	at org.testng.internal.MethodInvocationHelper.invokeMethod(MethodInvocationHelper.java:124)
	at org.testng.internal.MethodInvocationHelper.invokeMethod(MethodInvocationHelper.java:74)
	at org.testng.internal.MethodInvocationHelper.invokeMethodNoCheckedException(MethodInvocationHelper.java:45)
	at org.testng.internal.MethodInvocationHelper.invokeDataProvider(MethodInvocationHelper.java:131)
	at org.testng.internal.Parameters.handleParameters(Parameters.java:706)
	at org.testng.internal.ParameterHandler.handleParameters(ParameterHandler.java:49)
	at org.testng.internal.ParameterHandler.createParameters(ParameterHandler.java:37)
	at org.testng.internal.Invoker.invokeTestMethods(Invoker.java:924)
	at org.testng.internal.TestMethodWorker.invokeTestMethods(TestMethodWorker.java:125)
	at org.testng.internal.TestMethodWorker.run(TestMethodWorker.java:109)
	at org.testng.TestRunner.privateRun(TestRunner.java:648)
	at org.testng.TestRunner.run(TestRunner.java:505)
	at org.testng.SuiteRunner.runTest(SuiteRunner.java:455)
	at org.testng.SuiteRunner.runSequentially(SuiteRunner.java:450)
	at org.testng.SuiteRunner.privateRun(SuiteRunner.java:415)
	at org.testng.SuiteRunner.run(SuiteRunner.java:364)
	at org.testng.SuiteRunnerWorker.runSuite(SuiteRunnerWorker.java:52)
	at org.testng.SuiteRunnerWorker.run(SuiteRunnerWorker.java:84)
	at org.testng.TestNG.runSuitesSequentially(TestNG.java:1208)
	at org.testng.TestNG.runSuitesLocally(TestNG.java:1137)
	at org.testng.TestNG.runSuites(TestNG.java:1049)
	at org.testng.TestNG.run(TestNG.java:1017)
	at org.apache.maven.surefire.testng.TestNGExecutor.run(TestNGExecutor.java:283)
	at org.apache.maven.surefire.testng.TestNGXmlTestSuite.execute(TestNGXmlTestSuite.java:75)
	at org.apache.maven.surefire.testng.TestNGProvider.invoke(TestNGProvider.java:120)
	at org.apache.maven.surefire.booter.ForkedBooter.invokeProviderInSameClassLoader(ForkedBooter.java:383)
	at org.apache.maven.surefire.booter.ForkedBooter.runSuitesInProcess(ForkedBooter.java:344)
	at org.apache.maven.surefire.booter.ForkedBooter.execute(ForkedBooter.java:125)
	at org.apache.maven.surefire.booter.ForkedBooter.main(ForkedBooter.java:417)
org.apache.xmlbeans.impl.values.XmlValueDisconnectedException
	at org.apache.xmlbeans.impl.values.XmlObjectBase.check_orphaned(XmlObjectBase.java:1213)
	at org.openxmlformats.schemas.spreadsheetml.x2006.main.impl.CTXfImpl.getXfId(Unknown Source)
	at org.apache.poi.xssf.model.StylesTable.getStyleAt(StylesTable.java:235)
	at org.apache.poi.xssf.usermodel.XSSFCell.getCellStyle(XSSFCell.java:483)
	at org.apache.poi.xssf.usermodel.XSSFCell.getCellStyle(XSSFCell.java:64)
	at org.apache.poi.ss.usermodel.DateUtil.isCellDateFormatted(DateUtil.java:504)
	at com.hasbrop2m.core.Xls_Reader.getCellData(Xls_Reader.java:148)
	at com.hasbrop2m.core.Utility.getData(Utility.java:61)
	at com.hasbrop2m.sanity.SanitySuite4.testDataTest(SanitySuite4.java:2661)
	at sun.reflect.NativeMethodAccessorImpl.invoke0(Native Method)
	at sun.reflect.NativeMethodAccessorImpl.invoke(NativeMethodAccessorImpl.java:62)
	at sun.reflect.DelegatingMethodAccessorImpl.invoke(DelegatingMethodAccessorImpl.java:43)
	at java.lang.reflect.Method.invoke(Method.java:498)
	at org.testng.internal.MethodInvocationHelper.invokeMethod(MethodInvocationHelper.java:124)
	at org.testng.internal.MethodInvocationHelper.invokeMethod(MethodInvocationHelper.java:74)
	at org.testng.internal.MethodInvocationHelper.invokeMethodNoCheckedException(MethodInvocationHelper.java:45)
	at org.testng.internal.MethodInvocationHelper.invokeDataProvider(MethodInvocationHelper.java:131)
	at org.testng.internal.Parameters.handleParameters(Parameters.java:706)
	at org.testng.internal.ParameterHandler.handleParameters(ParameterHandler.java:49)
	at org.testng.internal.ParameterHandler.createParameters(ParameterHandler.java:37)
	at org.testng.internal.Invoker.invokeTestMethods(Invoker.java:924)
	at org.testng.internal.TestMethodWorker.invokeTestMethods(TestMethodWorker.java:125)
	at org.testng.internal.TestMethodWorker.run(TestMethodWorker.java:109)
	at org.testng.TestRunner.privateRun(TestRunner.java:648)
	at org.testng.TestRunner.run(TestRunner.java:505)
	at org.testng.SuiteRunner.runTest(SuiteRunner.java:455)
	at org.testng.SuiteRunner.runSequentially(SuiteRunner.java:450)
	at org.testng.SuiteRunner.privateRun(SuiteRunner.java:415)
	at org.testng.SuiteRunner.run(SuiteRunner.java:364)
	at org.testng.SuiteRunnerWorker.runSuite(SuiteRunnerWorker.java:52)
	at org.testng.SuiteRunnerWorker.run(SuiteRunnerWorker.java:84)
	at org.testng.TestNG.runSuitesSequentially(TestNG.java:1208)
	at org.testng.TestNG.runSuitesLocally(TestNG.java:1137)
	at org.testng.TestNG.runSuites(TestNG.java:1049)
	at org.testng.TestNG.run(TestNG.java:1017)
	at org.apache.maven.surefire.testng.TestNGExecutor.run(TestNGExecutor.java:283)
	at org.apache.maven.surefire.testng.TestNGXmlTestSuite.execute(TestNGXmlTestSuite.java:75)
	at org.apache.maven.surefire.testng.TestNGProvider.invoke(TestNGProvider.java:120)
	at org.apache.maven.surefire.booter.ForkedBooter.invokeProviderInSameClassLoader(ForkedBooter.java:383)
	at org.apache.maven.surefire.booter.ForkedBooter.runSuitesInProcess(ForkedBooter.java:344)
	at org.apache.maven.surefire.booter.ForkedBooter.execute(ForkedBooter.java:125)
	at org.apache.maven.surefire.booter.ForkedBooter.main(ForkedBooter.java:417)
]]></system-err>
  </testcase>
  <testcase name="tcSanitySuite4" classname="com.hasbrop2m.sanity.SanitySuite4" time="0">
    <skipped message="Skipping SanitySuite4 as runmode is set to no"/>
  </testcase>
  <testcase name="tcSanitySuite4" classname="com.hasbrop2m.sanity.SanitySuite4" time="0">
    <skipped/>
  </testcase>
  <testcase name="tcSanitySuite4" classname="com.hasbrop2m.sanity.SanitySuite4" time="0">
    <skipped/>
  </testcase>
  <testcase name="tcSanitySuite4" classname="com.hasbrop2m.sanity.SanitySuite4" time="0">
    <skipped/>
  </testcase>
  <testcase name="tcSanitySuite4" classname="com.hasbrop2m.sanity.SanitySuite4" time="0">
    <skipped/>
  </testcase>
  <testcase name="tcSanitySuite4" classname="com.hasbrop2m.sanity.SanitySuite4" time="0">
    <skipped/>
  </testcase>
  <testcase name="tcSanitySuite4" classname="com.hasbrop2m.sanity.SanitySuite4" time="0">
    <skipped/>
  </testcase>
  <testcase name="tcSanitySuite4" classname="com.hasbrop2m.sanity.SanitySuite4" time="0">
    <skipped/>
  </testcase>
  <testcase name="tcSanitySuite4" classname="com.hasbrop2m.sanity.SanitySuite4" time="0">
    <skipped/>
  </testcase>
  <testcase name="tcSanitySuite4" classname="com.hasbrop2m.sanity.SanitySuite4" time="0">
    <skipped/>
  </testcase>
  <testcase name="tcSanitySuite4" classname="com.hasbrop2m.sanity.SanitySuite4" time="0">
    <skipped/>
  </testcase>
  <testcase name="tcSanitySuite4" classname="com.hasbrop2m.sanity.SanitySuite4" time="0">
    <skipped/>
  </testcase>
  <testcase name="tcSanitySuite4" classname="com.hasbrop2m.sanity.SanitySuite4" time="0">
    <skipped/>
  </testcase>
  <testcase name="tcSanitySuite4" classname="com.hasbrop2m.sanity.SanitySuite4" time="0">
    <skipped/>
  </testcase>
  <testcase name="reporterdataSetResult" classname="com.hasbrop2m.sanity.SanitySuite4" time="0">
    <skipped/>
  </testcase>
  <testcase name="reporterdataSetResult" classname="com.hasbrop2m.sanity.SanitySuite4" time="0">
    <skipped/>
  </testcase>
  <testcase name="reporterdataSetResult" classname="com.hasbrop2m.sanity.SanitySuite4" time="0">
    <skipped/>
  </testcase>
  <testcase name="reporterdataSetResult" classname="com.hasbrop2m.sanity.SanitySuite4" time="0">
    <skipped/>
  </testcase>
  <testcase name="reporterdataSetResult" classname="com.hasbrop2m.sanity.SanitySuite4" time="0">
    <skipped/>
  </testcase>
  <testcase name="reporterdataSetResult" classname="com.hasbrop2m.sanity.SanitySuite4" time="0">
    <skipped/>
  </testcase>
  <testcase name="reporterdataSetResult" classname="com.hasbrop2m.sanity.SanitySuite4" time="0">
    <skipped/>
  </testcase>
  <testcase name="reporterdataSetResult" classname="com.hasbrop2m.sanity.SanitySuite4" time="0">
    <skipped/>
  </testcase>
  <testcase name="reporterdataSetResult" classname="com.hasbrop2m.sanity.SanitySuite4" time="0">
    <skipped/>
  </testcase>
  <testcase name="reporterdataSetResult" classname="com.hasbrop2m.sanity.SanitySuite4" time="0">
    <skipped/>
  </testcase>
  <testcase name="reporterdataSetResult" classname="com.hasbrop2m.sanity.SanitySuite4" time="0">
    <skipped/>
  </testcase>
  <testcase name="reporterdataSetResult" classname="com.hasbrop2m.sanity.SanitySuite4" time="0">
    <skipped/>
  </testcase>
  <testcase name="reporterdataSetResult" classname="com.hasbrop2m.sanity.SanitySuite4" time="0">
    <skipped/>
  </testcase>
  <testcase name="reporterdataSetResult" classname="com.hasbrop2m.sanity.SanitySuite4" time="0">
    <skipped/>
  </testcase>
  <testcase name="reporterdataSetResult" classname="com.hasbrop2m.sanity.SanitySuite4" time="0">
    <skipped/>
  </testcase>
  <testcase name="reportTestcaseResult" classname="com.hasbrop2m.sanity.SanitySuite4" time="0">
    <skipped/>
  </testcase>
</testsuite>