<?xml version="1.0" encoding="UTF-8"?>
<!-- Generated by org.testng.reporters.JUnitReportReporter -->
<testsuite skipped="71" hostname="BDC6-LX-723061Y" name="com.hasbrop2m.security.CostsheetExternalProduct" tests="71" failures="0" timestamp="10 Sep 2018 06:51:58 GMT" time="0.001" errors="0">
  <testcase name="tcCostSheet" time="0.000" classname="com.hasbrop2m.security.CostsheetExternalProduct">
    <skipped/>
  </testcase> <!-- tcCostSheet -->
  <testcase name="tcCostSheet" time="0.000" classname="com.hasbrop2m.security.CostsheetExternalProduct">
    <skipped/>
  </testcase> <!-- tcCostSheet -->
  <testcase name="tcCostSheet" time="0.000" classname="com.hasbrop2m.security.CostsheetExternalProduct">
    <skipped/>
  </testcase> <!-- tcCostSheet -->
  <testcase name="tcCostSheet" time="0.000" classname="com.hasbrop2m.security.CostsheetExternalProduct">
    <skipped/>
  </testcase> <!-- tcCostSheet -->
  <testcase name="tcCostSheet" time="0.000" classname="com.hasbrop2m.security.CostsheetExternalProduct">
    <skipped/>
  </testcase> <!-- tcCostSheet -->
  <testcase name="tcCostSheet" time="0.000" classname="com.hasbrop2m.security.CostsheetExternalProduct">
    <skipped/>
  </testcase> <!-- tcCostSheet -->
  <testcase name="tcCostSheet" time="0.000" classname="com.hasbrop2m.security.CostsheetExternalProduct">
    <skipped/>
  </testcase> <!-- tcCostSheet -->
  <testcase name="tcCostSheet" time="0.000" classname="com.hasbrop2m.security.CostsheetExternalProduct">
    <skipped/>
  </testcase> <!-- tcCostSheet -->
  <testcase name="tcCostSheet" time="0.000" classname="com.hasbrop2m.security.CostsheetExternalProduct">
    <skipped/>
  </testcase> <!-- tcCostSheet -->
  <testcase name="tcCostSheet" time="0.000" classname="com.hasbrop2m.security.CostsheetExternalProduct">
    <skipped/>
  </testcase> <!-- tcCostSheet -->
  <testcase name="tcCostSheet" time="0.000" classname="com.hasbrop2m.security.CostsheetExternalProduct">
    <skipped/>
  </testcase> <!-- tcCostSheet -->
  <testcase name="tcCostSheet" time="0.000" classname="com.hasbrop2m.security.CostsheetExternalProduct">
    <skipped/>
  </testcase> <!-- tcCostSheet -->
  <testcase name="tcCostSheet" time="0.000" classname="com.hasbrop2m.security.CostsheetExternalProduct">
    <skipped/>
  </testcase> <!-- tcCostSheet -->
  <testcase name="tcCostSheet" time="0.000" classname="com.hasbrop2m.security.CostsheetExternalProduct">
    <skipped/>
  </testcase> <!-- tcCostSheet -->
  <testcase name="tcCostSheet" time="0.000" classname="com.hasbrop2m.security.CostsheetExternalProduct">
    <skipped/>
  </testcase> <!-- tcCostSheet -->
  <testcase name="tcCostSheet" time="0.000" classname="com.hasbrop2m.security.CostsheetExternalProduct">
    <skipped/>
  </testcase> <!-- tcCostSheet -->
  <testcase name="tcCostSheet" time="0.000" classname="com.hasbrop2m.security.CostsheetExternalProduct">
    <skipped/>
  </testcase> <!-- tcCostSheet -->
  <testcase name="tcCostSheet" time="0.000" classname="com.hasbrop2m.security.CostsheetExternalProduct">
    <skipped/>
  </testcase> <!-- tcCostSheet -->
  <testcase name="tcCostSheet" time="0.000" classname="com.hasbrop2m.security.CostsheetExternalProduct">
    <skipped/>
  </testcase> <!-- tcCostSheet -->
  <testcase name="tcCostSheet" time="0.000" classname="com.hasbrop2m.security.CostsheetExternalProduct">
    <skipped/>
  </testcase> <!-- tcCostSheet -->
  <testcase name="tcCostSheet" time="0.000" classname="com.hasbrop2m.security.CostsheetExternalProduct">
    <skipped/>
  </testcase> <!-- tcCostSheet -->
  <testcase name="tcCostSheet" time="0.000" classname="com.hasbrop2m.security.CostsheetExternalProduct">
    <skipped/>
  </testcase> <!-- tcCostSheet -->
  <testcase name="tcCostSheet" time="0.000" classname="com.hasbrop2m.security.CostsheetExternalProduct">
    <skipped/>
  </testcase> <!-- tcCostSheet -->
  <testcase name="tcCostSheet" time="0.000" classname="com.hasbrop2m.security.CostsheetExternalProduct">
    <skipped/>
  </testcase> <!-- tcCostSheet -->
  <testcase name="tcCostSheet" time="0.000" classname="com.hasbrop2m.security.CostsheetExternalProduct">
    <skipped/>
  </testcase> <!-- tcCostSheet -->
  <testcase name="tcCostSheet" time="0.000" classname="com.hasbrop2m.security.CostsheetExternalProduct">
    <skipped/>
  </testcase> <!-- tcCostSheet -->
  <testcase name="tcCostSheet" time="0.000" classname="com.hasbrop2m.security.CostsheetExternalProduct">
    <skipped/>
  </testcase> <!-- tcCostSheet -->
  <testcase name="tcCostSheet" time="0.000" classname="com.hasbrop2m.security.CostsheetExternalProduct">
    <skipped/>
  </testcase> <!-- tcCostSheet -->
  <testcase name="tcCostSheet" time="0.000" classname="com.hasbrop2m.security.CostsheetExternalProduct">
    <skipped/>
  </testcase> <!-- tcCostSheet -->
  <testcase name="tcCostSheet" time="0.000" classname="com.hasbrop2m.security.CostsheetExternalProduct">
    <skipped/>
  </testcase> <!-- tcCostSheet -->
  <testcase name="tcCostSheet" time="0.000" classname="com.hasbrop2m.security.CostsheetExternalProduct">
    <skipped/>
  </testcase> <!-- tcCostSheet -->
  <testcase name="tcCostSheet" time="0.000" classname="com.hasbrop2m.security.CostsheetExternalProduct">
    <skipped/>
  </testcase> <!-- tcCostSheet -->
  <testcase name="tcCostSheet" time="0.000" classname="com.hasbrop2m.security.CostsheetExternalProduct">
    <skipped/>
  </testcase> <!-- tcCostSheet -->
  <testcase name="tcCostSheet" time="0.000" classname="com.hasbrop2m.security.CostsheetExternalProduct">
    <skipped/>
  </testcase> <!-- tcCostSheet -->
  <testcase name="tcCostSheet" time="0.000" classname="com.hasbrop2m.security.CostsheetExternalProduct">
    <skipped/>
  </testcase> <!-- tcCostSheet -->
  <testcase name="tcCostSheet" time="0.000" classname="com.hasbrop2m.security.CostsheetExternalProduct">
    <skipped/>
  </testcase> <!-- tcCostSheet -->
  <testcase name="tcCostSheet" time="0.000" classname="com.hasbrop2m.security.CostsheetExternalProduct">
    <skipped/>
  </testcase> <!-- tcCostSheet -->
  <testcase name="tcCostSheet" time="0.000" classname="com.hasbrop2m.security.CostsheetExternalProduct">
    <skipped/>
  </testcase> <!-- tcCostSheet -->
  <testcase name="tcCostSheet" time="0.000" classname="com.hasbrop2m.security.CostsheetExternalProduct">
    <skipped/>
  </testcase> <!-- tcCostSheet -->
  <testcase name="tcCostSheet" time="0.000" classname="com.hasbrop2m.security.CostsheetExternalProduct">
    <skipped/>
  </testcase> <!-- tcCostSheet -->
  <testcase name="tcCostSheet" time="0.000" classname="com.hasbrop2m.security.CostsheetExternalProduct">
    <skipped/>
  </testcase> <!-- tcCostSheet -->
  <testcase name="tcCostSheet" time="0.000" classname="com.hasbrop2m.security.CostsheetExternalProduct">
    <skipped/>
  </testcase> <!-- tcCostSheet -->
  <testcase name="tcCostSheet" time="0.000" classname="com.hasbrop2m.security.CostsheetExternalProduct">
    <skipped/>
  </testcase> <!-- tcCostSheet -->
  <testcase name="tcCostSheet" time="0.000" classname="com.hasbrop2m.security.CostsheetExternalProduct">
    <skipped/>
  </testcase> <!-- tcCostSheet -->
  <testcase name="tcCostSheet" time="0.000" classname="com.hasbrop2m.security.CostsheetExternalProduct">
    <skipped/>
  </testcase> <!-- tcCostSheet -->
  <testcase name="tcCostSheet" time="0.000" classname="com.hasbrop2m.security.CostsheetExternalProduct">
    <skipped/>
  </testcase> <!-- tcCostSheet -->
  <testcase name="tcCostSheet" time="0.000" classname="com.hasbrop2m.security.CostsheetExternalProduct">
    <skipped/>
  </testcase> <!-- tcCostSheet -->
  <testcase name="tcCostSheet" time="0.000" classname="com.hasbrop2m.security.CostsheetExternalProduct">
    <skipped/>
  </testcase> <!-- tcCostSheet -->
  <testcase name="tcCostSheet" time="0.000" classname="com.hasbrop2m.security.CostsheetExternalProduct">
    <skipped/>
  </testcase> <!-- tcCostSheet -->
  <testcase name="tcCostSheet" time="0.000" classname="com.hasbrop2m.security.CostsheetExternalProduct">
    <skipped/>
  </testcase> <!-- tcCostSheet -->
  <testcase name="tcCostSheet" time="0.000" classname="com.hasbrop2m.security.CostsheetExternalProduct">
    <skipped/>
  </testcase> <!-- tcCostSheet -->
  <testcase name="tcCostSheet" time="0.000" classname="com.hasbrop2m.security.CostsheetExternalProduct">
    <skipped/>
  </testcase> <!-- tcCostSheet -->
  <testcase name="tcCostSheet" time="0.000" classname="com.hasbrop2m.security.CostsheetExternalProduct">
    <skipped/>
  </testcase> <!-- tcCostSheet -->
  <testcase name="tcCostSheet" time="0.000" classname="com.hasbrop2m.security.CostsheetExternalProduct">
    <skipped/>
  </testcase> <!-- tcCostSheet -->
  <testcase name="tcCostSheet" time="0.000" classname="com.hasbrop2m.security.CostsheetExternalProduct">
    <skipped/>
  </testcase> <!-- tcCostSheet -->
  <testcase name="tcCostSheet" time="0.000" classname="com.hasbrop2m.security.CostsheetExternalProduct">
    <skipped/>
  </testcase> <!-- tcCostSheet -->
  <testcase name="tcCostSheet" time="0.000" classname="com.hasbrop2m.security.CostsheetExternalProduct">
    <skipped/>
  </testcase> <!-- tcCostSheet -->
  <testcase name="tcCostSheet" time="0.000" classname="com.hasbrop2m.security.CostsheetExternalProduct">
    <skipped/>
  </testcase> <!-- tcCostSheet -->
  <testcase name="tcCostSheet" time="0.000" classname="com.hasbrop2m.security.CostsheetExternalProduct">
    <skipped/>
  </testcase> <!-- tcCostSheet -->
  <testcase name="tcCostSheet" time="0.000" classname="com.hasbrop2m.security.CostsheetExternalProduct">
    <skipped/>
  </testcase> <!-- tcCostSheet -->
  <testcase name="tcCostSheet" time="0.000" classname="com.hasbrop2m.security.CostsheetExternalProduct">
    <skipped/>
  </testcase> <!-- tcCostSheet -->
  <testcase name="tcCostSheet" time="0.001" classname="com.hasbrop2m.security.CostsheetExternalProduct">
    <skipped/>
  </testcase> <!-- tcCostSheet -->
  <testcase name="tcCostSheet" time="0.000" classname="com.hasbrop2m.security.CostsheetExternalProduct">
    <skipped/>
  </testcase> <!-- tcCostSheet -->
  <testcase name="tcCostSheet" time="0.000" classname="com.hasbrop2m.security.CostsheetExternalProduct">
    <skipped/>
  </testcase> <!-- tcCostSheet -->
  <testcase name="tcCostSheet" time="0.000" classname="com.hasbrop2m.security.CostsheetExternalProduct">
    <skipped/>
  </testcase> <!-- tcCostSheet -->
  <testcase name="tcCostSheet" time="0.000" classname="com.hasbrop2m.security.CostsheetExternalProduct">
    <skipped/>
  </testcase> <!-- tcCostSheet -->
  <testcase name="tcCostSheet" time="0.000" classname="com.hasbrop2m.security.CostsheetExternalProduct">
    <skipped/>
  </testcase> <!-- tcCostSheet -->
  <testcase name="tcCostSheet" time="0.000" classname="com.hasbrop2m.security.CostsheetExternalProduct">
    <skipped/>
  </testcase> <!-- tcCostSheet -->
  <testcase name="tcCostSheet" time="0.000" classname="com.hasbrop2m.security.CostsheetExternalProduct">
    <skipped/>
  </testcase> <!-- tcCostSheet -->
  <testcase name="tcCostSheet" time="0.000" classname="com.hasbrop2m.security.CostsheetExternalProduct">
    <skipped/>
  </testcase> <!-- tcCostSheet -->
  <testcase name="tcCostSheet" time="0.000" classname="com.hasbrop2m.security.CostsheetExternalProduct">
    <skipped/>
  </testcase> <!-- tcCostSheet -->
</testsuite> <!-- com.hasbrop2m.security.CostsheetExternalProduct -->
