<?xml version="1.0" encoding="UTF-8"?>
<!-- Generated by org.testng.reporters.JUnitReportReporter -->
<testsuite skipped="12" hostname="BDC6-LX-723061Y" name="com.hasbrop2m.security.CostsheetInternal" tests="12" failures="0" timestamp="10 Sep 2018 06:51:58 GMT" time="0.000" errors="0">
  <testcase name="tcCostSheet" time="0.000" classname="com.hasbrop2m.security.CostsheetInternal">
    <skipped/>
  </testcase> <!-- tcCostSheet -->
  <testcase name="tcCostSheet" time="0.000" classname="com.hasbrop2m.security.CostsheetInternal">
    <skipped/>
  </testcase> <!-- tcCostSheet -->
  <testcase name="tcCostSheet" time="0.000" classname="com.hasbrop2m.security.CostsheetInternal">
    <skipped/>
  </testcase> <!-- tcCostSheet -->
  <testcase name="tcCostSheet" time="0.000" classname="com.hasbrop2m.security.CostsheetInternal">
    <skipped/>
  </testcase> <!-- tcCostSheet -->
  <testcase name="tcCostSheet" time="0.000" classname="com.hasbrop2m.security.CostsheetInternal">
    <skipped/>
  </testcase> <!-- tcCostSheet -->
  <testcase name="tcCostSheet" time="0.000" classname="com.hasbrop2m.security.CostsheetInternal">
    <skipped/>
  </testcase> <!-- tcCostSheet -->
  <testcase name="tcCostSheet" time="0.000" classname="com.hasbrop2m.security.CostsheetInternal">
    <skipped/>
  </testcase> <!-- tcCostSheet -->
  <testcase name="tcCostSheet" time="0.000" classname="com.hasbrop2m.security.CostsheetInternal">
    <skipped/>
  </testcase> <!-- tcCostSheet -->
  <testcase name="tcCostSheet" time="0.000" classname="com.hasbrop2m.security.CostsheetInternal">
    <skipped/>
  </testcase> <!-- tcCostSheet -->
  <testcase name="tcCostSheet" time="0.000" classname="com.hasbrop2m.security.CostsheetInternal">
    <skipped/>
  </testcase> <!-- tcCostSheet -->
  <testcase name="tcCostSheet" time="0.000" classname="com.hasbrop2m.security.CostsheetInternal">
    <skipped/>
  </testcase> <!-- tcCostSheet -->
  <testcase name="tcCostSheet" time="0.000" classname="com.hasbrop2m.security.CostsheetInternal">
    <skipped/>
  </testcase> <!-- tcCostSheet -->
</testsuite> <!-- com.hasbrop2m.security.CostsheetInternal -->
