<?xml version="1.0" encoding="UTF-8"?>
<!-- Generated by org.testng.reporters.JUnitReportReporter -->
<testsuite skipped="430" hostname="BDC6-LX-723061Y" name="com.hasbrop2m.security.Colorway" tests="430" failures="0" timestamp="10 Sep 2018 06:51:58 GMT" time="0.000" errors="0">
  <testcase name="tcColor" time="0.000" classname="com.hasbrop2m.security.Colorway">
    <skipped/>
  </testcase> <!-- tcColor -->
  <testcase name="tcColor" time="0.000" classname="com.hasbrop2m.security.Colorway">
    <skipped/>
  </testcase> <!-- tcColor -->
  <testcase name="tcColor" time="0.000" classname="com.hasbrop2m.security.Colorway">
    <skipped/>
  </testcase> <!-- tcColor -->
  <testcase name="tcColor" time="0.000" classname="com.hasbrop2m.security.Colorway">
    <skipped/>
  </testcase> <!-- tcColor -->
  <testcase name="tcColor" time="0.000" classname="com.hasbrop2m.security.Colorway">
    <skipped/>
  </testcase> <!-- tcColor -->
  <testcase name="tcColor" time="0.000" classname="com.hasbrop2m.security.Colorway">
    <skipped/>
  </testcase> <!-- tcColor -->
  <testcase name="tcColor" time="0.000" classname="com.hasbrop2m.security.Colorway">
    <skipped/>
  </testcase> <!-- tcColor -->
  <testcase name="tcColor" time="0.000" classname="com.hasbrop2m.security.Colorway">
    <skipped/>
  </testcase> <!-- tcColor -->
  <testcase name="tcColor" time="0.000" classname="com.hasbrop2m.security.Colorway">
    <skipped/>
  </testcase> <!-- tcColor -->
  <testcase name="tcColor" time="0.000" classname="com.hasbrop2m.security.Colorway">
    <skipped/>
  </testcase> <!-- tcColor -->
  <testcase name="tcColor" time="0.000" classname="com.hasbrop2m.security.Colorway">
    <skipped/>
  </testcase> <!-- tcColor -->
  <testcase name="tcColor" time="0.000" classname="com.hasbrop2m.security.Colorway">
    <skipped/>
  </testcase> <!-- tcColor -->
  <testcase name="tcColor" time="0.000" classname="com.hasbrop2m.security.Colorway">
    <skipped/>
  </testcase> <!-- tcColor -->
  <testcase name="tcColor" time="0.000" classname="com.hasbrop2m.security.Colorway">
    <skipped/>
  </testcase> <!-- tcColor -->
  <testcase name="tcColor" time="0.000" classname="com.hasbrop2m.security.Colorway">
    <skipped/>
  </testcase> <!-- tcColor -->
  <testcase name="tcColor" time="0.000" classname="com.hasbrop2m.security.Colorway">
    <skipped/>
  </testcase> <!-- tcColor -->
  <testcase name="tcColor" time="0.000" classname="com.hasbrop2m.security.Colorway">
    <skipped/>
  </testcase> <!-- tcColor -->
  <testcase name="tcColor" time="0.000" classname="com.hasbrop2m.security.Colorway">
    <skipped/>
  </testcase> <!-- tcColor -->
  <testcase name="tcColor" time="0.000" classname="com.hasbrop2m.security.Colorway">
    <skipped/>
  </testcase> <!-- tcColor -->
  <testcase name="tcColor" time="0.000" classname="com.hasbrop2m.security.Colorway">
    <skipped/>
  </testcase> <!-- tcColor -->
  <testcase name="tcColor" time="0.000" classname="com.hasbrop2m.security.Colorway">
    <skipped/>
  </testcase> <!-- tcColor -->
  <testcase name="tcColor" time="0.000" classname="com.hasbrop2m.security.Colorway">
    <skipped/>
  </testcase> <!-- tcColor -->
  <testcase name="tcColor" time="0.000" classname="com.hasbrop2m.security.Colorway">
    <skipped/>
  </testcase> <!-- tcColor -->
  <testcase name="tcColor" time="0.000" classname="com.hasbrop2m.security.Colorway">
    <skipped/>
  </testcase> <!-- tcColor -->
  <testcase name="tcColor" time="0.000" classname="com.hasbrop2m.security.Colorway">
    <skipped/>
  </testcase> <!-- tcColor -->
  <testcase name="tcColor" time="0.000" classname="com.hasbrop2m.security.Colorway">
    <skipped/>
  </testcase> <!-- tcColor -->
  <testcase name="tcColor" time="0.000" classname="com.hasbrop2m.security.Colorway">
    <skipped/>
  </testcase> <!-- tcColor -->
  <testcase name="tcColor" time="0.000" classname="com.hasbrop2m.security.Colorway">
    <skipped/>
  </testcase> <!-- tcColor -->
  <testcase name="tcColor" time="0.000" classname="com.hasbrop2m.security.Colorway">
    <skipped/>
  </testcase> <!-- tcColor -->
  <testcase name="tcColor" time="0.000" classname="com.hasbrop2m.security.Colorway">
    <skipped/>
  </testcase> <!-- tcColor -->
  <testcase name="tcColor" time="0.000" classname="com.hasbrop2m.security.Colorway">
    <skipped/>
  </testcase> <!-- tcColor -->
  <testcase name="tcColor" time="0.000" classname="com.hasbrop2m.security.Colorway">
    <skipped/>
  </testcase> <!-- tcColor -->
  <testcase name="tcColor" time="0.000" classname="com.hasbrop2m.security.Colorway">
    <skipped/>
  </testcase> <!-- tcColor -->
  <testcase name="tcColor" time="0.000" classname="com.hasbrop2m.security.Colorway">
    <skipped/>
  </testcase> <!-- tcColor -->
  <testcase name="tcColor" time="0.000" classname="com.hasbrop2m.security.Colorway">
    <skipped/>
  </testcase> <!-- tcColor -->
  <testcase name="tcColor" time="0.000" classname="com.hasbrop2m.security.Colorway">
    <skipped/>
  </testcase> <!-- tcColor -->
  <testcase name="tcColor" time="0.000" classname="com.hasbrop2m.security.Colorway">
    <skipped/>
  </testcase> <!-- tcColor -->
  <testcase name="tcColor" time="0.000" classname="com.hasbrop2m.security.Colorway">
    <skipped/>
  </testcase> <!-- tcColor -->
  <testcase name="tcColor" time="0.000" classname="com.hasbrop2m.security.Colorway">
    <skipped/>
  </testcase> <!-- tcColor -->
  <testcase name="tcColor" time="0.000" classname="com.hasbrop2m.security.Colorway">
    <skipped/>
  </testcase> <!-- tcColor -->
  <testcase name="tcColor" time="0.000" classname="com.hasbrop2m.security.Colorway">
    <skipped/>
  </testcase> <!-- tcColor -->
  <testcase name="tcColor" time="0.000" classname="com.hasbrop2m.security.Colorway">
    <skipped/>
  </testcase> <!-- tcColor -->
  <testcase name="tcColor" time="0.000" classname="com.hasbrop2m.security.Colorway">
    <skipped/>
  </testcase> <!-- tcColor -->
  <testcase name="tcColor" time="0.000" classname="com.hasbrop2m.security.Colorway">
    <skipped/>
  </testcase> <!-- tcColor -->
  <testcase name="tcColor" time="0.000" classname="com.hasbrop2m.security.Colorway">
    <skipped/>
  </testcase> <!-- tcColor -->
  <testcase name="tcColor" time="0.000" classname="com.hasbrop2m.security.Colorway">
    <skipped/>
  </testcase> <!-- tcColor -->
  <testcase name="tcColor" time="0.000" classname="com.hasbrop2m.security.Colorway">
    <skipped/>
  </testcase> <!-- tcColor -->
  <testcase name="tcColor" time="0.000" classname="com.hasbrop2m.security.Colorway">
    <skipped/>
  </testcase> <!-- tcColor -->
  <testcase name="tcColor" time="0.000" classname="com.hasbrop2m.security.Colorway">
    <skipped/>
  </testcase> <!-- tcColor -->
  <testcase name="tcColor" time="0.000" classname="com.hasbrop2m.security.Colorway">
    <skipped/>
  </testcase> <!-- tcColor -->
  <testcase name="tcColor" time="0.000" classname="com.hasbrop2m.security.Colorway">
    <skipped/>
  </testcase> <!-- tcColor -->
  <testcase name="tcColor" time="0.000" classname="com.hasbrop2m.security.Colorway">
    <skipped/>
  </testcase> <!-- tcColor -->
  <testcase name="tcColor" time="0.000" classname="com.hasbrop2m.security.Colorway">
    <skipped/>
  </testcase> <!-- tcColor -->
  <testcase name="tcColor" time="0.000" classname="com.hasbrop2m.security.Colorway">
    <skipped/>
  </testcase> <!-- tcColor -->
  <testcase name="tcColor" time="0.000" classname="com.hasbrop2m.security.Colorway">
    <skipped/>
  </testcase> <!-- tcColor -->
  <testcase name="tcColor" time="0.000" classname="com.hasbrop2m.security.Colorway">
    <skipped/>
  </testcase> <!-- tcColor -->
  <testcase name="tcColor" time="0.000" classname="com.hasbrop2m.security.Colorway">
    <skipped/>
  </testcase> <!-- tcColor -->
  <testcase name="tcColor" time="0.000" classname="com.hasbrop2m.security.Colorway">
    <skipped/>
  </testcase> <!-- tcColor -->
  <testcase name="tcColor" time="0.000" classname="com.hasbrop2m.security.Colorway">
    <skipped/>
  </testcase> <!-- tcColor -->
  <testcase name="tcColor" time="0.000" classname="com.hasbrop2m.security.Colorway">
    <skipped/>
  </testcase> <!-- tcColor -->
  <testcase name="tcColor" time="0.000" classname="com.hasbrop2m.security.Colorway">
    <skipped/>
  </testcase> <!-- tcColor -->
  <testcase name="tcColor" time="0.000" classname="com.hasbrop2m.security.Colorway">
    <skipped/>
  </testcase> <!-- tcColor -->
  <testcase name="tcColor" time="0.000" classname="com.hasbrop2m.security.Colorway">
    <skipped/>
  </testcase> <!-- tcColor -->
  <testcase name="tcColor" time="0.000" classname="com.hasbrop2m.security.Colorway">
    <skipped/>
  </testcase> <!-- tcColor -->
  <testcase name="tcColor" time="0.000" classname="com.hasbrop2m.security.Colorway">
    <skipped/>
  </testcase> <!-- tcColor -->
  <testcase name="tcColor" time="0.000" classname="com.hasbrop2m.security.Colorway">
    <skipped/>
  </testcase> <!-- tcColor -->
  <testcase name="tcColor" time="0.000" classname="com.hasbrop2m.security.Colorway">
    <skipped/>
  </testcase> <!-- tcColor -->
  <testcase name="tcColor" time="0.000" classname="com.hasbrop2m.security.Colorway">
    <skipped/>
  </testcase> <!-- tcColor -->
  <testcase name="tcColor" time="0.000" classname="com.hasbrop2m.security.Colorway">
    <skipped/>
  </testcase> <!-- tcColor -->
  <testcase name="tcColor" time="0.000" classname="com.hasbrop2m.security.Colorway">
    <skipped/>
  </testcase> <!-- tcColor -->
  <testcase name="tcColor" time="0.000" classname="com.hasbrop2m.security.Colorway">
    <skipped/>
  </testcase> <!-- tcColor -->
  <testcase name="tcColor" time="0.000" classname="com.hasbrop2m.security.Colorway">
    <skipped/>
  </testcase> <!-- tcColor -->
  <testcase name="tcColor" time="0.000" classname="com.hasbrop2m.security.Colorway">
    <skipped/>
  </testcase> <!-- tcColor -->
  <testcase name="tcColor" time="0.000" classname="com.hasbrop2m.security.Colorway">
    <skipped/>
  </testcase> <!-- tcColor -->
  <testcase name="tcColor" time="0.000" classname="com.hasbrop2m.security.Colorway">
    <skipped/>
  </testcase> <!-- tcColor -->
  <testcase name="tcColor" time="0.000" classname="com.hasbrop2m.security.Colorway">
    <skipped/>
  </testcase> <!-- tcColor -->
  <testcase name="tcColor" time="0.000" classname="com.hasbrop2m.security.Colorway">
    <skipped/>
  </testcase> <!-- tcColor -->
  <testcase name="tcColor" time="0.000" classname="com.hasbrop2m.security.Colorway">
    <skipped/>
  </testcase> <!-- tcColor -->
  <testcase name="tcColor" time="0.000" classname="com.hasbrop2m.security.Colorway">
    <skipped/>
  </testcase> <!-- tcColor -->
  <testcase name="tcColor" time="0.000" classname="com.hasbrop2m.security.Colorway">
    <skipped/>
  </testcase> <!-- tcColor -->
  <testcase name="tcColor" time="0.000" classname="com.hasbrop2m.security.Colorway">
    <skipped/>
  </testcase> <!-- tcColor -->
  <testcase name="tcColor" time="0.000" classname="com.hasbrop2m.security.Colorway">
    <skipped/>
  </testcase> <!-- tcColor -->
  <testcase name="tcColor" time="0.000" classname="com.hasbrop2m.security.Colorway">
    <skipped/>
  </testcase> <!-- tcColor -->
  <testcase name="tcColor" time="0.000" classname="com.hasbrop2m.security.Colorway">
    <skipped/>
  </testcase> <!-- tcColor -->
  <testcase name="tcColor" time="0.000" classname="com.hasbrop2m.security.Colorway">
    <skipped/>
  </testcase> <!-- tcColor -->
  <testcase name="tcColor" time="0.000" classname="com.hasbrop2m.security.Colorway">
    <skipped/>
  </testcase> <!-- tcColor -->
  <testcase name="tcColor" time="0.000" classname="com.hasbrop2m.security.Colorway">
    <skipped/>
  </testcase> <!-- tcColor -->
  <testcase name="tcColor" time="0.000" classname="com.hasbrop2m.security.Colorway">
    <skipped/>
  </testcase> <!-- tcColor -->
  <testcase name="tcColor" time="0.000" classname="com.hasbrop2m.security.Colorway">
    <skipped/>
  </testcase> <!-- tcColor -->
  <testcase name="tcColor" time="0.000" classname="com.hasbrop2m.security.Colorway">
    <skipped/>
  </testcase> <!-- tcColor -->
  <testcase name="tcColor" time="0.000" classname="com.hasbrop2m.security.Colorway">
    <skipped/>
  </testcase> <!-- tcColor -->
  <testcase name="tcColor" time="0.000" classname="com.hasbrop2m.security.Colorway">
    <skipped/>
  </testcase> <!-- tcColor -->
  <testcase name="tcColor" time="0.000" classname="com.hasbrop2m.security.Colorway">
    <skipped/>
  </testcase> <!-- tcColor -->
  <testcase name="tcColor" time="0.000" classname="com.hasbrop2m.security.Colorway">
    <skipped/>
  </testcase> <!-- tcColor -->
  <testcase name="tcColor" time="0.000" classname="com.hasbrop2m.security.Colorway">
    <skipped/>
  </testcase> <!-- tcColor -->
  <testcase name="tcColor" time="0.000" classname="com.hasbrop2m.security.Colorway">
    <skipped/>
  </testcase> <!-- tcColor -->
  <testcase name="tcColor" time="0.000" classname="com.hasbrop2m.security.Colorway">
    <skipped/>
  </testcase> <!-- tcColor -->
  <testcase name="tcColor" time="0.000" classname="com.hasbrop2m.security.Colorway">
    <skipped/>
  </testcase> <!-- tcColor -->
  <testcase name="tcColor" time="0.000" classname="com.hasbrop2m.security.Colorway">
    <skipped/>
  </testcase> <!-- tcColor -->
  <testcase name="tcColor" time="0.000" classname="com.hasbrop2m.security.Colorway">
    <skipped/>
  </testcase> <!-- tcColor -->
  <testcase name="tcColor" time="0.000" classname="com.hasbrop2m.security.Colorway">
    <skipped/>
  </testcase> <!-- tcColor -->
  <testcase name="tcColor" time="0.000" classname="com.hasbrop2m.security.Colorway">
    <skipped/>
  </testcase> <!-- tcColor -->
  <testcase name="tcColor" time="0.000" classname="com.hasbrop2m.security.Colorway">
    <skipped/>
  </testcase> <!-- tcColor -->
  <testcase name="tcColor" time="0.000" classname="com.hasbrop2m.security.Colorway">
    <skipped/>
  </testcase> <!-- tcColor -->
  <testcase name="tcColor" time="0.000" classname="com.hasbrop2m.security.Colorway">
    <skipped/>
  </testcase> <!-- tcColor -->
  <testcase name="tcColor" time="0.000" classname="com.hasbrop2m.security.Colorway">
    <skipped/>
  </testcase> <!-- tcColor -->
  <testcase name="tcColor" time="0.000" classname="com.hasbrop2m.security.Colorway">
    <skipped/>
  </testcase> <!-- tcColor -->
  <testcase name="tcColor" time="0.000" classname="com.hasbrop2m.security.Colorway">
    <skipped/>
  </testcase> <!-- tcColor -->
  <testcase name="tcColor" time="0.000" classname="com.hasbrop2m.security.Colorway">
    <skipped/>
  </testcase> <!-- tcColor -->
  <testcase name="tcColor" time="0.000" classname="com.hasbrop2m.security.Colorway">
    <skipped/>
  </testcase> <!-- tcColor -->
  <testcase name="tcColor" time="0.000" classname="com.hasbrop2m.security.Colorway">
    <skipped/>
  </testcase> <!-- tcColor -->
  <testcase name="tcColor" time="0.000" classname="com.hasbrop2m.security.Colorway">
    <skipped/>
  </testcase> <!-- tcColor -->
  <testcase name="tcColor" time="0.000" classname="com.hasbrop2m.security.Colorway">
    <skipped/>
  </testcase> <!-- tcColor -->
  <testcase name="tcColor" time="0.000" classname="com.hasbrop2m.security.Colorway">
    <skipped/>
  </testcase> <!-- tcColor -->
  <testcase name="tcColor" time="0.000" classname="com.hasbrop2m.security.Colorway">
    <skipped/>
  </testcase> <!-- tcColor -->
  <testcase name="tcColor" time="0.000" classname="com.hasbrop2m.security.Colorway">
    <skipped/>
  </testcase> <!-- tcColor -->
  <testcase name="tcColor" time="0.000" classname="com.hasbrop2m.security.Colorway">
    <skipped/>
  </testcase> <!-- tcColor -->
  <testcase name="tcColor" time="0.000" classname="com.hasbrop2m.security.Colorway">
    <skipped/>
  </testcase> <!-- tcColor -->
  <testcase name="tcColor" time="0.000" classname="com.hasbrop2m.security.Colorway">
    <skipped/>
  </testcase> <!-- tcColor -->
  <testcase name="tcColor" time="0.000" classname="com.hasbrop2m.security.Colorway">
    <skipped/>
  </testcase> <!-- tcColor -->
  <testcase name="tcColor" time="0.000" classname="com.hasbrop2m.security.Colorway">
    <skipped/>
  </testcase> <!-- tcColor -->
  <testcase name="tcColor" time="0.000" classname="com.hasbrop2m.security.Colorway">
    <skipped/>
  </testcase> <!-- tcColor -->
  <testcase name="tcColor" time="0.000" classname="com.hasbrop2m.security.Colorway">
    <skipped/>
  </testcase> <!-- tcColor -->
  <testcase name="tcColor" time="0.000" classname="com.hasbrop2m.security.Colorway">
    <skipped/>
  </testcase> <!-- tcColor -->
  <testcase name="tcColor" time="0.000" classname="com.hasbrop2m.security.Colorway">
    <skipped/>
  </testcase> <!-- tcColor -->
  <testcase name="tcColor" time="0.000" classname="com.hasbrop2m.security.Colorway">
    <skipped/>
  </testcase> <!-- tcColor -->
  <testcase name="tcColor" time="0.000" classname="com.hasbrop2m.security.Colorway">
    <skipped/>
  </testcase> <!-- tcColor -->
  <testcase name="tcColor" time="0.000" classname="com.hasbrop2m.security.Colorway">
    <skipped/>
  </testcase> <!-- tcColor -->
  <testcase name="tcColor" time="0.000" classname="com.hasbrop2m.security.Colorway">
    <skipped/>
  </testcase> <!-- tcColor -->
  <testcase name="tcColor" time="0.000" classname="com.hasbrop2m.security.Colorway">
    <skipped/>
  </testcase> <!-- tcColor -->
  <testcase name="tcColor" time="0.000" classname="com.hasbrop2m.security.Colorway">
    <skipped/>
  </testcase> <!-- tcColor -->
  <testcase name="tcColor" time="0.000" classname="com.hasbrop2m.security.Colorway">
    <skipped/>
  </testcase> <!-- tcColor -->
  <testcase name="tcColor" time="0.000" classname="com.hasbrop2m.security.Colorway">
    <skipped/>
  </testcase> <!-- tcColor -->
  <testcase name="tcColor" time="0.000" classname="com.hasbrop2m.security.Colorway">
    <skipped/>
  </testcase> <!-- tcColor -->
  <testcase name="tcColor" time="0.000" classname="com.hasbrop2m.security.Colorway">
    <skipped/>
  </testcase> <!-- tcColor -->
  <testcase name="tcColor" time="0.000" classname="com.hasbrop2m.security.Colorway">
    <skipped/>
  </testcase> <!-- tcColor -->
  <testcase name="tcColor" time="0.000" classname="com.hasbrop2m.security.Colorway">
    <skipped/>
  </testcase> <!-- tcColor -->
  <testcase name="tcColor" time="0.000" classname="com.hasbrop2m.security.Colorway">
    <skipped/>
  </testcase> <!-- tcColor -->
  <testcase name="tcColor" time="0.000" classname="com.hasbrop2m.security.Colorway">
    <skipped/>
  </testcase> <!-- tcColor -->
  <testcase name="tcColor" time="0.000" classname="com.hasbrop2m.security.Colorway">
    <skipped/>
  </testcase> <!-- tcColor -->
  <testcase name="tcColor" time="0.000" classname="com.hasbrop2m.security.Colorway">
    <skipped/>
  </testcase> <!-- tcColor -->
  <testcase name="tcColor" time="0.000" classname="com.hasbrop2m.security.Colorway">
    <skipped/>
  </testcase> <!-- tcColor -->
  <testcase name="tcColor" time="0.000" classname="com.hasbrop2m.security.Colorway">
    <skipped/>
  </testcase> <!-- tcColor -->
  <testcase name="tcColor" time="0.000" classname="com.hasbrop2m.security.Colorway">
    <skipped/>
  </testcase> <!-- tcColor -->
  <testcase name="tcColor" time="0.000" classname="com.hasbrop2m.security.Colorway">
    <skipped/>
  </testcase> <!-- tcColor -->
  <testcase name="tcColor" time="0.000" classname="com.hasbrop2m.security.Colorway">
    <skipped/>
  </testcase> <!-- tcColor -->
  <testcase name="tcColor" time="0.000" classname="com.hasbrop2m.security.Colorway">
    <skipped/>
  </testcase> <!-- tcColor -->
  <testcase name="tcColor" time="0.000" classname="com.hasbrop2m.security.Colorway">
    <skipped/>
  </testcase> <!-- tcColor -->
  <testcase name="tcColor" time="0.000" classname="com.hasbrop2m.security.Colorway">
    <skipped/>
  </testcase> <!-- tcColor -->
  <testcase name="tcColor" time="0.000" classname="com.hasbrop2m.security.Colorway">
    <skipped/>
  </testcase> <!-- tcColor -->
  <testcase name="tcColor" time="0.000" classname="com.hasbrop2m.security.Colorway">
    <skipped/>
  </testcase> <!-- tcColor -->
  <testcase name="tcColor" time="0.000" classname="com.hasbrop2m.security.Colorway">
    <skipped/>
  </testcase> <!-- tcColor -->
  <testcase name="tcColor" time="0.000" classname="com.hasbrop2m.security.Colorway">
    <skipped/>
  </testcase> <!-- tcColor -->
  <testcase name="tcColor" time="0.000" classname="com.hasbrop2m.security.Colorway">
    <skipped/>
  </testcase> <!-- tcColor -->
  <testcase name="tcColor" time="0.000" classname="com.hasbrop2m.security.Colorway">
    <skipped/>
  </testcase> <!-- tcColor -->
  <testcase name="tcColor" time="0.000" classname="com.hasbrop2m.security.Colorway">
    <skipped/>
  </testcase> <!-- tcColor -->
  <testcase name="tcColor" time="0.000" classname="com.hasbrop2m.security.Colorway">
    <skipped/>
  </testcase> <!-- tcColor -->
  <testcase name="tcColor" time="0.000" classname="com.hasbrop2m.security.Colorway">
    <skipped/>
  </testcase> <!-- tcColor -->
  <testcase name="tcColor" time="0.000" classname="com.hasbrop2m.security.Colorway">
    <skipped/>
  </testcase> <!-- tcColor -->
  <testcase name="tcColor" time="0.000" classname="com.hasbrop2m.security.Colorway">
    <skipped/>
  </testcase> <!-- tcColor -->
  <testcase name="tcColor" time="0.000" classname="com.hasbrop2m.security.Colorway">
    <skipped/>
  </testcase> <!-- tcColor -->
  <testcase name="tcColor" time="0.000" classname="com.hasbrop2m.security.Colorway">
    <skipped/>
  </testcase> <!-- tcColor -->
  <testcase name="tcColor" time="0.000" classname="com.hasbrop2m.security.Colorway">
    <skipped/>
  </testcase> <!-- tcColor -->
  <testcase name="tcColor" time="0.000" classname="com.hasbrop2m.security.Colorway">
    <skipped/>
  </testcase> <!-- tcColor -->
  <testcase name="tcColor" time="0.000" classname="com.hasbrop2m.security.Colorway">
    <skipped/>
  </testcase> <!-- tcColor -->
  <testcase name="tcColor" time="0.000" classname="com.hasbrop2m.security.Colorway">
    <skipped/>
  </testcase> <!-- tcColor -->
  <testcase name="tcColor" time="0.000" classname="com.hasbrop2m.security.Colorway">
    <skipped/>
  </testcase> <!-- tcColor -->
  <testcase name="tcColor" time="0.000" classname="com.hasbrop2m.security.Colorway">
    <skipped/>
  </testcase> <!-- tcColor -->
  <testcase name="tcColor" time="0.000" classname="com.hasbrop2m.security.Colorway">
    <skipped/>
  </testcase> <!-- tcColor -->
  <testcase name="tcColor" time="0.000" classname="com.hasbrop2m.security.Colorway">
    <skipped/>
  </testcase> <!-- tcColor -->
  <testcase name="tcColor" time="0.000" classname="com.hasbrop2m.security.Colorway">
    <skipped/>
  </testcase> <!-- tcColor -->
  <testcase name="tcColor" time="0.000" classname="com.hasbrop2m.security.Colorway">
    <skipped/>
  </testcase> <!-- tcColor -->
  <testcase name="tcColor" time="0.000" classname="com.hasbrop2m.security.Colorway">
    <skipped/>
  </testcase> <!-- tcColor -->
  <testcase name="tcColor" time="0.000" classname="com.hasbrop2m.security.Colorway">
    <skipped/>
  </testcase> <!-- tcColor -->
  <testcase name="tcColor" time="0.000" classname="com.hasbrop2m.security.Colorway">
    <skipped/>
  </testcase> <!-- tcColor -->
  <testcase name="tcColor" time="0.000" classname="com.hasbrop2m.security.Colorway">
    <skipped/>
  </testcase> <!-- tcColor -->
  <testcase name="tcColor" time="0.000" classname="com.hasbrop2m.security.Colorway">
    <skipped/>
  </testcase> <!-- tcColor -->
  <testcase name="tcColor" time="0.000" classname="com.hasbrop2m.security.Colorway">
    <skipped/>
  </testcase> <!-- tcColor -->
  <testcase name="tcColor" time="0.000" classname="com.hasbrop2m.security.Colorway">
    <skipped/>
  </testcase> <!-- tcColor -->
  <testcase name="tcColor" time="0.000" classname="com.hasbrop2m.security.Colorway">
    <skipped/>
  </testcase> <!-- tcColor -->
  <testcase name="tcColor" time="0.000" classname="com.hasbrop2m.security.Colorway">
    <skipped/>
  </testcase> <!-- tcColor -->
  <testcase name="tcColor" time="0.000" classname="com.hasbrop2m.security.Colorway">
    <skipped/>
  </testcase> <!-- tcColor -->
  <testcase name="tcColor" time="0.000" classname="com.hasbrop2m.security.Colorway">
    <skipped/>
  </testcase> <!-- tcColor -->
  <testcase name="tcColor" time="0.000" classname="com.hasbrop2m.security.Colorway">
    <skipped/>
  </testcase> <!-- tcColor -->
  <testcase name="tcColor" time="0.000" classname="com.hasbrop2m.security.Colorway">
    <skipped/>
  </testcase> <!-- tcColor -->
  <testcase name="tcColor" time="0.000" classname="com.hasbrop2m.security.Colorway">
    <skipped/>
  </testcase> <!-- tcColor -->
  <testcase name="tcColor" time="0.000" classname="com.hasbrop2m.security.Colorway">
    <skipped/>
  </testcase> <!-- tcColor -->
  <testcase name="tcColor" time="0.000" classname="com.hasbrop2m.security.Colorway">
    <skipped/>
  </testcase> <!-- tcColor -->
  <testcase name="tcColor" time="0.000" classname="com.hasbrop2m.security.Colorway">
    <skipped/>
  </testcase> <!-- tcColor -->
  <testcase name="tcColor" time="0.000" classname="com.hasbrop2m.security.Colorway">
    <skipped/>
  </testcase> <!-- tcColor -->
  <testcase name="tcColor" time="0.000" classname="com.hasbrop2m.security.Colorway">
    <skipped/>
  </testcase> <!-- tcColor -->
  <testcase name="tcColor" time="0.000" classname="com.hasbrop2m.security.Colorway">
    <skipped/>
  </testcase> <!-- tcColor -->
  <testcase name="tcColor" time="0.000" classname="com.hasbrop2m.security.Colorway">
    <skipped/>
  </testcase> <!-- tcColor -->
  <testcase name="tcColor" time="0.000" classname="com.hasbrop2m.security.Colorway">
    <skipped/>
  </testcase> <!-- tcColor -->
  <testcase name="tcColor" time="0.000" classname="com.hasbrop2m.security.Colorway">
    <skipped/>
  </testcase> <!-- tcColor -->
  <testcase name="tcColor" time="0.000" classname="com.hasbrop2m.security.Colorway">
    <skipped/>
  </testcase> <!-- tcColor -->
  <testcase name="tcColor" time="0.000" classname="com.hasbrop2m.security.Colorway">
    <skipped/>
  </testcase> <!-- tcColor -->
  <testcase name="tcColor" time="0.000" classname="com.hasbrop2m.security.Colorway">
    <skipped/>
  </testcase> <!-- tcColor -->
  <testcase name="tcColor" time="0.000" classname="com.hasbrop2m.security.Colorway">
    <skipped/>
  </testcase> <!-- tcColor -->
  <testcase name="tcColor" time="0.000" classname="com.hasbrop2m.security.Colorway">
    <skipped/>
  </testcase> <!-- tcColor -->
  <testcase name="tcColor" time="0.000" classname="com.hasbrop2m.security.Colorway">
    <skipped/>
  </testcase> <!-- tcColor -->
  <testcase name="tcColor" time="0.000" classname="com.hasbrop2m.security.Colorway">
    <skipped/>
  </testcase> <!-- tcColor -->
  <testcase name="tcColor" time="0.000" classname="com.hasbrop2m.security.Colorway">
    <skipped/>
  </testcase> <!-- tcColor -->
  <testcase name="tcColor" time="0.000" classname="com.hasbrop2m.security.Colorway">
    <skipped/>
  </testcase> <!-- tcColor -->
  <testcase name="tcColor" time="0.000" classname="com.hasbrop2m.security.Colorway">
    <skipped/>
  </testcase> <!-- tcColor -->
  <testcase name="tcColor" time="0.000" classname="com.hasbrop2m.security.Colorway">
    <skipped/>
  </testcase> <!-- tcColor -->
  <testcase name="tcColor" time="0.000" classname="com.hasbrop2m.security.Colorway">
    <skipped/>
  </testcase> <!-- tcColor -->
  <testcase name="tcColor" time="0.000" classname="com.hasbrop2m.security.Colorway">
    <skipped/>
  </testcase> <!-- tcColor -->
  <testcase name="tcColor" time="0.000" classname="com.hasbrop2m.security.Colorway">
    <skipped/>
  </testcase> <!-- tcColor -->
  <testcase name="tcColor" time="0.000" classname="com.hasbrop2m.security.Colorway">
    <skipped/>
  </testcase> <!-- tcColor -->
  <testcase name="tcColor" time="0.000" classname="com.hasbrop2m.security.Colorway">
    <skipped/>
  </testcase> <!-- tcColor -->
  <testcase name="tcColor" time="0.000" classname="com.hasbrop2m.security.Colorway">
    <skipped/>
  </testcase> <!-- tcColor -->
  <testcase name="tcColor" time="0.000" classname="com.hasbrop2m.security.Colorway">
    <skipped/>
  </testcase> <!-- tcColor -->
  <testcase name="tcColor" time="0.000" classname="com.hasbrop2m.security.Colorway">
    <skipped/>
  </testcase> <!-- tcColor -->
  <testcase name="tcColor" time="0.000" classname="com.hasbrop2m.security.Colorway">
    <skipped/>
  </testcase> <!-- tcColor -->
  <testcase name="tcColor" time="0.000" classname="com.hasbrop2m.security.Colorway">
    <skipped/>
  </testcase> <!-- tcColor -->
  <testcase name="tcColor" time="0.000" classname="com.hasbrop2m.security.Colorway">
    <skipped/>
  </testcase> <!-- tcColor -->
  <testcase name="tcColor" time="0.000" classname="com.hasbrop2m.security.Colorway">
    <skipped/>
  </testcase> <!-- tcColor -->
  <testcase name="tcColor" time="0.000" classname="com.hasbrop2m.security.Colorway">
    <skipped/>
  </testcase> <!-- tcColor -->
  <testcase name="tcColor" time="0.000" classname="com.hasbrop2m.security.Colorway">
    <skipped/>
  </testcase> <!-- tcColor -->
  <testcase name="tcColor" time="0.000" classname="com.hasbrop2m.security.Colorway">
    <skipped/>
  </testcase> <!-- tcColor -->
  <testcase name="tcColor" time="0.000" classname="com.hasbrop2m.security.Colorway">
    <skipped/>
  </testcase> <!-- tcColor -->
  <testcase name="tcColor" time="0.000" classname="com.hasbrop2m.security.Colorway">
    <skipped/>
  </testcase> <!-- tcColor -->
  <testcase name="tcColor" time="0.000" classname="com.hasbrop2m.security.Colorway">
    <skipped/>
  </testcase> <!-- tcColor -->
  <testcase name="tcColor" time="0.000" classname="com.hasbrop2m.security.Colorway">
    <skipped/>
  </testcase> <!-- tcColor -->
  <testcase name="tcColor" time="0.000" classname="com.hasbrop2m.security.Colorway">
    <skipped/>
  </testcase> <!-- tcColor -->
  <testcase name="tcColor" time="0.000" classname="com.hasbrop2m.security.Colorway">
    <skipped/>
  </testcase> <!-- tcColor -->
  <testcase name="tcColor" time="0.000" classname="com.hasbrop2m.security.Colorway">
    <skipped/>
  </testcase> <!-- tcColor -->
  <testcase name="tcColor" time="0.000" classname="com.hasbrop2m.security.Colorway">
    <skipped/>
  </testcase> <!-- tcColor -->
  <testcase name="tcColor" time="0.000" classname="com.hasbrop2m.security.Colorway">
    <skipped/>
  </testcase> <!-- tcColor -->
  <testcase name="tcColor" time="0.000" classname="com.hasbrop2m.security.Colorway">
    <skipped/>
  </testcase> <!-- tcColor -->
  <testcase name="tcColor" time="0.000" classname="com.hasbrop2m.security.Colorway">
    <skipped/>
  </testcase> <!-- tcColor -->
  <testcase name="tcColor" time="0.000" classname="com.hasbrop2m.security.Colorway">
    <skipped/>
  </testcase> <!-- tcColor -->
  <testcase name="tcColor" time="0.000" classname="com.hasbrop2m.security.Colorway">
    <skipped/>
  </testcase> <!-- tcColor -->
  <testcase name="tcColor" time="0.000" classname="com.hasbrop2m.security.Colorway">
    <skipped/>
  </testcase> <!-- tcColor -->
  <testcase name="tcColor" time="0.000" classname="com.hasbrop2m.security.Colorway">
    <skipped/>
  </testcase> <!-- tcColor -->
  <testcase name="tcColor" time="0.000" classname="com.hasbrop2m.security.Colorway">
    <skipped/>
  </testcase> <!-- tcColor -->
  <testcase name="tcColor" time="0.000" classname="com.hasbrop2m.security.Colorway">
    <skipped/>
  </testcase> <!-- tcColor -->
  <testcase name="tcColor" time="0.000" classname="com.hasbrop2m.security.Colorway">
    <skipped/>
  </testcase> <!-- tcColor -->
  <testcase name="tcColor" time="0.000" classname="com.hasbrop2m.security.Colorway">
    <skipped/>
  </testcase> <!-- tcColor -->
  <testcase name="tcColor" time="0.000" classname="com.hasbrop2m.security.Colorway">
    <skipped/>
  </testcase> <!-- tcColor -->
  <testcase name="tcColor" time="0.000" classname="com.hasbrop2m.security.Colorway">
    <skipped/>
  </testcase> <!-- tcColor -->
  <testcase name="tcColor" time="0.000" classname="com.hasbrop2m.security.Colorway">
    <skipped/>
  </testcase> <!-- tcColor -->
  <testcase name="tcColor" time="0.000" classname="com.hasbrop2m.security.Colorway">
    <skipped/>
  </testcase> <!-- tcColor -->
  <testcase name="tcColor" time="0.000" classname="com.hasbrop2m.security.Colorway">
    <skipped/>
  </testcase> <!-- tcColor -->
  <testcase name="tcColor" time="0.000" classname="com.hasbrop2m.security.Colorway">
    <skipped/>
  </testcase> <!-- tcColor -->
  <testcase name="tcColor" time="0.000" classname="com.hasbrop2m.security.Colorway">
    <skipped/>
  </testcase> <!-- tcColor -->
  <testcase name="tcColor" time="0.000" classname="com.hasbrop2m.security.Colorway">
    <skipped/>
  </testcase> <!-- tcColor -->
  <testcase name="tcColor" time="0.000" classname="com.hasbrop2m.security.Colorway">
    <skipped/>
  </testcase> <!-- tcColor -->
  <testcase name="tcColor" time="0.000" classname="com.hasbrop2m.security.Colorway">
    <skipped/>
  </testcase> <!-- tcColor -->
  <testcase name="tcColor" time="0.000" classname="com.hasbrop2m.security.Colorway">
    <skipped/>
  </testcase> <!-- tcColor -->
  <testcase name="tcColor" time="0.000" classname="com.hasbrop2m.security.Colorway">
    <skipped/>
  </testcase> <!-- tcColor -->
  <testcase name="tcColor" time="0.000" classname="com.hasbrop2m.security.Colorway">
    <skipped/>
  </testcase> <!-- tcColor -->
  <testcase name="tcColor" time="0.000" classname="com.hasbrop2m.security.Colorway">
    <skipped/>
  </testcase> <!-- tcColor -->
  <testcase name="tcColor" time="0.000" classname="com.hasbrop2m.security.Colorway">
    <skipped/>
  </testcase> <!-- tcColor -->
  <testcase name="tcColor" time="0.000" classname="com.hasbrop2m.security.Colorway">
    <skipped/>
  </testcase> <!-- tcColor -->
  <testcase name="tcColor" time="0.000" classname="com.hasbrop2m.security.Colorway">
    <skipped/>
  </testcase> <!-- tcColor -->
  <testcase name="tcColor" time="0.000" classname="com.hasbrop2m.security.Colorway">
    <skipped/>
  </testcase> <!-- tcColor -->
  <testcase name="tcColor" time="0.000" classname="com.hasbrop2m.security.Colorway">
    <skipped/>
  </testcase> <!-- tcColor -->
  <testcase name="tcColor" time="0.000" classname="com.hasbrop2m.security.Colorway">
    <skipped/>
  </testcase> <!-- tcColor -->
  <testcase name="tcColor" time="0.000" classname="com.hasbrop2m.security.Colorway">
    <skipped/>
  </testcase> <!-- tcColor -->
  <testcase name="tcColor" time="0.000" classname="com.hasbrop2m.security.Colorway">
    <skipped/>
  </testcase> <!-- tcColor -->
  <testcase name="tcColor" time="0.000" classname="com.hasbrop2m.security.Colorway">
    <skipped/>
  </testcase> <!-- tcColor -->
  <testcase name="tcColor" time="0.000" classname="com.hasbrop2m.security.Colorway">
    <skipped/>
  </testcase> <!-- tcColor -->
  <testcase name="tcColor" time="0.000" classname="com.hasbrop2m.security.Colorway">
    <skipped/>
  </testcase> <!-- tcColor -->
  <testcase name="tcColor" time="0.000" classname="com.hasbrop2m.security.Colorway">
    <skipped/>
  </testcase> <!-- tcColor -->
  <testcase name="tcColor" time="0.000" classname="com.hasbrop2m.security.Colorway">
    <skipped/>
  </testcase> <!-- tcColor -->
  <testcase name="tcColor" time="0.000" classname="com.hasbrop2m.security.Colorway">
    <skipped/>
  </testcase> <!-- tcColor -->
  <testcase name="tcColor" time="0.000" classname="com.hasbrop2m.security.Colorway">
    <skipped/>
  </testcase> <!-- tcColor -->
  <testcase name="tcColor" time="0.000" classname="com.hasbrop2m.security.Colorway">
    <skipped/>
  </testcase> <!-- tcColor -->
  <testcase name="tcColor" time="0.000" classname="com.hasbrop2m.security.Colorway">
    <skipped/>
  </testcase> <!-- tcColor -->
  <testcase name="tcColor" time="0.000" classname="com.hasbrop2m.security.Colorway">
    <skipped/>
  </testcase> <!-- tcColor -->
  <testcase name="tcColor" time="0.000" classname="com.hasbrop2m.security.Colorway">
    <skipped/>
  </testcase> <!-- tcColor -->
  <testcase name="tcColor" time="0.000" classname="com.hasbrop2m.security.Colorway">
    <skipped/>
  </testcase> <!-- tcColor -->
  <testcase name="tcColor" time="0.000" classname="com.hasbrop2m.security.Colorway">
    <skipped/>
  </testcase> <!-- tcColor -->
  <testcase name="tcColor" time="0.000" classname="com.hasbrop2m.security.Colorway">
    <skipped/>
  </testcase> <!-- tcColor -->
  <testcase name="tcColor" time="0.000" classname="com.hasbrop2m.security.Colorway">
    <skipped/>
  </testcase> <!-- tcColor -->
  <testcase name="tcColor" time="0.000" classname="com.hasbrop2m.security.Colorway">
    <skipped/>
  </testcase> <!-- tcColor -->
  <testcase name="tcColor" time="0.000" classname="com.hasbrop2m.security.Colorway">
    <skipped/>
  </testcase> <!-- tcColor -->
  <testcase name="tcColor" time="0.000" classname="com.hasbrop2m.security.Colorway">
    <skipped/>
  </testcase> <!-- tcColor -->
  <testcase name="tcColor" time="0.000" classname="com.hasbrop2m.security.Colorway">
    <skipped/>
  </testcase> <!-- tcColor -->
  <testcase name="tcColor" time="0.000" classname="com.hasbrop2m.security.Colorway">
    <skipped/>
  </testcase> <!-- tcColor -->
  <testcase name="tcColor" time="0.000" classname="com.hasbrop2m.security.Colorway">
    <skipped/>
  </testcase> <!-- tcColor -->
  <testcase name="tcColor" time="0.000" classname="com.hasbrop2m.security.Colorway">
    <skipped/>
  </testcase> <!-- tcColor -->
  <testcase name="tcColor" time="0.000" classname="com.hasbrop2m.security.Colorway">
    <skipped/>
  </testcase> <!-- tcColor -->
  <testcase name="tcColor" time="0.000" classname="com.hasbrop2m.security.Colorway">
    <skipped/>
  </testcase> <!-- tcColor -->
  <testcase name="tcColor" time="0.000" classname="com.hasbrop2m.security.Colorway">
    <skipped/>
  </testcase> <!-- tcColor -->
  <testcase name="tcColor" time="0.000" classname="com.hasbrop2m.security.Colorway">
    <skipped/>
  </testcase> <!-- tcColor -->
  <testcase name="tcColor" time="0.000" classname="com.hasbrop2m.security.Colorway">
    <skipped/>
  </testcase> <!-- tcColor -->
  <testcase name="tcColor" time="0.000" classname="com.hasbrop2m.security.Colorway">
    <skipped/>
  </testcase> <!-- tcColor -->
  <testcase name="tcColor" time="0.000" classname="com.hasbrop2m.security.Colorway">
    <skipped/>
  </testcase> <!-- tcColor -->
  <testcase name="tcColor" time="0.000" classname="com.hasbrop2m.security.Colorway">
    <skipped/>
  </testcase> <!-- tcColor -->
  <testcase name="tcColor" time="0.000" classname="com.hasbrop2m.security.Colorway">
    <skipped/>
  </testcase> <!-- tcColor -->
  <testcase name="tcColor" time="0.000" classname="com.hasbrop2m.security.Colorway">
    <skipped/>
  </testcase> <!-- tcColor -->
  <testcase name="tcColor" time="0.000" classname="com.hasbrop2m.security.Colorway">
    <skipped/>
  </testcase> <!-- tcColor -->
  <testcase name="tcColor" time="0.000" classname="com.hasbrop2m.security.Colorway">
    <skipped/>
  </testcase> <!-- tcColor -->
  <testcase name="tcColor" time="0.000" classname="com.hasbrop2m.security.Colorway">
    <skipped/>
  </testcase> <!-- tcColor -->
  <testcase name="tcColor" time="0.000" classname="com.hasbrop2m.security.Colorway">
    <skipped/>
  </testcase> <!-- tcColor -->
  <testcase name="tcColor" time="0.000" classname="com.hasbrop2m.security.Colorway">
    <skipped/>
  </testcase> <!-- tcColor -->
  <testcase name="tcColor" time="0.000" classname="com.hasbrop2m.security.Colorway">
    <skipped/>
  </testcase> <!-- tcColor -->
  <testcase name="tcColor" time="0.000" classname="com.hasbrop2m.security.Colorway">
    <skipped/>
  </testcase> <!-- tcColor -->
  <testcase name="tcColor" time="0.000" classname="com.hasbrop2m.security.Colorway">
    <skipped/>
  </testcase> <!-- tcColor -->
  <testcase name="tcColor" time="0.000" classname="com.hasbrop2m.security.Colorway">
    <skipped/>
  </testcase> <!-- tcColor -->
  <testcase name="tcColor" time="0.000" classname="com.hasbrop2m.security.Colorway">
    <skipped/>
  </testcase> <!-- tcColor -->
  <testcase name="tcColor" time="0.000" classname="com.hasbrop2m.security.Colorway">
    <skipped/>
  </testcase> <!-- tcColor -->
  <testcase name="tcColor" time="0.000" classname="com.hasbrop2m.security.Colorway">
    <skipped/>
  </testcase> <!-- tcColor -->
  <testcase name="tcColor" time="0.000" classname="com.hasbrop2m.security.Colorway">
    <skipped/>
  </testcase> <!-- tcColor -->
  <testcase name="tcColor" time="0.000" classname="com.hasbrop2m.security.Colorway">
    <skipped/>
  </testcase> <!-- tcColor -->
  <testcase name="tcColor" time="0.000" classname="com.hasbrop2m.security.Colorway">
    <skipped/>
  </testcase> <!-- tcColor -->
  <testcase name="tcColor" time="0.000" classname="com.hasbrop2m.security.Colorway">
    <skipped/>
  </testcase> <!-- tcColor -->
  <testcase name="tcColor" time="0.000" classname="com.hasbrop2m.security.Colorway">
    <skipped/>
  </testcase> <!-- tcColor -->
  <testcase name="tcColor" time="0.000" classname="com.hasbrop2m.security.Colorway">
    <skipped/>
  </testcase> <!-- tcColor -->
  <testcase name="tcColor" time="0.000" classname="com.hasbrop2m.security.Colorway">
    <skipped/>
  </testcase> <!-- tcColor -->
  <testcase name="tcColor" time="0.000" classname="com.hasbrop2m.security.Colorway">
    <skipped/>
  </testcase> <!-- tcColor -->
  <testcase name="tcColor" time="0.000" classname="com.hasbrop2m.security.Colorway">
    <skipped/>
  </testcase> <!-- tcColor -->
  <testcase name="tcColor" time="0.000" classname="com.hasbrop2m.security.Colorway">
    <skipped/>
  </testcase> <!-- tcColor -->
  <testcase name="tcColor" time="0.000" classname="com.hasbrop2m.security.Colorway">
    <skipped/>
  </testcase> <!-- tcColor -->
  <testcase name="tcColor" time="0.000" classname="com.hasbrop2m.security.Colorway">
    <skipped/>
  </testcase> <!-- tcColor -->
  <testcase name="tcColor" time="0.000" classname="com.hasbrop2m.security.Colorway">
    <skipped/>
  </testcase> <!-- tcColor -->
  <testcase name="tcColor" time="0.000" classname="com.hasbrop2m.security.Colorway">
    <skipped/>
  </testcase> <!-- tcColor -->
  <testcase name="tcColor" time="0.000" classname="com.hasbrop2m.security.Colorway">
    <skipped/>
  </testcase> <!-- tcColor -->
  <testcase name="tcColor" time="0.000" classname="com.hasbrop2m.security.Colorway">
    <skipped/>
  </testcase> <!-- tcColor -->
  <testcase name="tcColor" time="0.000" classname="com.hasbrop2m.security.Colorway">
    <skipped/>
  </testcase> <!-- tcColor -->
  <testcase name="tcColor" time="0.000" classname="com.hasbrop2m.security.Colorway">
    <skipped/>
  </testcase> <!-- tcColor -->
  <testcase name="tcColor" time="0.000" classname="com.hasbrop2m.security.Colorway">
    <skipped/>
  </testcase> <!-- tcColor -->
  <testcase name="tcColor" time="0.000" classname="com.hasbrop2m.security.Colorway">
    <skipped/>
  </testcase> <!-- tcColor -->
  <testcase name="tcColor" time="0.000" classname="com.hasbrop2m.security.Colorway">
    <skipped/>
  </testcase> <!-- tcColor -->
  <testcase name="tcColor" time="0.000" classname="com.hasbrop2m.security.Colorway">
    <skipped/>
  </testcase> <!-- tcColor -->
  <testcase name="tcColor" time="0.000" classname="com.hasbrop2m.security.Colorway">
    <skipped/>
  </testcase> <!-- tcColor -->
  <testcase name="tcColor" time="0.000" classname="com.hasbrop2m.security.Colorway">
    <skipped/>
  </testcase> <!-- tcColor -->
  <testcase name="tcColor" time="0.000" classname="com.hasbrop2m.security.Colorway">
    <skipped/>
  </testcase> <!-- tcColor -->
  <testcase name="tcColor" time="0.000" classname="com.hasbrop2m.security.Colorway">
    <skipped/>
  </testcase> <!-- tcColor -->
  <testcase name="tcColor" time="0.000" classname="com.hasbrop2m.security.Colorway">
    <skipped/>
  </testcase> <!-- tcColor -->
  <testcase name="tcColor" time="0.000" classname="com.hasbrop2m.security.Colorway">
    <skipped/>
  </testcase> <!-- tcColor -->
  <testcase name="tcColor" time="0.000" classname="com.hasbrop2m.security.Colorway">
    <skipped/>
  </testcase> <!-- tcColor -->
  <testcase name="tcColor" time="0.000" classname="com.hasbrop2m.security.Colorway">
    <skipped/>
  </testcase> <!-- tcColor -->
  <testcase name="tcColor" time="0.000" classname="com.hasbrop2m.security.Colorway">
    <skipped/>
  </testcase> <!-- tcColor -->
  <testcase name="tcColor" time="0.000" classname="com.hasbrop2m.security.Colorway">
    <skipped/>
  </testcase> <!-- tcColor -->
  <testcase name="tcColor" time="0.000" classname="com.hasbrop2m.security.Colorway">
    <skipped/>
  </testcase> <!-- tcColor -->
  <testcase name="tcColor" time="0.000" classname="com.hasbrop2m.security.Colorway">
    <skipped/>
  </testcase> <!-- tcColor -->
  <testcase name="tcColor" time="0.000" classname="com.hasbrop2m.security.Colorway">
    <skipped/>
  </testcase> <!-- tcColor -->
  <testcase name="tcColor" time="0.000" classname="com.hasbrop2m.security.Colorway">
    <skipped/>
  </testcase> <!-- tcColor -->
  <testcase name="tcColor" time="0.000" classname="com.hasbrop2m.security.Colorway">
    <skipped/>
  </testcase> <!-- tcColor -->
  <testcase name="tcColor" time="0.000" classname="com.hasbrop2m.security.Colorway">
    <skipped/>
  </testcase> <!-- tcColor -->
  <testcase name="tcColor" time="0.000" classname="com.hasbrop2m.security.Colorway">
    <skipped/>
  </testcase> <!-- tcColor -->
  <testcase name="tcColor" time="0.000" classname="com.hasbrop2m.security.Colorway">
    <skipped/>
  </testcase> <!-- tcColor -->
  <testcase name="tcColor" time="0.000" classname="com.hasbrop2m.security.Colorway">
    <skipped/>
  </testcase> <!-- tcColor -->
  <testcase name="tcColor" time="0.000" classname="com.hasbrop2m.security.Colorway">
    <skipped/>
  </testcase> <!-- tcColor -->
  <testcase name="tcColor" time="0.000" classname="com.hasbrop2m.security.Colorway">
    <skipped/>
  </testcase> <!-- tcColor -->
  <testcase name="tcColor" time="0.000" classname="com.hasbrop2m.security.Colorway">
    <skipped/>
  </testcase> <!-- tcColor -->
  <testcase name="tcColor" time="0.000" classname="com.hasbrop2m.security.Colorway">
    <skipped/>
  </testcase> <!-- tcColor -->
  <testcase name="tcColor" time="0.000" classname="com.hasbrop2m.security.Colorway">
    <skipped/>
  </testcase> <!-- tcColor -->
  <testcase name="tcColor" time="0.000" classname="com.hasbrop2m.security.Colorway">
    <skipped/>
  </testcase> <!-- tcColor -->
  <testcase name="tcColor" time="0.000" classname="com.hasbrop2m.security.Colorway">
    <skipped/>
  </testcase> <!-- tcColor -->
  <testcase name="tcColor" time="0.000" classname="com.hasbrop2m.security.Colorway">
    <skipped/>
  </testcase> <!-- tcColor -->
  <testcase name="tcColor" time="0.000" classname="com.hasbrop2m.security.Colorway">
    <skipped/>
  </testcase> <!-- tcColor -->
  <testcase name="tcColor" time="0.000" classname="com.hasbrop2m.security.Colorway">
    <skipped/>
  </testcase> <!-- tcColor -->
  <testcase name="tcColor" time="0.000" classname="com.hasbrop2m.security.Colorway">
    <skipped/>
  </testcase> <!-- tcColor -->
  <testcase name="tcColor" time="0.000" classname="com.hasbrop2m.security.Colorway">
    <skipped/>
  </testcase> <!-- tcColor -->
  <testcase name="tcColor" time="0.000" classname="com.hasbrop2m.security.Colorway">
    <skipped/>
  </testcase> <!-- tcColor -->
  <testcase name="tcColor" time="0.000" classname="com.hasbrop2m.security.Colorway">
    <skipped/>
  </testcase> <!-- tcColor -->
  <testcase name="tcColor" time="0.000" classname="com.hasbrop2m.security.Colorway">
    <skipped/>
  </testcase> <!-- tcColor -->
  <testcase name="tcColor" time="0.000" classname="com.hasbrop2m.security.Colorway">
    <skipped/>
  </testcase> <!-- tcColor -->
  <testcase name="tcColor" time="0.000" classname="com.hasbrop2m.security.Colorway">
    <skipped/>
  </testcase> <!-- tcColor -->
  <testcase name="tcColor" time="0.000" classname="com.hasbrop2m.security.Colorway">
    <skipped/>
  </testcase> <!-- tcColor -->
  <testcase name="tcColor" time="0.000" classname="com.hasbrop2m.security.Colorway">
    <skipped/>
  </testcase> <!-- tcColor -->
  <testcase name="tcColor" time="0.000" classname="com.hasbrop2m.security.Colorway">
    <skipped/>
  </testcase> <!-- tcColor -->
  <testcase name="tcColor" time="0.000" classname="com.hasbrop2m.security.Colorway">
    <skipped/>
  </testcase> <!-- tcColor -->
  <testcase name="tcColor" time="0.000" classname="com.hasbrop2m.security.Colorway">
    <skipped/>
  </testcase> <!-- tcColor -->
  <testcase name="tcColor" time="0.000" classname="com.hasbrop2m.security.Colorway">
    <skipped/>
  </testcase> <!-- tcColor -->
  <testcase name="tcColor" time="0.000" classname="com.hasbrop2m.security.Colorway">
    <skipped/>
  </testcase> <!-- tcColor -->
  <testcase name="tcColor" time="0.000" classname="com.hasbrop2m.security.Colorway">
    <skipped/>
  </testcase> <!-- tcColor -->
  <testcase name="tcColor" time="0.000" classname="com.hasbrop2m.security.Colorway">
    <skipped/>
  </testcase> <!-- tcColor -->
  <testcase name="tcColor" time="0.000" classname="com.hasbrop2m.security.Colorway">
    <skipped/>
  </testcase> <!-- tcColor -->
  <testcase name="tcColor" time="0.000" classname="com.hasbrop2m.security.Colorway">
    <skipped/>
  </testcase> <!-- tcColor -->
  <testcase name="tcColor" time="0.000" classname="com.hasbrop2m.security.Colorway">
    <skipped/>
  </testcase> <!-- tcColor -->
  <testcase name="tcColor" time="0.000" classname="com.hasbrop2m.security.Colorway">
    <skipped/>
  </testcase> <!-- tcColor -->
  <testcase name="tcColor" time="0.000" classname="com.hasbrop2m.security.Colorway">
    <skipped/>
  </testcase> <!-- tcColor -->
  <testcase name="tcColor" time="0.000" classname="com.hasbrop2m.security.Colorway">
    <skipped/>
  </testcase> <!-- tcColor -->
  <testcase name="tcColor" time="0.000" classname="com.hasbrop2m.security.Colorway">
    <skipped/>
  </testcase> <!-- tcColor -->
  <testcase name="tcColor" time="0.000" classname="com.hasbrop2m.security.Colorway">
    <skipped/>
  </testcase> <!-- tcColor -->
  <testcase name="tcColor" time="0.000" classname="com.hasbrop2m.security.Colorway">
    <skipped/>
  </testcase> <!-- tcColor -->
  <testcase name="tcColor" time="0.000" classname="com.hasbrop2m.security.Colorway">
    <skipped/>
  </testcase> <!-- tcColor -->
  <testcase name="tcColor" time="0.000" classname="com.hasbrop2m.security.Colorway">
    <skipped/>
  </testcase> <!-- tcColor -->
  <testcase name="tcColor" time="0.000" classname="com.hasbrop2m.security.Colorway">
    <skipped/>
  </testcase> <!-- tcColor -->
  <testcase name="tcColor" time="0.000" classname="com.hasbrop2m.security.Colorway">
    <skipped/>
  </testcase> <!-- tcColor -->
  <testcase name="tcColor" time="0.000" classname="com.hasbrop2m.security.Colorway">
    <skipped/>
  </testcase> <!-- tcColor -->
  <testcase name="tcColor" time="0.000" classname="com.hasbrop2m.security.Colorway">
    <skipped/>
  </testcase> <!-- tcColor -->
  <testcase name="tcColor" time="0.000" classname="com.hasbrop2m.security.Colorway">
    <skipped/>
  </testcase> <!-- tcColor -->
  <testcase name="tcColor" time="0.000" classname="com.hasbrop2m.security.Colorway">
    <skipped/>
  </testcase> <!-- tcColor -->
  <testcase name="tcColor" time="0.000" classname="com.hasbrop2m.security.Colorway">
    <skipped/>
  </testcase> <!-- tcColor -->
  <testcase name="tcColor" time="0.000" classname="com.hasbrop2m.security.Colorway">
    <skipped/>
  </testcase> <!-- tcColor -->
  <testcase name="tcColor" time="0.000" classname="com.hasbrop2m.security.Colorway">
    <skipped/>
  </testcase> <!-- tcColor -->
  <testcase name="tcColor" time="0.000" classname="com.hasbrop2m.security.Colorway">
    <skipped/>
  </testcase> <!-- tcColor -->
  <testcase name="tcColor" time="0.000" classname="com.hasbrop2m.security.Colorway">
    <skipped/>
  </testcase> <!-- tcColor -->
  <testcase name="tcColor" time="0.000" classname="com.hasbrop2m.security.Colorway">
    <skipped/>
  </testcase> <!-- tcColor -->
  <testcase name="tcColor" time="0.000" classname="com.hasbrop2m.security.Colorway">
    <skipped/>
  </testcase> <!-- tcColor -->
  <testcase name="tcColor" time="0.000" classname="com.hasbrop2m.security.Colorway">
    <skipped/>
  </testcase> <!-- tcColor -->
  <testcase name="tcColor" time="0.000" classname="com.hasbrop2m.security.Colorway">
    <skipped/>
  </testcase> <!-- tcColor -->
  <testcase name="tcColor" time="0.000" classname="com.hasbrop2m.security.Colorway">
    <skipped/>
  </testcase> <!-- tcColor -->
  <testcase name="tcColor" time="0.000" classname="com.hasbrop2m.security.Colorway">
    <skipped/>
  </testcase> <!-- tcColor -->
  <testcase name="tcColor" time="0.000" classname="com.hasbrop2m.security.Colorway">
    <skipped/>
  </testcase> <!-- tcColor -->
  <testcase name="tcColor" time="0.000" classname="com.hasbrop2m.security.Colorway">
    <skipped/>
  </testcase> <!-- tcColor -->
  <testcase name="tcColor" time="0.000" classname="com.hasbrop2m.security.Colorway">
    <skipped/>
  </testcase> <!-- tcColor -->
  <testcase name="tcColor" time="0.000" classname="com.hasbrop2m.security.Colorway">
    <skipped/>
  </testcase> <!-- tcColor -->
  <testcase name="tcColor" time="0.000" classname="com.hasbrop2m.security.Colorway">
    <skipped/>
  </testcase> <!-- tcColor -->
  <testcase name="tcColor" time="0.000" classname="com.hasbrop2m.security.Colorway">
    <skipped/>
  </testcase> <!-- tcColor -->
  <testcase name="tcColor" time="0.000" classname="com.hasbrop2m.security.Colorway">
    <skipped/>
  </testcase> <!-- tcColor -->
  <testcase name="tcColor" time="0.000" classname="com.hasbrop2m.security.Colorway">
    <skipped/>
  </testcase> <!-- tcColor -->
  <testcase name="tcColor" time="0.000" classname="com.hasbrop2m.security.Colorway">
    <skipped/>
  </testcase> <!-- tcColor -->
  <testcase name="tcColor" time="0.000" classname="com.hasbrop2m.security.Colorway">
    <skipped/>
  </testcase> <!-- tcColor -->
  <testcase name="tcColor" time="0.000" classname="com.hasbrop2m.security.Colorway">
    <skipped/>
  </testcase> <!-- tcColor -->
  <testcase name="tcColor" time="0.000" classname="com.hasbrop2m.security.Colorway">
    <skipped/>
  </testcase> <!-- tcColor -->
  <testcase name="tcColor" time="0.000" classname="com.hasbrop2m.security.Colorway">
    <skipped/>
  </testcase> <!-- tcColor -->
  <testcase name="tcColor" time="0.000" classname="com.hasbrop2m.security.Colorway">
    <skipped/>
  </testcase> <!-- tcColor -->
  <testcase name="tcColor" time="0.000" classname="com.hasbrop2m.security.Colorway">
    <skipped/>
  </testcase> <!-- tcColor -->
  <testcase name="tcColor" time="0.000" classname="com.hasbrop2m.security.Colorway">
    <skipped/>
  </testcase> <!-- tcColor -->
  <testcase name="tcColor" time="0.000" classname="com.hasbrop2m.security.Colorway">
    <skipped/>
  </testcase> <!-- tcColor -->
  <testcase name="tcColor" time="0.000" classname="com.hasbrop2m.security.Colorway">
    <skipped/>
  </testcase> <!-- tcColor -->
  <testcase name="tcColor" time="0.000" classname="com.hasbrop2m.security.Colorway">
    <skipped/>
  </testcase> <!-- tcColor -->
  <testcase name="tcColor" time="0.000" classname="com.hasbrop2m.security.Colorway">
    <skipped/>
  </testcase> <!-- tcColor -->
  <testcase name="tcColor" time="0.000" classname="com.hasbrop2m.security.Colorway">
    <skipped/>
  </testcase> <!-- tcColor -->
  <testcase name="tcColor" time="0.000" classname="com.hasbrop2m.security.Colorway">
    <skipped/>
  </testcase> <!-- tcColor -->
  <testcase name="tcColor" time="0.000" classname="com.hasbrop2m.security.Colorway">
    <skipped/>
  </testcase> <!-- tcColor -->
  <testcase name="tcColor" time="0.000" classname="com.hasbrop2m.security.Colorway">
    <skipped/>
  </testcase> <!-- tcColor -->
  <testcase name="tcColor" time="0.000" classname="com.hasbrop2m.security.Colorway">
    <skipped/>
  </testcase> <!-- tcColor -->
  <testcase name="tcColor" time="0.000" classname="com.hasbrop2m.security.Colorway">
    <skipped/>
  </testcase> <!-- tcColor -->
  <testcase name="tcColor" time="0.000" classname="com.hasbrop2m.security.Colorway">
    <skipped/>
  </testcase> <!-- tcColor -->
  <testcase name="tcColor" time="0.000" classname="com.hasbrop2m.security.Colorway">
    <skipped/>
  </testcase> <!-- tcColor -->
  <testcase name="tcColor" time="0.000" classname="com.hasbrop2m.security.Colorway">
    <skipped/>
  </testcase> <!-- tcColor -->
</testsuite> <!-- com.hasbrop2m.security.Colorway -->
