<?xml version="1.0" encoding="UTF-8"?>
<!-- Generated by org.testng.reporters.JUnitReportReporter -->
<testsuite skipped="347" hostname="BDC6-LX-723061Y" name="com.hasbrop2m.security.SourcingConfig" tests="347" failures="0" timestamp="10 Sep 2018 06:51:58 GMT" time="0.003" errors="0">
  <testcase name="tcSourcingConfig" time="0.000" classname="com.hasbrop2m.security.SourcingConfig">
    <skipped/>
  </testcase> <!-- tcSourcingConfig -->
  <testcase name="tcSourcingConfig" time="0.000" classname="com.hasbrop2m.security.SourcingConfig">
    <skipped/>
  </testcase> <!-- tcSourcingConfig -->
  <testcase name="tcSourcingConfig" time="0.000" classname="com.hasbrop2m.security.SourcingConfig">
    <skipped/>
  </testcase> <!-- tcSourcingConfig -->
  <testcase name="tcSourcingConfig" time="0.000" classname="com.hasbrop2m.security.SourcingConfig">
    <skipped/>
  </testcase> <!-- tcSourcingConfig -->
  <testcase name="tcSourcingConfig" time="0.000" classname="com.hasbrop2m.security.SourcingConfig">
    <skipped/>
  </testcase> <!-- tcSourcingConfig -->
  <testcase name="tcSourcingConfig" time="0.000" classname="com.hasbrop2m.security.SourcingConfig">
    <skipped/>
  </testcase> <!-- tcSourcingConfig -->
  <testcase name="tcSourcingConfig" time="0.000" classname="com.hasbrop2m.security.SourcingConfig">
    <skipped/>
  </testcase> <!-- tcSourcingConfig -->
  <testcase name="tcSourcingConfig" time="0.000" classname="com.hasbrop2m.security.SourcingConfig">
    <skipped/>
  </testcase> <!-- tcSourcingConfig -->
  <testcase name="tcSourcingConfig" time="0.000" classname="com.hasbrop2m.security.SourcingConfig">
    <skipped/>
  </testcase> <!-- tcSourcingConfig -->
  <testcase name="tcSourcingConfig" time="0.000" classname="com.hasbrop2m.security.SourcingConfig">
    <skipped/>
  </testcase> <!-- tcSourcingConfig -->
  <testcase name="tcSourcingConfig" time="0.000" classname="com.hasbrop2m.security.SourcingConfig">
    <skipped/>
  </testcase> <!-- tcSourcingConfig -->
  <testcase name="tcSourcingConfig" time="0.000" classname="com.hasbrop2m.security.SourcingConfig">
    <skipped/>
  </testcase> <!-- tcSourcingConfig -->
  <testcase name="tcSourcingConfig" time="0.000" classname="com.hasbrop2m.security.SourcingConfig">
    <skipped/>
  </testcase> <!-- tcSourcingConfig -->
  <testcase name="tcSourcingConfig" time="0.000" classname="com.hasbrop2m.security.SourcingConfig">
    <skipped/>
  </testcase> <!-- tcSourcingConfig -->
  <testcase name="tcSourcingConfig" time="0.000" classname="com.hasbrop2m.security.SourcingConfig">
    <skipped/>
  </testcase> <!-- tcSourcingConfig -->
  <testcase name="tcSourcingConfig" time="0.000" classname="com.hasbrop2m.security.SourcingConfig">
    <skipped/>
  </testcase> <!-- tcSourcingConfig -->
  <testcase name="tcSourcingConfig" time="0.000" classname="com.hasbrop2m.security.SourcingConfig">
    <skipped/>
  </testcase> <!-- tcSourcingConfig -->
  <testcase name="tcSourcingConfig" time="0.000" classname="com.hasbrop2m.security.SourcingConfig">
    <skipped/>
  </testcase> <!-- tcSourcingConfig -->
  <testcase name="tcSourcingConfig" time="0.000" classname="com.hasbrop2m.security.SourcingConfig">
    <skipped/>
  </testcase> <!-- tcSourcingConfig -->
  <testcase name="tcSourcingConfig" time="0.000" classname="com.hasbrop2m.security.SourcingConfig">
    <skipped/>
  </testcase> <!-- tcSourcingConfig -->
  <testcase name="tcSourcingConfig" time="0.000" classname="com.hasbrop2m.security.SourcingConfig">
    <skipped/>
  </testcase> <!-- tcSourcingConfig -->
  <testcase name="tcSourcingConfig" time="0.000" classname="com.hasbrop2m.security.SourcingConfig">
    <skipped/>
  </testcase> <!-- tcSourcingConfig -->
  <testcase name="tcSourcingConfig" time="0.000" classname="com.hasbrop2m.security.SourcingConfig">
    <skipped/>
  </testcase> <!-- tcSourcingConfig -->
  <testcase name="tcSourcingConfig" time="0.000" classname="com.hasbrop2m.security.SourcingConfig">
    <skipped/>
  </testcase> <!-- tcSourcingConfig -->
  <testcase name="tcSourcingConfig" time="0.000" classname="com.hasbrop2m.security.SourcingConfig">
    <skipped/>
  </testcase> <!-- tcSourcingConfig -->
  <testcase name="tcSourcingConfig" time="0.000" classname="com.hasbrop2m.security.SourcingConfig">
    <skipped/>
  </testcase> <!-- tcSourcingConfig -->
  <testcase name="tcSourcingConfig" time="0.000" classname="com.hasbrop2m.security.SourcingConfig">
    <skipped/>
  </testcase> <!-- tcSourcingConfig -->
  <testcase name="tcSourcingConfig" time="0.000" classname="com.hasbrop2m.security.SourcingConfig">
    <skipped/>
  </testcase> <!-- tcSourcingConfig -->
  <testcase name="tcSourcingConfig" time="0.000" classname="com.hasbrop2m.security.SourcingConfig">
    <skipped/>
  </testcase> <!-- tcSourcingConfig -->
  <testcase name="tcSourcingConfig" time="0.000" classname="com.hasbrop2m.security.SourcingConfig">
    <skipped/>
  </testcase> <!-- tcSourcingConfig -->
  <testcase name="tcSourcingConfig" time="0.000" classname="com.hasbrop2m.security.SourcingConfig">
    <skipped/>
  </testcase> <!-- tcSourcingConfig -->
  <testcase name="tcSourcingConfig" time="0.000" classname="com.hasbrop2m.security.SourcingConfig">
    <skipped/>
  </testcase> <!-- tcSourcingConfig -->
  <testcase name="tcSourcingConfig" time="0.000" classname="com.hasbrop2m.security.SourcingConfig">
    <skipped/>
  </testcase> <!-- tcSourcingConfig -->
  <testcase name="tcSourcingConfig" time="0.000" classname="com.hasbrop2m.security.SourcingConfig">
    <skipped/>
  </testcase> <!-- tcSourcingConfig -->
  <testcase name="tcSourcingConfig" time="0.000" classname="com.hasbrop2m.security.SourcingConfig">
    <skipped/>
  </testcase> <!-- tcSourcingConfig -->
  <testcase name="tcSourcingConfig" time="0.000" classname="com.hasbrop2m.security.SourcingConfig">
    <skipped/>
  </testcase> <!-- tcSourcingConfig -->
  <testcase name="tcSourcingConfig" time="0.000" classname="com.hasbrop2m.security.SourcingConfig">
    <skipped/>
  </testcase> <!-- tcSourcingConfig -->
  <testcase name="tcSourcingConfig" time="0.000" classname="com.hasbrop2m.security.SourcingConfig">
    <skipped/>
  </testcase> <!-- tcSourcingConfig -->
  <testcase name="tcSourcingConfig" time="0.000" classname="com.hasbrop2m.security.SourcingConfig">
    <skipped/>
  </testcase> <!-- tcSourcingConfig -->
  <testcase name="tcSourcingConfig" time="0.000" classname="com.hasbrop2m.security.SourcingConfig">
    <skipped/>
  </testcase> <!-- tcSourcingConfig -->
  <testcase name="tcSourcingConfig" time="0.000" classname="com.hasbrop2m.security.SourcingConfig">
    <skipped/>
  </testcase> <!-- tcSourcingConfig -->
  <testcase name="tcSourcingConfig" time="0.000" classname="com.hasbrop2m.security.SourcingConfig">
    <skipped/>
  </testcase> <!-- tcSourcingConfig -->
  <testcase name="tcSourcingConfig" time="0.000" classname="com.hasbrop2m.security.SourcingConfig">
    <skipped/>
  </testcase> <!-- tcSourcingConfig -->
  <testcase name="tcSourcingConfig" time="0.000" classname="com.hasbrop2m.security.SourcingConfig">
    <skipped/>
  </testcase> <!-- tcSourcingConfig -->
  <testcase name="tcSourcingConfig" time="0.000" classname="com.hasbrop2m.security.SourcingConfig">
    <skipped/>
  </testcase> <!-- tcSourcingConfig -->
  <testcase name="tcSourcingConfig" time="0.000" classname="com.hasbrop2m.security.SourcingConfig">
    <skipped/>
  </testcase> <!-- tcSourcingConfig -->
  <testcase name="tcSourcingConfig" time="0.000" classname="com.hasbrop2m.security.SourcingConfig">
    <skipped/>
  </testcase> <!-- tcSourcingConfig -->
  <testcase name="tcSourcingConfig" time="0.000" classname="com.hasbrop2m.security.SourcingConfig">
    <skipped/>
  </testcase> <!-- tcSourcingConfig -->
  <testcase name="tcSourcingConfig" time="0.000" classname="com.hasbrop2m.security.SourcingConfig">
    <skipped/>
  </testcase> <!-- tcSourcingConfig -->
  <testcase name="tcSourcingConfig" time="0.000" classname="com.hasbrop2m.security.SourcingConfig">
    <skipped/>
  </testcase> <!-- tcSourcingConfig -->
  <testcase name="tcSourcingConfig" time="0.000" classname="com.hasbrop2m.security.SourcingConfig">
    <skipped/>
  </testcase> <!-- tcSourcingConfig -->
  <testcase name="tcSourcingConfig" time="0.000" classname="com.hasbrop2m.security.SourcingConfig">
    <skipped/>
  </testcase> <!-- tcSourcingConfig -->
  <testcase name="tcSourcingConfig" time="0.000" classname="com.hasbrop2m.security.SourcingConfig">
    <skipped/>
  </testcase> <!-- tcSourcingConfig -->
  <testcase name="tcSourcingConfig" time="0.000" classname="com.hasbrop2m.security.SourcingConfig">
    <skipped/>
  </testcase> <!-- tcSourcingConfig -->
  <testcase name="tcSourcingConfig" time="0.000" classname="com.hasbrop2m.security.SourcingConfig">
    <skipped/>
  </testcase> <!-- tcSourcingConfig -->
  <testcase name="tcSourcingConfig" time="0.000" classname="com.hasbrop2m.security.SourcingConfig">
    <skipped/>
  </testcase> <!-- tcSourcingConfig -->
  <testcase name="tcSourcingConfig" time="0.000" classname="com.hasbrop2m.security.SourcingConfig">
    <skipped/>
  </testcase> <!-- tcSourcingConfig -->
  <testcase name="tcSourcingConfig" time="0.000" classname="com.hasbrop2m.security.SourcingConfig">
    <skipped/>
  </testcase> <!-- tcSourcingConfig -->
  <testcase name="tcSourcingConfig" time="0.000" classname="com.hasbrop2m.security.SourcingConfig">
    <skipped/>
  </testcase> <!-- tcSourcingConfig -->
  <testcase name="tcSourcingConfig" time="0.000" classname="com.hasbrop2m.security.SourcingConfig">
    <skipped/>
  </testcase> <!-- tcSourcingConfig -->
  <testcase name="tcSourcingConfig" time="0.000" classname="com.hasbrop2m.security.SourcingConfig">
    <skipped/>
  </testcase> <!-- tcSourcingConfig -->
  <testcase name="tcSourcingConfig" time="0.000" classname="com.hasbrop2m.security.SourcingConfig">
    <skipped/>
  </testcase> <!-- tcSourcingConfig -->
  <testcase name="tcSourcingConfig" time="0.000" classname="com.hasbrop2m.security.SourcingConfig">
    <skipped/>
  </testcase> <!-- tcSourcingConfig -->
  <testcase name="tcSourcingConfig" time="0.000" classname="com.hasbrop2m.security.SourcingConfig">
    <skipped/>
  </testcase> <!-- tcSourcingConfig -->
  <testcase name="tcSourcingConfig" time="0.001" classname="com.hasbrop2m.security.SourcingConfig">
    <skipped/>
  </testcase> <!-- tcSourcingConfig -->
  <testcase name="tcSourcingConfig" time="0.000" classname="com.hasbrop2m.security.SourcingConfig">
    <skipped/>
  </testcase> <!-- tcSourcingConfig -->
  <testcase name="tcSourcingConfig" time="0.000" classname="com.hasbrop2m.security.SourcingConfig">
    <skipped/>
  </testcase> <!-- tcSourcingConfig -->
  <testcase name="tcSourcingConfig" time="0.000" classname="com.hasbrop2m.security.SourcingConfig">
    <skipped/>
  </testcase> <!-- tcSourcingConfig -->
  <testcase name="tcSourcingConfig" time="0.000" classname="com.hasbrop2m.security.SourcingConfig">
    <skipped/>
  </testcase> <!-- tcSourcingConfig -->
  <testcase name="tcSourcingConfig" time="0.001" classname="com.hasbrop2m.security.SourcingConfig">
    <skipped/>
  </testcase> <!-- tcSourcingConfig -->
  <testcase name="tcSourcingConfig" time="0.000" classname="com.hasbrop2m.security.SourcingConfig">
    <skipped/>
  </testcase> <!-- tcSourcingConfig -->
  <testcase name="tcSourcingConfig" time="0.000" classname="com.hasbrop2m.security.SourcingConfig">
    <skipped/>
  </testcase> <!-- tcSourcingConfig -->
  <testcase name="tcSourcingConfig" time="0.000" classname="com.hasbrop2m.security.SourcingConfig">
    <skipped/>
  </testcase> <!-- tcSourcingConfig -->
  <testcase name="tcSourcingConfig" time="0.000" classname="com.hasbrop2m.security.SourcingConfig">
    <skipped/>
  </testcase> <!-- tcSourcingConfig -->
  <testcase name="tcSourcingConfig" time="0.000" classname="com.hasbrop2m.security.SourcingConfig">
    <skipped/>
  </testcase> <!-- tcSourcingConfig -->
  <testcase name="tcSourcingConfig" time="0.000" classname="com.hasbrop2m.security.SourcingConfig">
    <skipped/>
  </testcase> <!-- tcSourcingConfig -->
  <testcase name="tcSourcingConfig" time="0.000" classname="com.hasbrop2m.security.SourcingConfig">
    <skipped/>
  </testcase> <!-- tcSourcingConfig -->
  <testcase name="tcSourcingConfig" time="0.000" classname="com.hasbrop2m.security.SourcingConfig">
    <skipped/>
  </testcase> <!-- tcSourcingConfig -->
  <testcase name="tcSourcingConfig" time="0.000" classname="com.hasbrop2m.security.SourcingConfig">
    <skipped/>
  </testcase> <!-- tcSourcingConfig -->
  <testcase name="tcSourcingConfig" time="0.000" classname="com.hasbrop2m.security.SourcingConfig">
    <skipped/>
  </testcase> <!-- tcSourcingConfig -->
  <testcase name="tcSourcingConfig" time="0.000" classname="com.hasbrop2m.security.SourcingConfig">
    <skipped/>
  </testcase> <!-- tcSourcingConfig -->
  <testcase name="tcSourcingConfig" time="0.000" classname="com.hasbrop2m.security.SourcingConfig">
    <skipped/>
  </testcase> <!-- tcSourcingConfig -->
  <testcase name="tcSourcingConfig" time="0.000" classname="com.hasbrop2m.security.SourcingConfig">
    <skipped/>
  </testcase> <!-- tcSourcingConfig -->
  <testcase name="tcSourcingConfig" time="0.000" classname="com.hasbrop2m.security.SourcingConfig">
    <skipped/>
  </testcase> <!-- tcSourcingConfig -->
  <testcase name="tcSourcingConfig" time="0.000" classname="com.hasbrop2m.security.SourcingConfig">
    <skipped/>
  </testcase> <!-- tcSourcingConfig -->
  <testcase name="tcSourcingConfig" time="0.000" classname="com.hasbrop2m.security.SourcingConfig">
    <skipped/>
  </testcase> <!-- tcSourcingConfig -->
  <testcase name="tcSourcingConfig" time="0.000" classname="com.hasbrop2m.security.SourcingConfig">
    <skipped/>
  </testcase> <!-- tcSourcingConfig -->
  <testcase name="tcSourcingConfig" time="0.000" classname="com.hasbrop2m.security.SourcingConfig">
    <skipped/>
  </testcase> <!-- tcSourcingConfig -->
  <testcase name="tcSourcingConfig" time="0.000" classname="com.hasbrop2m.security.SourcingConfig">
    <skipped/>
  </testcase> <!-- tcSourcingConfig -->
  <testcase name="tcSourcingConfig" time="0.000" classname="com.hasbrop2m.security.SourcingConfig">
    <skipped/>
  </testcase> <!-- tcSourcingConfig -->
  <testcase name="tcSourcingConfig" time="0.000" classname="com.hasbrop2m.security.SourcingConfig">
    <skipped/>
  </testcase> <!-- tcSourcingConfig -->
  <testcase name="tcSourcingConfig" time="0.000" classname="com.hasbrop2m.security.SourcingConfig">
    <skipped/>
  </testcase> <!-- tcSourcingConfig -->
  <testcase name="tcSourcingConfig" time="0.000" classname="com.hasbrop2m.security.SourcingConfig">
    <skipped/>
  </testcase> <!-- tcSourcingConfig -->
  <testcase name="tcSourcingConfig" time="0.000" classname="com.hasbrop2m.security.SourcingConfig">
    <skipped/>
  </testcase> <!-- tcSourcingConfig -->
  <testcase name="tcSourcingConfig" time="0.000" classname="com.hasbrop2m.security.SourcingConfig">
    <skipped/>
  </testcase> <!-- tcSourcingConfig -->
  <testcase name="tcSourcingConfig" time="0.000" classname="com.hasbrop2m.security.SourcingConfig">
    <skipped/>
  </testcase> <!-- tcSourcingConfig -->
  <testcase name="tcSourcingConfig" time="0.000" classname="com.hasbrop2m.security.SourcingConfig">
    <skipped/>
  </testcase> <!-- tcSourcingConfig -->
  <testcase name="tcSourcingConfig" time="0.000" classname="com.hasbrop2m.security.SourcingConfig">
    <skipped/>
  </testcase> <!-- tcSourcingConfig -->
  <testcase name="tcSourcingConfig" time="0.000" classname="com.hasbrop2m.security.SourcingConfig">
    <skipped/>
  </testcase> <!-- tcSourcingConfig -->
  <testcase name="tcSourcingConfig" time="0.000" classname="com.hasbrop2m.security.SourcingConfig">
    <skipped/>
  </testcase> <!-- tcSourcingConfig -->
  <testcase name="tcSourcingConfig" time="0.000" classname="com.hasbrop2m.security.SourcingConfig">
    <skipped/>
  </testcase> <!-- tcSourcingConfig -->
  <testcase name="tcSourcingConfig" time="0.000" classname="com.hasbrop2m.security.SourcingConfig">
    <skipped/>
  </testcase> <!-- tcSourcingConfig -->
  <testcase name="tcSourcingConfig" time="0.000" classname="com.hasbrop2m.security.SourcingConfig">
    <skipped/>
  </testcase> <!-- tcSourcingConfig -->
  <testcase name="tcSourcingConfig" time="0.000" classname="com.hasbrop2m.security.SourcingConfig">
    <skipped/>
  </testcase> <!-- tcSourcingConfig -->
  <testcase name="tcSourcingConfig" time="0.000" classname="com.hasbrop2m.security.SourcingConfig">
    <skipped/>
  </testcase> <!-- tcSourcingConfig -->
  <testcase name="tcSourcingConfig" time="0.000" classname="com.hasbrop2m.security.SourcingConfig">
    <skipped/>
  </testcase> <!-- tcSourcingConfig -->
  <testcase name="tcSourcingConfig" time="0.000" classname="com.hasbrop2m.security.SourcingConfig">
    <skipped/>
  </testcase> <!-- tcSourcingConfig -->
  <testcase name="tcSourcingConfig" time="0.000" classname="com.hasbrop2m.security.SourcingConfig">
    <skipped/>
  </testcase> <!-- tcSourcingConfig -->
  <testcase name="tcSourcingConfig" time="0.000" classname="com.hasbrop2m.security.SourcingConfig">
    <skipped/>
  </testcase> <!-- tcSourcingConfig -->
  <testcase name="tcSourcingConfig" time="0.000" classname="com.hasbrop2m.security.SourcingConfig">
    <skipped/>
  </testcase> <!-- tcSourcingConfig -->
  <testcase name="tcSourcingConfig" time="0.000" classname="com.hasbrop2m.security.SourcingConfig">
    <skipped/>
  </testcase> <!-- tcSourcingConfig -->
  <testcase name="tcSourcingConfig" time="0.000" classname="com.hasbrop2m.security.SourcingConfig">
    <skipped/>
  </testcase> <!-- tcSourcingConfig -->
  <testcase name="tcSourcingConfig" time="0.000" classname="com.hasbrop2m.security.SourcingConfig">
    <skipped/>
  </testcase> <!-- tcSourcingConfig -->
  <testcase name="tcSourcingConfig" time="0.000" classname="com.hasbrop2m.security.SourcingConfig">
    <skipped/>
  </testcase> <!-- tcSourcingConfig -->
  <testcase name="tcSourcingConfig" time="0.000" classname="com.hasbrop2m.security.SourcingConfig">
    <skipped/>
  </testcase> <!-- tcSourcingConfig -->
  <testcase name="tcSourcingConfig" time="0.000" classname="com.hasbrop2m.security.SourcingConfig">
    <skipped/>
  </testcase> <!-- tcSourcingConfig -->
  <testcase name="tcSourcingConfig" time="0.000" classname="com.hasbrop2m.security.SourcingConfig">
    <skipped/>
  </testcase> <!-- tcSourcingConfig -->
  <testcase name="tcSourcingConfig" time="0.000" classname="com.hasbrop2m.security.SourcingConfig">
    <skipped/>
  </testcase> <!-- tcSourcingConfig -->
  <testcase name="tcSourcingConfig" time="0.000" classname="com.hasbrop2m.security.SourcingConfig">
    <skipped/>
  </testcase> <!-- tcSourcingConfig -->
  <testcase name="tcSourcingConfig" time="0.000" classname="com.hasbrop2m.security.SourcingConfig">
    <skipped/>
  </testcase> <!-- tcSourcingConfig -->
  <testcase name="tcSourcingConfig" time="0.000" classname="com.hasbrop2m.security.SourcingConfig">
    <skipped/>
  </testcase> <!-- tcSourcingConfig -->
  <testcase name="tcSourcingConfig" time="0.000" classname="com.hasbrop2m.security.SourcingConfig">
    <skipped/>
  </testcase> <!-- tcSourcingConfig -->
  <testcase name="tcSourcingConfig" time="0.000" classname="com.hasbrop2m.security.SourcingConfig">
    <skipped/>
  </testcase> <!-- tcSourcingConfig -->
  <testcase name="tcSourcingConfig" time="0.000" classname="com.hasbrop2m.security.SourcingConfig">
    <skipped/>
  </testcase> <!-- tcSourcingConfig -->
  <testcase name="tcSourcingConfig" time="0.000" classname="com.hasbrop2m.security.SourcingConfig">
    <skipped/>
  </testcase> <!-- tcSourcingConfig -->
  <testcase name="tcSourcingConfig" time="0.000" classname="com.hasbrop2m.security.SourcingConfig">
    <skipped/>
  </testcase> <!-- tcSourcingConfig -->
  <testcase name="tcSourcingConfig" time="0.000" classname="com.hasbrop2m.security.SourcingConfig">
    <skipped/>
  </testcase> <!-- tcSourcingConfig -->
  <testcase name="tcSourcingConfig" time="0.000" classname="com.hasbrop2m.security.SourcingConfig">
    <skipped/>
  </testcase> <!-- tcSourcingConfig -->
  <testcase name="tcSourcingConfig" time="0.000" classname="com.hasbrop2m.security.SourcingConfig">
    <skipped/>
  </testcase> <!-- tcSourcingConfig -->
  <testcase name="tcSourcingConfig" time="0.000" classname="com.hasbrop2m.security.SourcingConfig">
    <skipped/>
  </testcase> <!-- tcSourcingConfig -->
  <testcase name="tcSourcingConfig" time="0.000" classname="com.hasbrop2m.security.SourcingConfig">
    <skipped/>
  </testcase> <!-- tcSourcingConfig -->
  <testcase name="tcSourcingConfig" time="0.000" classname="com.hasbrop2m.security.SourcingConfig">
    <skipped/>
  </testcase> <!-- tcSourcingConfig -->
  <testcase name="tcSourcingConfig" time="0.000" classname="com.hasbrop2m.security.SourcingConfig">
    <skipped/>
  </testcase> <!-- tcSourcingConfig -->
  <testcase name="tcSourcingConfig" time="0.000" classname="com.hasbrop2m.security.SourcingConfig">
    <skipped/>
  </testcase> <!-- tcSourcingConfig -->
  <testcase name="tcSourcingConfig" time="0.000" classname="com.hasbrop2m.security.SourcingConfig">
    <skipped/>
  </testcase> <!-- tcSourcingConfig -->
  <testcase name="tcSourcingConfig" time="0.000" classname="com.hasbrop2m.security.SourcingConfig">
    <skipped/>
  </testcase> <!-- tcSourcingConfig -->
  <testcase name="tcSourcingConfig" time="0.000" classname="com.hasbrop2m.security.SourcingConfig">
    <skipped/>
  </testcase> <!-- tcSourcingConfig -->
  <testcase name="tcSourcingConfig" time="0.000" classname="com.hasbrop2m.security.SourcingConfig">
    <skipped/>
  </testcase> <!-- tcSourcingConfig -->
  <testcase name="tcSourcingConfig" time="0.000" classname="com.hasbrop2m.security.SourcingConfig">
    <skipped/>
  </testcase> <!-- tcSourcingConfig -->
  <testcase name="tcSourcingConfig" time="0.000" classname="com.hasbrop2m.security.SourcingConfig">
    <skipped/>
  </testcase> <!-- tcSourcingConfig -->
  <testcase name="tcSourcingConfig" time="0.000" classname="com.hasbrop2m.security.SourcingConfig">
    <skipped/>
  </testcase> <!-- tcSourcingConfig -->
  <testcase name="tcSourcingConfig" time="0.000" classname="com.hasbrop2m.security.SourcingConfig">
    <skipped/>
  </testcase> <!-- tcSourcingConfig -->
  <testcase name="tcSourcingConfig" time="0.000" classname="com.hasbrop2m.security.SourcingConfig">
    <skipped/>
  </testcase> <!-- tcSourcingConfig -->
  <testcase name="tcSourcingConfig" time="0.000" classname="com.hasbrop2m.security.SourcingConfig">
    <skipped/>
  </testcase> <!-- tcSourcingConfig -->
  <testcase name="tcSourcingConfig" time="0.000" classname="com.hasbrop2m.security.SourcingConfig">
    <skipped/>
  </testcase> <!-- tcSourcingConfig -->
  <testcase name="tcSourcingConfig" time="0.000" classname="com.hasbrop2m.security.SourcingConfig">
    <skipped/>
  </testcase> <!-- tcSourcingConfig -->
  <testcase name="tcSourcingConfig" time="0.000" classname="com.hasbrop2m.security.SourcingConfig">
    <skipped/>
  </testcase> <!-- tcSourcingConfig -->
  <testcase name="tcSourcingConfig" time="0.000" classname="com.hasbrop2m.security.SourcingConfig">
    <skipped/>
  </testcase> <!-- tcSourcingConfig -->
  <testcase name="tcSourcingConfig" time="0.000" classname="com.hasbrop2m.security.SourcingConfig">
    <skipped/>
  </testcase> <!-- tcSourcingConfig -->
  <testcase name="tcSourcingConfig" time="0.000" classname="com.hasbrop2m.security.SourcingConfig">
    <skipped/>
  </testcase> <!-- tcSourcingConfig -->
  <testcase name="tcSourcingConfig" time="0.000" classname="com.hasbrop2m.security.SourcingConfig">
    <skipped/>
  </testcase> <!-- tcSourcingConfig -->
  <testcase name="tcSourcingConfig" time="0.000" classname="com.hasbrop2m.security.SourcingConfig">
    <skipped/>
  </testcase> <!-- tcSourcingConfig -->
  <testcase name="tcSourcingConfig" time="0.000" classname="com.hasbrop2m.security.SourcingConfig">
    <skipped/>
  </testcase> <!-- tcSourcingConfig -->
  <testcase name="tcSourcingConfig" time="0.000" classname="com.hasbrop2m.security.SourcingConfig">
    <skipped/>
  </testcase> <!-- tcSourcingConfig -->
  <testcase name="tcSourcingConfig" time="0.000" classname="com.hasbrop2m.security.SourcingConfig">
    <skipped/>
  </testcase> <!-- tcSourcingConfig -->
  <testcase name="tcSourcingConfig" time="0.000" classname="com.hasbrop2m.security.SourcingConfig">
    <skipped/>
  </testcase> <!-- tcSourcingConfig -->
  <testcase name="tcSourcingConfig" time="0.000" classname="com.hasbrop2m.security.SourcingConfig">
    <skipped/>
  </testcase> <!-- tcSourcingConfig -->
  <testcase name="tcSourcingConfig" time="0.001" classname="com.hasbrop2m.security.SourcingConfig">
    <skipped/>
  </testcase> <!-- tcSourcingConfig -->
  <testcase name="tcSourcingConfig" time="0.000" classname="com.hasbrop2m.security.SourcingConfig">
    <skipped/>
  </testcase> <!-- tcSourcingConfig -->
  <testcase name="tcSourcingConfig" time="0.000" classname="com.hasbrop2m.security.SourcingConfig">
    <skipped/>
  </testcase> <!-- tcSourcingConfig -->
  <testcase name="tcSourcingConfig" time="0.000" classname="com.hasbrop2m.security.SourcingConfig">
    <skipped/>
  </testcase> <!-- tcSourcingConfig -->
  <testcase name="tcSourcingConfig" time="0.000" classname="com.hasbrop2m.security.SourcingConfig">
    <skipped/>
  </testcase> <!-- tcSourcingConfig -->
  <testcase name="tcSourcingConfig" time="0.000" classname="com.hasbrop2m.security.SourcingConfig">
    <skipped/>
  </testcase> <!-- tcSourcingConfig -->
  <testcase name="tcSourcingConfig" time="0.000" classname="com.hasbrop2m.security.SourcingConfig">
    <skipped/>
  </testcase> <!-- tcSourcingConfig -->
  <testcase name="tcSourcingConfig" time="0.000" classname="com.hasbrop2m.security.SourcingConfig">
    <skipped/>
  </testcase> <!-- tcSourcingConfig -->
  <testcase name="tcSourcingConfig" time="0.000" classname="com.hasbrop2m.security.SourcingConfig">
    <skipped/>
  </testcase> <!-- tcSourcingConfig -->
  <testcase name="tcSourcingConfig" time="0.000" classname="com.hasbrop2m.security.SourcingConfig">
    <skipped/>
  </testcase> <!-- tcSourcingConfig -->
  <testcase name="tcSourcingConfig" time="0.000" classname="com.hasbrop2m.security.SourcingConfig">
    <skipped/>
  </testcase> <!-- tcSourcingConfig -->
  <testcase name="tcSourcingConfig" time="0.000" classname="com.hasbrop2m.security.SourcingConfig">
    <skipped/>
  </testcase> <!-- tcSourcingConfig -->
  <testcase name="tcSourcingConfig" time="0.000" classname="com.hasbrop2m.security.SourcingConfig">
    <skipped/>
  </testcase> <!-- tcSourcingConfig -->
  <testcase name="tcSourcingConfig" time="0.000" classname="com.hasbrop2m.security.SourcingConfig">
    <skipped/>
  </testcase> <!-- tcSourcingConfig -->
  <testcase name="tcSourcingConfig" time="0.000" classname="com.hasbrop2m.security.SourcingConfig">
    <skipped/>
  </testcase> <!-- tcSourcingConfig -->
  <testcase name="tcSourcingConfig" time="0.000" classname="com.hasbrop2m.security.SourcingConfig">
    <skipped/>
  </testcase> <!-- tcSourcingConfig -->
  <testcase name="tcSourcingConfig" time="0.000" classname="com.hasbrop2m.security.SourcingConfig">
    <skipped/>
  </testcase> <!-- tcSourcingConfig -->
  <testcase name="tcSourcingConfig" time="0.000" classname="com.hasbrop2m.security.SourcingConfig">
    <skipped/>
  </testcase> <!-- tcSourcingConfig -->
  <testcase name="tcSourcingConfig" time="0.000" classname="com.hasbrop2m.security.SourcingConfig">
    <skipped/>
  </testcase> <!-- tcSourcingConfig -->
  <testcase name="tcSourcingConfig" time="0.000" classname="com.hasbrop2m.security.SourcingConfig">
    <skipped/>
  </testcase> <!-- tcSourcingConfig -->
  <testcase name="tcSourcingConfig" time="0.000" classname="com.hasbrop2m.security.SourcingConfig">
    <skipped/>
  </testcase> <!-- tcSourcingConfig -->
  <testcase name="tcSourcingConfig" time="0.000" classname="com.hasbrop2m.security.SourcingConfig">
    <skipped/>
  </testcase> <!-- tcSourcingConfig -->
  <testcase name="tcSourcingConfig" time="0.000" classname="com.hasbrop2m.security.SourcingConfig">
    <skipped/>
  </testcase> <!-- tcSourcingConfig -->
  <testcase name="tcSourcingConfig" time="0.000" classname="com.hasbrop2m.security.SourcingConfig">
    <skipped/>
  </testcase> <!-- tcSourcingConfig -->
  <testcase name="tcSourcingConfig" time="0.000" classname="com.hasbrop2m.security.SourcingConfig">
    <skipped/>
  </testcase> <!-- tcSourcingConfig -->
  <testcase name="tcSourcingConfig" time="0.000" classname="com.hasbrop2m.security.SourcingConfig">
    <skipped/>
  </testcase> <!-- tcSourcingConfig -->
  <testcase name="tcSourcingConfig" time="0.000" classname="com.hasbrop2m.security.SourcingConfig">
    <skipped/>
  </testcase> <!-- tcSourcingConfig -->
  <testcase name="tcSourcingConfig" time="0.000" classname="com.hasbrop2m.security.SourcingConfig">
    <skipped/>
  </testcase> <!-- tcSourcingConfig -->
  <testcase name="tcSourcingConfig" time="0.000" classname="com.hasbrop2m.security.SourcingConfig">
    <skipped/>
  </testcase> <!-- tcSourcingConfig -->
  <testcase name="tcSourcingConfig" time="0.000" classname="com.hasbrop2m.security.SourcingConfig">
    <skipped/>
  </testcase> <!-- tcSourcingConfig -->
  <testcase name="tcSourcingConfig" time="0.000" classname="com.hasbrop2m.security.SourcingConfig">
    <skipped/>
  </testcase> <!-- tcSourcingConfig -->
  <testcase name="tcSourcingConfig" time="0.000" classname="com.hasbrop2m.security.SourcingConfig">
    <skipped/>
  </testcase> <!-- tcSourcingConfig -->
  <testcase name="tcSourcingConfig" time="0.000" classname="com.hasbrop2m.security.SourcingConfig">
    <skipped/>
  </testcase> <!-- tcSourcingConfig -->
  <testcase name="tcSourcingConfig" time="0.000" classname="com.hasbrop2m.security.SourcingConfig">
    <skipped/>
  </testcase> <!-- tcSourcingConfig -->
  <testcase name="tcSourcingConfig" time="0.000" classname="com.hasbrop2m.security.SourcingConfig">
    <skipped/>
  </testcase> <!-- tcSourcingConfig -->
  <testcase name="tcSourcingConfig" time="0.000" classname="com.hasbrop2m.security.SourcingConfig">
    <skipped/>
  </testcase> <!-- tcSourcingConfig -->
  <testcase name="tcSourcingConfig" time="0.000" classname="com.hasbrop2m.security.SourcingConfig">
    <skipped/>
  </testcase> <!-- tcSourcingConfig -->
  <testcase name="tcSourcingConfig" time="0.000" classname="com.hasbrop2m.security.SourcingConfig">
    <skipped/>
  </testcase> <!-- tcSourcingConfig -->
  <testcase name="tcSourcingConfig" time="0.000" classname="com.hasbrop2m.security.SourcingConfig">
    <skipped/>
  </testcase> <!-- tcSourcingConfig -->
  <testcase name="tcSourcingConfig" time="0.000" classname="com.hasbrop2m.security.SourcingConfig">
    <skipped/>
  </testcase> <!-- tcSourcingConfig -->
  <testcase name="tcSourcingConfig" time="0.000" classname="com.hasbrop2m.security.SourcingConfig">
    <skipped/>
  </testcase> <!-- tcSourcingConfig -->
  <testcase name="tcSourcingConfig" time="0.000" classname="com.hasbrop2m.security.SourcingConfig">
    <skipped/>
  </testcase> <!-- tcSourcingConfig -->
  <testcase name="tcSourcingConfig" time="0.000" classname="com.hasbrop2m.security.SourcingConfig">
    <skipped/>
  </testcase> <!-- tcSourcingConfig -->
  <testcase name="tcSourcingConfig" time="0.000" classname="com.hasbrop2m.security.SourcingConfig">
    <skipped/>
  </testcase> <!-- tcSourcingConfig -->
  <testcase name="tcSourcingConfig" time="0.000" classname="com.hasbrop2m.security.SourcingConfig">
    <skipped/>
  </testcase> <!-- tcSourcingConfig -->
  <testcase name="tcSourcingConfig" time="0.000" classname="com.hasbrop2m.security.SourcingConfig">
    <skipped/>
  </testcase> <!-- tcSourcingConfig -->
  <testcase name="tcSourcingConfig" time="0.000" classname="com.hasbrop2m.security.SourcingConfig">
    <skipped/>
  </testcase> <!-- tcSourcingConfig -->
  <testcase name="tcSourcingConfig" time="0.000" classname="com.hasbrop2m.security.SourcingConfig">
    <skipped/>
  </testcase> <!-- tcSourcingConfig -->
  <testcase name="tcSourcingConfig" time="0.000" classname="com.hasbrop2m.security.SourcingConfig">
    <skipped/>
  </testcase> <!-- tcSourcingConfig -->
  <testcase name="tcSourcingConfig" time="0.000" classname="com.hasbrop2m.security.SourcingConfig">
    <skipped/>
  </testcase> <!-- tcSourcingConfig -->
  <testcase name="tcSourcingConfig" time="0.000" classname="com.hasbrop2m.security.SourcingConfig">
    <skipped/>
  </testcase> <!-- tcSourcingConfig -->
  <testcase name="tcSourcingConfig" time="0.000" classname="com.hasbrop2m.security.SourcingConfig">
    <skipped/>
  </testcase> <!-- tcSourcingConfig -->
  <testcase name="tcSourcingConfig" time="0.000" classname="com.hasbrop2m.security.SourcingConfig">
    <skipped/>
  </testcase> <!-- tcSourcingConfig -->
  <testcase name="tcSourcingConfig" time="0.000" classname="com.hasbrop2m.security.SourcingConfig">
    <skipped/>
  </testcase> <!-- tcSourcingConfig -->
  <testcase name="tcSourcingConfig" time="0.000" classname="com.hasbrop2m.security.SourcingConfig">
    <skipped/>
  </testcase> <!-- tcSourcingConfig -->
  <testcase name="tcSourcingConfig" time="0.000" classname="com.hasbrop2m.security.SourcingConfig">
    <skipped/>
  </testcase> <!-- tcSourcingConfig -->
  <testcase name="tcSourcingConfig" time="0.000" classname="com.hasbrop2m.security.SourcingConfig">
    <skipped/>
  </testcase> <!-- tcSourcingConfig -->
  <testcase name="tcSourcingConfig" time="0.000" classname="com.hasbrop2m.security.SourcingConfig">
    <skipped/>
  </testcase> <!-- tcSourcingConfig -->
  <testcase name="tcSourcingConfig" time="0.000" classname="com.hasbrop2m.security.SourcingConfig">
    <skipped/>
  </testcase> <!-- tcSourcingConfig -->
  <testcase name="tcSourcingConfig" time="0.000" classname="com.hasbrop2m.security.SourcingConfig">
    <skipped/>
  </testcase> <!-- tcSourcingConfig -->
  <testcase name="tcSourcingConfig" time="0.000" classname="com.hasbrop2m.security.SourcingConfig">
    <skipped/>
  </testcase> <!-- tcSourcingConfig -->
  <testcase name="tcSourcingConfig" time="0.000" classname="com.hasbrop2m.security.SourcingConfig">
    <skipped/>
  </testcase> <!-- tcSourcingConfig -->
  <testcase name="tcSourcingConfig" time="0.000" classname="com.hasbrop2m.security.SourcingConfig">
    <skipped/>
  </testcase> <!-- tcSourcingConfig -->
  <testcase name="tcSourcingConfig" time="0.000" classname="com.hasbrop2m.security.SourcingConfig">
    <skipped/>
  </testcase> <!-- tcSourcingConfig -->
  <testcase name="tcSourcingConfig" time="0.000" classname="com.hasbrop2m.security.SourcingConfig">
    <skipped/>
  </testcase> <!-- tcSourcingConfig -->
  <testcase name="tcSourcingConfig" time="0.000" classname="com.hasbrop2m.security.SourcingConfig">
    <skipped/>
  </testcase> <!-- tcSourcingConfig -->
  <testcase name="tcSourcingConfig" time="0.000" classname="com.hasbrop2m.security.SourcingConfig">
    <skipped/>
  </testcase> <!-- tcSourcingConfig -->
  <testcase name="tcSourcingConfig" time="0.000" classname="com.hasbrop2m.security.SourcingConfig">
    <skipped/>
  </testcase> <!-- tcSourcingConfig -->
  <testcase name="tcSourcingConfig" time="0.000" classname="com.hasbrop2m.security.SourcingConfig">
    <skipped/>
  </testcase> <!-- tcSourcingConfig -->
  <testcase name="tcSourcingConfig" time="0.000" classname="com.hasbrop2m.security.SourcingConfig">
    <skipped/>
  </testcase> <!-- tcSourcingConfig -->
  <testcase name="tcSourcingConfig" time="0.000" classname="com.hasbrop2m.security.SourcingConfig">
    <skipped/>
  </testcase> <!-- tcSourcingConfig -->
  <testcase name="tcSourcingConfig" time="0.000" classname="com.hasbrop2m.security.SourcingConfig">
    <skipped/>
  </testcase> <!-- tcSourcingConfig -->
  <testcase name="tcSourcingConfig" time="0.000" classname="com.hasbrop2m.security.SourcingConfig">
    <skipped/>
  </testcase> <!-- tcSourcingConfig -->
  <testcase name="tcSourcingConfig" time="0.000" classname="com.hasbrop2m.security.SourcingConfig">
    <skipped/>
  </testcase> <!-- tcSourcingConfig -->
  <testcase name="tcSourcingConfig" time="0.000" classname="com.hasbrop2m.security.SourcingConfig">
    <skipped/>
  </testcase> <!-- tcSourcingConfig -->
  <testcase name="tcSourcingConfig" time="0.000" classname="com.hasbrop2m.security.SourcingConfig">
    <skipped/>
  </testcase> <!-- tcSourcingConfig -->
  <testcase name="tcSourcingConfig" time="0.000" classname="com.hasbrop2m.security.SourcingConfig">
    <skipped/>
  </testcase> <!-- tcSourcingConfig -->
  <testcase name="tcSourcingConfig" time="0.000" classname="com.hasbrop2m.security.SourcingConfig">
    <skipped/>
  </testcase> <!-- tcSourcingConfig -->
  <testcase name="tcSourcingConfig" time="0.000" classname="com.hasbrop2m.security.SourcingConfig">
    <skipped/>
  </testcase> <!-- tcSourcingConfig -->
  <testcase name="tcSourcingConfig" time="0.000" classname="com.hasbrop2m.security.SourcingConfig">
    <skipped/>
  </testcase> <!-- tcSourcingConfig -->
  <testcase name="tcSourcingConfig" time="0.000" classname="com.hasbrop2m.security.SourcingConfig">
    <skipped/>
  </testcase> <!-- tcSourcingConfig -->
  <testcase name="tcSourcingConfig" time="0.000" classname="com.hasbrop2m.security.SourcingConfig">
    <skipped/>
  </testcase> <!-- tcSourcingConfig -->
  <testcase name="tcSourcingConfig" time="0.000" classname="com.hasbrop2m.security.SourcingConfig">
    <skipped/>
  </testcase> <!-- tcSourcingConfig -->
  <testcase name="tcSourcingConfig" time="0.000" classname="com.hasbrop2m.security.SourcingConfig">
    <skipped/>
  </testcase> <!-- tcSourcingConfig -->
  <testcase name="tcSourcingConfig" time="0.000" classname="com.hasbrop2m.security.SourcingConfig">
    <skipped/>
  </testcase> <!-- tcSourcingConfig -->
  <testcase name="tcSourcingConfig" time="0.000" classname="com.hasbrop2m.security.SourcingConfig">
    <skipped/>
  </testcase> <!-- tcSourcingConfig -->
  <testcase name="tcSourcingConfig" time="0.000" classname="com.hasbrop2m.security.SourcingConfig">
    <skipped/>
  </testcase> <!-- tcSourcingConfig -->
  <testcase name="tcSourcingConfig" time="0.000" classname="com.hasbrop2m.security.SourcingConfig">
    <skipped/>
  </testcase> <!-- tcSourcingConfig -->
  <testcase name="tcSourcingConfig" time="0.000" classname="com.hasbrop2m.security.SourcingConfig">
    <skipped/>
  </testcase> <!-- tcSourcingConfig -->
  <testcase name="tcSourcingConfig" time="0.000" classname="com.hasbrop2m.security.SourcingConfig">
    <skipped/>
  </testcase> <!-- tcSourcingConfig -->
  <testcase name="tcSourcingConfig" time="0.000" classname="com.hasbrop2m.security.SourcingConfig">
    <skipped/>
  </testcase> <!-- tcSourcingConfig -->
  <testcase name="tcSourcingConfig" time="0.000" classname="com.hasbrop2m.security.SourcingConfig">
    <skipped/>
  </testcase> <!-- tcSourcingConfig -->
  <testcase name="tcSourcingConfig" time="0.000" classname="com.hasbrop2m.security.SourcingConfig">
    <skipped/>
  </testcase> <!-- tcSourcingConfig -->
  <testcase name="tcSourcingConfig" time="0.000" classname="com.hasbrop2m.security.SourcingConfig">
    <skipped/>
  </testcase> <!-- tcSourcingConfig -->
  <testcase name="tcSourcingConfig" time="0.000" classname="com.hasbrop2m.security.SourcingConfig">
    <skipped/>
  </testcase> <!-- tcSourcingConfig -->
  <testcase name="tcSourcingConfig" time="0.000" classname="com.hasbrop2m.security.SourcingConfig">
    <skipped/>
  </testcase> <!-- tcSourcingConfig -->
  <testcase name="tcSourcingConfig" time="0.000" classname="com.hasbrop2m.security.SourcingConfig">
    <skipped/>
  </testcase> <!-- tcSourcingConfig -->
  <testcase name="tcSourcingConfig" time="0.000" classname="com.hasbrop2m.security.SourcingConfig">
    <skipped/>
  </testcase> <!-- tcSourcingConfig -->
  <testcase name="tcSourcingConfig" time="0.000" classname="com.hasbrop2m.security.SourcingConfig">
    <skipped/>
  </testcase> <!-- tcSourcingConfig -->
  <testcase name="tcSourcingConfig" time="0.000" classname="com.hasbrop2m.security.SourcingConfig">
    <skipped/>
  </testcase> <!-- tcSourcingConfig -->
  <testcase name="tcSourcingConfig" time="0.000" classname="com.hasbrop2m.security.SourcingConfig">
    <skipped/>
  </testcase> <!-- tcSourcingConfig -->
  <testcase name="tcSourcingConfig" time="0.000" classname="com.hasbrop2m.security.SourcingConfig">
    <skipped/>
  </testcase> <!-- tcSourcingConfig -->
  <testcase name="tcSourcingConfig" time="0.000" classname="com.hasbrop2m.security.SourcingConfig">
    <skipped/>
  </testcase> <!-- tcSourcingConfig -->
  <testcase name="tcSourcingConfig" time="0.000" classname="com.hasbrop2m.security.SourcingConfig">
    <skipped/>
  </testcase> <!-- tcSourcingConfig -->
  <testcase name="tcSourcingConfig" time="0.000" classname="com.hasbrop2m.security.SourcingConfig">
    <skipped/>
  </testcase> <!-- tcSourcingConfig -->
  <testcase name="tcSourcingConfig" time="0.000" classname="com.hasbrop2m.security.SourcingConfig">
    <skipped/>
  </testcase> <!-- tcSourcingConfig -->
  <testcase name="tcSourcingConfig" time="0.000" classname="com.hasbrop2m.security.SourcingConfig">
    <skipped/>
  </testcase> <!-- tcSourcingConfig -->
  <testcase name="tcSourcingConfig" time="0.000" classname="com.hasbrop2m.security.SourcingConfig">
    <skipped/>
  </testcase> <!-- tcSourcingConfig -->
  <testcase name="tcSourcingConfig" time="0.000" classname="com.hasbrop2m.security.SourcingConfig">
    <skipped/>
  </testcase> <!-- tcSourcingConfig -->
  <testcase name="tcSourcingConfig" time="0.000" classname="com.hasbrop2m.security.SourcingConfig">
    <skipped/>
  </testcase> <!-- tcSourcingConfig -->
  <testcase name="tcSourcingConfig" time="0.000" classname="com.hasbrop2m.security.SourcingConfig">
    <skipped/>
  </testcase> <!-- tcSourcingConfig -->
  <testcase name="tcSourcingConfig" time="0.000" classname="com.hasbrop2m.security.SourcingConfig">
    <skipped/>
  </testcase> <!-- tcSourcingConfig -->
  <testcase name="tcSourcingConfig" time="0.000" classname="com.hasbrop2m.security.SourcingConfig">
    <skipped/>
  </testcase> <!-- tcSourcingConfig -->
  <testcase name="tcSourcingConfig" time="0.000" classname="com.hasbrop2m.security.SourcingConfig">
    <skipped/>
  </testcase> <!-- tcSourcingConfig -->
  <testcase name="tcSourcingConfig" time="0.000" classname="com.hasbrop2m.security.SourcingConfig">
    <skipped/>
  </testcase> <!-- tcSourcingConfig -->
  <testcase name="tcSourcingConfig" time="0.000" classname="com.hasbrop2m.security.SourcingConfig">
    <skipped/>
  </testcase> <!-- tcSourcingConfig -->
  <testcase name="tcSourcingConfig" time="0.000" classname="com.hasbrop2m.security.SourcingConfig">
    <skipped/>
  </testcase> <!-- tcSourcingConfig -->
  <testcase name="tcSourcingConfig" time="0.000" classname="com.hasbrop2m.security.SourcingConfig">
    <skipped/>
  </testcase> <!-- tcSourcingConfig -->
  <testcase name="tcSourcingConfig" time="0.000" classname="com.hasbrop2m.security.SourcingConfig">
    <skipped/>
  </testcase> <!-- tcSourcingConfig -->
  <testcase name="tcSourcingConfig" time="0.000" classname="com.hasbrop2m.security.SourcingConfig">
    <skipped/>
  </testcase> <!-- tcSourcingConfig -->
  <testcase name="tcSourcingConfig" time="0.000" classname="com.hasbrop2m.security.SourcingConfig">
    <skipped/>
  </testcase> <!-- tcSourcingConfig -->
  <testcase name="tcSourcingConfig" time="0.000" classname="com.hasbrop2m.security.SourcingConfig">
    <skipped/>
  </testcase> <!-- tcSourcingConfig -->
  <testcase name="tcSourcingConfig" time="0.000" classname="com.hasbrop2m.security.SourcingConfig">
    <skipped/>
  </testcase> <!-- tcSourcingConfig -->
  <testcase name="tcSourcingConfig" time="0.000" classname="com.hasbrop2m.security.SourcingConfig">
    <skipped/>
  </testcase> <!-- tcSourcingConfig -->
  <testcase name="tcSourcingConfig" time="0.000" classname="com.hasbrop2m.security.SourcingConfig">
    <skipped/>
  </testcase> <!-- tcSourcingConfig -->
  <testcase name="tcSourcingConfig" time="0.000" classname="com.hasbrop2m.security.SourcingConfig">
    <skipped/>
  </testcase> <!-- tcSourcingConfig -->
  <testcase name="tcSourcingConfig" time="0.000" classname="com.hasbrop2m.security.SourcingConfig">
    <skipped/>
  </testcase> <!-- tcSourcingConfig -->
  <testcase name="tcSourcingConfig" time="0.000" classname="com.hasbrop2m.security.SourcingConfig">
    <skipped/>
  </testcase> <!-- tcSourcingConfig -->
  <testcase name="tcSourcingConfig" time="0.000" classname="com.hasbrop2m.security.SourcingConfig">
    <skipped/>
  </testcase> <!-- tcSourcingConfig -->
  <testcase name="tcSourcingConfig" time="0.000" classname="com.hasbrop2m.security.SourcingConfig">
    <skipped/>
  </testcase> <!-- tcSourcingConfig -->
  <testcase name="tcSourcingConfig" time="0.000" classname="com.hasbrop2m.security.SourcingConfig">
    <skipped/>
  </testcase> <!-- tcSourcingConfig -->
  <testcase name="tcSourcingConfig" time="0.000" classname="com.hasbrop2m.security.SourcingConfig">
    <skipped/>
  </testcase> <!-- tcSourcingConfig -->
  <testcase name="tcSourcingConfig" time="0.000" classname="com.hasbrop2m.security.SourcingConfig">
    <skipped/>
  </testcase> <!-- tcSourcingConfig -->
  <testcase name="tcSourcingConfig" time="0.000" classname="com.hasbrop2m.security.SourcingConfig">
    <skipped/>
  </testcase> <!-- tcSourcingConfig -->
  <testcase name="tcSourcingConfig" time="0.000" classname="com.hasbrop2m.security.SourcingConfig">
    <skipped/>
  </testcase> <!-- tcSourcingConfig -->
  <testcase name="tcSourcingConfig" time="0.000" classname="com.hasbrop2m.security.SourcingConfig">
    <skipped/>
  </testcase> <!-- tcSourcingConfig -->
  <testcase name="tcSourcingConfig" time="0.000" classname="com.hasbrop2m.security.SourcingConfig">
    <skipped/>
  </testcase> <!-- tcSourcingConfig -->
  <testcase name="tcSourcingConfig" time="0.000" classname="com.hasbrop2m.security.SourcingConfig">
    <skipped/>
  </testcase> <!-- tcSourcingConfig -->
  <testcase name="tcSourcingConfig" time="0.000" classname="com.hasbrop2m.security.SourcingConfig">
    <skipped/>
  </testcase> <!-- tcSourcingConfig -->
  <testcase name="tcSourcingConfig" time="0.000" classname="com.hasbrop2m.security.SourcingConfig">
    <skipped/>
  </testcase> <!-- tcSourcingConfig -->
  <testcase name="tcSourcingConfig" time="0.000" classname="com.hasbrop2m.security.SourcingConfig">
    <skipped/>
  </testcase> <!-- tcSourcingConfig -->
  <testcase name="tcSourcingConfig" time="0.000" classname="com.hasbrop2m.security.SourcingConfig">
    <skipped/>
  </testcase> <!-- tcSourcingConfig -->
  <testcase name="tcSourcingConfig" time="0.000" classname="com.hasbrop2m.security.SourcingConfig">
    <skipped/>
  </testcase> <!-- tcSourcingConfig -->
  <testcase name="tcSourcingConfig" time="0.000" classname="com.hasbrop2m.security.SourcingConfig">
    <skipped/>
  </testcase> <!-- tcSourcingConfig -->
  <testcase name="tcSourcingConfig" time="0.000" classname="com.hasbrop2m.security.SourcingConfig">
    <skipped/>
  </testcase> <!-- tcSourcingConfig -->
  <testcase name="tcSourcingConfig" time="0.000" classname="com.hasbrop2m.security.SourcingConfig">
    <skipped/>
  </testcase> <!-- tcSourcingConfig -->
  <testcase name="tcSourcingConfig" time="0.000" classname="com.hasbrop2m.security.SourcingConfig">
    <skipped/>
  </testcase> <!-- tcSourcingConfig -->
  <testcase name="tcSourcingConfig" time="0.000" classname="com.hasbrop2m.security.SourcingConfig">
    <skipped/>
  </testcase> <!-- tcSourcingConfig -->
  <testcase name="tcSourcingConfig" time="0.000" classname="com.hasbrop2m.security.SourcingConfig">
    <skipped/>
  </testcase> <!-- tcSourcingConfig -->
  <testcase name="tcSourcingConfig" time="0.000" classname="com.hasbrop2m.security.SourcingConfig">
    <skipped/>
  </testcase> <!-- tcSourcingConfig -->
  <testcase name="tcSourcingConfig" time="0.000" classname="com.hasbrop2m.security.SourcingConfig">
    <skipped/>
  </testcase> <!-- tcSourcingConfig -->
  <testcase name="tcSourcingConfig" time="0.000" classname="com.hasbrop2m.security.SourcingConfig">
    <skipped/>
  </testcase> <!-- tcSourcingConfig -->
  <testcase name="tcSourcingConfig" time="0.000" classname="com.hasbrop2m.security.SourcingConfig">
    <skipped/>
  </testcase> <!-- tcSourcingConfig -->
  <testcase name="tcSourcingConfig" time="0.000" classname="com.hasbrop2m.security.SourcingConfig">
    <skipped/>
  </testcase> <!-- tcSourcingConfig -->
  <testcase name="tcSourcingConfig" time="0.000" classname="com.hasbrop2m.security.SourcingConfig">
    <skipped/>
  </testcase> <!-- tcSourcingConfig -->
  <testcase name="tcSourcingConfig" time="0.000" classname="com.hasbrop2m.security.SourcingConfig">
    <skipped/>
  </testcase> <!-- tcSourcingConfig -->
  <testcase name="tcSourcingConfig" time="0.000" classname="com.hasbrop2m.security.SourcingConfig">
    <skipped/>
  </testcase> <!-- tcSourcingConfig -->
  <testcase name="tcSourcingConfig" time="0.000" classname="com.hasbrop2m.security.SourcingConfig">
    <skipped/>
  </testcase> <!-- tcSourcingConfig -->
  <testcase name="tcSourcingConfig" time="0.000" classname="com.hasbrop2m.security.SourcingConfig">
    <skipped/>
  </testcase> <!-- tcSourcingConfig -->
  <testcase name="tcSourcingConfig" time="0.000" classname="com.hasbrop2m.security.SourcingConfig">
    <skipped/>
  </testcase> <!-- tcSourcingConfig -->
  <testcase name="tcSourcingConfig" time="0.000" classname="com.hasbrop2m.security.SourcingConfig">
    <skipped/>
  </testcase> <!-- tcSourcingConfig -->
  <testcase name="tcSourcingConfig" time="0.000" classname="com.hasbrop2m.security.SourcingConfig">
    <skipped/>
  </testcase> <!-- tcSourcingConfig -->
  <testcase name="tcSourcingConfig" time="0.000" classname="com.hasbrop2m.security.SourcingConfig">
    <skipped/>
  </testcase> <!-- tcSourcingConfig -->
  <testcase name="tcSourcingConfig" time="0.000" classname="com.hasbrop2m.security.SourcingConfig">
    <skipped/>
  </testcase> <!-- tcSourcingConfig -->
  <testcase name="tcSourcingConfig" time="0.000" classname="com.hasbrop2m.security.SourcingConfig">
    <skipped/>
  </testcase> <!-- tcSourcingConfig -->
  <testcase name="tcSourcingConfig" time="0.000" classname="com.hasbrop2m.security.SourcingConfig">
    <skipped/>
  </testcase> <!-- tcSourcingConfig -->
  <testcase name="tcSourcingConfig" time="0.000" classname="com.hasbrop2m.security.SourcingConfig">
    <skipped/>
  </testcase> <!-- tcSourcingConfig -->
  <testcase name="tcSourcingConfig" time="0.000" classname="com.hasbrop2m.security.SourcingConfig">
    <skipped/>
  </testcase> <!-- tcSourcingConfig -->
  <testcase name="tcSourcingConfig" time="0.000" classname="com.hasbrop2m.security.SourcingConfig">
    <skipped/>
  </testcase> <!-- tcSourcingConfig -->
  <testcase name="tcSourcingConfig" time="0.000" classname="com.hasbrop2m.security.SourcingConfig">
    <skipped/>
  </testcase> <!-- tcSourcingConfig -->
  <testcase name="tcSourcingConfig" time="0.000" classname="com.hasbrop2m.security.SourcingConfig">
    <skipped/>
  </testcase> <!-- tcSourcingConfig -->
  <testcase name="tcSourcingConfig" time="0.000" classname="com.hasbrop2m.security.SourcingConfig">
    <skipped/>
  </testcase> <!-- tcSourcingConfig -->
  <testcase name="tcSourcingConfig" time="0.000" classname="com.hasbrop2m.security.SourcingConfig">
    <skipped/>
  </testcase> <!-- tcSourcingConfig -->
  <testcase name="tcSourcingConfig" time="0.000" classname="com.hasbrop2m.security.SourcingConfig">
    <skipped/>
  </testcase> <!-- tcSourcingConfig -->
  <testcase name="tcSourcingConfig" time="0.000" classname="com.hasbrop2m.security.SourcingConfig">
    <skipped/>
  </testcase> <!-- tcSourcingConfig -->
  <testcase name="tcSourcingConfig" time="0.000" classname="com.hasbrop2m.security.SourcingConfig">
    <skipped/>
  </testcase> <!-- tcSourcingConfig -->
  <testcase name="tcSourcingConfig" time="0.000" classname="com.hasbrop2m.security.SourcingConfig">
    <skipped/>
  </testcase> <!-- tcSourcingConfig -->
  <testcase name="tcSourcingConfig" time="0.000" classname="com.hasbrop2m.security.SourcingConfig">
    <skipped/>
  </testcase> <!-- tcSourcingConfig -->
  <testcase name="tcSourcingConfig" time="0.000" classname="com.hasbrop2m.security.SourcingConfig">
    <skipped/>
  </testcase> <!-- tcSourcingConfig -->
  <testcase name="tcSourcingConfig" time="0.000" classname="com.hasbrop2m.security.SourcingConfig">
    <skipped/>
  </testcase> <!-- tcSourcingConfig -->
  <testcase name="tcSourcingConfig" time="0.000" classname="com.hasbrop2m.security.SourcingConfig">
    <skipped/>
  </testcase> <!-- tcSourcingConfig -->
  <testcase name="tcSourcingConfig" time="0.000" classname="com.hasbrop2m.security.SourcingConfig">
    <skipped/>
  </testcase> <!-- tcSourcingConfig -->
  <testcase name="tcSourcingConfig" time="0.000" classname="com.hasbrop2m.security.SourcingConfig">
    <skipped/>
  </testcase> <!-- tcSourcingConfig -->
  <testcase name="tcSourcingConfig" time="0.000" classname="com.hasbrop2m.security.SourcingConfig">
    <skipped/>
  </testcase> <!-- tcSourcingConfig -->
  <testcase name="tcSourcingConfig" time="0.000" classname="com.hasbrop2m.security.SourcingConfig">
    <skipped/>
  </testcase> <!-- tcSourcingConfig -->
  <testcase name="tcSourcingConfig" time="0.000" classname="com.hasbrop2m.security.SourcingConfig">
    <skipped/>
  </testcase> <!-- tcSourcingConfig -->
  <testcase name="tcSourcingConfig" time="0.000" classname="com.hasbrop2m.security.SourcingConfig">
    <skipped/>
  </testcase> <!-- tcSourcingConfig -->
  <testcase name="tcSourcingConfig" time="0.000" classname="com.hasbrop2m.security.SourcingConfig">
    <skipped/>
  </testcase> <!-- tcSourcingConfig -->
  <testcase name="tcSourcingConfig" time="0.000" classname="com.hasbrop2m.security.SourcingConfig">
    <skipped/>
  </testcase> <!-- tcSourcingConfig -->
  <testcase name="tcSourcingConfig" time="0.000" classname="com.hasbrop2m.security.SourcingConfig">
    <skipped/>
  </testcase> <!-- tcSourcingConfig -->
</testsuite> <!-- com.hasbrop2m.security.SourcingConfig -->
