<?xml version="1.0" encoding="UTF-8"?>
<!-- Generated by org.testng.reporters.JUnitReportReporter -->
<testsuite skipped="475" hostname="BDC6-LX-723061Y" name="com.hasbrop2m.security.BOMInternalMainUser" tests="475" failures="0" timestamp="10 Sep 2018 06:51:57 GMT" time="0.000" errors="0">
  <testcase name="tcBOM" time="0.000" classname="com.hasbrop2m.security.BOMInternalMainUser">
    <skipped/>
  </testcase> <!-- tcBOM -->
  <testcase name="tcBOM" time="0.000" classname="com.hasbrop2m.security.BOMInternalMainUser">
    <skipped/>
  </testcase> <!-- tcBOM -->
  <testcase name="tcBOM" time="0.000" classname="com.hasbrop2m.security.BOMInternalMainUser">
    <skipped/>
  </testcase> <!-- tcBOM -->
  <testcase name="tcBOM" time="0.000" classname="com.hasbrop2m.security.BOMInternalMainUser">
    <skipped/>
  </testcase> <!-- tcBOM -->
  <testcase name="tcBOM" time="0.000" classname="com.hasbrop2m.security.BOMInternalMainUser">
    <skipped/>
  </testcase> <!-- tcBOM -->
  <testcase name="tcBOM" time="0.000" classname="com.hasbrop2m.security.BOMInternalMainUser">
    <skipped/>
  </testcase> <!-- tcBOM -->
  <testcase name="tcBOM" time="0.000" classname="com.hasbrop2m.security.BOMInternalMainUser">
    <skipped/>
  </testcase> <!-- tcBOM -->
  <testcase name="tcBOM" time="0.000" classname="com.hasbrop2m.security.BOMInternalMainUser">
    <skipped/>
  </testcase> <!-- tcBOM -->
  <testcase name="tcBOM" time="0.000" classname="com.hasbrop2m.security.BOMInternalMainUser">
    <skipped/>
  </testcase> <!-- tcBOM -->
  <testcase name="tcBOM" time="0.000" classname="com.hasbrop2m.security.BOMInternalMainUser">
    <skipped/>
  </testcase> <!-- tcBOM -->
  <testcase name="tcBOM" time="0.000" classname="com.hasbrop2m.security.BOMInternalMainUser">
    <skipped/>
  </testcase> <!-- tcBOM -->
  <testcase name="tcBOM" time="0.000" classname="com.hasbrop2m.security.BOMInternalMainUser">
    <skipped/>
  </testcase> <!-- tcBOM -->
  <testcase name="tcBOM" time="0.000" classname="com.hasbrop2m.security.BOMInternalMainUser">
    <skipped/>
  </testcase> <!-- tcBOM -->
  <testcase name="tcBOM" time="0.000" classname="com.hasbrop2m.security.BOMInternalMainUser">
    <skipped/>
  </testcase> <!-- tcBOM -->
  <testcase name="tcBOM" time="0.000" classname="com.hasbrop2m.security.BOMInternalMainUser">
    <skipped/>
  </testcase> <!-- tcBOM -->
  <testcase name="tcBOM" time="0.000" classname="com.hasbrop2m.security.BOMInternalMainUser">
    <skipped/>
  </testcase> <!-- tcBOM -->
  <testcase name="tcBOM" time="0.000" classname="com.hasbrop2m.security.BOMInternalMainUser">
    <skipped/>
  </testcase> <!-- tcBOM -->
  <testcase name="tcBOM" time="0.000" classname="com.hasbrop2m.security.BOMInternalMainUser">
    <skipped/>
  </testcase> <!-- tcBOM -->
  <testcase name="tcBOM" time="0.000" classname="com.hasbrop2m.security.BOMInternalMainUser">
    <skipped/>
  </testcase> <!-- tcBOM -->
  <testcase name="tcBOM" time="0.000" classname="com.hasbrop2m.security.BOMInternalMainUser">
    <skipped/>
  </testcase> <!-- tcBOM -->
  <testcase name="tcBOM" time="0.000" classname="com.hasbrop2m.security.BOMInternalMainUser">
    <skipped/>
  </testcase> <!-- tcBOM -->
  <testcase name="tcBOM" time="0.000" classname="com.hasbrop2m.security.BOMInternalMainUser">
    <skipped/>
  </testcase> <!-- tcBOM -->
  <testcase name="tcBOM" time="0.000" classname="com.hasbrop2m.security.BOMInternalMainUser">
    <skipped/>
  </testcase> <!-- tcBOM -->
  <testcase name="tcBOM" time="0.000" classname="com.hasbrop2m.security.BOMInternalMainUser">
    <skipped/>
  </testcase> <!-- tcBOM -->
  <testcase name="tcBOM" time="0.000" classname="com.hasbrop2m.security.BOMInternalMainUser">
    <skipped/>
  </testcase> <!-- tcBOM -->
  <testcase name="tcBOM" time="0.000" classname="com.hasbrop2m.security.BOMInternalMainUser">
    <skipped/>
  </testcase> <!-- tcBOM -->
  <testcase name="tcBOM" time="0.000" classname="com.hasbrop2m.security.BOMInternalMainUser">
    <skipped/>
  </testcase> <!-- tcBOM -->
  <testcase name="tcBOM" time="0.000" classname="com.hasbrop2m.security.BOMInternalMainUser">
    <skipped/>
  </testcase> <!-- tcBOM -->
  <testcase name="tcBOM" time="0.000" classname="com.hasbrop2m.security.BOMInternalMainUser">
    <skipped/>
  </testcase> <!-- tcBOM -->
  <testcase name="tcBOM" time="0.000" classname="com.hasbrop2m.security.BOMInternalMainUser">
    <skipped/>
  </testcase> <!-- tcBOM -->
  <testcase name="tcBOM" time="0.000" classname="com.hasbrop2m.security.BOMInternalMainUser">
    <skipped/>
  </testcase> <!-- tcBOM -->
  <testcase name="tcBOM" time="0.000" classname="com.hasbrop2m.security.BOMInternalMainUser">
    <skipped/>
  </testcase> <!-- tcBOM -->
  <testcase name="tcBOM" time="0.000" classname="com.hasbrop2m.security.BOMInternalMainUser">
    <skipped/>
  </testcase> <!-- tcBOM -->
  <testcase name="tcBOM" time="0.000" classname="com.hasbrop2m.security.BOMInternalMainUser">
    <skipped/>
  </testcase> <!-- tcBOM -->
  <testcase name="tcBOM" time="0.000" classname="com.hasbrop2m.security.BOMInternalMainUser">
    <skipped/>
  </testcase> <!-- tcBOM -->
  <testcase name="tcBOM" time="0.000" classname="com.hasbrop2m.security.BOMInternalMainUser">
    <skipped/>
  </testcase> <!-- tcBOM -->
  <testcase name="tcBOM" time="0.000" classname="com.hasbrop2m.security.BOMInternalMainUser">
    <skipped/>
  </testcase> <!-- tcBOM -->
  <testcase name="tcBOM" time="0.000" classname="com.hasbrop2m.security.BOMInternalMainUser">
    <skipped/>
  </testcase> <!-- tcBOM -->
  <testcase name="tcBOM" time="0.000" classname="com.hasbrop2m.security.BOMInternalMainUser">
    <skipped/>
  </testcase> <!-- tcBOM -->
  <testcase name="tcBOM" time="0.000" classname="com.hasbrop2m.security.BOMInternalMainUser">
    <skipped/>
  </testcase> <!-- tcBOM -->
  <testcase name="tcBOM" time="0.000" classname="com.hasbrop2m.security.BOMInternalMainUser">
    <skipped/>
  </testcase> <!-- tcBOM -->
  <testcase name="tcBOM" time="0.000" classname="com.hasbrop2m.security.BOMInternalMainUser">
    <skipped/>
  </testcase> <!-- tcBOM -->
  <testcase name="tcBOM" time="0.000" classname="com.hasbrop2m.security.BOMInternalMainUser">
    <skipped/>
  </testcase> <!-- tcBOM -->
  <testcase name="tcBOM" time="0.000" classname="com.hasbrop2m.security.BOMInternalMainUser">
    <skipped/>
  </testcase> <!-- tcBOM -->
  <testcase name="tcBOM" time="0.000" classname="com.hasbrop2m.security.BOMInternalMainUser">
    <skipped/>
  </testcase> <!-- tcBOM -->
  <testcase name="tcBOM" time="0.000" classname="com.hasbrop2m.security.BOMInternalMainUser">
    <skipped/>
  </testcase> <!-- tcBOM -->
  <testcase name="tcBOM" time="0.000" classname="com.hasbrop2m.security.BOMInternalMainUser">
    <skipped/>
  </testcase> <!-- tcBOM -->
  <testcase name="tcBOM" time="0.000" classname="com.hasbrop2m.security.BOMInternalMainUser">
    <skipped/>
  </testcase> <!-- tcBOM -->
  <testcase name="tcBOM" time="0.000" classname="com.hasbrop2m.security.BOMInternalMainUser">
    <skipped/>
  </testcase> <!-- tcBOM -->
  <testcase name="tcBOM" time="0.000" classname="com.hasbrop2m.security.BOMInternalMainUser">
    <skipped/>
  </testcase> <!-- tcBOM -->
  <testcase name="tcBOM" time="0.000" classname="com.hasbrop2m.security.BOMInternalMainUser">
    <skipped/>
  </testcase> <!-- tcBOM -->
  <testcase name="tcBOM" time="0.000" classname="com.hasbrop2m.security.BOMInternalMainUser">
    <skipped/>
  </testcase> <!-- tcBOM -->
  <testcase name="tcBOM" time="0.000" classname="com.hasbrop2m.security.BOMInternalMainUser">
    <skipped/>
  </testcase> <!-- tcBOM -->
  <testcase name="tcBOM" time="0.000" classname="com.hasbrop2m.security.BOMInternalMainUser">
    <skipped/>
  </testcase> <!-- tcBOM -->
  <testcase name="tcBOM" time="0.000" classname="com.hasbrop2m.security.BOMInternalMainUser">
    <skipped/>
  </testcase> <!-- tcBOM -->
  <testcase name="tcBOM" time="0.000" classname="com.hasbrop2m.security.BOMInternalMainUser">
    <skipped/>
  </testcase> <!-- tcBOM -->
  <testcase name="tcBOM" time="0.000" classname="com.hasbrop2m.security.BOMInternalMainUser">
    <skipped/>
  </testcase> <!-- tcBOM -->
  <testcase name="tcBOM" time="0.000" classname="com.hasbrop2m.security.BOMInternalMainUser">
    <skipped/>
  </testcase> <!-- tcBOM -->
  <testcase name="tcBOM" time="0.000" classname="com.hasbrop2m.security.BOMInternalMainUser">
    <skipped/>
  </testcase> <!-- tcBOM -->
  <testcase name="tcBOM" time="0.000" classname="com.hasbrop2m.security.BOMInternalMainUser">
    <skipped/>
  </testcase> <!-- tcBOM -->
  <testcase name="tcBOM" time="0.000" classname="com.hasbrop2m.security.BOMInternalMainUser">
    <skipped/>
  </testcase> <!-- tcBOM -->
  <testcase name="tcBOM" time="0.000" classname="com.hasbrop2m.security.BOMInternalMainUser">
    <skipped/>
  </testcase> <!-- tcBOM -->
  <testcase name="tcBOM" time="0.000" classname="com.hasbrop2m.security.BOMInternalMainUser">
    <skipped/>
  </testcase> <!-- tcBOM -->
  <testcase name="tcBOM" time="0.000" classname="com.hasbrop2m.security.BOMInternalMainUser">
    <skipped/>
  </testcase> <!-- tcBOM -->
  <testcase name="tcBOM" time="0.000" classname="com.hasbrop2m.security.BOMInternalMainUser">
    <skipped/>
  </testcase> <!-- tcBOM -->
  <testcase name="tcBOM" time="0.000" classname="com.hasbrop2m.security.BOMInternalMainUser">
    <skipped/>
  </testcase> <!-- tcBOM -->
  <testcase name="tcBOM" time="0.000" classname="com.hasbrop2m.security.BOMInternalMainUser">
    <skipped/>
  </testcase> <!-- tcBOM -->
  <testcase name="tcBOM" time="0.000" classname="com.hasbrop2m.security.BOMInternalMainUser">
    <skipped/>
  </testcase> <!-- tcBOM -->
  <testcase name="tcBOM" time="0.000" classname="com.hasbrop2m.security.BOMInternalMainUser">
    <skipped/>
  </testcase> <!-- tcBOM -->
  <testcase name="tcBOM" time="0.000" classname="com.hasbrop2m.security.BOMInternalMainUser">
    <skipped/>
  </testcase> <!-- tcBOM -->
  <testcase name="tcBOM" time="0.000" classname="com.hasbrop2m.security.BOMInternalMainUser">
    <skipped/>
  </testcase> <!-- tcBOM -->
  <testcase name="tcBOM" time="0.000" classname="com.hasbrop2m.security.BOMInternalMainUser">
    <skipped/>
  </testcase> <!-- tcBOM -->
  <testcase name="tcBOM" time="0.000" classname="com.hasbrop2m.security.BOMInternalMainUser">
    <skipped/>
  </testcase> <!-- tcBOM -->
  <testcase name="tcBOM" time="0.000" classname="com.hasbrop2m.security.BOMInternalMainUser">
    <skipped/>
  </testcase> <!-- tcBOM -->
  <testcase name="tcBOM" time="0.000" classname="com.hasbrop2m.security.BOMInternalMainUser">
    <skipped/>
  </testcase> <!-- tcBOM -->
  <testcase name="tcBOM" time="0.000" classname="com.hasbrop2m.security.BOMInternalMainUser">
    <skipped/>
  </testcase> <!-- tcBOM -->
  <testcase name="tcBOM" time="0.000" classname="com.hasbrop2m.security.BOMInternalMainUser">
    <skipped/>
  </testcase> <!-- tcBOM -->
  <testcase name="tcBOM" time="0.000" classname="com.hasbrop2m.security.BOMInternalMainUser">
    <skipped/>
  </testcase> <!-- tcBOM -->
  <testcase name="tcBOM" time="0.000" classname="com.hasbrop2m.security.BOMInternalMainUser">
    <skipped/>
  </testcase> <!-- tcBOM -->
  <testcase name="tcBOM" time="0.000" classname="com.hasbrop2m.security.BOMInternalMainUser">
    <skipped/>
  </testcase> <!-- tcBOM -->
  <testcase name="tcBOM" time="0.000" classname="com.hasbrop2m.security.BOMInternalMainUser">
    <skipped/>
  </testcase> <!-- tcBOM -->
  <testcase name="tcBOM" time="0.000" classname="com.hasbrop2m.security.BOMInternalMainUser">
    <skipped/>
  </testcase> <!-- tcBOM -->
  <testcase name="tcBOM" time="0.000" classname="com.hasbrop2m.security.BOMInternalMainUser">
    <skipped/>
  </testcase> <!-- tcBOM -->
  <testcase name="tcBOM" time="0.000" classname="com.hasbrop2m.security.BOMInternalMainUser">
    <skipped/>
  </testcase> <!-- tcBOM -->
  <testcase name="tcBOM" time="0.000" classname="com.hasbrop2m.security.BOMInternalMainUser">
    <skipped/>
  </testcase> <!-- tcBOM -->
  <testcase name="tcBOM" time="0.000" classname="com.hasbrop2m.security.BOMInternalMainUser">
    <skipped/>
  </testcase> <!-- tcBOM -->
  <testcase name="tcBOM" time="0.000" classname="com.hasbrop2m.security.BOMInternalMainUser">
    <skipped/>
  </testcase> <!-- tcBOM -->
  <testcase name="tcBOM" time="0.000" classname="com.hasbrop2m.security.BOMInternalMainUser">
    <skipped/>
  </testcase> <!-- tcBOM -->
  <testcase name="tcBOM" time="0.000" classname="com.hasbrop2m.security.BOMInternalMainUser">
    <skipped/>
  </testcase> <!-- tcBOM -->
  <testcase name="tcBOM" time="0.000" classname="com.hasbrop2m.security.BOMInternalMainUser">
    <skipped/>
  </testcase> <!-- tcBOM -->
  <testcase name="tcBOM" time="0.000" classname="com.hasbrop2m.security.BOMInternalMainUser">
    <skipped/>
  </testcase> <!-- tcBOM -->
  <testcase name="tcBOM" time="0.000" classname="com.hasbrop2m.security.BOMInternalMainUser">
    <skipped/>
  </testcase> <!-- tcBOM -->
  <testcase name="tcBOM" time="0.000" classname="com.hasbrop2m.security.BOMInternalMainUser">
    <skipped/>
  </testcase> <!-- tcBOM -->
  <testcase name="tcBOM" time="0.000" classname="com.hasbrop2m.security.BOMInternalMainUser">
    <skipped/>
  </testcase> <!-- tcBOM -->
  <testcase name="tcBOM" time="0.000" classname="com.hasbrop2m.security.BOMInternalMainUser">
    <skipped/>
  </testcase> <!-- tcBOM -->
  <testcase name="tcBOM" time="0.000" classname="com.hasbrop2m.security.BOMInternalMainUser">
    <skipped/>
  </testcase> <!-- tcBOM -->
  <testcase name="tcBOM" time="0.000" classname="com.hasbrop2m.security.BOMInternalMainUser">
    <skipped/>
  </testcase> <!-- tcBOM -->
  <testcase name="tcBOM" time="0.000" classname="com.hasbrop2m.security.BOMInternalMainUser">
    <skipped/>
  </testcase> <!-- tcBOM -->
  <testcase name="tcBOM" time="0.000" classname="com.hasbrop2m.security.BOMInternalMainUser">
    <skipped/>
  </testcase> <!-- tcBOM -->
  <testcase name="tcBOM" time="0.000" classname="com.hasbrop2m.security.BOMInternalMainUser">
    <skipped/>
  </testcase> <!-- tcBOM -->
  <testcase name="tcBOM" time="0.000" classname="com.hasbrop2m.security.BOMInternalMainUser">
    <skipped/>
  </testcase> <!-- tcBOM -->
  <testcase name="tcBOM" time="0.000" classname="com.hasbrop2m.security.BOMInternalMainUser">
    <skipped/>
  </testcase> <!-- tcBOM -->
  <testcase name="tcBOM" time="0.000" classname="com.hasbrop2m.security.BOMInternalMainUser">
    <skipped/>
  </testcase> <!-- tcBOM -->
  <testcase name="tcBOM" time="0.000" classname="com.hasbrop2m.security.BOMInternalMainUser">
    <skipped/>
  </testcase> <!-- tcBOM -->
  <testcase name="tcBOM" time="0.000" classname="com.hasbrop2m.security.BOMInternalMainUser">
    <skipped/>
  </testcase> <!-- tcBOM -->
  <testcase name="tcBOM" time="0.000" classname="com.hasbrop2m.security.BOMInternalMainUser">
    <skipped/>
  </testcase> <!-- tcBOM -->
  <testcase name="tcBOM" time="0.000" classname="com.hasbrop2m.security.BOMInternalMainUser">
    <skipped/>
  </testcase> <!-- tcBOM -->
  <testcase name="tcBOM" time="0.000" classname="com.hasbrop2m.security.BOMInternalMainUser">
    <skipped/>
  </testcase> <!-- tcBOM -->
  <testcase name="tcBOM" time="0.000" classname="com.hasbrop2m.security.BOMInternalMainUser">
    <skipped/>
  </testcase> <!-- tcBOM -->
  <testcase name="tcBOM" time="0.000" classname="com.hasbrop2m.security.BOMInternalMainUser">
    <skipped/>
  </testcase> <!-- tcBOM -->
  <testcase name="tcBOM" time="0.000" classname="com.hasbrop2m.security.BOMInternalMainUser">
    <skipped/>
  </testcase> <!-- tcBOM -->
  <testcase name="tcBOM" time="0.000" classname="com.hasbrop2m.security.BOMInternalMainUser">
    <skipped/>
  </testcase> <!-- tcBOM -->
  <testcase name="tcBOM" time="0.000" classname="com.hasbrop2m.security.BOMInternalMainUser">
    <skipped/>
  </testcase> <!-- tcBOM -->
  <testcase name="tcBOM" time="0.000" classname="com.hasbrop2m.security.BOMInternalMainUser">
    <skipped/>
  </testcase> <!-- tcBOM -->
  <testcase name="tcBOM" time="0.000" classname="com.hasbrop2m.security.BOMInternalMainUser">
    <skipped/>
  </testcase> <!-- tcBOM -->
  <testcase name="tcBOM" time="0.000" classname="com.hasbrop2m.security.BOMInternalMainUser">
    <skipped/>
  </testcase> <!-- tcBOM -->
  <testcase name="tcBOM" time="0.000" classname="com.hasbrop2m.security.BOMInternalMainUser">
    <skipped/>
  </testcase> <!-- tcBOM -->
  <testcase name="tcBOM" time="0.000" classname="com.hasbrop2m.security.BOMInternalMainUser">
    <skipped/>
  </testcase> <!-- tcBOM -->
  <testcase name="tcBOM" time="0.000" classname="com.hasbrop2m.security.BOMInternalMainUser">
    <skipped/>
  </testcase> <!-- tcBOM -->
  <testcase name="tcBOM" time="0.000" classname="com.hasbrop2m.security.BOMInternalMainUser">
    <skipped/>
  </testcase> <!-- tcBOM -->
  <testcase name="tcBOM" time="0.000" classname="com.hasbrop2m.security.BOMInternalMainUser">
    <skipped/>
  </testcase> <!-- tcBOM -->
  <testcase name="tcBOM" time="0.000" classname="com.hasbrop2m.security.BOMInternalMainUser">
    <skipped/>
  </testcase> <!-- tcBOM -->
  <testcase name="tcBOM" time="0.000" classname="com.hasbrop2m.security.BOMInternalMainUser">
    <skipped/>
  </testcase> <!-- tcBOM -->
  <testcase name="tcBOM" time="0.000" classname="com.hasbrop2m.security.BOMInternalMainUser">
    <skipped/>
  </testcase> <!-- tcBOM -->
  <testcase name="tcBOM" time="0.000" classname="com.hasbrop2m.security.BOMInternalMainUser">
    <skipped/>
  </testcase> <!-- tcBOM -->
  <testcase name="tcBOM" time="0.000" classname="com.hasbrop2m.security.BOMInternalMainUser">
    <skipped/>
  </testcase> <!-- tcBOM -->
  <testcase name="tcBOM" time="0.000" classname="com.hasbrop2m.security.BOMInternalMainUser">
    <skipped/>
  </testcase> <!-- tcBOM -->
  <testcase name="tcBOM" time="0.000" classname="com.hasbrop2m.security.BOMInternalMainUser">
    <skipped/>
  </testcase> <!-- tcBOM -->
  <testcase name="tcBOM" time="0.000" classname="com.hasbrop2m.security.BOMInternalMainUser">
    <skipped/>
  </testcase> <!-- tcBOM -->
  <testcase name="tcBOM" time="0.000" classname="com.hasbrop2m.security.BOMInternalMainUser">
    <skipped/>
  </testcase> <!-- tcBOM -->
  <testcase name="tcBOM" time="0.000" classname="com.hasbrop2m.security.BOMInternalMainUser">
    <skipped/>
  </testcase> <!-- tcBOM -->
  <testcase name="tcBOM" time="0.000" classname="com.hasbrop2m.security.BOMInternalMainUser">
    <skipped/>
  </testcase> <!-- tcBOM -->
  <testcase name="tcBOM" time="0.000" classname="com.hasbrop2m.security.BOMInternalMainUser">
    <skipped/>
  </testcase> <!-- tcBOM -->
  <testcase name="tcBOM" time="0.000" classname="com.hasbrop2m.security.BOMInternalMainUser">
    <skipped/>
  </testcase> <!-- tcBOM -->
  <testcase name="tcBOM" time="0.000" classname="com.hasbrop2m.security.BOMInternalMainUser">
    <skipped/>
  </testcase> <!-- tcBOM -->
  <testcase name="tcBOM" time="0.000" classname="com.hasbrop2m.security.BOMInternalMainUser">
    <skipped/>
  </testcase> <!-- tcBOM -->
  <testcase name="tcBOM" time="0.000" classname="com.hasbrop2m.security.BOMInternalMainUser">
    <skipped/>
  </testcase> <!-- tcBOM -->
  <testcase name="tcBOM" time="0.000" classname="com.hasbrop2m.security.BOMInternalMainUser">
    <skipped/>
  </testcase> <!-- tcBOM -->
  <testcase name="tcBOM" time="0.000" classname="com.hasbrop2m.security.BOMInternalMainUser">
    <skipped/>
  </testcase> <!-- tcBOM -->
  <testcase name="tcBOM" time="0.000" classname="com.hasbrop2m.security.BOMInternalMainUser">
    <skipped/>
  </testcase> <!-- tcBOM -->
  <testcase name="tcBOM" time="0.000" classname="com.hasbrop2m.security.BOMInternalMainUser">
    <skipped/>
  </testcase> <!-- tcBOM -->
  <testcase name="tcBOM" time="0.000" classname="com.hasbrop2m.security.BOMInternalMainUser">
    <skipped/>
  </testcase> <!-- tcBOM -->
  <testcase name="tcBOM" time="0.000" classname="com.hasbrop2m.security.BOMInternalMainUser">
    <skipped/>
  </testcase> <!-- tcBOM -->
  <testcase name="tcBOM" time="0.000" classname="com.hasbrop2m.security.BOMInternalMainUser">
    <skipped/>
  </testcase> <!-- tcBOM -->
  <testcase name="tcBOM" time="0.000" classname="com.hasbrop2m.security.BOMInternalMainUser">
    <skipped/>
  </testcase> <!-- tcBOM -->
  <testcase name="tcBOM" time="0.000" classname="com.hasbrop2m.security.BOMInternalMainUser">
    <skipped/>
  </testcase> <!-- tcBOM -->
  <testcase name="tcBOM" time="0.000" classname="com.hasbrop2m.security.BOMInternalMainUser">
    <skipped/>
  </testcase> <!-- tcBOM -->
  <testcase name="tcBOM" time="0.000" classname="com.hasbrop2m.security.BOMInternalMainUser">
    <skipped/>
  </testcase> <!-- tcBOM -->
  <testcase name="tcBOM" time="0.000" classname="com.hasbrop2m.security.BOMInternalMainUser">
    <skipped/>
  </testcase> <!-- tcBOM -->
  <testcase name="tcBOM" time="0.000" classname="com.hasbrop2m.security.BOMInternalMainUser">
    <skipped/>
  </testcase> <!-- tcBOM -->
  <testcase name="tcBOM" time="0.000" classname="com.hasbrop2m.security.BOMInternalMainUser">
    <skipped/>
  </testcase> <!-- tcBOM -->
  <testcase name="tcBOM" time="0.000" classname="com.hasbrop2m.security.BOMInternalMainUser">
    <skipped/>
  </testcase> <!-- tcBOM -->
  <testcase name="tcBOM" time="0.000" classname="com.hasbrop2m.security.BOMInternalMainUser">
    <skipped/>
  </testcase> <!-- tcBOM -->
  <testcase name="tcBOM" time="0.000" classname="com.hasbrop2m.security.BOMInternalMainUser">
    <skipped/>
  </testcase> <!-- tcBOM -->
  <testcase name="tcBOM" time="0.000" classname="com.hasbrop2m.security.BOMInternalMainUser">
    <skipped/>
  </testcase> <!-- tcBOM -->
  <testcase name="tcBOM" time="0.000" classname="com.hasbrop2m.security.BOMInternalMainUser">
    <skipped/>
  </testcase> <!-- tcBOM -->
  <testcase name="tcBOM" time="0.000" classname="com.hasbrop2m.security.BOMInternalMainUser">
    <skipped/>
  </testcase> <!-- tcBOM -->
  <testcase name="tcBOM" time="0.000" classname="com.hasbrop2m.security.BOMInternalMainUser">
    <skipped/>
  </testcase> <!-- tcBOM -->
  <testcase name="tcBOM" time="0.000" classname="com.hasbrop2m.security.BOMInternalMainUser">
    <skipped/>
  </testcase> <!-- tcBOM -->
  <testcase name="tcBOM" time="0.000" classname="com.hasbrop2m.security.BOMInternalMainUser">
    <skipped/>
  </testcase> <!-- tcBOM -->
  <testcase name="tcBOM" time="0.000" classname="com.hasbrop2m.security.BOMInternalMainUser">
    <skipped/>
  </testcase> <!-- tcBOM -->
  <testcase name="tcBOM" time="0.000" classname="com.hasbrop2m.security.BOMInternalMainUser">
    <skipped/>
  </testcase> <!-- tcBOM -->
  <testcase name="tcBOM" time="0.000" classname="com.hasbrop2m.security.BOMInternalMainUser">
    <skipped/>
  </testcase> <!-- tcBOM -->
  <testcase name="tcBOM" time="0.000" classname="com.hasbrop2m.security.BOMInternalMainUser">
    <skipped/>
  </testcase> <!-- tcBOM -->
  <testcase name="tcBOM" time="0.000" classname="com.hasbrop2m.security.BOMInternalMainUser">
    <skipped/>
  </testcase> <!-- tcBOM -->
  <testcase name="tcBOM" time="0.000" classname="com.hasbrop2m.security.BOMInternalMainUser">
    <skipped/>
  </testcase> <!-- tcBOM -->
  <testcase name="tcBOM" time="0.000" classname="com.hasbrop2m.security.BOMInternalMainUser">
    <skipped/>
  </testcase> <!-- tcBOM -->
  <testcase name="tcBOM" time="0.000" classname="com.hasbrop2m.security.BOMInternalMainUser">
    <skipped/>
  </testcase> <!-- tcBOM -->
  <testcase name="tcBOM" time="0.000" classname="com.hasbrop2m.security.BOMInternalMainUser">
    <skipped/>
  </testcase> <!-- tcBOM -->
  <testcase name="tcBOM" time="0.000" classname="com.hasbrop2m.security.BOMInternalMainUser">
    <skipped/>
  </testcase> <!-- tcBOM -->
  <testcase name="tcBOM" time="0.000" classname="com.hasbrop2m.security.BOMInternalMainUser">
    <skipped/>
  </testcase> <!-- tcBOM -->
  <testcase name="tcBOM" time="0.000" classname="com.hasbrop2m.security.BOMInternalMainUser">
    <skipped/>
  </testcase> <!-- tcBOM -->
  <testcase name="tcBOM" time="0.000" classname="com.hasbrop2m.security.BOMInternalMainUser">
    <skipped/>
  </testcase> <!-- tcBOM -->
  <testcase name="tcBOM" time="0.000" classname="com.hasbrop2m.security.BOMInternalMainUser">
    <skipped/>
  </testcase> <!-- tcBOM -->
  <testcase name="tcBOM" time="0.000" classname="com.hasbrop2m.security.BOMInternalMainUser">
    <skipped/>
  </testcase> <!-- tcBOM -->
  <testcase name="tcBOM" time="0.000" classname="com.hasbrop2m.security.BOMInternalMainUser">
    <skipped/>
  </testcase> <!-- tcBOM -->
  <testcase name="tcBOM" time="0.000" classname="com.hasbrop2m.security.BOMInternalMainUser">
    <skipped/>
  </testcase> <!-- tcBOM -->
  <testcase name="tcBOM" time="0.000" classname="com.hasbrop2m.security.BOMInternalMainUser">
    <skipped/>
  </testcase> <!-- tcBOM -->
  <testcase name="tcBOM" time="0.000" classname="com.hasbrop2m.security.BOMInternalMainUser">
    <skipped/>
  </testcase> <!-- tcBOM -->
  <testcase name="tcBOM" time="0.000" classname="com.hasbrop2m.security.BOMInternalMainUser">
    <skipped/>
  </testcase> <!-- tcBOM -->
  <testcase name="tcBOM" time="0.000" classname="com.hasbrop2m.security.BOMInternalMainUser">
    <skipped/>
  </testcase> <!-- tcBOM -->
  <testcase name="tcBOM" time="0.000" classname="com.hasbrop2m.security.BOMInternalMainUser">
    <skipped/>
  </testcase> <!-- tcBOM -->
  <testcase name="tcBOM" time="0.000" classname="com.hasbrop2m.security.BOMInternalMainUser">
    <skipped/>
  </testcase> <!-- tcBOM -->
  <testcase name="tcBOM" time="0.000" classname="com.hasbrop2m.security.BOMInternalMainUser">
    <skipped/>
  </testcase> <!-- tcBOM -->
  <testcase name="tcBOM" time="0.000" classname="com.hasbrop2m.security.BOMInternalMainUser">
    <skipped/>
  </testcase> <!-- tcBOM -->
  <testcase name="tcBOM" time="0.000" classname="com.hasbrop2m.security.BOMInternalMainUser">
    <skipped/>
  </testcase> <!-- tcBOM -->
  <testcase name="tcBOM" time="0.000" classname="com.hasbrop2m.security.BOMInternalMainUser">
    <skipped/>
  </testcase> <!-- tcBOM -->
  <testcase name="tcBOM" time="0.000" classname="com.hasbrop2m.security.BOMInternalMainUser">
    <skipped/>
  </testcase> <!-- tcBOM -->
  <testcase name="tcBOM" time="0.000" classname="com.hasbrop2m.security.BOMInternalMainUser">
    <skipped/>
  </testcase> <!-- tcBOM -->
  <testcase name="tcBOM" time="0.000" classname="com.hasbrop2m.security.BOMInternalMainUser">
    <skipped/>
  </testcase> <!-- tcBOM -->
  <testcase name="tcBOM" time="0.000" classname="com.hasbrop2m.security.BOMInternalMainUser">
    <skipped/>
  </testcase> <!-- tcBOM -->
  <testcase name="tcBOM" time="0.000" classname="com.hasbrop2m.security.BOMInternalMainUser">
    <skipped/>
  </testcase> <!-- tcBOM -->
  <testcase name="tcBOM" time="0.000" classname="com.hasbrop2m.security.BOMInternalMainUser">
    <skipped/>
  </testcase> <!-- tcBOM -->
  <testcase name="tcBOM" time="0.000" classname="com.hasbrop2m.security.BOMInternalMainUser">
    <skipped/>
  </testcase> <!-- tcBOM -->
  <testcase name="tcBOM" time="0.000" classname="com.hasbrop2m.security.BOMInternalMainUser">
    <skipped/>
  </testcase> <!-- tcBOM -->
  <testcase name="tcBOM" time="0.000" classname="com.hasbrop2m.security.BOMInternalMainUser">
    <skipped/>
  </testcase> <!-- tcBOM -->
  <testcase name="tcBOM" time="0.000" classname="com.hasbrop2m.security.BOMInternalMainUser">
    <skipped/>
  </testcase> <!-- tcBOM -->
  <testcase name="tcBOM" time="0.000" classname="com.hasbrop2m.security.BOMInternalMainUser">
    <skipped/>
  </testcase> <!-- tcBOM -->
  <testcase name="tcBOM" time="0.000" classname="com.hasbrop2m.security.BOMInternalMainUser">
    <skipped/>
  </testcase> <!-- tcBOM -->
  <testcase name="tcBOM" time="0.000" classname="com.hasbrop2m.security.BOMInternalMainUser">
    <skipped/>
  </testcase> <!-- tcBOM -->
  <testcase name="tcBOM" time="0.000" classname="com.hasbrop2m.security.BOMInternalMainUser">
    <skipped/>
  </testcase> <!-- tcBOM -->
  <testcase name="tcBOM" time="0.000" classname="com.hasbrop2m.security.BOMInternalMainUser">
    <skipped/>
  </testcase> <!-- tcBOM -->
  <testcase name="tcBOM" time="0.000" classname="com.hasbrop2m.security.BOMInternalMainUser">
    <skipped/>
  </testcase> <!-- tcBOM -->
  <testcase name="tcBOM" time="0.000" classname="com.hasbrop2m.security.BOMInternalMainUser">
    <skipped/>
  </testcase> <!-- tcBOM -->
  <testcase name="tcBOM" time="0.000" classname="com.hasbrop2m.security.BOMInternalMainUser">
    <skipped/>
  </testcase> <!-- tcBOM -->
  <testcase name="tcBOM" time="0.000" classname="com.hasbrop2m.security.BOMInternalMainUser">
    <skipped/>
  </testcase> <!-- tcBOM -->
  <testcase name="tcBOM" time="0.000" classname="com.hasbrop2m.security.BOMInternalMainUser">
    <skipped/>
  </testcase> <!-- tcBOM -->
  <testcase name="tcBOM" time="0.000" classname="com.hasbrop2m.security.BOMInternalMainUser">
    <skipped/>
  </testcase> <!-- tcBOM -->
  <testcase name="tcBOM" time="0.000" classname="com.hasbrop2m.security.BOMInternalMainUser">
    <skipped/>
  </testcase> <!-- tcBOM -->
  <testcase name="tcBOM" time="0.000" classname="com.hasbrop2m.security.BOMInternalMainUser">
    <skipped/>
  </testcase> <!-- tcBOM -->
  <testcase name="tcBOM" time="0.000" classname="com.hasbrop2m.security.BOMInternalMainUser">
    <skipped/>
  </testcase> <!-- tcBOM -->
  <testcase name="tcBOM" time="0.000" classname="com.hasbrop2m.security.BOMInternalMainUser">
    <skipped/>
  </testcase> <!-- tcBOM -->
  <testcase name="tcBOM" time="0.000" classname="com.hasbrop2m.security.BOMInternalMainUser">
    <skipped/>
  </testcase> <!-- tcBOM -->
  <testcase name="tcBOM" time="0.000" classname="com.hasbrop2m.security.BOMInternalMainUser">
    <skipped/>
  </testcase> <!-- tcBOM -->
  <testcase name="tcBOM" time="0.000" classname="com.hasbrop2m.security.BOMInternalMainUser">
    <skipped/>
  </testcase> <!-- tcBOM -->
  <testcase name="tcBOM" time="0.000" classname="com.hasbrop2m.security.BOMInternalMainUser">
    <skipped/>
  </testcase> <!-- tcBOM -->
  <testcase name="tcBOM" time="0.000" classname="com.hasbrop2m.security.BOMInternalMainUser">
    <skipped/>
  </testcase> <!-- tcBOM -->
  <testcase name="tcBOM" time="0.000" classname="com.hasbrop2m.security.BOMInternalMainUser">
    <skipped/>
  </testcase> <!-- tcBOM -->
  <testcase name="tcBOM" time="0.000" classname="com.hasbrop2m.security.BOMInternalMainUser">
    <skipped/>
  </testcase> <!-- tcBOM -->
  <testcase name="tcBOM" time="0.000" classname="com.hasbrop2m.security.BOMInternalMainUser">
    <skipped/>
  </testcase> <!-- tcBOM -->
  <testcase name="tcBOM" time="0.000" classname="com.hasbrop2m.security.BOMInternalMainUser">
    <skipped/>
  </testcase> <!-- tcBOM -->
  <testcase name="tcBOM" time="0.000" classname="com.hasbrop2m.security.BOMInternalMainUser">
    <skipped/>
  </testcase> <!-- tcBOM -->
  <testcase name="tcBOM" time="0.000" classname="com.hasbrop2m.security.BOMInternalMainUser">
    <skipped/>
  </testcase> <!-- tcBOM -->
  <testcase name="tcBOM" time="0.000" classname="com.hasbrop2m.security.BOMInternalMainUser">
    <skipped/>
  </testcase> <!-- tcBOM -->
  <testcase name="tcBOM" time="0.000" classname="com.hasbrop2m.security.BOMInternalMainUser">
    <skipped/>
  </testcase> <!-- tcBOM -->
  <testcase name="tcBOM" time="0.000" classname="com.hasbrop2m.security.BOMInternalMainUser">
    <skipped/>
  </testcase> <!-- tcBOM -->
  <testcase name="tcBOM" time="0.000" classname="com.hasbrop2m.security.BOMInternalMainUser">
    <skipped/>
  </testcase> <!-- tcBOM -->
  <testcase name="tcBOM" time="0.000" classname="com.hasbrop2m.security.BOMInternalMainUser">
    <skipped/>
  </testcase> <!-- tcBOM -->
  <testcase name="tcBOM" time="0.000" classname="com.hasbrop2m.security.BOMInternalMainUser">
    <skipped/>
  </testcase> <!-- tcBOM -->
  <testcase name="tcBOM" time="0.000" classname="com.hasbrop2m.security.BOMInternalMainUser">
    <skipped/>
  </testcase> <!-- tcBOM -->
  <testcase name="tcBOM" time="0.000" classname="com.hasbrop2m.security.BOMInternalMainUser">
    <skipped/>
  </testcase> <!-- tcBOM -->
  <testcase name="tcBOM" time="0.000" classname="com.hasbrop2m.security.BOMInternalMainUser">
    <skipped/>
  </testcase> <!-- tcBOM -->
  <testcase name="tcBOM" time="0.000" classname="com.hasbrop2m.security.BOMInternalMainUser">
    <skipped/>
  </testcase> <!-- tcBOM -->
  <testcase name="tcBOM" time="0.000" classname="com.hasbrop2m.security.BOMInternalMainUser">
    <skipped/>
  </testcase> <!-- tcBOM -->
  <testcase name="tcBOM" time="0.000" classname="com.hasbrop2m.security.BOMInternalMainUser">
    <skipped/>
  </testcase> <!-- tcBOM -->
  <testcase name="tcBOM" time="0.000" classname="com.hasbrop2m.security.BOMInternalMainUser">
    <skipped/>
  </testcase> <!-- tcBOM -->
  <testcase name="tcBOM" time="0.000" classname="com.hasbrop2m.security.BOMInternalMainUser">
    <skipped/>
  </testcase> <!-- tcBOM -->
  <testcase name="tcBOM" time="0.000" classname="com.hasbrop2m.security.BOMInternalMainUser">
    <skipped/>
  </testcase> <!-- tcBOM -->
  <testcase name="tcBOM" time="0.000" classname="com.hasbrop2m.security.BOMInternalMainUser">
    <skipped/>
  </testcase> <!-- tcBOM -->
  <testcase name="tcBOM" time="0.000" classname="com.hasbrop2m.security.BOMInternalMainUser">
    <skipped/>
  </testcase> <!-- tcBOM -->
  <testcase name="tcBOM" time="0.000" classname="com.hasbrop2m.security.BOMInternalMainUser">
    <skipped/>
  </testcase> <!-- tcBOM -->
  <testcase name="tcBOM" time="0.000" classname="com.hasbrop2m.security.BOMInternalMainUser">
    <skipped/>
  </testcase> <!-- tcBOM -->
  <testcase name="tcBOM" time="0.000" classname="com.hasbrop2m.security.BOMInternalMainUser">
    <skipped/>
  </testcase> <!-- tcBOM -->
  <testcase name="tcBOM" time="0.000" classname="com.hasbrop2m.security.BOMInternalMainUser">
    <skipped/>
  </testcase> <!-- tcBOM -->
  <testcase name="tcBOM" time="0.000" classname="com.hasbrop2m.security.BOMInternalMainUser">
    <skipped/>
  </testcase> <!-- tcBOM -->
  <testcase name="tcBOM" time="0.000" classname="com.hasbrop2m.security.BOMInternalMainUser">
    <skipped/>
  </testcase> <!-- tcBOM -->
  <testcase name="tcBOM" time="0.000" classname="com.hasbrop2m.security.BOMInternalMainUser">
    <skipped/>
  </testcase> <!-- tcBOM -->
  <testcase name="tcBOM" time="0.000" classname="com.hasbrop2m.security.BOMInternalMainUser">
    <skipped/>
  </testcase> <!-- tcBOM -->
  <testcase name="tcBOM" time="0.000" classname="com.hasbrop2m.security.BOMInternalMainUser">
    <skipped/>
  </testcase> <!-- tcBOM -->
  <testcase name="tcBOM" time="0.000" classname="com.hasbrop2m.security.BOMInternalMainUser">
    <skipped/>
  </testcase> <!-- tcBOM -->
  <testcase name="tcBOM" time="0.000" classname="com.hasbrop2m.security.BOMInternalMainUser">
    <skipped/>
  </testcase> <!-- tcBOM -->
  <testcase name="tcBOM" time="0.000" classname="com.hasbrop2m.security.BOMInternalMainUser">
    <skipped/>
  </testcase> <!-- tcBOM -->
  <testcase name="tcBOM" time="0.000" classname="com.hasbrop2m.security.BOMInternalMainUser">
    <skipped/>
  </testcase> <!-- tcBOM -->
  <testcase name="tcBOM" time="0.000" classname="com.hasbrop2m.security.BOMInternalMainUser">
    <skipped/>
  </testcase> <!-- tcBOM -->
  <testcase name="tcBOM" time="0.000" classname="com.hasbrop2m.security.BOMInternalMainUser">
    <skipped/>
  </testcase> <!-- tcBOM -->
  <testcase name="tcBOM" time="0.000" classname="com.hasbrop2m.security.BOMInternalMainUser">
    <skipped/>
  </testcase> <!-- tcBOM -->
  <testcase name="tcBOM" time="0.000" classname="com.hasbrop2m.security.BOMInternalMainUser">
    <skipped/>
  </testcase> <!-- tcBOM -->
  <testcase name="tcBOM" time="0.000" classname="com.hasbrop2m.security.BOMInternalMainUser">
    <skipped/>
  </testcase> <!-- tcBOM -->
  <testcase name="tcBOM" time="0.000" classname="com.hasbrop2m.security.BOMInternalMainUser">
    <skipped/>
  </testcase> <!-- tcBOM -->
  <testcase name="tcBOM" time="0.000" classname="com.hasbrop2m.security.BOMInternalMainUser">
    <skipped/>
  </testcase> <!-- tcBOM -->
  <testcase name="tcBOM" time="0.000" classname="com.hasbrop2m.security.BOMInternalMainUser">
    <skipped/>
  </testcase> <!-- tcBOM -->
  <testcase name="tcBOM" time="0.000" classname="com.hasbrop2m.security.BOMInternalMainUser">
    <skipped/>
  </testcase> <!-- tcBOM -->
  <testcase name="tcBOM" time="0.000" classname="com.hasbrop2m.security.BOMInternalMainUser">
    <skipped/>
  </testcase> <!-- tcBOM -->
  <testcase name="tcBOM" time="0.000" classname="com.hasbrop2m.security.BOMInternalMainUser">
    <skipped/>
  </testcase> <!-- tcBOM -->
  <testcase name="tcBOM" time="0.000" classname="com.hasbrop2m.security.BOMInternalMainUser">
    <skipped/>
  </testcase> <!-- tcBOM -->
  <testcase name="tcBOM" time="0.000" classname="com.hasbrop2m.security.BOMInternalMainUser">
    <skipped/>
  </testcase> <!-- tcBOM -->
  <testcase name="tcBOM" time="0.000" classname="com.hasbrop2m.security.BOMInternalMainUser">
    <skipped/>
  </testcase> <!-- tcBOM -->
  <testcase name="tcBOM" time="0.000" classname="com.hasbrop2m.security.BOMInternalMainUser">
    <skipped/>
  </testcase> <!-- tcBOM -->
  <testcase name="tcBOM" time="0.000" classname="com.hasbrop2m.security.BOMInternalMainUser">
    <skipped/>
  </testcase> <!-- tcBOM -->
  <testcase name="tcBOM" time="0.000" classname="com.hasbrop2m.security.BOMInternalMainUser">
    <skipped/>
  </testcase> <!-- tcBOM -->
  <testcase name="tcBOM" time="0.000" classname="com.hasbrop2m.security.BOMInternalMainUser">
    <skipped/>
  </testcase> <!-- tcBOM -->
  <testcase name="tcBOM" time="0.000" classname="com.hasbrop2m.security.BOMInternalMainUser">
    <skipped/>
  </testcase> <!-- tcBOM -->
  <testcase name="tcBOM" time="0.000" classname="com.hasbrop2m.security.BOMInternalMainUser">
    <skipped/>
  </testcase> <!-- tcBOM -->
  <testcase name="tcBOM" time="0.000" classname="com.hasbrop2m.security.BOMInternalMainUser">
    <skipped/>
  </testcase> <!-- tcBOM -->
  <testcase name="tcBOM" time="0.000" classname="com.hasbrop2m.security.BOMInternalMainUser">
    <skipped/>
  </testcase> <!-- tcBOM -->
  <testcase name="tcBOM" time="0.000" classname="com.hasbrop2m.security.BOMInternalMainUser">
    <skipped/>
  </testcase> <!-- tcBOM -->
  <testcase name="tcBOM" time="0.000" classname="com.hasbrop2m.security.BOMInternalMainUser">
    <skipped/>
  </testcase> <!-- tcBOM -->
  <testcase name="tcBOM" time="0.000" classname="com.hasbrop2m.security.BOMInternalMainUser">
    <skipped/>
  </testcase> <!-- tcBOM -->
  <testcase name="tcBOM" time="0.000" classname="com.hasbrop2m.security.BOMInternalMainUser">
    <skipped/>
  </testcase> <!-- tcBOM -->
  <testcase name="tcBOM" time="0.000" classname="com.hasbrop2m.security.BOMInternalMainUser">
    <skipped/>
  </testcase> <!-- tcBOM -->
  <testcase name="tcBOM" time="0.000" classname="com.hasbrop2m.security.BOMInternalMainUser">
    <skipped/>
  </testcase> <!-- tcBOM -->
  <testcase name="tcBOM" time="0.000" classname="com.hasbrop2m.security.BOMInternalMainUser">
    <skipped/>
  </testcase> <!-- tcBOM -->
  <testcase name="tcBOM" time="0.000" classname="com.hasbrop2m.security.BOMInternalMainUser">
    <skipped/>
  </testcase> <!-- tcBOM -->
  <testcase name="tcBOM" time="0.000" classname="com.hasbrop2m.security.BOMInternalMainUser">
    <skipped/>
  </testcase> <!-- tcBOM -->
  <testcase name="tcBOM" time="0.000" classname="com.hasbrop2m.security.BOMInternalMainUser">
    <skipped/>
  </testcase> <!-- tcBOM -->
  <testcase name="tcBOM" time="0.000" classname="com.hasbrop2m.security.BOMInternalMainUser">
    <skipped/>
  </testcase> <!-- tcBOM -->
  <testcase name="tcBOM" time="0.000" classname="com.hasbrop2m.security.BOMInternalMainUser">
    <skipped/>
  </testcase> <!-- tcBOM -->
  <testcase name="tcBOM" time="0.000" classname="com.hasbrop2m.security.BOMInternalMainUser">
    <skipped/>
  </testcase> <!-- tcBOM -->
  <testcase name="tcBOM" time="0.000" classname="com.hasbrop2m.security.BOMInternalMainUser">
    <skipped/>
  </testcase> <!-- tcBOM -->
  <testcase name="tcBOM" time="0.000" classname="com.hasbrop2m.security.BOMInternalMainUser">
    <skipped/>
  </testcase> <!-- tcBOM -->
  <testcase name="tcBOM" time="0.000" classname="com.hasbrop2m.security.BOMInternalMainUser">
    <skipped/>
  </testcase> <!-- tcBOM -->
  <testcase name="tcBOM" time="0.000" classname="com.hasbrop2m.security.BOMInternalMainUser">
    <skipped/>
  </testcase> <!-- tcBOM -->
  <testcase name="tcBOM" time="0.000" classname="com.hasbrop2m.security.BOMInternalMainUser">
    <skipped/>
  </testcase> <!-- tcBOM -->
  <testcase name="tcBOM" time="0.000" classname="com.hasbrop2m.security.BOMInternalMainUser">
    <skipped/>
  </testcase> <!-- tcBOM -->
  <testcase name="tcBOM" time="0.000" classname="com.hasbrop2m.security.BOMInternalMainUser">
    <skipped/>
  </testcase> <!-- tcBOM -->
  <testcase name="tcBOM" time="0.000" classname="com.hasbrop2m.security.BOMInternalMainUser">
    <skipped/>
  </testcase> <!-- tcBOM -->
  <testcase name="tcBOM" time="0.000" classname="com.hasbrop2m.security.BOMInternalMainUser">
    <skipped/>
  </testcase> <!-- tcBOM -->
  <testcase name="tcBOM" time="0.000" classname="com.hasbrop2m.security.BOMInternalMainUser">
    <skipped/>
  </testcase> <!-- tcBOM -->
  <testcase name="tcBOM" time="0.000" classname="com.hasbrop2m.security.BOMInternalMainUser">
    <skipped/>
  </testcase> <!-- tcBOM -->
  <testcase name="tcBOM" time="0.000" classname="com.hasbrop2m.security.BOMInternalMainUser">
    <skipped/>
  </testcase> <!-- tcBOM -->
  <testcase name="tcBOM" time="0.000" classname="com.hasbrop2m.security.BOMInternalMainUser">
    <skipped/>
  </testcase> <!-- tcBOM -->
  <testcase name="tcBOM" time="0.000" classname="com.hasbrop2m.security.BOMInternalMainUser">
    <skipped/>
  </testcase> <!-- tcBOM -->
  <testcase name="tcBOM" time="0.000" classname="com.hasbrop2m.security.BOMInternalMainUser">
    <skipped/>
  </testcase> <!-- tcBOM -->
  <testcase name="tcBOM" time="0.000" classname="com.hasbrop2m.security.BOMInternalMainUser">
    <skipped/>
  </testcase> <!-- tcBOM -->
  <testcase name="tcBOM" time="0.000" classname="com.hasbrop2m.security.BOMInternalMainUser">
    <skipped/>
  </testcase> <!-- tcBOM -->
  <testcase name="tcBOM" time="0.000" classname="com.hasbrop2m.security.BOMInternalMainUser">
    <skipped/>
  </testcase> <!-- tcBOM -->
  <testcase name="tcBOM" time="0.000" classname="com.hasbrop2m.security.BOMInternalMainUser">
    <skipped/>
  </testcase> <!-- tcBOM -->
  <testcase name="tcBOM" time="0.000" classname="com.hasbrop2m.security.BOMInternalMainUser">
    <skipped/>
  </testcase> <!-- tcBOM -->
  <testcase name="tcBOM" time="0.000" classname="com.hasbrop2m.security.BOMInternalMainUser">
    <skipped/>
  </testcase> <!-- tcBOM -->
  <testcase name="tcBOM" time="0.000" classname="com.hasbrop2m.security.BOMInternalMainUser">
    <skipped/>
  </testcase> <!-- tcBOM -->
  <testcase name="tcBOM" time="0.000" classname="com.hasbrop2m.security.BOMInternalMainUser">
    <skipped/>
  </testcase> <!-- tcBOM -->
  <testcase name="tcBOM" time="0.000" classname="com.hasbrop2m.security.BOMInternalMainUser">
    <skipped/>
  </testcase> <!-- tcBOM -->
  <testcase name="tcBOM" time="0.000" classname="com.hasbrop2m.security.BOMInternalMainUser">
    <skipped/>
  </testcase> <!-- tcBOM -->
  <testcase name="tcBOM" time="0.000" classname="com.hasbrop2m.security.BOMInternalMainUser">
    <skipped/>
  </testcase> <!-- tcBOM -->
  <testcase name="tcBOM" time="0.000" classname="com.hasbrop2m.security.BOMInternalMainUser">
    <skipped/>
  </testcase> <!-- tcBOM -->
  <testcase name="tcBOM" time="0.000" classname="com.hasbrop2m.security.BOMInternalMainUser">
    <skipped/>
  </testcase> <!-- tcBOM -->
  <testcase name="tcBOM" time="0.000" classname="com.hasbrop2m.security.BOMInternalMainUser">
    <skipped/>
  </testcase> <!-- tcBOM -->
  <testcase name="tcBOM" time="0.000" classname="com.hasbrop2m.security.BOMInternalMainUser">
    <skipped/>
  </testcase> <!-- tcBOM -->
  <testcase name="tcBOM" time="0.000" classname="com.hasbrop2m.security.BOMInternalMainUser">
    <skipped/>
  </testcase> <!-- tcBOM -->
  <testcase name="tcBOM" time="0.000" classname="com.hasbrop2m.security.BOMInternalMainUser">
    <skipped/>
  </testcase> <!-- tcBOM -->
  <testcase name="tcBOM" time="0.000" classname="com.hasbrop2m.security.BOMInternalMainUser">
    <skipped/>
  </testcase> <!-- tcBOM -->
  <testcase name="tcBOM" time="0.000" classname="com.hasbrop2m.security.BOMInternalMainUser">
    <skipped/>
  </testcase> <!-- tcBOM -->
  <testcase name="tcBOM" time="0.000" classname="com.hasbrop2m.security.BOMInternalMainUser">
    <skipped/>
  </testcase> <!-- tcBOM -->
  <testcase name="tcBOM" time="0.000" classname="com.hasbrop2m.security.BOMInternalMainUser">
    <skipped/>
  </testcase> <!-- tcBOM -->
  <testcase name="tcBOM" time="0.000" classname="com.hasbrop2m.security.BOMInternalMainUser">
    <skipped/>
  </testcase> <!-- tcBOM -->
  <testcase name="tcBOM" time="0.000" classname="com.hasbrop2m.security.BOMInternalMainUser">
    <skipped/>
  </testcase> <!-- tcBOM -->
  <testcase name="tcBOM" time="0.000" classname="com.hasbrop2m.security.BOMInternalMainUser">
    <skipped/>
  </testcase> <!-- tcBOM -->
  <testcase name="tcBOM" time="0.000" classname="com.hasbrop2m.security.BOMInternalMainUser">
    <skipped/>
  </testcase> <!-- tcBOM -->
  <testcase name="tcBOM" time="0.000" classname="com.hasbrop2m.security.BOMInternalMainUser">
    <skipped/>
  </testcase> <!-- tcBOM -->
  <testcase name="tcBOM" time="0.000" classname="com.hasbrop2m.security.BOMInternalMainUser">
    <skipped/>
  </testcase> <!-- tcBOM -->
  <testcase name="tcBOM" time="0.000" classname="com.hasbrop2m.security.BOMInternalMainUser">
    <skipped/>
  </testcase> <!-- tcBOM -->
  <testcase name="tcBOM" time="0.000" classname="com.hasbrop2m.security.BOMInternalMainUser">
    <skipped/>
  </testcase> <!-- tcBOM -->
  <testcase name="tcBOM" time="0.000" classname="com.hasbrop2m.security.BOMInternalMainUser">
    <skipped/>
  </testcase> <!-- tcBOM -->
  <testcase name="tcBOM" time="0.000" classname="com.hasbrop2m.security.BOMInternalMainUser">
    <skipped/>
  </testcase> <!-- tcBOM -->
  <testcase name="tcBOM" time="0.000" classname="com.hasbrop2m.security.BOMInternalMainUser">
    <skipped/>
  </testcase> <!-- tcBOM -->
  <testcase name="tcBOM" time="0.000" classname="com.hasbrop2m.security.BOMInternalMainUser">
    <skipped/>
  </testcase> <!-- tcBOM -->
  <testcase name="tcBOM" time="0.000" classname="com.hasbrop2m.security.BOMInternalMainUser">
    <skipped/>
  </testcase> <!-- tcBOM -->
  <testcase name="tcBOM" time="0.000" classname="com.hasbrop2m.security.BOMInternalMainUser">
    <skipped/>
  </testcase> <!-- tcBOM -->
  <testcase name="tcBOM" time="0.000" classname="com.hasbrop2m.security.BOMInternalMainUser">
    <skipped/>
  </testcase> <!-- tcBOM -->
  <testcase name="tcBOM" time="0.000" classname="com.hasbrop2m.security.BOMInternalMainUser">
    <skipped/>
  </testcase> <!-- tcBOM -->
  <testcase name="tcBOM" time="0.000" classname="com.hasbrop2m.security.BOMInternalMainUser">
    <skipped/>
  </testcase> <!-- tcBOM -->
  <testcase name="tcBOM" time="0.000" classname="com.hasbrop2m.security.BOMInternalMainUser">
    <skipped/>
  </testcase> <!-- tcBOM -->
  <testcase name="tcBOM" time="0.000" classname="com.hasbrop2m.security.BOMInternalMainUser">
    <skipped/>
  </testcase> <!-- tcBOM -->
  <testcase name="tcBOM" time="0.000" classname="com.hasbrop2m.security.BOMInternalMainUser">
    <skipped/>
  </testcase> <!-- tcBOM -->
  <testcase name="tcBOM" time="0.000" classname="com.hasbrop2m.security.BOMInternalMainUser">
    <skipped/>
  </testcase> <!-- tcBOM -->
  <testcase name="tcBOM" time="0.000" classname="com.hasbrop2m.security.BOMInternalMainUser">
    <skipped/>
  </testcase> <!-- tcBOM -->
  <testcase name="tcBOM" time="0.000" classname="com.hasbrop2m.security.BOMInternalMainUser">
    <skipped/>
  </testcase> <!-- tcBOM -->
  <testcase name="tcBOM" time="0.000" classname="com.hasbrop2m.security.BOMInternalMainUser">
    <skipped/>
  </testcase> <!-- tcBOM -->
  <testcase name="tcBOM" time="0.000" classname="com.hasbrop2m.security.BOMInternalMainUser">
    <skipped/>
  </testcase> <!-- tcBOM -->
  <testcase name="tcBOM" time="0.000" classname="com.hasbrop2m.security.BOMInternalMainUser">
    <skipped/>
  </testcase> <!-- tcBOM -->
  <testcase name="tcBOM" time="0.000" classname="com.hasbrop2m.security.BOMInternalMainUser">
    <skipped/>
  </testcase> <!-- tcBOM -->
  <testcase name="tcBOM" time="0.000" classname="com.hasbrop2m.security.BOMInternalMainUser">
    <skipped/>
  </testcase> <!-- tcBOM -->
  <testcase name="tcBOM" time="0.000" classname="com.hasbrop2m.security.BOMInternalMainUser">
    <skipped/>
  </testcase> <!-- tcBOM -->
  <testcase name="tcBOM" time="0.000" classname="com.hasbrop2m.security.BOMInternalMainUser">
    <skipped/>
  </testcase> <!-- tcBOM -->
  <testcase name="tcBOM" time="0.000" classname="com.hasbrop2m.security.BOMInternalMainUser">
    <skipped/>
  </testcase> <!-- tcBOM -->
  <testcase name="tcBOM" time="0.000" classname="com.hasbrop2m.security.BOMInternalMainUser">
    <skipped/>
  </testcase> <!-- tcBOM -->
  <testcase name="tcBOM" time="0.000" classname="com.hasbrop2m.security.BOMInternalMainUser">
    <skipped/>
  </testcase> <!-- tcBOM -->
  <testcase name="tcBOM" time="0.000" classname="com.hasbrop2m.security.BOMInternalMainUser">
    <skipped/>
  </testcase> <!-- tcBOM -->
  <testcase name="tcBOM" time="0.000" classname="com.hasbrop2m.security.BOMInternalMainUser">
    <skipped/>
  </testcase> <!-- tcBOM -->
  <testcase name="tcBOM" time="0.000" classname="com.hasbrop2m.security.BOMInternalMainUser">
    <skipped/>
  </testcase> <!-- tcBOM -->
  <testcase name="tcBOM" time="0.000" classname="com.hasbrop2m.security.BOMInternalMainUser">
    <skipped/>
  </testcase> <!-- tcBOM -->
  <testcase name="tcBOM" time="0.000" classname="com.hasbrop2m.security.BOMInternalMainUser">
    <skipped/>
  </testcase> <!-- tcBOM -->
  <testcase name="tcBOM" time="0.000" classname="com.hasbrop2m.security.BOMInternalMainUser">
    <skipped/>
  </testcase> <!-- tcBOM -->
  <testcase name="tcBOM" time="0.000" classname="com.hasbrop2m.security.BOMInternalMainUser">
    <skipped/>
  </testcase> <!-- tcBOM -->
  <testcase name="tcBOM" time="0.000" classname="com.hasbrop2m.security.BOMInternalMainUser">
    <skipped/>
  </testcase> <!-- tcBOM -->
  <testcase name="tcBOM" time="0.000" classname="com.hasbrop2m.security.BOMInternalMainUser">
    <skipped/>
  </testcase> <!-- tcBOM -->
  <testcase name="tcBOM" time="0.000" classname="com.hasbrop2m.security.BOMInternalMainUser">
    <skipped/>
  </testcase> <!-- tcBOM -->
  <testcase name="tcBOM" time="0.000" classname="com.hasbrop2m.security.BOMInternalMainUser">
    <skipped/>
  </testcase> <!-- tcBOM -->
  <testcase name="tcBOM" time="0.000" classname="com.hasbrop2m.security.BOMInternalMainUser">
    <skipped/>
  </testcase> <!-- tcBOM -->
  <testcase name="tcBOM" time="0.000" classname="com.hasbrop2m.security.BOMInternalMainUser">
    <skipped/>
  </testcase> <!-- tcBOM -->
  <testcase name="tcBOM" time="0.000" classname="com.hasbrop2m.security.BOMInternalMainUser">
    <skipped/>
  </testcase> <!-- tcBOM -->
  <testcase name="tcBOM" time="0.000" classname="com.hasbrop2m.security.BOMInternalMainUser">
    <skipped/>
  </testcase> <!-- tcBOM -->
  <testcase name="tcBOM" time="0.000" classname="com.hasbrop2m.security.BOMInternalMainUser">
    <skipped/>
  </testcase> <!-- tcBOM -->
  <testcase name="tcBOM" time="0.000" classname="com.hasbrop2m.security.BOMInternalMainUser">
    <skipped/>
  </testcase> <!-- tcBOM -->
  <testcase name="tcBOM" time="0.000" classname="com.hasbrop2m.security.BOMInternalMainUser">
    <skipped/>
  </testcase> <!-- tcBOM -->
  <testcase name="tcBOM" time="0.000" classname="com.hasbrop2m.security.BOMInternalMainUser">
    <skipped/>
  </testcase> <!-- tcBOM -->
  <testcase name="tcBOM" time="0.000" classname="com.hasbrop2m.security.BOMInternalMainUser">
    <skipped/>
  </testcase> <!-- tcBOM -->
  <testcase name="tcBOM" time="0.000" classname="com.hasbrop2m.security.BOMInternalMainUser">
    <skipped/>
  </testcase> <!-- tcBOM -->
  <testcase name="tcBOM" time="0.000" classname="com.hasbrop2m.security.BOMInternalMainUser">
    <skipped/>
  </testcase> <!-- tcBOM -->
  <testcase name="tcBOM" time="0.000" classname="com.hasbrop2m.security.BOMInternalMainUser">
    <skipped/>
  </testcase> <!-- tcBOM -->
  <testcase name="tcBOM" time="0.000" classname="com.hasbrop2m.security.BOMInternalMainUser">
    <skipped/>
  </testcase> <!-- tcBOM -->
  <testcase name="tcBOM" time="0.000" classname="com.hasbrop2m.security.BOMInternalMainUser">
    <skipped/>
  </testcase> <!-- tcBOM -->
  <testcase name="tcBOM" time="0.000" classname="com.hasbrop2m.security.BOMInternalMainUser">
    <skipped/>
  </testcase> <!-- tcBOM -->
  <testcase name="tcBOM" time="0.000" classname="com.hasbrop2m.security.BOMInternalMainUser">
    <skipped/>
  </testcase> <!-- tcBOM -->
  <testcase name="tcBOM" time="0.000" classname="com.hasbrop2m.security.BOMInternalMainUser">
    <skipped/>
  </testcase> <!-- tcBOM -->
  <testcase name="tcBOM" time="0.000" classname="com.hasbrop2m.security.BOMInternalMainUser">
    <skipped/>
  </testcase> <!-- tcBOM -->
  <testcase name="tcBOM" time="0.000" classname="com.hasbrop2m.security.BOMInternalMainUser">
    <skipped/>
  </testcase> <!-- tcBOM -->
  <testcase name="tcBOM" time="0.000" classname="com.hasbrop2m.security.BOMInternalMainUser">
    <skipped/>
  </testcase> <!-- tcBOM -->
  <testcase name="tcBOM" time="0.000" classname="com.hasbrop2m.security.BOMInternalMainUser">
    <skipped/>
  </testcase> <!-- tcBOM -->
  <testcase name="tcBOM" time="0.000" classname="com.hasbrop2m.security.BOMInternalMainUser">
    <skipped/>
  </testcase> <!-- tcBOM -->
  <testcase name="tcBOM" time="0.000" classname="com.hasbrop2m.security.BOMInternalMainUser">
    <skipped/>
  </testcase> <!-- tcBOM -->
  <testcase name="tcBOM" time="0.000" classname="com.hasbrop2m.security.BOMInternalMainUser">
    <skipped/>
  </testcase> <!-- tcBOM -->
  <testcase name="tcBOM" time="0.000" classname="com.hasbrop2m.security.BOMInternalMainUser">
    <skipped/>
  </testcase> <!-- tcBOM -->
  <testcase name="tcBOM" time="0.000" classname="com.hasbrop2m.security.BOMInternalMainUser">
    <skipped/>
  </testcase> <!-- tcBOM -->
  <testcase name="tcBOM" time="0.000" classname="com.hasbrop2m.security.BOMInternalMainUser">
    <skipped/>
  </testcase> <!-- tcBOM -->
  <testcase name="tcBOM" time="0.000" classname="com.hasbrop2m.security.BOMInternalMainUser">
    <skipped/>
  </testcase> <!-- tcBOM -->
  <testcase name="tcBOM" time="0.000" classname="com.hasbrop2m.security.BOMInternalMainUser">
    <skipped/>
  </testcase> <!-- tcBOM -->
  <testcase name="tcBOM" time="0.000" classname="com.hasbrop2m.security.BOMInternalMainUser">
    <skipped/>
  </testcase> <!-- tcBOM -->
  <testcase name="tcBOM" time="0.000" classname="com.hasbrop2m.security.BOMInternalMainUser">
    <skipped/>
  </testcase> <!-- tcBOM -->
  <testcase name="tcBOM" time="0.000" classname="com.hasbrop2m.security.BOMInternalMainUser">
    <skipped/>
  </testcase> <!-- tcBOM -->
  <testcase name="tcBOM" time="0.000" classname="com.hasbrop2m.security.BOMInternalMainUser">
    <skipped/>
  </testcase> <!-- tcBOM -->
  <testcase name="tcBOM" time="0.000" classname="com.hasbrop2m.security.BOMInternalMainUser">
    <skipped/>
  </testcase> <!-- tcBOM -->
  <testcase name="tcBOM" time="0.000" classname="com.hasbrop2m.security.BOMInternalMainUser">
    <skipped/>
  </testcase> <!-- tcBOM -->
  <testcase name="tcBOM" time="0.000" classname="com.hasbrop2m.security.BOMInternalMainUser">
    <skipped/>
  </testcase> <!-- tcBOM -->
  <testcase name="tcBOM" time="0.000" classname="com.hasbrop2m.security.BOMInternalMainUser">
    <skipped/>
  </testcase> <!-- tcBOM -->
  <testcase name="tcBOM" time="0.000" classname="com.hasbrop2m.security.BOMInternalMainUser">
    <skipped/>
  </testcase> <!-- tcBOM -->
  <testcase name="tcBOM" time="0.000" classname="com.hasbrop2m.security.BOMInternalMainUser">
    <skipped/>
  </testcase> <!-- tcBOM -->
  <testcase name="tcBOM" time="0.000" classname="com.hasbrop2m.security.BOMInternalMainUser">
    <skipped/>
  </testcase> <!-- tcBOM -->
  <testcase name="tcBOM" time="0.000" classname="com.hasbrop2m.security.BOMInternalMainUser">
    <skipped/>
  </testcase> <!-- tcBOM -->
  <testcase name="tcBOM" time="0.000" classname="com.hasbrop2m.security.BOMInternalMainUser">
    <skipped/>
  </testcase> <!-- tcBOM -->
  <testcase name="tcBOM" time="0.000" classname="com.hasbrop2m.security.BOMInternalMainUser">
    <skipped/>
  </testcase> <!-- tcBOM -->
  <testcase name="tcBOM" time="0.000" classname="com.hasbrop2m.security.BOMInternalMainUser">
    <skipped/>
  </testcase> <!-- tcBOM -->
  <testcase name="tcBOM" time="0.000" classname="com.hasbrop2m.security.BOMInternalMainUser">
    <skipped/>
  </testcase> <!-- tcBOM -->
  <testcase name="tcBOM" time="0.000" classname="com.hasbrop2m.security.BOMInternalMainUser">
    <skipped/>
  </testcase> <!-- tcBOM -->
  <testcase name="tcBOM" time="0.000" classname="com.hasbrop2m.security.BOMInternalMainUser">
    <skipped/>
  </testcase> <!-- tcBOM -->
  <testcase name="tcBOM" time="0.000" classname="com.hasbrop2m.security.BOMInternalMainUser">
    <skipped/>
  </testcase> <!-- tcBOM -->
  <testcase name="tcBOM" time="0.000" classname="com.hasbrop2m.security.BOMInternalMainUser">
    <skipped/>
  </testcase> <!-- tcBOM -->
  <testcase name="tcBOM" time="0.000" classname="com.hasbrop2m.security.BOMInternalMainUser">
    <skipped/>
  </testcase> <!-- tcBOM -->
  <testcase name="tcBOM" time="0.000" classname="com.hasbrop2m.security.BOMInternalMainUser">
    <skipped/>
  </testcase> <!-- tcBOM -->
  <testcase name="tcBOM" time="0.000" classname="com.hasbrop2m.security.BOMInternalMainUser">
    <skipped/>
  </testcase> <!-- tcBOM -->
  <testcase name="tcBOM" time="0.000" classname="com.hasbrop2m.security.BOMInternalMainUser">
    <skipped/>
  </testcase> <!-- tcBOM -->
  <testcase name="tcBOM" time="0.000" classname="com.hasbrop2m.security.BOMInternalMainUser">
    <skipped/>
  </testcase> <!-- tcBOM -->
  <testcase name="tcBOM" time="0.000" classname="com.hasbrop2m.security.BOMInternalMainUser">
    <skipped/>
  </testcase> <!-- tcBOM -->
  <testcase name="tcBOM" time="0.000" classname="com.hasbrop2m.security.BOMInternalMainUser">
    <skipped/>
  </testcase> <!-- tcBOM -->
  <testcase name="tcBOM" time="0.000" classname="com.hasbrop2m.security.BOMInternalMainUser">
    <skipped/>
  </testcase> <!-- tcBOM -->
  <testcase name="tcBOM" time="0.000" classname="com.hasbrop2m.security.BOMInternalMainUser">
    <skipped/>
  </testcase> <!-- tcBOM -->
  <testcase name="tcBOM" time="0.000" classname="com.hasbrop2m.security.BOMInternalMainUser">
    <skipped/>
  </testcase> <!-- tcBOM -->
  <testcase name="tcBOM" time="0.000" classname="com.hasbrop2m.security.BOMInternalMainUser">
    <skipped/>
  </testcase> <!-- tcBOM -->
  <testcase name="tcBOM" time="0.000" classname="com.hasbrop2m.security.BOMInternalMainUser">
    <skipped/>
  </testcase> <!-- tcBOM -->
  <testcase name="tcBOM" time="0.000" classname="com.hasbrop2m.security.BOMInternalMainUser">
    <skipped/>
  </testcase> <!-- tcBOM -->
  <testcase name="tcBOM" time="0.000" classname="com.hasbrop2m.security.BOMInternalMainUser">
    <skipped/>
  </testcase> <!-- tcBOM -->
  <testcase name="tcBOM" time="0.000" classname="com.hasbrop2m.security.BOMInternalMainUser">
    <skipped/>
  </testcase> <!-- tcBOM -->
  <testcase name="tcBOM" time="0.000" classname="com.hasbrop2m.security.BOMInternalMainUser">
    <skipped/>
  </testcase> <!-- tcBOM -->
  <testcase name="tcBOM" time="0.000" classname="com.hasbrop2m.security.BOMInternalMainUser">
    <skipped/>
  </testcase> <!-- tcBOM -->
  <testcase name="tcBOM" time="0.000" classname="com.hasbrop2m.security.BOMInternalMainUser">
    <skipped/>
  </testcase> <!-- tcBOM -->
  <testcase name="tcBOM" time="0.000" classname="com.hasbrop2m.security.BOMInternalMainUser">
    <skipped/>
  </testcase> <!-- tcBOM -->
  <testcase name="tcBOM" time="0.000" classname="com.hasbrop2m.security.BOMInternalMainUser">
    <skipped/>
  </testcase> <!-- tcBOM -->
  <testcase name="tcBOM" time="0.000" classname="com.hasbrop2m.security.BOMInternalMainUser">
    <skipped/>
  </testcase> <!-- tcBOM -->
  <testcase name="tcBOM" time="0.000" classname="com.hasbrop2m.security.BOMInternalMainUser">
    <skipped/>
  </testcase> <!-- tcBOM -->
  <testcase name="tcBOM" time="0.000" classname="com.hasbrop2m.security.BOMInternalMainUser">
    <skipped/>
  </testcase> <!-- tcBOM -->
  <testcase name="tcBOM" time="0.000" classname="com.hasbrop2m.security.BOMInternalMainUser">
    <skipped/>
  </testcase> <!-- tcBOM -->
  <testcase name="tcBOM" time="0.000" classname="com.hasbrop2m.security.BOMInternalMainUser">
    <skipped/>
  </testcase> <!-- tcBOM -->
  <testcase name="tcBOM" time="0.000" classname="com.hasbrop2m.security.BOMInternalMainUser">
    <skipped/>
  </testcase> <!-- tcBOM -->
  <testcase name="tcBOM" time="0.000" classname="com.hasbrop2m.security.BOMInternalMainUser">
    <skipped/>
  </testcase> <!-- tcBOM -->
  <testcase name="tcBOM" time="0.000" classname="com.hasbrop2m.security.BOMInternalMainUser">
    <skipped/>
  </testcase> <!-- tcBOM -->
  <testcase name="tcBOM" time="0.000" classname="com.hasbrop2m.security.BOMInternalMainUser">
    <skipped/>
  </testcase> <!-- tcBOM -->
  <testcase name="tcBOM" time="0.000" classname="com.hasbrop2m.security.BOMInternalMainUser">
    <skipped/>
  </testcase> <!-- tcBOM -->
  <testcase name="tcBOM" time="0.000" classname="com.hasbrop2m.security.BOMInternalMainUser">
    <skipped/>
  </testcase> <!-- tcBOM -->
  <testcase name="tcBOM" time="0.000" classname="com.hasbrop2m.security.BOMInternalMainUser">
    <skipped/>
  </testcase> <!-- tcBOM -->
  <testcase name="tcBOM" time="0.000" classname="com.hasbrop2m.security.BOMInternalMainUser">
    <skipped/>
  </testcase> <!-- tcBOM -->
  <testcase name="tcBOM" time="0.000" classname="com.hasbrop2m.security.BOMInternalMainUser">
    <skipped/>
  </testcase> <!-- tcBOM -->
  <testcase name="tcBOM" time="0.000" classname="com.hasbrop2m.security.BOMInternalMainUser">
    <skipped/>
  </testcase> <!-- tcBOM -->
  <testcase name="tcBOM" time="0.000" classname="com.hasbrop2m.security.BOMInternalMainUser">
    <skipped/>
  </testcase> <!-- tcBOM -->
  <testcase name="tcBOM" time="0.000" classname="com.hasbrop2m.security.BOMInternalMainUser">
    <skipped/>
  </testcase> <!-- tcBOM -->
  <testcase name="tcBOM" time="0.000" classname="com.hasbrop2m.security.BOMInternalMainUser">
    <skipped/>
  </testcase> <!-- tcBOM -->
  <testcase name="tcBOM" time="0.000" classname="com.hasbrop2m.security.BOMInternalMainUser">
    <skipped/>
  </testcase> <!-- tcBOM -->
  <testcase name="tcBOM" time="0.000" classname="com.hasbrop2m.security.BOMInternalMainUser">
    <skipped/>
  </testcase> <!-- tcBOM -->
  <testcase name="tcBOM" time="0.000" classname="com.hasbrop2m.security.BOMInternalMainUser">
    <skipped/>
  </testcase> <!-- tcBOM -->
  <testcase name="tcBOM" time="0.000" classname="com.hasbrop2m.security.BOMInternalMainUser">
    <skipped/>
  </testcase> <!-- tcBOM -->
  <testcase name="tcBOM" time="0.000" classname="com.hasbrop2m.security.BOMInternalMainUser">
    <skipped/>
  </testcase> <!-- tcBOM -->
  <testcase name="tcBOM" time="0.000" classname="com.hasbrop2m.security.BOMInternalMainUser">
    <skipped/>
  </testcase> <!-- tcBOM -->
  <testcase name="tcBOM" time="0.000" classname="com.hasbrop2m.security.BOMInternalMainUser">
    <skipped/>
  </testcase> <!-- tcBOM -->
  <testcase name="tcBOM" time="0.000" classname="com.hasbrop2m.security.BOMInternalMainUser">
    <skipped/>
  </testcase> <!-- tcBOM -->
  <testcase name="tcBOM" time="0.000" classname="com.hasbrop2m.security.BOMInternalMainUser">
    <skipped/>
  </testcase> <!-- tcBOM -->
  <testcase name="tcBOM" time="0.000" classname="com.hasbrop2m.security.BOMInternalMainUser">
    <skipped/>
  </testcase> <!-- tcBOM -->
  <testcase name="tcBOM" time="0.000" classname="com.hasbrop2m.security.BOMInternalMainUser">
    <skipped/>
  </testcase> <!-- tcBOM -->
  <testcase name="tcBOM" time="0.000" classname="com.hasbrop2m.security.BOMInternalMainUser">
    <skipped/>
  </testcase> <!-- tcBOM -->
  <testcase name="tcBOM" time="0.000" classname="com.hasbrop2m.security.BOMInternalMainUser">
    <skipped/>
  </testcase> <!-- tcBOM -->
  <testcase name="tcBOM" time="0.000" classname="com.hasbrop2m.security.BOMInternalMainUser">
    <skipped/>
  </testcase> <!-- tcBOM -->
  <testcase name="tcBOM" time="0.000" classname="com.hasbrop2m.security.BOMInternalMainUser">
    <skipped/>
  </testcase> <!-- tcBOM -->
  <testcase name="tcBOM" time="0.000" classname="com.hasbrop2m.security.BOMInternalMainUser">
    <skipped/>
  </testcase> <!-- tcBOM -->
  <testcase name="tcBOM" time="0.000" classname="com.hasbrop2m.security.BOMInternalMainUser">
    <skipped/>
  </testcase> <!-- tcBOM -->
  <testcase name="tcBOM" time="0.000" classname="com.hasbrop2m.security.BOMInternalMainUser">
    <skipped/>
  </testcase> <!-- tcBOM -->
  <testcase name="tcBOM" time="0.000" classname="com.hasbrop2m.security.BOMInternalMainUser">
    <skipped/>
  </testcase> <!-- tcBOM -->
  <testcase name="tcBOM" time="0.000" classname="com.hasbrop2m.security.BOMInternalMainUser">
    <skipped/>
  </testcase> <!-- tcBOM -->
</testsuite> <!-- com.hasbrop2m.security.BOMInternalMainUser -->
