<?xml version="1.0" encoding="UTF-8"?>
<!-- Generated by org.testng.reporters.JUnitReportReporter -->
<testsuite skipped="42" hostname="BDC6-LX-723061Y" name="com.hasbrop2m.security.Season" tests="42" failures="0" timestamp="10 Sep 2018 06:51:58 GMT" time="0.000" errors="0">
  <testcase name="tcSeason" time="0.000" classname="com.hasbrop2m.security.Season">
    <skipped/>
  </testcase> <!-- tcSeason -->
  <testcase name="tcSeason" time="0.000" classname="com.hasbrop2m.security.Season">
    <skipped/>
  </testcase> <!-- tcSeason -->
  <testcase name="tcSeason" time="0.000" classname="com.hasbrop2m.security.Season">
    <skipped/>
  </testcase> <!-- tcSeason -->
  <testcase name="tcSeason" time="0.000" classname="com.hasbrop2m.security.Season">
    <skipped/>
  </testcase> <!-- tcSeason -->
  <testcase name="tcSeason" time="0.000" classname="com.hasbrop2m.security.Season">
    <skipped/>
  </testcase> <!-- tcSeason -->
  <testcase name="tcSeason" time="0.000" classname="com.hasbrop2m.security.Season">
    <skipped/>
  </testcase> <!-- tcSeason -->
  <testcase name="tcSeason" time="0.000" classname="com.hasbrop2m.security.Season">
    <skipped/>
  </testcase> <!-- tcSeason -->
  <testcase name="tcSeason" time="0.000" classname="com.hasbrop2m.security.Season">
    <skipped/>
  </testcase> <!-- tcSeason -->
  <testcase name="tcSeason" time="0.000" classname="com.hasbrop2m.security.Season">
    <skipped/>
  </testcase> <!-- tcSeason -->
  <testcase name="tcSeason" time="0.000" classname="com.hasbrop2m.security.Season">
    <skipped/>
  </testcase> <!-- tcSeason -->
  <testcase name="tcSeason" time="0.000" classname="com.hasbrop2m.security.Season">
    <skipped/>
  </testcase> <!-- tcSeason -->
  <testcase name="tcSeason" time="0.000" classname="com.hasbrop2m.security.Season">
    <skipped/>
  </testcase> <!-- tcSeason -->
  <testcase name="tcSeason" time="0.000" classname="com.hasbrop2m.security.Season">
    <skipped/>
  </testcase> <!-- tcSeason -->
  <testcase name="tcSeason" time="0.000" classname="com.hasbrop2m.security.Season">
    <skipped/>
  </testcase> <!-- tcSeason -->
  <testcase name="tcSeason" time="0.000" classname="com.hasbrop2m.security.Season">
    <skipped/>
  </testcase> <!-- tcSeason -->
  <testcase name="tcSeason" time="0.000" classname="com.hasbrop2m.security.Season">
    <skipped/>
  </testcase> <!-- tcSeason -->
  <testcase name="tcSeason" time="0.000" classname="com.hasbrop2m.security.Season">
    <skipped/>
  </testcase> <!-- tcSeason -->
  <testcase name="tcSeason" time="0.000" classname="com.hasbrop2m.security.Season">
    <skipped/>
  </testcase> <!-- tcSeason -->
  <testcase name="tcSeason" time="0.000" classname="com.hasbrop2m.security.Season">
    <skipped/>
  </testcase> <!-- tcSeason -->
  <testcase name="tcSeason" time="0.000" classname="com.hasbrop2m.security.Season">
    <skipped/>
  </testcase> <!-- tcSeason -->
  <testcase name="tcSeason" time="0.000" classname="com.hasbrop2m.security.Season">
    <skipped/>
  </testcase> <!-- tcSeason -->
  <testcase name="tcSeason" time="0.000" classname="com.hasbrop2m.security.Season">
    <skipped/>
  </testcase> <!-- tcSeason -->
  <testcase name="tcSeason" time="0.000" classname="com.hasbrop2m.security.Season">
    <skipped/>
  </testcase> <!-- tcSeason -->
  <testcase name="tcSeason" time="0.000" classname="com.hasbrop2m.security.Season">
    <skipped/>
  </testcase> <!-- tcSeason -->
  <testcase name="tcSeason" time="0.000" classname="com.hasbrop2m.security.Season">
    <skipped/>
  </testcase> <!-- tcSeason -->
  <testcase name="tcSeason" time="0.000" classname="com.hasbrop2m.security.Season">
    <skipped/>
  </testcase> <!-- tcSeason -->
  <testcase name="tcSeason" time="0.000" classname="com.hasbrop2m.security.Season">
    <skipped/>
  </testcase> <!-- tcSeason -->
  <testcase name="tcSeason" time="0.000" classname="com.hasbrop2m.security.Season">
    <skipped/>
  </testcase> <!-- tcSeason -->
  <testcase name="tcSeason" time="0.000" classname="com.hasbrop2m.security.Season">
    <skipped/>
  </testcase> <!-- tcSeason -->
  <testcase name="tcSeason" time="0.000" classname="com.hasbrop2m.security.Season">
    <skipped/>
  </testcase> <!-- tcSeason -->
  <testcase name="tcSeason" time="0.000" classname="com.hasbrop2m.security.Season">
    <skipped/>
  </testcase> <!-- tcSeason -->
  <testcase name="tcSeason" time="0.000" classname="com.hasbrop2m.security.Season">
    <skipped/>
  </testcase> <!-- tcSeason -->
  <testcase name="tcSeason" time="0.000" classname="com.hasbrop2m.security.Season">
    <skipped/>
  </testcase> <!-- tcSeason -->
  <testcase name="tcSeason" time="0.000" classname="com.hasbrop2m.security.Season">
    <skipped/>
  </testcase> <!-- tcSeason -->
  <testcase name="tcSeason" time="0.000" classname="com.hasbrop2m.security.Season">
    <skipped/>
  </testcase> <!-- tcSeason -->
  <testcase name="tcSeason" time="0.000" classname="com.hasbrop2m.security.Season">
    <skipped/>
  </testcase> <!-- tcSeason -->
  <testcase name="tcSeason" time="0.000" classname="com.hasbrop2m.security.Season">
    <skipped/>
  </testcase> <!-- tcSeason -->
  <testcase name="tcSeason" time="0.000" classname="com.hasbrop2m.security.Season">
    <skipped/>
  </testcase> <!-- tcSeason -->
  <testcase name="tcSeason" time="0.000" classname="com.hasbrop2m.security.Season">
    <skipped/>
  </testcase> <!-- tcSeason -->
  <testcase name="tcSeason" time="0.000" classname="com.hasbrop2m.security.Season">
    <skipped/>
  </testcase> <!-- tcSeason -->
  <testcase name="tcSeason" time="0.000" classname="com.hasbrop2m.security.Season">
    <skipped/>
  </testcase> <!-- tcSeason -->
  <testcase name="tcSeason" time="0.000" classname="com.hasbrop2m.security.Season">
    <skipped/>
  </testcase> <!-- tcSeason -->
</testsuite> <!-- com.hasbrop2m.security.Season -->
