<?xml version="1.0" encoding="UTF-8"?>
<!-- Generated by org.testng.reporters.JUnitReportReporter -->
<testsuite skipped="1" hostname="BDC6-LX-723061Y" name="com.hasbrop2m.security.PlaceHolderDevPlan" tests="1" failures="0" timestamp="10 Sep 2018 06:51:58 GMT" time="0.000" errors="0">
  <testcase name="tcPlaceHolderDevPlan" time="0.000" classname="com.hasbrop2m.security.PlaceHolderDevPlan">
    <skipped/>
  </testcase> <!-- tcPlaceHolderDevPlan -->
</testsuite> <!-- com.hasbrop2m.security.PlaceHolderDevPlan -->
