<?xml version="1.0" encoding="UTF-8"?>
<!-- Generated by org.testng.reporters.JUnitReportReporter -->
<testsuite skipped="4" hostname="BDC6-LX-723061Y" name="com.hasbrop2m.security.Country" tests="4" failures="0" timestamp="10 Sep 2018 06:51:58 GMT" time="0.000" errors="0">
  <testcase name="tcSupplier" time="0.000" classname="com.hasbrop2m.security.Country">
    <skipped/>
  </testcase> <!-- tcSupplier -->
  <testcase name="tcSupplier" time="0.000" classname="com.hasbrop2m.security.Country">
    <skipped/>
  </testcase> <!-- tcSupplier -->
  <testcase name="tcSupplier" time="0.000" classname="com.hasbrop2m.security.Country">
    <skipped/>
  </testcase> <!-- tcSupplier -->
  <testcase name="tcSupplier" time="0.000" classname="com.hasbrop2m.security.Country">
    <skipped/>
  </testcase> <!-- tcSupplier -->
</testsuite> <!-- com.hasbrop2m.security.Country -->
