<?xml version="1.0" encoding="UTF-8"?>
<!-- Generated by org.testng.reporters.JUnitReportReporter -->
<testsuite skipped="2040" hostname="BDC6-LX-723061Y" name="com.hasbrop2m.security.Packaging" tests="2040" failures="0" timestamp="10 Sep 2018 06:51:57 GMT" time="0.000" errors="0">
  <testcase name="tcPackaging" time="0.000" classname="com.hasbrop2m.security.Packaging">
    <skipped/>
  </testcase> <!-- tcPackaging -->
  <testcase name="tcPackaging" time="0.000" classname="com.hasbrop2m.security.Packaging">
    <skipped/>
  </testcase> <!-- tcPackaging -->
  <testcase name="tcPackaging" time="0.000" classname="com.hasbrop2m.security.Packaging">
    <skipped/>
  </testcase> <!-- tcPackaging -->
  <testcase name="tcPackaging" time="0.000" classname="com.hasbrop2m.security.Packaging">
    <skipped/>
  </testcase> <!-- tcPackaging -->
  <testcase name="tcPackaging" time="0.000" classname="com.hasbrop2m.security.Packaging">
    <skipped/>
  </testcase> <!-- tcPackaging -->
  <testcase name="tcPackaging" time="0.000" classname="com.hasbrop2m.security.Packaging">
    <skipped/>
  </testcase> <!-- tcPackaging -->
  <testcase name="tcPackaging" time="0.000" classname="com.hasbrop2m.security.Packaging">
    <skipped/>
  </testcase> <!-- tcPackaging -->
  <testcase name="tcPackaging" time="0.000" classname="com.hasbrop2m.security.Packaging">
    <skipped/>
  </testcase> <!-- tcPackaging -->
  <testcase name="tcPackaging" time="0.000" classname="com.hasbrop2m.security.Packaging">
    <skipped/>
  </testcase> <!-- tcPackaging -->
  <testcase name="tcPackaging" time="0.000" classname="com.hasbrop2m.security.Packaging">
    <skipped/>
  </testcase> <!-- tcPackaging -->
  <testcase name="tcPackaging" time="0.000" classname="com.hasbrop2m.security.Packaging">
    <skipped/>
  </testcase> <!-- tcPackaging -->
  <testcase name="tcPackaging" time="0.000" classname="com.hasbrop2m.security.Packaging">
    <skipped/>
  </testcase> <!-- tcPackaging -->
  <testcase name="tcPackaging" time="0.000" classname="com.hasbrop2m.security.Packaging">
    <skipped/>
  </testcase> <!-- tcPackaging -->
  <testcase name="tcPackaging" time="0.000" classname="com.hasbrop2m.security.Packaging">
    <skipped/>
  </testcase> <!-- tcPackaging -->
  <testcase name="tcPackaging" time="0.000" classname="com.hasbrop2m.security.Packaging">
    <skipped/>
  </testcase> <!-- tcPackaging -->
  <testcase name="tcPackaging" time="0.000" classname="com.hasbrop2m.security.Packaging">
    <skipped/>
  </testcase> <!-- tcPackaging -->
  <testcase name="tcPackaging" time="0.000" classname="com.hasbrop2m.security.Packaging">
    <skipped/>
  </testcase> <!-- tcPackaging -->
  <testcase name="tcPackaging" time="0.000" classname="com.hasbrop2m.security.Packaging">
    <skipped/>
  </testcase> <!-- tcPackaging -->
  <testcase name="tcPackaging" time="0.000" classname="com.hasbrop2m.security.Packaging">
    <skipped/>
  </testcase> <!-- tcPackaging -->
  <testcase name="tcPackaging" time="0.000" classname="com.hasbrop2m.security.Packaging">
    <skipped/>
  </testcase> <!-- tcPackaging -->
  <testcase name="tcPackaging" time="0.000" classname="com.hasbrop2m.security.Packaging">
    <skipped/>
  </testcase> <!-- tcPackaging -->
  <testcase name="tcPackaging" time="0.000" classname="com.hasbrop2m.security.Packaging">
    <skipped/>
  </testcase> <!-- tcPackaging -->
  <testcase name="tcPackaging" time="0.000" classname="com.hasbrop2m.security.Packaging">
    <skipped/>
  </testcase> <!-- tcPackaging -->
  <testcase name="tcPackaging" time="0.000" classname="com.hasbrop2m.security.Packaging">
    <skipped/>
  </testcase> <!-- tcPackaging -->
  <testcase name="tcPackaging" time="0.000" classname="com.hasbrop2m.security.Packaging">
    <skipped/>
  </testcase> <!-- tcPackaging -->
  <testcase name="tcPackaging" time="0.000" classname="com.hasbrop2m.security.Packaging">
    <skipped/>
  </testcase> <!-- tcPackaging -->
  <testcase name="tcPackaging" time="0.000" classname="com.hasbrop2m.security.Packaging">
    <skipped/>
  </testcase> <!-- tcPackaging -->
  <testcase name="tcPackaging" time="0.000" classname="com.hasbrop2m.security.Packaging">
    <skipped/>
  </testcase> <!-- tcPackaging -->
  <testcase name="tcPackaging" time="0.000" classname="com.hasbrop2m.security.Packaging">
    <skipped/>
  </testcase> <!-- tcPackaging -->
  <testcase name="tcPackaging" time="0.000" classname="com.hasbrop2m.security.Packaging">
    <skipped/>
  </testcase> <!-- tcPackaging -->
  <testcase name="tcPackaging" time="0.000" classname="com.hasbrop2m.security.Packaging">
    <skipped/>
  </testcase> <!-- tcPackaging -->
  <testcase name="tcPackaging" time="0.000" classname="com.hasbrop2m.security.Packaging">
    <skipped/>
  </testcase> <!-- tcPackaging -->
  <testcase name="tcPackaging" time="0.000" classname="com.hasbrop2m.security.Packaging">
    <skipped/>
  </testcase> <!-- tcPackaging -->
  <testcase name="tcPackaging" time="0.000" classname="com.hasbrop2m.security.Packaging">
    <skipped/>
  </testcase> <!-- tcPackaging -->
  <testcase name="tcPackaging" time="0.000" classname="com.hasbrop2m.security.Packaging">
    <skipped/>
  </testcase> <!-- tcPackaging -->
  <testcase name="tcPackaging" time="0.000" classname="com.hasbrop2m.security.Packaging">
    <skipped/>
  </testcase> <!-- tcPackaging -->
  <testcase name="tcPackaging" time="0.000" classname="com.hasbrop2m.security.Packaging">
    <skipped/>
  </testcase> <!-- tcPackaging -->
  <testcase name="tcPackaging" time="0.000" classname="com.hasbrop2m.security.Packaging">
    <skipped/>
  </testcase> <!-- tcPackaging -->
  <testcase name="tcPackaging" time="0.000" classname="com.hasbrop2m.security.Packaging">
    <skipped/>
  </testcase> <!-- tcPackaging -->
  <testcase name="tcPackaging" time="0.000" classname="com.hasbrop2m.security.Packaging">
    <skipped/>
  </testcase> <!-- tcPackaging -->
  <testcase name="tcPackaging" time="0.000" classname="com.hasbrop2m.security.Packaging">
    <skipped/>
  </testcase> <!-- tcPackaging -->
  <testcase name="tcPackaging" time="0.000" classname="com.hasbrop2m.security.Packaging">
    <skipped/>
  </testcase> <!-- tcPackaging -->
  <testcase name="tcPackaging" time="0.000" classname="com.hasbrop2m.security.Packaging">
    <skipped/>
  </testcase> <!-- tcPackaging -->
  <testcase name="tcPackaging" time="0.000" classname="com.hasbrop2m.security.Packaging">
    <skipped/>
  </testcase> <!-- tcPackaging -->
  <testcase name="tcPackaging" time="0.000" classname="com.hasbrop2m.security.Packaging">
    <skipped/>
  </testcase> <!-- tcPackaging -->
  <testcase name="tcPackaging" time="0.000" classname="com.hasbrop2m.security.Packaging">
    <skipped/>
  </testcase> <!-- tcPackaging -->
  <testcase name="tcPackaging" time="0.000" classname="com.hasbrop2m.security.Packaging">
    <skipped/>
  </testcase> <!-- tcPackaging -->
  <testcase name="tcPackaging" time="0.000" classname="com.hasbrop2m.security.Packaging">
    <skipped/>
  </testcase> <!-- tcPackaging -->
  <testcase name="tcPackaging" time="0.000" classname="com.hasbrop2m.security.Packaging">
    <skipped/>
  </testcase> <!-- tcPackaging -->
  <testcase name="tcPackaging" time="0.000" classname="com.hasbrop2m.security.Packaging">
    <skipped/>
  </testcase> <!-- tcPackaging -->
  <testcase name="tcPackaging" time="0.000" classname="com.hasbrop2m.security.Packaging">
    <skipped/>
  </testcase> <!-- tcPackaging -->
  <testcase name="tcPackaging" time="0.000" classname="com.hasbrop2m.security.Packaging">
    <skipped/>
  </testcase> <!-- tcPackaging -->
  <testcase name="tcPackaging" time="0.000" classname="com.hasbrop2m.security.Packaging">
    <skipped/>
  </testcase> <!-- tcPackaging -->
  <testcase name="tcPackaging" time="0.000" classname="com.hasbrop2m.security.Packaging">
    <skipped/>
  </testcase> <!-- tcPackaging -->
  <testcase name="tcPackaging" time="0.000" classname="com.hasbrop2m.security.Packaging">
    <skipped/>
  </testcase> <!-- tcPackaging -->
  <testcase name="tcPackaging" time="0.000" classname="com.hasbrop2m.security.Packaging">
    <skipped/>
  </testcase> <!-- tcPackaging -->
  <testcase name="tcPackaging" time="0.000" classname="com.hasbrop2m.security.Packaging">
    <skipped/>
  </testcase> <!-- tcPackaging -->
  <testcase name="tcPackaging" time="0.000" classname="com.hasbrop2m.security.Packaging">
    <skipped/>
  </testcase> <!-- tcPackaging -->
  <testcase name="tcPackaging" time="0.000" classname="com.hasbrop2m.security.Packaging">
    <skipped/>
  </testcase> <!-- tcPackaging -->
  <testcase name="tcPackaging" time="0.000" classname="com.hasbrop2m.security.Packaging">
    <skipped/>
  </testcase> <!-- tcPackaging -->
  <testcase name="tcPackaging" time="0.000" classname="com.hasbrop2m.security.Packaging">
    <skipped/>
  </testcase> <!-- tcPackaging -->
  <testcase name="tcPackaging" time="0.000" classname="com.hasbrop2m.security.Packaging">
    <skipped/>
  </testcase> <!-- tcPackaging -->
  <testcase name="tcPackaging" time="0.000" classname="com.hasbrop2m.security.Packaging">
    <skipped/>
  </testcase> <!-- tcPackaging -->
  <testcase name="tcPackaging" time="0.000" classname="com.hasbrop2m.security.Packaging">
    <skipped/>
  </testcase> <!-- tcPackaging -->
  <testcase name="tcPackaging" time="0.000" classname="com.hasbrop2m.security.Packaging">
    <skipped/>
  </testcase> <!-- tcPackaging -->
  <testcase name="tcPackaging" time="0.000" classname="com.hasbrop2m.security.Packaging">
    <skipped/>
  </testcase> <!-- tcPackaging -->
  <testcase name="tcPackaging" time="0.000" classname="com.hasbrop2m.security.Packaging">
    <skipped/>
  </testcase> <!-- tcPackaging -->
  <testcase name="tcPackaging" time="0.000" classname="com.hasbrop2m.security.Packaging">
    <skipped/>
  </testcase> <!-- tcPackaging -->
  <testcase name="tcPackaging" time="0.000" classname="com.hasbrop2m.security.Packaging">
    <skipped/>
  </testcase> <!-- tcPackaging -->
  <testcase name="tcPackaging" time="0.000" classname="com.hasbrop2m.security.Packaging">
    <skipped/>
  </testcase> <!-- tcPackaging -->
  <testcase name="tcPackaging" time="0.000" classname="com.hasbrop2m.security.Packaging">
    <skipped/>
  </testcase> <!-- tcPackaging -->
  <testcase name="tcPackaging" time="0.000" classname="com.hasbrop2m.security.Packaging">
    <skipped/>
  </testcase> <!-- tcPackaging -->
  <testcase name="tcPackaging" time="0.000" classname="com.hasbrop2m.security.Packaging">
    <skipped/>
  </testcase> <!-- tcPackaging -->
  <testcase name="tcPackaging" time="0.000" classname="com.hasbrop2m.security.Packaging">
    <skipped/>
  </testcase> <!-- tcPackaging -->
  <testcase name="tcPackaging" time="0.000" classname="com.hasbrop2m.security.Packaging">
    <skipped/>
  </testcase> <!-- tcPackaging -->
  <testcase name="tcPackaging" time="0.000" classname="com.hasbrop2m.security.Packaging">
    <skipped/>
  </testcase> <!-- tcPackaging -->
  <testcase name="tcPackaging" time="0.000" classname="com.hasbrop2m.security.Packaging">
    <skipped/>
  </testcase> <!-- tcPackaging -->
  <testcase name="tcPackaging" time="0.000" classname="com.hasbrop2m.security.Packaging">
    <skipped/>
  </testcase> <!-- tcPackaging -->
  <testcase name="tcPackaging" time="0.000" classname="com.hasbrop2m.security.Packaging">
    <skipped/>
  </testcase> <!-- tcPackaging -->
  <testcase name="tcPackaging" time="0.000" classname="com.hasbrop2m.security.Packaging">
    <skipped/>
  </testcase> <!-- tcPackaging -->
  <testcase name="tcPackaging" time="0.000" classname="com.hasbrop2m.security.Packaging">
    <skipped/>
  </testcase> <!-- tcPackaging -->
  <testcase name="tcPackaging" time="0.000" classname="com.hasbrop2m.security.Packaging">
    <skipped/>
  </testcase> <!-- tcPackaging -->
  <testcase name="tcPackaging" time="0.000" classname="com.hasbrop2m.security.Packaging">
    <skipped/>
  </testcase> <!-- tcPackaging -->
  <testcase name="tcPackaging" time="0.000" classname="com.hasbrop2m.security.Packaging">
    <skipped/>
  </testcase> <!-- tcPackaging -->
  <testcase name="tcPackaging" time="0.000" classname="com.hasbrop2m.security.Packaging">
    <skipped/>
  </testcase> <!-- tcPackaging -->
  <testcase name="tcPackaging" time="0.000" classname="com.hasbrop2m.security.Packaging">
    <skipped/>
  </testcase> <!-- tcPackaging -->
  <testcase name="tcPackaging" time="0.000" classname="com.hasbrop2m.security.Packaging">
    <skipped/>
  </testcase> <!-- tcPackaging -->
  <testcase name="tcPackaging" time="0.000" classname="com.hasbrop2m.security.Packaging">
    <skipped/>
  </testcase> <!-- tcPackaging -->
  <testcase name="tcPackaging" time="0.000" classname="com.hasbrop2m.security.Packaging">
    <skipped/>
  </testcase> <!-- tcPackaging -->
  <testcase name="tcPackaging" time="0.000" classname="com.hasbrop2m.security.Packaging">
    <skipped/>
  </testcase> <!-- tcPackaging -->
  <testcase name="tcPackaging" time="0.000" classname="com.hasbrop2m.security.Packaging">
    <skipped/>
  </testcase> <!-- tcPackaging -->
  <testcase name="tcPackaging" time="0.000" classname="com.hasbrop2m.security.Packaging">
    <skipped/>
  </testcase> <!-- tcPackaging -->
  <testcase name="tcPackaging" time="0.000" classname="com.hasbrop2m.security.Packaging">
    <skipped/>
  </testcase> <!-- tcPackaging -->
  <testcase name="tcPackaging" time="0.000" classname="com.hasbrop2m.security.Packaging">
    <skipped/>
  </testcase> <!-- tcPackaging -->
  <testcase name="tcPackaging" time="0.000" classname="com.hasbrop2m.security.Packaging">
    <skipped/>
  </testcase> <!-- tcPackaging -->
  <testcase name="tcPackaging" time="0.000" classname="com.hasbrop2m.security.Packaging">
    <skipped/>
  </testcase> <!-- tcPackaging -->
  <testcase name="tcPackaging" time="0.000" classname="com.hasbrop2m.security.Packaging">
    <skipped/>
  </testcase> <!-- tcPackaging -->
  <testcase name="tcPackaging" time="0.000" classname="com.hasbrop2m.security.Packaging">
    <skipped/>
  </testcase> <!-- tcPackaging -->
  <testcase name="tcPackaging" time="0.000" classname="com.hasbrop2m.security.Packaging">
    <skipped/>
  </testcase> <!-- tcPackaging -->
  <testcase name="tcPackaging" time="0.000" classname="com.hasbrop2m.security.Packaging">
    <skipped/>
  </testcase> <!-- tcPackaging -->
  <testcase name="tcPackaging" time="0.000" classname="com.hasbrop2m.security.Packaging">
    <skipped/>
  </testcase> <!-- tcPackaging -->
  <testcase name="tcPackaging" time="0.000" classname="com.hasbrop2m.security.Packaging">
    <skipped/>
  </testcase> <!-- tcPackaging -->
  <testcase name="tcPackaging" time="0.000" classname="com.hasbrop2m.security.Packaging">
    <skipped/>
  </testcase> <!-- tcPackaging -->
  <testcase name="tcPackaging" time="0.000" classname="com.hasbrop2m.security.Packaging">
    <skipped/>
  </testcase> <!-- tcPackaging -->
  <testcase name="tcPackaging" time="0.000" classname="com.hasbrop2m.security.Packaging">
    <skipped/>
  </testcase> <!-- tcPackaging -->
  <testcase name="tcPackaging" time="0.000" classname="com.hasbrop2m.security.Packaging">
    <skipped/>
  </testcase> <!-- tcPackaging -->
  <testcase name="tcPackaging" time="0.000" classname="com.hasbrop2m.security.Packaging">
    <skipped/>
  </testcase> <!-- tcPackaging -->
  <testcase name="tcPackaging" time="0.000" classname="com.hasbrop2m.security.Packaging">
    <skipped/>
  </testcase> <!-- tcPackaging -->
  <testcase name="tcPackaging" time="0.000" classname="com.hasbrop2m.security.Packaging">
    <skipped/>
  </testcase> <!-- tcPackaging -->
  <testcase name="tcPackaging" time="0.000" classname="com.hasbrop2m.security.Packaging">
    <skipped/>
  </testcase> <!-- tcPackaging -->
  <testcase name="tcPackaging" time="0.000" classname="com.hasbrop2m.security.Packaging">
    <skipped/>
  </testcase> <!-- tcPackaging -->
  <testcase name="tcPackaging" time="0.000" classname="com.hasbrop2m.security.Packaging">
    <skipped/>
  </testcase> <!-- tcPackaging -->
  <testcase name="tcPackaging" time="0.000" classname="com.hasbrop2m.security.Packaging">
    <skipped/>
  </testcase> <!-- tcPackaging -->
  <testcase name="tcPackaging" time="0.000" classname="com.hasbrop2m.security.Packaging">
    <skipped/>
  </testcase> <!-- tcPackaging -->
  <testcase name="tcPackaging" time="0.000" classname="com.hasbrop2m.security.Packaging">
    <skipped/>
  </testcase> <!-- tcPackaging -->
  <testcase name="tcPackaging" time="0.000" classname="com.hasbrop2m.security.Packaging">
    <skipped/>
  </testcase> <!-- tcPackaging -->
  <testcase name="tcPackaging" time="0.000" classname="com.hasbrop2m.security.Packaging">
    <skipped/>
  </testcase> <!-- tcPackaging -->
  <testcase name="tcPackaging" time="0.000" classname="com.hasbrop2m.security.Packaging">
    <skipped/>
  </testcase> <!-- tcPackaging -->
  <testcase name="tcPackaging" time="0.000" classname="com.hasbrop2m.security.Packaging">
    <skipped/>
  </testcase> <!-- tcPackaging -->
  <testcase name="tcPackaging" time="0.000" classname="com.hasbrop2m.security.Packaging">
    <skipped/>
  </testcase> <!-- tcPackaging -->
  <testcase name="tcPackaging" time="0.000" classname="com.hasbrop2m.security.Packaging">
    <skipped/>
  </testcase> <!-- tcPackaging -->
  <testcase name="tcPackaging" time="0.000" classname="com.hasbrop2m.security.Packaging">
    <skipped/>
  </testcase> <!-- tcPackaging -->
  <testcase name="tcPackaging" time="0.000" classname="com.hasbrop2m.security.Packaging">
    <skipped/>
  </testcase> <!-- tcPackaging -->
  <testcase name="tcPackaging" time="0.000" classname="com.hasbrop2m.security.Packaging">
    <skipped/>
  </testcase> <!-- tcPackaging -->
  <testcase name="tcPackaging" time="0.000" classname="com.hasbrop2m.security.Packaging">
    <skipped/>
  </testcase> <!-- tcPackaging -->
  <testcase name="tcPackaging" time="0.000" classname="com.hasbrop2m.security.Packaging">
    <skipped/>
  </testcase> <!-- tcPackaging -->
  <testcase name="tcPackaging" time="0.000" classname="com.hasbrop2m.security.Packaging">
    <skipped/>
  </testcase> <!-- tcPackaging -->
  <testcase name="tcPackaging" time="0.000" classname="com.hasbrop2m.security.Packaging">
    <skipped/>
  </testcase> <!-- tcPackaging -->
  <testcase name="tcPackaging" time="0.000" classname="com.hasbrop2m.security.Packaging">
    <skipped/>
  </testcase> <!-- tcPackaging -->
  <testcase name="tcPackaging" time="0.000" classname="com.hasbrop2m.security.Packaging">
    <skipped/>
  </testcase> <!-- tcPackaging -->
  <testcase name="tcPackaging" time="0.000" classname="com.hasbrop2m.security.Packaging">
    <skipped/>
  </testcase> <!-- tcPackaging -->
  <testcase name="tcPackaging" time="0.000" classname="com.hasbrop2m.security.Packaging">
    <skipped/>
  </testcase> <!-- tcPackaging -->
  <testcase name="tcPackaging" time="0.000" classname="com.hasbrop2m.security.Packaging">
    <skipped/>
  </testcase> <!-- tcPackaging -->
  <testcase name="tcPackaging" time="0.000" classname="com.hasbrop2m.security.Packaging">
    <skipped/>
  </testcase> <!-- tcPackaging -->
  <testcase name="tcPackaging" time="0.000" classname="com.hasbrop2m.security.Packaging">
    <skipped/>
  </testcase> <!-- tcPackaging -->
  <testcase name="tcPackaging" time="0.000" classname="com.hasbrop2m.security.Packaging">
    <skipped/>
  </testcase> <!-- tcPackaging -->
  <testcase name="tcPackaging" time="0.000" classname="com.hasbrop2m.security.Packaging">
    <skipped/>
  </testcase> <!-- tcPackaging -->
  <testcase name="tcPackaging" time="0.000" classname="com.hasbrop2m.security.Packaging">
    <skipped/>
  </testcase> <!-- tcPackaging -->
  <testcase name="tcPackaging" time="0.000" classname="com.hasbrop2m.security.Packaging">
    <skipped/>
  </testcase> <!-- tcPackaging -->
  <testcase name="tcPackaging" time="0.000" classname="com.hasbrop2m.security.Packaging">
    <skipped/>
  </testcase> <!-- tcPackaging -->
  <testcase name="tcPackaging" time="0.000" classname="com.hasbrop2m.security.Packaging">
    <skipped/>
  </testcase> <!-- tcPackaging -->
  <testcase name="tcPackaging" time="0.000" classname="com.hasbrop2m.security.Packaging">
    <skipped/>
  </testcase> <!-- tcPackaging -->
  <testcase name="tcPackaging" time="0.000" classname="com.hasbrop2m.security.Packaging">
    <skipped/>
  </testcase> <!-- tcPackaging -->
  <testcase name="tcPackaging" time="0.000" classname="com.hasbrop2m.security.Packaging">
    <skipped/>
  </testcase> <!-- tcPackaging -->
  <testcase name="tcPackaging" time="0.000" classname="com.hasbrop2m.security.Packaging">
    <skipped/>
  </testcase> <!-- tcPackaging -->
  <testcase name="tcPackaging" time="0.000" classname="com.hasbrop2m.security.Packaging">
    <skipped/>
  </testcase> <!-- tcPackaging -->
  <testcase name="tcPackaging" time="0.000" classname="com.hasbrop2m.security.Packaging">
    <skipped/>
  </testcase> <!-- tcPackaging -->
  <testcase name="tcPackaging" time="0.000" classname="com.hasbrop2m.security.Packaging">
    <skipped/>
  </testcase> <!-- tcPackaging -->
  <testcase name="tcPackaging" time="0.000" classname="com.hasbrop2m.security.Packaging">
    <skipped/>
  </testcase> <!-- tcPackaging -->
  <testcase name="tcPackaging" time="0.000" classname="com.hasbrop2m.security.Packaging">
    <skipped/>
  </testcase> <!-- tcPackaging -->
  <testcase name="tcPackaging" time="0.000" classname="com.hasbrop2m.security.Packaging">
    <skipped/>
  </testcase> <!-- tcPackaging -->
  <testcase name="tcPackaging" time="0.000" classname="com.hasbrop2m.security.Packaging">
    <skipped/>
  </testcase> <!-- tcPackaging -->
  <testcase name="tcPackaging" time="0.000" classname="com.hasbrop2m.security.Packaging">
    <skipped/>
  </testcase> <!-- tcPackaging -->
  <testcase name="tcPackaging" time="0.000" classname="com.hasbrop2m.security.Packaging">
    <skipped/>
  </testcase> <!-- tcPackaging -->
  <testcase name="tcPackaging" time="0.000" classname="com.hasbrop2m.security.Packaging">
    <skipped/>
  </testcase> <!-- tcPackaging -->
  <testcase name="tcPackaging" time="0.000" classname="com.hasbrop2m.security.Packaging">
    <skipped/>
  </testcase> <!-- tcPackaging -->
  <testcase name="tcPackaging" time="0.000" classname="com.hasbrop2m.security.Packaging">
    <skipped/>
  </testcase> <!-- tcPackaging -->
  <testcase name="tcPackaging" time="0.000" classname="com.hasbrop2m.security.Packaging">
    <skipped/>
  </testcase> <!-- tcPackaging -->
  <testcase name="tcPackaging" time="0.000" classname="com.hasbrop2m.security.Packaging">
    <skipped/>
  </testcase> <!-- tcPackaging -->
  <testcase name="tcPackaging" time="0.000" classname="com.hasbrop2m.security.Packaging">
    <skipped/>
  </testcase> <!-- tcPackaging -->
  <testcase name="tcPackaging" time="0.000" classname="com.hasbrop2m.security.Packaging">
    <skipped/>
  </testcase> <!-- tcPackaging -->
  <testcase name="tcPackaging" time="0.000" classname="com.hasbrop2m.security.Packaging">
    <skipped/>
  </testcase> <!-- tcPackaging -->
  <testcase name="tcPackaging" time="0.000" classname="com.hasbrop2m.security.Packaging">
    <skipped/>
  </testcase> <!-- tcPackaging -->
  <testcase name="tcPackaging" time="0.000" classname="com.hasbrop2m.security.Packaging">
    <skipped/>
  </testcase> <!-- tcPackaging -->
  <testcase name="tcPackaging" time="0.000" classname="com.hasbrop2m.security.Packaging">
    <skipped/>
  </testcase> <!-- tcPackaging -->
  <testcase name="tcPackaging" time="0.000" classname="com.hasbrop2m.security.Packaging">
    <skipped/>
  </testcase> <!-- tcPackaging -->
  <testcase name="tcPackaging" time="0.000" classname="com.hasbrop2m.security.Packaging">
    <skipped/>
  </testcase> <!-- tcPackaging -->
  <testcase name="tcPackaging" time="0.000" classname="com.hasbrop2m.security.Packaging">
    <skipped/>
  </testcase> <!-- tcPackaging -->
  <testcase name="tcPackaging" time="0.000" classname="com.hasbrop2m.security.Packaging">
    <skipped/>
  </testcase> <!-- tcPackaging -->
  <testcase name="tcPackaging" time="0.000" classname="com.hasbrop2m.security.Packaging">
    <skipped/>
  </testcase> <!-- tcPackaging -->
  <testcase name="tcPackaging" time="0.000" classname="com.hasbrop2m.security.Packaging">
    <skipped/>
  </testcase> <!-- tcPackaging -->
  <testcase name="tcPackaging" time="0.000" classname="com.hasbrop2m.security.Packaging">
    <skipped/>
  </testcase> <!-- tcPackaging -->
  <testcase name="tcPackaging" time="0.000" classname="com.hasbrop2m.security.Packaging">
    <skipped/>
  </testcase> <!-- tcPackaging -->
  <testcase name="tcPackaging" time="0.000" classname="com.hasbrop2m.security.Packaging">
    <skipped/>
  </testcase> <!-- tcPackaging -->
  <testcase name="tcPackaging" time="0.000" classname="com.hasbrop2m.security.Packaging">
    <skipped/>
  </testcase> <!-- tcPackaging -->
  <testcase name="tcPackaging" time="0.000" classname="com.hasbrop2m.security.Packaging">
    <skipped/>
  </testcase> <!-- tcPackaging -->
  <testcase name="tcPackaging" time="0.000" classname="com.hasbrop2m.security.Packaging">
    <skipped/>
  </testcase> <!-- tcPackaging -->
  <testcase name="tcPackaging" time="0.000" classname="com.hasbrop2m.security.Packaging">
    <skipped/>
  </testcase> <!-- tcPackaging -->
  <testcase name="tcPackaging" time="0.000" classname="com.hasbrop2m.security.Packaging">
    <skipped/>
  </testcase> <!-- tcPackaging -->
  <testcase name="tcPackaging" time="0.000" classname="com.hasbrop2m.security.Packaging">
    <skipped/>
  </testcase> <!-- tcPackaging -->
  <testcase name="tcPackaging" time="0.000" classname="com.hasbrop2m.security.Packaging">
    <skipped/>
  </testcase> <!-- tcPackaging -->
  <testcase name="tcPackaging" time="0.000" classname="com.hasbrop2m.security.Packaging">
    <skipped/>
  </testcase> <!-- tcPackaging -->
  <testcase name="tcPackaging" time="0.000" classname="com.hasbrop2m.security.Packaging">
    <skipped/>
  </testcase> <!-- tcPackaging -->
  <testcase name="tcPackaging" time="0.000" classname="com.hasbrop2m.security.Packaging">
    <skipped/>
  </testcase> <!-- tcPackaging -->
  <testcase name="tcPackaging" time="0.000" classname="com.hasbrop2m.security.Packaging">
    <skipped/>
  </testcase> <!-- tcPackaging -->
  <testcase name="tcPackaging" time="0.000" classname="com.hasbrop2m.security.Packaging">
    <skipped/>
  </testcase> <!-- tcPackaging -->
  <testcase name="tcPackaging" time="0.000" classname="com.hasbrop2m.security.Packaging">
    <skipped/>
  </testcase> <!-- tcPackaging -->
  <testcase name="tcPackaging" time="0.000" classname="com.hasbrop2m.security.Packaging">
    <skipped/>
  </testcase> <!-- tcPackaging -->
  <testcase name="tcPackaging" time="0.000" classname="com.hasbrop2m.security.Packaging">
    <skipped/>
  </testcase> <!-- tcPackaging -->
  <testcase name="tcPackaging" time="0.000" classname="com.hasbrop2m.security.Packaging">
    <skipped/>
  </testcase> <!-- tcPackaging -->
  <testcase name="tcPackaging" time="0.000" classname="com.hasbrop2m.security.Packaging">
    <skipped/>
  </testcase> <!-- tcPackaging -->
  <testcase name="tcPackaging" time="0.000" classname="com.hasbrop2m.security.Packaging">
    <skipped/>
  </testcase> <!-- tcPackaging -->
  <testcase name="tcPackaging" time="0.000" classname="com.hasbrop2m.security.Packaging">
    <skipped/>
  </testcase> <!-- tcPackaging -->
  <testcase name="tcPackaging" time="0.000" classname="com.hasbrop2m.security.Packaging">
    <skipped/>
  </testcase> <!-- tcPackaging -->
  <testcase name="tcPackaging" time="0.000" classname="com.hasbrop2m.security.Packaging">
    <skipped/>
  </testcase> <!-- tcPackaging -->
  <testcase name="tcPackaging" time="0.000" classname="com.hasbrop2m.security.Packaging">
    <skipped/>
  </testcase> <!-- tcPackaging -->
  <testcase name="tcPackaging" time="0.000" classname="com.hasbrop2m.security.Packaging">
    <skipped/>
  </testcase> <!-- tcPackaging -->
  <testcase name="tcPackaging" time="0.000" classname="com.hasbrop2m.security.Packaging">
    <skipped/>
  </testcase> <!-- tcPackaging -->
  <testcase name="tcPackaging" time="0.000" classname="com.hasbrop2m.security.Packaging">
    <skipped/>
  </testcase> <!-- tcPackaging -->
  <testcase name="tcPackaging" time="0.000" classname="com.hasbrop2m.security.Packaging">
    <skipped/>
  </testcase> <!-- tcPackaging -->
  <testcase name="tcPackaging" time="0.000" classname="com.hasbrop2m.security.Packaging">
    <skipped/>
  </testcase> <!-- tcPackaging -->
  <testcase name="tcPackaging" time="0.000" classname="com.hasbrop2m.security.Packaging">
    <skipped/>
  </testcase> <!-- tcPackaging -->
  <testcase name="tcPackaging" time="0.000" classname="com.hasbrop2m.security.Packaging">
    <skipped/>
  </testcase> <!-- tcPackaging -->
  <testcase name="tcPackaging" time="0.000" classname="com.hasbrop2m.security.Packaging">
    <skipped/>
  </testcase> <!-- tcPackaging -->
  <testcase name="tcPackaging" time="0.000" classname="com.hasbrop2m.security.Packaging">
    <skipped/>
  </testcase> <!-- tcPackaging -->
  <testcase name="tcPackaging" time="0.000" classname="com.hasbrop2m.security.Packaging">
    <skipped/>
  </testcase> <!-- tcPackaging -->
  <testcase name="tcPackaging" time="0.000" classname="com.hasbrop2m.security.Packaging">
    <skipped/>
  </testcase> <!-- tcPackaging -->
  <testcase name="tcPackaging" time="0.000" classname="com.hasbrop2m.security.Packaging">
    <skipped/>
  </testcase> <!-- tcPackaging -->
  <testcase name="tcPackaging" time="0.000" classname="com.hasbrop2m.security.Packaging">
    <skipped/>
  </testcase> <!-- tcPackaging -->
  <testcase name="tcPackaging" time="0.000" classname="com.hasbrop2m.security.Packaging">
    <skipped/>
  </testcase> <!-- tcPackaging -->
  <testcase name="tcPackaging" time="0.000" classname="com.hasbrop2m.security.Packaging">
    <skipped/>
  </testcase> <!-- tcPackaging -->
  <testcase name="tcPackaging" time="0.000" classname="com.hasbrop2m.security.Packaging">
    <skipped/>
  </testcase> <!-- tcPackaging -->
  <testcase name="tcPackaging" time="0.000" classname="com.hasbrop2m.security.Packaging">
    <skipped/>
  </testcase> <!-- tcPackaging -->
  <testcase name="tcPackaging" time="0.000" classname="com.hasbrop2m.security.Packaging">
    <skipped/>
  </testcase> <!-- tcPackaging -->
  <testcase name="tcPackaging" time="0.000" classname="com.hasbrop2m.security.Packaging">
    <skipped/>
  </testcase> <!-- tcPackaging -->
  <testcase name="tcPackaging" time="0.000" classname="com.hasbrop2m.security.Packaging">
    <skipped/>
  </testcase> <!-- tcPackaging -->
  <testcase name="tcPackaging" time="0.000" classname="com.hasbrop2m.security.Packaging">
    <skipped/>
  </testcase> <!-- tcPackaging -->
  <testcase name="tcPackaging" time="0.000" classname="com.hasbrop2m.security.Packaging">
    <skipped/>
  </testcase> <!-- tcPackaging -->
  <testcase name="tcPackaging" time="0.000" classname="com.hasbrop2m.security.Packaging">
    <skipped/>
  </testcase> <!-- tcPackaging -->
  <testcase name="tcPackaging" time="0.000" classname="com.hasbrop2m.security.Packaging">
    <skipped/>
  </testcase> <!-- tcPackaging -->
  <testcase name="tcPackaging" time="0.000" classname="com.hasbrop2m.security.Packaging">
    <skipped/>
  </testcase> <!-- tcPackaging -->
  <testcase name="tcPackaging" time="0.000" classname="com.hasbrop2m.security.Packaging">
    <skipped/>
  </testcase> <!-- tcPackaging -->
  <testcase name="tcPackaging" time="0.000" classname="com.hasbrop2m.security.Packaging">
    <skipped/>
  </testcase> <!-- tcPackaging -->
  <testcase name="tcPackaging" time="0.000" classname="com.hasbrop2m.security.Packaging">
    <skipped/>
  </testcase> <!-- tcPackaging -->
  <testcase name="tcPackaging" time="0.000" classname="com.hasbrop2m.security.Packaging">
    <skipped/>
  </testcase> <!-- tcPackaging -->
  <testcase name="tcPackaging" time="0.000" classname="com.hasbrop2m.security.Packaging">
    <skipped/>
  </testcase> <!-- tcPackaging -->
  <testcase name="tcPackaging" time="0.000" classname="com.hasbrop2m.security.Packaging">
    <skipped/>
  </testcase> <!-- tcPackaging -->
  <testcase name="tcPackaging" time="0.000" classname="com.hasbrop2m.security.Packaging">
    <skipped/>
  </testcase> <!-- tcPackaging -->
  <testcase name="tcPackaging" time="0.000" classname="com.hasbrop2m.security.Packaging">
    <skipped/>
  </testcase> <!-- tcPackaging -->
  <testcase name="tcPackaging" time="0.000" classname="com.hasbrop2m.security.Packaging">
    <skipped/>
  </testcase> <!-- tcPackaging -->
  <testcase name="tcPackaging" time="0.000" classname="com.hasbrop2m.security.Packaging">
    <skipped/>
  </testcase> <!-- tcPackaging -->
  <testcase name="tcPackaging" time="0.000" classname="com.hasbrop2m.security.Packaging">
    <skipped/>
  </testcase> <!-- tcPackaging -->
  <testcase name="tcPackaging" time="0.000" classname="com.hasbrop2m.security.Packaging">
    <skipped/>
  </testcase> <!-- tcPackaging -->
  <testcase name="tcPackaging" time="0.000" classname="com.hasbrop2m.security.Packaging">
    <skipped/>
  </testcase> <!-- tcPackaging -->
  <testcase name="tcPackaging" time="0.000" classname="com.hasbrop2m.security.Packaging">
    <skipped/>
  </testcase> <!-- tcPackaging -->
  <testcase name="tcPackaging" time="0.000" classname="com.hasbrop2m.security.Packaging">
    <skipped/>
  </testcase> <!-- tcPackaging -->
  <testcase name="tcPackaging" time="0.000" classname="com.hasbrop2m.security.Packaging">
    <skipped/>
  </testcase> <!-- tcPackaging -->
  <testcase name="tcPackaging" time="0.000" classname="com.hasbrop2m.security.Packaging">
    <skipped/>
  </testcase> <!-- tcPackaging -->
  <testcase name="tcPackaging" time="0.000" classname="com.hasbrop2m.security.Packaging">
    <skipped/>
  </testcase> <!-- tcPackaging -->
  <testcase name="tcPackaging" time="0.000" classname="com.hasbrop2m.security.Packaging">
    <skipped/>
  </testcase> <!-- tcPackaging -->
  <testcase name="tcPackaging" time="0.000" classname="com.hasbrop2m.security.Packaging">
    <skipped/>
  </testcase> <!-- tcPackaging -->
  <testcase name="tcPackaging" time="0.000" classname="com.hasbrop2m.security.Packaging">
    <skipped/>
  </testcase> <!-- tcPackaging -->
  <testcase name="tcPackaging" time="0.000" classname="com.hasbrop2m.security.Packaging">
    <skipped/>
  </testcase> <!-- tcPackaging -->
  <testcase name="tcPackaging" time="0.000" classname="com.hasbrop2m.security.Packaging">
    <skipped/>
  </testcase> <!-- tcPackaging -->
  <testcase name="tcPackaging" time="0.000" classname="com.hasbrop2m.security.Packaging">
    <skipped/>
  </testcase> <!-- tcPackaging -->
  <testcase name="tcPackaging" time="0.000" classname="com.hasbrop2m.security.Packaging">
    <skipped/>
  </testcase> <!-- tcPackaging -->
  <testcase name="tcPackaging" time="0.000" classname="com.hasbrop2m.security.Packaging">
    <skipped/>
  </testcase> <!-- tcPackaging -->
  <testcase name="tcPackaging" time="0.000" classname="com.hasbrop2m.security.Packaging">
    <skipped/>
  </testcase> <!-- tcPackaging -->
  <testcase name="tcPackaging" time="0.000" classname="com.hasbrop2m.security.Packaging">
    <skipped/>
  </testcase> <!-- tcPackaging -->
  <testcase name="tcPackaging" time="0.000" classname="com.hasbrop2m.security.Packaging">
    <skipped/>
  </testcase> <!-- tcPackaging -->
  <testcase name="tcPackaging" time="0.000" classname="com.hasbrop2m.security.Packaging">
    <skipped/>
  </testcase> <!-- tcPackaging -->
  <testcase name="tcPackaging" time="0.000" classname="com.hasbrop2m.security.Packaging">
    <skipped/>
  </testcase> <!-- tcPackaging -->
  <testcase name="tcPackaging" time="0.000" classname="com.hasbrop2m.security.Packaging">
    <skipped/>
  </testcase> <!-- tcPackaging -->
  <testcase name="tcPackaging" time="0.000" classname="com.hasbrop2m.security.Packaging">
    <skipped/>
  </testcase> <!-- tcPackaging -->
  <testcase name="tcPackaging" time="0.000" classname="com.hasbrop2m.security.Packaging">
    <skipped/>
  </testcase> <!-- tcPackaging -->
  <testcase name="tcPackaging" time="0.000" classname="com.hasbrop2m.security.Packaging">
    <skipped/>
  </testcase> <!-- tcPackaging -->
  <testcase name="tcPackaging" time="0.000" classname="com.hasbrop2m.security.Packaging">
    <skipped/>
  </testcase> <!-- tcPackaging -->
  <testcase name="tcPackaging" time="0.000" classname="com.hasbrop2m.security.Packaging">
    <skipped/>
  </testcase> <!-- tcPackaging -->
  <testcase name="tcPackaging" time="0.000" classname="com.hasbrop2m.security.Packaging">
    <skipped/>
  </testcase> <!-- tcPackaging -->
  <testcase name="tcPackaging" time="0.000" classname="com.hasbrop2m.security.Packaging">
    <skipped/>
  </testcase> <!-- tcPackaging -->
  <testcase name="tcPackaging" time="0.000" classname="com.hasbrop2m.security.Packaging">
    <skipped/>
  </testcase> <!-- tcPackaging -->
  <testcase name="tcPackaging" time="0.000" classname="com.hasbrop2m.security.Packaging">
    <skipped/>
  </testcase> <!-- tcPackaging -->
  <testcase name="tcPackaging" time="0.000" classname="com.hasbrop2m.security.Packaging">
    <skipped/>
  </testcase> <!-- tcPackaging -->
  <testcase name="tcPackaging" time="0.000" classname="com.hasbrop2m.security.Packaging">
    <skipped/>
  </testcase> <!-- tcPackaging -->
  <testcase name="tcPackaging" time="0.000" classname="com.hasbrop2m.security.Packaging">
    <skipped/>
  </testcase> <!-- tcPackaging -->
  <testcase name="tcPackaging" time="0.000" classname="com.hasbrop2m.security.Packaging">
    <skipped/>
  </testcase> <!-- tcPackaging -->
  <testcase name="tcPackaging" time="0.000" classname="com.hasbrop2m.security.Packaging">
    <skipped/>
  </testcase> <!-- tcPackaging -->
  <testcase name="tcPackaging" time="0.000" classname="com.hasbrop2m.security.Packaging">
    <skipped/>
  </testcase> <!-- tcPackaging -->
  <testcase name="tcPackaging" time="0.000" classname="com.hasbrop2m.security.Packaging">
    <skipped/>
  </testcase> <!-- tcPackaging -->
  <testcase name="tcPackaging" time="0.000" classname="com.hasbrop2m.security.Packaging">
    <skipped/>
  </testcase> <!-- tcPackaging -->
  <testcase name="tcPackaging" time="0.000" classname="com.hasbrop2m.security.Packaging">
    <skipped/>
  </testcase> <!-- tcPackaging -->
  <testcase name="tcPackaging" time="0.000" classname="com.hasbrop2m.security.Packaging">
    <skipped/>
  </testcase> <!-- tcPackaging -->
  <testcase name="tcPackaging" time="0.000" classname="com.hasbrop2m.security.Packaging">
    <skipped/>
  </testcase> <!-- tcPackaging -->
  <testcase name="tcPackaging" time="0.000" classname="com.hasbrop2m.security.Packaging">
    <skipped/>
  </testcase> <!-- tcPackaging -->
  <testcase name="tcPackaging" time="0.000" classname="com.hasbrop2m.security.Packaging">
    <skipped/>
  </testcase> <!-- tcPackaging -->
  <testcase name="tcPackaging" time="0.000" classname="com.hasbrop2m.security.Packaging">
    <skipped/>
  </testcase> <!-- tcPackaging -->
  <testcase name="tcPackaging" time="0.000" classname="com.hasbrop2m.security.Packaging">
    <skipped/>
  </testcase> <!-- tcPackaging -->
  <testcase name="tcPackaging" time="0.000" classname="com.hasbrop2m.security.Packaging">
    <skipped/>
  </testcase> <!-- tcPackaging -->
  <testcase name="tcPackaging" time="0.000" classname="com.hasbrop2m.security.Packaging">
    <skipped/>
  </testcase> <!-- tcPackaging -->
  <testcase name="tcPackaging" time="0.000" classname="com.hasbrop2m.security.Packaging">
    <skipped/>
  </testcase> <!-- tcPackaging -->
  <testcase name="tcPackaging" time="0.000" classname="com.hasbrop2m.security.Packaging">
    <skipped/>
  </testcase> <!-- tcPackaging -->
  <testcase name="tcPackaging" time="0.000" classname="com.hasbrop2m.security.Packaging">
    <skipped/>
  </testcase> <!-- tcPackaging -->
  <testcase name="tcPackaging" time="0.000" classname="com.hasbrop2m.security.Packaging">
    <skipped/>
  </testcase> <!-- tcPackaging -->
  <testcase name="tcPackaging" time="0.000" classname="com.hasbrop2m.security.Packaging">
    <skipped/>
  </testcase> <!-- tcPackaging -->
  <testcase name="tcPackaging" time="0.000" classname="com.hasbrop2m.security.Packaging">
    <skipped/>
  </testcase> <!-- tcPackaging -->
  <testcase name="tcPackaging" time="0.000" classname="com.hasbrop2m.security.Packaging">
    <skipped/>
  </testcase> <!-- tcPackaging -->
  <testcase name="tcPackaging" time="0.000" classname="com.hasbrop2m.security.Packaging">
    <skipped/>
  </testcase> <!-- tcPackaging -->
  <testcase name="tcPackaging" time="0.000" classname="com.hasbrop2m.security.Packaging">
    <skipped/>
  </testcase> <!-- tcPackaging -->
  <testcase name="tcPackaging" time="0.000" classname="com.hasbrop2m.security.Packaging">
    <skipped/>
  </testcase> <!-- tcPackaging -->
  <testcase name="tcPackaging" time="0.000" classname="com.hasbrop2m.security.Packaging">
    <skipped/>
  </testcase> <!-- tcPackaging -->
  <testcase name="tcPackaging" time="0.000" classname="com.hasbrop2m.security.Packaging">
    <skipped/>
  </testcase> <!-- tcPackaging -->
  <testcase name="tcPackaging" time="0.000" classname="com.hasbrop2m.security.Packaging">
    <skipped/>
  </testcase> <!-- tcPackaging -->
  <testcase name="tcPackaging" time="0.000" classname="com.hasbrop2m.security.Packaging">
    <skipped/>
  </testcase> <!-- tcPackaging -->
  <testcase name="tcPackaging" time="0.000" classname="com.hasbrop2m.security.Packaging">
    <skipped/>
  </testcase> <!-- tcPackaging -->
  <testcase name="tcPackaging" time="0.000" classname="com.hasbrop2m.security.Packaging">
    <skipped/>
  </testcase> <!-- tcPackaging -->
  <testcase name="tcPackaging" time="0.000" classname="com.hasbrop2m.security.Packaging">
    <skipped/>
  </testcase> <!-- tcPackaging -->
  <testcase name="tcPackaging" time="0.000" classname="com.hasbrop2m.security.Packaging">
    <skipped/>
  </testcase> <!-- tcPackaging -->
  <testcase name="tcPackaging" time="0.000" classname="com.hasbrop2m.security.Packaging">
    <skipped/>
  </testcase> <!-- tcPackaging -->
  <testcase name="tcPackaging" time="0.000" classname="com.hasbrop2m.security.Packaging">
    <skipped/>
  </testcase> <!-- tcPackaging -->
  <testcase name="tcPackaging" time="0.000" classname="com.hasbrop2m.security.Packaging">
    <skipped/>
  </testcase> <!-- tcPackaging -->
  <testcase name="tcPackaging" time="0.000" classname="com.hasbrop2m.security.Packaging">
    <skipped/>
  </testcase> <!-- tcPackaging -->
  <testcase name="tcPackaging" time="0.000" classname="com.hasbrop2m.security.Packaging">
    <skipped/>
  </testcase> <!-- tcPackaging -->
  <testcase name="tcPackaging" time="0.000" classname="com.hasbrop2m.security.Packaging">
    <skipped/>
  </testcase> <!-- tcPackaging -->
  <testcase name="tcPackaging" time="0.000" classname="com.hasbrop2m.security.Packaging">
    <skipped/>
  </testcase> <!-- tcPackaging -->
  <testcase name="tcPackaging" time="0.000" classname="com.hasbrop2m.security.Packaging">
    <skipped/>
  </testcase> <!-- tcPackaging -->
  <testcase name="tcPackaging" time="0.000" classname="com.hasbrop2m.security.Packaging">
    <skipped/>
  </testcase> <!-- tcPackaging -->
  <testcase name="tcPackaging" time="0.000" classname="com.hasbrop2m.security.Packaging">
    <skipped/>
  </testcase> <!-- tcPackaging -->
  <testcase name="tcPackaging" time="0.000" classname="com.hasbrop2m.security.Packaging">
    <skipped/>
  </testcase> <!-- tcPackaging -->
  <testcase name="tcPackaging" time="0.000" classname="com.hasbrop2m.security.Packaging">
    <skipped/>
  </testcase> <!-- tcPackaging -->
  <testcase name="tcPackaging" time="0.000" classname="com.hasbrop2m.security.Packaging">
    <skipped/>
  </testcase> <!-- tcPackaging -->
  <testcase name="tcPackaging" time="0.000" classname="com.hasbrop2m.security.Packaging">
    <skipped/>
  </testcase> <!-- tcPackaging -->
  <testcase name="tcPackaging" time="0.000" classname="com.hasbrop2m.security.Packaging">
    <skipped/>
  </testcase> <!-- tcPackaging -->
  <testcase name="tcPackaging" time="0.000" classname="com.hasbrop2m.security.Packaging">
    <skipped/>
  </testcase> <!-- tcPackaging -->
  <testcase name="tcPackaging" time="0.000" classname="com.hasbrop2m.security.Packaging">
    <skipped/>
  </testcase> <!-- tcPackaging -->
  <testcase name="tcPackaging" time="0.000" classname="com.hasbrop2m.security.Packaging">
    <skipped/>
  </testcase> <!-- tcPackaging -->
  <testcase name="tcPackaging" time="0.000" classname="com.hasbrop2m.security.Packaging">
    <skipped/>
  </testcase> <!-- tcPackaging -->
  <testcase name="tcPackaging" time="0.000" classname="com.hasbrop2m.security.Packaging">
    <skipped/>
  </testcase> <!-- tcPackaging -->
  <testcase name="tcPackaging" time="0.000" classname="com.hasbrop2m.security.Packaging">
    <skipped/>
  </testcase> <!-- tcPackaging -->
  <testcase name="tcPackaging" time="0.000" classname="com.hasbrop2m.security.Packaging">
    <skipped/>
  </testcase> <!-- tcPackaging -->
  <testcase name="tcPackaging" time="0.000" classname="com.hasbrop2m.security.Packaging">
    <skipped/>
  </testcase> <!-- tcPackaging -->
  <testcase name="tcPackaging" time="0.000" classname="com.hasbrop2m.security.Packaging">
    <skipped/>
  </testcase> <!-- tcPackaging -->
  <testcase name="tcPackaging" time="0.000" classname="com.hasbrop2m.security.Packaging">
    <skipped/>
  </testcase> <!-- tcPackaging -->
  <testcase name="tcPackaging" time="0.000" classname="com.hasbrop2m.security.Packaging">
    <skipped/>
  </testcase> <!-- tcPackaging -->
  <testcase name="tcPackaging" time="0.000" classname="com.hasbrop2m.security.Packaging">
    <skipped/>
  </testcase> <!-- tcPackaging -->
  <testcase name="tcPackaging" time="0.000" classname="com.hasbrop2m.security.Packaging">
    <skipped/>
  </testcase> <!-- tcPackaging -->
  <testcase name="tcPackaging" time="0.000" classname="com.hasbrop2m.security.Packaging">
    <skipped/>
  </testcase> <!-- tcPackaging -->
  <testcase name="tcPackaging" time="0.000" classname="com.hasbrop2m.security.Packaging">
    <skipped/>
  </testcase> <!-- tcPackaging -->
  <testcase name="tcPackaging" time="0.000" classname="com.hasbrop2m.security.Packaging">
    <skipped/>
  </testcase> <!-- tcPackaging -->
  <testcase name="tcPackaging" time="0.000" classname="com.hasbrop2m.security.Packaging">
    <skipped/>
  </testcase> <!-- tcPackaging -->
  <testcase name="tcPackaging" time="0.000" classname="com.hasbrop2m.security.Packaging">
    <skipped/>
  </testcase> <!-- tcPackaging -->
  <testcase name="tcPackaging" time="0.000" classname="com.hasbrop2m.security.Packaging">
    <skipped/>
  </testcase> <!-- tcPackaging -->
  <testcase name="tcPackaging" time="0.000" classname="com.hasbrop2m.security.Packaging">
    <skipped/>
  </testcase> <!-- tcPackaging -->
  <testcase name="tcPackaging" time="0.000" classname="com.hasbrop2m.security.Packaging">
    <skipped/>
  </testcase> <!-- tcPackaging -->
  <testcase name="tcPackaging" time="0.000" classname="com.hasbrop2m.security.Packaging">
    <skipped/>
  </testcase> <!-- tcPackaging -->
  <testcase name="tcPackaging" time="0.000" classname="com.hasbrop2m.security.Packaging">
    <skipped/>
  </testcase> <!-- tcPackaging -->
  <testcase name="tcPackaging" time="0.000" classname="com.hasbrop2m.security.Packaging">
    <skipped/>
  </testcase> <!-- tcPackaging -->
  <testcase name="tcPackaging" time="0.000" classname="com.hasbrop2m.security.Packaging">
    <skipped/>
  </testcase> <!-- tcPackaging -->
  <testcase name="tcPackaging" time="0.000" classname="com.hasbrop2m.security.Packaging">
    <skipped/>
  </testcase> <!-- tcPackaging -->
  <testcase name="tcPackaging" time="0.000" classname="com.hasbrop2m.security.Packaging">
    <skipped/>
  </testcase> <!-- tcPackaging -->
  <testcase name="tcPackaging" time="0.000" classname="com.hasbrop2m.security.Packaging">
    <skipped/>
  </testcase> <!-- tcPackaging -->
  <testcase name="tcPackaging" time="0.000" classname="com.hasbrop2m.security.Packaging">
    <skipped/>
  </testcase> <!-- tcPackaging -->
  <testcase name="tcPackaging" time="0.000" classname="com.hasbrop2m.security.Packaging">
    <skipped/>
  </testcase> <!-- tcPackaging -->
  <testcase name="tcPackaging" time="0.000" classname="com.hasbrop2m.security.Packaging">
    <skipped/>
  </testcase> <!-- tcPackaging -->
  <testcase name="tcPackaging" time="0.000" classname="com.hasbrop2m.security.Packaging">
    <skipped/>
  </testcase> <!-- tcPackaging -->
  <testcase name="tcPackaging" time="0.000" classname="com.hasbrop2m.security.Packaging">
    <skipped/>
  </testcase> <!-- tcPackaging -->
  <testcase name="tcPackaging" time="0.000" classname="com.hasbrop2m.security.Packaging">
    <skipped/>
  </testcase> <!-- tcPackaging -->
  <testcase name="tcPackaging" time="0.000" classname="com.hasbrop2m.security.Packaging">
    <skipped/>
  </testcase> <!-- tcPackaging -->
  <testcase name="tcPackaging" time="0.000" classname="com.hasbrop2m.security.Packaging">
    <skipped/>
  </testcase> <!-- tcPackaging -->
  <testcase name="tcPackaging" time="0.000" classname="com.hasbrop2m.security.Packaging">
    <skipped/>
  </testcase> <!-- tcPackaging -->
  <testcase name="tcPackaging" time="0.000" classname="com.hasbrop2m.security.Packaging">
    <skipped/>
  </testcase> <!-- tcPackaging -->
  <testcase name="tcPackaging" time="0.000" classname="com.hasbrop2m.security.Packaging">
    <skipped/>
  </testcase> <!-- tcPackaging -->
  <testcase name="tcPackaging" time="0.000" classname="com.hasbrop2m.security.Packaging">
    <skipped/>
  </testcase> <!-- tcPackaging -->
  <testcase name="tcPackaging" time="0.000" classname="com.hasbrop2m.security.Packaging">
    <skipped/>
  </testcase> <!-- tcPackaging -->
  <testcase name="tcPackaging" time="0.000" classname="com.hasbrop2m.security.Packaging">
    <skipped/>
  </testcase> <!-- tcPackaging -->
  <testcase name="tcPackaging" time="0.000" classname="com.hasbrop2m.security.Packaging">
    <skipped/>
  </testcase> <!-- tcPackaging -->
  <testcase name="tcPackaging" time="0.000" classname="com.hasbrop2m.security.Packaging">
    <skipped/>
  </testcase> <!-- tcPackaging -->
  <testcase name="tcPackaging" time="0.000" classname="com.hasbrop2m.security.Packaging">
    <skipped/>
  </testcase> <!-- tcPackaging -->
  <testcase name="tcPackaging" time="0.000" classname="com.hasbrop2m.security.Packaging">
    <skipped/>
  </testcase> <!-- tcPackaging -->
  <testcase name="tcPackaging" time="0.000" classname="com.hasbrop2m.security.Packaging">
    <skipped/>
  </testcase> <!-- tcPackaging -->
  <testcase name="tcPackaging" time="0.000" classname="com.hasbrop2m.security.Packaging">
    <skipped/>
  </testcase> <!-- tcPackaging -->
  <testcase name="tcPackaging" time="0.000" classname="com.hasbrop2m.security.Packaging">
    <skipped/>
  </testcase> <!-- tcPackaging -->
  <testcase name="tcPackaging" time="0.000" classname="com.hasbrop2m.security.Packaging">
    <skipped/>
  </testcase> <!-- tcPackaging -->
  <testcase name="tcPackaging" time="0.000" classname="com.hasbrop2m.security.Packaging">
    <skipped/>
  </testcase> <!-- tcPackaging -->
  <testcase name="tcPackaging" time="0.000" classname="com.hasbrop2m.security.Packaging">
    <skipped/>
  </testcase> <!-- tcPackaging -->
  <testcase name="tcPackaging" time="0.000" classname="com.hasbrop2m.security.Packaging">
    <skipped/>
  </testcase> <!-- tcPackaging -->
  <testcase name="tcPackaging" time="0.000" classname="com.hasbrop2m.security.Packaging">
    <skipped/>
  </testcase> <!-- tcPackaging -->
  <testcase name="tcPackaging" time="0.000" classname="com.hasbrop2m.security.Packaging">
    <skipped/>
  </testcase> <!-- tcPackaging -->
  <testcase name="tcPackaging" time="0.000" classname="com.hasbrop2m.security.Packaging">
    <skipped/>
  </testcase> <!-- tcPackaging -->
  <testcase name="tcPackaging" time="0.000" classname="com.hasbrop2m.security.Packaging">
    <skipped/>
  </testcase> <!-- tcPackaging -->
  <testcase name="tcPackaging" time="0.000" classname="com.hasbrop2m.security.Packaging">
    <skipped/>
  </testcase> <!-- tcPackaging -->
  <testcase name="tcPackaging" time="0.000" classname="com.hasbrop2m.security.Packaging">
    <skipped/>
  </testcase> <!-- tcPackaging -->
  <testcase name="tcPackaging" time="0.000" classname="com.hasbrop2m.security.Packaging">
    <skipped/>
  </testcase> <!-- tcPackaging -->
  <testcase name="tcPackaging" time="0.000" classname="com.hasbrop2m.security.Packaging">
    <skipped/>
  </testcase> <!-- tcPackaging -->
  <testcase name="tcPackaging" time="0.000" classname="com.hasbrop2m.security.Packaging">
    <skipped/>
  </testcase> <!-- tcPackaging -->
  <testcase name="tcPackaging" time="0.000" classname="com.hasbrop2m.security.Packaging">
    <skipped/>
  </testcase> <!-- tcPackaging -->
  <testcase name="tcPackaging" time="0.000" classname="com.hasbrop2m.security.Packaging">
    <skipped/>
  </testcase> <!-- tcPackaging -->
  <testcase name="tcPackaging" time="0.000" classname="com.hasbrop2m.security.Packaging">
    <skipped/>
  </testcase> <!-- tcPackaging -->
  <testcase name="tcPackaging" time="0.000" classname="com.hasbrop2m.security.Packaging">
    <skipped/>
  </testcase> <!-- tcPackaging -->
  <testcase name="tcPackaging" time="0.000" classname="com.hasbrop2m.security.Packaging">
    <skipped/>
  </testcase> <!-- tcPackaging -->
  <testcase name="tcPackaging" time="0.000" classname="com.hasbrop2m.security.Packaging">
    <skipped/>
  </testcase> <!-- tcPackaging -->
  <testcase name="tcPackaging" time="0.000" classname="com.hasbrop2m.security.Packaging">
    <skipped/>
  </testcase> <!-- tcPackaging -->
  <testcase name="tcPackaging" time="0.000" classname="com.hasbrop2m.security.Packaging">
    <skipped/>
  </testcase> <!-- tcPackaging -->
  <testcase name="tcPackaging" time="0.000" classname="com.hasbrop2m.security.Packaging">
    <skipped/>
  </testcase> <!-- tcPackaging -->
  <testcase name="tcPackaging" time="0.000" classname="com.hasbrop2m.security.Packaging">
    <skipped/>
  </testcase> <!-- tcPackaging -->
  <testcase name="tcPackaging" time="0.000" classname="com.hasbrop2m.security.Packaging">
    <skipped/>
  </testcase> <!-- tcPackaging -->
  <testcase name="tcPackaging" time="0.000" classname="com.hasbrop2m.security.Packaging">
    <skipped/>
  </testcase> <!-- tcPackaging -->
  <testcase name="tcPackaging" time="0.000" classname="com.hasbrop2m.security.Packaging">
    <skipped/>
  </testcase> <!-- tcPackaging -->
  <testcase name="tcPackaging" time="0.000" classname="com.hasbrop2m.security.Packaging">
    <skipped/>
  </testcase> <!-- tcPackaging -->
  <testcase name="tcPackaging" time="0.000" classname="com.hasbrop2m.security.Packaging">
    <skipped/>
  </testcase> <!-- tcPackaging -->
  <testcase name="tcPackaging" time="0.000" classname="com.hasbrop2m.security.Packaging">
    <skipped/>
  </testcase> <!-- tcPackaging -->
  <testcase name="tcPackaging" time="0.000" classname="com.hasbrop2m.security.Packaging">
    <skipped/>
  </testcase> <!-- tcPackaging -->
  <testcase name="tcPackaging" time="0.000" classname="com.hasbrop2m.security.Packaging">
    <skipped/>
  </testcase> <!-- tcPackaging -->
  <testcase name="tcPackaging" time="0.000" classname="com.hasbrop2m.security.Packaging">
    <skipped/>
  </testcase> <!-- tcPackaging -->
  <testcase name="tcPackaging" time="0.000" classname="com.hasbrop2m.security.Packaging">
    <skipped/>
  </testcase> <!-- tcPackaging -->
  <testcase name="tcPackaging" time="0.000" classname="com.hasbrop2m.security.Packaging">
    <skipped/>
  </testcase> <!-- tcPackaging -->
  <testcase name="tcPackaging" time="0.000" classname="com.hasbrop2m.security.Packaging">
    <skipped/>
  </testcase> <!-- tcPackaging -->
  <testcase name="tcPackaging" time="0.000" classname="com.hasbrop2m.security.Packaging">
    <skipped/>
  </testcase> <!-- tcPackaging -->
  <testcase name="tcPackaging" time="0.000" classname="com.hasbrop2m.security.Packaging">
    <skipped/>
  </testcase> <!-- tcPackaging -->
  <testcase name="tcPackaging" time="0.000" classname="com.hasbrop2m.security.Packaging">
    <skipped/>
  </testcase> <!-- tcPackaging -->
  <testcase name="tcPackaging" time="0.000" classname="com.hasbrop2m.security.Packaging">
    <skipped/>
  </testcase> <!-- tcPackaging -->
  <testcase name="tcPackaging" time="0.000" classname="com.hasbrop2m.security.Packaging">
    <skipped/>
  </testcase> <!-- tcPackaging -->
  <testcase name="tcPackaging" time="0.000" classname="com.hasbrop2m.security.Packaging">
    <skipped/>
  </testcase> <!-- tcPackaging -->
  <testcase name="tcPackaging" time="0.000" classname="com.hasbrop2m.security.Packaging">
    <skipped/>
  </testcase> <!-- tcPackaging -->
  <testcase name="tcPackaging" time="0.000" classname="com.hasbrop2m.security.Packaging">
    <skipped/>
  </testcase> <!-- tcPackaging -->
  <testcase name="tcPackaging" time="0.000" classname="com.hasbrop2m.security.Packaging">
    <skipped/>
  </testcase> <!-- tcPackaging -->
  <testcase name="tcPackaging" time="0.000" classname="com.hasbrop2m.security.Packaging">
    <skipped/>
  </testcase> <!-- tcPackaging -->
  <testcase name="tcPackaging" time="0.000" classname="com.hasbrop2m.security.Packaging">
    <skipped/>
  </testcase> <!-- tcPackaging -->
  <testcase name="tcPackaging" time="0.000" classname="com.hasbrop2m.security.Packaging">
    <skipped/>
  </testcase> <!-- tcPackaging -->
  <testcase name="tcPackaging" time="0.000" classname="com.hasbrop2m.security.Packaging">
    <skipped/>
  </testcase> <!-- tcPackaging -->
  <testcase name="tcPackaging" time="0.000" classname="com.hasbrop2m.security.Packaging">
    <skipped/>
  </testcase> <!-- tcPackaging -->
  <testcase name="tcPackaging" time="0.000" classname="com.hasbrop2m.security.Packaging">
    <skipped/>
  </testcase> <!-- tcPackaging -->
  <testcase name="tcPackaging" time="0.000" classname="com.hasbrop2m.security.Packaging">
    <skipped/>
  </testcase> <!-- tcPackaging -->
  <testcase name="tcPackaging" time="0.000" classname="com.hasbrop2m.security.Packaging">
    <skipped/>
  </testcase> <!-- tcPackaging -->
  <testcase name="tcPackaging" time="0.000" classname="com.hasbrop2m.security.Packaging">
    <skipped/>
  </testcase> <!-- tcPackaging -->
  <testcase name="tcPackaging" time="0.000" classname="com.hasbrop2m.security.Packaging">
    <skipped/>
  </testcase> <!-- tcPackaging -->
  <testcase name="tcPackaging" time="0.000" classname="com.hasbrop2m.security.Packaging">
    <skipped/>
  </testcase> <!-- tcPackaging -->
  <testcase name="tcPackaging" time="0.000" classname="com.hasbrop2m.security.Packaging">
    <skipped/>
  </testcase> <!-- tcPackaging -->
  <testcase name="tcPackaging" time="0.000" classname="com.hasbrop2m.security.Packaging">
    <skipped/>
  </testcase> <!-- tcPackaging -->
  <testcase name="tcPackaging" time="0.000" classname="com.hasbrop2m.security.Packaging">
    <skipped/>
  </testcase> <!-- tcPackaging -->
  <testcase name="tcPackaging" time="0.000" classname="com.hasbrop2m.security.Packaging">
    <skipped/>
  </testcase> <!-- tcPackaging -->
  <testcase name="tcPackaging" time="0.000" classname="com.hasbrop2m.security.Packaging">
    <skipped/>
  </testcase> <!-- tcPackaging -->
  <testcase name="tcPackaging" time="0.000" classname="com.hasbrop2m.security.Packaging">
    <skipped/>
  </testcase> <!-- tcPackaging -->
  <testcase name="tcPackaging" time="0.000" classname="com.hasbrop2m.security.Packaging">
    <skipped/>
  </testcase> <!-- tcPackaging -->
  <testcase name="tcPackaging" time="0.000" classname="com.hasbrop2m.security.Packaging">
    <skipped/>
  </testcase> <!-- tcPackaging -->
  <testcase name="tcPackaging" time="0.000" classname="com.hasbrop2m.security.Packaging">
    <skipped/>
  </testcase> <!-- tcPackaging -->
  <testcase name="tcPackaging" time="0.000" classname="com.hasbrop2m.security.Packaging">
    <skipped/>
  </testcase> <!-- tcPackaging -->
  <testcase name="tcPackaging" time="0.000" classname="com.hasbrop2m.security.Packaging">
    <skipped/>
  </testcase> <!-- tcPackaging -->
  <testcase name="tcPackaging" time="0.000" classname="com.hasbrop2m.security.Packaging">
    <skipped/>
  </testcase> <!-- tcPackaging -->
  <testcase name="tcPackaging" time="0.000" classname="com.hasbrop2m.security.Packaging">
    <skipped/>
  </testcase> <!-- tcPackaging -->
  <testcase name="tcPackaging" time="0.000" classname="com.hasbrop2m.security.Packaging">
    <skipped/>
  </testcase> <!-- tcPackaging -->
  <testcase name="tcPackaging" time="0.000" classname="com.hasbrop2m.security.Packaging">
    <skipped/>
  </testcase> <!-- tcPackaging -->
  <testcase name="tcPackaging" time="0.000" classname="com.hasbrop2m.security.Packaging">
    <skipped/>
  </testcase> <!-- tcPackaging -->
  <testcase name="tcPackaging" time="0.000" classname="com.hasbrop2m.security.Packaging">
    <skipped/>
  </testcase> <!-- tcPackaging -->
  <testcase name="tcPackaging" time="0.000" classname="com.hasbrop2m.security.Packaging">
    <skipped/>
  </testcase> <!-- tcPackaging -->
  <testcase name="tcPackaging" time="0.000" classname="com.hasbrop2m.security.Packaging">
    <skipped/>
  </testcase> <!-- tcPackaging -->
  <testcase name="tcPackaging" time="0.000" classname="com.hasbrop2m.security.Packaging">
    <skipped/>
  </testcase> <!-- tcPackaging -->
  <testcase name="tcPackaging" time="0.000" classname="com.hasbrop2m.security.Packaging">
    <skipped/>
  </testcase> <!-- tcPackaging -->
  <testcase name="tcPackaging" time="0.000" classname="com.hasbrop2m.security.Packaging">
    <skipped/>
  </testcase> <!-- tcPackaging -->
  <testcase name="tcPackaging" time="0.000" classname="com.hasbrop2m.security.Packaging">
    <skipped/>
  </testcase> <!-- tcPackaging -->
  <testcase name="tcPackaging" time="0.000" classname="com.hasbrop2m.security.Packaging">
    <skipped/>
  </testcase> <!-- tcPackaging -->
  <testcase name="tcPackaging" time="0.000" classname="com.hasbrop2m.security.Packaging">
    <skipped/>
  </testcase> <!-- tcPackaging -->
  <testcase name="tcPackaging" time="0.000" classname="com.hasbrop2m.security.Packaging">
    <skipped/>
  </testcase> <!-- tcPackaging -->
  <testcase name="tcPackaging" time="0.000" classname="com.hasbrop2m.security.Packaging">
    <skipped/>
  </testcase> <!-- tcPackaging -->
  <testcase name="tcPackaging" time="0.000" classname="com.hasbrop2m.security.Packaging">
    <skipped/>
  </testcase> <!-- tcPackaging -->
  <testcase name="tcPackaging" time="0.000" classname="com.hasbrop2m.security.Packaging">
    <skipped/>
  </testcase> <!-- tcPackaging -->
  <testcase name="tcPackaging" time="0.000" classname="com.hasbrop2m.security.Packaging">
    <skipped/>
  </testcase> <!-- tcPackaging -->
  <testcase name="tcPackaging" time="0.000" classname="com.hasbrop2m.security.Packaging">
    <skipped/>
  </testcase> <!-- tcPackaging -->
  <testcase name="tcPackaging" time="0.000" classname="com.hasbrop2m.security.Packaging">
    <skipped/>
  </testcase> <!-- tcPackaging -->
  <testcase name="tcPackaging" time="0.000" classname="com.hasbrop2m.security.Packaging">
    <skipped/>
  </testcase> <!-- tcPackaging -->
  <testcase name="tcPackaging" time="0.000" classname="com.hasbrop2m.security.Packaging">
    <skipped/>
  </testcase> <!-- tcPackaging -->
  <testcase name="tcPackaging" time="0.000" classname="com.hasbrop2m.security.Packaging">
    <skipped/>
  </testcase> <!-- tcPackaging -->
  <testcase name="tcPackaging" time="0.000" classname="com.hasbrop2m.security.Packaging">
    <skipped/>
  </testcase> <!-- tcPackaging -->
  <testcase name="tcPackaging" time="0.000" classname="com.hasbrop2m.security.Packaging">
    <skipped/>
  </testcase> <!-- tcPackaging -->
  <testcase name="tcPackaging" time="0.000" classname="com.hasbrop2m.security.Packaging">
    <skipped/>
  </testcase> <!-- tcPackaging -->
  <testcase name="tcPackaging" time="0.000" classname="com.hasbrop2m.security.Packaging">
    <skipped/>
  </testcase> <!-- tcPackaging -->
  <testcase name="tcPackaging" time="0.000" classname="com.hasbrop2m.security.Packaging">
    <skipped/>
  </testcase> <!-- tcPackaging -->
  <testcase name="tcPackaging" time="0.000" classname="com.hasbrop2m.security.Packaging">
    <skipped/>
  </testcase> <!-- tcPackaging -->
  <testcase name="tcPackaging" time="0.000" classname="com.hasbrop2m.security.Packaging">
    <skipped/>
  </testcase> <!-- tcPackaging -->
  <testcase name="tcPackaging" time="0.000" classname="com.hasbrop2m.security.Packaging">
    <skipped/>
  </testcase> <!-- tcPackaging -->
  <testcase name="tcPackaging" time="0.000" classname="com.hasbrop2m.security.Packaging">
    <skipped/>
  </testcase> <!-- tcPackaging -->
  <testcase name="tcPackaging" time="0.000" classname="com.hasbrop2m.security.Packaging">
    <skipped/>
  </testcase> <!-- tcPackaging -->
  <testcase name="tcPackaging" time="0.000" classname="com.hasbrop2m.security.Packaging">
    <skipped/>
  </testcase> <!-- tcPackaging -->
  <testcase name="tcPackaging" time="0.000" classname="com.hasbrop2m.security.Packaging">
    <skipped/>
  </testcase> <!-- tcPackaging -->
  <testcase name="tcPackaging" time="0.000" classname="com.hasbrop2m.security.Packaging">
    <skipped/>
  </testcase> <!-- tcPackaging -->
  <testcase name="tcPackaging" time="0.000" classname="com.hasbrop2m.security.Packaging">
    <skipped/>
  </testcase> <!-- tcPackaging -->
  <testcase name="tcPackaging" time="0.000" classname="com.hasbrop2m.security.Packaging">
    <skipped/>
  </testcase> <!-- tcPackaging -->
  <testcase name="tcPackaging" time="0.000" classname="com.hasbrop2m.security.Packaging">
    <skipped/>
  </testcase> <!-- tcPackaging -->
  <testcase name="tcPackaging" time="0.000" classname="com.hasbrop2m.security.Packaging">
    <skipped/>
  </testcase> <!-- tcPackaging -->
  <testcase name="tcPackaging" time="0.000" classname="com.hasbrop2m.security.Packaging">
    <skipped/>
  </testcase> <!-- tcPackaging -->
  <testcase name="tcPackaging" time="0.000" classname="com.hasbrop2m.security.Packaging">
    <skipped/>
  </testcase> <!-- tcPackaging -->
  <testcase name="tcPackaging" time="0.000" classname="com.hasbrop2m.security.Packaging">
    <skipped/>
  </testcase> <!-- tcPackaging -->
  <testcase name="tcPackaging" time="0.000" classname="com.hasbrop2m.security.Packaging">
    <skipped/>
  </testcase> <!-- tcPackaging -->
  <testcase name="tcPackaging" time="0.000" classname="com.hasbrop2m.security.Packaging">
    <skipped/>
  </testcase> <!-- tcPackaging -->
  <testcase name="tcPackaging" time="0.000" classname="com.hasbrop2m.security.Packaging">
    <skipped/>
  </testcase> <!-- tcPackaging -->
  <testcase name="tcPackaging" time="0.000" classname="com.hasbrop2m.security.Packaging">
    <skipped/>
  </testcase> <!-- tcPackaging -->
  <testcase name="tcPackaging" time="0.000" classname="com.hasbrop2m.security.Packaging">
    <skipped/>
  </testcase> <!-- tcPackaging -->
  <testcase name="tcPackaging" time="0.000" classname="com.hasbrop2m.security.Packaging">
    <skipped/>
  </testcase> <!-- tcPackaging -->
  <testcase name="tcPackaging" time="0.000" classname="com.hasbrop2m.security.Packaging">
    <skipped/>
  </testcase> <!-- tcPackaging -->
  <testcase name="tcPackaging" time="0.000" classname="com.hasbrop2m.security.Packaging">
    <skipped/>
  </testcase> <!-- tcPackaging -->
  <testcase name="tcPackaging" time="0.000" classname="com.hasbrop2m.security.Packaging">
    <skipped/>
  </testcase> <!-- tcPackaging -->
  <testcase name="tcPackaging" time="0.000" classname="com.hasbrop2m.security.Packaging">
    <skipped/>
  </testcase> <!-- tcPackaging -->
  <testcase name="tcPackaging" time="0.000" classname="com.hasbrop2m.security.Packaging">
    <skipped/>
  </testcase> <!-- tcPackaging -->
  <testcase name="tcPackaging" time="0.000" classname="com.hasbrop2m.security.Packaging">
    <skipped/>
  </testcase> <!-- tcPackaging -->
  <testcase name="tcPackaging" time="0.000" classname="com.hasbrop2m.security.Packaging">
    <skipped/>
  </testcase> <!-- tcPackaging -->
  <testcase name="tcPackaging" time="0.000" classname="com.hasbrop2m.security.Packaging">
    <skipped/>
  </testcase> <!-- tcPackaging -->
  <testcase name="tcPackaging" time="0.000" classname="com.hasbrop2m.security.Packaging">
    <skipped/>
  </testcase> <!-- tcPackaging -->
  <testcase name="tcPackaging" time="0.000" classname="com.hasbrop2m.security.Packaging">
    <skipped/>
  </testcase> <!-- tcPackaging -->
  <testcase name="tcPackaging" time="0.000" classname="com.hasbrop2m.security.Packaging">
    <skipped/>
  </testcase> <!-- tcPackaging -->
  <testcase name="tcPackaging" time="0.000" classname="com.hasbrop2m.security.Packaging">
    <skipped/>
  </testcase> <!-- tcPackaging -->
  <testcase name="tcPackaging" time="0.000" classname="com.hasbrop2m.security.Packaging">
    <skipped/>
  </testcase> <!-- tcPackaging -->
  <testcase name="tcPackaging" time="0.000" classname="com.hasbrop2m.security.Packaging">
    <skipped/>
  </testcase> <!-- tcPackaging -->
  <testcase name="tcPackaging" time="0.000" classname="com.hasbrop2m.security.Packaging">
    <skipped/>
  </testcase> <!-- tcPackaging -->
  <testcase name="tcPackaging" time="0.000" classname="com.hasbrop2m.security.Packaging">
    <skipped/>
  </testcase> <!-- tcPackaging -->
  <testcase name="tcPackaging" time="0.000" classname="com.hasbrop2m.security.Packaging">
    <skipped/>
  </testcase> <!-- tcPackaging -->
  <testcase name="tcPackaging" time="0.000" classname="com.hasbrop2m.security.Packaging">
    <skipped/>
  </testcase> <!-- tcPackaging -->
  <testcase name="tcPackaging" time="0.000" classname="com.hasbrop2m.security.Packaging">
    <skipped/>
  </testcase> <!-- tcPackaging -->
  <testcase name="tcPackaging" time="0.000" classname="com.hasbrop2m.security.Packaging">
    <skipped/>
  </testcase> <!-- tcPackaging -->
  <testcase name="tcPackaging" time="0.000" classname="com.hasbrop2m.security.Packaging">
    <skipped/>
  </testcase> <!-- tcPackaging -->
  <testcase name="tcPackaging" time="0.000" classname="com.hasbrop2m.security.Packaging">
    <skipped/>
  </testcase> <!-- tcPackaging -->
  <testcase name="tcPackaging" time="0.000" classname="com.hasbrop2m.security.Packaging">
    <skipped/>
  </testcase> <!-- tcPackaging -->
  <testcase name="tcPackaging" time="0.000" classname="com.hasbrop2m.security.Packaging">
    <skipped/>
  </testcase> <!-- tcPackaging -->
  <testcase name="tcPackaging" time="0.000" classname="com.hasbrop2m.security.Packaging">
    <skipped/>
  </testcase> <!-- tcPackaging -->
  <testcase name="tcPackaging" time="0.000" classname="com.hasbrop2m.security.Packaging">
    <skipped/>
  </testcase> <!-- tcPackaging -->
  <testcase name="tcPackaging" time="0.000" classname="com.hasbrop2m.security.Packaging">
    <skipped/>
  </testcase> <!-- tcPackaging -->
  <testcase name="tcPackaging" time="0.000" classname="com.hasbrop2m.security.Packaging">
    <skipped/>
  </testcase> <!-- tcPackaging -->
  <testcase name="tcPackaging" time="0.000" classname="com.hasbrop2m.security.Packaging">
    <skipped/>
  </testcase> <!-- tcPackaging -->
  <testcase name="tcPackaging" time="0.000" classname="com.hasbrop2m.security.Packaging">
    <skipped/>
  </testcase> <!-- tcPackaging -->
  <testcase name="tcPackaging" time="0.000" classname="com.hasbrop2m.security.Packaging">
    <skipped/>
  </testcase> <!-- tcPackaging -->
  <testcase name="tcPackaging" time="0.000" classname="com.hasbrop2m.security.Packaging">
    <skipped/>
  </testcase> <!-- tcPackaging -->
  <testcase name="tcPackaging" time="0.000" classname="com.hasbrop2m.security.Packaging">
    <skipped/>
  </testcase> <!-- tcPackaging -->
  <testcase name="tcPackaging" time="0.000" classname="com.hasbrop2m.security.Packaging">
    <skipped/>
  </testcase> <!-- tcPackaging -->
  <testcase name="tcPackaging" time="0.000" classname="com.hasbrop2m.security.Packaging">
    <skipped/>
  </testcase> <!-- tcPackaging -->
  <testcase name="tcPackaging" time="0.000" classname="com.hasbrop2m.security.Packaging">
    <skipped/>
  </testcase> <!-- tcPackaging -->
  <testcase name="tcPackaging" time="0.000" classname="com.hasbrop2m.security.Packaging">
    <skipped/>
  </testcase> <!-- tcPackaging -->
  <testcase name="tcPackaging" time="0.000" classname="com.hasbrop2m.security.Packaging">
    <skipped/>
  </testcase> <!-- tcPackaging -->
  <testcase name="tcPackaging" time="0.000" classname="com.hasbrop2m.security.Packaging">
    <skipped/>
  </testcase> <!-- tcPackaging -->
  <testcase name="tcPackaging" time="0.000" classname="com.hasbrop2m.security.Packaging">
    <skipped/>
  </testcase> <!-- tcPackaging -->
  <testcase name="tcPackaging" time="0.000" classname="com.hasbrop2m.security.Packaging">
    <skipped/>
  </testcase> <!-- tcPackaging -->
  <testcase name="tcPackaging" time="0.000" classname="com.hasbrop2m.security.Packaging">
    <skipped/>
  </testcase> <!-- tcPackaging -->
  <testcase name="tcPackaging" time="0.000" classname="com.hasbrop2m.security.Packaging">
    <skipped/>
  </testcase> <!-- tcPackaging -->
  <testcase name="tcPackaging" time="0.000" classname="com.hasbrop2m.security.Packaging">
    <skipped/>
  </testcase> <!-- tcPackaging -->
  <testcase name="tcPackaging" time="0.000" classname="com.hasbrop2m.security.Packaging">
    <skipped/>
  </testcase> <!-- tcPackaging -->
  <testcase name="tcPackaging" time="0.000" classname="com.hasbrop2m.security.Packaging">
    <skipped/>
  </testcase> <!-- tcPackaging -->
  <testcase name="tcPackaging" time="0.000" classname="com.hasbrop2m.security.Packaging">
    <skipped/>
  </testcase> <!-- tcPackaging -->
  <testcase name="tcPackaging" time="0.000" classname="com.hasbrop2m.security.Packaging">
    <skipped/>
  </testcase> <!-- tcPackaging -->
  <testcase name="tcPackaging" time="0.000" classname="com.hasbrop2m.security.Packaging">
    <skipped/>
  </testcase> <!-- tcPackaging -->
  <testcase name="tcPackaging" time="0.000" classname="com.hasbrop2m.security.Packaging">
    <skipped/>
  </testcase> <!-- tcPackaging -->
  <testcase name="tcPackaging" time="0.000" classname="com.hasbrop2m.security.Packaging">
    <skipped/>
  </testcase> <!-- tcPackaging -->
  <testcase name="tcPackaging" time="0.000" classname="com.hasbrop2m.security.Packaging">
    <skipped/>
  </testcase> <!-- tcPackaging -->
  <testcase name="tcPackaging" time="0.000" classname="com.hasbrop2m.security.Packaging">
    <skipped/>
  </testcase> <!-- tcPackaging -->
  <testcase name="tcPackaging" time="0.000" classname="com.hasbrop2m.security.Packaging">
    <skipped/>
  </testcase> <!-- tcPackaging -->
  <testcase name="tcPackaging" time="0.000" classname="com.hasbrop2m.security.Packaging">
    <skipped/>
  </testcase> <!-- tcPackaging -->
  <testcase name="tcPackaging" time="0.000" classname="com.hasbrop2m.security.Packaging">
    <skipped/>
  </testcase> <!-- tcPackaging -->
  <testcase name="tcPackaging" time="0.000" classname="com.hasbrop2m.security.Packaging">
    <skipped/>
  </testcase> <!-- tcPackaging -->
  <testcase name="tcPackaging" time="0.000" classname="com.hasbrop2m.security.Packaging">
    <skipped/>
  </testcase> <!-- tcPackaging -->
  <testcase name="tcPackaging" time="0.000" classname="com.hasbrop2m.security.Packaging">
    <skipped/>
  </testcase> <!-- tcPackaging -->
  <testcase name="tcPackaging" time="0.000" classname="com.hasbrop2m.security.Packaging">
    <skipped/>
  </testcase> <!-- tcPackaging -->
  <testcase name="tcPackaging" time="0.000" classname="com.hasbrop2m.security.Packaging">
    <skipped/>
  </testcase> <!-- tcPackaging -->
  <testcase name="tcPackaging" time="0.000" classname="com.hasbrop2m.security.Packaging">
    <skipped/>
  </testcase> <!-- tcPackaging -->
  <testcase name="tcPackaging" time="0.000" classname="com.hasbrop2m.security.Packaging">
    <skipped/>
  </testcase> <!-- tcPackaging -->
  <testcase name="tcPackaging" time="0.000" classname="com.hasbrop2m.security.Packaging">
    <skipped/>
  </testcase> <!-- tcPackaging -->
  <testcase name="tcPackaging" time="0.000" classname="com.hasbrop2m.security.Packaging">
    <skipped/>
  </testcase> <!-- tcPackaging -->
  <testcase name="tcPackaging" time="0.000" classname="com.hasbrop2m.security.Packaging">
    <skipped/>
  </testcase> <!-- tcPackaging -->
  <testcase name="tcPackaging" time="0.000" classname="com.hasbrop2m.security.Packaging">
    <skipped/>
  </testcase> <!-- tcPackaging -->
  <testcase name="tcPackaging" time="0.000" classname="com.hasbrop2m.security.Packaging">
    <skipped/>
  </testcase> <!-- tcPackaging -->
  <testcase name="tcPackaging" time="0.000" classname="com.hasbrop2m.security.Packaging">
    <skipped/>
  </testcase> <!-- tcPackaging -->
  <testcase name="tcPackaging" time="0.000" classname="com.hasbrop2m.security.Packaging">
    <skipped/>
  </testcase> <!-- tcPackaging -->
  <testcase name="tcPackaging" time="0.000" classname="com.hasbrop2m.security.Packaging">
    <skipped/>
  </testcase> <!-- tcPackaging -->
  <testcase name="tcPackaging" time="0.000" classname="com.hasbrop2m.security.Packaging">
    <skipped/>
  </testcase> <!-- tcPackaging -->
  <testcase name="tcPackaging" time="0.000" classname="com.hasbrop2m.security.Packaging">
    <skipped/>
  </testcase> <!-- tcPackaging -->
  <testcase name="tcPackaging" time="0.000" classname="com.hasbrop2m.security.Packaging">
    <skipped/>
  </testcase> <!-- tcPackaging -->
  <testcase name="tcPackaging" time="0.000" classname="com.hasbrop2m.security.Packaging">
    <skipped/>
  </testcase> <!-- tcPackaging -->
  <testcase name="tcPackaging" time="0.000" classname="com.hasbrop2m.security.Packaging">
    <skipped/>
  </testcase> <!-- tcPackaging -->
  <testcase name="tcPackaging" time="0.000" classname="com.hasbrop2m.security.Packaging">
    <skipped/>
  </testcase> <!-- tcPackaging -->
  <testcase name="tcPackaging" time="0.000" classname="com.hasbrop2m.security.Packaging">
    <skipped/>
  </testcase> <!-- tcPackaging -->
  <testcase name="tcPackaging" time="0.000" classname="com.hasbrop2m.security.Packaging">
    <skipped/>
  </testcase> <!-- tcPackaging -->
  <testcase name="tcPackaging" time="0.000" classname="com.hasbrop2m.security.Packaging">
    <skipped/>
  </testcase> <!-- tcPackaging -->
  <testcase name="tcPackaging" time="0.000" classname="com.hasbrop2m.security.Packaging">
    <skipped/>
  </testcase> <!-- tcPackaging -->
  <testcase name="tcPackaging" time="0.000" classname="com.hasbrop2m.security.Packaging">
    <skipped/>
  </testcase> <!-- tcPackaging -->
  <testcase name="tcPackaging" time="0.000" classname="com.hasbrop2m.security.Packaging">
    <skipped/>
  </testcase> <!-- tcPackaging -->
  <testcase name="tcPackaging" time="0.000" classname="com.hasbrop2m.security.Packaging">
    <skipped/>
  </testcase> <!-- tcPackaging -->
  <testcase name="tcPackaging" time="0.000" classname="com.hasbrop2m.security.Packaging">
    <skipped/>
  </testcase> <!-- tcPackaging -->
  <testcase name="tcPackaging" time="0.000" classname="com.hasbrop2m.security.Packaging">
    <skipped/>
  </testcase> <!-- tcPackaging -->
  <testcase name="tcPackaging" time="0.000" classname="com.hasbrop2m.security.Packaging">
    <skipped/>
  </testcase> <!-- tcPackaging -->
  <testcase name="tcPackaging" time="0.000" classname="com.hasbrop2m.security.Packaging">
    <skipped/>
  </testcase> <!-- tcPackaging -->
  <testcase name="tcPackaging" time="0.000" classname="com.hasbrop2m.security.Packaging">
    <skipped/>
  </testcase> <!-- tcPackaging -->
  <testcase name="tcPackaging" time="0.000" classname="com.hasbrop2m.security.Packaging">
    <skipped/>
  </testcase> <!-- tcPackaging -->
  <testcase name="tcPackaging" time="0.000" classname="com.hasbrop2m.security.Packaging">
    <skipped/>
  </testcase> <!-- tcPackaging -->
  <testcase name="tcPackaging" time="0.000" classname="com.hasbrop2m.security.Packaging">
    <skipped/>
  </testcase> <!-- tcPackaging -->
  <testcase name="tcPackaging" time="0.000" classname="com.hasbrop2m.security.Packaging">
    <skipped/>
  </testcase> <!-- tcPackaging -->
  <testcase name="tcPackaging" time="0.000" classname="com.hasbrop2m.security.Packaging">
    <skipped/>
  </testcase> <!-- tcPackaging -->
  <testcase name="tcPackaging" time="0.000" classname="com.hasbrop2m.security.Packaging">
    <skipped/>
  </testcase> <!-- tcPackaging -->
  <testcase name="tcPackaging" time="0.000" classname="com.hasbrop2m.security.Packaging">
    <skipped/>
  </testcase> <!-- tcPackaging -->
  <testcase name="tcPackaging" time="0.000" classname="com.hasbrop2m.security.Packaging">
    <skipped/>
  </testcase> <!-- tcPackaging -->
  <testcase name="tcPackaging" time="0.000" classname="com.hasbrop2m.security.Packaging">
    <skipped/>
  </testcase> <!-- tcPackaging -->
  <testcase name="tcPackaging" time="0.000" classname="com.hasbrop2m.security.Packaging">
    <skipped/>
  </testcase> <!-- tcPackaging -->
  <testcase name="tcPackaging" time="0.000" classname="com.hasbrop2m.security.Packaging">
    <skipped/>
  </testcase> <!-- tcPackaging -->
  <testcase name="tcPackaging" time="0.000" classname="com.hasbrop2m.security.Packaging">
    <skipped/>
  </testcase> <!-- tcPackaging -->
  <testcase name="tcPackaging" time="0.000" classname="com.hasbrop2m.security.Packaging">
    <skipped/>
  </testcase> <!-- tcPackaging -->
  <testcase name="tcPackaging" time="0.000" classname="com.hasbrop2m.security.Packaging">
    <skipped/>
  </testcase> <!-- tcPackaging -->
  <testcase name="tcPackaging" time="0.000" classname="com.hasbrop2m.security.Packaging">
    <skipped/>
  </testcase> <!-- tcPackaging -->
  <testcase name="tcPackaging" time="0.000" classname="com.hasbrop2m.security.Packaging">
    <skipped/>
  </testcase> <!-- tcPackaging -->
  <testcase name="tcPackaging" time="0.000" classname="com.hasbrop2m.security.Packaging">
    <skipped/>
  </testcase> <!-- tcPackaging -->
  <testcase name="tcPackaging" time="0.000" classname="com.hasbrop2m.security.Packaging">
    <skipped/>
  </testcase> <!-- tcPackaging -->
  <testcase name="tcPackaging" time="0.000" classname="com.hasbrop2m.security.Packaging">
    <skipped/>
  </testcase> <!-- tcPackaging -->
  <testcase name="tcPackaging" time="0.000" classname="com.hasbrop2m.security.Packaging">
    <skipped/>
  </testcase> <!-- tcPackaging -->
  <testcase name="tcPackaging" time="0.000" classname="com.hasbrop2m.security.Packaging">
    <skipped/>
  </testcase> <!-- tcPackaging -->
  <testcase name="tcPackaging" time="0.000" classname="com.hasbrop2m.security.Packaging">
    <skipped/>
  </testcase> <!-- tcPackaging -->
  <testcase name="tcPackaging" time="0.000" classname="com.hasbrop2m.security.Packaging">
    <skipped/>
  </testcase> <!-- tcPackaging -->
  <testcase name="tcPackaging" time="0.000" classname="com.hasbrop2m.security.Packaging">
    <skipped/>
  </testcase> <!-- tcPackaging -->
  <testcase name="tcPackaging" time="0.000" classname="com.hasbrop2m.security.Packaging">
    <skipped/>
  </testcase> <!-- tcPackaging -->
  <testcase name="tcPackaging" time="0.000" classname="com.hasbrop2m.security.Packaging">
    <skipped/>
  </testcase> <!-- tcPackaging -->
  <testcase name="tcPackaging" time="0.000" classname="com.hasbrop2m.security.Packaging">
    <skipped/>
  </testcase> <!-- tcPackaging -->
  <testcase name="tcPackaging" time="0.000" classname="com.hasbrop2m.security.Packaging">
    <skipped/>
  </testcase> <!-- tcPackaging -->
  <testcase name="tcPackaging" time="0.000" classname="com.hasbrop2m.security.Packaging">
    <skipped/>
  </testcase> <!-- tcPackaging -->
  <testcase name="tcPackaging" time="0.000" classname="com.hasbrop2m.security.Packaging">
    <skipped/>
  </testcase> <!-- tcPackaging -->
  <testcase name="tcPackaging" time="0.000" classname="com.hasbrop2m.security.Packaging">
    <skipped/>
  </testcase> <!-- tcPackaging -->
  <testcase name="tcPackaging" time="0.000" classname="com.hasbrop2m.security.Packaging">
    <skipped/>
  </testcase> <!-- tcPackaging -->
  <testcase name="tcPackaging" time="0.000" classname="com.hasbrop2m.security.Packaging">
    <skipped/>
  </testcase> <!-- tcPackaging -->
  <testcase name="tcPackaging" time="0.000" classname="com.hasbrop2m.security.Packaging">
    <skipped/>
  </testcase> <!-- tcPackaging -->
  <testcase name="tcPackaging" time="0.000" classname="com.hasbrop2m.security.Packaging">
    <skipped/>
  </testcase> <!-- tcPackaging -->
  <testcase name="tcPackaging" time="0.000" classname="com.hasbrop2m.security.Packaging">
    <skipped/>
  </testcase> <!-- tcPackaging -->
  <testcase name="tcPackaging" time="0.000" classname="com.hasbrop2m.security.Packaging">
    <skipped/>
  </testcase> <!-- tcPackaging -->
  <testcase name="tcPackaging" time="0.000" classname="com.hasbrop2m.security.Packaging">
    <skipped/>
  </testcase> <!-- tcPackaging -->
  <testcase name="tcPackaging" time="0.000" classname="com.hasbrop2m.security.Packaging">
    <skipped/>
  </testcase> <!-- tcPackaging -->
  <testcase name="tcPackaging" time="0.000" classname="com.hasbrop2m.security.Packaging">
    <skipped/>
  </testcase> <!-- tcPackaging -->
  <testcase name="tcPackaging" time="0.000" classname="com.hasbrop2m.security.Packaging">
    <skipped/>
  </testcase> <!-- tcPackaging -->
  <testcase name="tcPackaging" time="0.000" classname="com.hasbrop2m.security.Packaging">
    <skipped/>
  </testcase> <!-- tcPackaging -->
  <testcase name="tcPackaging" time="0.000" classname="com.hasbrop2m.security.Packaging">
    <skipped/>
  </testcase> <!-- tcPackaging -->
  <testcase name="tcPackaging" time="0.000" classname="com.hasbrop2m.security.Packaging">
    <skipped/>
  </testcase> <!-- tcPackaging -->
  <testcase name="tcPackaging" time="0.000" classname="com.hasbrop2m.security.Packaging">
    <skipped/>
  </testcase> <!-- tcPackaging -->
  <testcase name="tcPackaging" time="0.000" classname="com.hasbrop2m.security.Packaging">
    <skipped/>
  </testcase> <!-- tcPackaging -->
  <testcase name="tcPackaging" time="0.000" classname="com.hasbrop2m.security.Packaging">
    <skipped/>
  </testcase> <!-- tcPackaging -->
  <testcase name="tcPackaging" time="0.000" classname="com.hasbrop2m.security.Packaging">
    <skipped/>
  </testcase> <!-- tcPackaging -->
  <testcase name="tcPackaging" time="0.000" classname="com.hasbrop2m.security.Packaging">
    <skipped/>
  </testcase> <!-- tcPackaging -->
  <testcase name="tcPackaging" time="0.000" classname="com.hasbrop2m.security.Packaging">
    <skipped/>
  </testcase> <!-- tcPackaging -->
  <testcase name="tcPackaging" time="0.000" classname="com.hasbrop2m.security.Packaging">
    <skipped/>
  </testcase> <!-- tcPackaging -->
  <testcase name="tcPackaging" time="0.000" classname="com.hasbrop2m.security.Packaging">
    <skipped/>
  </testcase> <!-- tcPackaging -->
  <testcase name="tcPackaging" time="0.000" classname="com.hasbrop2m.security.Packaging">
    <skipped/>
  </testcase> <!-- tcPackaging -->
  <testcase name="tcPackaging" time="0.000" classname="com.hasbrop2m.security.Packaging">
    <skipped/>
  </testcase> <!-- tcPackaging -->
  <testcase name="tcPackaging" time="0.000" classname="com.hasbrop2m.security.Packaging">
    <skipped/>
  </testcase> <!-- tcPackaging -->
  <testcase name="tcPackaging" time="0.000" classname="com.hasbrop2m.security.Packaging">
    <skipped/>
  </testcase> <!-- tcPackaging -->
  <testcase name="tcPackaging" time="0.000" classname="com.hasbrop2m.security.Packaging">
    <skipped/>
  </testcase> <!-- tcPackaging -->
  <testcase name="tcPackaging" time="0.000" classname="com.hasbrop2m.security.Packaging">
    <skipped/>
  </testcase> <!-- tcPackaging -->
  <testcase name="tcPackaging" time="0.000" classname="com.hasbrop2m.security.Packaging">
    <skipped/>
  </testcase> <!-- tcPackaging -->
  <testcase name="tcPackaging" time="0.000" classname="com.hasbrop2m.security.Packaging">
    <skipped/>
  </testcase> <!-- tcPackaging -->
  <testcase name="tcPackaging" time="0.000" classname="com.hasbrop2m.security.Packaging">
    <skipped/>
  </testcase> <!-- tcPackaging -->
  <testcase name="tcPackaging" time="0.000" classname="com.hasbrop2m.security.Packaging">
    <skipped/>
  </testcase> <!-- tcPackaging -->
  <testcase name="tcPackaging" time="0.000" classname="com.hasbrop2m.security.Packaging">
    <skipped/>
  </testcase> <!-- tcPackaging -->
  <testcase name="tcPackaging" time="0.000" classname="com.hasbrop2m.security.Packaging">
    <skipped/>
  </testcase> <!-- tcPackaging -->
  <testcase name="tcPackaging" time="0.000" classname="com.hasbrop2m.security.Packaging">
    <skipped/>
  </testcase> <!-- tcPackaging -->
  <testcase name="tcPackaging" time="0.000" classname="com.hasbrop2m.security.Packaging">
    <skipped/>
  </testcase> <!-- tcPackaging -->
  <testcase name="tcPackaging" time="0.000" classname="com.hasbrop2m.security.Packaging">
    <skipped/>
  </testcase> <!-- tcPackaging -->
  <testcase name="tcPackaging" time="0.000" classname="com.hasbrop2m.security.Packaging">
    <skipped/>
  </testcase> <!-- tcPackaging -->
  <testcase name="tcPackaging" time="0.000" classname="com.hasbrop2m.security.Packaging">
    <skipped/>
  </testcase> <!-- tcPackaging -->
  <testcase name="tcPackaging" time="0.000" classname="com.hasbrop2m.security.Packaging">
    <skipped/>
  </testcase> <!-- tcPackaging -->
  <testcase name="tcPackaging" time="0.000" classname="com.hasbrop2m.security.Packaging">
    <skipped/>
  </testcase> <!-- tcPackaging -->
  <testcase name="tcPackaging" time="0.000" classname="com.hasbrop2m.security.Packaging">
    <skipped/>
  </testcase> <!-- tcPackaging -->
  <testcase name="tcPackaging" time="0.000" classname="com.hasbrop2m.security.Packaging">
    <skipped/>
  </testcase> <!-- tcPackaging -->
  <testcase name="tcPackaging" time="0.000" classname="com.hasbrop2m.security.Packaging">
    <skipped/>
  </testcase> <!-- tcPackaging -->
  <testcase name="tcPackaging" time="0.000" classname="com.hasbrop2m.security.Packaging">
    <skipped/>
  </testcase> <!-- tcPackaging -->
  <testcase name="tcPackaging" time="0.000" classname="com.hasbrop2m.security.Packaging">
    <skipped/>
  </testcase> <!-- tcPackaging -->
  <testcase name="tcPackaging" time="0.000" classname="com.hasbrop2m.security.Packaging">
    <skipped/>
  </testcase> <!-- tcPackaging -->
  <testcase name="tcPackaging" time="0.000" classname="com.hasbrop2m.security.Packaging">
    <skipped/>
  </testcase> <!-- tcPackaging -->
  <testcase name="tcPackaging" time="0.000" classname="com.hasbrop2m.security.Packaging">
    <skipped/>
  </testcase> <!-- tcPackaging -->
  <testcase name="tcPackaging" time="0.000" classname="com.hasbrop2m.security.Packaging">
    <skipped/>
  </testcase> <!-- tcPackaging -->
  <testcase name="tcPackaging" time="0.000" classname="com.hasbrop2m.security.Packaging">
    <skipped/>
  </testcase> <!-- tcPackaging -->
  <testcase name="tcPackaging" time="0.000" classname="com.hasbrop2m.security.Packaging">
    <skipped/>
  </testcase> <!-- tcPackaging -->
  <testcase name="tcPackaging" time="0.000" classname="com.hasbrop2m.security.Packaging">
    <skipped/>
  </testcase> <!-- tcPackaging -->
  <testcase name="tcPackaging" time="0.000" classname="com.hasbrop2m.security.Packaging">
    <skipped/>
  </testcase> <!-- tcPackaging -->
  <testcase name="tcPackaging" time="0.000" classname="com.hasbrop2m.security.Packaging">
    <skipped/>
  </testcase> <!-- tcPackaging -->
  <testcase name="tcPackaging" time="0.000" classname="com.hasbrop2m.security.Packaging">
    <skipped/>
  </testcase> <!-- tcPackaging -->
  <testcase name="tcPackaging" time="0.000" classname="com.hasbrop2m.security.Packaging">
    <skipped/>
  </testcase> <!-- tcPackaging -->
  <testcase name="tcPackaging" time="0.000" classname="com.hasbrop2m.security.Packaging">
    <skipped/>
  </testcase> <!-- tcPackaging -->
  <testcase name="tcPackaging" time="0.000" classname="com.hasbrop2m.security.Packaging">
    <skipped/>
  </testcase> <!-- tcPackaging -->
  <testcase name="tcPackaging" time="0.000" classname="com.hasbrop2m.security.Packaging">
    <skipped/>
  </testcase> <!-- tcPackaging -->
  <testcase name="tcPackaging" time="0.000" classname="com.hasbrop2m.security.Packaging">
    <skipped/>
  </testcase> <!-- tcPackaging -->
  <testcase name="tcPackaging" time="0.000" classname="com.hasbrop2m.security.Packaging">
    <skipped/>
  </testcase> <!-- tcPackaging -->
  <testcase name="tcPackaging" time="0.000" classname="com.hasbrop2m.security.Packaging">
    <skipped/>
  </testcase> <!-- tcPackaging -->
  <testcase name="tcPackaging" time="0.000" classname="com.hasbrop2m.security.Packaging">
    <skipped/>
  </testcase> <!-- tcPackaging -->
  <testcase name="tcPackaging" time="0.000" classname="com.hasbrop2m.security.Packaging">
    <skipped/>
  </testcase> <!-- tcPackaging -->
  <testcase name="tcPackaging" time="0.000" classname="com.hasbrop2m.security.Packaging">
    <skipped/>
  </testcase> <!-- tcPackaging -->
  <testcase name="tcPackaging" time="0.000" classname="com.hasbrop2m.security.Packaging">
    <skipped/>
  </testcase> <!-- tcPackaging -->
  <testcase name="tcPackaging" time="0.000" classname="com.hasbrop2m.security.Packaging">
    <skipped/>
  </testcase> <!-- tcPackaging -->
  <testcase name="tcPackaging" time="0.000" classname="com.hasbrop2m.security.Packaging">
    <skipped/>
  </testcase> <!-- tcPackaging -->
  <testcase name="tcPackaging" time="0.000" classname="com.hasbrop2m.security.Packaging">
    <skipped/>
  </testcase> <!-- tcPackaging -->
  <testcase name="tcPackaging" time="0.000" classname="com.hasbrop2m.security.Packaging">
    <skipped/>
  </testcase> <!-- tcPackaging -->
  <testcase name="tcPackaging" time="0.000" classname="com.hasbrop2m.security.Packaging">
    <skipped/>
  </testcase> <!-- tcPackaging -->
  <testcase name="tcPackaging" time="0.000" classname="com.hasbrop2m.security.Packaging">
    <skipped/>
  </testcase> <!-- tcPackaging -->
  <testcase name="tcPackaging" time="0.000" classname="com.hasbrop2m.security.Packaging">
    <skipped/>
  </testcase> <!-- tcPackaging -->
  <testcase name="tcPackaging" time="0.000" classname="com.hasbrop2m.security.Packaging">
    <skipped/>
  </testcase> <!-- tcPackaging -->
  <testcase name="tcPackaging" time="0.000" classname="com.hasbrop2m.security.Packaging">
    <skipped/>
  </testcase> <!-- tcPackaging -->
  <testcase name="tcPackaging" time="0.000" classname="com.hasbrop2m.security.Packaging">
    <skipped/>
  </testcase> <!-- tcPackaging -->
  <testcase name="tcPackaging" time="0.000" classname="com.hasbrop2m.security.Packaging">
    <skipped/>
  </testcase> <!-- tcPackaging -->
  <testcase name="tcPackaging" time="0.000" classname="com.hasbrop2m.security.Packaging">
    <skipped/>
  </testcase> <!-- tcPackaging -->
  <testcase name="tcPackaging" time="0.000" classname="com.hasbrop2m.security.Packaging">
    <skipped/>
  </testcase> <!-- tcPackaging -->
  <testcase name="tcPackaging" time="0.000" classname="com.hasbrop2m.security.Packaging">
    <skipped/>
  </testcase> <!-- tcPackaging -->
  <testcase name="tcPackaging" time="0.000" classname="com.hasbrop2m.security.Packaging">
    <skipped/>
  </testcase> <!-- tcPackaging -->
  <testcase name="tcPackaging" time="0.000" classname="com.hasbrop2m.security.Packaging">
    <skipped/>
  </testcase> <!-- tcPackaging -->
  <testcase name="tcPackaging" time="0.000" classname="com.hasbrop2m.security.Packaging">
    <skipped/>
  </testcase> <!-- tcPackaging -->
  <testcase name="tcPackaging" time="0.000" classname="com.hasbrop2m.security.Packaging">
    <skipped/>
  </testcase> <!-- tcPackaging -->
  <testcase name="tcPackaging" time="0.000" classname="com.hasbrop2m.security.Packaging">
    <skipped/>
  </testcase> <!-- tcPackaging -->
  <testcase name="tcPackaging" time="0.000" classname="com.hasbrop2m.security.Packaging">
    <skipped/>
  </testcase> <!-- tcPackaging -->
  <testcase name="tcPackaging" time="0.000" classname="com.hasbrop2m.security.Packaging">
    <skipped/>
  </testcase> <!-- tcPackaging -->
  <testcase name="tcPackaging" time="0.000" classname="com.hasbrop2m.security.Packaging">
    <skipped/>
  </testcase> <!-- tcPackaging -->
  <testcase name="tcPackaging" time="0.000" classname="com.hasbrop2m.security.Packaging">
    <skipped/>
  </testcase> <!-- tcPackaging -->
  <testcase name="tcPackaging" time="0.000" classname="com.hasbrop2m.security.Packaging">
    <skipped/>
  </testcase> <!-- tcPackaging -->
  <testcase name="tcPackaging" time="0.000" classname="com.hasbrop2m.security.Packaging">
    <skipped/>
  </testcase> <!-- tcPackaging -->
  <testcase name="tcPackaging" time="0.000" classname="com.hasbrop2m.security.Packaging">
    <skipped/>
  </testcase> <!-- tcPackaging -->
  <testcase name="tcPackaging" time="0.000" classname="com.hasbrop2m.security.Packaging">
    <skipped/>
  </testcase> <!-- tcPackaging -->
  <testcase name="tcPackaging" time="0.000" classname="com.hasbrop2m.security.Packaging">
    <skipped/>
  </testcase> <!-- tcPackaging -->
  <testcase name="tcPackaging" time="0.000" classname="com.hasbrop2m.security.Packaging">
    <skipped/>
  </testcase> <!-- tcPackaging -->
  <testcase name="tcPackaging" time="0.000" classname="com.hasbrop2m.security.Packaging">
    <skipped/>
  </testcase> <!-- tcPackaging -->
  <testcase name="tcPackaging" time="0.000" classname="com.hasbrop2m.security.Packaging">
    <skipped/>
  </testcase> <!-- tcPackaging -->
  <testcase name="tcPackaging" time="0.000" classname="com.hasbrop2m.security.Packaging">
    <skipped/>
  </testcase> <!-- tcPackaging -->
  <testcase name="tcPackaging" time="0.000" classname="com.hasbrop2m.security.Packaging">
    <skipped/>
  </testcase> <!-- tcPackaging -->
  <testcase name="tcPackaging" time="0.000" classname="com.hasbrop2m.security.Packaging">
    <skipped/>
  </testcase> <!-- tcPackaging -->
  <testcase name="tcPackaging" time="0.000" classname="com.hasbrop2m.security.Packaging">
    <skipped/>
  </testcase> <!-- tcPackaging -->
  <testcase name="tcPackaging" time="0.000" classname="com.hasbrop2m.security.Packaging">
    <skipped/>
  </testcase> <!-- tcPackaging -->
  <testcase name="tcPackaging" time="0.000" classname="com.hasbrop2m.security.Packaging">
    <skipped/>
  </testcase> <!-- tcPackaging -->
  <testcase name="tcPackaging" time="0.000" classname="com.hasbrop2m.security.Packaging">
    <skipped/>
  </testcase> <!-- tcPackaging -->
  <testcase name="tcPackaging" time="0.000" classname="com.hasbrop2m.security.Packaging">
    <skipped/>
  </testcase> <!-- tcPackaging -->
  <testcase name="tcPackaging" time="0.000" classname="com.hasbrop2m.security.Packaging">
    <skipped/>
  </testcase> <!-- tcPackaging -->
  <testcase name="tcPackaging" time="0.000" classname="com.hasbrop2m.security.Packaging">
    <skipped/>
  </testcase> <!-- tcPackaging -->
  <testcase name="tcPackaging" time="0.000" classname="com.hasbrop2m.security.Packaging">
    <skipped/>
  </testcase> <!-- tcPackaging -->
  <testcase name="tcPackaging" time="0.000" classname="com.hasbrop2m.security.Packaging">
    <skipped/>
  </testcase> <!-- tcPackaging -->
  <testcase name="tcPackaging" time="0.000" classname="com.hasbrop2m.security.Packaging">
    <skipped/>
  </testcase> <!-- tcPackaging -->
  <testcase name="tcPackaging" time="0.000" classname="com.hasbrop2m.security.Packaging">
    <skipped/>
  </testcase> <!-- tcPackaging -->
  <testcase name="tcPackaging" time="0.000" classname="com.hasbrop2m.security.Packaging">
    <skipped/>
  </testcase> <!-- tcPackaging -->
  <testcase name="tcPackaging" time="0.000" classname="com.hasbrop2m.security.Packaging">
    <skipped/>
  </testcase> <!-- tcPackaging -->
  <testcase name="tcPackaging" time="0.000" classname="com.hasbrop2m.security.Packaging">
    <skipped/>
  </testcase> <!-- tcPackaging -->
  <testcase name="tcPackaging" time="0.000" classname="com.hasbrop2m.security.Packaging">
    <skipped/>
  </testcase> <!-- tcPackaging -->
  <testcase name="tcPackaging" time="0.000" classname="com.hasbrop2m.security.Packaging">
    <skipped/>
  </testcase> <!-- tcPackaging -->
  <testcase name="tcPackaging" time="0.000" classname="com.hasbrop2m.security.Packaging">
    <skipped/>
  </testcase> <!-- tcPackaging -->
  <testcase name="tcPackaging" time="0.000" classname="com.hasbrop2m.security.Packaging">
    <skipped/>
  </testcase> <!-- tcPackaging -->
  <testcase name="tcPackaging" time="0.000" classname="com.hasbrop2m.security.Packaging">
    <skipped/>
  </testcase> <!-- tcPackaging -->
  <testcase name="tcPackaging" time="0.000" classname="com.hasbrop2m.security.Packaging">
    <skipped/>
  </testcase> <!-- tcPackaging -->
  <testcase name="tcPackaging" time="0.000" classname="com.hasbrop2m.security.Packaging">
    <skipped/>
  </testcase> <!-- tcPackaging -->
  <testcase name="tcPackaging" time="0.000" classname="com.hasbrop2m.security.Packaging">
    <skipped/>
  </testcase> <!-- tcPackaging -->
  <testcase name="tcPackaging" time="0.000" classname="com.hasbrop2m.security.Packaging">
    <skipped/>
  </testcase> <!-- tcPackaging -->
  <testcase name="tcPackaging" time="0.000" classname="com.hasbrop2m.security.Packaging">
    <skipped/>
  </testcase> <!-- tcPackaging -->
  <testcase name="tcPackaging" time="0.000" classname="com.hasbrop2m.security.Packaging">
    <skipped/>
  </testcase> <!-- tcPackaging -->
  <testcase name="tcPackaging" time="0.000" classname="com.hasbrop2m.security.Packaging">
    <skipped/>
  </testcase> <!-- tcPackaging -->
  <testcase name="tcPackaging" time="0.000" classname="com.hasbrop2m.security.Packaging">
    <skipped/>
  </testcase> <!-- tcPackaging -->
  <testcase name="tcPackaging" time="0.000" classname="com.hasbrop2m.security.Packaging">
    <skipped/>
  </testcase> <!-- tcPackaging -->
  <testcase name="tcPackaging" time="0.000" classname="com.hasbrop2m.security.Packaging">
    <skipped/>
  </testcase> <!-- tcPackaging -->
  <testcase name="tcPackaging" time="0.000" classname="com.hasbrop2m.security.Packaging">
    <skipped/>
  </testcase> <!-- tcPackaging -->
  <testcase name="tcPackaging" time="0.000" classname="com.hasbrop2m.security.Packaging">
    <skipped/>
  </testcase> <!-- tcPackaging -->
  <testcase name="tcPackaging" time="0.000" classname="com.hasbrop2m.security.Packaging">
    <skipped/>
  </testcase> <!-- tcPackaging -->
  <testcase name="tcPackaging" time="0.000" classname="com.hasbrop2m.security.Packaging">
    <skipped/>
  </testcase> <!-- tcPackaging -->
  <testcase name="tcPackaging" time="0.000" classname="com.hasbrop2m.security.Packaging">
    <skipped/>
  </testcase> <!-- tcPackaging -->
  <testcase name="tcPackaging" time="0.000" classname="com.hasbrop2m.security.Packaging">
    <skipped/>
  </testcase> <!-- tcPackaging -->
  <testcase name="tcPackaging" time="0.000" classname="com.hasbrop2m.security.Packaging">
    <skipped/>
  </testcase> <!-- tcPackaging -->
  <testcase name="tcPackaging" time="0.000" classname="com.hasbrop2m.security.Packaging">
    <skipped/>
  </testcase> <!-- tcPackaging -->
  <testcase name="tcPackaging" time="0.000" classname="com.hasbrop2m.security.Packaging">
    <skipped/>
  </testcase> <!-- tcPackaging -->
  <testcase name="tcPackaging" time="0.000" classname="com.hasbrop2m.security.Packaging">
    <skipped/>
  </testcase> <!-- tcPackaging -->
  <testcase name="tcPackaging" time="0.000" classname="com.hasbrop2m.security.Packaging">
    <skipped/>
  </testcase> <!-- tcPackaging -->
  <testcase name="tcPackaging" time="0.000" classname="com.hasbrop2m.security.Packaging">
    <skipped/>
  </testcase> <!-- tcPackaging -->
  <testcase name="tcPackaging" time="0.000" classname="com.hasbrop2m.security.Packaging">
    <skipped/>
  </testcase> <!-- tcPackaging -->
  <testcase name="tcPackaging" time="0.000" classname="com.hasbrop2m.security.Packaging">
    <skipped/>
  </testcase> <!-- tcPackaging -->
  <testcase name="tcPackaging" time="0.000" classname="com.hasbrop2m.security.Packaging">
    <skipped/>
  </testcase> <!-- tcPackaging -->
  <testcase name="tcPackaging" time="0.000" classname="com.hasbrop2m.security.Packaging">
    <skipped/>
  </testcase> <!-- tcPackaging -->
  <testcase name="tcPackaging" time="0.000" classname="com.hasbrop2m.security.Packaging">
    <skipped/>
  </testcase> <!-- tcPackaging -->
  <testcase name="tcPackaging" time="0.000" classname="com.hasbrop2m.security.Packaging">
    <skipped/>
  </testcase> <!-- tcPackaging -->
  <testcase name="tcPackaging" time="0.000" classname="com.hasbrop2m.security.Packaging">
    <skipped/>
  </testcase> <!-- tcPackaging -->
  <testcase name="tcPackaging" time="0.000" classname="com.hasbrop2m.security.Packaging">
    <skipped/>
  </testcase> <!-- tcPackaging -->
  <testcase name="tcPackaging" time="0.000" classname="com.hasbrop2m.security.Packaging">
    <skipped/>
  </testcase> <!-- tcPackaging -->
  <testcase name="tcPackaging" time="0.000" classname="com.hasbrop2m.security.Packaging">
    <skipped/>
  </testcase> <!-- tcPackaging -->
  <testcase name="tcPackaging" time="0.000" classname="com.hasbrop2m.security.Packaging">
    <skipped/>
  </testcase> <!-- tcPackaging -->
  <testcase name="tcPackaging" time="0.000" classname="com.hasbrop2m.security.Packaging">
    <skipped/>
  </testcase> <!-- tcPackaging -->
  <testcase name="tcPackaging" time="0.000" classname="com.hasbrop2m.security.Packaging">
    <skipped/>
  </testcase> <!-- tcPackaging -->
  <testcase name="tcPackaging" time="0.000" classname="com.hasbrop2m.security.Packaging">
    <skipped/>
  </testcase> <!-- tcPackaging -->
  <testcase name="tcPackaging" time="0.000" classname="com.hasbrop2m.security.Packaging">
    <skipped/>
  </testcase> <!-- tcPackaging -->
  <testcase name="tcPackaging" time="0.000" classname="com.hasbrop2m.security.Packaging">
    <skipped/>
  </testcase> <!-- tcPackaging -->
  <testcase name="tcPackaging" time="0.000" classname="com.hasbrop2m.security.Packaging">
    <skipped/>
  </testcase> <!-- tcPackaging -->
  <testcase name="tcPackaging" time="0.000" classname="com.hasbrop2m.security.Packaging">
    <skipped/>
  </testcase> <!-- tcPackaging -->
  <testcase name="tcPackaging" time="0.000" classname="com.hasbrop2m.security.Packaging">
    <skipped/>
  </testcase> <!-- tcPackaging -->
  <testcase name="tcPackaging" time="0.000" classname="com.hasbrop2m.security.Packaging">
    <skipped/>
  </testcase> <!-- tcPackaging -->
  <testcase name="tcPackaging" time="0.000" classname="com.hasbrop2m.security.Packaging">
    <skipped/>
  </testcase> <!-- tcPackaging -->
  <testcase name="tcPackaging" time="0.000" classname="com.hasbrop2m.security.Packaging">
    <skipped/>
  </testcase> <!-- tcPackaging -->
  <testcase name="tcPackaging" time="0.000" classname="com.hasbrop2m.security.Packaging">
    <skipped/>
  </testcase> <!-- tcPackaging -->
  <testcase name="tcPackaging" time="0.000" classname="com.hasbrop2m.security.Packaging">
    <skipped/>
  </testcase> <!-- tcPackaging -->
  <testcase name="tcPackaging" time="0.000" classname="com.hasbrop2m.security.Packaging">
    <skipped/>
  </testcase> <!-- tcPackaging -->
  <testcase name="tcPackaging" time="0.000" classname="com.hasbrop2m.security.Packaging">
    <skipped/>
  </testcase> <!-- tcPackaging -->
  <testcase name="tcPackaging" time="0.000" classname="com.hasbrop2m.security.Packaging">
    <skipped/>
  </testcase> <!-- tcPackaging -->
  <testcase name="tcPackaging" time="0.000" classname="com.hasbrop2m.security.Packaging">
    <skipped/>
  </testcase> <!-- tcPackaging -->
  <testcase name="tcPackaging" time="0.000" classname="com.hasbrop2m.security.Packaging">
    <skipped/>
  </testcase> <!-- tcPackaging -->
  <testcase name="tcPackaging" time="0.000" classname="com.hasbrop2m.security.Packaging">
    <skipped/>
  </testcase> <!-- tcPackaging -->
  <testcase name="tcPackaging" time="0.000" classname="com.hasbrop2m.security.Packaging">
    <skipped/>
  </testcase> <!-- tcPackaging -->
  <testcase name="tcPackaging" time="0.000" classname="com.hasbrop2m.security.Packaging">
    <skipped/>
  </testcase> <!-- tcPackaging -->
  <testcase name="tcPackaging" time="0.000" classname="com.hasbrop2m.security.Packaging">
    <skipped/>
  </testcase> <!-- tcPackaging -->
  <testcase name="tcPackaging" time="0.000" classname="com.hasbrop2m.security.Packaging">
    <skipped/>
  </testcase> <!-- tcPackaging -->
  <testcase name="tcPackaging" time="0.000" classname="com.hasbrop2m.security.Packaging">
    <skipped/>
  </testcase> <!-- tcPackaging -->
  <testcase name="tcPackaging" time="0.000" classname="com.hasbrop2m.security.Packaging">
    <skipped/>
  </testcase> <!-- tcPackaging -->
  <testcase name="tcPackaging" time="0.000" classname="com.hasbrop2m.security.Packaging">
    <skipped/>
  </testcase> <!-- tcPackaging -->
  <testcase name="tcPackaging" time="0.000" classname="com.hasbrop2m.security.Packaging">
    <skipped/>
  </testcase> <!-- tcPackaging -->
  <testcase name="tcPackaging" time="0.000" classname="com.hasbrop2m.security.Packaging">
    <skipped/>
  </testcase> <!-- tcPackaging -->
  <testcase name="tcPackaging" time="0.000" classname="com.hasbrop2m.security.Packaging">
    <skipped/>
  </testcase> <!-- tcPackaging -->
  <testcase name="tcPackaging" time="0.000" classname="com.hasbrop2m.security.Packaging">
    <skipped/>
  </testcase> <!-- tcPackaging -->
  <testcase name="tcPackaging" time="0.000" classname="com.hasbrop2m.security.Packaging">
    <skipped/>
  </testcase> <!-- tcPackaging -->
  <testcase name="tcPackaging" time="0.000" classname="com.hasbrop2m.security.Packaging">
    <skipped/>
  </testcase> <!-- tcPackaging -->
  <testcase name="tcPackaging" time="0.000" classname="com.hasbrop2m.security.Packaging">
    <skipped/>
  </testcase> <!-- tcPackaging -->
  <testcase name="tcPackaging" time="0.000" classname="com.hasbrop2m.security.Packaging">
    <skipped/>
  </testcase> <!-- tcPackaging -->
  <testcase name="tcPackaging" time="0.000" classname="com.hasbrop2m.security.Packaging">
    <skipped/>
  </testcase> <!-- tcPackaging -->
  <testcase name="tcPackaging" time="0.000" classname="com.hasbrop2m.security.Packaging">
    <skipped/>
  </testcase> <!-- tcPackaging -->
  <testcase name="tcPackaging" time="0.000" classname="com.hasbrop2m.security.Packaging">
    <skipped/>
  </testcase> <!-- tcPackaging -->
  <testcase name="tcPackaging" time="0.000" classname="com.hasbrop2m.security.Packaging">
    <skipped/>
  </testcase> <!-- tcPackaging -->
  <testcase name="tcPackaging" time="0.000" classname="com.hasbrop2m.security.Packaging">
    <skipped/>
  </testcase> <!-- tcPackaging -->
  <testcase name="tcPackaging" time="0.000" classname="com.hasbrop2m.security.Packaging">
    <skipped/>
  </testcase> <!-- tcPackaging -->
  <testcase name="tcPackaging" time="0.000" classname="com.hasbrop2m.security.Packaging">
    <skipped/>
  </testcase> <!-- tcPackaging -->
  <testcase name="tcPackaging" time="0.000" classname="com.hasbrop2m.security.Packaging">
    <skipped/>
  </testcase> <!-- tcPackaging -->
  <testcase name="tcPackaging" time="0.000" classname="com.hasbrop2m.security.Packaging">
    <skipped/>
  </testcase> <!-- tcPackaging -->
  <testcase name="tcPackaging" time="0.000" classname="com.hasbrop2m.security.Packaging">
    <skipped/>
  </testcase> <!-- tcPackaging -->
  <testcase name="tcPackaging" time="0.000" classname="com.hasbrop2m.security.Packaging">
    <skipped/>
  </testcase> <!-- tcPackaging -->
  <testcase name="tcPackaging" time="0.000" classname="com.hasbrop2m.security.Packaging">
    <skipped/>
  </testcase> <!-- tcPackaging -->
  <testcase name="tcPackaging" time="0.000" classname="com.hasbrop2m.security.Packaging">
    <skipped/>
  </testcase> <!-- tcPackaging -->
  <testcase name="tcPackaging" time="0.000" classname="com.hasbrop2m.security.Packaging">
    <skipped/>
  </testcase> <!-- tcPackaging -->
  <testcase name="tcPackaging" time="0.000" classname="com.hasbrop2m.security.Packaging">
    <skipped/>
  </testcase> <!-- tcPackaging -->
  <testcase name="tcPackaging" time="0.000" classname="com.hasbrop2m.security.Packaging">
    <skipped/>
  </testcase> <!-- tcPackaging -->
  <testcase name="tcPackaging" time="0.000" classname="com.hasbrop2m.security.Packaging">
    <skipped/>
  </testcase> <!-- tcPackaging -->
  <testcase name="tcPackaging" time="0.000" classname="com.hasbrop2m.security.Packaging">
    <skipped/>
  </testcase> <!-- tcPackaging -->
  <testcase name="tcPackaging" time="0.000" classname="com.hasbrop2m.security.Packaging">
    <skipped/>
  </testcase> <!-- tcPackaging -->
  <testcase name="tcPackaging" time="0.000" classname="com.hasbrop2m.security.Packaging">
    <skipped/>
  </testcase> <!-- tcPackaging -->
  <testcase name="tcPackaging" time="0.000" classname="com.hasbrop2m.security.Packaging">
    <skipped/>
  </testcase> <!-- tcPackaging -->
  <testcase name="tcPackaging" time="0.000" classname="com.hasbrop2m.security.Packaging">
    <skipped/>
  </testcase> <!-- tcPackaging -->
  <testcase name="tcPackaging" time="0.000" classname="com.hasbrop2m.security.Packaging">
    <skipped/>
  </testcase> <!-- tcPackaging -->
  <testcase name="tcPackaging" time="0.000" classname="com.hasbrop2m.security.Packaging">
    <skipped/>
  </testcase> <!-- tcPackaging -->
  <testcase name="tcPackaging" time="0.000" classname="com.hasbrop2m.security.Packaging">
    <skipped/>
  </testcase> <!-- tcPackaging -->
  <testcase name="tcPackaging" time="0.000" classname="com.hasbrop2m.security.Packaging">
    <skipped/>
  </testcase> <!-- tcPackaging -->
  <testcase name="tcPackaging" time="0.000" classname="com.hasbrop2m.security.Packaging">
    <skipped/>
  </testcase> <!-- tcPackaging -->
  <testcase name="tcPackaging" time="0.000" classname="com.hasbrop2m.security.Packaging">
    <skipped/>
  </testcase> <!-- tcPackaging -->
  <testcase name="tcPackaging" time="0.000" classname="com.hasbrop2m.security.Packaging">
    <skipped/>
  </testcase> <!-- tcPackaging -->
  <testcase name="tcPackaging" time="0.000" classname="com.hasbrop2m.security.Packaging">
    <skipped/>
  </testcase> <!-- tcPackaging -->
  <testcase name="tcPackaging" time="0.000" classname="com.hasbrop2m.security.Packaging">
    <skipped/>
  </testcase> <!-- tcPackaging -->
  <testcase name="tcPackaging" time="0.000" classname="com.hasbrop2m.security.Packaging">
    <skipped/>
  </testcase> <!-- tcPackaging -->
  <testcase name="tcPackaging" time="0.000" classname="com.hasbrop2m.security.Packaging">
    <skipped/>
  </testcase> <!-- tcPackaging -->
  <testcase name="tcPackaging" time="0.000" classname="com.hasbrop2m.security.Packaging">
    <skipped/>
  </testcase> <!-- tcPackaging -->
  <testcase name="tcPackaging" time="0.000" classname="com.hasbrop2m.security.Packaging">
    <skipped/>
  </testcase> <!-- tcPackaging -->
  <testcase name="tcPackaging" time="0.000" classname="com.hasbrop2m.security.Packaging">
    <skipped/>
  </testcase> <!-- tcPackaging -->
  <testcase name="tcPackaging" time="0.000" classname="com.hasbrop2m.security.Packaging">
    <skipped/>
  </testcase> <!-- tcPackaging -->
  <testcase name="tcPackaging" time="0.000" classname="com.hasbrop2m.security.Packaging">
    <skipped/>
  </testcase> <!-- tcPackaging -->
  <testcase name="tcPackaging" time="0.000" classname="com.hasbrop2m.security.Packaging">
    <skipped/>
  </testcase> <!-- tcPackaging -->
  <testcase name="tcPackaging" time="0.000" classname="com.hasbrop2m.security.Packaging">
    <skipped/>
  </testcase> <!-- tcPackaging -->
  <testcase name="tcPackaging" time="0.000" classname="com.hasbrop2m.security.Packaging">
    <skipped/>
  </testcase> <!-- tcPackaging -->
  <testcase name="tcPackaging" time="0.000" classname="com.hasbrop2m.security.Packaging">
    <skipped/>
  </testcase> <!-- tcPackaging -->
  <testcase name="tcPackaging" time="0.000" classname="com.hasbrop2m.security.Packaging">
    <skipped/>
  </testcase> <!-- tcPackaging -->
  <testcase name="tcPackaging" time="0.000" classname="com.hasbrop2m.security.Packaging">
    <skipped/>
  </testcase> <!-- tcPackaging -->
  <testcase name="tcPackaging" time="0.000" classname="com.hasbrop2m.security.Packaging">
    <skipped/>
  </testcase> <!-- tcPackaging -->
  <testcase name="tcPackaging" time="0.000" classname="com.hasbrop2m.security.Packaging">
    <skipped/>
  </testcase> <!-- tcPackaging -->
  <testcase name="tcPackaging" time="0.000" classname="com.hasbrop2m.security.Packaging">
    <skipped/>
  </testcase> <!-- tcPackaging -->
  <testcase name="tcPackaging" time="0.000" classname="com.hasbrop2m.security.Packaging">
    <skipped/>
  </testcase> <!-- tcPackaging -->
  <testcase name="tcPackaging" time="0.000" classname="com.hasbrop2m.security.Packaging">
    <skipped/>
  </testcase> <!-- tcPackaging -->
  <testcase name="tcPackaging" time="0.000" classname="com.hasbrop2m.security.Packaging">
    <skipped/>
  </testcase> <!-- tcPackaging -->
  <testcase name="tcPackaging" time="0.000" classname="com.hasbrop2m.security.Packaging">
    <skipped/>
  </testcase> <!-- tcPackaging -->
  <testcase name="tcPackaging" time="0.000" classname="com.hasbrop2m.security.Packaging">
    <skipped/>
  </testcase> <!-- tcPackaging -->
  <testcase name="tcPackaging" time="0.000" classname="com.hasbrop2m.security.Packaging">
    <skipped/>
  </testcase> <!-- tcPackaging -->
  <testcase name="tcPackaging" time="0.000" classname="com.hasbrop2m.security.Packaging">
    <skipped/>
  </testcase> <!-- tcPackaging -->
  <testcase name="tcPackaging" time="0.000" classname="com.hasbrop2m.security.Packaging">
    <skipped/>
  </testcase> <!-- tcPackaging -->
  <testcase name="tcPackaging" time="0.000" classname="com.hasbrop2m.security.Packaging">
    <skipped/>
  </testcase> <!-- tcPackaging -->
  <testcase name="tcPackaging" time="0.000" classname="com.hasbrop2m.security.Packaging">
    <skipped/>
  </testcase> <!-- tcPackaging -->
  <testcase name="tcPackaging" time="0.000" classname="com.hasbrop2m.security.Packaging">
    <skipped/>
  </testcase> <!-- tcPackaging -->
  <testcase name="tcPackaging" time="0.000" classname="com.hasbrop2m.security.Packaging">
    <skipped/>
  </testcase> <!-- tcPackaging -->
  <testcase name="tcPackaging" time="0.000" classname="com.hasbrop2m.security.Packaging">
    <skipped/>
  </testcase> <!-- tcPackaging -->
  <testcase name="tcPackaging" time="0.000" classname="com.hasbrop2m.security.Packaging">
    <skipped/>
  </testcase> <!-- tcPackaging -->
  <testcase name="tcPackaging" time="0.000" classname="com.hasbrop2m.security.Packaging">
    <skipped/>
  </testcase> <!-- tcPackaging -->
  <testcase name="tcPackaging" time="0.000" classname="com.hasbrop2m.security.Packaging">
    <skipped/>
  </testcase> <!-- tcPackaging -->
  <testcase name="tcPackaging" time="0.000" classname="com.hasbrop2m.security.Packaging">
    <skipped/>
  </testcase> <!-- tcPackaging -->
  <testcase name="tcPackaging" time="0.000" classname="com.hasbrop2m.security.Packaging">
    <skipped/>
  </testcase> <!-- tcPackaging -->
  <testcase name="tcPackaging" time="0.000" classname="com.hasbrop2m.security.Packaging">
    <skipped/>
  </testcase> <!-- tcPackaging -->
  <testcase name="tcPackaging" time="0.000" classname="com.hasbrop2m.security.Packaging">
    <skipped/>
  </testcase> <!-- tcPackaging -->
  <testcase name="tcPackaging" time="0.000" classname="com.hasbrop2m.security.Packaging">
    <skipped/>
  </testcase> <!-- tcPackaging -->
  <testcase name="tcPackaging" time="0.000" classname="com.hasbrop2m.security.Packaging">
    <skipped/>
  </testcase> <!-- tcPackaging -->
  <testcase name="tcPackaging" time="0.000" classname="com.hasbrop2m.security.Packaging">
    <skipped/>
  </testcase> <!-- tcPackaging -->
  <testcase name="tcPackaging" time="0.000" classname="com.hasbrop2m.security.Packaging">
    <skipped/>
  </testcase> <!-- tcPackaging -->
  <testcase name="tcPackaging" time="0.000" classname="com.hasbrop2m.security.Packaging">
    <skipped/>
  </testcase> <!-- tcPackaging -->
  <testcase name="tcPackaging" time="0.000" classname="com.hasbrop2m.security.Packaging">
    <skipped/>
  </testcase> <!-- tcPackaging -->
  <testcase name="tcPackaging" time="0.000" classname="com.hasbrop2m.security.Packaging">
    <skipped/>
  </testcase> <!-- tcPackaging -->
  <testcase name="tcPackaging" time="0.000" classname="com.hasbrop2m.security.Packaging">
    <skipped/>
  </testcase> <!-- tcPackaging -->
  <testcase name="tcPackaging" time="0.000" classname="com.hasbrop2m.security.Packaging">
    <skipped/>
  </testcase> <!-- tcPackaging -->
  <testcase name="tcPackaging" time="0.000" classname="com.hasbrop2m.security.Packaging">
    <skipped/>
  </testcase> <!-- tcPackaging -->
  <testcase name="tcPackaging" time="0.000" classname="com.hasbrop2m.security.Packaging">
    <skipped/>
  </testcase> <!-- tcPackaging -->
  <testcase name="tcPackaging" time="0.000" classname="com.hasbrop2m.security.Packaging">
    <skipped/>
  </testcase> <!-- tcPackaging -->
  <testcase name="tcPackaging" time="0.000" classname="com.hasbrop2m.security.Packaging">
    <skipped/>
  </testcase> <!-- tcPackaging -->
  <testcase name="tcPackaging" time="0.000" classname="com.hasbrop2m.security.Packaging">
    <skipped/>
  </testcase> <!-- tcPackaging -->
  <testcase name="tcPackaging" time="0.000" classname="com.hasbrop2m.security.Packaging">
    <skipped/>
  </testcase> <!-- tcPackaging -->
  <testcase name="tcPackaging" time="0.000" classname="com.hasbrop2m.security.Packaging">
    <skipped/>
  </testcase> <!-- tcPackaging -->
  <testcase name="tcPackaging" time="0.000" classname="com.hasbrop2m.security.Packaging">
    <skipped/>
  </testcase> <!-- tcPackaging -->
  <testcase name="tcPackaging" time="0.000" classname="com.hasbrop2m.security.Packaging">
    <skipped/>
  </testcase> <!-- tcPackaging -->
  <testcase name="tcPackaging" time="0.000" classname="com.hasbrop2m.security.Packaging">
    <skipped/>
  </testcase> <!-- tcPackaging -->
  <testcase name="tcPackaging" time="0.000" classname="com.hasbrop2m.security.Packaging">
    <skipped/>
  </testcase> <!-- tcPackaging -->
  <testcase name="tcPackaging" time="0.000" classname="com.hasbrop2m.security.Packaging">
    <skipped/>
  </testcase> <!-- tcPackaging -->
  <testcase name="tcPackaging" time="0.000" classname="com.hasbrop2m.security.Packaging">
    <skipped/>
  </testcase> <!-- tcPackaging -->
  <testcase name="tcPackaging" time="0.000" classname="com.hasbrop2m.security.Packaging">
    <skipped/>
  </testcase> <!-- tcPackaging -->
  <testcase name="tcPackaging" time="0.000" classname="com.hasbrop2m.security.Packaging">
    <skipped/>
  </testcase> <!-- tcPackaging -->
  <testcase name="tcPackaging" time="0.000" classname="com.hasbrop2m.security.Packaging">
    <skipped/>
  </testcase> <!-- tcPackaging -->
  <testcase name="tcPackaging" time="0.000" classname="com.hasbrop2m.security.Packaging">
    <skipped/>
  </testcase> <!-- tcPackaging -->
  <testcase name="tcPackaging" time="0.000" classname="com.hasbrop2m.security.Packaging">
    <skipped/>
  </testcase> <!-- tcPackaging -->
  <testcase name="tcPackaging" time="0.000" classname="com.hasbrop2m.security.Packaging">
    <skipped/>
  </testcase> <!-- tcPackaging -->
  <testcase name="tcPackaging" time="0.000" classname="com.hasbrop2m.security.Packaging">
    <skipped/>
  </testcase> <!-- tcPackaging -->
  <testcase name="tcPackaging" time="0.000" classname="com.hasbrop2m.security.Packaging">
    <skipped/>
  </testcase> <!-- tcPackaging -->
  <testcase name="tcPackaging" time="0.000" classname="com.hasbrop2m.security.Packaging">
    <skipped/>
  </testcase> <!-- tcPackaging -->
  <testcase name="tcPackaging" time="0.000" classname="com.hasbrop2m.security.Packaging">
    <skipped/>
  </testcase> <!-- tcPackaging -->
  <testcase name="tcPackaging" time="0.000" classname="com.hasbrop2m.security.Packaging">
    <skipped/>
  </testcase> <!-- tcPackaging -->
  <testcase name="tcPackaging" time="0.000" classname="com.hasbrop2m.security.Packaging">
    <skipped/>
  </testcase> <!-- tcPackaging -->
  <testcase name="tcPackaging" time="0.000" classname="com.hasbrop2m.security.Packaging">
    <skipped/>
  </testcase> <!-- tcPackaging -->
  <testcase name="tcPackaging" time="0.000" classname="com.hasbrop2m.security.Packaging">
    <skipped/>
  </testcase> <!-- tcPackaging -->
  <testcase name="tcPackaging" time="0.000" classname="com.hasbrop2m.security.Packaging">
    <skipped/>
  </testcase> <!-- tcPackaging -->
  <testcase name="tcPackaging" time="0.000" classname="com.hasbrop2m.security.Packaging">
    <skipped/>
  </testcase> <!-- tcPackaging -->
  <testcase name="tcPackaging" time="0.000" classname="com.hasbrop2m.security.Packaging">
    <skipped/>
  </testcase> <!-- tcPackaging -->
  <testcase name="tcPackaging" time="0.000" classname="com.hasbrop2m.security.Packaging">
    <skipped/>
  </testcase> <!-- tcPackaging -->
  <testcase name="tcPackaging" time="0.000" classname="com.hasbrop2m.security.Packaging">
    <skipped/>
  </testcase> <!-- tcPackaging -->
  <testcase name="tcPackaging" time="0.000" classname="com.hasbrop2m.security.Packaging">
    <skipped/>
  </testcase> <!-- tcPackaging -->
  <testcase name="tcPackaging" time="0.000" classname="com.hasbrop2m.security.Packaging">
    <skipped/>
  </testcase> <!-- tcPackaging -->
  <testcase name="tcPackaging" time="0.000" classname="com.hasbrop2m.security.Packaging">
    <skipped/>
  </testcase> <!-- tcPackaging -->
  <testcase name="tcPackaging" time="0.000" classname="com.hasbrop2m.security.Packaging">
    <skipped/>
  </testcase> <!-- tcPackaging -->
  <testcase name="tcPackaging" time="0.000" classname="com.hasbrop2m.security.Packaging">
    <skipped/>
  </testcase> <!-- tcPackaging -->
  <testcase name="tcPackaging" time="0.000" classname="com.hasbrop2m.security.Packaging">
    <skipped/>
  </testcase> <!-- tcPackaging -->
  <testcase name="tcPackaging" time="0.000" classname="com.hasbrop2m.security.Packaging">
    <skipped/>
  </testcase> <!-- tcPackaging -->
  <testcase name="tcPackaging" time="0.000" classname="com.hasbrop2m.security.Packaging">
    <skipped/>
  </testcase> <!-- tcPackaging -->
  <testcase name="tcPackaging" time="0.000" classname="com.hasbrop2m.security.Packaging">
    <skipped/>
  </testcase> <!-- tcPackaging -->
  <testcase name="tcPackaging" time="0.000" classname="com.hasbrop2m.security.Packaging">
    <skipped/>
  </testcase> <!-- tcPackaging -->
  <testcase name="tcPackaging" time="0.000" classname="com.hasbrop2m.security.Packaging">
    <skipped/>
  </testcase> <!-- tcPackaging -->
  <testcase name="tcPackaging" time="0.000" classname="com.hasbrop2m.security.Packaging">
    <skipped/>
  </testcase> <!-- tcPackaging -->
  <testcase name="tcPackaging" time="0.000" classname="com.hasbrop2m.security.Packaging">
    <skipped/>
  </testcase> <!-- tcPackaging -->
  <testcase name="tcPackaging" time="0.000" classname="com.hasbrop2m.security.Packaging">
    <skipped/>
  </testcase> <!-- tcPackaging -->
  <testcase name="tcPackaging" time="0.000" classname="com.hasbrop2m.security.Packaging">
    <skipped/>
  </testcase> <!-- tcPackaging -->
  <testcase name="tcPackaging" time="0.000" classname="com.hasbrop2m.security.Packaging">
    <skipped/>
  </testcase> <!-- tcPackaging -->
  <testcase name="tcPackaging" time="0.000" classname="com.hasbrop2m.security.Packaging">
    <skipped/>
  </testcase> <!-- tcPackaging -->
  <testcase name="tcPackaging" time="0.000" classname="com.hasbrop2m.security.Packaging">
    <skipped/>
  </testcase> <!-- tcPackaging -->
  <testcase name="tcPackaging" time="0.000" classname="com.hasbrop2m.security.Packaging">
    <skipped/>
  </testcase> <!-- tcPackaging -->
  <testcase name="tcPackaging" time="0.000" classname="com.hasbrop2m.security.Packaging">
    <skipped/>
  </testcase> <!-- tcPackaging -->
  <testcase name="tcPackaging" time="0.000" classname="com.hasbrop2m.security.Packaging">
    <skipped/>
  </testcase> <!-- tcPackaging -->
  <testcase name="tcPackaging" time="0.000" classname="com.hasbrop2m.security.Packaging">
    <skipped/>
  </testcase> <!-- tcPackaging -->
  <testcase name="tcPackaging" time="0.000" classname="com.hasbrop2m.security.Packaging">
    <skipped/>
  </testcase> <!-- tcPackaging -->
  <testcase name="tcPackaging" time="0.000" classname="com.hasbrop2m.security.Packaging">
    <skipped/>
  </testcase> <!-- tcPackaging -->
  <testcase name="tcPackaging" time="0.000" classname="com.hasbrop2m.security.Packaging">
    <skipped/>
  </testcase> <!-- tcPackaging -->
  <testcase name="tcPackaging" time="0.000" classname="com.hasbrop2m.security.Packaging">
    <skipped/>
  </testcase> <!-- tcPackaging -->
  <testcase name="tcPackaging" time="0.000" classname="com.hasbrop2m.security.Packaging">
    <skipped/>
  </testcase> <!-- tcPackaging -->
  <testcase name="tcPackaging" time="0.000" classname="com.hasbrop2m.security.Packaging">
    <skipped/>
  </testcase> <!-- tcPackaging -->
  <testcase name="tcPackaging" time="0.000" classname="com.hasbrop2m.security.Packaging">
    <skipped/>
  </testcase> <!-- tcPackaging -->
  <testcase name="tcPackaging" time="0.000" classname="com.hasbrop2m.security.Packaging">
    <skipped/>
  </testcase> <!-- tcPackaging -->
  <testcase name="tcPackaging" time="0.000" classname="com.hasbrop2m.security.Packaging">
    <skipped/>
  </testcase> <!-- tcPackaging -->
  <testcase name="tcPackaging" time="0.000" classname="com.hasbrop2m.security.Packaging">
    <skipped/>
  </testcase> <!-- tcPackaging -->
  <testcase name="tcPackaging" time="0.000" classname="com.hasbrop2m.security.Packaging">
    <skipped/>
  </testcase> <!-- tcPackaging -->
  <testcase name="tcPackaging" time="0.000" classname="com.hasbrop2m.security.Packaging">
    <skipped/>
  </testcase> <!-- tcPackaging -->
  <testcase name="tcPackaging" time="0.000" classname="com.hasbrop2m.security.Packaging">
    <skipped/>
  </testcase> <!-- tcPackaging -->
  <testcase name="tcPackaging" time="0.000" classname="com.hasbrop2m.security.Packaging">
    <skipped/>
  </testcase> <!-- tcPackaging -->
  <testcase name="tcPackaging" time="0.000" classname="com.hasbrop2m.security.Packaging">
    <skipped/>
  </testcase> <!-- tcPackaging -->
  <testcase name="tcPackaging" time="0.000" classname="com.hasbrop2m.security.Packaging">
    <skipped/>
  </testcase> <!-- tcPackaging -->
  <testcase name="tcPackaging" time="0.000" classname="com.hasbrop2m.security.Packaging">
    <skipped/>
  </testcase> <!-- tcPackaging -->
  <testcase name="tcPackaging" time="0.000" classname="com.hasbrop2m.security.Packaging">
    <skipped/>
  </testcase> <!-- tcPackaging -->
  <testcase name="tcPackaging" time="0.000" classname="com.hasbrop2m.security.Packaging">
    <skipped/>
  </testcase> <!-- tcPackaging -->
  <testcase name="tcPackaging" time="0.000" classname="com.hasbrop2m.security.Packaging">
    <skipped/>
  </testcase> <!-- tcPackaging -->
  <testcase name="tcPackaging" time="0.000" classname="com.hasbrop2m.security.Packaging">
    <skipped/>
  </testcase> <!-- tcPackaging -->
  <testcase name="tcPackaging" time="0.000" classname="com.hasbrop2m.security.Packaging">
    <skipped/>
  </testcase> <!-- tcPackaging -->
  <testcase name="tcPackaging" time="0.000" classname="com.hasbrop2m.security.Packaging">
    <skipped/>
  </testcase> <!-- tcPackaging -->
  <testcase name="tcPackaging" time="0.000" classname="com.hasbrop2m.security.Packaging">
    <skipped/>
  </testcase> <!-- tcPackaging -->
  <testcase name="tcPackaging" time="0.000" classname="com.hasbrop2m.security.Packaging">
    <skipped/>
  </testcase> <!-- tcPackaging -->
  <testcase name="tcPackaging" time="0.000" classname="com.hasbrop2m.security.Packaging">
    <skipped/>
  </testcase> <!-- tcPackaging -->
  <testcase name="tcPackaging" time="0.000" classname="com.hasbrop2m.security.Packaging">
    <skipped/>
  </testcase> <!-- tcPackaging -->
  <testcase name="tcPackaging" time="0.000" classname="com.hasbrop2m.security.Packaging">
    <skipped/>
  </testcase> <!-- tcPackaging -->
  <testcase name="tcPackaging" time="0.000" classname="com.hasbrop2m.security.Packaging">
    <skipped/>
  </testcase> <!-- tcPackaging -->
  <testcase name="tcPackaging" time="0.000" classname="com.hasbrop2m.security.Packaging">
    <skipped/>
  </testcase> <!-- tcPackaging -->
  <testcase name="tcPackaging" time="0.000" classname="com.hasbrop2m.security.Packaging">
    <skipped/>
  </testcase> <!-- tcPackaging -->
  <testcase name="tcPackaging" time="0.000" classname="com.hasbrop2m.security.Packaging">
    <skipped/>
  </testcase> <!-- tcPackaging -->
  <testcase name="tcPackaging" time="0.000" classname="com.hasbrop2m.security.Packaging">
    <skipped/>
  </testcase> <!-- tcPackaging -->
  <testcase name="tcPackaging" time="0.000" classname="com.hasbrop2m.security.Packaging">
    <skipped/>
  </testcase> <!-- tcPackaging -->
  <testcase name="tcPackaging" time="0.000" classname="com.hasbrop2m.security.Packaging">
    <skipped/>
  </testcase> <!-- tcPackaging -->
  <testcase name="tcPackaging" time="0.000" classname="com.hasbrop2m.security.Packaging">
    <skipped/>
  </testcase> <!-- tcPackaging -->
  <testcase name="tcPackaging" time="0.000" classname="com.hasbrop2m.security.Packaging">
    <skipped/>
  </testcase> <!-- tcPackaging -->
  <testcase name="tcPackaging" time="0.000" classname="com.hasbrop2m.security.Packaging">
    <skipped/>
  </testcase> <!-- tcPackaging -->
  <testcase name="tcPackaging" time="0.000" classname="com.hasbrop2m.security.Packaging">
    <skipped/>
  </testcase> <!-- tcPackaging -->
  <testcase name="tcPackaging" time="0.000" classname="com.hasbrop2m.security.Packaging">
    <skipped/>
  </testcase> <!-- tcPackaging -->
  <testcase name="tcPackaging" time="0.000" classname="com.hasbrop2m.security.Packaging">
    <skipped/>
  </testcase> <!-- tcPackaging -->
  <testcase name="tcPackaging" time="0.000" classname="com.hasbrop2m.security.Packaging">
    <skipped/>
  </testcase> <!-- tcPackaging -->
  <testcase name="tcPackaging" time="0.000" classname="com.hasbrop2m.security.Packaging">
    <skipped/>
  </testcase> <!-- tcPackaging -->
  <testcase name="tcPackaging" time="0.000" classname="com.hasbrop2m.security.Packaging">
    <skipped/>
  </testcase> <!-- tcPackaging -->
  <testcase name="tcPackaging" time="0.000" classname="com.hasbrop2m.security.Packaging">
    <skipped/>
  </testcase> <!-- tcPackaging -->
  <testcase name="tcPackaging" time="0.000" classname="com.hasbrop2m.security.Packaging">
    <skipped/>
  </testcase> <!-- tcPackaging -->
  <testcase name="tcPackaging" time="0.000" classname="com.hasbrop2m.security.Packaging">
    <skipped/>
  </testcase> <!-- tcPackaging -->
  <testcase name="tcPackaging" time="0.000" classname="com.hasbrop2m.security.Packaging">
    <skipped/>
  </testcase> <!-- tcPackaging -->
  <testcase name="tcPackaging" time="0.000" classname="com.hasbrop2m.security.Packaging">
    <skipped/>
  </testcase> <!-- tcPackaging -->
  <testcase name="tcPackaging" time="0.000" classname="com.hasbrop2m.security.Packaging">
    <skipped/>
  </testcase> <!-- tcPackaging -->
  <testcase name="tcPackaging" time="0.000" classname="com.hasbrop2m.security.Packaging">
    <skipped/>
  </testcase> <!-- tcPackaging -->
  <testcase name="tcPackaging" time="0.000" classname="com.hasbrop2m.security.Packaging">
    <skipped/>
  </testcase> <!-- tcPackaging -->
  <testcase name="tcPackaging" time="0.000" classname="com.hasbrop2m.security.Packaging">
    <skipped/>
  </testcase> <!-- tcPackaging -->
  <testcase name="tcPackaging" time="0.000" classname="com.hasbrop2m.security.Packaging">
    <skipped/>
  </testcase> <!-- tcPackaging -->
  <testcase name="tcPackaging" time="0.000" classname="com.hasbrop2m.security.Packaging">
    <skipped/>
  </testcase> <!-- tcPackaging -->
  <testcase name="tcPackaging" time="0.000" classname="com.hasbrop2m.security.Packaging">
    <skipped/>
  </testcase> <!-- tcPackaging -->
  <testcase name="tcPackaging" time="0.000" classname="com.hasbrop2m.security.Packaging">
    <skipped/>
  </testcase> <!-- tcPackaging -->
  <testcase name="tcPackaging" time="0.000" classname="com.hasbrop2m.security.Packaging">
    <skipped/>
  </testcase> <!-- tcPackaging -->
  <testcase name="tcPackaging" time="0.000" classname="com.hasbrop2m.security.Packaging">
    <skipped/>
  </testcase> <!-- tcPackaging -->
  <testcase name="tcPackaging" time="0.000" classname="com.hasbrop2m.security.Packaging">
    <skipped/>
  </testcase> <!-- tcPackaging -->
  <testcase name="tcPackaging" time="0.000" classname="com.hasbrop2m.security.Packaging">
    <skipped/>
  </testcase> <!-- tcPackaging -->
  <testcase name="tcPackaging" time="0.000" classname="com.hasbrop2m.security.Packaging">
    <skipped/>
  </testcase> <!-- tcPackaging -->
  <testcase name="tcPackaging" time="0.000" classname="com.hasbrop2m.security.Packaging">
    <skipped/>
  </testcase> <!-- tcPackaging -->
  <testcase name="tcPackaging" time="0.000" classname="com.hasbrop2m.security.Packaging">
    <skipped/>
  </testcase> <!-- tcPackaging -->
  <testcase name="tcPackaging" time="0.000" classname="com.hasbrop2m.security.Packaging">
    <skipped/>
  </testcase> <!-- tcPackaging -->
  <testcase name="tcPackaging" time="0.000" classname="com.hasbrop2m.security.Packaging">
    <skipped/>
  </testcase> <!-- tcPackaging -->
  <testcase name="tcPackaging" time="0.000" classname="com.hasbrop2m.security.Packaging">
    <skipped/>
  </testcase> <!-- tcPackaging -->
  <testcase name="tcPackaging" time="0.000" classname="com.hasbrop2m.security.Packaging">
    <skipped/>
  </testcase> <!-- tcPackaging -->
  <testcase name="tcPackaging" time="0.000" classname="com.hasbrop2m.security.Packaging">
    <skipped/>
  </testcase> <!-- tcPackaging -->
  <testcase name="tcPackaging" time="0.000" classname="com.hasbrop2m.security.Packaging">
    <skipped/>
  </testcase> <!-- tcPackaging -->
  <testcase name="tcPackaging" time="0.000" classname="com.hasbrop2m.security.Packaging">
    <skipped/>
  </testcase> <!-- tcPackaging -->
  <testcase name="tcPackaging" time="0.000" classname="com.hasbrop2m.security.Packaging">
    <skipped/>
  </testcase> <!-- tcPackaging -->
  <testcase name="tcPackaging" time="0.000" classname="com.hasbrop2m.security.Packaging">
    <skipped/>
  </testcase> <!-- tcPackaging -->
  <testcase name="tcPackaging" time="0.000" classname="com.hasbrop2m.security.Packaging">
    <skipped/>
  </testcase> <!-- tcPackaging -->
  <testcase name="tcPackaging" time="0.000" classname="com.hasbrop2m.security.Packaging">
    <skipped/>
  </testcase> <!-- tcPackaging -->
  <testcase name="tcPackaging" time="0.000" classname="com.hasbrop2m.security.Packaging">
    <skipped/>
  </testcase> <!-- tcPackaging -->
  <testcase name="tcPackaging" time="0.000" classname="com.hasbrop2m.security.Packaging">
    <skipped/>
  </testcase> <!-- tcPackaging -->
  <testcase name="tcPackaging" time="0.000" classname="com.hasbrop2m.security.Packaging">
    <skipped/>
  </testcase> <!-- tcPackaging -->
  <testcase name="tcPackaging" time="0.000" classname="com.hasbrop2m.security.Packaging">
    <skipped/>
  </testcase> <!-- tcPackaging -->
  <testcase name="tcPackaging" time="0.000" classname="com.hasbrop2m.security.Packaging">
    <skipped/>
  </testcase> <!-- tcPackaging -->
  <testcase name="tcPackaging" time="0.000" classname="com.hasbrop2m.security.Packaging">
    <skipped/>
  </testcase> <!-- tcPackaging -->
  <testcase name="tcPackaging" time="0.000" classname="com.hasbrop2m.security.Packaging">
    <skipped/>
  </testcase> <!-- tcPackaging -->
  <testcase name="tcPackaging" time="0.000" classname="com.hasbrop2m.security.Packaging">
    <skipped/>
  </testcase> <!-- tcPackaging -->
  <testcase name="tcPackaging" time="0.000" classname="com.hasbrop2m.security.Packaging">
    <skipped/>
  </testcase> <!-- tcPackaging -->
  <testcase name="tcPackaging" time="0.000" classname="com.hasbrop2m.security.Packaging">
    <skipped/>
  </testcase> <!-- tcPackaging -->
  <testcase name="tcPackaging" time="0.000" classname="com.hasbrop2m.security.Packaging">
    <skipped/>
  </testcase> <!-- tcPackaging -->
  <testcase name="tcPackaging" time="0.000" classname="com.hasbrop2m.security.Packaging">
    <skipped/>
  </testcase> <!-- tcPackaging -->
  <testcase name="tcPackaging" time="0.000" classname="com.hasbrop2m.security.Packaging">
    <skipped/>
  </testcase> <!-- tcPackaging -->
  <testcase name="tcPackaging" time="0.000" classname="com.hasbrop2m.security.Packaging">
    <skipped/>
  </testcase> <!-- tcPackaging -->
  <testcase name="tcPackaging" time="0.000" classname="com.hasbrop2m.security.Packaging">
    <skipped/>
  </testcase> <!-- tcPackaging -->
  <testcase name="tcPackaging" time="0.000" classname="com.hasbrop2m.security.Packaging">
    <skipped/>
  </testcase> <!-- tcPackaging -->
  <testcase name="tcPackaging" time="0.000" classname="com.hasbrop2m.security.Packaging">
    <skipped/>
  </testcase> <!-- tcPackaging -->
  <testcase name="tcPackaging" time="0.000" classname="com.hasbrop2m.security.Packaging">
    <skipped/>
  </testcase> <!-- tcPackaging -->
  <testcase name="tcPackaging" time="0.000" classname="com.hasbrop2m.security.Packaging">
    <skipped/>
  </testcase> <!-- tcPackaging -->
  <testcase name="tcPackaging" time="0.000" classname="com.hasbrop2m.security.Packaging">
    <skipped/>
  </testcase> <!-- tcPackaging -->
  <testcase name="tcPackaging" time="0.000" classname="com.hasbrop2m.security.Packaging">
    <skipped/>
  </testcase> <!-- tcPackaging -->
  <testcase name="tcPackaging" time="0.000" classname="com.hasbrop2m.security.Packaging">
    <skipped/>
  </testcase> <!-- tcPackaging -->
  <testcase name="tcPackaging" time="0.000" classname="com.hasbrop2m.security.Packaging">
    <skipped/>
  </testcase> <!-- tcPackaging -->
  <testcase name="tcPackaging" time="0.000" classname="com.hasbrop2m.security.Packaging">
    <skipped/>
  </testcase> <!-- tcPackaging -->
  <testcase name="tcPackaging" time="0.000" classname="com.hasbrop2m.security.Packaging">
    <skipped/>
  </testcase> <!-- tcPackaging -->
  <testcase name="tcPackaging" time="0.000" classname="com.hasbrop2m.security.Packaging">
    <skipped/>
  </testcase> <!-- tcPackaging -->
  <testcase name="tcPackaging" time="0.000" classname="com.hasbrop2m.security.Packaging">
    <skipped/>
  </testcase> <!-- tcPackaging -->
  <testcase name="tcPackaging" time="0.000" classname="com.hasbrop2m.security.Packaging">
    <skipped/>
  </testcase> <!-- tcPackaging -->
  <testcase name="tcPackaging" time="0.000" classname="com.hasbrop2m.security.Packaging">
    <skipped/>
  </testcase> <!-- tcPackaging -->
  <testcase name="tcPackaging" time="0.000" classname="com.hasbrop2m.security.Packaging">
    <skipped/>
  </testcase> <!-- tcPackaging -->
  <testcase name="tcPackaging" time="0.000" classname="com.hasbrop2m.security.Packaging">
    <skipped/>
  </testcase> <!-- tcPackaging -->
  <testcase name="tcPackaging" time="0.000" classname="com.hasbrop2m.security.Packaging">
    <skipped/>
  </testcase> <!-- tcPackaging -->
  <testcase name="tcPackaging" time="0.000" classname="com.hasbrop2m.security.Packaging">
    <skipped/>
  </testcase> <!-- tcPackaging -->
  <testcase name="tcPackaging" time="0.000" classname="com.hasbrop2m.security.Packaging">
    <skipped/>
  </testcase> <!-- tcPackaging -->
  <testcase name="tcPackaging" time="0.000" classname="com.hasbrop2m.security.Packaging">
    <skipped/>
  </testcase> <!-- tcPackaging -->
  <testcase name="tcPackaging" time="0.000" classname="com.hasbrop2m.security.Packaging">
    <skipped/>
  </testcase> <!-- tcPackaging -->
  <testcase name="tcPackaging" time="0.000" classname="com.hasbrop2m.security.Packaging">
    <skipped/>
  </testcase> <!-- tcPackaging -->
  <testcase name="tcPackaging" time="0.000" classname="com.hasbrop2m.security.Packaging">
    <skipped/>
  </testcase> <!-- tcPackaging -->
  <testcase name="tcPackaging" time="0.000" classname="com.hasbrop2m.security.Packaging">
    <skipped/>
  </testcase> <!-- tcPackaging -->
  <testcase name="tcPackaging" time="0.000" classname="com.hasbrop2m.security.Packaging">
    <skipped/>
  </testcase> <!-- tcPackaging -->
  <testcase name="tcPackaging" time="0.000" classname="com.hasbrop2m.security.Packaging">
    <skipped/>
  </testcase> <!-- tcPackaging -->
  <testcase name="tcPackaging" time="0.000" classname="com.hasbrop2m.security.Packaging">
    <skipped/>
  </testcase> <!-- tcPackaging -->
  <testcase name="tcPackaging" time="0.000" classname="com.hasbrop2m.security.Packaging">
    <skipped/>
  </testcase> <!-- tcPackaging -->
  <testcase name="tcPackaging" time="0.000" classname="com.hasbrop2m.security.Packaging">
    <skipped/>
  </testcase> <!-- tcPackaging -->
  <testcase name="tcPackaging" time="0.000" classname="com.hasbrop2m.security.Packaging">
    <skipped/>
  </testcase> <!-- tcPackaging -->
  <testcase name="tcPackaging" time="0.000" classname="com.hasbrop2m.security.Packaging">
    <skipped/>
  </testcase> <!-- tcPackaging -->
  <testcase name="tcPackaging" time="0.000" classname="com.hasbrop2m.security.Packaging">
    <skipped/>
  </testcase> <!-- tcPackaging -->
  <testcase name="tcPackaging" time="0.000" classname="com.hasbrop2m.security.Packaging">
    <skipped/>
  </testcase> <!-- tcPackaging -->
  <testcase name="tcPackaging" time="0.000" classname="com.hasbrop2m.security.Packaging">
    <skipped/>
  </testcase> <!-- tcPackaging -->
  <testcase name="tcPackaging" time="0.000" classname="com.hasbrop2m.security.Packaging">
    <skipped/>
  </testcase> <!-- tcPackaging -->
  <testcase name="tcPackaging" time="0.000" classname="com.hasbrop2m.security.Packaging">
    <skipped/>
  </testcase> <!-- tcPackaging -->
  <testcase name="tcPackaging" time="0.000" classname="com.hasbrop2m.security.Packaging">
    <skipped/>
  </testcase> <!-- tcPackaging -->
  <testcase name="tcPackaging" time="0.000" classname="com.hasbrop2m.security.Packaging">
    <skipped/>
  </testcase> <!-- tcPackaging -->
  <testcase name="tcPackaging" time="0.000" classname="com.hasbrop2m.security.Packaging">
    <skipped/>
  </testcase> <!-- tcPackaging -->
  <testcase name="tcPackaging" time="0.000" classname="com.hasbrop2m.security.Packaging">
    <skipped/>
  </testcase> <!-- tcPackaging -->
  <testcase name="tcPackaging" time="0.000" classname="com.hasbrop2m.security.Packaging">
    <skipped/>
  </testcase> <!-- tcPackaging -->
  <testcase name="tcPackaging" time="0.000" classname="com.hasbrop2m.security.Packaging">
    <skipped/>
  </testcase> <!-- tcPackaging -->
  <testcase name="tcPackaging" time="0.000" classname="com.hasbrop2m.security.Packaging">
    <skipped/>
  </testcase> <!-- tcPackaging -->
  <testcase name="tcPackaging" time="0.000" classname="com.hasbrop2m.security.Packaging">
    <skipped/>
  </testcase> <!-- tcPackaging -->
  <testcase name="tcPackaging" time="0.000" classname="com.hasbrop2m.security.Packaging">
    <skipped/>
  </testcase> <!-- tcPackaging -->
  <testcase name="tcPackaging" time="0.000" classname="com.hasbrop2m.security.Packaging">
    <skipped/>
  </testcase> <!-- tcPackaging -->
  <testcase name="tcPackaging" time="0.000" classname="com.hasbrop2m.security.Packaging">
    <skipped/>
  </testcase> <!-- tcPackaging -->
  <testcase name="tcPackaging" time="0.000" classname="com.hasbrop2m.security.Packaging">
    <skipped/>
  </testcase> <!-- tcPackaging -->
  <testcase name="tcPackaging" time="0.000" classname="com.hasbrop2m.security.Packaging">
    <skipped/>
  </testcase> <!-- tcPackaging -->
  <testcase name="tcPackaging" time="0.000" classname="com.hasbrop2m.security.Packaging">
    <skipped/>
  </testcase> <!-- tcPackaging -->
  <testcase name="tcPackaging" time="0.000" classname="com.hasbrop2m.security.Packaging">
    <skipped/>
  </testcase> <!-- tcPackaging -->
  <testcase name="tcPackaging" time="0.000" classname="com.hasbrop2m.security.Packaging">
    <skipped/>
  </testcase> <!-- tcPackaging -->
  <testcase name="tcPackaging" time="0.000" classname="com.hasbrop2m.security.Packaging">
    <skipped/>
  </testcase> <!-- tcPackaging -->
  <testcase name="tcPackaging" time="0.000" classname="com.hasbrop2m.security.Packaging">
    <skipped/>
  </testcase> <!-- tcPackaging -->
  <testcase name="tcPackaging" time="0.000" classname="com.hasbrop2m.security.Packaging">
    <skipped/>
  </testcase> <!-- tcPackaging -->
  <testcase name="tcPackaging" time="0.000" classname="com.hasbrop2m.security.Packaging">
    <skipped/>
  </testcase> <!-- tcPackaging -->
  <testcase name="tcPackaging" time="0.000" classname="com.hasbrop2m.security.Packaging">
    <skipped/>
  </testcase> <!-- tcPackaging -->
  <testcase name="tcPackaging" time="0.000" classname="com.hasbrop2m.security.Packaging">
    <skipped/>
  </testcase> <!-- tcPackaging -->
  <testcase name="tcPackaging" time="0.000" classname="com.hasbrop2m.security.Packaging">
    <skipped/>
  </testcase> <!-- tcPackaging -->
  <testcase name="tcPackaging" time="0.000" classname="com.hasbrop2m.security.Packaging">
    <skipped/>
  </testcase> <!-- tcPackaging -->
  <testcase name="tcPackaging" time="0.000" classname="com.hasbrop2m.security.Packaging">
    <skipped/>
  </testcase> <!-- tcPackaging -->
  <testcase name="tcPackaging" time="0.000" classname="com.hasbrop2m.security.Packaging">
    <skipped/>
  </testcase> <!-- tcPackaging -->
  <testcase name="tcPackaging" time="0.000" classname="com.hasbrop2m.security.Packaging">
    <skipped/>
  </testcase> <!-- tcPackaging -->
  <testcase name="tcPackaging" time="0.000" classname="com.hasbrop2m.security.Packaging">
    <skipped/>
  </testcase> <!-- tcPackaging -->
  <testcase name="tcPackaging" time="0.000" classname="com.hasbrop2m.security.Packaging">
    <skipped/>
  </testcase> <!-- tcPackaging -->
  <testcase name="tcPackaging" time="0.000" classname="com.hasbrop2m.security.Packaging">
    <skipped/>
  </testcase> <!-- tcPackaging -->
  <testcase name="tcPackaging" time="0.000" classname="com.hasbrop2m.security.Packaging">
    <skipped/>
  </testcase> <!-- tcPackaging -->
  <testcase name="tcPackaging" time="0.000" classname="com.hasbrop2m.security.Packaging">
    <skipped/>
  </testcase> <!-- tcPackaging -->
  <testcase name="tcPackaging" time="0.000" classname="com.hasbrop2m.security.Packaging">
    <skipped/>
  </testcase> <!-- tcPackaging -->
  <testcase name="tcPackaging" time="0.000" classname="com.hasbrop2m.security.Packaging">
    <skipped/>
  </testcase> <!-- tcPackaging -->
  <testcase name="tcPackaging" time="0.000" classname="com.hasbrop2m.security.Packaging">
    <skipped/>
  </testcase> <!-- tcPackaging -->
  <testcase name="tcPackaging" time="0.000" classname="com.hasbrop2m.security.Packaging">
    <skipped/>
  </testcase> <!-- tcPackaging -->
  <testcase name="tcPackaging" time="0.000" classname="com.hasbrop2m.security.Packaging">
    <skipped/>
  </testcase> <!-- tcPackaging -->
  <testcase name="tcPackaging" time="0.000" classname="com.hasbrop2m.security.Packaging">
    <skipped/>
  </testcase> <!-- tcPackaging -->
  <testcase name="tcPackaging" time="0.000" classname="com.hasbrop2m.security.Packaging">
    <skipped/>
  </testcase> <!-- tcPackaging -->
  <testcase name="tcPackaging" time="0.000" classname="com.hasbrop2m.security.Packaging">
    <skipped/>
  </testcase> <!-- tcPackaging -->
  <testcase name="tcPackaging" time="0.000" classname="com.hasbrop2m.security.Packaging">
    <skipped/>
  </testcase> <!-- tcPackaging -->
  <testcase name="tcPackaging" time="0.000" classname="com.hasbrop2m.security.Packaging">
    <skipped/>
  </testcase> <!-- tcPackaging -->
  <testcase name="tcPackaging" time="0.000" classname="com.hasbrop2m.security.Packaging">
    <skipped/>
  </testcase> <!-- tcPackaging -->
  <testcase name="tcPackaging" time="0.000" classname="com.hasbrop2m.security.Packaging">
    <skipped/>
  </testcase> <!-- tcPackaging -->
  <testcase name="tcPackaging" time="0.000" classname="com.hasbrop2m.security.Packaging">
    <skipped/>
  </testcase> <!-- tcPackaging -->
  <testcase name="tcPackaging" time="0.000" classname="com.hasbrop2m.security.Packaging">
    <skipped/>
  </testcase> <!-- tcPackaging -->
  <testcase name="tcPackaging" time="0.000" classname="com.hasbrop2m.security.Packaging">
    <skipped/>
  </testcase> <!-- tcPackaging -->
  <testcase name="tcPackaging" time="0.000" classname="com.hasbrop2m.security.Packaging">
    <skipped/>
  </testcase> <!-- tcPackaging -->
  <testcase name="tcPackaging" time="0.000" classname="com.hasbrop2m.security.Packaging">
    <skipped/>
  </testcase> <!-- tcPackaging -->
  <testcase name="tcPackaging" time="0.000" classname="com.hasbrop2m.security.Packaging">
    <skipped/>
  </testcase> <!-- tcPackaging -->
  <testcase name="tcPackaging" time="0.000" classname="com.hasbrop2m.security.Packaging">
    <skipped/>
  </testcase> <!-- tcPackaging -->
  <testcase name="tcPackaging" time="0.000" classname="com.hasbrop2m.security.Packaging">
    <skipped/>
  </testcase> <!-- tcPackaging -->
  <testcase name="tcPackaging" time="0.000" classname="com.hasbrop2m.security.Packaging">
    <skipped/>
  </testcase> <!-- tcPackaging -->
  <testcase name="tcPackaging" time="0.000" classname="com.hasbrop2m.security.Packaging">
    <skipped/>
  </testcase> <!-- tcPackaging -->
  <testcase name="tcPackaging" time="0.000" classname="com.hasbrop2m.security.Packaging">
    <skipped/>
  </testcase> <!-- tcPackaging -->
  <testcase name="tcPackaging" time="0.000" classname="com.hasbrop2m.security.Packaging">
    <skipped/>
  </testcase> <!-- tcPackaging -->
  <testcase name="tcPackaging" time="0.000" classname="com.hasbrop2m.security.Packaging">
    <skipped/>
  </testcase> <!-- tcPackaging -->
  <testcase name="tcPackaging" time="0.000" classname="com.hasbrop2m.security.Packaging">
    <skipped/>
  </testcase> <!-- tcPackaging -->
  <testcase name="tcPackaging" time="0.000" classname="com.hasbrop2m.security.Packaging">
    <skipped/>
  </testcase> <!-- tcPackaging -->
  <testcase name="tcPackaging" time="0.000" classname="com.hasbrop2m.security.Packaging">
    <skipped/>
  </testcase> <!-- tcPackaging -->
  <testcase name="tcPackaging" time="0.000" classname="com.hasbrop2m.security.Packaging">
    <skipped/>
  </testcase> <!-- tcPackaging -->
  <testcase name="tcPackaging" time="0.000" classname="com.hasbrop2m.security.Packaging">
    <skipped/>
  </testcase> <!-- tcPackaging -->
  <testcase name="tcPackaging" time="0.000" classname="com.hasbrop2m.security.Packaging">
    <skipped/>
  </testcase> <!-- tcPackaging -->
  <testcase name="tcPackaging" time="0.000" classname="com.hasbrop2m.security.Packaging">
    <skipped/>
  </testcase> <!-- tcPackaging -->
  <testcase name="tcPackaging" time="0.000" classname="com.hasbrop2m.security.Packaging">
    <skipped/>
  </testcase> <!-- tcPackaging -->
  <testcase name="tcPackaging" time="0.000" classname="com.hasbrop2m.security.Packaging">
    <skipped/>
  </testcase> <!-- tcPackaging -->
  <testcase name="tcPackaging" time="0.000" classname="com.hasbrop2m.security.Packaging">
    <skipped/>
  </testcase> <!-- tcPackaging -->
  <testcase name="tcPackaging" time="0.000" classname="com.hasbrop2m.security.Packaging">
    <skipped/>
  </testcase> <!-- tcPackaging -->
  <testcase name="tcPackaging" time="0.000" classname="com.hasbrop2m.security.Packaging">
    <skipped/>
  </testcase> <!-- tcPackaging -->
  <testcase name="tcPackaging" time="0.000" classname="com.hasbrop2m.security.Packaging">
    <skipped/>
  </testcase> <!-- tcPackaging -->
  <testcase name="tcPackaging" time="0.000" classname="com.hasbrop2m.security.Packaging">
    <skipped/>
  </testcase> <!-- tcPackaging -->
  <testcase name="tcPackaging" time="0.000" classname="com.hasbrop2m.security.Packaging">
    <skipped/>
  </testcase> <!-- tcPackaging -->
  <testcase name="tcPackaging" time="0.000" classname="com.hasbrop2m.security.Packaging">
    <skipped/>
  </testcase> <!-- tcPackaging -->
  <testcase name="tcPackaging" time="0.000" classname="com.hasbrop2m.security.Packaging">
    <skipped/>
  </testcase> <!-- tcPackaging -->
  <testcase name="tcPackaging" time="0.000" classname="com.hasbrop2m.security.Packaging">
    <skipped/>
  </testcase> <!-- tcPackaging -->
  <testcase name="tcPackaging" time="0.000" classname="com.hasbrop2m.security.Packaging">
    <skipped/>
  </testcase> <!-- tcPackaging -->
  <testcase name="tcPackaging" time="0.000" classname="com.hasbrop2m.security.Packaging">
    <skipped/>
  </testcase> <!-- tcPackaging -->
  <testcase name="tcPackaging" time="0.000" classname="com.hasbrop2m.security.Packaging">
    <skipped/>
  </testcase> <!-- tcPackaging -->
  <testcase name="tcPackaging" time="0.000" classname="com.hasbrop2m.security.Packaging">
    <skipped/>
  </testcase> <!-- tcPackaging -->
  <testcase name="tcPackaging" time="0.000" classname="com.hasbrop2m.security.Packaging">
    <skipped/>
  </testcase> <!-- tcPackaging -->
  <testcase name="tcPackaging" time="0.000" classname="com.hasbrop2m.security.Packaging">
    <skipped/>
  </testcase> <!-- tcPackaging -->
  <testcase name="tcPackaging" time="0.000" classname="com.hasbrop2m.security.Packaging">
    <skipped/>
  </testcase> <!-- tcPackaging -->
  <testcase name="tcPackaging" time="0.000" classname="com.hasbrop2m.security.Packaging">
    <skipped/>
  </testcase> <!-- tcPackaging -->
  <testcase name="tcPackaging" time="0.000" classname="com.hasbrop2m.security.Packaging">
    <skipped/>
  </testcase> <!-- tcPackaging -->
  <testcase name="tcPackaging" time="0.000" classname="com.hasbrop2m.security.Packaging">
    <skipped/>
  </testcase> <!-- tcPackaging -->
  <testcase name="tcPackaging" time="0.000" classname="com.hasbrop2m.security.Packaging">
    <skipped/>
  </testcase> <!-- tcPackaging -->
  <testcase name="tcPackaging" time="0.000" classname="com.hasbrop2m.security.Packaging">
    <skipped/>
  </testcase> <!-- tcPackaging -->
  <testcase name="tcPackaging" time="0.000" classname="com.hasbrop2m.security.Packaging">
    <skipped/>
  </testcase> <!-- tcPackaging -->
  <testcase name="tcPackaging" time="0.000" classname="com.hasbrop2m.security.Packaging">
    <skipped/>
  </testcase> <!-- tcPackaging -->
  <testcase name="tcPackaging" time="0.000" classname="com.hasbrop2m.security.Packaging">
    <skipped/>
  </testcase> <!-- tcPackaging -->
  <testcase name="tcPackaging" time="0.000" classname="com.hasbrop2m.security.Packaging">
    <skipped/>
  </testcase> <!-- tcPackaging -->
  <testcase name="tcPackaging" time="0.000" classname="com.hasbrop2m.security.Packaging">
    <skipped/>
  </testcase> <!-- tcPackaging -->
  <testcase name="tcPackaging" time="0.000" classname="com.hasbrop2m.security.Packaging">
    <skipped/>
  </testcase> <!-- tcPackaging -->
  <testcase name="tcPackaging" time="0.000" classname="com.hasbrop2m.security.Packaging">
    <skipped/>
  </testcase> <!-- tcPackaging -->
  <testcase name="tcPackaging" time="0.000" classname="com.hasbrop2m.security.Packaging">
    <skipped/>
  </testcase> <!-- tcPackaging -->
  <testcase name="tcPackaging" time="0.000" classname="com.hasbrop2m.security.Packaging">
    <skipped/>
  </testcase> <!-- tcPackaging -->
  <testcase name="tcPackaging" time="0.000" classname="com.hasbrop2m.security.Packaging">
    <skipped/>
  </testcase> <!-- tcPackaging -->
  <testcase name="tcPackaging" time="0.000" classname="com.hasbrop2m.security.Packaging">
    <skipped/>
  </testcase> <!-- tcPackaging -->
  <testcase name="tcPackaging" time="0.000" classname="com.hasbrop2m.security.Packaging">
    <skipped/>
  </testcase> <!-- tcPackaging -->
  <testcase name="tcPackaging" time="0.000" classname="com.hasbrop2m.security.Packaging">
    <skipped/>
  </testcase> <!-- tcPackaging -->
  <testcase name="tcPackaging" time="0.000" classname="com.hasbrop2m.security.Packaging">
    <skipped/>
  </testcase> <!-- tcPackaging -->
  <testcase name="tcPackaging" time="0.000" classname="com.hasbrop2m.security.Packaging">
    <skipped/>
  </testcase> <!-- tcPackaging -->
  <testcase name="tcPackaging" time="0.000" classname="com.hasbrop2m.security.Packaging">
    <skipped/>
  </testcase> <!-- tcPackaging -->
  <testcase name="tcPackaging" time="0.000" classname="com.hasbrop2m.security.Packaging">
    <skipped/>
  </testcase> <!-- tcPackaging -->
  <testcase name="tcPackaging" time="0.000" classname="com.hasbrop2m.security.Packaging">
    <skipped/>
  </testcase> <!-- tcPackaging -->
  <testcase name="tcPackaging" time="0.000" classname="com.hasbrop2m.security.Packaging">
    <skipped/>
  </testcase> <!-- tcPackaging -->
  <testcase name="tcPackaging" time="0.000" classname="com.hasbrop2m.security.Packaging">
    <skipped/>
  </testcase> <!-- tcPackaging -->
  <testcase name="tcPackaging" time="0.000" classname="com.hasbrop2m.security.Packaging">
    <skipped/>
  </testcase> <!-- tcPackaging -->
  <testcase name="tcPackaging" time="0.000" classname="com.hasbrop2m.security.Packaging">
    <skipped/>
  </testcase> <!-- tcPackaging -->
  <testcase name="tcPackaging" time="0.000" classname="com.hasbrop2m.security.Packaging">
    <skipped/>
  </testcase> <!-- tcPackaging -->
  <testcase name="tcPackaging" time="0.000" classname="com.hasbrop2m.security.Packaging">
    <skipped/>
  </testcase> <!-- tcPackaging -->
  <testcase name="tcPackaging" time="0.000" classname="com.hasbrop2m.security.Packaging">
    <skipped/>
  </testcase> <!-- tcPackaging -->
  <testcase name="tcPackaging" time="0.000" classname="com.hasbrop2m.security.Packaging">
    <skipped/>
  </testcase> <!-- tcPackaging -->
  <testcase name="tcPackaging" time="0.000" classname="com.hasbrop2m.security.Packaging">
    <skipped/>
  </testcase> <!-- tcPackaging -->
  <testcase name="tcPackaging" time="0.000" classname="com.hasbrop2m.security.Packaging">
    <skipped/>
  </testcase> <!-- tcPackaging -->
  <testcase name="tcPackaging" time="0.000" classname="com.hasbrop2m.security.Packaging">
    <skipped/>
  </testcase> <!-- tcPackaging -->
  <testcase name="tcPackaging" time="0.000" classname="com.hasbrop2m.security.Packaging">
    <skipped/>
  </testcase> <!-- tcPackaging -->
  <testcase name="tcPackaging" time="0.000" classname="com.hasbrop2m.security.Packaging">
    <skipped/>
  </testcase> <!-- tcPackaging -->
  <testcase name="tcPackaging" time="0.000" classname="com.hasbrop2m.security.Packaging">
    <skipped/>
  </testcase> <!-- tcPackaging -->
  <testcase name="tcPackaging" time="0.000" classname="com.hasbrop2m.security.Packaging">
    <skipped/>
  </testcase> <!-- tcPackaging -->
  <testcase name="tcPackaging" time="0.000" classname="com.hasbrop2m.security.Packaging">
    <skipped/>
  </testcase> <!-- tcPackaging -->
  <testcase name="tcPackaging" time="0.000" classname="com.hasbrop2m.security.Packaging">
    <skipped/>
  </testcase> <!-- tcPackaging -->
  <testcase name="tcPackaging" time="0.000" classname="com.hasbrop2m.security.Packaging">
    <skipped/>
  </testcase> <!-- tcPackaging -->
  <testcase name="tcPackaging" time="0.000" classname="com.hasbrop2m.security.Packaging">
    <skipped/>
  </testcase> <!-- tcPackaging -->
  <testcase name="tcPackaging" time="0.000" classname="com.hasbrop2m.security.Packaging">
    <skipped/>
  </testcase> <!-- tcPackaging -->
  <testcase name="tcPackaging" time="0.000" classname="com.hasbrop2m.security.Packaging">
    <skipped/>
  </testcase> <!-- tcPackaging -->
  <testcase name="tcPackaging" time="0.000" classname="com.hasbrop2m.security.Packaging">
    <skipped/>
  </testcase> <!-- tcPackaging -->
  <testcase name="tcPackaging" time="0.000" classname="com.hasbrop2m.security.Packaging">
    <skipped/>
  </testcase> <!-- tcPackaging -->
  <testcase name="tcPackaging" time="0.000" classname="com.hasbrop2m.security.Packaging">
    <skipped/>
  </testcase> <!-- tcPackaging -->
  <testcase name="tcPackaging" time="0.000" classname="com.hasbrop2m.security.Packaging">
    <skipped/>
  </testcase> <!-- tcPackaging -->
  <testcase name="tcPackaging" time="0.000" classname="com.hasbrop2m.security.Packaging">
    <skipped/>
  </testcase> <!-- tcPackaging -->
  <testcase name="tcPackaging" time="0.000" classname="com.hasbrop2m.security.Packaging">
    <skipped/>
  </testcase> <!-- tcPackaging -->
  <testcase name="tcPackaging" time="0.000" classname="com.hasbrop2m.security.Packaging">
    <skipped/>
  </testcase> <!-- tcPackaging -->
  <testcase name="tcPackaging" time="0.000" classname="com.hasbrop2m.security.Packaging">
    <skipped/>
  </testcase> <!-- tcPackaging -->
  <testcase name="tcPackaging" time="0.000" classname="com.hasbrop2m.security.Packaging">
    <skipped/>
  </testcase> <!-- tcPackaging -->
  <testcase name="tcPackaging" time="0.000" classname="com.hasbrop2m.security.Packaging">
    <skipped/>
  </testcase> <!-- tcPackaging -->
  <testcase name="tcPackaging" time="0.000" classname="com.hasbrop2m.security.Packaging">
    <skipped/>
  </testcase> <!-- tcPackaging -->
  <testcase name="tcPackaging" time="0.000" classname="com.hasbrop2m.security.Packaging">
    <skipped/>
  </testcase> <!-- tcPackaging -->
  <testcase name="tcPackaging" time="0.000" classname="com.hasbrop2m.security.Packaging">
    <skipped/>
  </testcase> <!-- tcPackaging -->
  <testcase name="tcPackaging" time="0.000" classname="com.hasbrop2m.security.Packaging">
    <skipped/>
  </testcase> <!-- tcPackaging -->
  <testcase name="tcPackaging" time="0.000" classname="com.hasbrop2m.security.Packaging">
    <skipped/>
  </testcase> <!-- tcPackaging -->
  <testcase name="tcPackaging" time="0.000" classname="com.hasbrop2m.security.Packaging">
    <skipped/>
  </testcase> <!-- tcPackaging -->
  <testcase name="tcPackaging" time="0.000" classname="com.hasbrop2m.security.Packaging">
    <skipped/>
  </testcase> <!-- tcPackaging -->
  <testcase name="tcPackaging" time="0.000" classname="com.hasbrop2m.security.Packaging">
    <skipped/>
  </testcase> <!-- tcPackaging -->
  <testcase name="tcPackaging" time="0.000" classname="com.hasbrop2m.security.Packaging">
    <skipped/>
  </testcase> <!-- tcPackaging -->
  <testcase name="tcPackaging" time="0.000" classname="com.hasbrop2m.security.Packaging">
    <skipped/>
  </testcase> <!-- tcPackaging -->
  <testcase name="tcPackaging" time="0.000" classname="com.hasbrop2m.security.Packaging">
    <skipped/>
  </testcase> <!-- tcPackaging -->
  <testcase name="tcPackaging" time="0.000" classname="com.hasbrop2m.security.Packaging">
    <skipped/>
  </testcase> <!-- tcPackaging -->
  <testcase name="tcPackaging" time="0.000" classname="com.hasbrop2m.security.Packaging">
    <skipped/>
  </testcase> <!-- tcPackaging -->
  <testcase name="tcPackaging" time="0.000" classname="com.hasbrop2m.security.Packaging">
    <skipped/>
  </testcase> <!-- tcPackaging -->
  <testcase name="tcPackaging" time="0.000" classname="com.hasbrop2m.security.Packaging">
    <skipped/>
  </testcase> <!-- tcPackaging -->
  <testcase name="tcPackaging" time="0.000" classname="com.hasbrop2m.security.Packaging">
    <skipped/>
  </testcase> <!-- tcPackaging -->
  <testcase name="tcPackaging" time="0.000" classname="com.hasbrop2m.security.Packaging">
    <skipped/>
  </testcase> <!-- tcPackaging -->
  <testcase name="tcPackaging" time="0.000" classname="com.hasbrop2m.security.Packaging">
    <skipped/>
  </testcase> <!-- tcPackaging -->
  <testcase name="tcPackaging" time="0.000" classname="com.hasbrop2m.security.Packaging">
    <skipped/>
  </testcase> <!-- tcPackaging -->
  <testcase name="tcPackaging" time="0.000" classname="com.hasbrop2m.security.Packaging">
    <skipped/>
  </testcase> <!-- tcPackaging -->
  <testcase name="tcPackaging" time="0.000" classname="com.hasbrop2m.security.Packaging">
    <skipped/>
  </testcase> <!-- tcPackaging -->
  <testcase name="tcPackaging" time="0.000" classname="com.hasbrop2m.security.Packaging">
    <skipped/>
  </testcase> <!-- tcPackaging -->
  <testcase name="tcPackaging" time="0.000" classname="com.hasbrop2m.security.Packaging">
    <skipped/>
  </testcase> <!-- tcPackaging -->
  <testcase name="tcPackaging" time="0.000" classname="com.hasbrop2m.security.Packaging">
    <skipped/>
  </testcase> <!-- tcPackaging -->
  <testcase name="tcPackaging" time="0.000" classname="com.hasbrop2m.security.Packaging">
    <skipped/>
  </testcase> <!-- tcPackaging -->
  <testcase name="tcPackaging" time="0.000" classname="com.hasbrop2m.security.Packaging">
    <skipped/>
  </testcase> <!-- tcPackaging -->
  <testcase name="tcPackaging" time="0.000" classname="com.hasbrop2m.security.Packaging">
    <skipped/>
  </testcase> <!-- tcPackaging -->
  <testcase name="tcPackaging" time="0.000" classname="com.hasbrop2m.security.Packaging">
    <skipped/>
  </testcase> <!-- tcPackaging -->
  <testcase name="tcPackaging" time="0.000" classname="com.hasbrop2m.security.Packaging">
    <skipped/>
  </testcase> <!-- tcPackaging -->
  <testcase name="tcPackaging" time="0.000" classname="com.hasbrop2m.security.Packaging">
    <skipped/>
  </testcase> <!-- tcPackaging -->
  <testcase name="tcPackaging" time="0.000" classname="com.hasbrop2m.security.Packaging">
    <skipped/>
  </testcase> <!-- tcPackaging -->
  <testcase name="tcPackaging" time="0.000" classname="com.hasbrop2m.security.Packaging">
    <skipped/>
  </testcase> <!-- tcPackaging -->
  <testcase name="tcPackaging" time="0.000" classname="com.hasbrop2m.security.Packaging">
    <skipped/>
  </testcase> <!-- tcPackaging -->
  <testcase name="tcPackaging" time="0.000" classname="com.hasbrop2m.security.Packaging">
    <skipped/>
  </testcase> <!-- tcPackaging -->
  <testcase name="tcPackaging" time="0.000" classname="com.hasbrop2m.security.Packaging">
    <skipped/>
  </testcase> <!-- tcPackaging -->
  <testcase name="tcPackaging" time="0.000" classname="com.hasbrop2m.security.Packaging">
    <skipped/>
  </testcase> <!-- tcPackaging -->
  <testcase name="tcPackaging" time="0.000" classname="com.hasbrop2m.security.Packaging">
    <skipped/>
  </testcase> <!-- tcPackaging -->
  <testcase name="tcPackaging" time="0.000" classname="com.hasbrop2m.security.Packaging">
    <skipped/>
  </testcase> <!-- tcPackaging -->
  <testcase name="tcPackaging" time="0.000" classname="com.hasbrop2m.security.Packaging">
    <skipped/>
  </testcase> <!-- tcPackaging -->
  <testcase name="tcPackaging" time="0.000" classname="com.hasbrop2m.security.Packaging">
    <skipped/>
  </testcase> <!-- tcPackaging -->
  <testcase name="tcPackaging" time="0.000" classname="com.hasbrop2m.security.Packaging">
    <skipped/>
  </testcase> <!-- tcPackaging -->
  <testcase name="tcPackaging" time="0.000" classname="com.hasbrop2m.security.Packaging">
    <skipped/>
  </testcase> <!-- tcPackaging -->
  <testcase name="tcPackaging" time="0.000" classname="com.hasbrop2m.security.Packaging">
    <skipped/>
  </testcase> <!-- tcPackaging -->
  <testcase name="tcPackaging" time="0.000" classname="com.hasbrop2m.security.Packaging">
    <skipped/>
  </testcase> <!-- tcPackaging -->
  <testcase name="tcPackaging" time="0.000" classname="com.hasbrop2m.security.Packaging">
    <skipped/>
  </testcase> <!-- tcPackaging -->
  <testcase name="tcPackaging" time="0.000" classname="com.hasbrop2m.security.Packaging">
    <skipped/>
  </testcase> <!-- tcPackaging -->
  <testcase name="tcPackaging" time="0.000" classname="com.hasbrop2m.security.Packaging">
    <skipped/>
  </testcase> <!-- tcPackaging -->
  <testcase name="tcPackaging" time="0.000" classname="com.hasbrop2m.security.Packaging">
    <skipped/>
  </testcase> <!-- tcPackaging -->
  <testcase name="tcPackaging" time="0.000" classname="com.hasbrop2m.security.Packaging">
    <skipped/>
  </testcase> <!-- tcPackaging -->
  <testcase name="tcPackaging" time="0.000" classname="com.hasbrop2m.security.Packaging">
    <skipped/>
  </testcase> <!-- tcPackaging -->
  <testcase name="tcPackaging" time="0.000" classname="com.hasbrop2m.security.Packaging">
    <skipped/>
  </testcase> <!-- tcPackaging -->
  <testcase name="tcPackaging" time="0.000" classname="com.hasbrop2m.security.Packaging">
    <skipped/>
  </testcase> <!-- tcPackaging -->
  <testcase name="tcPackaging" time="0.000" classname="com.hasbrop2m.security.Packaging">
    <skipped/>
  </testcase> <!-- tcPackaging -->
  <testcase name="tcPackaging" time="0.000" classname="com.hasbrop2m.security.Packaging">
    <skipped/>
  </testcase> <!-- tcPackaging -->
  <testcase name="tcPackaging" time="0.000" classname="com.hasbrop2m.security.Packaging">
    <skipped/>
  </testcase> <!-- tcPackaging -->
  <testcase name="tcPackaging" time="0.000" classname="com.hasbrop2m.security.Packaging">
    <skipped/>
  </testcase> <!-- tcPackaging -->
  <testcase name="tcPackaging" time="0.000" classname="com.hasbrop2m.security.Packaging">
    <skipped/>
  </testcase> <!-- tcPackaging -->
  <testcase name="tcPackaging" time="0.000" classname="com.hasbrop2m.security.Packaging">
    <skipped/>
  </testcase> <!-- tcPackaging -->
  <testcase name="tcPackaging" time="0.000" classname="com.hasbrop2m.security.Packaging">
    <skipped/>
  </testcase> <!-- tcPackaging -->
  <testcase name="tcPackaging" time="0.000" classname="com.hasbrop2m.security.Packaging">
    <skipped/>
  </testcase> <!-- tcPackaging -->
  <testcase name="tcPackaging" time="0.000" classname="com.hasbrop2m.security.Packaging">
    <skipped/>
  </testcase> <!-- tcPackaging -->
  <testcase name="tcPackaging" time="0.000" classname="com.hasbrop2m.security.Packaging">
    <skipped/>
  </testcase> <!-- tcPackaging -->
  <testcase name="tcPackaging" time="0.000" classname="com.hasbrop2m.security.Packaging">
    <skipped/>
  </testcase> <!-- tcPackaging -->
  <testcase name="tcPackaging" time="0.000" classname="com.hasbrop2m.security.Packaging">
    <skipped/>
  </testcase> <!-- tcPackaging -->
  <testcase name="tcPackaging" time="0.000" classname="com.hasbrop2m.security.Packaging">
    <skipped/>
  </testcase> <!-- tcPackaging -->
  <testcase name="tcPackaging" time="0.000" classname="com.hasbrop2m.security.Packaging">
    <skipped/>
  </testcase> <!-- tcPackaging -->
  <testcase name="tcPackaging" time="0.000" classname="com.hasbrop2m.security.Packaging">
    <skipped/>
  </testcase> <!-- tcPackaging -->
  <testcase name="tcPackaging" time="0.000" classname="com.hasbrop2m.security.Packaging">
    <skipped/>
  </testcase> <!-- tcPackaging -->
  <testcase name="tcPackaging" time="0.000" classname="com.hasbrop2m.security.Packaging">
    <skipped/>
  </testcase> <!-- tcPackaging -->
  <testcase name="tcPackaging" time="0.000" classname="com.hasbrop2m.security.Packaging">
    <skipped/>
  </testcase> <!-- tcPackaging -->
  <testcase name="tcPackaging" time="0.000" classname="com.hasbrop2m.security.Packaging">
    <skipped/>
  </testcase> <!-- tcPackaging -->
  <testcase name="tcPackaging" time="0.000" classname="com.hasbrop2m.security.Packaging">
    <skipped/>
  </testcase> <!-- tcPackaging -->
  <testcase name="tcPackaging" time="0.000" classname="com.hasbrop2m.security.Packaging">
    <skipped/>
  </testcase> <!-- tcPackaging -->
  <testcase name="tcPackaging" time="0.000" classname="com.hasbrop2m.security.Packaging">
    <skipped/>
  </testcase> <!-- tcPackaging -->
  <testcase name="tcPackaging" time="0.000" classname="com.hasbrop2m.security.Packaging">
    <skipped/>
  </testcase> <!-- tcPackaging -->
  <testcase name="tcPackaging" time="0.000" classname="com.hasbrop2m.security.Packaging">
    <skipped/>
  </testcase> <!-- tcPackaging -->
  <testcase name="tcPackaging" time="0.000" classname="com.hasbrop2m.security.Packaging">
    <skipped/>
  </testcase> <!-- tcPackaging -->
  <testcase name="tcPackaging" time="0.000" classname="com.hasbrop2m.security.Packaging">
    <skipped/>
  </testcase> <!-- tcPackaging -->
  <testcase name="tcPackaging" time="0.000" classname="com.hasbrop2m.security.Packaging">
    <skipped/>
  </testcase> <!-- tcPackaging -->
  <testcase name="tcPackaging" time="0.000" classname="com.hasbrop2m.security.Packaging">
    <skipped/>
  </testcase> <!-- tcPackaging -->
  <testcase name="tcPackaging" time="0.000" classname="com.hasbrop2m.security.Packaging">
    <skipped/>
  </testcase> <!-- tcPackaging -->
  <testcase name="tcPackaging" time="0.000" classname="com.hasbrop2m.security.Packaging">
    <skipped/>
  </testcase> <!-- tcPackaging -->
  <testcase name="tcPackaging" time="0.000" classname="com.hasbrop2m.security.Packaging">
    <skipped/>
  </testcase> <!-- tcPackaging -->
  <testcase name="tcPackaging" time="0.000" classname="com.hasbrop2m.security.Packaging">
    <skipped/>
  </testcase> <!-- tcPackaging -->
  <testcase name="tcPackaging" time="0.000" classname="com.hasbrop2m.security.Packaging">
    <skipped/>
  </testcase> <!-- tcPackaging -->
  <testcase name="tcPackaging" time="0.000" classname="com.hasbrop2m.security.Packaging">
    <skipped/>
  </testcase> <!-- tcPackaging -->
  <testcase name="tcPackaging" time="0.000" classname="com.hasbrop2m.security.Packaging">
    <skipped/>
  </testcase> <!-- tcPackaging -->
  <testcase name="tcPackaging" time="0.000" classname="com.hasbrop2m.security.Packaging">
    <skipped/>
  </testcase> <!-- tcPackaging -->
  <testcase name="tcPackaging" time="0.000" classname="com.hasbrop2m.security.Packaging">
    <skipped/>
  </testcase> <!-- tcPackaging -->
  <testcase name="tcPackaging" time="0.000" classname="com.hasbrop2m.security.Packaging">
    <skipped/>
  </testcase> <!-- tcPackaging -->
  <testcase name="tcPackaging" time="0.000" classname="com.hasbrop2m.security.Packaging">
    <skipped/>
  </testcase> <!-- tcPackaging -->
  <testcase name="tcPackaging" time="0.000" classname="com.hasbrop2m.security.Packaging">
    <skipped/>
  </testcase> <!-- tcPackaging -->
  <testcase name="tcPackaging" time="0.000" classname="com.hasbrop2m.security.Packaging">
    <skipped/>
  </testcase> <!-- tcPackaging -->
  <testcase name="tcPackaging" time="0.000" classname="com.hasbrop2m.security.Packaging">
    <skipped/>
  </testcase> <!-- tcPackaging -->
  <testcase name="tcPackaging" time="0.000" classname="com.hasbrop2m.security.Packaging">
    <skipped/>
  </testcase> <!-- tcPackaging -->
  <testcase name="tcPackaging" time="0.000" classname="com.hasbrop2m.security.Packaging">
    <skipped/>
  </testcase> <!-- tcPackaging -->
  <testcase name="tcPackaging" time="0.000" classname="com.hasbrop2m.security.Packaging">
    <skipped/>
  </testcase> <!-- tcPackaging -->
  <testcase name="tcPackaging" time="0.000" classname="com.hasbrop2m.security.Packaging">
    <skipped/>
  </testcase> <!-- tcPackaging -->
  <testcase name="tcPackaging" time="0.000" classname="com.hasbrop2m.security.Packaging">
    <skipped/>
  </testcase> <!-- tcPackaging -->
  <testcase name="tcPackaging" time="0.000" classname="com.hasbrop2m.security.Packaging">
    <skipped/>
  </testcase> <!-- tcPackaging -->
  <testcase name="tcPackaging" time="0.000" classname="com.hasbrop2m.security.Packaging">
    <skipped/>
  </testcase> <!-- tcPackaging -->
  <testcase name="tcPackaging" time="0.000" classname="com.hasbrop2m.security.Packaging">
    <skipped/>
  </testcase> <!-- tcPackaging -->
  <testcase name="tcPackaging" time="0.000" classname="com.hasbrop2m.security.Packaging">
    <skipped/>
  </testcase> <!-- tcPackaging -->
  <testcase name="tcPackaging" time="0.000" classname="com.hasbrop2m.security.Packaging">
    <skipped/>
  </testcase> <!-- tcPackaging -->
  <testcase name="tcPackaging" time="0.000" classname="com.hasbrop2m.security.Packaging">
    <skipped/>
  </testcase> <!-- tcPackaging -->
  <testcase name="tcPackaging" time="0.000" classname="com.hasbrop2m.security.Packaging">
    <skipped/>
  </testcase> <!-- tcPackaging -->
  <testcase name="tcPackaging" time="0.000" classname="com.hasbrop2m.security.Packaging">
    <skipped/>
  </testcase> <!-- tcPackaging -->
  <testcase name="tcPackaging" time="0.000" classname="com.hasbrop2m.security.Packaging">
    <skipped/>
  </testcase> <!-- tcPackaging -->
  <testcase name="tcPackaging" time="0.000" classname="com.hasbrop2m.security.Packaging">
    <skipped/>
  </testcase> <!-- tcPackaging -->
  <testcase name="tcPackaging" time="0.000" classname="com.hasbrop2m.security.Packaging">
    <skipped/>
  </testcase> <!-- tcPackaging -->
  <testcase name="tcPackaging" time="0.000" classname="com.hasbrop2m.security.Packaging">
    <skipped/>
  </testcase> <!-- tcPackaging -->
  <testcase name="tcPackaging" time="0.000" classname="com.hasbrop2m.security.Packaging">
    <skipped/>
  </testcase> <!-- tcPackaging -->
  <testcase name="tcPackaging" time="0.000" classname="com.hasbrop2m.security.Packaging">
    <skipped/>
  </testcase> <!-- tcPackaging -->
  <testcase name="tcPackaging" time="0.000" classname="com.hasbrop2m.security.Packaging">
    <skipped/>
  </testcase> <!-- tcPackaging -->
  <testcase name="tcPackaging" time="0.000" classname="com.hasbrop2m.security.Packaging">
    <skipped/>
  </testcase> <!-- tcPackaging -->
  <testcase name="tcPackaging" time="0.000" classname="com.hasbrop2m.security.Packaging">
    <skipped/>
  </testcase> <!-- tcPackaging -->
  <testcase name="tcPackaging" time="0.000" classname="com.hasbrop2m.security.Packaging">
    <skipped/>
  </testcase> <!-- tcPackaging -->
  <testcase name="tcPackaging" time="0.000" classname="com.hasbrop2m.security.Packaging">
    <skipped/>
  </testcase> <!-- tcPackaging -->
  <testcase name="tcPackaging" time="0.000" classname="com.hasbrop2m.security.Packaging">
    <skipped/>
  </testcase> <!-- tcPackaging -->
  <testcase name="tcPackaging" time="0.000" classname="com.hasbrop2m.security.Packaging">
    <skipped/>
  </testcase> <!-- tcPackaging -->
  <testcase name="tcPackaging" time="0.000" classname="com.hasbrop2m.security.Packaging">
    <skipped/>
  </testcase> <!-- tcPackaging -->
  <testcase name="tcPackaging" time="0.000" classname="com.hasbrop2m.security.Packaging">
    <skipped/>
  </testcase> <!-- tcPackaging -->
  <testcase name="tcPackaging" time="0.000" classname="com.hasbrop2m.security.Packaging">
    <skipped/>
  </testcase> <!-- tcPackaging -->
  <testcase name="tcPackaging" time="0.000" classname="com.hasbrop2m.security.Packaging">
    <skipped/>
  </testcase> <!-- tcPackaging -->
  <testcase name="tcPackaging" time="0.000" classname="com.hasbrop2m.security.Packaging">
    <skipped/>
  </testcase> <!-- tcPackaging -->
  <testcase name="tcPackaging" time="0.000" classname="com.hasbrop2m.security.Packaging">
    <skipped/>
  </testcase> <!-- tcPackaging -->
  <testcase name="tcPackaging" time="0.000" classname="com.hasbrop2m.security.Packaging">
    <skipped/>
  </testcase> <!-- tcPackaging -->
  <testcase name="tcPackaging" time="0.000" classname="com.hasbrop2m.security.Packaging">
    <skipped/>
  </testcase> <!-- tcPackaging -->
  <testcase name="tcPackaging" time="0.000" classname="com.hasbrop2m.security.Packaging">
    <skipped/>
  </testcase> <!-- tcPackaging -->
  <testcase name="tcPackaging" time="0.000" classname="com.hasbrop2m.security.Packaging">
    <skipped/>
  </testcase> <!-- tcPackaging -->
  <testcase name="tcPackaging" time="0.000" classname="com.hasbrop2m.security.Packaging">
    <skipped/>
  </testcase> <!-- tcPackaging -->
  <testcase name="tcPackaging" time="0.000" classname="com.hasbrop2m.security.Packaging">
    <skipped/>
  </testcase> <!-- tcPackaging -->
  <testcase name="tcPackaging" time="0.000" classname="com.hasbrop2m.security.Packaging">
    <skipped/>
  </testcase> <!-- tcPackaging -->
  <testcase name="tcPackaging" time="0.000" classname="com.hasbrop2m.security.Packaging">
    <skipped/>
  </testcase> <!-- tcPackaging -->
  <testcase name="tcPackaging" time="0.000" classname="com.hasbrop2m.security.Packaging">
    <skipped/>
  </testcase> <!-- tcPackaging -->
  <testcase name="tcPackaging" time="0.000" classname="com.hasbrop2m.security.Packaging">
    <skipped/>
  </testcase> <!-- tcPackaging -->
  <testcase name="tcPackaging" time="0.000" classname="com.hasbrop2m.security.Packaging">
    <skipped/>
  </testcase> <!-- tcPackaging -->
  <testcase name="tcPackaging" time="0.000" classname="com.hasbrop2m.security.Packaging">
    <skipped/>
  </testcase> <!-- tcPackaging -->
  <testcase name="tcPackaging" time="0.000" classname="com.hasbrop2m.security.Packaging">
    <skipped/>
  </testcase> <!-- tcPackaging -->
  <testcase name="tcPackaging" time="0.000" classname="com.hasbrop2m.security.Packaging">
    <skipped/>
  </testcase> <!-- tcPackaging -->
  <testcase name="tcPackaging" time="0.000" classname="com.hasbrop2m.security.Packaging">
    <skipped/>
  </testcase> <!-- tcPackaging -->
  <testcase name="tcPackaging" time="0.000" classname="com.hasbrop2m.security.Packaging">
    <skipped/>
  </testcase> <!-- tcPackaging -->
  <testcase name="tcPackaging" time="0.000" classname="com.hasbrop2m.security.Packaging">
    <skipped/>
  </testcase> <!-- tcPackaging -->
  <testcase name="tcPackaging" time="0.000" classname="com.hasbrop2m.security.Packaging">
    <skipped/>
  </testcase> <!-- tcPackaging -->
  <testcase name="tcPackaging" time="0.000" classname="com.hasbrop2m.security.Packaging">
    <skipped/>
  </testcase> <!-- tcPackaging -->
  <testcase name="tcPackaging" time="0.000" classname="com.hasbrop2m.security.Packaging">
    <skipped/>
  </testcase> <!-- tcPackaging -->
  <testcase name="tcPackaging" time="0.000" classname="com.hasbrop2m.security.Packaging">
    <skipped/>
  </testcase> <!-- tcPackaging -->
  <testcase name="tcPackaging" time="0.000" classname="com.hasbrop2m.security.Packaging">
    <skipped/>
  </testcase> <!-- tcPackaging -->
  <testcase name="tcPackaging" time="0.000" classname="com.hasbrop2m.security.Packaging">
    <skipped/>
  </testcase> <!-- tcPackaging -->
  <testcase name="tcPackaging" time="0.000" classname="com.hasbrop2m.security.Packaging">
    <skipped/>
  </testcase> <!-- tcPackaging -->
  <testcase name="tcPackaging" time="0.000" classname="com.hasbrop2m.security.Packaging">
    <skipped/>
  </testcase> <!-- tcPackaging -->
  <testcase name="tcPackaging" time="0.000" classname="com.hasbrop2m.security.Packaging">
    <skipped/>
  </testcase> <!-- tcPackaging -->
  <testcase name="tcPackaging" time="0.000" classname="com.hasbrop2m.security.Packaging">
    <skipped/>
  </testcase> <!-- tcPackaging -->
  <testcase name="tcPackaging" time="0.000" classname="com.hasbrop2m.security.Packaging">
    <skipped/>
  </testcase> <!-- tcPackaging -->
  <testcase name="tcPackaging" time="0.000" classname="com.hasbrop2m.security.Packaging">
    <skipped/>
  </testcase> <!-- tcPackaging -->
  <testcase name="tcPackaging" time="0.000" classname="com.hasbrop2m.security.Packaging">
    <skipped/>
  </testcase> <!-- tcPackaging -->
  <testcase name="tcPackaging" time="0.000" classname="com.hasbrop2m.security.Packaging">
    <skipped/>
  </testcase> <!-- tcPackaging -->
  <testcase name="tcPackaging" time="0.000" classname="com.hasbrop2m.security.Packaging">
    <skipped/>
  </testcase> <!-- tcPackaging -->
  <testcase name="tcPackaging" time="0.000" classname="com.hasbrop2m.security.Packaging">
    <skipped/>
  </testcase> <!-- tcPackaging -->
  <testcase name="tcPackaging" time="0.000" classname="com.hasbrop2m.security.Packaging">
    <skipped/>
  </testcase> <!-- tcPackaging -->
  <testcase name="tcPackaging" time="0.000" classname="com.hasbrop2m.security.Packaging">
    <skipped/>
  </testcase> <!-- tcPackaging -->
  <testcase name="tcPackaging" time="0.000" classname="com.hasbrop2m.security.Packaging">
    <skipped/>
  </testcase> <!-- tcPackaging -->
  <testcase name="tcPackaging" time="0.000" classname="com.hasbrop2m.security.Packaging">
    <skipped/>
  </testcase> <!-- tcPackaging -->
  <testcase name="tcPackaging" time="0.000" classname="com.hasbrop2m.security.Packaging">
    <skipped/>
  </testcase> <!-- tcPackaging -->
  <testcase name="tcPackaging" time="0.000" classname="com.hasbrop2m.security.Packaging">
    <skipped/>
  </testcase> <!-- tcPackaging -->
  <testcase name="tcPackaging" time="0.000" classname="com.hasbrop2m.security.Packaging">
    <skipped/>
  </testcase> <!-- tcPackaging -->
  <testcase name="tcPackaging" time="0.000" classname="com.hasbrop2m.security.Packaging">
    <skipped/>
  </testcase> <!-- tcPackaging -->
  <testcase name="tcPackaging" time="0.000" classname="com.hasbrop2m.security.Packaging">
    <skipped/>
  </testcase> <!-- tcPackaging -->
  <testcase name="tcPackaging" time="0.000" classname="com.hasbrop2m.security.Packaging">
    <skipped/>
  </testcase> <!-- tcPackaging -->
  <testcase name="tcPackaging" time="0.000" classname="com.hasbrop2m.security.Packaging">
    <skipped/>
  </testcase> <!-- tcPackaging -->
  <testcase name="tcPackaging" time="0.000" classname="com.hasbrop2m.security.Packaging">
    <skipped/>
  </testcase> <!-- tcPackaging -->
  <testcase name="tcPackaging" time="0.000" classname="com.hasbrop2m.security.Packaging">
    <skipped/>
  </testcase> <!-- tcPackaging -->
  <testcase name="tcPackaging" time="0.000" classname="com.hasbrop2m.security.Packaging">
    <skipped/>
  </testcase> <!-- tcPackaging -->
  <testcase name="tcPackaging" time="0.000" classname="com.hasbrop2m.security.Packaging">
    <skipped/>
  </testcase> <!-- tcPackaging -->
  <testcase name="tcPackaging" time="0.000" classname="com.hasbrop2m.security.Packaging">
    <skipped/>
  </testcase> <!-- tcPackaging -->
  <testcase name="tcPackaging" time="0.000" classname="com.hasbrop2m.security.Packaging">
    <skipped/>
  </testcase> <!-- tcPackaging -->
  <testcase name="tcPackaging" time="0.000" classname="com.hasbrop2m.security.Packaging">
    <skipped/>
  </testcase> <!-- tcPackaging -->
  <testcase name="tcPackaging" time="0.000" classname="com.hasbrop2m.security.Packaging">
    <skipped/>
  </testcase> <!-- tcPackaging -->
  <testcase name="tcPackaging" time="0.000" classname="com.hasbrop2m.security.Packaging">
    <skipped/>
  </testcase> <!-- tcPackaging -->
  <testcase name="tcPackaging" time="0.000" classname="com.hasbrop2m.security.Packaging">
    <skipped/>
  </testcase> <!-- tcPackaging -->
  <testcase name="tcPackaging" time="0.000" classname="com.hasbrop2m.security.Packaging">
    <skipped/>
  </testcase> <!-- tcPackaging -->
  <testcase name="tcPackaging" time="0.000" classname="com.hasbrop2m.security.Packaging">
    <skipped/>
  </testcase> <!-- tcPackaging -->
  <testcase name="tcPackaging" time="0.000" classname="com.hasbrop2m.security.Packaging">
    <skipped/>
  </testcase> <!-- tcPackaging -->
  <testcase name="tcPackaging" time="0.000" classname="com.hasbrop2m.security.Packaging">
    <skipped/>
  </testcase> <!-- tcPackaging -->
  <testcase name="tcPackaging" time="0.000" classname="com.hasbrop2m.security.Packaging">
    <skipped/>
  </testcase> <!-- tcPackaging -->
  <testcase name="tcPackaging" time="0.000" classname="com.hasbrop2m.security.Packaging">
    <skipped/>
  </testcase> <!-- tcPackaging -->
  <testcase name="tcPackaging" time="0.000" classname="com.hasbrop2m.security.Packaging">
    <skipped/>
  </testcase> <!-- tcPackaging -->
  <testcase name="tcPackaging" time="0.000" classname="com.hasbrop2m.security.Packaging">
    <skipped/>
  </testcase> <!-- tcPackaging -->
  <testcase name="tcPackaging" time="0.000" classname="com.hasbrop2m.security.Packaging">
    <skipped/>
  </testcase> <!-- tcPackaging -->
  <testcase name="tcPackaging" time="0.000" classname="com.hasbrop2m.security.Packaging">
    <skipped/>
  </testcase> <!-- tcPackaging -->
  <testcase name="tcPackaging" time="0.000" classname="com.hasbrop2m.security.Packaging">
    <skipped/>
  </testcase> <!-- tcPackaging -->
  <testcase name="tcPackaging" time="0.000" classname="com.hasbrop2m.security.Packaging">
    <skipped/>
  </testcase> <!-- tcPackaging -->
  <testcase name="tcPackaging" time="0.000" classname="com.hasbrop2m.security.Packaging">
    <skipped/>
  </testcase> <!-- tcPackaging -->
  <testcase name="tcPackaging" time="0.000" classname="com.hasbrop2m.security.Packaging">
    <skipped/>
  </testcase> <!-- tcPackaging -->
  <testcase name="tcPackaging" time="0.000" classname="com.hasbrop2m.security.Packaging">
    <skipped/>
  </testcase> <!-- tcPackaging -->
  <testcase name="tcPackaging" time="0.000" classname="com.hasbrop2m.security.Packaging">
    <skipped/>
  </testcase> <!-- tcPackaging -->
  <testcase name="tcPackaging" time="0.000" classname="com.hasbrop2m.security.Packaging">
    <skipped/>
  </testcase> <!-- tcPackaging -->
  <testcase name="tcPackaging" time="0.000" classname="com.hasbrop2m.security.Packaging">
    <skipped/>
  </testcase> <!-- tcPackaging -->
  <testcase name="tcPackaging" time="0.000" classname="com.hasbrop2m.security.Packaging">
    <skipped/>
  </testcase> <!-- tcPackaging -->
  <testcase name="tcPackaging" time="0.000" classname="com.hasbrop2m.security.Packaging">
    <skipped/>
  </testcase> <!-- tcPackaging -->
  <testcase name="tcPackaging" time="0.000" classname="com.hasbrop2m.security.Packaging">
    <skipped/>
  </testcase> <!-- tcPackaging -->
  <testcase name="tcPackaging" time="0.000" classname="com.hasbrop2m.security.Packaging">
    <skipped/>
  </testcase> <!-- tcPackaging -->
  <testcase name="tcPackaging" time="0.000" classname="com.hasbrop2m.security.Packaging">
    <skipped/>
  </testcase> <!-- tcPackaging -->
  <testcase name="tcPackaging" time="0.000" classname="com.hasbrop2m.security.Packaging">
    <skipped/>
  </testcase> <!-- tcPackaging -->
  <testcase name="tcPackaging" time="0.000" classname="com.hasbrop2m.security.Packaging">
    <skipped/>
  </testcase> <!-- tcPackaging -->
  <testcase name="tcPackaging" time="0.000" classname="com.hasbrop2m.security.Packaging">
    <skipped/>
  </testcase> <!-- tcPackaging -->
  <testcase name="tcPackaging" time="0.000" classname="com.hasbrop2m.security.Packaging">
    <skipped/>
  </testcase> <!-- tcPackaging -->
  <testcase name="tcPackaging" time="0.000" classname="com.hasbrop2m.security.Packaging">
    <skipped/>
  </testcase> <!-- tcPackaging -->
  <testcase name="tcPackaging" time="0.000" classname="com.hasbrop2m.security.Packaging">
    <skipped/>
  </testcase> <!-- tcPackaging -->
  <testcase name="tcPackaging" time="0.000" classname="com.hasbrop2m.security.Packaging">
    <skipped/>
  </testcase> <!-- tcPackaging -->
  <testcase name="tcPackaging" time="0.000" classname="com.hasbrop2m.security.Packaging">
    <skipped/>
  </testcase> <!-- tcPackaging -->
  <testcase name="tcPackaging" time="0.000" classname="com.hasbrop2m.security.Packaging">
    <skipped/>
  </testcase> <!-- tcPackaging -->
  <testcase name="tcPackaging" time="0.000" classname="com.hasbrop2m.security.Packaging">
    <skipped/>
  </testcase> <!-- tcPackaging -->
  <testcase name="tcPackaging" time="0.000" classname="com.hasbrop2m.security.Packaging">
    <skipped/>
  </testcase> <!-- tcPackaging -->
  <testcase name="tcPackaging" time="0.000" classname="com.hasbrop2m.security.Packaging">
    <skipped/>
  </testcase> <!-- tcPackaging -->
  <testcase name="tcPackaging" time="0.000" classname="com.hasbrop2m.security.Packaging">
    <skipped/>
  </testcase> <!-- tcPackaging -->
  <testcase name="tcPackaging" time="0.000" classname="com.hasbrop2m.security.Packaging">
    <skipped/>
  </testcase> <!-- tcPackaging -->
  <testcase name="tcPackaging" time="0.000" classname="com.hasbrop2m.security.Packaging">
    <skipped/>
  </testcase> <!-- tcPackaging -->
  <testcase name="tcPackaging" time="0.000" classname="com.hasbrop2m.security.Packaging">
    <skipped/>
  </testcase> <!-- tcPackaging -->
  <testcase name="tcPackaging" time="0.000" classname="com.hasbrop2m.security.Packaging">
    <skipped/>
  </testcase> <!-- tcPackaging -->
  <testcase name="tcPackaging" time="0.000" classname="com.hasbrop2m.security.Packaging">
    <skipped/>
  </testcase> <!-- tcPackaging -->
  <testcase name="tcPackaging" time="0.000" classname="com.hasbrop2m.security.Packaging">
    <skipped/>
  </testcase> <!-- tcPackaging -->
  <testcase name="tcPackaging" time="0.000" classname="com.hasbrop2m.security.Packaging">
    <skipped/>
  </testcase> <!-- tcPackaging -->
  <testcase name="tcPackaging" time="0.000" classname="com.hasbrop2m.security.Packaging">
    <skipped/>
  </testcase> <!-- tcPackaging -->
  <testcase name="tcPackaging" time="0.000" classname="com.hasbrop2m.security.Packaging">
    <skipped/>
  </testcase> <!-- tcPackaging -->
  <testcase name="tcPackaging" time="0.000" classname="com.hasbrop2m.security.Packaging">
    <skipped/>
  </testcase> <!-- tcPackaging -->
  <testcase name="tcPackaging" time="0.000" classname="com.hasbrop2m.security.Packaging">
    <skipped/>
  </testcase> <!-- tcPackaging -->
  <testcase name="tcPackaging" time="0.000" classname="com.hasbrop2m.security.Packaging">
    <skipped/>
  </testcase> <!-- tcPackaging -->
  <testcase name="tcPackaging" time="0.000" classname="com.hasbrop2m.security.Packaging">
    <skipped/>
  </testcase> <!-- tcPackaging -->
  <testcase name="tcPackaging" time="0.000" classname="com.hasbrop2m.security.Packaging">
    <skipped/>
  </testcase> <!-- tcPackaging -->
  <testcase name="tcPackaging" time="0.000" classname="com.hasbrop2m.security.Packaging">
    <skipped/>
  </testcase> <!-- tcPackaging -->
  <testcase name="tcPackaging" time="0.000" classname="com.hasbrop2m.security.Packaging">
    <skipped/>
  </testcase> <!-- tcPackaging -->
  <testcase name="tcPackaging" time="0.000" classname="com.hasbrop2m.security.Packaging">
    <skipped/>
  </testcase> <!-- tcPackaging -->
  <testcase name="tcPackaging" time="0.000" classname="com.hasbrop2m.security.Packaging">
    <skipped/>
  </testcase> <!-- tcPackaging -->
  <testcase name="tcPackaging" time="0.000" classname="com.hasbrop2m.security.Packaging">
    <skipped/>
  </testcase> <!-- tcPackaging -->
  <testcase name="tcPackaging" time="0.000" classname="com.hasbrop2m.security.Packaging">
    <skipped/>
  </testcase> <!-- tcPackaging -->
  <testcase name="tcPackaging" time="0.000" classname="com.hasbrop2m.security.Packaging">
    <skipped/>
  </testcase> <!-- tcPackaging -->
  <testcase name="tcPackaging" time="0.000" classname="com.hasbrop2m.security.Packaging">
    <skipped/>
  </testcase> <!-- tcPackaging -->
  <testcase name="tcPackaging" time="0.000" classname="com.hasbrop2m.security.Packaging">
    <skipped/>
  </testcase> <!-- tcPackaging -->
  <testcase name="tcPackaging" time="0.000" classname="com.hasbrop2m.security.Packaging">
    <skipped/>
  </testcase> <!-- tcPackaging -->
  <testcase name="tcPackaging" time="0.000" classname="com.hasbrop2m.security.Packaging">
    <skipped/>
  </testcase> <!-- tcPackaging -->
  <testcase name="tcPackaging" time="0.000" classname="com.hasbrop2m.security.Packaging">
    <skipped/>
  </testcase> <!-- tcPackaging -->
  <testcase name="tcPackaging" time="0.000" classname="com.hasbrop2m.security.Packaging">
    <skipped/>
  </testcase> <!-- tcPackaging -->
  <testcase name="tcPackaging" time="0.000" classname="com.hasbrop2m.security.Packaging">
    <skipped/>
  </testcase> <!-- tcPackaging -->
  <testcase name="tcPackaging" time="0.000" classname="com.hasbrop2m.security.Packaging">
    <skipped/>
  </testcase> <!-- tcPackaging -->
  <testcase name="tcPackaging" time="0.000" classname="com.hasbrop2m.security.Packaging">
    <skipped/>
  </testcase> <!-- tcPackaging -->
  <testcase name="tcPackaging" time="0.000" classname="com.hasbrop2m.security.Packaging">
    <skipped/>
  </testcase> <!-- tcPackaging -->
  <testcase name="tcPackaging" time="0.000" classname="com.hasbrop2m.security.Packaging">
    <skipped/>
  </testcase> <!-- tcPackaging -->
  <testcase name="tcPackaging" time="0.000" classname="com.hasbrop2m.security.Packaging">
    <skipped/>
  </testcase> <!-- tcPackaging -->
  <testcase name="tcPackaging" time="0.000" classname="com.hasbrop2m.security.Packaging">
    <skipped/>
  </testcase> <!-- tcPackaging -->
  <testcase name="tcPackaging" time="0.000" classname="com.hasbrop2m.security.Packaging">
    <skipped/>
  </testcase> <!-- tcPackaging -->
  <testcase name="tcPackaging" time="0.000" classname="com.hasbrop2m.security.Packaging">
    <skipped/>
  </testcase> <!-- tcPackaging -->
  <testcase name="tcPackaging" time="0.000" classname="com.hasbrop2m.security.Packaging">
    <skipped/>
  </testcase> <!-- tcPackaging -->
  <testcase name="tcPackaging" time="0.000" classname="com.hasbrop2m.security.Packaging">
    <skipped/>
  </testcase> <!-- tcPackaging -->
  <testcase name="tcPackaging" time="0.000" classname="com.hasbrop2m.security.Packaging">
    <skipped/>
  </testcase> <!-- tcPackaging -->
  <testcase name="tcPackaging" time="0.000" classname="com.hasbrop2m.security.Packaging">
    <skipped/>
  </testcase> <!-- tcPackaging -->
  <testcase name="tcPackaging" time="0.000" classname="com.hasbrop2m.security.Packaging">
    <skipped/>
  </testcase> <!-- tcPackaging -->
  <testcase name="tcPackaging" time="0.000" classname="com.hasbrop2m.security.Packaging">
    <skipped/>
  </testcase> <!-- tcPackaging -->
  <testcase name="tcPackaging" time="0.000" classname="com.hasbrop2m.security.Packaging">
    <skipped/>
  </testcase> <!-- tcPackaging -->
  <testcase name="tcPackaging" time="0.000" classname="com.hasbrop2m.security.Packaging">
    <skipped/>
  </testcase> <!-- tcPackaging -->
  <testcase name="tcPackaging" time="0.000" classname="com.hasbrop2m.security.Packaging">
    <skipped/>
  </testcase> <!-- tcPackaging -->
  <testcase name="tcPackaging" time="0.000" classname="com.hasbrop2m.security.Packaging">
    <skipped/>
  </testcase> <!-- tcPackaging -->
  <testcase name="tcPackaging" time="0.000" classname="com.hasbrop2m.security.Packaging">
    <skipped/>
  </testcase> <!-- tcPackaging -->
  <testcase name="tcPackaging" time="0.000" classname="com.hasbrop2m.security.Packaging">
    <skipped/>
  </testcase> <!-- tcPackaging -->
  <testcase name="tcPackaging" time="0.000" classname="com.hasbrop2m.security.Packaging">
    <skipped/>
  </testcase> <!-- tcPackaging -->
  <testcase name="tcPackaging" time="0.000" classname="com.hasbrop2m.security.Packaging">
    <skipped/>
  </testcase> <!-- tcPackaging -->
  <testcase name="tcPackaging" time="0.000" classname="com.hasbrop2m.security.Packaging">
    <skipped/>
  </testcase> <!-- tcPackaging -->
  <testcase name="tcPackaging" time="0.000" classname="com.hasbrop2m.security.Packaging">
    <skipped/>
  </testcase> <!-- tcPackaging -->
  <testcase name="tcPackaging" time="0.000" classname="com.hasbrop2m.security.Packaging">
    <skipped/>
  </testcase> <!-- tcPackaging -->
  <testcase name="tcPackaging" time="0.000" classname="com.hasbrop2m.security.Packaging">
    <skipped/>
  </testcase> <!-- tcPackaging -->
  <testcase name="tcPackaging" time="0.000" classname="com.hasbrop2m.security.Packaging">
    <skipped/>
  </testcase> <!-- tcPackaging -->
  <testcase name="tcPackaging" time="0.000" classname="com.hasbrop2m.security.Packaging">
    <skipped/>
  </testcase> <!-- tcPackaging -->
  <testcase name="tcPackaging" time="0.000" classname="com.hasbrop2m.security.Packaging">
    <skipped/>
  </testcase> <!-- tcPackaging -->
  <testcase name="tcPackaging" time="0.000" classname="com.hasbrop2m.security.Packaging">
    <skipped/>
  </testcase> <!-- tcPackaging -->
  <testcase name="tcPackaging" time="0.000" classname="com.hasbrop2m.security.Packaging">
    <skipped/>
  </testcase> <!-- tcPackaging -->
  <testcase name="tcPackaging" time="0.000" classname="com.hasbrop2m.security.Packaging">
    <skipped/>
  </testcase> <!-- tcPackaging -->
  <testcase name="tcPackaging" time="0.000" classname="com.hasbrop2m.security.Packaging">
    <skipped/>
  </testcase> <!-- tcPackaging -->
  <testcase name="tcPackaging" time="0.000" classname="com.hasbrop2m.security.Packaging">
    <skipped/>
  </testcase> <!-- tcPackaging -->
  <testcase name="tcPackaging" time="0.000" classname="com.hasbrop2m.security.Packaging">
    <skipped/>
  </testcase> <!-- tcPackaging -->
  <testcase name="tcPackaging" time="0.000" classname="com.hasbrop2m.security.Packaging">
    <skipped/>
  </testcase> <!-- tcPackaging -->
  <testcase name="tcPackaging" time="0.000" classname="com.hasbrop2m.security.Packaging">
    <skipped/>
  </testcase> <!-- tcPackaging -->
  <testcase name="tcPackaging" time="0.000" classname="com.hasbrop2m.security.Packaging">
    <skipped/>
  </testcase> <!-- tcPackaging -->
  <testcase name="tcPackaging" time="0.000" classname="com.hasbrop2m.security.Packaging">
    <skipped/>
  </testcase> <!-- tcPackaging -->
  <testcase name="tcPackaging" time="0.000" classname="com.hasbrop2m.security.Packaging">
    <skipped/>
  </testcase> <!-- tcPackaging -->
  <testcase name="tcPackaging" time="0.000" classname="com.hasbrop2m.security.Packaging">
    <skipped/>
  </testcase> <!-- tcPackaging -->
  <testcase name="tcPackaging" time="0.000" classname="com.hasbrop2m.security.Packaging">
    <skipped/>
  </testcase> <!-- tcPackaging -->
  <testcase name="tcPackaging" time="0.000" classname="com.hasbrop2m.security.Packaging">
    <skipped/>
  </testcase> <!-- tcPackaging -->
  <testcase name="tcPackaging" time="0.000" classname="com.hasbrop2m.security.Packaging">
    <skipped/>
  </testcase> <!-- tcPackaging -->
  <testcase name="tcPackaging" time="0.000" classname="com.hasbrop2m.security.Packaging">
    <skipped/>
  </testcase> <!-- tcPackaging -->
  <testcase name="tcPackaging" time="0.000" classname="com.hasbrop2m.security.Packaging">
    <skipped/>
  </testcase> <!-- tcPackaging -->
  <testcase name="tcPackaging" time="0.000" classname="com.hasbrop2m.security.Packaging">
    <skipped/>
  </testcase> <!-- tcPackaging -->
  <testcase name="tcPackaging" time="0.000" classname="com.hasbrop2m.security.Packaging">
    <skipped/>
  </testcase> <!-- tcPackaging -->
  <testcase name="tcPackaging" time="0.000" classname="com.hasbrop2m.security.Packaging">
    <skipped/>
  </testcase> <!-- tcPackaging -->
  <testcase name="tcPackaging" time="0.000" classname="com.hasbrop2m.security.Packaging">
    <skipped/>
  </testcase> <!-- tcPackaging -->
  <testcase name="tcPackaging" time="0.000" classname="com.hasbrop2m.security.Packaging">
    <skipped/>
  </testcase> <!-- tcPackaging -->
  <testcase name="tcPackaging" time="0.000" classname="com.hasbrop2m.security.Packaging">
    <skipped/>
  </testcase> <!-- tcPackaging -->
  <testcase name="tcPackaging" time="0.000" classname="com.hasbrop2m.security.Packaging">
    <skipped/>
  </testcase> <!-- tcPackaging -->
  <testcase name="tcPackaging" time="0.000" classname="com.hasbrop2m.security.Packaging">
    <skipped/>
  </testcase> <!-- tcPackaging -->
  <testcase name="tcPackaging" time="0.000" classname="com.hasbrop2m.security.Packaging">
    <skipped/>
  </testcase> <!-- tcPackaging -->
  <testcase name="tcPackaging" time="0.000" classname="com.hasbrop2m.security.Packaging">
    <skipped/>
  </testcase> <!-- tcPackaging -->
  <testcase name="tcPackaging" time="0.000" classname="com.hasbrop2m.security.Packaging">
    <skipped/>
  </testcase> <!-- tcPackaging -->
  <testcase name="tcPackaging" time="0.000" classname="com.hasbrop2m.security.Packaging">
    <skipped/>
  </testcase> <!-- tcPackaging -->
  <testcase name="tcPackaging" time="0.000" classname="com.hasbrop2m.security.Packaging">
    <skipped/>
  </testcase> <!-- tcPackaging -->
  <testcase name="tcPackaging" time="0.000" classname="com.hasbrop2m.security.Packaging">
    <skipped/>
  </testcase> <!-- tcPackaging -->
  <testcase name="tcPackaging" time="0.000" classname="com.hasbrop2m.security.Packaging">
    <skipped/>
  </testcase> <!-- tcPackaging -->
  <testcase name="tcPackaging" time="0.000" classname="com.hasbrop2m.security.Packaging">
    <skipped/>
  </testcase> <!-- tcPackaging -->
  <testcase name="tcPackaging" time="0.000" classname="com.hasbrop2m.security.Packaging">
    <skipped/>
  </testcase> <!-- tcPackaging -->
  <testcase name="tcPackaging" time="0.000" classname="com.hasbrop2m.security.Packaging">
    <skipped/>
  </testcase> <!-- tcPackaging -->
  <testcase name="tcPackaging" time="0.000" classname="com.hasbrop2m.security.Packaging">
    <skipped/>
  </testcase> <!-- tcPackaging -->
  <testcase name="tcPackaging" time="0.000" classname="com.hasbrop2m.security.Packaging">
    <skipped/>
  </testcase> <!-- tcPackaging -->
  <testcase name="tcPackaging" time="0.000" classname="com.hasbrop2m.security.Packaging">
    <skipped/>
  </testcase> <!-- tcPackaging -->
  <testcase name="tcPackaging" time="0.000" classname="com.hasbrop2m.security.Packaging">
    <skipped/>
  </testcase> <!-- tcPackaging -->
  <testcase name="tcPackaging" time="0.000" classname="com.hasbrop2m.security.Packaging">
    <skipped/>
  </testcase> <!-- tcPackaging -->
  <testcase name="tcPackaging" time="0.000" classname="com.hasbrop2m.security.Packaging">
    <skipped/>
  </testcase> <!-- tcPackaging -->
  <testcase name="tcPackaging" time="0.000" classname="com.hasbrop2m.security.Packaging">
    <skipped/>
  </testcase> <!-- tcPackaging -->
  <testcase name="tcPackaging" time="0.000" classname="com.hasbrop2m.security.Packaging">
    <skipped/>
  </testcase> <!-- tcPackaging -->
  <testcase name="tcPackaging" time="0.000" classname="com.hasbrop2m.security.Packaging">
    <skipped/>
  </testcase> <!-- tcPackaging -->
  <testcase name="tcPackaging" time="0.000" classname="com.hasbrop2m.security.Packaging">
    <skipped/>
  </testcase> <!-- tcPackaging -->
  <testcase name="tcPackaging" time="0.000" classname="com.hasbrop2m.security.Packaging">
    <skipped/>
  </testcase> <!-- tcPackaging -->
  <testcase name="tcPackaging" time="0.000" classname="com.hasbrop2m.security.Packaging">
    <skipped/>
  </testcase> <!-- tcPackaging -->
  <testcase name="tcPackaging" time="0.000" classname="com.hasbrop2m.security.Packaging">
    <skipped/>
  </testcase> <!-- tcPackaging -->
  <testcase name="tcPackaging" time="0.000" classname="com.hasbrop2m.security.Packaging">
    <skipped/>
  </testcase> <!-- tcPackaging -->
  <testcase name="tcPackaging" time="0.000" classname="com.hasbrop2m.security.Packaging">
    <skipped/>
  </testcase> <!-- tcPackaging -->
  <testcase name="tcPackaging" time="0.000" classname="com.hasbrop2m.security.Packaging">
    <skipped/>
  </testcase> <!-- tcPackaging -->
  <testcase name="tcPackaging" time="0.000" classname="com.hasbrop2m.security.Packaging">
    <skipped/>
  </testcase> <!-- tcPackaging -->
  <testcase name="tcPackaging" time="0.000" classname="com.hasbrop2m.security.Packaging">
    <skipped/>
  </testcase> <!-- tcPackaging -->
  <testcase name="tcPackaging" time="0.000" classname="com.hasbrop2m.security.Packaging">
    <skipped/>
  </testcase> <!-- tcPackaging -->
  <testcase name="tcPackaging" time="0.000" classname="com.hasbrop2m.security.Packaging">
    <skipped/>
  </testcase> <!-- tcPackaging -->
  <testcase name="tcPackaging" time="0.000" classname="com.hasbrop2m.security.Packaging">
    <skipped/>
  </testcase> <!-- tcPackaging -->
  <testcase name="tcPackaging" time="0.000" classname="com.hasbrop2m.security.Packaging">
    <skipped/>
  </testcase> <!-- tcPackaging -->
  <testcase name="tcPackaging" time="0.000" classname="com.hasbrop2m.security.Packaging">
    <skipped/>
  </testcase> <!-- tcPackaging -->
  <testcase name="tcPackaging" time="0.000" classname="com.hasbrop2m.security.Packaging">
    <skipped/>
  </testcase> <!-- tcPackaging -->
  <testcase name="tcPackaging" time="0.000" classname="com.hasbrop2m.security.Packaging">
    <skipped/>
  </testcase> <!-- tcPackaging -->
  <testcase name="tcPackaging" time="0.000" classname="com.hasbrop2m.security.Packaging">
    <skipped/>
  </testcase> <!-- tcPackaging -->
  <testcase name="tcPackaging" time="0.000" classname="com.hasbrop2m.security.Packaging">
    <skipped/>
  </testcase> <!-- tcPackaging -->
  <testcase name="tcPackaging" time="0.000" classname="com.hasbrop2m.security.Packaging">
    <skipped/>
  </testcase> <!-- tcPackaging -->
  <testcase name="tcPackaging" time="0.000" classname="com.hasbrop2m.security.Packaging">
    <skipped/>
  </testcase> <!-- tcPackaging -->
  <testcase name="tcPackaging" time="0.000" classname="com.hasbrop2m.security.Packaging">
    <skipped/>
  </testcase> <!-- tcPackaging -->
  <testcase name="tcPackaging" time="0.000" classname="com.hasbrop2m.security.Packaging">
    <skipped/>
  </testcase> <!-- tcPackaging -->
  <testcase name="tcPackaging" time="0.000" classname="com.hasbrop2m.security.Packaging">
    <skipped/>
  </testcase> <!-- tcPackaging -->
  <testcase name="tcPackaging" time="0.000" classname="com.hasbrop2m.security.Packaging">
    <skipped/>
  </testcase> <!-- tcPackaging -->
  <testcase name="tcPackaging" time="0.000" classname="com.hasbrop2m.security.Packaging">
    <skipped/>
  </testcase> <!-- tcPackaging -->
  <testcase name="tcPackaging" time="0.000" classname="com.hasbrop2m.security.Packaging">
    <skipped/>
  </testcase> <!-- tcPackaging -->
  <testcase name="tcPackaging" time="0.000" classname="com.hasbrop2m.security.Packaging">
    <skipped/>
  </testcase> <!-- tcPackaging -->
  <testcase name="tcPackaging" time="0.000" classname="com.hasbrop2m.security.Packaging">
    <skipped/>
  </testcase> <!-- tcPackaging -->
  <testcase name="tcPackaging" time="0.000" classname="com.hasbrop2m.security.Packaging">
    <skipped/>
  </testcase> <!-- tcPackaging -->
  <testcase name="tcPackaging" time="0.000" classname="com.hasbrop2m.security.Packaging">
    <skipped/>
  </testcase> <!-- tcPackaging -->
  <testcase name="tcPackaging" time="0.000" classname="com.hasbrop2m.security.Packaging">
    <skipped/>
  </testcase> <!-- tcPackaging -->
  <testcase name="tcPackaging" time="0.000" classname="com.hasbrop2m.security.Packaging">
    <skipped/>
  </testcase> <!-- tcPackaging -->
  <testcase name="tcPackaging" time="0.000" classname="com.hasbrop2m.security.Packaging">
    <skipped/>
  </testcase> <!-- tcPackaging -->
  <testcase name="tcPackaging" time="0.000" classname="com.hasbrop2m.security.Packaging">
    <skipped/>
  </testcase> <!-- tcPackaging -->
  <testcase name="tcPackaging" time="0.000" classname="com.hasbrop2m.security.Packaging">
    <skipped/>
  </testcase> <!-- tcPackaging -->
  <testcase name="tcPackaging" time="0.000" classname="com.hasbrop2m.security.Packaging">
    <skipped/>
  </testcase> <!-- tcPackaging -->
  <testcase name="tcPackaging" time="0.000" classname="com.hasbrop2m.security.Packaging">
    <skipped/>
  </testcase> <!-- tcPackaging -->
  <testcase name="tcPackaging" time="0.000" classname="com.hasbrop2m.security.Packaging">
    <skipped/>
  </testcase> <!-- tcPackaging -->
  <testcase name="tcPackaging" time="0.000" classname="com.hasbrop2m.security.Packaging">
    <skipped/>
  </testcase> <!-- tcPackaging -->
  <testcase name="tcPackaging" time="0.000" classname="com.hasbrop2m.security.Packaging">
    <skipped/>
  </testcase> <!-- tcPackaging -->
  <testcase name="tcPackaging" time="0.000" classname="com.hasbrop2m.security.Packaging">
    <skipped/>
  </testcase> <!-- tcPackaging -->
  <testcase name="tcPackaging" time="0.000" classname="com.hasbrop2m.security.Packaging">
    <skipped/>
  </testcase> <!-- tcPackaging -->
  <testcase name="tcPackaging" time="0.000" classname="com.hasbrop2m.security.Packaging">
    <skipped/>
  </testcase> <!-- tcPackaging -->
  <testcase name="tcPackaging" time="0.000" classname="com.hasbrop2m.security.Packaging">
    <skipped/>
  </testcase> <!-- tcPackaging -->
  <testcase name="tcPackaging" time="0.000" classname="com.hasbrop2m.security.Packaging">
    <skipped/>
  </testcase> <!-- tcPackaging -->
  <testcase name="tcPackaging" time="0.000" classname="com.hasbrop2m.security.Packaging">
    <skipped/>
  </testcase> <!-- tcPackaging -->
  <testcase name="tcPackaging" time="0.000" classname="com.hasbrop2m.security.Packaging">
    <skipped/>
  </testcase> <!-- tcPackaging -->
  <testcase name="tcPackaging" time="0.000" classname="com.hasbrop2m.security.Packaging">
    <skipped/>
  </testcase> <!-- tcPackaging -->
  <testcase name="tcPackaging" time="0.000" classname="com.hasbrop2m.security.Packaging">
    <skipped/>
  </testcase> <!-- tcPackaging -->
  <testcase name="tcPackaging" time="0.000" classname="com.hasbrop2m.security.Packaging">
    <skipped/>
  </testcase> <!-- tcPackaging -->
  <testcase name="tcPackaging" time="0.000" classname="com.hasbrop2m.security.Packaging">
    <skipped/>
  </testcase> <!-- tcPackaging -->
  <testcase name="tcPackaging" time="0.000" classname="com.hasbrop2m.security.Packaging">
    <skipped/>
  </testcase> <!-- tcPackaging -->
  <testcase name="tcPackaging" time="0.000" classname="com.hasbrop2m.security.Packaging">
    <skipped/>
  </testcase> <!-- tcPackaging -->
  <testcase name="tcPackaging" time="0.000" classname="com.hasbrop2m.security.Packaging">
    <skipped/>
  </testcase> <!-- tcPackaging -->
  <testcase name="tcPackaging" time="0.000" classname="com.hasbrop2m.security.Packaging">
    <skipped/>
  </testcase> <!-- tcPackaging -->
  <testcase name="tcPackaging" time="0.000" classname="com.hasbrop2m.security.Packaging">
    <skipped/>
  </testcase> <!-- tcPackaging -->
  <testcase name="tcPackaging" time="0.000" classname="com.hasbrop2m.security.Packaging">
    <skipped/>
  </testcase> <!-- tcPackaging -->
  <testcase name="tcPackaging" time="0.000" classname="com.hasbrop2m.security.Packaging">
    <skipped/>
  </testcase> <!-- tcPackaging -->
  <testcase name="tcPackaging" time="0.000" classname="com.hasbrop2m.security.Packaging">
    <skipped/>
  </testcase> <!-- tcPackaging -->
  <testcase name="tcPackaging" time="0.000" classname="com.hasbrop2m.security.Packaging">
    <skipped/>
  </testcase> <!-- tcPackaging -->
  <testcase name="tcPackaging" time="0.000" classname="com.hasbrop2m.security.Packaging">
    <skipped/>
  </testcase> <!-- tcPackaging -->
  <testcase name="tcPackaging" time="0.000" classname="com.hasbrop2m.security.Packaging">
    <skipped/>
  </testcase> <!-- tcPackaging -->
  <testcase name="tcPackaging" time="0.000" classname="com.hasbrop2m.security.Packaging">
    <skipped/>
  </testcase> <!-- tcPackaging -->
  <testcase name="tcPackaging" time="0.000" classname="com.hasbrop2m.security.Packaging">
    <skipped/>
  </testcase> <!-- tcPackaging -->
  <testcase name="tcPackaging" time="0.000" classname="com.hasbrop2m.security.Packaging">
    <skipped/>
  </testcase> <!-- tcPackaging -->
  <testcase name="tcPackaging" time="0.000" classname="com.hasbrop2m.security.Packaging">
    <skipped/>
  </testcase> <!-- tcPackaging -->
  <testcase name="tcPackaging" time="0.000" classname="com.hasbrop2m.security.Packaging">
    <skipped/>
  </testcase> <!-- tcPackaging -->
  <testcase name="tcPackaging" time="0.000" classname="com.hasbrop2m.security.Packaging">
    <skipped/>
  </testcase> <!-- tcPackaging -->
  <testcase name="tcPackaging" time="0.000" classname="com.hasbrop2m.security.Packaging">
    <skipped/>
  </testcase> <!-- tcPackaging -->
  <testcase name="tcPackaging" time="0.000" classname="com.hasbrop2m.security.Packaging">
    <skipped/>
  </testcase> <!-- tcPackaging -->
  <testcase name="tcPackaging" time="0.000" classname="com.hasbrop2m.security.Packaging">
    <skipped/>
  </testcase> <!-- tcPackaging -->
  <testcase name="tcPackaging" time="0.000" classname="com.hasbrop2m.security.Packaging">
    <skipped/>
  </testcase> <!-- tcPackaging -->
  <testcase name="tcPackaging" time="0.000" classname="com.hasbrop2m.security.Packaging">
    <skipped/>
  </testcase> <!-- tcPackaging -->
  <testcase name="tcPackaging" time="0.000" classname="com.hasbrop2m.security.Packaging">
    <skipped/>
  </testcase> <!-- tcPackaging -->
  <testcase name="tcPackaging" time="0.000" classname="com.hasbrop2m.security.Packaging">
    <skipped/>
  </testcase> <!-- tcPackaging -->
  <testcase name="tcPackaging" time="0.000" classname="com.hasbrop2m.security.Packaging">
    <skipped/>
  </testcase> <!-- tcPackaging -->
  <testcase name="tcPackaging" time="0.000" classname="com.hasbrop2m.security.Packaging">
    <skipped/>
  </testcase> <!-- tcPackaging -->
  <testcase name="tcPackaging" time="0.000" classname="com.hasbrop2m.security.Packaging">
    <skipped/>
  </testcase> <!-- tcPackaging -->
  <testcase name="tcPackaging" time="0.000" classname="com.hasbrop2m.security.Packaging">
    <skipped/>
  </testcase> <!-- tcPackaging -->
  <testcase name="tcPackaging" time="0.000" classname="com.hasbrop2m.security.Packaging">
    <skipped/>
  </testcase> <!-- tcPackaging -->
  <testcase name="tcPackaging" time="0.000" classname="com.hasbrop2m.security.Packaging">
    <skipped/>
  </testcase> <!-- tcPackaging -->
  <testcase name="tcPackaging" time="0.000" classname="com.hasbrop2m.security.Packaging">
    <skipped/>
  </testcase> <!-- tcPackaging -->
  <testcase name="tcPackaging" time="0.000" classname="com.hasbrop2m.security.Packaging">
    <skipped/>
  </testcase> <!-- tcPackaging -->
  <testcase name="tcPackaging" time="0.000" classname="com.hasbrop2m.security.Packaging">
    <skipped/>
  </testcase> <!-- tcPackaging -->
  <testcase name="tcPackaging" time="0.000" classname="com.hasbrop2m.security.Packaging">
    <skipped/>
  </testcase> <!-- tcPackaging -->
  <testcase name="tcPackaging" time="0.000" classname="com.hasbrop2m.security.Packaging">
    <skipped/>
  </testcase> <!-- tcPackaging -->
  <testcase name="tcPackaging" time="0.000" classname="com.hasbrop2m.security.Packaging">
    <skipped/>
  </testcase> <!-- tcPackaging -->
  <testcase name="tcPackaging" time="0.000" classname="com.hasbrop2m.security.Packaging">
    <skipped/>
  </testcase> <!-- tcPackaging -->
  <testcase name="tcPackaging" time="0.000" classname="com.hasbrop2m.security.Packaging">
    <skipped/>
  </testcase> <!-- tcPackaging -->
  <testcase name="tcPackaging" time="0.000" classname="com.hasbrop2m.security.Packaging">
    <skipped/>
  </testcase> <!-- tcPackaging -->
  <testcase name="tcPackaging" time="0.000" classname="com.hasbrop2m.security.Packaging">
    <skipped/>
  </testcase> <!-- tcPackaging -->
  <testcase name="tcPackaging" time="0.000" classname="com.hasbrop2m.security.Packaging">
    <skipped/>
  </testcase> <!-- tcPackaging -->
  <testcase name="tcPackaging" time="0.000" classname="com.hasbrop2m.security.Packaging">
    <skipped/>
  </testcase> <!-- tcPackaging -->
  <testcase name="tcPackaging" time="0.000" classname="com.hasbrop2m.security.Packaging">
    <skipped/>
  </testcase> <!-- tcPackaging -->
  <testcase name="tcPackaging" time="0.000" classname="com.hasbrop2m.security.Packaging">
    <skipped/>
  </testcase> <!-- tcPackaging -->
  <testcase name="tcPackaging" time="0.000" classname="com.hasbrop2m.security.Packaging">
    <skipped/>
  </testcase> <!-- tcPackaging -->
  <testcase name="tcPackaging" time="0.000" classname="com.hasbrop2m.security.Packaging">
    <skipped/>
  </testcase> <!-- tcPackaging -->
  <testcase name="tcPackaging" time="0.000" classname="com.hasbrop2m.security.Packaging">
    <skipped/>
  </testcase> <!-- tcPackaging -->
  <testcase name="tcPackaging" time="0.000" classname="com.hasbrop2m.security.Packaging">
    <skipped/>
  </testcase> <!-- tcPackaging -->
  <testcase name="tcPackaging" time="0.000" classname="com.hasbrop2m.security.Packaging">
    <skipped/>
  </testcase> <!-- tcPackaging -->
  <testcase name="tcPackaging" time="0.000" classname="com.hasbrop2m.security.Packaging">
    <skipped/>
  </testcase> <!-- tcPackaging -->
  <testcase name="tcPackaging" time="0.000" classname="com.hasbrop2m.security.Packaging">
    <skipped/>
  </testcase> <!-- tcPackaging -->
  <testcase name="tcPackaging" time="0.000" classname="com.hasbrop2m.security.Packaging">
    <skipped/>
  </testcase> <!-- tcPackaging -->
  <testcase name="tcPackaging" time="0.000" classname="com.hasbrop2m.security.Packaging">
    <skipped/>
  </testcase> <!-- tcPackaging -->
  <testcase name="tcPackaging" time="0.000" classname="com.hasbrop2m.security.Packaging">
    <skipped/>
  </testcase> <!-- tcPackaging -->
  <testcase name="tcPackaging" time="0.000" classname="com.hasbrop2m.security.Packaging">
    <skipped/>
  </testcase> <!-- tcPackaging -->
  <testcase name="tcPackaging" time="0.000" classname="com.hasbrop2m.security.Packaging">
    <skipped/>
  </testcase> <!-- tcPackaging -->
  <testcase name="tcPackaging" time="0.000" classname="com.hasbrop2m.security.Packaging">
    <skipped/>
  </testcase> <!-- tcPackaging -->
  <testcase name="tcPackaging" time="0.000" classname="com.hasbrop2m.security.Packaging">
    <skipped/>
  </testcase> <!-- tcPackaging -->
  <testcase name="tcPackaging" time="0.000" classname="com.hasbrop2m.security.Packaging">
    <skipped/>
  </testcase> <!-- tcPackaging -->
  <testcase name="tcPackaging" time="0.000" classname="com.hasbrop2m.security.Packaging">
    <skipped/>
  </testcase> <!-- tcPackaging -->
  <testcase name="tcPackaging" time="0.000" classname="com.hasbrop2m.security.Packaging">
    <skipped/>
  </testcase> <!-- tcPackaging -->
  <testcase name="tcPackaging" time="0.000" classname="com.hasbrop2m.security.Packaging">
    <skipped/>
  </testcase> <!-- tcPackaging -->
  <testcase name="tcPackaging" time="0.000" classname="com.hasbrop2m.security.Packaging">
    <skipped/>
  </testcase> <!-- tcPackaging -->
  <testcase name="tcPackaging" time="0.000" classname="com.hasbrop2m.security.Packaging">
    <skipped/>
  </testcase> <!-- tcPackaging -->
  <testcase name="tcPackaging" time="0.000" classname="com.hasbrop2m.security.Packaging">
    <skipped/>
  </testcase> <!-- tcPackaging -->
  <testcase name="tcPackaging" time="0.000" classname="com.hasbrop2m.security.Packaging">
    <skipped/>
  </testcase> <!-- tcPackaging -->
  <testcase name="tcPackaging" time="0.000" classname="com.hasbrop2m.security.Packaging">
    <skipped/>
  </testcase> <!-- tcPackaging -->
  <testcase name="tcPackaging" time="0.000" classname="com.hasbrop2m.security.Packaging">
    <skipped/>
  </testcase> <!-- tcPackaging -->
  <testcase name="tcPackaging" time="0.000" classname="com.hasbrop2m.security.Packaging">
    <skipped/>
  </testcase> <!-- tcPackaging -->
  <testcase name="tcPackaging" time="0.000" classname="com.hasbrop2m.security.Packaging">
    <skipped/>
  </testcase> <!-- tcPackaging -->
  <testcase name="tcPackaging" time="0.000" classname="com.hasbrop2m.security.Packaging">
    <skipped/>
  </testcase> <!-- tcPackaging -->
  <testcase name="tcPackaging" time="0.000" classname="com.hasbrop2m.security.Packaging">
    <skipped/>
  </testcase> <!-- tcPackaging -->
  <testcase name="tcPackaging" time="0.000" classname="com.hasbrop2m.security.Packaging">
    <skipped/>
  </testcase> <!-- tcPackaging -->
  <testcase name="tcPackaging" time="0.000" classname="com.hasbrop2m.security.Packaging">
    <skipped/>
  </testcase> <!-- tcPackaging -->
  <testcase name="tcPackaging" time="0.000" classname="com.hasbrop2m.security.Packaging">
    <skipped/>
  </testcase> <!-- tcPackaging -->
  <testcase name="tcPackaging" time="0.000" classname="com.hasbrop2m.security.Packaging">
    <skipped/>
  </testcase> <!-- tcPackaging -->
  <testcase name="tcPackaging" time="0.000" classname="com.hasbrop2m.security.Packaging">
    <skipped/>
  </testcase> <!-- tcPackaging -->
  <testcase name="tcPackaging" time="0.000" classname="com.hasbrop2m.security.Packaging">
    <skipped/>
  </testcase> <!-- tcPackaging -->
  <testcase name="tcPackaging" time="0.000" classname="com.hasbrop2m.security.Packaging">
    <skipped/>
  </testcase> <!-- tcPackaging -->
  <testcase name="tcPackaging" time="0.000" classname="com.hasbrop2m.security.Packaging">
    <skipped/>
  </testcase> <!-- tcPackaging -->
  <testcase name="tcPackaging" time="0.000" classname="com.hasbrop2m.security.Packaging">
    <skipped/>
  </testcase> <!-- tcPackaging -->
  <testcase name="tcPackaging" time="0.000" classname="com.hasbrop2m.security.Packaging">
    <skipped/>
  </testcase> <!-- tcPackaging -->
  <testcase name="tcPackaging" time="0.000" classname="com.hasbrop2m.security.Packaging">
    <skipped/>
  </testcase> <!-- tcPackaging -->
  <testcase name="tcPackaging" time="0.000" classname="com.hasbrop2m.security.Packaging">
    <skipped/>
  </testcase> <!-- tcPackaging -->
  <testcase name="tcPackaging" time="0.000" classname="com.hasbrop2m.security.Packaging">
    <skipped/>
  </testcase> <!-- tcPackaging -->
  <testcase name="tcPackaging" time="0.000" classname="com.hasbrop2m.security.Packaging">
    <skipped/>
  </testcase> <!-- tcPackaging -->
  <testcase name="tcPackaging" time="0.000" classname="com.hasbrop2m.security.Packaging">
    <skipped/>
  </testcase> <!-- tcPackaging -->
  <testcase name="tcPackaging" time="0.000" classname="com.hasbrop2m.security.Packaging">
    <skipped/>
  </testcase> <!-- tcPackaging -->
  <testcase name="tcPackaging" time="0.000" classname="com.hasbrop2m.security.Packaging">
    <skipped/>
  </testcase> <!-- tcPackaging -->
  <testcase name="tcPackaging" time="0.000" classname="com.hasbrop2m.security.Packaging">
    <skipped/>
  </testcase> <!-- tcPackaging -->
  <testcase name="tcPackaging" time="0.000" classname="com.hasbrop2m.security.Packaging">
    <skipped/>
  </testcase> <!-- tcPackaging -->
  <testcase name="tcPackaging" time="0.000" classname="com.hasbrop2m.security.Packaging">
    <skipped/>
  </testcase> <!-- tcPackaging -->
  <testcase name="tcPackaging" time="0.000" classname="com.hasbrop2m.security.Packaging">
    <skipped/>
  </testcase> <!-- tcPackaging -->
  <testcase name="tcPackaging" time="0.000" classname="com.hasbrop2m.security.Packaging">
    <skipped/>
  </testcase> <!-- tcPackaging -->
  <testcase name="tcPackaging" time="0.000" classname="com.hasbrop2m.security.Packaging">
    <skipped/>
  </testcase> <!-- tcPackaging -->
  <testcase name="tcPackaging" time="0.000" classname="com.hasbrop2m.security.Packaging">
    <skipped/>
  </testcase> <!-- tcPackaging -->
  <testcase name="tcPackaging" time="0.000" classname="com.hasbrop2m.security.Packaging">
    <skipped/>
  </testcase> <!-- tcPackaging -->
  <testcase name="tcPackaging" time="0.000" classname="com.hasbrop2m.security.Packaging">
    <skipped/>
  </testcase> <!-- tcPackaging -->
  <testcase name="tcPackaging" time="0.000" classname="com.hasbrop2m.security.Packaging">
    <skipped/>
  </testcase> <!-- tcPackaging -->
  <testcase name="tcPackaging" time="0.000" classname="com.hasbrop2m.security.Packaging">
    <skipped/>
  </testcase> <!-- tcPackaging -->
  <testcase name="tcPackaging" time="0.000" classname="com.hasbrop2m.security.Packaging">
    <skipped/>
  </testcase> <!-- tcPackaging -->
  <testcase name="tcPackaging" time="0.000" classname="com.hasbrop2m.security.Packaging">
    <skipped/>
  </testcase> <!-- tcPackaging -->
  <testcase name="tcPackaging" time="0.000" classname="com.hasbrop2m.security.Packaging">
    <skipped/>
  </testcase> <!-- tcPackaging -->
  <testcase name="tcPackaging" time="0.000" classname="com.hasbrop2m.security.Packaging">
    <skipped/>
  </testcase> <!-- tcPackaging -->
  <testcase name="tcPackaging" time="0.000" classname="com.hasbrop2m.security.Packaging">
    <skipped/>
  </testcase> <!-- tcPackaging -->
  <testcase name="tcPackaging" time="0.000" classname="com.hasbrop2m.security.Packaging">
    <skipped/>
  </testcase> <!-- tcPackaging -->
  <testcase name="tcPackaging" time="0.000" classname="com.hasbrop2m.security.Packaging">
    <skipped/>
  </testcase> <!-- tcPackaging -->
  <testcase name="tcPackaging" time="0.000" classname="com.hasbrop2m.security.Packaging">
    <skipped/>
  </testcase> <!-- tcPackaging -->
  <testcase name="tcPackaging" time="0.000" classname="com.hasbrop2m.security.Packaging">
    <skipped/>
  </testcase> <!-- tcPackaging -->
  <testcase name="tcPackaging" time="0.000" classname="com.hasbrop2m.security.Packaging">
    <skipped/>
  </testcase> <!-- tcPackaging -->
  <testcase name="tcPackaging" time="0.000" classname="com.hasbrop2m.security.Packaging">
    <skipped/>
  </testcase> <!-- tcPackaging -->
  <testcase name="tcPackaging" time="0.000" classname="com.hasbrop2m.security.Packaging">
    <skipped/>
  </testcase> <!-- tcPackaging -->
  <testcase name="tcPackaging" time="0.000" classname="com.hasbrop2m.security.Packaging">
    <skipped/>
  </testcase> <!-- tcPackaging -->
  <testcase name="tcPackaging" time="0.000" classname="com.hasbrop2m.security.Packaging">
    <skipped/>
  </testcase> <!-- tcPackaging -->
  <testcase name="tcPackaging" time="0.000" classname="com.hasbrop2m.security.Packaging">
    <skipped/>
  </testcase> <!-- tcPackaging -->
  <testcase name="tcPackaging" time="0.000" classname="com.hasbrop2m.security.Packaging">
    <skipped/>
  </testcase> <!-- tcPackaging -->
  <testcase name="tcPackaging" time="0.000" classname="com.hasbrop2m.security.Packaging">
    <skipped/>
  </testcase> <!-- tcPackaging -->
  <testcase name="tcPackaging" time="0.000" classname="com.hasbrop2m.security.Packaging">
    <skipped/>
  </testcase> <!-- tcPackaging -->
  <testcase name="tcPackaging" time="0.000" classname="com.hasbrop2m.security.Packaging">
    <skipped/>
  </testcase> <!-- tcPackaging -->
  <testcase name="tcPackaging" time="0.000" classname="com.hasbrop2m.security.Packaging">
    <skipped/>
  </testcase> <!-- tcPackaging -->
  <testcase name="tcPackaging" time="0.000" classname="com.hasbrop2m.security.Packaging">
    <skipped/>
  </testcase> <!-- tcPackaging -->
  <testcase name="tcPackaging" time="0.000" classname="com.hasbrop2m.security.Packaging">
    <skipped/>
  </testcase> <!-- tcPackaging -->
  <testcase name="tcPackaging" time="0.000" classname="com.hasbrop2m.security.Packaging">
    <skipped/>
  </testcase> <!-- tcPackaging -->
  <testcase name="tcPackaging" time="0.000" classname="com.hasbrop2m.security.Packaging">
    <skipped/>
  </testcase> <!-- tcPackaging -->
  <testcase name="tcPackaging" time="0.000" classname="com.hasbrop2m.security.Packaging">
    <skipped/>
  </testcase> <!-- tcPackaging -->
  <testcase name="tcPackaging" time="0.000" classname="com.hasbrop2m.security.Packaging">
    <skipped/>
  </testcase> <!-- tcPackaging -->
  <testcase name="tcPackaging" time="0.000" classname="com.hasbrop2m.security.Packaging">
    <skipped/>
  </testcase> <!-- tcPackaging -->
  <testcase name="tcPackaging" time="0.000" classname="com.hasbrop2m.security.Packaging">
    <skipped/>
  </testcase> <!-- tcPackaging -->
  <testcase name="tcPackaging" time="0.000" classname="com.hasbrop2m.security.Packaging">
    <skipped/>
  </testcase> <!-- tcPackaging -->
  <testcase name="tcPackaging" time="0.000" classname="com.hasbrop2m.security.Packaging">
    <skipped/>
  </testcase> <!-- tcPackaging -->
  <testcase name="tcPackaging" time="0.000" classname="com.hasbrop2m.security.Packaging">
    <skipped/>
  </testcase> <!-- tcPackaging -->
  <testcase name="tcPackaging" time="0.000" classname="com.hasbrop2m.security.Packaging">
    <skipped/>
  </testcase> <!-- tcPackaging -->
  <testcase name="tcPackaging" time="0.000" classname="com.hasbrop2m.security.Packaging">
    <skipped/>
  </testcase> <!-- tcPackaging -->
  <testcase name="tcPackaging" time="0.000" classname="com.hasbrop2m.security.Packaging">
    <skipped/>
  </testcase> <!-- tcPackaging -->
  <testcase name="tcPackaging" time="0.000" classname="com.hasbrop2m.security.Packaging">
    <skipped/>
  </testcase> <!-- tcPackaging -->
  <testcase name="tcPackaging" time="0.000" classname="com.hasbrop2m.security.Packaging">
    <skipped/>
  </testcase> <!-- tcPackaging -->
  <testcase name="tcPackaging" time="0.000" classname="com.hasbrop2m.security.Packaging">
    <skipped/>
  </testcase> <!-- tcPackaging -->
  <testcase name="tcPackaging" time="0.000" classname="com.hasbrop2m.security.Packaging">
    <skipped/>
  </testcase> <!-- tcPackaging -->
  <testcase name="tcPackaging" time="0.000" classname="com.hasbrop2m.security.Packaging">
    <skipped/>
  </testcase> <!-- tcPackaging -->
  <testcase name="tcPackaging" time="0.000" classname="com.hasbrop2m.security.Packaging">
    <skipped/>
  </testcase> <!-- tcPackaging -->
  <testcase name="tcPackaging" time="0.000" classname="com.hasbrop2m.security.Packaging">
    <skipped/>
  </testcase> <!-- tcPackaging -->
  <testcase name="tcPackaging" time="0.000" classname="com.hasbrop2m.security.Packaging">
    <skipped/>
  </testcase> <!-- tcPackaging -->
  <testcase name="tcPackaging" time="0.000" classname="com.hasbrop2m.security.Packaging">
    <skipped/>
  </testcase> <!-- tcPackaging -->
  <testcase name="tcPackaging" time="0.000" classname="com.hasbrop2m.security.Packaging">
    <skipped/>
  </testcase> <!-- tcPackaging -->
  <testcase name="tcPackaging" time="0.000" classname="com.hasbrop2m.security.Packaging">
    <skipped/>
  </testcase> <!-- tcPackaging -->
  <testcase name="tcPackaging" time="0.000" classname="com.hasbrop2m.security.Packaging">
    <skipped/>
  </testcase> <!-- tcPackaging -->
  <testcase name="tcPackaging" time="0.000" classname="com.hasbrop2m.security.Packaging">
    <skipped/>
  </testcase> <!-- tcPackaging -->
  <testcase name="tcPackaging" time="0.000" classname="com.hasbrop2m.security.Packaging">
    <skipped/>
  </testcase> <!-- tcPackaging -->
  <testcase name="tcPackaging" time="0.000" classname="com.hasbrop2m.security.Packaging">
    <skipped/>
  </testcase> <!-- tcPackaging -->
  <testcase name="tcPackaging" time="0.000" classname="com.hasbrop2m.security.Packaging">
    <skipped/>
  </testcase> <!-- tcPackaging -->
  <testcase name="tcPackaging" time="0.000" classname="com.hasbrop2m.security.Packaging">
    <skipped/>
  </testcase> <!-- tcPackaging -->
  <testcase name="tcPackaging" time="0.000" classname="com.hasbrop2m.security.Packaging">
    <skipped/>
  </testcase> <!-- tcPackaging -->
  <testcase name="tcPackaging" time="0.000" classname="com.hasbrop2m.security.Packaging">
    <skipped/>
  </testcase> <!-- tcPackaging -->
  <testcase name="tcPackaging" time="0.000" classname="com.hasbrop2m.security.Packaging">
    <skipped/>
  </testcase> <!-- tcPackaging -->
  <testcase name="tcPackaging" time="0.000" classname="com.hasbrop2m.security.Packaging">
    <skipped/>
  </testcase> <!-- tcPackaging -->
  <testcase name="tcPackaging" time="0.000" classname="com.hasbrop2m.security.Packaging">
    <skipped/>
  </testcase> <!-- tcPackaging -->
  <testcase name="tcPackaging" time="0.000" classname="com.hasbrop2m.security.Packaging">
    <skipped/>
  </testcase> <!-- tcPackaging -->
  <testcase name="tcPackaging" time="0.000" classname="com.hasbrop2m.security.Packaging">
    <skipped/>
  </testcase> <!-- tcPackaging -->
  <testcase name="tcPackaging" time="0.000" classname="com.hasbrop2m.security.Packaging">
    <skipped/>
  </testcase> <!-- tcPackaging -->
  <testcase name="tcPackaging" time="0.000" classname="com.hasbrop2m.security.Packaging">
    <skipped/>
  </testcase> <!-- tcPackaging -->
  <testcase name="tcPackaging" time="0.000" classname="com.hasbrop2m.security.Packaging">
    <skipped/>
  </testcase> <!-- tcPackaging -->
  <testcase name="tcPackaging" time="0.000" classname="com.hasbrop2m.security.Packaging">
    <skipped/>
  </testcase> <!-- tcPackaging -->
  <testcase name="tcPackaging" time="0.000" classname="com.hasbrop2m.security.Packaging">
    <skipped/>
  </testcase> <!-- tcPackaging -->
  <testcase name="tcPackaging" time="0.000" classname="com.hasbrop2m.security.Packaging">
    <skipped/>
  </testcase> <!-- tcPackaging -->
  <testcase name="tcPackaging" time="0.000" classname="com.hasbrop2m.security.Packaging">
    <skipped/>
  </testcase> <!-- tcPackaging -->
  <testcase name="tcPackaging" time="0.000" classname="com.hasbrop2m.security.Packaging">
    <skipped/>
  </testcase> <!-- tcPackaging -->
  <testcase name="tcPackaging" time="0.000" classname="com.hasbrop2m.security.Packaging">
    <skipped/>
  </testcase> <!-- tcPackaging -->
  <testcase name="tcPackaging" time="0.000" classname="com.hasbrop2m.security.Packaging">
    <skipped/>
  </testcase> <!-- tcPackaging -->
  <testcase name="tcPackaging" time="0.000" classname="com.hasbrop2m.security.Packaging">
    <skipped/>
  </testcase> <!-- tcPackaging -->
  <testcase name="tcPackaging" time="0.000" classname="com.hasbrop2m.security.Packaging">
    <skipped/>
  </testcase> <!-- tcPackaging -->
  <testcase name="tcPackaging" time="0.000" classname="com.hasbrop2m.security.Packaging">
    <skipped/>
  </testcase> <!-- tcPackaging -->
  <testcase name="tcPackaging" time="0.000" classname="com.hasbrop2m.security.Packaging">
    <skipped/>
  </testcase> <!-- tcPackaging -->
  <testcase name="tcPackaging" time="0.000" classname="com.hasbrop2m.security.Packaging">
    <skipped/>
  </testcase> <!-- tcPackaging -->
  <testcase name="tcPackaging" time="0.000" classname="com.hasbrop2m.security.Packaging">
    <skipped/>
  </testcase> <!-- tcPackaging -->
  <testcase name="tcPackaging" time="0.000" classname="com.hasbrop2m.security.Packaging">
    <skipped/>
  </testcase> <!-- tcPackaging -->
  <testcase name="tcPackaging" time="0.000" classname="com.hasbrop2m.security.Packaging">
    <skipped/>
  </testcase> <!-- tcPackaging -->
  <testcase name="tcPackaging" time="0.000" classname="com.hasbrop2m.security.Packaging">
    <skipped/>
  </testcase> <!-- tcPackaging -->
  <testcase name="tcPackaging" time="0.000" classname="com.hasbrop2m.security.Packaging">
    <skipped/>
  </testcase> <!-- tcPackaging -->
  <testcase name="tcPackaging" time="0.000" classname="com.hasbrop2m.security.Packaging">
    <skipped/>
  </testcase> <!-- tcPackaging -->
  <testcase name="tcPackaging" time="0.000" classname="com.hasbrop2m.security.Packaging">
    <skipped/>
  </testcase> <!-- tcPackaging -->
  <testcase name="tcPackaging" time="0.000" classname="com.hasbrop2m.security.Packaging">
    <skipped/>
  </testcase> <!-- tcPackaging -->
  <testcase name="tcPackaging" time="0.000" classname="com.hasbrop2m.security.Packaging">
    <skipped/>
  </testcase> <!-- tcPackaging -->
  <testcase name="tcPackaging" time="0.000" classname="com.hasbrop2m.security.Packaging">
    <skipped/>
  </testcase> <!-- tcPackaging -->
  <testcase name="tcPackaging" time="0.000" classname="com.hasbrop2m.security.Packaging">
    <skipped/>
  </testcase> <!-- tcPackaging -->
  <testcase name="tcPackaging" time="0.000" classname="com.hasbrop2m.security.Packaging">
    <skipped/>
  </testcase> <!-- tcPackaging -->
  <testcase name="tcPackaging" time="0.000" classname="com.hasbrop2m.security.Packaging">
    <skipped/>
  </testcase> <!-- tcPackaging -->
  <testcase name="tcPackaging" time="0.000" classname="com.hasbrop2m.security.Packaging">
    <skipped/>
  </testcase> <!-- tcPackaging -->
  <testcase name="tcPackaging" time="0.000" classname="com.hasbrop2m.security.Packaging">
    <skipped/>
  </testcase> <!-- tcPackaging -->
  <testcase name="tcPackaging" time="0.000" classname="com.hasbrop2m.security.Packaging">
    <skipped/>
  </testcase> <!-- tcPackaging -->
  <testcase name="tcPackaging" time="0.000" classname="com.hasbrop2m.security.Packaging">
    <skipped/>
  </testcase> <!-- tcPackaging -->
  <testcase name="tcPackaging" time="0.000" classname="com.hasbrop2m.security.Packaging">
    <skipped/>
  </testcase> <!-- tcPackaging -->
  <testcase name="tcPackaging" time="0.000" classname="com.hasbrop2m.security.Packaging">
    <skipped/>
  </testcase> <!-- tcPackaging -->
  <testcase name="tcPackaging" time="0.000" classname="com.hasbrop2m.security.Packaging">
    <skipped/>
  </testcase> <!-- tcPackaging -->
  <testcase name="tcPackaging" time="0.000" classname="com.hasbrop2m.security.Packaging">
    <skipped/>
  </testcase> <!-- tcPackaging -->
  <testcase name="tcPackaging" time="0.000" classname="com.hasbrop2m.security.Packaging">
    <skipped/>
  </testcase> <!-- tcPackaging -->
  <testcase name="tcPackaging" time="0.000" classname="com.hasbrop2m.security.Packaging">
    <skipped/>
  </testcase> <!-- tcPackaging -->
  <testcase name="tcPackaging" time="0.000" classname="com.hasbrop2m.security.Packaging">
    <skipped/>
  </testcase> <!-- tcPackaging -->
  <testcase name="tcPackaging" time="0.000" classname="com.hasbrop2m.security.Packaging">
    <skipped/>
  </testcase> <!-- tcPackaging -->
  <testcase name="tcPackaging" time="0.000" classname="com.hasbrop2m.security.Packaging">
    <skipped/>
  </testcase> <!-- tcPackaging -->
  <testcase name="tcPackaging" time="0.000" classname="com.hasbrop2m.security.Packaging">
    <skipped/>
  </testcase> <!-- tcPackaging -->
  <testcase name="tcPackaging" time="0.000" classname="com.hasbrop2m.security.Packaging">
    <skipped/>
  </testcase> <!-- tcPackaging -->
  <testcase name="tcPackaging" time="0.000" classname="com.hasbrop2m.security.Packaging">
    <skipped/>
  </testcase> <!-- tcPackaging -->
  <testcase name="tcPackaging" time="0.000" classname="com.hasbrop2m.security.Packaging">
    <skipped/>
  </testcase> <!-- tcPackaging -->
  <testcase name="tcPackaging" time="0.000" classname="com.hasbrop2m.security.Packaging">
    <skipped/>
  </testcase> <!-- tcPackaging -->
  <testcase name="tcPackaging" time="0.000" classname="com.hasbrop2m.security.Packaging">
    <skipped/>
  </testcase> <!-- tcPackaging -->
  <testcase name="tcPackaging" time="0.000" classname="com.hasbrop2m.security.Packaging">
    <skipped/>
  </testcase> <!-- tcPackaging -->
  <testcase name="tcPackaging" time="0.000" classname="com.hasbrop2m.security.Packaging">
    <skipped/>
  </testcase> <!-- tcPackaging -->
  <testcase name="tcPackaging" time="0.000" classname="com.hasbrop2m.security.Packaging">
    <skipped/>
  </testcase> <!-- tcPackaging -->
  <testcase name="tcPackaging" time="0.000" classname="com.hasbrop2m.security.Packaging">
    <skipped/>
  </testcase> <!-- tcPackaging -->
  <testcase name="tcPackaging" time="0.000" classname="com.hasbrop2m.security.Packaging">
    <skipped/>
  </testcase> <!-- tcPackaging -->
  <testcase name="tcPackaging" time="0.000" classname="com.hasbrop2m.security.Packaging">
    <skipped/>
  </testcase> <!-- tcPackaging -->
  <testcase name="tcPackaging" time="0.000" classname="com.hasbrop2m.security.Packaging">
    <skipped/>
  </testcase> <!-- tcPackaging -->
  <testcase name="tcPackaging" time="0.000" classname="com.hasbrop2m.security.Packaging">
    <skipped/>
  </testcase> <!-- tcPackaging -->
  <testcase name="tcPackaging" time="0.000" classname="com.hasbrop2m.security.Packaging">
    <skipped/>
  </testcase> <!-- tcPackaging -->
  <testcase name="tcPackaging" time="0.000" classname="com.hasbrop2m.security.Packaging">
    <skipped/>
  </testcase> <!-- tcPackaging -->
  <testcase name="tcPackaging" time="0.000" classname="com.hasbrop2m.security.Packaging">
    <skipped/>
  </testcase> <!-- tcPackaging -->
  <testcase name="tcPackaging" time="0.000" classname="com.hasbrop2m.security.Packaging">
    <skipped/>
  </testcase> <!-- tcPackaging -->
  <testcase name="tcPackaging" time="0.000" classname="com.hasbrop2m.security.Packaging">
    <skipped/>
  </testcase> <!-- tcPackaging -->
  <testcase name="tcPackaging" time="0.000" classname="com.hasbrop2m.security.Packaging">
    <skipped/>
  </testcase> <!-- tcPackaging -->
  <testcase name="tcPackaging" time="0.000" classname="com.hasbrop2m.security.Packaging">
    <skipped/>
  </testcase> <!-- tcPackaging -->
  <testcase name="tcPackaging" time="0.000" classname="com.hasbrop2m.security.Packaging">
    <skipped/>
  </testcase> <!-- tcPackaging -->
  <testcase name="tcPackaging" time="0.000" classname="com.hasbrop2m.security.Packaging">
    <skipped/>
  </testcase> <!-- tcPackaging -->
  <testcase name="tcPackaging" time="0.000" classname="com.hasbrop2m.security.Packaging">
    <skipped/>
  </testcase> <!-- tcPackaging -->
  <testcase name="tcPackaging" time="0.000" classname="com.hasbrop2m.security.Packaging">
    <skipped/>
  </testcase> <!-- tcPackaging -->
  <testcase name="tcPackaging" time="0.000" classname="com.hasbrop2m.security.Packaging">
    <skipped/>
  </testcase> <!-- tcPackaging -->
  <testcase name="tcPackaging" time="0.000" classname="com.hasbrop2m.security.Packaging">
    <skipped/>
  </testcase> <!-- tcPackaging -->
  <testcase name="tcPackaging" time="0.000" classname="com.hasbrop2m.security.Packaging">
    <skipped/>
  </testcase> <!-- tcPackaging -->
  <testcase name="tcPackaging" time="0.000" classname="com.hasbrop2m.security.Packaging">
    <skipped/>
  </testcase> <!-- tcPackaging -->
  <testcase name="tcPackaging" time="0.000" classname="com.hasbrop2m.security.Packaging">
    <skipped/>
  </testcase> <!-- tcPackaging -->
  <testcase name="tcPackaging" time="0.000" classname="com.hasbrop2m.security.Packaging">
    <skipped/>
  </testcase> <!-- tcPackaging -->
  <testcase name="tcPackaging" time="0.000" classname="com.hasbrop2m.security.Packaging">
    <skipped/>
  </testcase> <!-- tcPackaging -->
  <testcase name="tcPackaging" time="0.000" classname="com.hasbrop2m.security.Packaging">
    <skipped/>
  </testcase> <!-- tcPackaging -->
  <testcase name="tcPackaging" time="0.000" classname="com.hasbrop2m.security.Packaging">
    <skipped/>
  </testcase> <!-- tcPackaging -->
  <testcase name="tcPackaging" time="0.000" classname="com.hasbrop2m.security.Packaging">
    <skipped/>
  </testcase> <!-- tcPackaging -->
  <testcase name="tcPackaging" time="0.000" classname="com.hasbrop2m.security.Packaging">
    <skipped/>
  </testcase> <!-- tcPackaging -->
  <testcase name="tcPackaging" time="0.000" classname="com.hasbrop2m.security.Packaging">
    <skipped/>
  </testcase> <!-- tcPackaging -->
  <testcase name="tcPackaging" time="0.000" classname="com.hasbrop2m.security.Packaging">
    <skipped/>
  </testcase> <!-- tcPackaging -->
  <testcase name="tcPackaging" time="0.000" classname="com.hasbrop2m.security.Packaging">
    <skipped/>
  </testcase> <!-- tcPackaging -->
  <testcase name="tcPackaging" time="0.000" classname="com.hasbrop2m.security.Packaging">
    <skipped/>
  </testcase> <!-- tcPackaging -->
  <testcase name="tcPackaging" time="0.000" classname="com.hasbrop2m.security.Packaging">
    <skipped/>
  </testcase> <!-- tcPackaging -->
  <testcase name="tcPackaging" time="0.000" classname="com.hasbrop2m.security.Packaging">
    <skipped/>
  </testcase> <!-- tcPackaging -->
  <testcase name="tcPackaging" time="0.000" classname="com.hasbrop2m.security.Packaging">
    <skipped/>
  </testcase> <!-- tcPackaging -->
  <testcase name="tcPackaging" time="0.000" classname="com.hasbrop2m.security.Packaging">
    <skipped/>
  </testcase> <!-- tcPackaging -->
  <testcase name="tcPackaging" time="0.000" classname="com.hasbrop2m.security.Packaging">
    <skipped/>
  </testcase> <!-- tcPackaging -->
  <testcase name="tcPackaging" time="0.000" classname="com.hasbrop2m.security.Packaging">
    <skipped/>
  </testcase> <!-- tcPackaging -->
  <testcase name="tcPackaging" time="0.000" classname="com.hasbrop2m.security.Packaging">
    <skipped/>
  </testcase> <!-- tcPackaging -->
  <testcase name="tcPackaging" time="0.000" classname="com.hasbrop2m.security.Packaging">
    <skipped/>
  </testcase> <!-- tcPackaging -->
  <testcase name="tcPackaging" time="0.000" classname="com.hasbrop2m.security.Packaging">
    <skipped/>
  </testcase> <!-- tcPackaging -->
  <testcase name="tcPackaging" time="0.000" classname="com.hasbrop2m.security.Packaging">
    <skipped/>
  </testcase> <!-- tcPackaging -->
  <testcase name="tcPackaging" time="0.000" classname="com.hasbrop2m.security.Packaging">
    <skipped/>
  </testcase> <!-- tcPackaging -->
  <testcase name="tcPackaging" time="0.000" classname="com.hasbrop2m.security.Packaging">
    <skipped/>
  </testcase> <!-- tcPackaging -->
  <testcase name="tcPackaging" time="0.000" classname="com.hasbrop2m.security.Packaging">
    <skipped/>
  </testcase> <!-- tcPackaging -->
  <testcase name="tcPackaging" time="0.000" classname="com.hasbrop2m.security.Packaging">
    <skipped/>
  </testcase> <!-- tcPackaging -->
  <testcase name="tcPackaging" time="0.000" classname="com.hasbrop2m.security.Packaging">
    <skipped/>
  </testcase> <!-- tcPackaging -->
  <testcase name="tcPackaging" time="0.000" classname="com.hasbrop2m.security.Packaging">
    <skipped/>
  </testcase> <!-- tcPackaging -->
  <testcase name="tcPackaging" time="0.000" classname="com.hasbrop2m.security.Packaging">
    <skipped/>
  </testcase> <!-- tcPackaging -->
  <testcase name="tcPackaging" time="0.000" classname="com.hasbrop2m.security.Packaging">
    <skipped/>
  </testcase> <!-- tcPackaging -->
  <testcase name="tcPackaging" time="0.000" classname="com.hasbrop2m.security.Packaging">
    <skipped/>
  </testcase> <!-- tcPackaging -->
  <testcase name="tcPackaging" time="0.000" classname="com.hasbrop2m.security.Packaging">
    <skipped/>
  </testcase> <!-- tcPackaging -->
  <testcase name="tcPackaging" time="0.000" classname="com.hasbrop2m.security.Packaging">
    <skipped/>
  </testcase> <!-- tcPackaging -->
  <testcase name="tcPackaging" time="0.000" classname="com.hasbrop2m.security.Packaging">
    <skipped/>
  </testcase> <!-- tcPackaging -->
  <testcase name="tcPackaging" time="0.000" classname="com.hasbrop2m.security.Packaging">
    <skipped/>
  </testcase> <!-- tcPackaging -->
  <testcase name="tcPackaging" time="0.000" classname="com.hasbrop2m.security.Packaging">
    <skipped/>
  </testcase> <!-- tcPackaging -->
  <testcase name="tcPackaging" time="0.000" classname="com.hasbrop2m.security.Packaging">
    <skipped/>
  </testcase> <!-- tcPackaging -->
  <testcase name="tcPackaging" time="0.000" classname="com.hasbrop2m.security.Packaging">
    <skipped/>
  </testcase> <!-- tcPackaging -->
  <testcase name="tcPackaging" time="0.000" classname="com.hasbrop2m.security.Packaging">
    <skipped/>
  </testcase> <!-- tcPackaging -->
  <testcase name="tcPackaging" time="0.000" classname="com.hasbrop2m.security.Packaging">
    <skipped/>
  </testcase> <!-- tcPackaging -->
  <testcase name="tcPackaging" time="0.000" classname="com.hasbrop2m.security.Packaging">
    <skipped/>
  </testcase> <!-- tcPackaging -->
  <testcase name="tcPackaging" time="0.000" classname="com.hasbrop2m.security.Packaging">
    <skipped/>
  </testcase> <!-- tcPackaging -->
  <testcase name="tcPackaging" time="0.000" classname="com.hasbrop2m.security.Packaging">
    <skipped/>
  </testcase> <!-- tcPackaging -->
  <testcase name="tcPackaging" time="0.000" classname="com.hasbrop2m.security.Packaging">
    <skipped/>
  </testcase> <!-- tcPackaging -->
  <testcase name="tcPackaging" time="0.000" classname="com.hasbrop2m.security.Packaging">
    <skipped/>
  </testcase> <!-- tcPackaging -->
  <testcase name="tcPackaging" time="0.000" classname="com.hasbrop2m.security.Packaging">
    <skipped/>
  </testcase> <!-- tcPackaging -->
  <testcase name="tcPackaging" time="0.000" classname="com.hasbrop2m.security.Packaging">
    <skipped/>
  </testcase> <!-- tcPackaging -->
  <testcase name="tcPackaging" time="0.000" classname="com.hasbrop2m.security.Packaging">
    <skipped/>
  </testcase> <!-- tcPackaging -->
  <testcase name="tcPackaging" time="0.000" classname="com.hasbrop2m.security.Packaging">
    <skipped/>
  </testcase> <!-- tcPackaging -->
  <testcase name="tcPackaging" time="0.000" classname="com.hasbrop2m.security.Packaging">
    <skipped/>
  </testcase> <!-- tcPackaging -->
  <testcase name="tcPackaging" time="0.000" classname="com.hasbrop2m.security.Packaging">
    <skipped/>
  </testcase> <!-- tcPackaging -->
  <testcase name="tcPackaging" time="0.000" classname="com.hasbrop2m.security.Packaging">
    <skipped/>
  </testcase> <!-- tcPackaging -->
  <testcase name="tcPackaging" time="0.000" classname="com.hasbrop2m.security.Packaging">
    <skipped/>
  </testcase> <!-- tcPackaging -->
  <testcase name="tcPackaging" time="0.000" classname="com.hasbrop2m.security.Packaging">
    <skipped/>
  </testcase> <!-- tcPackaging -->
  <testcase name="tcPackaging" time="0.000" classname="com.hasbrop2m.security.Packaging">
    <skipped/>
  </testcase> <!-- tcPackaging -->
  <testcase name="tcPackaging" time="0.000" classname="com.hasbrop2m.security.Packaging">
    <skipped/>
  </testcase> <!-- tcPackaging -->
  <testcase name="tcPackaging" time="0.000" classname="com.hasbrop2m.security.Packaging">
    <skipped/>
  </testcase> <!-- tcPackaging -->
  <testcase name="tcPackaging" time="0.000" classname="com.hasbrop2m.security.Packaging">
    <skipped/>
  </testcase> <!-- tcPackaging -->
  <testcase name="tcPackaging" time="0.000" classname="com.hasbrop2m.security.Packaging">
    <skipped/>
  </testcase> <!-- tcPackaging -->
  <testcase name="tcPackaging" time="0.000" classname="com.hasbrop2m.security.Packaging">
    <skipped/>
  </testcase> <!-- tcPackaging -->
  <testcase name="tcPackaging" time="0.000" classname="com.hasbrop2m.security.Packaging">
    <skipped/>
  </testcase> <!-- tcPackaging -->
  <testcase name="tcPackaging" time="0.000" classname="com.hasbrop2m.security.Packaging">
    <skipped/>
  </testcase> <!-- tcPackaging -->
  <testcase name="tcPackaging" time="0.000" classname="com.hasbrop2m.security.Packaging">
    <skipped/>
  </testcase> <!-- tcPackaging -->
  <testcase name="tcPackaging" time="0.000" classname="com.hasbrop2m.security.Packaging">
    <skipped/>
  </testcase> <!-- tcPackaging -->
  <testcase name="tcPackaging" time="0.000" classname="com.hasbrop2m.security.Packaging">
    <skipped/>
  </testcase> <!-- tcPackaging -->
  <testcase name="tcPackaging" time="0.000" classname="com.hasbrop2m.security.Packaging">
    <skipped/>
  </testcase> <!-- tcPackaging -->
  <testcase name="tcPackaging" time="0.000" classname="com.hasbrop2m.security.Packaging">
    <skipped/>
  </testcase> <!-- tcPackaging -->
  <testcase name="tcPackaging" time="0.000" classname="com.hasbrop2m.security.Packaging">
    <skipped/>
  </testcase> <!-- tcPackaging -->
  <testcase name="tcPackaging" time="0.000" classname="com.hasbrop2m.security.Packaging">
    <skipped/>
  </testcase> <!-- tcPackaging -->
  <testcase name="tcPackaging" time="0.000" classname="com.hasbrop2m.security.Packaging">
    <skipped/>
  </testcase> <!-- tcPackaging -->
  <testcase name="tcPackaging" time="0.000" classname="com.hasbrop2m.security.Packaging">
    <skipped/>
  </testcase> <!-- tcPackaging -->
  <testcase name="tcPackaging" time="0.000" classname="com.hasbrop2m.security.Packaging">
    <skipped/>
  </testcase> <!-- tcPackaging -->
  <testcase name="tcPackaging" time="0.000" classname="com.hasbrop2m.security.Packaging">
    <skipped/>
  </testcase> <!-- tcPackaging -->
  <testcase name="tcPackaging" time="0.000" classname="com.hasbrop2m.security.Packaging">
    <skipped/>
  </testcase> <!-- tcPackaging -->
  <testcase name="tcPackaging" time="0.000" classname="com.hasbrop2m.security.Packaging">
    <skipped/>
  </testcase> <!-- tcPackaging -->
  <testcase name="tcPackaging" time="0.000" classname="com.hasbrop2m.security.Packaging">
    <skipped/>
  </testcase> <!-- tcPackaging -->
  <testcase name="tcPackaging" time="0.000" classname="com.hasbrop2m.security.Packaging">
    <skipped/>
  </testcase> <!-- tcPackaging -->
  <testcase name="tcPackaging" time="0.000" classname="com.hasbrop2m.security.Packaging">
    <skipped/>
  </testcase> <!-- tcPackaging -->
  <testcase name="tcPackaging" time="0.000" classname="com.hasbrop2m.security.Packaging">
    <skipped/>
  </testcase> <!-- tcPackaging -->
  <testcase name="tcPackaging" time="0.000" classname="com.hasbrop2m.security.Packaging">
    <skipped/>
  </testcase> <!-- tcPackaging -->
  <testcase name="tcPackaging" time="0.000" classname="com.hasbrop2m.security.Packaging">
    <skipped/>
  </testcase> <!-- tcPackaging -->
  <testcase name="tcPackaging" time="0.000" classname="com.hasbrop2m.security.Packaging">
    <skipped/>
  </testcase> <!-- tcPackaging -->
  <testcase name="tcPackaging" time="0.000" classname="com.hasbrop2m.security.Packaging">
    <skipped/>
  </testcase> <!-- tcPackaging -->
  <testcase name="tcPackaging" time="0.000" classname="com.hasbrop2m.security.Packaging">
    <skipped/>
  </testcase> <!-- tcPackaging -->
  <testcase name="tcPackaging" time="0.000" classname="com.hasbrop2m.security.Packaging">
    <skipped/>
  </testcase> <!-- tcPackaging -->
  <testcase name="tcPackaging" time="0.000" classname="com.hasbrop2m.security.Packaging">
    <skipped/>
  </testcase> <!-- tcPackaging -->
  <testcase name="tcPackaging" time="0.000" classname="com.hasbrop2m.security.Packaging">
    <skipped/>
  </testcase> <!-- tcPackaging -->
  <testcase name="tcPackaging" time="0.000" classname="com.hasbrop2m.security.Packaging">
    <skipped/>
  </testcase> <!-- tcPackaging -->
  <testcase name="tcPackaging" time="0.000" classname="com.hasbrop2m.security.Packaging">
    <skipped/>
  </testcase> <!-- tcPackaging -->
  <testcase name="tcPackaging" time="0.000" classname="com.hasbrop2m.security.Packaging">
    <skipped/>
  </testcase> <!-- tcPackaging -->
  <testcase name="tcPackaging" time="0.000" classname="com.hasbrop2m.security.Packaging">
    <skipped/>
  </testcase> <!-- tcPackaging -->
  <testcase name="tcPackaging" time="0.000" classname="com.hasbrop2m.security.Packaging">
    <skipped/>
  </testcase> <!-- tcPackaging -->
  <testcase name="tcPackaging" time="0.000" classname="com.hasbrop2m.security.Packaging">
    <skipped/>
  </testcase> <!-- tcPackaging -->
  <testcase name="tcPackaging" time="0.000" classname="com.hasbrop2m.security.Packaging">
    <skipped/>
  </testcase> <!-- tcPackaging -->
  <testcase name="tcPackaging" time="0.000" classname="com.hasbrop2m.security.Packaging">
    <skipped/>
  </testcase> <!-- tcPackaging -->
  <testcase name="tcPackaging" time="0.000" classname="com.hasbrop2m.security.Packaging">
    <skipped/>
  </testcase> <!-- tcPackaging -->
  <testcase name="tcPackaging" time="0.000" classname="com.hasbrop2m.security.Packaging">
    <skipped/>
  </testcase> <!-- tcPackaging -->
  <testcase name="tcPackaging" time="0.000" classname="com.hasbrop2m.security.Packaging">
    <skipped/>
  </testcase> <!-- tcPackaging -->
  <testcase name="tcPackaging" time="0.000" classname="com.hasbrop2m.security.Packaging">
    <skipped/>
  </testcase> <!-- tcPackaging -->
  <testcase name="tcPackaging" time="0.000" classname="com.hasbrop2m.security.Packaging">
    <skipped/>
  </testcase> <!-- tcPackaging -->
  <testcase name="tcPackaging" time="0.000" classname="com.hasbrop2m.security.Packaging">
    <skipped/>
  </testcase> <!-- tcPackaging -->
  <testcase name="tcPackaging" time="0.000" classname="com.hasbrop2m.security.Packaging">
    <skipped/>
  </testcase> <!-- tcPackaging -->
  <testcase name="tcPackaging" time="0.000" classname="com.hasbrop2m.security.Packaging">
    <skipped/>
  </testcase> <!-- tcPackaging -->
  <testcase name="tcPackaging" time="0.000" classname="com.hasbrop2m.security.Packaging">
    <skipped/>
  </testcase> <!-- tcPackaging -->
  <testcase name="tcPackaging" time="0.000" classname="com.hasbrop2m.security.Packaging">
    <skipped/>
  </testcase> <!-- tcPackaging -->
  <testcase name="tcPackaging" time="0.000" classname="com.hasbrop2m.security.Packaging">
    <skipped/>
  </testcase> <!-- tcPackaging -->
  <testcase name="tcPackaging" time="0.000" classname="com.hasbrop2m.security.Packaging">
    <skipped/>
  </testcase> <!-- tcPackaging -->
  <testcase name="tcPackaging" time="0.000" classname="com.hasbrop2m.security.Packaging">
    <skipped/>
  </testcase> <!-- tcPackaging -->
  <testcase name="tcPackaging" time="0.000" classname="com.hasbrop2m.security.Packaging">
    <skipped/>
  </testcase> <!-- tcPackaging -->
  <testcase name="tcPackaging" time="0.000" classname="com.hasbrop2m.security.Packaging">
    <skipped/>
  </testcase> <!-- tcPackaging -->
  <testcase name="tcPackaging" time="0.000" classname="com.hasbrop2m.security.Packaging">
    <skipped/>
  </testcase> <!-- tcPackaging -->
  <testcase name="tcPackaging" time="0.000" classname="com.hasbrop2m.security.Packaging">
    <skipped/>
  </testcase> <!-- tcPackaging -->
  <testcase name="tcPackaging" time="0.000" classname="com.hasbrop2m.security.Packaging">
    <skipped/>
  </testcase> <!-- tcPackaging -->
  <testcase name="tcPackaging" time="0.000" classname="com.hasbrop2m.security.Packaging">
    <skipped/>
  </testcase> <!-- tcPackaging -->
  <testcase name="tcPackaging" time="0.000" classname="com.hasbrop2m.security.Packaging">
    <skipped/>
  </testcase> <!-- tcPackaging -->
  <testcase name="tcPackaging" time="0.000" classname="com.hasbrop2m.security.Packaging">
    <skipped/>
  </testcase> <!-- tcPackaging -->
  <testcase name="tcPackaging" time="0.000" classname="com.hasbrop2m.security.Packaging">
    <skipped/>
  </testcase> <!-- tcPackaging -->
  <testcase name="tcPackaging" time="0.000" classname="com.hasbrop2m.security.Packaging">
    <skipped/>
  </testcase> <!-- tcPackaging -->
  <testcase name="tcPackaging" time="0.000" classname="com.hasbrop2m.security.Packaging">
    <skipped/>
  </testcase> <!-- tcPackaging -->
  <testcase name="tcPackaging" time="0.000" classname="com.hasbrop2m.security.Packaging">
    <skipped/>
  </testcase> <!-- tcPackaging -->
  <testcase name="tcPackaging" time="0.000" classname="com.hasbrop2m.security.Packaging">
    <skipped/>
  </testcase> <!-- tcPackaging -->
  <testcase name="tcPackaging" time="0.000" classname="com.hasbrop2m.security.Packaging">
    <skipped/>
  </testcase> <!-- tcPackaging -->
  <testcase name="tcPackaging" time="0.000" classname="com.hasbrop2m.security.Packaging">
    <skipped/>
  </testcase> <!-- tcPackaging -->
  <testcase name="tcPackaging" time="0.000" classname="com.hasbrop2m.security.Packaging">
    <skipped/>
  </testcase> <!-- tcPackaging -->
  <testcase name="tcPackaging" time="0.000" classname="com.hasbrop2m.security.Packaging">
    <skipped/>
  </testcase> <!-- tcPackaging -->
  <testcase name="tcPackaging" time="0.000" classname="com.hasbrop2m.security.Packaging">
    <skipped/>
  </testcase> <!-- tcPackaging -->
  <testcase name="tcPackaging" time="0.000" classname="com.hasbrop2m.security.Packaging">
    <skipped/>
  </testcase> <!-- tcPackaging -->
  <testcase name="tcPackaging" time="0.000" classname="com.hasbrop2m.security.Packaging">
    <skipped/>
  </testcase> <!-- tcPackaging -->
  <testcase name="tcPackaging" time="0.000" classname="com.hasbrop2m.security.Packaging">
    <skipped/>
  </testcase> <!-- tcPackaging -->
  <testcase name="tcPackaging" time="0.000" classname="com.hasbrop2m.security.Packaging">
    <skipped/>
  </testcase> <!-- tcPackaging -->
  <testcase name="tcPackaging" time="0.000" classname="com.hasbrop2m.security.Packaging">
    <skipped/>
  </testcase> <!-- tcPackaging -->
  <testcase name="tcPackaging" time="0.000" classname="com.hasbrop2m.security.Packaging">
    <skipped/>
  </testcase> <!-- tcPackaging -->
  <testcase name="tcPackaging" time="0.000" classname="com.hasbrop2m.security.Packaging">
    <skipped/>
  </testcase> <!-- tcPackaging -->
  <testcase name="tcPackaging" time="0.000" classname="com.hasbrop2m.security.Packaging">
    <skipped/>
  </testcase> <!-- tcPackaging -->
  <testcase name="tcPackaging" time="0.000" classname="com.hasbrop2m.security.Packaging">
    <skipped/>
  </testcase> <!-- tcPackaging -->
  <testcase name="tcPackaging" time="0.000" classname="com.hasbrop2m.security.Packaging">
    <skipped/>
  </testcase> <!-- tcPackaging -->
  <testcase name="tcPackaging" time="0.000" classname="com.hasbrop2m.security.Packaging">
    <skipped/>
  </testcase> <!-- tcPackaging -->
  <testcase name="tcPackaging" time="0.000" classname="com.hasbrop2m.security.Packaging">
    <skipped/>
  </testcase> <!-- tcPackaging -->
  <testcase name="tcPackaging" time="0.000" classname="com.hasbrop2m.security.Packaging">
    <skipped/>
  </testcase> <!-- tcPackaging -->
  <testcase name="tcPackaging" time="0.000" classname="com.hasbrop2m.security.Packaging">
    <skipped/>
  </testcase> <!-- tcPackaging -->
  <testcase name="tcPackaging" time="0.000" classname="com.hasbrop2m.security.Packaging">
    <skipped/>
  </testcase> <!-- tcPackaging -->
  <testcase name="tcPackaging" time="0.000" classname="com.hasbrop2m.security.Packaging">
    <skipped/>
  </testcase> <!-- tcPackaging -->
  <testcase name="tcPackaging" time="0.000" classname="com.hasbrop2m.security.Packaging">
    <skipped/>
  </testcase> <!-- tcPackaging -->
  <testcase name="tcPackaging" time="0.000" classname="com.hasbrop2m.security.Packaging">
    <skipped/>
  </testcase> <!-- tcPackaging -->
  <testcase name="tcPackaging" time="0.000" classname="com.hasbrop2m.security.Packaging">
    <skipped/>
  </testcase> <!-- tcPackaging -->
  <testcase name="tcPackaging" time="0.000" classname="com.hasbrop2m.security.Packaging">
    <skipped/>
  </testcase> <!-- tcPackaging -->
  <testcase name="tcPackaging" time="0.000" classname="com.hasbrop2m.security.Packaging">
    <skipped/>
  </testcase> <!-- tcPackaging -->
  <testcase name="tcPackaging" time="0.000" classname="com.hasbrop2m.security.Packaging">
    <skipped/>
  </testcase> <!-- tcPackaging -->
  <testcase name="tcPackaging" time="0.000" classname="com.hasbrop2m.security.Packaging">
    <skipped/>
  </testcase> <!-- tcPackaging -->
  <testcase name="tcPackaging" time="0.000" classname="com.hasbrop2m.security.Packaging">
    <skipped/>
  </testcase> <!-- tcPackaging -->
  <testcase name="tcPackaging" time="0.000" classname="com.hasbrop2m.security.Packaging">
    <skipped/>
  </testcase> <!-- tcPackaging -->
  <testcase name="tcPackaging" time="0.000" classname="com.hasbrop2m.security.Packaging">
    <skipped/>
  </testcase> <!-- tcPackaging -->
  <testcase name="tcPackaging" time="0.000" classname="com.hasbrop2m.security.Packaging">
    <skipped/>
  </testcase> <!-- tcPackaging -->
  <testcase name="tcPackaging" time="0.000" classname="com.hasbrop2m.security.Packaging">
    <skipped/>
  </testcase> <!-- tcPackaging -->
  <testcase name="tcPackaging" time="0.000" classname="com.hasbrop2m.security.Packaging">
    <skipped/>
  </testcase> <!-- tcPackaging -->
  <testcase name="tcPackaging" time="0.000" classname="com.hasbrop2m.security.Packaging">
    <skipped/>
  </testcase> <!-- tcPackaging -->
  <testcase name="tcPackaging" time="0.000" classname="com.hasbrop2m.security.Packaging">
    <skipped/>
  </testcase> <!-- tcPackaging -->
  <testcase name="tcPackaging" time="0.000" classname="com.hasbrop2m.security.Packaging">
    <skipped/>
  </testcase> <!-- tcPackaging -->
  <testcase name="tcPackaging" time="0.000" classname="com.hasbrop2m.security.Packaging">
    <skipped/>
  </testcase> <!-- tcPackaging -->
  <testcase name="tcPackaging" time="0.000" classname="com.hasbrop2m.security.Packaging">
    <skipped/>
  </testcase> <!-- tcPackaging -->
  <testcase name="tcPackaging" time="0.000" classname="com.hasbrop2m.security.Packaging">
    <skipped/>
  </testcase> <!-- tcPackaging -->
  <testcase name="tcPackaging" time="0.000" classname="com.hasbrop2m.security.Packaging">
    <skipped/>
  </testcase> <!-- tcPackaging -->
  <testcase name="tcPackaging" time="0.000" classname="com.hasbrop2m.security.Packaging">
    <skipped/>
  </testcase> <!-- tcPackaging -->
  <testcase name="tcPackaging" time="0.000" classname="com.hasbrop2m.security.Packaging">
    <skipped/>
  </testcase> <!-- tcPackaging -->
  <testcase name="tcPackaging" time="0.000" classname="com.hasbrop2m.security.Packaging">
    <skipped/>
  </testcase> <!-- tcPackaging -->
  <testcase name="tcPackaging" time="0.000" classname="com.hasbrop2m.security.Packaging">
    <skipped/>
  </testcase> <!-- tcPackaging -->
  <testcase name="tcPackaging" time="0.000" classname="com.hasbrop2m.security.Packaging">
    <skipped/>
  </testcase> <!-- tcPackaging -->
  <testcase name="tcPackaging" time="0.000" classname="com.hasbrop2m.security.Packaging">
    <skipped/>
  </testcase> <!-- tcPackaging -->
  <testcase name="tcPackaging" time="0.000" classname="com.hasbrop2m.security.Packaging">
    <skipped/>
  </testcase> <!-- tcPackaging -->
  <testcase name="tcPackaging" time="0.000" classname="com.hasbrop2m.security.Packaging">
    <skipped/>
  </testcase> <!-- tcPackaging -->
  <testcase name="tcPackaging" time="0.000" classname="com.hasbrop2m.security.Packaging">
    <skipped/>
  </testcase> <!-- tcPackaging -->
  <testcase name="tcPackaging" time="0.000" classname="com.hasbrop2m.security.Packaging">
    <skipped/>
  </testcase> <!-- tcPackaging -->
  <testcase name="tcPackaging" time="0.000" classname="com.hasbrop2m.security.Packaging">
    <skipped/>
  </testcase> <!-- tcPackaging -->
  <testcase name="tcPackaging" time="0.000" classname="com.hasbrop2m.security.Packaging">
    <skipped/>
  </testcase> <!-- tcPackaging -->
  <testcase name="tcPackaging" time="0.000" classname="com.hasbrop2m.security.Packaging">
    <skipped/>
  </testcase> <!-- tcPackaging -->
  <testcase name="tcPackaging" time="0.000" classname="com.hasbrop2m.security.Packaging">
    <skipped/>
  </testcase> <!-- tcPackaging -->
  <testcase name="tcPackaging" time="0.000" classname="com.hasbrop2m.security.Packaging">
    <skipped/>
  </testcase> <!-- tcPackaging -->
  <testcase name="tcPackaging" time="0.000" classname="com.hasbrop2m.security.Packaging">
    <skipped/>
  </testcase> <!-- tcPackaging -->
  <testcase name="tcPackaging" time="0.000" classname="com.hasbrop2m.security.Packaging">
    <skipped/>
  </testcase> <!-- tcPackaging -->
  <testcase name="tcPackaging" time="0.000" classname="com.hasbrop2m.security.Packaging">
    <skipped/>
  </testcase> <!-- tcPackaging -->
  <testcase name="tcPackaging" time="0.000" classname="com.hasbrop2m.security.Packaging">
    <skipped/>
  </testcase> <!-- tcPackaging -->
  <testcase name="tcPackaging" time="0.000" classname="com.hasbrop2m.security.Packaging">
    <skipped/>
  </testcase> <!-- tcPackaging -->
  <testcase name="tcPackaging" time="0.000" classname="com.hasbrop2m.security.Packaging">
    <skipped/>
  </testcase> <!-- tcPackaging -->
  <testcase name="tcPackaging" time="0.000" classname="com.hasbrop2m.security.Packaging">
    <skipped/>
  </testcase> <!-- tcPackaging -->
  <testcase name="tcPackaging" time="0.000" classname="com.hasbrop2m.security.Packaging">
    <skipped/>
  </testcase> <!-- tcPackaging -->
  <testcase name="tcPackaging" time="0.000" classname="com.hasbrop2m.security.Packaging">
    <skipped/>
  </testcase> <!-- tcPackaging -->
  <testcase name="tcPackaging" time="0.000" classname="com.hasbrop2m.security.Packaging">
    <skipped/>
  </testcase> <!-- tcPackaging -->
  <testcase name="tcPackaging" time="0.000" classname="com.hasbrop2m.security.Packaging">
    <skipped/>
  </testcase> <!-- tcPackaging -->
  <testcase name="tcPackaging" time="0.000" classname="com.hasbrop2m.security.Packaging">
    <skipped/>
  </testcase> <!-- tcPackaging -->
  <testcase name="tcPackaging" time="0.000" classname="com.hasbrop2m.security.Packaging">
    <skipped/>
  </testcase> <!-- tcPackaging -->
  <testcase name="tcPackaging" time="0.000" classname="com.hasbrop2m.security.Packaging">
    <skipped/>
  </testcase> <!-- tcPackaging -->
  <testcase name="tcPackaging" time="0.000" classname="com.hasbrop2m.security.Packaging">
    <skipped/>
  </testcase> <!-- tcPackaging -->
  <testcase name="tcPackaging" time="0.000" classname="com.hasbrop2m.security.Packaging">
    <skipped/>
  </testcase> <!-- tcPackaging -->
  <testcase name="tcPackaging" time="0.000" classname="com.hasbrop2m.security.Packaging">
    <skipped/>
  </testcase> <!-- tcPackaging -->
  <testcase name="tcPackaging" time="0.000" classname="com.hasbrop2m.security.Packaging">
    <skipped/>
  </testcase> <!-- tcPackaging -->
  <testcase name="tcPackaging" time="0.000" classname="com.hasbrop2m.security.Packaging">
    <skipped/>
  </testcase> <!-- tcPackaging -->
  <testcase name="tcPackaging" time="0.000" classname="com.hasbrop2m.security.Packaging">
    <skipped/>
  </testcase> <!-- tcPackaging -->
  <testcase name="tcPackaging" time="0.000" classname="com.hasbrop2m.security.Packaging">
    <skipped/>
  </testcase> <!-- tcPackaging -->
  <testcase name="tcPackaging" time="0.000" classname="com.hasbrop2m.security.Packaging">
    <skipped/>
  </testcase> <!-- tcPackaging -->
  <testcase name="tcPackaging" time="0.000" classname="com.hasbrop2m.security.Packaging">
    <skipped/>
  </testcase> <!-- tcPackaging -->
  <testcase name="tcPackaging" time="0.000" classname="com.hasbrop2m.security.Packaging">
    <skipped/>
  </testcase> <!-- tcPackaging -->
  <testcase name="tcPackaging" time="0.000" classname="com.hasbrop2m.security.Packaging">
    <skipped/>
  </testcase> <!-- tcPackaging -->
  <testcase name="tcPackaging" time="0.000" classname="com.hasbrop2m.security.Packaging">
    <skipped/>
  </testcase> <!-- tcPackaging -->
  <testcase name="tcPackaging" time="0.000" classname="com.hasbrop2m.security.Packaging">
    <skipped/>
  </testcase> <!-- tcPackaging -->
  <testcase name="tcPackaging" time="0.000" classname="com.hasbrop2m.security.Packaging">
    <skipped/>
  </testcase> <!-- tcPackaging -->
  <testcase name="tcPackaging" time="0.000" classname="com.hasbrop2m.security.Packaging">
    <skipped/>
  </testcase> <!-- tcPackaging -->
  <testcase name="tcPackaging" time="0.000" classname="com.hasbrop2m.security.Packaging">
    <skipped/>
  </testcase> <!-- tcPackaging -->
  <testcase name="tcPackaging" time="0.000" classname="com.hasbrop2m.security.Packaging">
    <skipped/>
  </testcase> <!-- tcPackaging -->
  <testcase name="tcPackaging" time="0.000" classname="com.hasbrop2m.security.Packaging">
    <skipped/>
  </testcase> <!-- tcPackaging -->
  <testcase name="tcPackaging" time="0.000" classname="com.hasbrop2m.security.Packaging">
    <skipped/>
  </testcase> <!-- tcPackaging -->
  <testcase name="tcPackaging" time="0.000" classname="com.hasbrop2m.security.Packaging">
    <skipped/>
  </testcase> <!-- tcPackaging -->
  <testcase name="tcPackaging" time="0.000" classname="com.hasbrop2m.security.Packaging">
    <skipped/>
  </testcase> <!-- tcPackaging -->
  <testcase name="tcPackaging" time="0.000" classname="com.hasbrop2m.security.Packaging">
    <skipped/>
  </testcase> <!-- tcPackaging -->
  <testcase name="tcPackaging" time="0.000" classname="com.hasbrop2m.security.Packaging">
    <skipped/>
  </testcase> <!-- tcPackaging -->
  <testcase name="tcPackaging" time="0.000" classname="com.hasbrop2m.security.Packaging">
    <skipped/>
  </testcase> <!-- tcPackaging -->
  <testcase name="tcPackaging" time="0.000" classname="com.hasbrop2m.security.Packaging">
    <skipped/>
  </testcase> <!-- tcPackaging -->
  <testcase name="tcPackaging" time="0.000" classname="com.hasbrop2m.security.Packaging">
    <skipped/>
  </testcase> <!-- tcPackaging -->
  <testcase name="tcPackaging" time="0.000" classname="com.hasbrop2m.security.Packaging">
    <skipped/>
  </testcase> <!-- tcPackaging -->
  <testcase name="tcPackaging" time="0.000" classname="com.hasbrop2m.security.Packaging">
    <skipped/>
  </testcase> <!-- tcPackaging -->
  <testcase name="tcPackaging" time="0.000" classname="com.hasbrop2m.security.Packaging">
    <skipped/>
  </testcase> <!-- tcPackaging -->
  <testcase name="tcPackaging" time="0.000" classname="com.hasbrop2m.security.Packaging">
    <skipped/>
  </testcase> <!-- tcPackaging -->
  <testcase name="tcPackaging" time="0.000" classname="com.hasbrop2m.security.Packaging">
    <skipped/>
  </testcase> <!-- tcPackaging -->
  <testcase name="tcPackaging" time="0.000" classname="com.hasbrop2m.security.Packaging">
    <skipped/>
  </testcase> <!-- tcPackaging -->
  <testcase name="tcPackaging" time="0.000" classname="com.hasbrop2m.security.Packaging">
    <skipped/>
  </testcase> <!-- tcPackaging -->
  <testcase name="tcPackaging" time="0.000" classname="com.hasbrop2m.security.Packaging">
    <skipped/>
  </testcase> <!-- tcPackaging -->
  <testcase name="tcPackaging" time="0.000" classname="com.hasbrop2m.security.Packaging">
    <skipped/>
  </testcase> <!-- tcPackaging -->
  <testcase name="tcPackaging" time="0.000" classname="com.hasbrop2m.security.Packaging">
    <skipped/>
  </testcase> <!-- tcPackaging -->
  <testcase name="tcPackaging" time="0.000" classname="com.hasbrop2m.security.Packaging">
    <skipped/>
  </testcase> <!-- tcPackaging -->
  <testcase name="tcPackaging" time="0.000" classname="com.hasbrop2m.security.Packaging">
    <skipped/>
  </testcase> <!-- tcPackaging -->
  <testcase name="tcPackaging" time="0.000" classname="com.hasbrop2m.security.Packaging">
    <skipped/>
  </testcase> <!-- tcPackaging -->
  <testcase name="tcPackaging" time="0.000" classname="com.hasbrop2m.security.Packaging">
    <skipped/>
  </testcase> <!-- tcPackaging -->
  <testcase name="tcPackaging" time="0.000" classname="com.hasbrop2m.security.Packaging">
    <skipped/>
  </testcase> <!-- tcPackaging -->
  <testcase name="tcPackaging" time="0.000" classname="com.hasbrop2m.security.Packaging">
    <skipped/>
  </testcase> <!-- tcPackaging -->
  <testcase name="tcPackaging" time="0.000" classname="com.hasbrop2m.security.Packaging">
    <skipped/>
  </testcase> <!-- tcPackaging -->
  <testcase name="tcPackaging" time="0.000" classname="com.hasbrop2m.security.Packaging">
    <skipped/>
  </testcase> <!-- tcPackaging -->
  <testcase name="tcPackaging" time="0.000" classname="com.hasbrop2m.security.Packaging">
    <skipped/>
  </testcase> <!-- tcPackaging -->
  <testcase name="tcPackaging" time="0.000" classname="com.hasbrop2m.security.Packaging">
    <skipped/>
  </testcase> <!-- tcPackaging -->
  <testcase name="tcPackaging" time="0.000" classname="com.hasbrop2m.security.Packaging">
    <skipped/>
  </testcase> <!-- tcPackaging -->
  <testcase name="tcPackaging" time="0.000" classname="com.hasbrop2m.security.Packaging">
    <skipped/>
  </testcase> <!-- tcPackaging -->
  <testcase name="tcPackaging" time="0.000" classname="com.hasbrop2m.security.Packaging">
    <skipped/>
  </testcase> <!-- tcPackaging -->
  <testcase name="tcPackaging" time="0.000" classname="com.hasbrop2m.security.Packaging">
    <skipped/>
  </testcase> <!-- tcPackaging -->
  <testcase name="tcPackaging" time="0.000" classname="com.hasbrop2m.security.Packaging">
    <skipped/>
  </testcase> <!-- tcPackaging -->
  <testcase name="tcPackaging" time="0.000" classname="com.hasbrop2m.security.Packaging">
    <skipped/>
  </testcase> <!-- tcPackaging -->
  <testcase name="tcPackaging" time="0.000" classname="com.hasbrop2m.security.Packaging">
    <skipped/>
  </testcase> <!-- tcPackaging -->
  <testcase name="tcPackaging" time="0.000" classname="com.hasbrop2m.security.Packaging">
    <skipped/>
  </testcase> <!-- tcPackaging -->
  <testcase name="tcPackaging" time="0.000" classname="com.hasbrop2m.security.Packaging">
    <skipped/>
  </testcase> <!-- tcPackaging -->
  <testcase name="tcPackaging" time="0.000" classname="com.hasbrop2m.security.Packaging">
    <skipped/>
  </testcase> <!-- tcPackaging -->
  <testcase name="tcPackaging" time="0.000" classname="com.hasbrop2m.security.Packaging">
    <skipped/>
  </testcase> <!-- tcPackaging -->
  <testcase name="tcPackaging" time="0.000" classname="com.hasbrop2m.security.Packaging">
    <skipped/>
  </testcase> <!-- tcPackaging -->
  <testcase name="tcPackaging" time="0.000" classname="com.hasbrop2m.security.Packaging">
    <skipped/>
  </testcase> <!-- tcPackaging -->
  <testcase name="tcPackaging" time="0.000" classname="com.hasbrop2m.security.Packaging">
    <skipped/>
  </testcase> <!-- tcPackaging -->
  <testcase name="tcPackaging" time="0.000" classname="com.hasbrop2m.security.Packaging">
    <skipped/>
  </testcase> <!-- tcPackaging -->
  <testcase name="tcPackaging" time="0.000" classname="com.hasbrop2m.security.Packaging">
    <skipped/>
  </testcase> <!-- tcPackaging -->
  <testcase name="tcPackaging" time="0.000" classname="com.hasbrop2m.security.Packaging">
    <skipped/>
  </testcase> <!-- tcPackaging -->
  <testcase name="tcPackaging" time="0.000" classname="com.hasbrop2m.security.Packaging">
    <skipped/>
  </testcase> <!-- tcPackaging -->
  <testcase name="tcPackaging" time="0.000" classname="com.hasbrop2m.security.Packaging">
    <skipped/>
  </testcase> <!-- tcPackaging -->
  <testcase name="tcPackaging" time="0.000" classname="com.hasbrop2m.security.Packaging">
    <skipped/>
  </testcase> <!-- tcPackaging -->
  <testcase name="tcPackaging" time="0.000" classname="com.hasbrop2m.security.Packaging">
    <skipped/>
  </testcase> <!-- tcPackaging -->
  <testcase name="tcPackaging" time="0.000" classname="com.hasbrop2m.security.Packaging">
    <skipped/>
  </testcase> <!-- tcPackaging -->
  <testcase name="tcPackaging" time="0.000" classname="com.hasbrop2m.security.Packaging">
    <skipped/>
  </testcase> <!-- tcPackaging -->
  <testcase name="tcPackaging" time="0.000" classname="com.hasbrop2m.security.Packaging">
    <skipped/>
  </testcase> <!-- tcPackaging -->
  <testcase name="tcPackaging" time="0.000" classname="com.hasbrop2m.security.Packaging">
    <skipped/>
  </testcase> <!-- tcPackaging -->
  <testcase name="tcPackaging" time="0.000" classname="com.hasbrop2m.security.Packaging">
    <skipped/>
  </testcase> <!-- tcPackaging -->
  <testcase name="tcPackaging" time="0.000" classname="com.hasbrop2m.security.Packaging">
    <skipped/>
  </testcase> <!-- tcPackaging -->
  <testcase name="tcPackaging" time="0.000" classname="com.hasbrop2m.security.Packaging">
    <skipped/>
  </testcase> <!-- tcPackaging -->
  <testcase name="tcPackaging" time="0.000" classname="com.hasbrop2m.security.Packaging">
    <skipped/>
  </testcase> <!-- tcPackaging -->
  <testcase name="tcPackaging" time="0.000" classname="com.hasbrop2m.security.Packaging">
    <skipped/>
  </testcase> <!-- tcPackaging -->
  <testcase name="tcPackaging" time="0.000" classname="com.hasbrop2m.security.Packaging">
    <skipped/>
  </testcase> <!-- tcPackaging -->
  <testcase name="tcPackaging" time="0.000" classname="com.hasbrop2m.security.Packaging">
    <skipped/>
  </testcase> <!-- tcPackaging -->
  <testcase name="tcPackaging" time="0.000" classname="com.hasbrop2m.security.Packaging">
    <skipped/>
  </testcase> <!-- tcPackaging -->
</testsuite> <!-- com.hasbrop2m.security.Packaging -->
