<?xml version="1.0" encoding="UTF-8"?>
<!-- Generated by org.testng.reporters.JUnitReportReporter -->
<testsuite skipped="459" hostname="BDC6-LX-723061Y" name="com.hasbrop2m.security.Supplier" tests="459" failures="0" timestamp="10 Sep 2018 06:51:58 GMT" time="0.000" errors="0">
  <testcase name="tcSupplier" time="0.000" classname="com.hasbrop2m.security.Supplier">
    <skipped/>
  </testcase> <!-- tcSupplier -->
  <testcase name="tcSupplier" time="0.000" classname="com.hasbrop2m.security.Supplier">
    <skipped/>
  </testcase> <!-- tcSupplier -->
  <testcase name="tcSupplier" time="0.000" classname="com.hasbrop2m.security.Supplier">
    <skipped/>
  </testcase> <!-- tcSupplier -->
  <testcase name="tcSupplier" time="0.000" classname="com.hasbrop2m.security.Supplier">
    <skipped/>
  </testcase> <!-- tcSupplier -->
  <testcase name="tcSupplier" time="0.000" classname="com.hasbrop2m.security.Supplier">
    <skipped/>
  </testcase> <!-- tcSupplier -->
  <testcase name="tcSupplier" time="0.000" classname="com.hasbrop2m.security.Supplier">
    <skipped/>
  </testcase> <!-- tcSupplier -->
  <testcase name="tcSupplier" time="0.000" classname="com.hasbrop2m.security.Supplier">
    <skipped/>
  </testcase> <!-- tcSupplier -->
  <testcase name="tcSupplier" time="0.000" classname="com.hasbrop2m.security.Supplier">
    <skipped/>
  </testcase> <!-- tcSupplier -->
  <testcase name="tcSupplier" time="0.000" classname="com.hasbrop2m.security.Supplier">
    <skipped/>
  </testcase> <!-- tcSupplier -->
  <testcase name="tcSupplier" time="0.000" classname="com.hasbrop2m.security.Supplier">
    <skipped/>
  </testcase> <!-- tcSupplier -->
  <testcase name="tcSupplier" time="0.000" classname="com.hasbrop2m.security.Supplier">
    <skipped/>
  </testcase> <!-- tcSupplier -->
  <testcase name="tcSupplier" time="0.000" classname="com.hasbrop2m.security.Supplier">
    <skipped/>
  </testcase> <!-- tcSupplier -->
  <testcase name="tcSupplier" time="0.000" classname="com.hasbrop2m.security.Supplier">
    <skipped/>
  </testcase> <!-- tcSupplier -->
  <testcase name="tcSupplier" time="0.000" classname="com.hasbrop2m.security.Supplier">
    <skipped/>
  </testcase> <!-- tcSupplier -->
  <testcase name="tcSupplier" time="0.000" classname="com.hasbrop2m.security.Supplier">
    <skipped/>
  </testcase> <!-- tcSupplier -->
  <testcase name="tcSupplier" time="0.000" classname="com.hasbrop2m.security.Supplier">
    <skipped/>
  </testcase> <!-- tcSupplier -->
  <testcase name="tcSupplier" time="0.000" classname="com.hasbrop2m.security.Supplier">
    <skipped/>
  </testcase> <!-- tcSupplier -->
  <testcase name="tcSupplier" time="0.000" classname="com.hasbrop2m.security.Supplier">
    <skipped/>
  </testcase> <!-- tcSupplier -->
  <testcase name="tcSupplier" time="0.000" classname="com.hasbrop2m.security.Supplier">
    <skipped/>
  </testcase> <!-- tcSupplier -->
  <testcase name="tcSupplier" time="0.000" classname="com.hasbrop2m.security.Supplier">
    <skipped/>
  </testcase> <!-- tcSupplier -->
  <testcase name="tcSupplier" time="0.000" classname="com.hasbrop2m.security.Supplier">
    <skipped/>
  </testcase> <!-- tcSupplier -->
  <testcase name="tcSupplier" time="0.000" classname="com.hasbrop2m.security.Supplier">
    <skipped/>
  </testcase> <!-- tcSupplier -->
  <testcase name="tcSupplier" time="0.000" classname="com.hasbrop2m.security.Supplier">
    <skipped/>
  </testcase> <!-- tcSupplier -->
  <testcase name="tcSupplier" time="0.000" classname="com.hasbrop2m.security.Supplier">
    <skipped/>
  </testcase> <!-- tcSupplier -->
  <testcase name="tcSupplier" time="0.000" classname="com.hasbrop2m.security.Supplier">
    <skipped/>
  </testcase> <!-- tcSupplier -->
  <testcase name="tcSupplier" time="0.000" classname="com.hasbrop2m.security.Supplier">
    <skipped/>
  </testcase> <!-- tcSupplier -->
  <testcase name="tcSupplier" time="0.000" classname="com.hasbrop2m.security.Supplier">
    <skipped/>
  </testcase> <!-- tcSupplier -->
  <testcase name="tcSupplier" time="0.000" classname="com.hasbrop2m.security.Supplier">
    <skipped/>
  </testcase> <!-- tcSupplier -->
  <testcase name="tcSupplier" time="0.000" classname="com.hasbrop2m.security.Supplier">
    <skipped/>
  </testcase> <!-- tcSupplier -->
  <testcase name="tcSupplier" time="0.000" classname="com.hasbrop2m.security.Supplier">
    <skipped/>
  </testcase> <!-- tcSupplier -->
  <testcase name="tcSupplier" time="0.000" classname="com.hasbrop2m.security.Supplier">
    <skipped/>
  </testcase> <!-- tcSupplier -->
  <testcase name="tcSupplier" time="0.000" classname="com.hasbrop2m.security.Supplier">
    <skipped/>
  </testcase> <!-- tcSupplier -->
  <testcase name="tcSupplier" time="0.000" classname="com.hasbrop2m.security.Supplier">
    <skipped/>
  </testcase> <!-- tcSupplier -->
  <testcase name="tcSupplier" time="0.000" classname="com.hasbrop2m.security.Supplier">
    <skipped/>
  </testcase> <!-- tcSupplier -->
  <testcase name="tcSupplier" time="0.000" classname="com.hasbrop2m.security.Supplier">
    <skipped/>
  </testcase> <!-- tcSupplier -->
  <testcase name="tcSupplier" time="0.000" classname="com.hasbrop2m.security.Supplier">
    <skipped/>
  </testcase> <!-- tcSupplier -->
  <testcase name="tcSupplier" time="0.000" classname="com.hasbrop2m.security.Supplier">
    <skipped/>
  </testcase> <!-- tcSupplier -->
  <testcase name="tcSupplier" time="0.000" classname="com.hasbrop2m.security.Supplier">
    <skipped/>
  </testcase> <!-- tcSupplier -->
  <testcase name="tcSupplier" time="0.000" classname="com.hasbrop2m.security.Supplier">
    <skipped/>
  </testcase> <!-- tcSupplier -->
  <testcase name="tcSupplier" time="0.000" classname="com.hasbrop2m.security.Supplier">
    <skipped/>
  </testcase> <!-- tcSupplier -->
  <testcase name="tcSupplier" time="0.000" classname="com.hasbrop2m.security.Supplier">
    <skipped/>
  </testcase> <!-- tcSupplier -->
  <testcase name="tcSupplier" time="0.000" classname="com.hasbrop2m.security.Supplier">
    <skipped/>
  </testcase> <!-- tcSupplier -->
  <testcase name="tcSupplier" time="0.000" classname="com.hasbrop2m.security.Supplier">
    <skipped/>
  </testcase> <!-- tcSupplier -->
  <testcase name="tcSupplier" time="0.000" classname="com.hasbrop2m.security.Supplier">
    <skipped/>
  </testcase> <!-- tcSupplier -->
  <testcase name="tcSupplier" time="0.000" classname="com.hasbrop2m.security.Supplier">
    <skipped/>
  </testcase> <!-- tcSupplier -->
  <testcase name="tcSupplier" time="0.000" classname="com.hasbrop2m.security.Supplier">
    <skipped/>
  </testcase> <!-- tcSupplier -->
  <testcase name="tcSupplier" time="0.000" classname="com.hasbrop2m.security.Supplier">
    <skipped/>
  </testcase> <!-- tcSupplier -->
  <testcase name="tcSupplier" time="0.000" classname="com.hasbrop2m.security.Supplier">
    <skipped/>
  </testcase> <!-- tcSupplier -->
  <testcase name="tcSupplier" time="0.000" classname="com.hasbrop2m.security.Supplier">
    <skipped/>
  </testcase> <!-- tcSupplier -->
  <testcase name="tcSupplier" time="0.000" classname="com.hasbrop2m.security.Supplier">
    <skipped/>
  </testcase> <!-- tcSupplier -->
  <testcase name="tcSupplier" time="0.000" classname="com.hasbrop2m.security.Supplier">
    <skipped/>
  </testcase> <!-- tcSupplier -->
  <testcase name="tcSupplier" time="0.000" classname="com.hasbrop2m.security.Supplier">
    <skipped/>
  </testcase> <!-- tcSupplier -->
  <testcase name="tcSupplier" time="0.000" classname="com.hasbrop2m.security.Supplier">
    <skipped/>
  </testcase> <!-- tcSupplier -->
  <testcase name="tcSupplier" time="0.000" classname="com.hasbrop2m.security.Supplier">
    <skipped/>
  </testcase> <!-- tcSupplier -->
  <testcase name="tcSupplier" time="0.000" classname="com.hasbrop2m.security.Supplier">
    <skipped/>
  </testcase> <!-- tcSupplier -->
  <testcase name="tcSupplier" time="0.000" classname="com.hasbrop2m.security.Supplier">
    <skipped/>
  </testcase> <!-- tcSupplier -->
  <testcase name="tcSupplier" time="0.000" classname="com.hasbrop2m.security.Supplier">
    <skipped/>
  </testcase> <!-- tcSupplier -->
  <testcase name="tcSupplier" time="0.000" classname="com.hasbrop2m.security.Supplier">
    <skipped/>
  </testcase> <!-- tcSupplier -->
  <testcase name="tcSupplier" time="0.000" classname="com.hasbrop2m.security.Supplier">
    <skipped/>
  </testcase> <!-- tcSupplier -->
  <testcase name="tcSupplier" time="0.000" classname="com.hasbrop2m.security.Supplier">
    <skipped/>
  </testcase> <!-- tcSupplier -->
  <testcase name="tcSupplier" time="0.000" classname="com.hasbrop2m.security.Supplier">
    <skipped/>
  </testcase> <!-- tcSupplier -->
  <testcase name="tcSupplier" time="0.000" classname="com.hasbrop2m.security.Supplier">
    <skipped/>
  </testcase> <!-- tcSupplier -->
  <testcase name="tcSupplier" time="0.000" classname="com.hasbrop2m.security.Supplier">
    <skipped/>
  </testcase> <!-- tcSupplier -->
  <testcase name="tcSupplier" time="0.000" classname="com.hasbrop2m.security.Supplier">
    <skipped/>
  </testcase> <!-- tcSupplier -->
  <testcase name="tcSupplier" time="0.000" classname="com.hasbrop2m.security.Supplier">
    <skipped/>
  </testcase> <!-- tcSupplier -->
  <testcase name="tcSupplier" time="0.000" classname="com.hasbrop2m.security.Supplier">
    <skipped/>
  </testcase> <!-- tcSupplier -->
  <testcase name="tcSupplier" time="0.000" classname="com.hasbrop2m.security.Supplier">
    <skipped/>
  </testcase> <!-- tcSupplier -->
  <testcase name="tcSupplier" time="0.000" classname="com.hasbrop2m.security.Supplier">
    <skipped/>
  </testcase> <!-- tcSupplier -->
  <testcase name="tcSupplier" time="0.000" classname="com.hasbrop2m.security.Supplier">
    <skipped/>
  </testcase> <!-- tcSupplier -->
  <testcase name="tcSupplier" time="0.000" classname="com.hasbrop2m.security.Supplier">
    <skipped/>
  </testcase> <!-- tcSupplier -->
  <testcase name="tcSupplier" time="0.000" classname="com.hasbrop2m.security.Supplier">
    <skipped/>
  </testcase> <!-- tcSupplier -->
  <testcase name="tcSupplier" time="0.000" classname="com.hasbrop2m.security.Supplier">
    <skipped/>
  </testcase> <!-- tcSupplier -->
  <testcase name="tcSupplier" time="0.000" classname="com.hasbrop2m.security.Supplier">
    <skipped/>
  </testcase> <!-- tcSupplier -->
  <testcase name="tcSupplier" time="0.000" classname="com.hasbrop2m.security.Supplier">
    <skipped/>
  </testcase> <!-- tcSupplier -->
  <testcase name="tcSupplier" time="0.000" classname="com.hasbrop2m.security.Supplier">
    <skipped/>
  </testcase> <!-- tcSupplier -->
  <testcase name="tcSupplier" time="0.000" classname="com.hasbrop2m.security.Supplier">
    <skipped/>
  </testcase> <!-- tcSupplier -->
  <testcase name="tcSupplier" time="0.000" classname="com.hasbrop2m.security.Supplier">
    <skipped/>
  </testcase> <!-- tcSupplier -->
  <testcase name="tcSupplier" time="0.000" classname="com.hasbrop2m.security.Supplier">
    <skipped/>
  </testcase> <!-- tcSupplier -->
  <testcase name="tcSupplier" time="0.000" classname="com.hasbrop2m.security.Supplier">
    <skipped/>
  </testcase> <!-- tcSupplier -->
  <testcase name="tcSupplier" time="0.000" classname="com.hasbrop2m.security.Supplier">
    <skipped/>
  </testcase> <!-- tcSupplier -->
  <testcase name="tcSupplier" time="0.000" classname="com.hasbrop2m.security.Supplier">
    <skipped/>
  </testcase> <!-- tcSupplier -->
  <testcase name="tcSupplier" time="0.000" classname="com.hasbrop2m.security.Supplier">
    <skipped/>
  </testcase> <!-- tcSupplier -->
  <testcase name="tcSupplier" time="0.000" classname="com.hasbrop2m.security.Supplier">
    <skipped/>
  </testcase> <!-- tcSupplier -->
  <testcase name="tcSupplier" time="0.000" classname="com.hasbrop2m.security.Supplier">
    <skipped/>
  </testcase> <!-- tcSupplier -->
  <testcase name="tcSupplier" time="0.000" classname="com.hasbrop2m.security.Supplier">
    <skipped/>
  </testcase> <!-- tcSupplier -->
  <testcase name="tcSupplier" time="0.000" classname="com.hasbrop2m.security.Supplier">
    <skipped/>
  </testcase> <!-- tcSupplier -->
  <testcase name="tcSupplier" time="0.000" classname="com.hasbrop2m.security.Supplier">
    <skipped/>
  </testcase> <!-- tcSupplier -->
  <testcase name="tcSupplier" time="0.000" classname="com.hasbrop2m.security.Supplier">
    <skipped/>
  </testcase> <!-- tcSupplier -->
  <testcase name="tcSupplier" time="0.000" classname="com.hasbrop2m.security.Supplier">
    <skipped/>
  </testcase> <!-- tcSupplier -->
  <testcase name="tcSupplier" time="0.000" classname="com.hasbrop2m.security.Supplier">
    <skipped/>
  </testcase> <!-- tcSupplier -->
  <testcase name="tcSupplier" time="0.000" classname="com.hasbrop2m.security.Supplier">
    <skipped/>
  </testcase> <!-- tcSupplier -->
  <testcase name="tcSupplier" time="0.000" classname="com.hasbrop2m.security.Supplier">
    <skipped/>
  </testcase> <!-- tcSupplier -->
  <testcase name="tcSupplier" time="0.000" classname="com.hasbrop2m.security.Supplier">
    <skipped/>
  </testcase> <!-- tcSupplier -->
  <testcase name="tcSupplier" time="0.000" classname="com.hasbrop2m.security.Supplier">
    <skipped/>
  </testcase> <!-- tcSupplier -->
  <testcase name="tcSupplier" time="0.000" classname="com.hasbrop2m.security.Supplier">
    <skipped/>
  </testcase> <!-- tcSupplier -->
  <testcase name="tcSupplier" time="0.000" classname="com.hasbrop2m.security.Supplier">
    <skipped/>
  </testcase> <!-- tcSupplier -->
  <testcase name="tcSupplier" time="0.000" classname="com.hasbrop2m.security.Supplier">
    <skipped/>
  </testcase> <!-- tcSupplier -->
  <testcase name="tcSupplier" time="0.000" classname="com.hasbrop2m.security.Supplier">
    <skipped/>
  </testcase> <!-- tcSupplier -->
  <testcase name="tcSupplier" time="0.000" classname="com.hasbrop2m.security.Supplier">
    <skipped/>
  </testcase> <!-- tcSupplier -->
  <testcase name="tcSupplier" time="0.000" classname="com.hasbrop2m.security.Supplier">
    <skipped/>
  </testcase> <!-- tcSupplier -->
  <testcase name="tcSupplier" time="0.000" classname="com.hasbrop2m.security.Supplier">
    <skipped/>
  </testcase> <!-- tcSupplier -->
  <testcase name="tcSupplier" time="0.000" classname="com.hasbrop2m.security.Supplier">
    <skipped/>
  </testcase> <!-- tcSupplier -->
  <testcase name="tcSupplier" time="0.000" classname="com.hasbrop2m.security.Supplier">
    <skipped/>
  </testcase> <!-- tcSupplier -->
  <testcase name="tcSupplier" time="0.000" classname="com.hasbrop2m.security.Supplier">
    <skipped/>
  </testcase> <!-- tcSupplier -->
  <testcase name="tcSupplier" time="0.000" classname="com.hasbrop2m.security.Supplier">
    <skipped/>
  </testcase> <!-- tcSupplier -->
  <testcase name="tcSupplier" time="0.000" classname="com.hasbrop2m.security.Supplier">
    <skipped/>
  </testcase> <!-- tcSupplier -->
  <testcase name="tcSupplier" time="0.000" classname="com.hasbrop2m.security.Supplier">
    <skipped/>
  </testcase> <!-- tcSupplier -->
  <testcase name="tcSupplier" time="0.000" classname="com.hasbrop2m.security.Supplier">
    <skipped/>
  </testcase> <!-- tcSupplier -->
  <testcase name="tcSupplier" time="0.000" classname="com.hasbrop2m.security.Supplier">
    <skipped/>
  </testcase> <!-- tcSupplier -->
  <testcase name="tcSupplier" time="0.000" classname="com.hasbrop2m.security.Supplier">
    <skipped/>
  </testcase> <!-- tcSupplier -->
  <testcase name="tcSupplier" time="0.000" classname="com.hasbrop2m.security.Supplier">
    <skipped/>
  </testcase> <!-- tcSupplier -->
  <testcase name="tcSupplier" time="0.000" classname="com.hasbrop2m.security.Supplier">
    <skipped/>
  </testcase> <!-- tcSupplier -->
  <testcase name="tcSupplier" time="0.000" classname="com.hasbrop2m.security.Supplier">
    <skipped/>
  </testcase> <!-- tcSupplier -->
  <testcase name="tcSupplier" time="0.000" classname="com.hasbrop2m.security.Supplier">
    <skipped/>
  </testcase> <!-- tcSupplier -->
  <testcase name="tcSupplier" time="0.000" classname="com.hasbrop2m.security.Supplier">
    <skipped/>
  </testcase> <!-- tcSupplier -->
  <testcase name="tcSupplier" time="0.000" classname="com.hasbrop2m.security.Supplier">
    <skipped/>
  </testcase> <!-- tcSupplier -->
  <testcase name="tcSupplier" time="0.000" classname="com.hasbrop2m.security.Supplier">
    <skipped/>
  </testcase> <!-- tcSupplier -->
  <testcase name="tcSupplier" time="0.000" classname="com.hasbrop2m.security.Supplier">
    <skipped/>
  </testcase> <!-- tcSupplier -->
  <testcase name="tcSupplier" time="0.000" classname="com.hasbrop2m.security.Supplier">
    <skipped/>
  </testcase> <!-- tcSupplier -->
  <testcase name="tcSupplier" time="0.000" classname="com.hasbrop2m.security.Supplier">
    <skipped/>
  </testcase> <!-- tcSupplier -->
  <testcase name="tcSupplier" time="0.000" classname="com.hasbrop2m.security.Supplier">
    <skipped/>
  </testcase> <!-- tcSupplier -->
  <testcase name="tcSupplier" time="0.000" classname="com.hasbrop2m.security.Supplier">
    <skipped/>
  </testcase> <!-- tcSupplier -->
  <testcase name="tcSupplier" time="0.000" classname="com.hasbrop2m.security.Supplier">
    <skipped/>
  </testcase> <!-- tcSupplier -->
  <testcase name="tcSupplier" time="0.000" classname="com.hasbrop2m.security.Supplier">
    <skipped/>
  </testcase> <!-- tcSupplier -->
  <testcase name="tcSupplier" time="0.000" classname="com.hasbrop2m.security.Supplier">
    <skipped/>
  </testcase> <!-- tcSupplier -->
  <testcase name="tcSupplier" time="0.000" classname="com.hasbrop2m.security.Supplier">
    <skipped/>
  </testcase> <!-- tcSupplier -->
  <testcase name="tcSupplier" time="0.000" classname="com.hasbrop2m.security.Supplier">
    <skipped/>
  </testcase> <!-- tcSupplier -->
  <testcase name="tcSupplier" time="0.000" classname="com.hasbrop2m.security.Supplier">
    <skipped/>
  </testcase> <!-- tcSupplier -->
  <testcase name="tcSupplier" time="0.000" classname="com.hasbrop2m.security.Supplier">
    <skipped/>
  </testcase> <!-- tcSupplier -->
  <testcase name="tcSupplier" time="0.000" classname="com.hasbrop2m.security.Supplier">
    <skipped/>
  </testcase> <!-- tcSupplier -->
  <testcase name="tcSupplier" time="0.000" classname="com.hasbrop2m.security.Supplier">
    <skipped/>
  </testcase> <!-- tcSupplier -->
  <testcase name="tcSupplier" time="0.000" classname="com.hasbrop2m.security.Supplier">
    <skipped/>
  </testcase> <!-- tcSupplier -->
  <testcase name="tcSupplier" time="0.000" classname="com.hasbrop2m.security.Supplier">
    <skipped/>
  </testcase> <!-- tcSupplier -->
  <testcase name="tcSupplier" time="0.000" classname="com.hasbrop2m.security.Supplier">
    <skipped/>
  </testcase> <!-- tcSupplier -->
  <testcase name="tcSupplier" time="0.000" classname="com.hasbrop2m.security.Supplier">
    <skipped/>
  </testcase> <!-- tcSupplier -->
  <testcase name="tcSupplier" time="0.000" classname="com.hasbrop2m.security.Supplier">
    <skipped/>
  </testcase> <!-- tcSupplier -->
  <testcase name="tcSupplier" time="0.000" classname="com.hasbrop2m.security.Supplier">
    <skipped/>
  </testcase> <!-- tcSupplier -->
  <testcase name="tcSupplier" time="0.000" classname="com.hasbrop2m.security.Supplier">
    <skipped/>
  </testcase> <!-- tcSupplier -->
  <testcase name="tcSupplier" time="0.000" classname="com.hasbrop2m.security.Supplier">
    <skipped/>
  </testcase> <!-- tcSupplier -->
  <testcase name="tcSupplier" time="0.000" classname="com.hasbrop2m.security.Supplier">
    <skipped/>
  </testcase> <!-- tcSupplier -->
  <testcase name="tcSupplier" time="0.000" classname="com.hasbrop2m.security.Supplier">
    <skipped/>
  </testcase> <!-- tcSupplier -->
  <testcase name="tcSupplier" time="0.000" classname="com.hasbrop2m.security.Supplier">
    <skipped/>
  </testcase> <!-- tcSupplier -->
  <testcase name="tcSupplier" time="0.000" classname="com.hasbrop2m.security.Supplier">
    <skipped/>
  </testcase> <!-- tcSupplier -->
  <testcase name="tcSupplier" time="0.000" classname="com.hasbrop2m.security.Supplier">
    <skipped/>
  </testcase> <!-- tcSupplier -->
  <testcase name="tcSupplier" time="0.000" classname="com.hasbrop2m.security.Supplier">
    <skipped/>
  </testcase> <!-- tcSupplier -->
  <testcase name="tcSupplier" time="0.000" classname="com.hasbrop2m.security.Supplier">
    <skipped/>
  </testcase> <!-- tcSupplier -->
  <testcase name="tcSupplier" time="0.000" classname="com.hasbrop2m.security.Supplier">
    <skipped/>
  </testcase> <!-- tcSupplier -->
  <testcase name="tcSupplier" time="0.000" classname="com.hasbrop2m.security.Supplier">
    <skipped/>
  </testcase> <!-- tcSupplier -->
  <testcase name="tcSupplier" time="0.000" classname="com.hasbrop2m.security.Supplier">
    <skipped/>
  </testcase> <!-- tcSupplier -->
  <testcase name="tcSupplier" time="0.000" classname="com.hasbrop2m.security.Supplier">
    <skipped/>
  </testcase> <!-- tcSupplier -->
  <testcase name="tcSupplier" time="0.000" classname="com.hasbrop2m.security.Supplier">
    <skipped/>
  </testcase> <!-- tcSupplier -->
  <testcase name="tcSupplier" time="0.000" classname="com.hasbrop2m.security.Supplier">
    <skipped/>
  </testcase> <!-- tcSupplier -->
  <testcase name="tcSupplier" time="0.000" classname="com.hasbrop2m.security.Supplier">
    <skipped/>
  </testcase> <!-- tcSupplier -->
  <testcase name="tcSupplier" time="0.000" classname="com.hasbrop2m.security.Supplier">
    <skipped/>
  </testcase> <!-- tcSupplier -->
  <testcase name="tcSupplier" time="0.000" classname="com.hasbrop2m.security.Supplier">
    <skipped/>
  </testcase> <!-- tcSupplier -->
  <testcase name="tcSupplier" time="0.000" classname="com.hasbrop2m.security.Supplier">
    <skipped/>
  </testcase> <!-- tcSupplier -->
  <testcase name="tcSupplier" time="0.000" classname="com.hasbrop2m.security.Supplier">
    <skipped/>
  </testcase> <!-- tcSupplier -->
  <testcase name="tcSupplier" time="0.000" classname="com.hasbrop2m.security.Supplier">
    <skipped/>
  </testcase> <!-- tcSupplier -->
  <testcase name="tcSupplier" time="0.000" classname="com.hasbrop2m.security.Supplier">
    <skipped/>
  </testcase> <!-- tcSupplier -->
  <testcase name="tcSupplier" time="0.000" classname="com.hasbrop2m.security.Supplier">
    <skipped/>
  </testcase> <!-- tcSupplier -->
  <testcase name="tcSupplier" time="0.000" classname="com.hasbrop2m.security.Supplier">
    <skipped/>
  </testcase> <!-- tcSupplier -->
  <testcase name="tcSupplier" time="0.000" classname="com.hasbrop2m.security.Supplier">
    <skipped/>
  </testcase> <!-- tcSupplier -->
  <testcase name="tcSupplier" time="0.000" classname="com.hasbrop2m.security.Supplier">
    <skipped/>
  </testcase> <!-- tcSupplier -->
  <testcase name="tcSupplier" time="0.000" classname="com.hasbrop2m.security.Supplier">
    <skipped/>
  </testcase> <!-- tcSupplier -->
  <testcase name="tcSupplier" time="0.000" classname="com.hasbrop2m.security.Supplier">
    <skipped/>
  </testcase> <!-- tcSupplier -->
  <testcase name="tcSupplier" time="0.000" classname="com.hasbrop2m.security.Supplier">
    <skipped/>
  </testcase> <!-- tcSupplier -->
  <testcase name="tcSupplier" time="0.000" classname="com.hasbrop2m.security.Supplier">
    <skipped/>
  </testcase> <!-- tcSupplier -->
  <testcase name="tcSupplier" time="0.000" classname="com.hasbrop2m.security.Supplier">
    <skipped/>
  </testcase> <!-- tcSupplier -->
  <testcase name="tcSupplier" time="0.000" classname="com.hasbrop2m.security.Supplier">
    <skipped/>
  </testcase> <!-- tcSupplier -->
  <testcase name="tcSupplier" time="0.000" classname="com.hasbrop2m.security.Supplier">
    <skipped/>
  </testcase> <!-- tcSupplier -->
  <testcase name="tcSupplier" time="0.000" classname="com.hasbrop2m.security.Supplier">
    <skipped/>
  </testcase> <!-- tcSupplier -->
  <testcase name="tcSupplier" time="0.000" classname="com.hasbrop2m.security.Supplier">
    <skipped/>
  </testcase> <!-- tcSupplier -->
  <testcase name="tcSupplier" time="0.000" classname="com.hasbrop2m.security.Supplier">
    <skipped/>
  </testcase> <!-- tcSupplier -->
  <testcase name="tcSupplier" time="0.000" classname="com.hasbrop2m.security.Supplier">
    <skipped/>
  </testcase> <!-- tcSupplier -->
  <testcase name="tcSupplier" time="0.000" classname="com.hasbrop2m.security.Supplier">
    <skipped/>
  </testcase> <!-- tcSupplier -->
  <testcase name="tcSupplier" time="0.000" classname="com.hasbrop2m.security.Supplier">
    <skipped/>
  </testcase> <!-- tcSupplier -->
  <testcase name="tcSupplier" time="0.000" classname="com.hasbrop2m.security.Supplier">
    <skipped/>
  </testcase> <!-- tcSupplier -->
  <testcase name="tcSupplier" time="0.000" classname="com.hasbrop2m.security.Supplier">
    <skipped/>
  </testcase> <!-- tcSupplier -->
  <testcase name="tcSupplier" time="0.000" classname="com.hasbrop2m.security.Supplier">
    <skipped/>
  </testcase> <!-- tcSupplier -->
  <testcase name="tcSupplier" time="0.000" classname="com.hasbrop2m.security.Supplier">
    <skipped/>
  </testcase> <!-- tcSupplier -->
  <testcase name="tcSupplier" time="0.000" classname="com.hasbrop2m.security.Supplier">
    <skipped/>
  </testcase> <!-- tcSupplier -->
  <testcase name="tcSupplier" time="0.000" classname="com.hasbrop2m.security.Supplier">
    <skipped/>
  </testcase> <!-- tcSupplier -->
  <testcase name="tcSupplier" time="0.000" classname="com.hasbrop2m.security.Supplier">
    <skipped/>
  </testcase> <!-- tcSupplier -->
  <testcase name="tcSupplier" time="0.000" classname="com.hasbrop2m.security.Supplier">
    <skipped/>
  </testcase> <!-- tcSupplier -->
  <testcase name="tcSupplier" time="0.000" classname="com.hasbrop2m.security.Supplier">
    <skipped/>
  </testcase> <!-- tcSupplier -->
  <testcase name="tcSupplier" time="0.000" classname="com.hasbrop2m.security.Supplier">
    <skipped/>
  </testcase> <!-- tcSupplier -->
  <testcase name="tcSupplier" time="0.000" classname="com.hasbrop2m.security.Supplier">
    <skipped/>
  </testcase> <!-- tcSupplier -->
  <testcase name="tcSupplier" time="0.000" classname="com.hasbrop2m.security.Supplier">
    <skipped/>
  </testcase> <!-- tcSupplier -->
  <testcase name="tcSupplier" time="0.000" classname="com.hasbrop2m.security.Supplier">
    <skipped/>
  </testcase> <!-- tcSupplier -->
  <testcase name="tcSupplier" time="0.000" classname="com.hasbrop2m.security.Supplier">
    <skipped/>
  </testcase> <!-- tcSupplier -->
  <testcase name="tcSupplier" time="0.000" classname="com.hasbrop2m.security.Supplier">
    <skipped/>
  </testcase> <!-- tcSupplier -->
  <testcase name="tcSupplier" time="0.000" classname="com.hasbrop2m.security.Supplier">
    <skipped/>
  </testcase> <!-- tcSupplier -->
  <testcase name="tcSupplier" time="0.000" classname="com.hasbrop2m.security.Supplier">
    <skipped/>
  </testcase> <!-- tcSupplier -->
  <testcase name="tcSupplier" time="0.000" classname="com.hasbrop2m.security.Supplier">
    <skipped/>
  </testcase> <!-- tcSupplier -->
  <testcase name="tcSupplier" time="0.000" classname="com.hasbrop2m.security.Supplier">
    <skipped/>
  </testcase> <!-- tcSupplier -->
  <testcase name="tcSupplier" time="0.000" classname="com.hasbrop2m.security.Supplier">
    <skipped/>
  </testcase> <!-- tcSupplier -->
  <testcase name="tcSupplier" time="0.000" classname="com.hasbrop2m.security.Supplier">
    <skipped/>
  </testcase> <!-- tcSupplier -->
  <testcase name="tcSupplier" time="0.000" classname="com.hasbrop2m.security.Supplier">
    <skipped/>
  </testcase> <!-- tcSupplier -->
  <testcase name="tcSupplier" time="0.000" classname="com.hasbrop2m.security.Supplier">
    <skipped/>
  </testcase> <!-- tcSupplier -->
  <testcase name="tcSupplier" time="0.000" classname="com.hasbrop2m.security.Supplier">
    <skipped/>
  </testcase> <!-- tcSupplier -->
  <testcase name="tcSupplier" time="0.000" classname="com.hasbrop2m.security.Supplier">
    <skipped/>
  </testcase> <!-- tcSupplier -->
  <testcase name="tcSupplier" time="0.000" classname="com.hasbrop2m.security.Supplier">
    <skipped/>
  </testcase> <!-- tcSupplier -->
  <testcase name="tcSupplier" time="0.000" classname="com.hasbrop2m.security.Supplier">
    <skipped/>
  </testcase> <!-- tcSupplier -->
  <testcase name="tcSupplier" time="0.000" classname="com.hasbrop2m.security.Supplier">
    <skipped/>
  </testcase> <!-- tcSupplier -->
  <testcase name="tcSupplier" time="0.000" classname="com.hasbrop2m.security.Supplier">
    <skipped/>
  </testcase> <!-- tcSupplier -->
  <testcase name="tcSupplier" time="0.000" classname="com.hasbrop2m.security.Supplier">
    <skipped/>
  </testcase> <!-- tcSupplier -->
  <testcase name="tcSupplier" time="0.000" classname="com.hasbrop2m.security.Supplier">
    <skipped/>
  </testcase> <!-- tcSupplier -->
  <testcase name="tcSupplier" time="0.000" classname="com.hasbrop2m.security.Supplier">
    <skipped/>
  </testcase> <!-- tcSupplier -->
  <testcase name="tcSupplier" time="0.000" classname="com.hasbrop2m.security.Supplier">
    <skipped/>
  </testcase> <!-- tcSupplier -->
  <testcase name="tcSupplier" time="0.000" classname="com.hasbrop2m.security.Supplier">
    <skipped/>
  </testcase> <!-- tcSupplier -->
  <testcase name="tcSupplier" time="0.000" classname="com.hasbrop2m.security.Supplier">
    <skipped/>
  </testcase> <!-- tcSupplier -->
  <testcase name="tcSupplier" time="0.000" classname="com.hasbrop2m.security.Supplier">
    <skipped/>
  </testcase> <!-- tcSupplier -->
  <testcase name="tcSupplier" time="0.000" classname="com.hasbrop2m.security.Supplier">
    <skipped/>
  </testcase> <!-- tcSupplier -->
  <testcase name="tcSupplier" time="0.000" classname="com.hasbrop2m.security.Supplier">
    <skipped/>
  </testcase> <!-- tcSupplier -->
  <testcase name="tcSupplier" time="0.000" classname="com.hasbrop2m.security.Supplier">
    <skipped/>
  </testcase> <!-- tcSupplier -->
  <testcase name="tcSupplier" time="0.000" classname="com.hasbrop2m.security.Supplier">
    <skipped/>
  </testcase> <!-- tcSupplier -->
  <testcase name="tcSupplier" time="0.000" classname="com.hasbrop2m.security.Supplier">
    <skipped/>
  </testcase> <!-- tcSupplier -->
  <testcase name="tcSupplier" time="0.000" classname="com.hasbrop2m.security.Supplier">
    <skipped/>
  </testcase> <!-- tcSupplier -->
  <testcase name="tcSupplier" time="0.000" classname="com.hasbrop2m.security.Supplier">
    <skipped/>
  </testcase> <!-- tcSupplier -->
  <testcase name="tcSupplier" time="0.000" classname="com.hasbrop2m.security.Supplier">
    <skipped/>
  </testcase> <!-- tcSupplier -->
  <testcase name="tcSupplier" time="0.000" classname="com.hasbrop2m.security.Supplier">
    <skipped/>
  </testcase> <!-- tcSupplier -->
  <testcase name="tcSupplier" time="0.000" classname="com.hasbrop2m.security.Supplier">
    <skipped/>
  </testcase> <!-- tcSupplier -->
  <testcase name="tcSupplier" time="0.000" classname="com.hasbrop2m.security.Supplier">
    <skipped/>
  </testcase> <!-- tcSupplier -->
  <testcase name="tcSupplier" time="0.000" classname="com.hasbrop2m.security.Supplier">
    <skipped/>
  </testcase> <!-- tcSupplier -->
  <testcase name="tcSupplier" time="0.000" classname="com.hasbrop2m.security.Supplier">
    <skipped/>
  </testcase> <!-- tcSupplier -->
  <testcase name="tcSupplier" time="0.000" classname="com.hasbrop2m.security.Supplier">
    <skipped/>
  </testcase> <!-- tcSupplier -->
  <testcase name="tcSupplier" time="0.000" classname="com.hasbrop2m.security.Supplier">
    <skipped/>
  </testcase> <!-- tcSupplier -->
  <testcase name="tcSupplier" time="0.000" classname="com.hasbrop2m.security.Supplier">
    <skipped/>
  </testcase> <!-- tcSupplier -->
  <testcase name="tcSupplier" time="0.000" classname="com.hasbrop2m.security.Supplier">
    <skipped/>
  </testcase> <!-- tcSupplier -->
  <testcase name="tcSupplier" time="0.000" classname="com.hasbrop2m.security.Supplier">
    <skipped/>
  </testcase> <!-- tcSupplier -->
  <testcase name="tcSupplier" time="0.000" classname="com.hasbrop2m.security.Supplier">
    <skipped/>
  </testcase> <!-- tcSupplier -->
  <testcase name="tcSupplier" time="0.000" classname="com.hasbrop2m.security.Supplier">
    <skipped/>
  </testcase> <!-- tcSupplier -->
  <testcase name="tcSupplier" time="0.000" classname="com.hasbrop2m.security.Supplier">
    <skipped/>
  </testcase> <!-- tcSupplier -->
  <testcase name="tcSupplier" time="0.000" classname="com.hasbrop2m.security.Supplier">
    <skipped/>
  </testcase> <!-- tcSupplier -->
  <testcase name="tcSupplier" time="0.000" classname="com.hasbrop2m.security.Supplier">
    <skipped/>
  </testcase> <!-- tcSupplier -->
  <testcase name="tcSupplier" time="0.000" classname="com.hasbrop2m.security.Supplier">
    <skipped/>
  </testcase> <!-- tcSupplier -->
  <testcase name="tcSupplier" time="0.000" classname="com.hasbrop2m.security.Supplier">
    <skipped/>
  </testcase> <!-- tcSupplier -->
  <testcase name="tcSupplier" time="0.000" classname="com.hasbrop2m.security.Supplier">
    <skipped/>
  </testcase> <!-- tcSupplier -->
  <testcase name="tcSupplier" time="0.000" classname="com.hasbrop2m.security.Supplier">
    <skipped/>
  </testcase> <!-- tcSupplier -->
  <testcase name="tcSupplier" time="0.000" classname="com.hasbrop2m.security.Supplier">
    <skipped/>
  </testcase> <!-- tcSupplier -->
  <testcase name="tcSupplier" time="0.000" classname="com.hasbrop2m.security.Supplier">
    <skipped/>
  </testcase> <!-- tcSupplier -->
  <testcase name="tcSupplier" time="0.000" classname="com.hasbrop2m.security.Supplier">
    <skipped/>
  </testcase> <!-- tcSupplier -->
  <testcase name="tcSupplier" time="0.000" classname="com.hasbrop2m.security.Supplier">
    <skipped/>
  </testcase> <!-- tcSupplier -->
  <testcase name="tcSupplier" time="0.000" classname="com.hasbrop2m.security.Supplier">
    <skipped/>
  </testcase> <!-- tcSupplier -->
  <testcase name="tcSupplier" time="0.000" classname="com.hasbrop2m.security.Supplier">
    <skipped/>
  </testcase> <!-- tcSupplier -->
  <testcase name="tcSupplier" time="0.000" classname="com.hasbrop2m.security.Supplier">
    <skipped/>
  </testcase> <!-- tcSupplier -->
  <testcase name="tcSupplier" time="0.000" classname="com.hasbrop2m.security.Supplier">
    <skipped/>
  </testcase> <!-- tcSupplier -->
  <testcase name="tcSupplier" time="0.000" classname="com.hasbrop2m.security.Supplier">
    <skipped/>
  </testcase> <!-- tcSupplier -->
  <testcase name="tcSupplier" time="0.000" classname="com.hasbrop2m.security.Supplier">
    <skipped/>
  </testcase> <!-- tcSupplier -->
  <testcase name="tcSupplier" time="0.000" classname="com.hasbrop2m.security.Supplier">
    <skipped/>
  </testcase> <!-- tcSupplier -->
  <testcase name="tcSupplier" time="0.000" classname="com.hasbrop2m.security.Supplier">
    <skipped/>
  </testcase> <!-- tcSupplier -->
  <testcase name="tcSupplier" time="0.000" classname="com.hasbrop2m.security.Supplier">
    <skipped/>
  </testcase> <!-- tcSupplier -->
  <testcase name="tcSupplier" time="0.000" classname="com.hasbrop2m.security.Supplier">
    <skipped/>
  </testcase> <!-- tcSupplier -->
  <testcase name="tcSupplier" time="0.000" classname="com.hasbrop2m.security.Supplier">
    <skipped/>
  </testcase> <!-- tcSupplier -->
  <testcase name="tcSupplier" time="0.000" classname="com.hasbrop2m.security.Supplier">
    <skipped/>
  </testcase> <!-- tcSupplier -->
  <testcase name="tcSupplier" time="0.000" classname="com.hasbrop2m.security.Supplier">
    <skipped/>
  </testcase> <!-- tcSupplier -->
  <testcase name="tcSupplier" time="0.000" classname="com.hasbrop2m.security.Supplier">
    <skipped/>
  </testcase> <!-- tcSupplier -->
  <testcase name="tcSupplier" time="0.000" classname="com.hasbrop2m.security.Supplier">
    <skipped/>
  </testcase> <!-- tcSupplier -->
  <testcase name="tcSupplier" time="0.000" classname="com.hasbrop2m.security.Supplier">
    <skipped/>
  </testcase> <!-- tcSupplier -->
  <testcase name="tcSupplier" time="0.000" classname="com.hasbrop2m.security.Supplier">
    <skipped/>
  </testcase> <!-- tcSupplier -->
  <testcase name="tcSupplier" time="0.000" classname="com.hasbrop2m.security.Supplier">
    <skipped/>
  </testcase> <!-- tcSupplier -->
  <testcase name="tcSupplier" time="0.000" classname="com.hasbrop2m.security.Supplier">
    <skipped/>
  </testcase> <!-- tcSupplier -->
  <testcase name="tcSupplier" time="0.000" classname="com.hasbrop2m.security.Supplier">
    <skipped/>
  </testcase> <!-- tcSupplier -->
  <testcase name="tcSupplier" time="0.000" classname="com.hasbrop2m.security.Supplier">
    <skipped/>
  </testcase> <!-- tcSupplier -->
  <testcase name="tcSupplier" time="0.000" classname="com.hasbrop2m.security.Supplier">
    <skipped/>
  </testcase> <!-- tcSupplier -->
  <testcase name="tcSupplier" time="0.000" classname="com.hasbrop2m.security.Supplier">
    <skipped/>
  </testcase> <!-- tcSupplier -->
  <testcase name="tcSupplier" time="0.000" classname="com.hasbrop2m.security.Supplier">
    <skipped/>
  </testcase> <!-- tcSupplier -->
  <testcase name="tcSupplier" time="0.000" classname="com.hasbrop2m.security.Supplier">
    <skipped/>
  </testcase> <!-- tcSupplier -->
  <testcase name="tcSupplier" time="0.000" classname="com.hasbrop2m.security.Supplier">
    <skipped/>
  </testcase> <!-- tcSupplier -->
  <testcase name="tcSupplier" time="0.000" classname="com.hasbrop2m.security.Supplier">
    <skipped/>
  </testcase> <!-- tcSupplier -->
  <testcase name="tcSupplier" time="0.000" classname="com.hasbrop2m.security.Supplier">
    <skipped/>
  </testcase> <!-- tcSupplier -->
  <testcase name="tcSupplier" time="0.000" classname="com.hasbrop2m.security.Supplier">
    <skipped/>
  </testcase> <!-- tcSupplier -->
  <testcase name="tcSupplier" time="0.000" classname="com.hasbrop2m.security.Supplier">
    <skipped/>
  </testcase> <!-- tcSupplier -->
  <testcase name="tcSupplier" time="0.000" classname="com.hasbrop2m.security.Supplier">
    <skipped/>
  </testcase> <!-- tcSupplier -->
  <testcase name="tcSupplier" time="0.000" classname="com.hasbrop2m.security.Supplier">
    <skipped/>
  </testcase> <!-- tcSupplier -->
  <testcase name="tcSupplier" time="0.000" classname="com.hasbrop2m.security.Supplier">
    <skipped/>
  </testcase> <!-- tcSupplier -->
  <testcase name="tcSupplier" time="0.000" classname="com.hasbrop2m.security.Supplier">
    <skipped/>
  </testcase> <!-- tcSupplier -->
  <testcase name="tcSupplier" time="0.000" classname="com.hasbrop2m.security.Supplier">
    <skipped/>
  </testcase> <!-- tcSupplier -->
  <testcase name="tcSupplier" time="0.000" classname="com.hasbrop2m.security.Supplier">
    <skipped/>
  </testcase> <!-- tcSupplier -->
  <testcase name="tcSupplier" time="0.000" classname="com.hasbrop2m.security.Supplier">
    <skipped/>
  </testcase> <!-- tcSupplier -->
  <testcase name="tcSupplier" time="0.000" classname="com.hasbrop2m.security.Supplier">
    <skipped/>
  </testcase> <!-- tcSupplier -->
  <testcase name="tcSupplier" time="0.000" classname="com.hasbrop2m.security.Supplier">
    <skipped/>
  </testcase> <!-- tcSupplier -->
  <testcase name="tcSupplier" time="0.000" classname="com.hasbrop2m.security.Supplier">
    <skipped/>
  </testcase> <!-- tcSupplier -->
  <testcase name="tcSupplier" time="0.000" classname="com.hasbrop2m.security.Supplier">
    <skipped/>
  </testcase> <!-- tcSupplier -->
  <testcase name="tcSupplier" time="0.000" classname="com.hasbrop2m.security.Supplier">
    <skipped/>
  </testcase> <!-- tcSupplier -->
  <testcase name="tcSupplier" time="0.000" classname="com.hasbrop2m.security.Supplier">
    <skipped/>
  </testcase> <!-- tcSupplier -->
  <testcase name="tcSupplier" time="0.000" classname="com.hasbrop2m.security.Supplier">
    <skipped/>
  </testcase> <!-- tcSupplier -->
  <testcase name="tcSupplier" time="0.000" classname="com.hasbrop2m.security.Supplier">
    <skipped/>
  </testcase> <!-- tcSupplier -->
  <testcase name="tcSupplier" time="0.000" classname="com.hasbrop2m.security.Supplier">
    <skipped/>
  </testcase> <!-- tcSupplier -->
  <testcase name="tcSupplier" time="0.000" classname="com.hasbrop2m.security.Supplier">
    <skipped/>
  </testcase> <!-- tcSupplier -->
  <testcase name="tcSupplier" time="0.000" classname="com.hasbrop2m.security.Supplier">
    <skipped/>
  </testcase> <!-- tcSupplier -->
  <testcase name="tcSupplier" time="0.000" classname="com.hasbrop2m.security.Supplier">
    <skipped/>
  </testcase> <!-- tcSupplier -->
  <testcase name="tcSupplier" time="0.000" classname="com.hasbrop2m.security.Supplier">
    <skipped/>
  </testcase> <!-- tcSupplier -->
  <testcase name="tcSupplier" time="0.000" classname="com.hasbrop2m.security.Supplier">
    <skipped/>
  </testcase> <!-- tcSupplier -->
  <testcase name="tcSupplier" time="0.000" classname="com.hasbrop2m.security.Supplier">
    <skipped/>
  </testcase> <!-- tcSupplier -->
  <testcase name="tcSupplier" time="0.000" classname="com.hasbrop2m.security.Supplier">
    <skipped/>
  </testcase> <!-- tcSupplier -->
  <testcase name="tcSupplier" time="0.000" classname="com.hasbrop2m.security.Supplier">
    <skipped/>
  </testcase> <!-- tcSupplier -->
  <testcase name="tcSupplier" time="0.000" classname="com.hasbrop2m.security.Supplier">
    <skipped/>
  </testcase> <!-- tcSupplier -->
  <testcase name="tcSupplier" time="0.000" classname="com.hasbrop2m.security.Supplier">
    <skipped/>
  </testcase> <!-- tcSupplier -->
  <testcase name="tcSupplier" time="0.000" classname="com.hasbrop2m.security.Supplier">
    <skipped/>
  </testcase> <!-- tcSupplier -->
  <testcase name="tcSupplier" time="0.000" classname="com.hasbrop2m.security.Supplier">
    <skipped/>
  </testcase> <!-- tcSupplier -->
  <testcase name="tcSupplier" time="0.000" classname="com.hasbrop2m.security.Supplier">
    <skipped/>
  </testcase> <!-- tcSupplier -->
  <testcase name="tcSupplier" time="0.000" classname="com.hasbrop2m.security.Supplier">
    <skipped/>
  </testcase> <!-- tcSupplier -->
  <testcase name="tcSupplier" time="0.000" classname="com.hasbrop2m.security.Supplier">
    <skipped/>
  </testcase> <!-- tcSupplier -->
  <testcase name="tcSupplier" time="0.000" classname="com.hasbrop2m.security.Supplier">
    <skipped/>
  </testcase> <!-- tcSupplier -->
  <testcase name="tcSupplier" time="0.000" classname="com.hasbrop2m.security.Supplier">
    <skipped/>
  </testcase> <!-- tcSupplier -->
  <testcase name="tcSupplier" time="0.000" classname="com.hasbrop2m.security.Supplier">
    <skipped/>
  </testcase> <!-- tcSupplier -->
  <testcase name="tcSupplier" time="0.000" classname="com.hasbrop2m.security.Supplier">
    <skipped/>
  </testcase> <!-- tcSupplier -->
  <testcase name="tcSupplier" time="0.000" classname="com.hasbrop2m.security.Supplier">
    <skipped/>
  </testcase> <!-- tcSupplier -->
  <testcase name="tcSupplier" time="0.000" classname="com.hasbrop2m.security.Supplier">
    <skipped/>
  </testcase> <!-- tcSupplier -->
  <testcase name="tcSupplier" time="0.000" classname="com.hasbrop2m.security.Supplier">
    <skipped/>
  </testcase> <!-- tcSupplier -->
  <testcase name="tcSupplier" time="0.000" classname="com.hasbrop2m.security.Supplier">
    <skipped/>
  </testcase> <!-- tcSupplier -->
  <testcase name="tcSupplier" time="0.000" classname="com.hasbrop2m.security.Supplier">
    <skipped/>
  </testcase> <!-- tcSupplier -->
  <testcase name="tcSupplier" time="0.000" classname="com.hasbrop2m.security.Supplier">
    <skipped/>
  </testcase> <!-- tcSupplier -->
  <testcase name="tcSupplier" time="0.000" classname="com.hasbrop2m.security.Supplier">
    <skipped/>
  </testcase> <!-- tcSupplier -->
  <testcase name="tcSupplier" time="0.000" classname="com.hasbrop2m.security.Supplier">
    <skipped/>
  </testcase> <!-- tcSupplier -->
  <testcase name="tcSupplier" time="0.000" classname="com.hasbrop2m.security.Supplier">
    <skipped/>
  </testcase> <!-- tcSupplier -->
  <testcase name="tcSupplier" time="0.000" classname="com.hasbrop2m.security.Supplier">
    <skipped/>
  </testcase> <!-- tcSupplier -->
  <testcase name="tcSupplier" time="0.000" classname="com.hasbrop2m.security.Supplier">
    <skipped/>
  </testcase> <!-- tcSupplier -->
  <testcase name="tcSupplier" time="0.000" classname="com.hasbrop2m.security.Supplier">
    <skipped/>
  </testcase> <!-- tcSupplier -->
  <testcase name="tcSupplier" time="0.000" classname="com.hasbrop2m.security.Supplier">
    <skipped/>
  </testcase> <!-- tcSupplier -->
  <testcase name="tcSupplier" time="0.000" classname="com.hasbrop2m.security.Supplier">
    <skipped/>
  </testcase> <!-- tcSupplier -->
  <testcase name="tcSupplier" time="0.000" classname="com.hasbrop2m.security.Supplier">
    <skipped/>
  </testcase> <!-- tcSupplier -->
  <testcase name="tcSupplier" time="0.000" classname="com.hasbrop2m.security.Supplier">
    <skipped/>
  </testcase> <!-- tcSupplier -->
  <testcase name="tcSupplier" time="0.000" classname="com.hasbrop2m.security.Supplier">
    <skipped/>
  </testcase> <!-- tcSupplier -->
  <testcase name="tcSupplier" time="0.000" classname="com.hasbrop2m.security.Supplier">
    <skipped/>
  </testcase> <!-- tcSupplier -->
  <testcase name="tcSupplier" time="0.000" classname="com.hasbrop2m.security.Supplier">
    <skipped/>
  </testcase> <!-- tcSupplier -->
  <testcase name="tcSupplier" time="0.000" classname="com.hasbrop2m.security.Supplier">
    <skipped/>
  </testcase> <!-- tcSupplier -->
  <testcase name="tcSupplier" time="0.000" classname="com.hasbrop2m.security.Supplier">
    <skipped/>
  </testcase> <!-- tcSupplier -->
  <testcase name="tcSupplier" time="0.000" classname="com.hasbrop2m.security.Supplier">
    <skipped/>
  </testcase> <!-- tcSupplier -->
  <testcase name="tcSupplier" time="0.000" classname="com.hasbrop2m.security.Supplier">
    <skipped/>
  </testcase> <!-- tcSupplier -->
  <testcase name="tcSupplier" time="0.000" classname="com.hasbrop2m.security.Supplier">
    <skipped/>
  </testcase> <!-- tcSupplier -->
  <testcase name="tcSupplier" time="0.000" classname="com.hasbrop2m.security.Supplier">
    <skipped/>
  </testcase> <!-- tcSupplier -->
  <testcase name="tcSupplier" time="0.000" classname="com.hasbrop2m.security.Supplier">
    <skipped/>
  </testcase> <!-- tcSupplier -->
  <testcase name="tcSupplier" time="0.000" classname="com.hasbrop2m.security.Supplier">
    <skipped/>
  </testcase> <!-- tcSupplier -->
  <testcase name="tcSupplier" time="0.000" classname="com.hasbrop2m.security.Supplier">
    <skipped/>
  </testcase> <!-- tcSupplier -->
  <testcase name="tcSupplier" time="0.000" classname="com.hasbrop2m.security.Supplier">
    <skipped/>
  </testcase> <!-- tcSupplier -->
  <testcase name="tcSupplier" time="0.000" classname="com.hasbrop2m.security.Supplier">
    <skipped/>
  </testcase> <!-- tcSupplier -->
  <testcase name="tcSupplier" time="0.000" classname="com.hasbrop2m.security.Supplier">
    <skipped/>
  </testcase> <!-- tcSupplier -->
  <testcase name="tcSupplier" time="0.000" classname="com.hasbrop2m.security.Supplier">
    <skipped/>
  </testcase> <!-- tcSupplier -->
  <testcase name="tcSupplier" time="0.000" classname="com.hasbrop2m.security.Supplier">
    <skipped/>
  </testcase> <!-- tcSupplier -->
  <testcase name="tcSupplier" time="0.000" classname="com.hasbrop2m.security.Supplier">
    <skipped/>
  </testcase> <!-- tcSupplier -->
  <testcase name="tcSupplier" time="0.000" classname="com.hasbrop2m.security.Supplier">
    <skipped/>
  </testcase> <!-- tcSupplier -->
  <testcase name="tcSupplier" time="0.000" classname="com.hasbrop2m.security.Supplier">
    <skipped/>
  </testcase> <!-- tcSupplier -->
  <testcase name="tcSupplier" time="0.000" classname="com.hasbrop2m.security.Supplier">
    <skipped/>
  </testcase> <!-- tcSupplier -->
  <testcase name="tcSupplier" time="0.000" classname="com.hasbrop2m.security.Supplier">
    <skipped/>
  </testcase> <!-- tcSupplier -->
  <testcase name="tcSupplier" time="0.000" classname="com.hasbrop2m.security.Supplier">
    <skipped/>
  </testcase> <!-- tcSupplier -->
  <testcase name="tcSupplier" time="0.000" classname="com.hasbrop2m.security.Supplier">
    <skipped/>
  </testcase> <!-- tcSupplier -->
  <testcase name="tcSupplier" time="0.000" classname="com.hasbrop2m.security.Supplier">
    <skipped/>
  </testcase> <!-- tcSupplier -->
  <testcase name="tcSupplier" time="0.000" classname="com.hasbrop2m.security.Supplier">
    <skipped/>
  </testcase> <!-- tcSupplier -->
  <testcase name="tcSupplier" time="0.000" classname="com.hasbrop2m.security.Supplier">
    <skipped/>
  </testcase> <!-- tcSupplier -->
  <testcase name="tcSupplier" time="0.000" classname="com.hasbrop2m.security.Supplier">
    <skipped/>
  </testcase> <!-- tcSupplier -->
  <testcase name="tcSupplier" time="0.000" classname="com.hasbrop2m.security.Supplier">
    <skipped/>
  </testcase> <!-- tcSupplier -->
  <testcase name="tcSupplier" time="0.000" classname="com.hasbrop2m.security.Supplier">
    <skipped/>
  </testcase> <!-- tcSupplier -->
  <testcase name="tcSupplier" time="0.000" classname="com.hasbrop2m.security.Supplier">
    <skipped/>
  </testcase> <!-- tcSupplier -->
  <testcase name="tcSupplier" time="0.000" classname="com.hasbrop2m.security.Supplier">
    <skipped/>
  </testcase> <!-- tcSupplier -->
  <testcase name="tcSupplier" time="0.000" classname="com.hasbrop2m.security.Supplier">
    <skipped/>
  </testcase> <!-- tcSupplier -->
  <testcase name="tcSupplier" time="0.000" classname="com.hasbrop2m.security.Supplier">
    <skipped/>
  </testcase> <!-- tcSupplier -->
  <testcase name="tcSupplier" time="0.000" classname="com.hasbrop2m.security.Supplier">
    <skipped/>
  </testcase> <!-- tcSupplier -->
  <testcase name="tcSupplier" time="0.000" classname="com.hasbrop2m.security.Supplier">
    <skipped/>
  </testcase> <!-- tcSupplier -->
  <testcase name="tcSupplier" time="0.000" classname="com.hasbrop2m.security.Supplier">
    <skipped/>
  </testcase> <!-- tcSupplier -->
  <testcase name="tcSupplier" time="0.000" classname="com.hasbrop2m.security.Supplier">
    <skipped/>
  </testcase> <!-- tcSupplier -->
  <testcase name="tcSupplier" time="0.000" classname="com.hasbrop2m.security.Supplier">
    <skipped/>
  </testcase> <!-- tcSupplier -->
  <testcase name="tcSupplier" time="0.000" classname="com.hasbrop2m.security.Supplier">
    <skipped/>
  </testcase> <!-- tcSupplier -->
  <testcase name="tcSupplier" time="0.000" classname="com.hasbrop2m.security.Supplier">
    <skipped/>
  </testcase> <!-- tcSupplier -->
  <testcase name="tcSupplier" time="0.000" classname="com.hasbrop2m.security.Supplier">
    <skipped/>
  </testcase> <!-- tcSupplier -->
  <testcase name="tcSupplier" time="0.000" classname="com.hasbrop2m.security.Supplier">
    <skipped/>
  </testcase> <!-- tcSupplier -->
  <testcase name="tcSupplier" time="0.000" classname="com.hasbrop2m.security.Supplier">
    <skipped/>
  </testcase> <!-- tcSupplier -->
  <testcase name="tcSupplier" time="0.000" classname="com.hasbrop2m.security.Supplier">
    <skipped/>
  </testcase> <!-- tcSupplier -->
  <testcase name="tcSupplier" time="0.000" classname="com.hasbrop2m.security.Supplier">
    <skipped/>
  </testcase> <!-- tcSupplier -->
  <testcase name="tcSupplier" time="0.000" classname="com.hasbrop2m.security.Supplier">
    <skipped/>
  </testcase> <!-- tcSupplier -->
  <testcase name="tcSupplier" time="0.000" classname="com.hasbrop2m.security.Supplier">
    <skipped/>
  </testcase> <!-- tcSupplier -->
  <testcase name="tcSupplier" time="0.000" classname="com.hasbrop2m.security.Supplier">
    <skipped/>
  </testcase> <!-- tcSupplier -->
  <testcase name="tcSupplier" time="0.000" classname="com.hasbrop2m.security.Supplier">
    <skipped/>
  </testcase> <!-- tcSupplier -->
  <testcase name="tcSupplier" time="0.000" classname="com.hasbrop2m.security.Supplier">
    <skipped/>
  </testcase> <!-- tcSupplier -->
  <testcase name="tcSupplier" time="0.000" classname="com.hasbrop2m.security.Supplier">
    <skipped/>
  </testcase> <!-- tcSupplier -->
  <testcase name="tcSupplier" time="0.000" classname="com.hasbrop2m.security.Supplier">
    <skipped/>
  </testcase> <!-- tcSupplier -->
  <testcase name="tcSupplier" time="0.000" classname="com.hasbrop2m.security.Supplier">
    <skipped/>
  </testcase> <!-- tcSupplier -->
  <testcase name="tcSupplier" time="0.000" classname="com.hasbrop2m.security.Supplier">
    <skipped/>
  </testcase> <!-- tcSupplier -->
  <testcase name="tcSupplier" time="0.000" classname="com.hasbrop2m.security.Supplier">
    <skipped/>
  </testcase> <!-- tcSupplier -->
  <testcase name="tcSupplier" time="0.000" classname="com.hasbrop2m.security.Supplier">
    <skipped/>
  </testcase> <!-- tcSupplier -->
  <testcase name="tcSupplier" time="0.000" classname="com.hasbrop2m.security.Supplier">
    <skipped/>
  </testcase> <!-- tcSupplier -->
  <testcase name="tcSupplier" time="0.000" classname="com.hasbrop2m.security.Supplier">
    <skipped/>
  </testcase> <!-- tcSupplier -->
  <testcase name="tcSupplier" time="0.000" classname="com.hasbrop2m.security.Supplier">
    <skipped/>
  </testcase> <!-- tcSupplier -->
  <testcase name="tcSupplier" time="0.000" classname="com.hasbrop2m.security.Supplier">
    <skipped/>
  </testcase> <!-- tcSupplier -->
  <testcase name="tcSupplier" time="0.000" classname="com.hasbrop2m.security.Supplier">
    <skipped/>
  </testcase> <!-- tcSupplier -->
  <testcase name="tcSupplier" time="0.000" classname="com.hasbrop2m.security.Supplier">
    <skipped/>
  </testcase> <!-- tcSupplier -->
  <testcase name="tcSupplier" time="0.000" classname="com.hasbrop2m.security.Supplier">
    <skipped/>
  </testcase> <!-- tcSupplier -->
  <testcase name="tcSupplier" time="0.000" classname="com.hasbrop2m.security.Supplier">
    <skipped/>
  </testcase> <!-- tcSupplier -->
  <testcase name="tcSupplier" time="0.000" classname="com.hasbrop2m.security.Supplier">
    <skipped/>
  </testcase> <!-- tcSupplier -->
  <testcase name="tcSupplier" time="0.000" classname="com.hasbrop2m.security.Supplier">
    <skipped/>
  </testcase> <!-- tcSupplier -->
  <testcase name="tcSupplier" time="0.000" classname="com.hasbrop2m.security.Supplier">
    <skipped/>
  </testcase> <!-- tcSupplier -->
  <testcase name="tcSupplier" time="0.000" classname="com.hasbrop2m.security.Supplier">
    <skipped/>
  </testcase> <!-- tcSupplier -->
  <testcase name="tcSupplier" time="0.000" classname="com.hasbrop2m.security.Supplier">
    <skipped/>
  </testcase> <!-- tcSupplier -->
  <testcase name="tcSupplier" time="0.000" classname="com.hasbrop2m.security.Supplier">
    <skipped/>
  </testcase> <!-- tcSupplier -->
  <testcase name="tcSupplier" time="0.000" classname="com.hasbrop2m.security.Supplier">
    <skipped/>
  </testcase> <!-- tcSupplier -->
  <testcase name="tcSupplier" time="0.000" classname="com.hasbrop2m.security.Supplier">
    <skipped/>
  </testcase> <!-- tcSupplier -->
  <testcase name="tcSupplier" time="0.000" classname="com.hasbrop2m.security.Supplier">
    <skipped/>
  </testcase> <!-- tcSupplier -->
  <testcase name="tcSupplier" time="0.000" classname="com.hasbrop2m.security.Supplier">
    <skipped/>
  </testcase> <!-- tcSupplier -->
  <testcase name="tcSupplier" time="0.000" classname="com.hasbrop2m.security.Supplier">
    <skipped/>
  </testcase> <!-- tcSupplier -->
  <testcase name="tcSupplier" time="0.000" classname="com.hasbrop2m.security.Supplier">
    <skipped/>
  </testcase> <!-- tcSupplier -->
  <testcase name="tcSupplier" time="0.000" classname="com.hasbrop2m.security.Supplier">
    <skipped/>
  </testcase> <!-- tcSupplier -->
  <testcase name="tcSupplier" time="0.000" classname="com.hasbrop2m.security.Supplier">
    <skipped/>
  </testcase> <!-- tcSupplier -->
  <testcase name="tcSupplier" time="0.000" classname="com.hasbrop2m.security.Supplier">
    <skipped/>
  </testcase> <!-- tcSupplier -->
  <testcase name="tcSupplier" time="0.000" classname="com.hasbrop2m.security.Supplier">
    <skipped/>
  </testcase> <!-- tcSupplier -->
  <testcase name="tcSupplier" time="0.000" classname="com.hasbrop2m.security.Supplier">
    <skipped/>
  </testcase> <!-- tcSupplier -->
  <testcase name="tcSupplier" time="0.000" classname="com.hasbrop2m.security.Supplier">
    <skipped/>
  </testcase> <!-- tcSupplier -->
  <testcase name="tcSupplier" time="0.000" classname="com.hasbrop2m.security.Supplier">
    <skipped/>
  </testcase> <!-- tcSupplier -->
  <testcase name="tcSupplier" time="0.000" classname="com.hasbrop2m.security.Supplier">
    <skipped/>
  </testcase> <!-- tcSupplier -->
  <testcase name="tcSupplier" time="0.000" classname="com.hasbrop2m.security.Supplier">
    <skipped/>
  </testcase> <!-- tcSupplier -->
  <testcase name="tcSupplier" time="0.000" classname="com.hasbrop2m.security.Supplier">
    <skipped/>
  </testcase> <!-- tcSupplier -->
  <testcase name="tcSupplier" time="0.000" classname="com.hasbrop2m.security.Supplier">
    <skipped/>
  </testcase> <!-- tcSupplier -->
  <testcase name="tcSupplier" time="0.000" classname="com.hasbrop2m.security.Supplier">
    <skipped/>
  </testcase> <!-- tcSupplier -->
  <testcase name="tcSupplier" time="0.000" classname="com.hasbrop2m.security.Supplier">
    <skipped/>
  </testcase> <!-- tcSupplier -->
  <testcase name="tcSupplier" time="0.000" classname="com.hasbrop2m.security.Supplier">
    <skipped/>
  </testcase> <!-- tcSupplier -->
  <testcase name="tcSupplier" time="0.000" classname="com.hasbrop2m.security.Supplier">
    <skipped/>
  </testcase> <!-- tcSupplier -->
  <testcase name="tcSupplier" time="0.000" classname="com.hasbrop2m.security.Supplier">
    <skipped/>
  </testcase> <!-- tcSupplier -->
  <testcase name="tcSupplier" time="0.000" classname="com.hasbrop2m.security.Supplier">
    <skipped/>
  </testcase> <!-- tcSupplier -->
  <testcase name="tcSupplier" time="0.000" classname="com.hasbrop2m.security.Supplier">
    <skipped/>
  </testcase> <!-- tcSupplier -->
  <testcase name="tcSupplier" time="0.000" classname="com.hasbrop2m.security.Supplier">
    <skipped/>
  </testcase> <!-- tcSupplier -->
  <testcase name="tcSupplier" time="0.000" classname="com.hasbrop2m.security.Supplier">
    <skipped/>
  </testcase> <!-- tcSupplier -->
  <testcase name="tcSupplier" time="0.000" classname="com.hasbrop2m.security.Supplier">
    <skipped/>
  </testcase> <!-- tcSupplier -->
  <testcase name="tcSupplier" time="0.000" classname="com.hasbrop2m.security.Supplier">
    <skipped/>
  </testcase> <!-- tcSupplier -->
  <testcase name="tcSupplier" time="0.000" classname="com.hasbrop2m.security.Supplier">
    <skipped/>
  </testcase> <!-- tcSupplier -->
  <testcase name="tcSupplier" time="0.000" classname="com.hasbrop2m.security.Supplier">
    <skipped/>
  </testcase> <!-- tcSupplier -->
  <testcase name="tcSupplier" time="0.000" classname="com.hasbrop2m.security.Supplier">
    <skipped/>
  </testcase> <!-- tcSupplier -->
  <testcase name="tcSupplier" time="0.000" classname="com.hasbrop2m.security.Supplier">
    <skipped/>
  </testcase> <!-- tcSupplier -->
  <testcase name="tcSupplier" time="0.000" classname="com.hasbrop2m.security.Supplier">
    <skipped/>
  </testcase> <!-- tcSupplier -->
  <testcase name="tcSupplier" time="0.000" classname="com.hasbrop2m.security.Supplier">
    <skipped/>
  </testcase> <!-- tcSupplier -->
  <testcase name="tcSupplier" time="0.000" classname="com.hasbrop2m.security.Supplier">
    <skipped/>
  </testcase> <!-- tcSupplier -->
  <testcase name="tcSupplier" time="0.000" classname="com.hasbrop2m.security.Supplier">
    <skipped/>
  </testcase> <!-- tcSupplier -->
  <testcase name="tcSupplier" time="0.000" classname="com.hasbrop2m.security.Supplier">
    <skipped/>
  </testcase> <!-- tcSupplier -->
  <testcase name="tcSupplier" time="0.000" classname="com.hasbrop2m.security.Supplier">
    <skipped/>
  </testcase> <!-- tcSupplier -->
  <testcase name="tcSupplier" time="0.000" classname="com.hasbrop2m.security.Supplier">
    <skipped/>
  </testcase> <!-- tcSupplier -->
  <testcase name="tcSupplier" time="0.000" classname="com.hasbrop2m.security.Supplier">
    <skipped/>
  </testcase> <!-- tcSupplier -->
  <testcase name="tcSupplier" time="0.000" classname="com.hasbrop2m.security.Supplier">
    <skipped/>
  </testcase> <!-- tcSupplier -->
  <testcase name="tcSupplier" time="0.000" classname="com.hasbrop2m.security.Supplier">
    <skipped/>
  </testcase> <!-- tcSupplier -->
  <testcase name="tcSupplier" time="0.000" classname="com.hasbrop2m.security.Supplier">
    <skipped/>
  </testcase> <!-- tcSupplier -->
  <testcase name="tcSupplier" time="0.000" classname="com.hasbrop2m.security.Supplier">
    <skipped/>
  </testcase> <!-- tcSupplier -->
  <testcase name="tcSupplier" time="0.000" classname="com.hasbrop2m.security.Supplier">
    <skipped/>
  </testcase> <!-- tcSupplier -->
  <testcase name="tcSupplier" time="0.000" classname="com.hasbrop2m.security.Supplier">
    <skipped/>
  </testcase> <!-- tcSupplier -->
  <testcase name="tcSupplier" time="0.000" classname="com.hasbrop2m.security.Supplier">
    <skipped/>
  </testcase> <!-- tcSupplier -->
  <testcase name="tcSupplier" time="0.000" classname="com.hasbrop2m.security.Supplier">
    <skipped/>
  </testcase> <!-- tcSupplier -->
  <testcase name="tcSupplier" time="0.000" classname="com.hasbrop2m.security.Supplier">
    <skipped/>
  </testcase> <!-- tcSupplier -->
  <testcase name="tcSupplier" time="0.000" classname="com.hasbrop2m.security.Supplier">
    <skipped/>
  </testcase> <!-- tcSupplier -->
  <testcase name="tcSupplier" time="0.000" classname="com.hasbrop2m.security.Supplier">
    <skipped/>
  </testcase> <!-- tcSupplier -->
  <testcase name="tcSupplier" time="0.000" classname="com.hasbrop2m.security.Supplier">
    <skipped/>
  </testcase> <!-- tcSupplier -->
  <testcase name="tcSupplier" time="0.000" classname="com.hasbrop2m.security.Supplier">
    <skipped/>
  </testcase> <!-- tcSupplier -->
  <testcase name="tcSupplier" time="0.000" classname="com.hasbrop2m.security.Supplier">
    <skipped/>
  </testcase> <!-- tcSupplier -->
  <testcase name="tcSupplier" time="0.000" classname="com.hasbrop2m.security.Supplier">
    <skipped/>
  </testcase> <!-- tcSupplier -->
  <testcase name="tcSupplier" time="0.000" classname="com.hasbrop2m.security.Supplier">
    <skipped/>
  </testcase> <!-- tcSupplier -->
  <testcase name="tcSupplier" time="0.000" classname="com.hasbrop2m.security.Supplier">
    <skipped/>
  </testcase> <!-- tcSupplier -->
  <testcase name="tcSupplier" time="0.000" classname="com.hasbrop2m.security.Supplier">
    <skipped/>
  </testcase> <!-- tcSupplier -->
  <testcase name="tcSupplier" time="0.000" classname="com.hasbrop2m.security.Supplier">
    <skipped/>
  </testcase> <!-- tcSupplier -->
  <testcase name="tcSupplier" time="0.000" classname="com.hasbrop2m.security.Supplier">
    <skipped/>
  </testcase> <!-- tcSupplier -->
  <testcase name="tcSupplier" time="0.000" classname="com.hasbrop2m.security.Supplier">
    <skipped/>
  </testcase> <!-- tcSupplier -->
  <testcase name="tcSupplier" time="0.000" classname="com.hasbrop2m.security.Supplier">
    <skipped/>
  </testcase> <!-- tcSupplier -->
  <testcase name="tcSupplier" time="0.000" classname="com.hasbrop2m.security.Supplier">
    <skipped/>
  </testcase> <!-- tcSupplier -->
  <testcase name="tcSupplier" time="0.000" classname="com.hasbrop2m.security.Supplier">
    <skipped/>
  </testcase> <!-- tcSupplier -->
</testsuite> <!-- com.hasbrop2m.security.Supplier -->
