<?xml version="1.0" encoding="UTF-8"?>
<!-- Generated by org.testng.reporters.JUnitReportReporter -->
<testsuite skipped="80" hostname="BDC6-LX-723061Y" name="com.hasbrop2m.security.CSInternalRetailToolingMainUser" tests="80" failures="0" timestamp="10 Sep 2018 06:51:57 GMT" time="0.000" errors="0">
  <testcase name="tcCostSheet" time="0.000" classname="com.hasbrop2m.security.CSInternalRetailToolingMainUser">
    <skipped/>
  </testcase> <!-- tcCostSheet -->
  <testcase name="tcCostSheet" time="0.000" classname="com.hasbrop2m.security.CSInternalRetailToolingMainUser">
    <skipped/>
  </testcase> <!-- tcCostSheet -->
  <testcase name="tcCostSheet" time="0.000" classname="com.hasbrop2m.security.CSInternalRetailToolingMainUser">
    <skipped/>
  </testcase> <!-- tcCostSheet -->
  <testcase name="tcCostSheet" time="0.000" classname="com.hasbrop2m.security.CSInternalRetailToolingMainUser">
    <skipped/>
  </testcase> <!-- tcCostSheet -->
  <testcase name="tcCostSheet" time="0.000" classname="com.hasbrop2m.security.CSInternalRetailToolingMainUser">
    <skipped/>
  </testcase> <!-- tcCostSheet -->
  <testcase name="tcCostSheet" time="0.000" classname="com.hasbrop2m.security.CSInternalRetailToolingMainUser">
    <skipped/>
  </testcase> <!-- tcCostSheet -->
  <testcase name="tcCostSheet" time="0.000" classname="com.hasbrop2m.security.CSInternalRetailToolingMainUser">
    <skipped/>
  </testcase> <!-- tcCostSheet -->
  <testcase name="tcCostSheet" time="0.000" classname="com.hasbrop2m.security.CSInternalRetailToolingMainUser">
    <skipped/>
  </testcase> <!-- tcCostSheet -->
  <testcase name="tcCostSheet" time="0.000" classname="com.hasbrop2m.security.CSInternalRetailToolingMainUser">
    <skipped/>
  </testcase> <!-- tcCostSheet -->
  <testcase name="tcCostSheet" time="0.000" classname="com.hasbrop2m.security.CSInternalRetailToolingMainUser">
    <skipped/>
  </testcase> <!-- tcCostSheet -->
  <testcase name="tcCostSheet" time="0.000" classname="com.hasbrop2m.security.CSInternalRetailToolingMainUser">
    <skipped/>
  </testcase> <!-- tcCostSheet -->
  <testcase name="tcCostSheet" time="0.000" classname="com.hasbrop2m.security.CSInternalRetailToolingMainUser">
    <skipped/>
  </testcase> <!-- tcCostSheet -->
  <testcase name="tcCostSheet" time="0.000" classname="com.hasbrop2m.security.CSInternalRetailToolingMainUser">
    <skipped/>
  </testcase> <!-- tcCostSheet -->
  <testcase name="tcCostSheet" time="0.000" classname="com.hasbrop2m.security.CSInternalRetailToolingMainUser">
    <skipped/>
  </testcase> <!-- tcCostSheet -->
  <testcase name="tcCostSheet" time="0.000" classname="com.hasbrop2m.security.CSInternalRetailToolingMainUser">
    <skipped/>
  </testcase> <!-- tcCostSheet -->
  <testcase name="tcCostSheet" time="0.000" classname="com.hasbrop2m.security.CSInternalRetailToolingMainUser">
    <skipped/>
  </testcase> <!-- tcCostSheet -->
  <testcase name="tcCostSheet" time="0.000" classname="com.hasbrop2m.security.CSInternalRetailToolingMainUser">
    <skipped/>
  </testcase> <!-- tcCostSheet -->
  <testcase name="tcCostSheet" time="0.000" classname="com.hasbrop2m.security.CSInternalRetailToolingMainUser">
    <skipped/>
  </testcase> <!-- tcCostSheet -->
  <testcase name="tcCostSheet" time="0.000" classname="com.hasbrop2m.security.CSInternalRetailToolingMainUser">
    <skipped/>
  </testcase> <!-- tcCostSheet -->
  <testcase name="tcCostSheet" time="0.000" classname="com.hasbrop2m.security.CSInternalRetailToolingMainUser">
    <skipped/>
  </testcase> <!-- tcCostSheet -->
  <testcase name="tcCostSheet" time="0.000" classname="com.hasbrop2m.security.CSInternalRetailToolingMainUser">
    <skipped/>
  </testcase> <!-- tcCostSheet -->
  <testcase name="tcCostSheet" time="0.000" classname="com.hasbrop2m.security.CSInternalRetailToolingMainUser">
    <skipped/>
  </testcase> <!-- tcCostSheet -->
  <testcase name="tcCostSheet" time="0.000" classname="com.hasbrop2m.security.CSInternalRetailToolingMainUser">
    <skipped/>
  </testcase> <!-- tcCostSheet -->
  <testcase name="tcCostSheet" time="0.000" classname="com.hasbrop2m.security.CSInternalRetailToolingMainUser">
    <skipped/>
  </testcase> <!-- tcCostSheet -->
  <testcase name="tcCostSheet" time="0.000" classname="com.hasbrop2m.security.CSInternalRetailToolingMainUser">
    <skipped/>
  </testcase> <!-- tcCostSheet -->
  <testcase name="tcCostSheet" time="0.000" classname="com.hasbrop2m.security.CSInternalRetailToolingMainUser">
    <skipped/>
  </testcase> <!-- tcCostSheet -->
  <testcase name="tcCostSheet" time="0.000" classname="com.hasbrop2m.security.CSInternalRetailToolingMainUser">
    <skipped/>
  </testcase> <!-- tcCostSheet -->
  <testcase name="tcCostSheet" time="0.000" classname="com.hasbrop2m.security.CSInternalRetailToolingMainUser">
    <skipped/>
  </testcase> <!-- tcCostSheet -->
  <testcase name="tcCostSheet" time="0.000" classname="com.hasbrop2m.security.CSInternalRetailToolingMainUser">
    <skipped/>
  </testcase> <!-- tcCostSheet -->
  <testcase name="tcCostSheet" time="0.000" classname="com.hasbrop2m.security.CSInternalRetailToolingMainUser">
    <skipped/>
  </testcase> <!-- tcCostSheet -->
  <testcase name="tcCostSheet" time="0.000" classname="com.hasbrop2m.security.CSInternalRetailToolingMainUser">
    <skipped/>
  </testcase> <!-- tcCostSheet -->
  <testcase name="tcCostSheet" time="0.000" classname="com.hasbrop2m.security.CSInternalRetailToolingMainUser">
    <skipped/>
  </testcase> <!-- tcCostSheet -->
  <testcase name="tcCostSheet" time="0.000" classname="com.hasbrop2m.security.CSInternalRetailToolingMainUser">
    <skipped/>
  </testcase> <!-- tcCostSheet -->
  <testcase name="tcCostSheet" time="0.000" classname="com.hasbrop2m.security.CSInternalRetailToolingMainUser">
    <skipped/>
  </testcase> <!-- tcCostSheet -->
  <testcase name="tcCostSheet" time="0.000" classname="com.hasbrop2m.security.CSInternalRetailToolingMainUser">
    <skipped/>
  </testcase> <!-- tcCostSheet -->
  <testcase name="tcCostSheet" time="0.000" classname="com.hasbrop2m.security.CSInternalRetailToolingMainUser">
    <skipped/>
  </testcase> <!-- tcCostSheet -->
  <testcase name="tcCostSheet" time="0.000" classname="com.hasbrop2m.security.CSInternalRetailToolingMainUser">
    <skipped/>
  </testcase> <!-- tcCostSheet -->
  <testcase name="tcCostSheet" time="0.000" classname="com.hasbrop2m.security.CSInternalRetailToolingMainUser">
    <skipped/>
  </testcase> <!-- tcCostSheet -->
  <testcase name="tcCostSheet" time="0.000" classname="com.hasbrop2m.security.CSInternalRetailToolingMainUser">
    <skipped/>
  </testcase> <!-- tcCostSheet -->
  <testcase name="tcCostSheet" time="0.000" classname="com.hasbrop2m.security.CSInternalRetailToolingMainUser">
    <skipped/>
  </testcase> <!-- tcCostSheet -->
  <testcase name="tcCostSheet" time="0.000" classname="com.hasbrop2m.security.CSInternalRetailToolingMainUser">
    <skipped/>
  </testcase> <!-- tcCostSheet -->
  <testcase name="tcCostSheet" time="0.000" classname="com.hasbrop2m.security.CSInternalRetailToolingMainUser">
    <skipped/>
  </testcase> <!-- tcCostSheet -->
  <testcase name="tcCostSheet" time="0.000" classname="com.hasbrop2m.security.CSInternalRetailToolingMainUser">
    <skipped/>
  </testcase> <!-- tcCostSheet -->
  <testcase name="tcCostSheet" time="0.000" classname="com.hasbrop2m.security.CSInternalRetailToolingMainUser">
    <skipped/>
  </testcase> <!-- tcCostSheet -->
  <testcase name="tcCostSheet" time="0.000" classname="com.hasbrop2m.security.CSInternalRetailToolingMainUser">
    <skipped/>
  </testcase> <!-- tcCostSheet -->
  <testcase name="tcCostSheet" time="0.000" classname="com.hasbrop2m.security.CSInternalRetailToolingMainUser">
    <skipped/>
  </testcase> <!-- tcCostSheet -->
  <testcase name="tcCostSheet" time="0.000" classname="com.hasbrop2m.security.CSInternalRetailToolingMainUser">
    <skipped/>
  </testcase> <!-- tcCostSheet -->
  <testcase name="tcCostSheet" time="0.000" classname="com.hasbrop2m.security.CSInternalRetailToolingMainUser">
    <skipped/>
  </testcase> <!-- tcCostSheet -->
  <testcase name="tcCostSheet" time="0.000" classname="com.hasbrop2m.security.CSInternalRetailToolingMainUser">
    <skipped/>
  </testcase> <!-- tcCostSheet -->
  <testcase name="tcCostSheet" time="0.000" classname="com.hasbrop2m.security.CSInternalRetailToolingMainUser">
    <skipped/>
  </testcase> <!-- tcCostSheet -->
  <testcase name="tcCostSheet" time="0.000" classname="com.hasbrop2m.security.CSInternalRetailToolingMainUser">
    <skipped/>
  </testcase> <!-- tcCostSheet -->
  <testcase name="tcCostSheet" time="0.000" classname="com.hasbrop2m.security.CSInternalRetailToolingMainUser">
    <skipped/>
  </testcase> <!-- tcCostSheet -->
  <testcase name="tcCostSheet" time="0.000" classname="com.hasbrop2m.security.CSInternalRetailToolingMainUser">
    <skipped/>
  </testcase> <!-- tcCostSheet -->
  <testcase name="tcCostSheet" time="0.000" classname="com.hasbrop2m.security.CSInternalRetailToolingMainUser">
    <skipped/>
  </testcase> <!-- tcCostSheet -->
  <testcase name="tcCostSheet" time="0.000" classname="com.hasbrop2m.security.CSInternalRetailToolingMainUser">
    <skipped/>
  </testcase> <!-- tcCostSheet -->
  <testcase name="tcCostSheet" time="0.000" classname="com.hasbrop2m.security.CSInternalRetailToolingMainUser">
    <skipped/>
  </testcase> <!-- tcCostSheet -->
  <testcase name="tcCostSheet" time="0.000" classname="com.hasbrop2m.security.CSInternalRetailToolingMainUser">
    <skipped/>
  </testcase> <!-- tcCostSheet -->
  <testcase name="tcCostSheet" time="0.000" classname="com.hasbrop2m.security.CSInternalRetailToolingMainUser">
    <skipped/>
  </testcase> <!-- tcCostSheet -->
  <testcase name="tcCostSheet" time="0.000" classname="com.hasbrop2m.security.CSInternalRetailToolingMainUser">
    <skipped/>
  </testcase> <!-- tcCostSheet -->
  <testcase name="tcCostSheet" time="0.000" classname="com.hasbrop2m.security.CSInternalRetailToolingMainUser">
    <skipped/>
  </testcase> <!-- tcCostSheet -->
  <testcase name="tcCostSheet" time="0.000" classname="com.hasbrop2m.security.CSInternalRetailToolingMainUser">
    <skipped/>
  </testcase> <!-- tcCostSheet -->
  <testcase name="tcCostSheet" time="0.000" classname="com.hasbrop2m.security.CSInternalRetailToolingMainUser">
    <skipped/>
  </testcase> <!-- tcCostSheet -->
  <testcase name="tcCostSheet" time="0.000" classname="com.hasbrop2m.security.CSInternalRetailToolingMainUser">
    <skipped/>
  </testcase> <!-- tcCostSheet -->
  <testcase name="tcCostSheet" time="0.000" classname="com.hasbrop2m.security.CSInternalRetailToolingMainUser">
    <skipped/>
  </testcase> <!-- tcCostSheet -->
  <testcase name="tcCostSheet" time="0.000" classname="com.hasbrop2m.security.CSInternalRetailToolingMainUser">
    <skipped/>
  </testcase> <!-- tcCostSheet -->
  <testcase name="tcCostSheet" time="0.000" classname="com.hasbrop2m.security.CSInternalRetailToolingMainUser">
    <skipped/>
  </testcase> <!-- tcCostSheet -->
  <testcase name="tcCostSheet" time="0.000" classname="com.hasbrop2m.security.CSInternalRetailToolingMainUser">
    <skipped/>
  </testcase> <!-- tcCostSheet -->
  <testcase name="tcCostSheet" time="0.000" classname="com.hasbrop2m.security.CSInternalRetailToolingMainUser">
    <skipped/>
  </testcase> <!-- tcCostSheet -->
  <testcase name="tcCostSheet" time="0.000" classname="com.hasbrop2m.security.CSInternalRetailToolingMainUser">
    <skipped/>
  </testcase> <!-- tcCostSheet -->
  <testcase name="tcCostSheet" time="0.000" classname="com.hasbrop2m.security.CSInternalRetailToolingMainUser">
    <skipped/>
  </testcase> <!-- tcCostSheet -->
  <testcase name="tcCostSheet" time="0.000" classname="com.hasbrop2m.security.CSInternalRetailToolingMainUser">
    <skipped/>
  </testcase> <!-- tcCostSheet -->
  <testcase name="tcCostSheet" time="0.000" classname="com.hasbrop2m.security.CSInternalRetailToolingMainUser">
    <skipped/>
  </testcase> <!-- tcCostSheet -->
  <testcase name="tcCostSheet" time="0.000" classname="com.hasbrop2m.security.CSInternalRetailToolingMainUser">
    <skipped/>
  </testcase> <!-- tcCostSheet -->
  <testcase name="tcCostSheet" time="0.000" classname="com.hasbrop2m.security.CSInternalRetailToolingMainUser">
    <skipped/>
  </testcase> <!-- tcCostSheet -->
  <testcase name="tcCostSheet" time="0.000" classname="com.hasbrop2m.security.CSInternalRetailToolingMainUser">
    <skipped/>
  </testcase> <!-- tcCostSheet -->
  <testcase name="tcCostSheet" time="0.000" classname="com.hasbrop2m.security.CSInternalRetailToolingMainUser">
    <skipped/>
  </testcase> <!-- tcCostSheet -->
  <testcase name="tcCostSheet" time="0.000" classname="com.hasbrop2m.security.CSInternalRetailToolingMainUser">
    <skipped/>
  </testcase> <!-- tcCostSheet -->
  <testcase name="tcCostSheet" time="0.000" classname="com.hasbrop2m.security.CSInternalRetailToolingMainUser">
    <skipped/>
  </testcase> <!-- tcCostSheet -->
  <testcase name="tcCostSheet" time="0.000" classname="com.hasbrop2m.security.CSInternalRetailToolingMainUser">
    <skipped/>
  </testcase> <!-- tcCostSheet -->
  <testcase name="tcCostSheet" time="0.000" classname="com.hasbrop2m.security.CSInternalRetailToolingMainUser">
    <skipped/>
  </testcase> <!-- tcCostSheet -->
</testsuite> <!-- com.hasbrop2m.security.CSInternalRetailToolingMainUser -->
