<?xml version="1.0" encoding="UTF-8"?>
<!-- Generated by org.testng.reporters.JUnitReportReporter -->
<testsuite skipped="56" hostname="BDC6-LX-723061Y" name="com.hasbrop2m.views.BOMView" tests="56" failures="0" timestamp="10 Sep 2018 07:26:41 GMT" time="0.000" errors="0">
  <testcase name="tcView" time="0.000" classname="com.hasbrop2m.views.BOMView">
    <skipped/>
  </testcase> <!-- tcView -->
  <testcase name="tcView" time="0.000" classname="com.hasbrop2m.views.BOMView">
    <skipped/>
  </testcase> <!-- tcView -->
  <testcase name="tcView" time="0.000" classname="com.hasbrop2m.views.BOMView">
    <skipped/>
  </testcase> <!-- tcView -->
  <testcase name="tcView" time="0.000" classname="com.hasbrop2m.views.BOMView">
    <skipped/>
  </testcase> <!-- tcView -->
  <testcase name="tcView" time="0.000" classname="com.hasbrop2m.views.BOMView">
    <skipped/>
  </testcase> <!-- tcView -->
  <testcase name="tcView" time="0.000" classname="com.hasbrop2m.views.BOMView">
    <skipped/>
  </testcase> <!-- tcView -->
  <testcase name="tcView" time="0.000" classname="com.hasbrop2m.views.BOMView">
    <skipped/>
  </testcase> <!-- tcView -->
  <testcase name="tcView" time="0.000" classname="com.hasbrop2m.views.BOMView">
    <skipped/>
  </testcase> <!-- tcView -->
  <testcase name="tcView" time="0.000" classname="com.hasbrop2m.views.BOMView">
    <skipped/>
  </testcase> <!-- tcView -->
  <testcase name="tcView" time="0.000" classname="com.hasbrop2m.views.BOMView">
    <skipped/>
  </testcase> <!-- tcView -->
  <testcase name="tcView" time="0.000" classname="com.hasbrop2m.views.BOMView">
    <skipped/>
  </testcase> <!-- tcView -->
  <testcase name="tcView" time="0.000" classname="com.hasbrop2m.views.BOMView">
    <skipped/>
  </testcase> <!-- tcView -->
  <testcase name="tcView" time="0.000" classname="com.hasbrop2m.views.BOMView">
    <skipped/>
  </testcase> <!-- tcView -->
  <testcase name="tcView" time="0.000" classname="com.hasbrop2m.views.BOMView">
    <skipped/>
  </testcase> <!-- tcView -->
  <testcase name="tcView" time="0.000" classname="com.hasbrop2m.views.BOMView">
    <skipped/>
  </testcase> <!-- tcView -->
  <testcase name="tcView" time="0.000" classname="com.hasbrop2m.views.BOMView">
    <skipped/>
  </testcase> <!-- tcView -->
  <testcase name="tcView" time="0.000" classname="com.hasbrop2m.views.BOMView">
    <skipped/>
  </testcase> <!-- tcView -->
  <testcase name="tcView" time="0.000" classname="com.hasbrop2m.views.BOMView">
    <skipped/>
  </testcase> <!-- tcView -->
  <testcase name="tcView" time="0.000" classname="com.hasbrop2m.views.BOMView">
    <skipped/>
  </testcase> <!-- tcView -->
  <testcase name="tcView" time="0.000" classname="com.hasbrop2m.views.BOMView">
    <skipped/>
  </testcase> <!-- tcView -->
  <testcase name="tcView" time="0.000" classname="com.hasbrop2m.views.BOMView">
    <skipped/>
  </testcase> <!-- tcView -->
  <testcase name="tcView" time="0.000" classname="com.hasbrop2m.views.BOMView">
    <skipped/>
  </testcase> <!-- tcView -->
  <testcase name="tcView" time="0.000" classname="com.hasbrop2m.views.BOMView">
    <skipped/>
  </testcase> <!-- tcView -->
  <testcase name="tcView" time="0.000" classname="com.hasbrop2m.views.BOMView">
    <skipped/>
  </testcase> <!-- tcView -->
  <testcase name="tcView" time="0.000" classname="com.hasbrop2m.views.BOMView">
    <skipped/>
  </testcase> <!-- tcView -->
  <testcase name="tcView" time="0.000" classname="com.hasbrop2m.views.BOMView">
    <skipped/>
  </testcase> <!-- tcView -->
  <testcase name="tcView" time="0.000" classname="com.hasbrop2m.views.BOMView">
    <skipped/>
  </testcase> <!-- tcView -->
  <testcase name="tcView" time="0.000" classname="com.hasbrop2m.views.BOMView">
    <skipped/>
  </testcase> <!-- tcView -->
  <testcase name="tcView" time="0.000" classname="com.hasbrop2m.views.BOMView">
    <skipped/>
  </testcase> <!-- tcView -->
  <testcase name="tcView" time="0.000" classname="com.hasbrop2m.views.BOMView">
    <skipped/>
  </testcase> <!-- tcView -->
  <testcase name="tcView" time="0.000" classname="com.hasbrop2m.views.BOMView">
    <skipped/>
  </testcase> <!-- tcView -->
  <testcase name="tcView" time="0.000" classname="com.hasbrop2m.views.BOMView">
    <skipped/>
  </testcase> <!-- tcView -->
  <testcase name="tcView" time="0.000" classname="com.hasbrop2m.views.BOMView">
    <skipped/>
  </testcase> <!-- tcView -->
  <testcase name="tcView" time="0.000" classname="com.hasbrop2m.views.BOMView">
    <skipped/>
  </testcase> <!-- tcView -->
  <testcase name="tcView" time="0.000" classname="com.hasbrop2m.views.BOMView">
    <skipped/>
  </testcase> <!-- tcView -->
  <testcase name="tcView" time="0.000" classname="com.hasbrop2m.views.BOMView">
    <skipped/>
  </testcase> <!-- tcView -->
  <testcase name="tcView" time="0.000" classname="com.hasbrop2m.views.BOMView">
    <skipped/>
  </testcase> <!-- tcView -->
  <testcase name="tcView" time="0.000" classname="com.hasbrop2m.views.BOMView">
    <skipped/>
  </testcase> <!-- tcView -->
  <testcase name="tcView" time="0.000" classname="com.hasbrop2m.views.BOMView">
    <skipped/>
  </testcase> <!-- tcView -->
  <testcase name="tcView" time="0.000" classname="com.hasbrop2m.views.BOMView">
    <skipped/>
  </testcase> <!-- tcView -->
  <testcase name="tcView" time="0.000" classname="com.hasbrop2m.views.BOMView">
    <skipped/>
  </testcase> <!-- tcView -->
  <testcase name="tcView" time="0.000" classname="com.hasbrop2m.views.BOMView">
    <skipped/>
  </testcase> <!-- tcView -->
  <testcase name="tcView" time="0.000" classname="com.hasbrop2m.views.BOMView">
    <skipped/>
  </testcase> <!-- tcView -->
  <testcase name="tcView" time="0.000" classname="com.hasbrop2m.views.BOMView">
    <skipped/>
  </testcase> <!-- tcView -->
  <testcase name="tcView" time="0.000" classname="com.hasbrop2m.views.BOMView">
    <skipped/>
  </testcase> <!-- tcView -->
  <testcase name="tcView" time="0.000" classname="com.hasbrop2m.views.BOMView">
    <skipped/>
  </testcase> <!-- tcView -->
  <testcase name="tcView" time="0.000" classname="com.hasbrop2m.views.BOMView">
    <skipped/>
  </testcase> <!-- tcView -->
  <testcase name="tcView" time="0.000" classname="com.hasbrop2m.views.BOMView">
    <skipped/>
  </testcase> <!-- tcView -->
  <testcase name="tcView" time="0.000" classname="com.hasbrop2m.views.BOMView">
    <skipped/>
  </testcase> <!-- tcView -->
  <testcase name="tcView" time="0.000" classname="com.hasbrop2m.views.BOMView">
    <skipped/>
  </testcase> <!-- tcView -->
  <testcase name="tcView" time="0.000" classname="com.hasbrop2m.views.BOMView">
    <skipped/>
  </testcase> <!-- tcView -->
  <testcase name="tcView" time="0.000" classname="com.hasbrop2m.views.BOMView">
    <skipped/>
  </testcase> <!-- tcView -->
  <testcase name="tcView" time="0.000" classname="com.hasbrop2m.views.BOMView">
    <skipped/>
  </testcase> <!-- tcView -->
  <testcase name="tcView" time="0.000" classname="com.hasbrop2m.views.BOMView">
    <skipped/>
  </testcase> <!-- tcView -->
  <testcase name="tcView" time="0.000" classname="com.hasbrop2m.views.BOMView">
    <skipped/>
  </testcase> <!-- tcView -->
  <testcase name="tcView" time="0.000" classname="com.hasbrop2m.views.BOMView">
    <skipped/>
  </testcase> <!-- tcView -->
</testsuite> <!-- com.hasbrop2m.views.BOMView -->
