<?xml version="1.0" encoding="UTF-8"?>
<!-- Generated by org.testng.reporters.JUnitReportReporter -->
<testsuite skipped="18" hostname="BDC6-LX-723061Y" name="com.hasbrop2m.views.LineSheetView" tests="18" failures="0" timestamp="10 Sep 2018 07:26:41 GMT" time="0.000" errors="0">
  <testcase name="tclsView" time="0.000" classname="com.hasbrop2m.views.LineSheetView">
    <skipped/>
  </testcase> <!-- tclsView -->
  <testcase name="tclsView" time="0.000" classname="com.hasbrop2m.views.LineSheetView">
    <skipped/>
  </testcase> <!-- tclsView -->
  <testcase name="tclsView" time="0.000" classname="com.hasbrop2m.views.LineSheetView">
    <skipped/>
  </testcase> <!-- tclsView -->
  <testcase name="tclsView" time="0.000" classname="com.hasbrop2m.views.LineSheetView">
    <skipped/>
  </testcase> <!-- tclsView -->
  <testcase name="tclsView" time="0.000" classname="com.hasbrop2m.views.LineSheetView">
    <skipped/>
  </testcase> <!-- tclsView -->
  <testcase name="tclsView" time="0.000" classname="com.hasbrop2m.views.LineSheetView">
    <skipped/>
  </testcase> <!-- tclsView -->
  <testcase name="tclsView" time="0.000" classname="com.hasbrop2m.views.LineSheetView">
    <skipped/>
  </testcase> <!-- tclsView -->
  <testcase name="tclsView" time="0.000" classname="com.hasbrop2m.views.LineSheetView">
    <skipped/>
  </testcase> <!-- tclsView -->
  <testcase name="tclsView" time="0.000" classname="com.hasbrop2m.views.LineSheetView">
    <skipped/>
  </testcase> <!-- tclsView -->
  <testcase name="tclsView" time="0.000" classname="com.hasbrop2m.views.LineSheetView">
    <skipped/>
  </testcase> <!-- tclsView -->
  <testcase name="tclsView" time="0.000" classname="com.hasbrop2m.views.LineSheetView">
    <skipped/>
  </testcase> <!-- tclsView -->
  <testcase name="tclsView" time="0.000" classname="com.hasbrop2m.views.LineSheetView">
    <skipped/>
  </testcase> <!-- tclsView -->
  <testcase name="tclsView" time="0.000" classname="com.hasbrop2m.views.LineSheetView">
    <skipped/>
  </testcase> <!-- tclsView -->
  <testcase name="tclsView" time="0.000" classname="com.hasbrop2m.views.LineSheetView">
    <skipped/>
  </testcase> <!-- tclsView -->
  <testcase name="tclsView" time="0.000" classname="com.hasbrop2m.views.LineSheetView">
    <skipped/>
  </testcase> <!-- tclsView -->
  <testcase name="tclsView" time="0.000" classname="com.hasbrop2m.views.LineSheetView">
    <skipped/>
  </testcase> <!-- tclsView -->
  <testcase name="tclsView" time="0.000" classname="com.hasbrop2m.views.LineSheetView">
    <skipped/>
  </testcase> <!-- tclsView -->
  <testcase name="tclsView" time="0.000" classname="com.hasbrop2m.views.LineSheetView">
    <skipped/>
  </testcase> <!-- tclsView -->
</testsuite> <!-- com.hasbrop2m.views.LineSheetView -->
