<?xml version="1.0" encoding="UTF-8"?>
<!-- Generated by org.testng.reporters.JUnitReportReporter -->
<testsuite skipped="250" hostname="BDC6-LX-723061Y" name="com.hasbrop2m.sanity.SanitySuite_AssortmentRetail" tests="250" failures="0" timestamp="20 Sep 2018 06:08:48 GMT" time="0.000" errors="0">
  <testcase name="tcSCFunctional" time="0.000" classname="com.hasbrop2m.sanity.SanitySuite_AssortmentRetail">
    <skipped/>
  </testcase> <!-- tcSCFunctional -->
  <testcase name="tcSCFunctional" time="0.000" classname="com.hasbrop2m.sanity.SanitySuite_AssortmentRetail">
    <skipped/>
  </testcase> <!-- tcSCFunctional -->
  <testcase name="tcSCFunctional" time="0.000" classname="com.hasbrop2m.sanity.SanitySuite_AssortmentRetail">
    <skipped/>
  </testcase> <!-- tcSCFunctional -->
  <testcase name="tcSCFunctional" time="0.000" classname="com.hasbrop2m.sanity.SanitySuite_AssortmentRetail">
    <skipped/>
  </testcase> <!-- tcSCFunctional -->
  <testcase name="tcSCFunctional" time="0.000" classname="com.hasbrop2m.sanity.SanitySuite_AssortmentRetail">
    <skipped/>
  </testcase> <!-- tcSCFunctional -->
  <testcase name="tcSCFunctional" time="0.000" classname="com.hasbrop2m.sanity.SanitySuite_AssortmentRetail">
    <skipped/>
  </testcase> <!-- tcSCFunctional -->
  <testcase name="tcSCFunctional" time="0.000" classname="com.hasbrop2m.sanity.SanitySuite_AssortmentRetail">
    <skipped/>
  </testcase> <!-- tcSCFunctional -->
  <testcase name="tcSCFunctional" time="0.000" classname="com.hasbrop2m.sanity.SanitySuite_AssortmentRetail">
    <skipped/>
  </testcase> <!-- tcSCFunctional -->
  <testcase name="tcSCFunctional" time="0.000" classname="com.hasbrop2m.sanity.SanitySuite_AssortmentRetail">
    <skipped/>
  </testcase> <!-- tcSCFunctional -->
  <testcase name="tcSCFunctional" time="0.000" classname="com.hasbrop2m.sanity.SanitySuite_AssortmentRetail">
    <skipped/>
  </testcase> <!-- tcSCFunctional -->
  <testcase name="tcSCFunctional" time="0.000" classname="com.hasbrop2m.sanity.SanitySuite_AssortmentRetail">
    <skipped/>
  </testcase> <!-- tcSCFunctional -->
  <testcase name="tcSCFunctional" time="0.000" classname="com.hasbrop2m.sanity.SanitySuite_AssortmentRetail">
    <skipped/>
  </testcase> <!-- tcSCFunctional -->
  <testcase name="tcSCFunctional" time="0.000" classname="com.hasbrop2m.sanity.SanitySuite_AssortmentRetail">
    <skipped/>
  </testcase> <!-- tcSCFunctional -->
  <testcase name="tcSCFunctional" time="0.000" classname="com.hasbrop2m.sanity.SanitySuite_AssortmentRetail">
    <skipped/>
  </testcase> <!-- tcSCFunctional -->
  <testcase name="tcSCFunctional" time="0.000" classname="com.hasbrop2m.sanity.SanitySuite_AssortmentRetail">
    <skipped/>
  </testcase> <!-- tcSCFunctional -->
  <testcase name="tcSCFunctional" time="0.000" classname="com.hasbrop2m.sanity.SanitySuite_AssortmentRetail">
    <skipped/>
  </testcase> <!-- tcSCFunctional -->
  <testcase name="tcSCFunctional" time="0.000" classname="com.hasbrop2m.sanity.SanitySuite_AssortmentRetail">
    <skipped/>
  </testcase> <!-- tcSCFunctional -->
  <testcase name="tcSCFunctional" time="0.000" classname="com.hasbrop2m.sanity.SanitySuite_AssortmentRetail">
    <skipped/>
  </testcase> <!-- tcSCFunctional -->
  <testcase name="tcSCFunctional" time="0.000" classname="com.hasbrop2m.sanity.SanitySuite_AssortmentRetail">
    <skipped/>
  </testcase> <!-- tcSCFunctional -->
  <testcase name="tcSCFunctional" time="0.000" classname="com.hasbrop2m.sanity.SanitySuite_AssortmentRetail">
    <skipped/>
  </testcase> <!-- tcSCFunctional -->
  <testcase name="tcSCFunctional" time="0.000" classname="com.hasbrop2m.sanity.SanitySuite_AssortmentRetail">
    <skipped/>
  </testcase> <!-- tcSCFunctional -->
  <testcase name="tcSCFunctional" time="0.000" classname="com.hasbrop2m.sanity.SanitySuite_AssortmentRetail">
    <skipped/>
  </testcase> <!-- tcSCFunctional -->
  <testcase name="tcSCFunctional" time="0.000" classname="com.hasbrop2m.sanity.SanitySuite_AssortmentRetail">
    <skipped/>
  </testcase> <!-- tcSCFunctional -->
  <testcase name="tcSCFunctional" time="0.000" classname="com.hasbrop2m.sanity.SanitySuite_AssortmentRetail">
    <skipped/>
  </testcase> <!-- tcSCFunctional -->
  <testcase name="tcSCFunctional" time="0.000" classname="com.hasbrop2m.sanity.SanitySuite_AssortmentRetail">
    <skipped/>
  </testcase> <!-- tcSCFunctional -->
  <testcase name="tcSCFunctional" time="0.000" classname="com.hasbrop2m.sanity.SanitySuite_AssortmentRetail">
    <skipped/>
  </testcase> <!-- tcSCFunctional -->
  <testcase name="tcSCFunctional" time="0.000" classname="com.hasbrop2m.sanity.SanitySuite_AssortmentRetail">
    <skipped/>
  </testcase> <!-- tcSCFunctional -->
  <testcase name="tcSCFunctional" time="0.000" classname="com.hasbrop2m.sanity.SanitySuite_AssortmentRetail">
    <skipped/>
  </testcase> <!-- tcSCFunctional -->
  <testcase name="tcSCFunctional" time="0.000" classname="com.hasbrop2m.sanity.SanitySuite_AssortmentRetail">
    <skipped/>
  </testcase> <!-- tcSCFunctional -->
  <testcase name="tcSCFunctional" time="0.000" classname="com.hasbrop2m.sanity.SanitySuite_AssortmentRetail">
    <skipped/>
  </testcase> <!-- tcSCFunctional -->
  <testcase name="tcSCFunctional" time="0.000" classname="com.hasbrop2m.sanity.SanitySuite_AssortmentRetail">
    <skipped/>
  </testcase> <!-- tcSCFunctional -->
  <testcase name="tcSCFunctional" time="0.000" classname="com.hasbrop2m.sanity.SanitySuite_AssortmentRetail">
    <skipped/>
  </testcase> <!-- tcSCFunctional -->
  <testcase name="tcSCFunctional" time="0.000" classname="com.hasbrop2m.sanity.SanitySuite_AssortmentRetail">
    <skipped/>
  </testcase> <!-- tcSCFunctional -->
  <testcase name="tcSCFunctional" time="0.000" classname="com.hasbrop2m.sanity.SanitySuite_AssortmentRetail">
    <skipped/>
  </testcase> <!-- tcSCFunctional -->
  <testcase name="tcSCFunctional" time="0.000" classname="com.hasbrop2m.sanity.SanitySuite_AssortmentRetail">
    <skipped/>
  </testcase> <!-- tcSCFunctional -->
  <testcase name="tcSCFunctional" time="0.000" classname="com.hasbrop2m.sanity.SanitySuite_AssortmentRetail">
    <skipped/>
  </testcase> <!-- tcSCFunctional -->
  <testcase name="tcSCFunctional" time="0.000" classname="com.hasbrop2m.sanity.SanitySuite_AssortmentRetail">
    <skipped/>
  </testcase> <!-- tcSCFunctional -->
  <testcase name="tcSCFunctional" time="0.000" classname="com.hasbrop2m.sanity.SanitySuite_AssortmentRetail">
    <skipped/>
  </testcase> <!-- tcSCFunctional -->
  <testcase name="tcSCFunctional" time="0.000" classname="com.hasbrop2m.sanity.SanitySuite_AssortmentRetail">
    <skipped/>
  </testcase> <!-- tcSCFunctional -->
  <testcase name="tcSCFunctional" time="0.000" classname="com.hasbrop2m.sanity.SanitySuite_AssortmentRetail">
    <skipped/>
  </testcase> <!-- tcSCFunctional -->
  <testcase name="tcSCFunctional" time="0.000" classname="com.hasbrop2m.sanity.SanitySuite_AssortmentRetail">
    <skipped/>
  </testcase> <!-- tcSCFunctional -->
  <testcase name="tcSCFunctional" time="0.000" classname="com.hasbrop2m.sanity.SanitySuite_AssortmentRetail">
    <skipped/>
  </testcase> <!-- tcSCFunctional -->
  <testcase name="tcSCFunctional" time="0.000" classname="com.hasbrop2m.sanity.SanitySuite_AssortmentRetail">
    <skipped/>
  </testcase> <!-- tcSCFunctional -->
  <testcase name="tcSCFunctional" time="0.000" classname="com.hasbrop2m.sanity.SanitySuite_AssortmentRetail">
    <skipped/>
  </testcase> <!-- tcSCFunctional -->
  <testcase name="tcSCFunctional" time="0.000" classname="com.hasbrop2m.sanity.SanitySuite_AssortmentRetail">
    <skipped/>
  </testcase> <!-- tcSCFunctional -->
  <testcase name="tcSCFunctional" time="0.000" classname="com.hasbrop2m.sanity.SanitySuite_AssortmentRetail">
    <skipped/>
  </testcase> <!-- tcSCFunctional -->
  <testcase name="tcSCFunctional" time="0.000" classname="com.hasbrop2m.sanity.SanitySuite_AssortmentRetail">
    <skipped/>
  </testcase> <!-- tcSCFunctional -->
  <testcase name="tcSCFunctional" time="0.000" classname="com.hasbrop2m.sanity.SanitySuite_AssortmentRetail">
    <skipped/>
  </testcase> <!-- tcSCFunctional -->
  <testcase name="tcSCFunctional" time="0.000" classname="com.hasbrop2m.sanity.SanitySuite_AssortmentRetail">
    <skipped/>
  </testcase> <!-- tcSCFunctional -->
  <testcase name="tcSCFunctional" time="0.000" classname="com.hasbrop2m.sanity.SanitySuite_AssortmentRetail">
    <skipped/>
  </testcase> <!-- tcSCFunctional -->
  <testcase name="tcSCFunctional" time="0.000" classname="com.hasbrop2m.sanity.SanitySuite_AssortmentRetail">
    <skipped/>
  </testcase> <!-- tcSCFunctional -->
  <testcase name="tcSCFunctional" time="0.000" classname="com.hasbrop2m.sanity.SanitySuite_AssortmentRetail">
    <skipped/>
  </testcase> <!-- tcSCFunctional -->
  <testcase name="tcSCFunctional" time="0.000" classname="com.hasbrop2m.sanity.SanitySuite_AssortmentRetail">
    <skipped/>
  </testcase> <!-- tcSCFunctional -->
  <testcase name="tcSCFunctional" time="0.000" classname="com.hasbrop2m.sanity.SanitySuite_AssortmentRetail">
    <skipped/>
  </testcase> <!-- tcSCFunctional -->
  <testcase name="tcSCFunctional" time="0.000" classname="com.hasbrop2m.sanity.SanitySuite_AssortmentRetail">
    <skipped/>
  </testcase> <!-- tcSCFunctional -->
  <testcase name="tcSCFunctional" time="0.000" classname="com.hasbrop2m.sanity.SanitySuite_AssortmentRetail">
    <skipped/>
  </testcase> <!-- tcSCFunctional -->
  <testcase name="tcSCFunctional" time="0.000" classname="com.hasbrop2m.sanity.SanitySuite_AssortmentRetail">
    <skipped/>
  </testcase> <!-- tcSCFunctional -->
  <testcase name="tcSCFunctional" time="0.000" classname="com.hasbrop2m.sanity.SanitySuite_AssortmentRetail">
    <skipped/>
  </testcase> <!-- tcSCFunctional -->
  <testcase name="tcSCFunctional" time="0.000" classname="com.hasbrop2m.sanity.SanitySuite_AssortmentRetail">
    <skipped/>
  </testcase> <!-- tcSCFunctional -->
  <testcase name="tcSCFunctional" time="0.000" classname="com.hasbrop2m.sanity.SanitySuite_AssortmentRetail">
    <skipped/>
  </testcase> <!-- tcSCFunctional -->
  <testcase name="tcSCFunctional" time="0.000" classname="com.hasbrop2m.sanity.SanitySuite_AssortmentRetail">
    <skipped/>
  </testcase> <!-- tcSCFunctional -->
  <testcase name="tcSCFunctional" time="0.000" classname="com.hasbrop2m.sanity.SanitySuite_AssortmentRetail">
    <skipped/>
  </testcase> <!-- tcSCFunctional -->
  <testcase name="tcSCFunctional" time="0.000" classname="com.hasbrop2m.sanity.SanitySuite_AssortmentRetail">
    <skipped/>
  </testcase> <!-- tcSCFunctional -->
  <testcase name="tcSCFunctional" time="0.000" classname="com.hasbrop2m.sanity.SanitySuite_AssortmentRetail">
    <skipped/>
  </testcase> <!-- tcSCFunctional -->
  <testcase name="tcSCFunctional" time="0.000" classname="com.hasbrop2m.sanity.SanitySuite_AssortmentRetail">
    <skipped/>
  </testcase> <!-- tcSCFunctional -->
  <testcase name="tcSCFunctional" time="0.000" classname="com.hasbrop2m.sanity.SanitySuite_AssortmentRetail">
    <skipped/>
  </testcase> <!-- tcSCFunctional -->
  <testcase name="tcSCFunctional" time="0.000" classname="com.hasbrop2m.sanity.SanitySuite_AssortmentRetail">
    <skipped/>
  </testcase> <!-- tcSCFunctional -->
  <testcase name="tcSCFunctional" time="0.000" classname="com.hasbrop2m.sanity.SanitySuite_AssortmentRetail">
    <skipped/>
  </testcase> <!-- tcSCFunctional -->
  <testcase name="tcSCFunctional" time="0.000" classname="com.hasbrop2m.sanity.SanitySuite_AssortmentRetail">
    <skipped/>
  </testcase> <!-- tcSCFunctional -->
  <testcase name="tcSCFunctional" time="0.000" classname="com.hasbrop2m.sanity.SanitySuite_AssortmentRetail">
    <skipped/>
  </testcase> <!-- tcSCFunctional -->
  <testcase name="tcSCFunctional" time="0.000" classname="com.hasbrop2m.sanity.SanitySuite_AssortmentRetail">
    <skipped/>
  </testcase> <!-- tcSCFunctional -->
  <testcase name="tcSCFunctional" time="0.000" classname="com.hasbrop2m.sanity.SanitySuite_AssortmentRetail">
    <skipped/>
  </testcase> <!-- tcSCFunctional -->
  <testcase name="tcSCFunctional" time="0.000" classname="com.hasbrop2m.sanity.SanitySuite_AssortmentRetail">
    <skipped/>
  </testcase> <!-- tcSCFunctional -->
  <testcase name="tcSCFunctional" time="0.000" classname="com.hasbrop2m.sanity.SanitySuite_AssortmentRetail">
    <skipped/>
  </testcase> <!-- tcSCFunctional -->
  <testcase name="tcSCFunctional" time="0.000" classname="com.hasbrop2m.sanity.SanitySuite_AssortmentRetail">
    <skipped/>
  </testcase> <!-- tcSCFunctional -->
  <testcase name="tcSCFunctional" time="0.000" classname="com.hasbrop2m.sanity.SanitySuite_AssortmentRetail">
    <skipped/>
  </testcase> <!-- tcSCFunctional -->
  <testcase name="tcSCFunctional" time="0.000" classname="com.hasbrop2m.sanity.SanitySuite_AssortmentRetail">
    <skipped/>
  </testcase> <!-- tcSCFunctional -->
  <testcase name="tcSCFunctional" time="0.000" classname="com.hasbrop2m.sanity.SanitySuite_AssortmentRetail">
    <skipped/>
  </testcase> <!-- tcSCFunctional -->
  <testcase name="tcSCFunctional" time="0.000" classname="com.hasbrop2m.sanity.SanitySuite_AssortmentRetail">
    <skipped/>
  </testcase> <!-- tcSCFunctional -->
  <testcase name="tcSCFunctional" time="0.000" classname="com.hasbrop2m.sanity.SanitySuite_AssortmentRetail">
    <skipped/>
  </testcase> <!-- tcSCFunctional -->
  <testcase name="tcSCFunctional" time="0.000" classname="com.hasbrop2m.sanity.SanitySuite_AssortmentRetail">
    <skipped/>
  </testcase> <!-- tcSCFunctional -->
  <testcase name="tcSCFunctional" time="0.000" classname="com.hasbrop2m.sanity.SanitySuite_AssortmentRetail">
    <skipped/>
  </testcase> <!-- tcSCFunctional -->
  <testcase name="tcSCFunctional" time="0.000" classname="com.hasbrop2m.sanity.SanitySuite_AssortmentRetail">
    <skipped/>
  </testcase> <!-- tcSCFunctional -->
  <testcase name="tcSCFunctional" time="0.000" classname="com.hasbrop2m.sanity.SanitySuite_AssortmentRetail">
    <skipped/>
  </testcase> <!-- tcSCFunctional -->
  <testcase name="tcSCFunctional" time="0.000" classname="com.hasbrop2m.sanity.SanitySuite_AssortmentRetail">
    <skipped/>
  </testcase> <!-- tcSCFunctional -->
  <testcase name="tcSCFunctional" time="0.000" classname="com.hasbrop2m.sanity.SanitySuite_AssortmentRetail">
    <skipped/>
  </testcase> <!-- tcSCFunctional -->
  <testcase name="tcSCFunctional" time="0.000" classname="com.hasbrop2m.sanity.SanitySuite_AssortmentRetail">
    <skipped/>
  </testcase> <!-- tcSCFunctional -->
  <testcase name="tcSCFunctional" time="0.000" classname="com.hasbrop2m.sanity.SanitySuite_AssortmentRetail">
    <skipped/>
  </testcase> <!-- tcSCFunctional -->
  <testcase name="tcSCFunctional" time="0.000" classname="com.hasbrop2m.sanity.SanitySuite_AssortmentRetail">
    <skipped/>
  </testcase> <!-- tcSCFunctional -->
  <testcase name="tcSCFunctional" time="0.000" classname="com.hasbrop2m.sanity.SanitySuite_AssortmentRetail">
    <skipped/>
  </testcase> <!-- tcSCFunctional -->
  <testcase name="tcSCFunctional" time="0.000" classname="com.hasbrop2m.sanity.SanitySuite_AssortmentRetail">
    <skipped/>
  </testcase> <!-- tcSCFunctional -->
  <testcase name="tcSCFunctional" time="0.000" classname="com.hasbrop2m.sanity.SanitySuite_AssortmentRetail">
    <skipped/>
  </testcase> <!-- tcSCFunctional -->
  <testcase name="tcSCFunctional" time="0.000" classname="com.hasbrop2m.sanity.SanitySuite_AssortmentRetail">
    <skipped/>
  </testcase> <!-- tcSCFunctional -->
  <testcase name="tcSCFunctional" time="0.000" classname="com.hasbrop2m.sanity.SanitySuite_AssortmentRetail">
    <skipped/>
  </testcase> <!-- tcSCFunctional -->
  <testcase name="tcSCFunctional" time="0.000" classname="com.hasbrop2m.sanity.SanitySuite_AssortmentRetail">
    <skipped/>
  </testcase> <!-- tcSCFunctional -->
  <testcase name="tcSCFunctional" time="0.000" classname="com.hasbrop2m.sanity.SanitySuite_AssortmentRetail">
    <skipped/>
  </testcase> <!-- tcSCFunctional -->
  <testcase name="tcSCFunctional" time="0.000" classname="com.hasbrop2m.sanity.SanitySuite_AssortmentRetail">
    <skipped/>
  </testcase> <!-- tcSCFunctional -->
  <testcase name="tcSCFunctional" time="0.000" classname="com.hasbrop2m.sanity.SanitySuite_AssortmentRetail">
    <skipped/>
  </testcase> <!-- tcSCFunctional -->
  <testcase name="tcSCFunctional" time="0.000" classname="com.hasbrop2m.sanity.SanitySuite_AssortmentRetail">
    <skipped/>
  </testcase> <!-- tcSCFunctional -->
  <testcase name="tcSCFunctional" time="0.000" classname="com.hasbrop2m.sanity.SanitySuite_AssortmentRetail">
    <skipped/>
  </testcase> <!-- tcSCFunctional -->
  <testcase name="tcSCFunctional" time="0.000" classname="com.hasbrop2m.sanity.SanitySuite_AssortmentRetail">
    <skipped/>
  </testcase> <!-- tcSCFunctional -->
  <testcase name="tcSCFunctional" time="0.000" classname="com.hasbrop2m.sanity.SanitySuite_AssortmentRetail">
    <skipped/>
  </testcase> <!-- tcSCFunctional -->
  <testcase name="tcSCFunctional" time="0.000" classname="com.hasbrop2m.sanity.SanitySuite_AssortmentRetail">
    <skipped/>
  </testcase> <!-- tcSCFunctional -->
  <testcase name="tcSCFunctional" time="0.000" classname="com.hasbrop2m.sanity.SanitySuite_AssortmentRetail">
    <skipped/>
  </testcase> <!-- tcSCFunctional -->
  <testcase name="tcSCFunctional" time="0.000" classname="com.hasbrop2m.sanity.SanitySuite_AssortmentRetail">
    <skipped/>
  </testcase> <!-- tcSCFunctional -->
  <testcase name="tcSCFunctional" time="0.000" classname="com.hasbrop2m.sanity.SanitySuite_AssortmentRetail">
    <skipped/>
  </testcase> <!-- tcSCFunctional -->
  <testcase name="tcSCFunctional" time="0.000" classname="com.hasbrop2m.sanity.SanitySuite_AssortmentRetail">
    <skipped/>
  </testcase> <!-- tcSCFunctional -->
  <testcase name="tcSCFunctional" time="0.000" classname="com.hasbrop2m.sanity.SanitySuite_AssortmentRetail">
    <skipped/>
  </testcase> <!-- tcSCFunctional -->
  <testcase name="tcSCFunctional" time="0.000" classname="com.hasbrop2m.sanity.SanitySuite_AssortmentRetail">
    <skipped/>
  </testcase> <!-- tcSCFunctional -->
  <testcase name="tcSCFunctional" time="0.000" classname="com.hasbrop2m.sanity.SanitySuite_AssortmentRetail">
    <skipped/>
  </testcase> <!-- tcSCFunctional -->
  <testcase name="tcSCFunctional" time="0.000" classname="com.hasbrop2m.sanity.SanitySuite_AssortmentRetail">
    <skipped/>
  </testcase> <!-- tcSCFunctional -->
  <testcase name="tcSCFunctional" time="0.000" classname="com.hasbrop2m.sanity.SanitySuite_AssortmentRetail">
    <skipped/>
  </testcase> <!-- tcSCFunctional -->
  <testcase name="tcSCFunctional" time="0.000" classname="com.hasbrop2m.sanity.SanitySuite_AssortmentRetail">
    <skipped/>
  </testcase> <!-- tcSCFunctional -->
  <testcase name="tcSCFunctional" time="0.000" classname="com.hasbrop2m.sanity.SanitySuite_AssortmentRetail">
    <skipped/>
  </testcase> <!-- tcSCFunctional -->
  <testcase name="tcSCFunctional" time="0.000" classname="com.hasbrop2m.sanity.SanitySuite_AssortmentRetail">
    <skipped/>
  </testcase> <!-- tcSCFunctional -->
  <testcase name="tcSCFunctional" time="0.000" classname="com.hasbrop2m.sanity.SanitySuite_AssortmentRetail">
    <skipped/>
  </testcase> <!-- tcSCFunctional -->
  <testcase name="tcSCFunctional" time="0.000" classname="com.hasbrop2m.sanity.SanitySuite_AssortmentRetail">
    <skipped/>
  </testcase> <!-- tcSCFunctional -->
  <testcase name="tcSCFunctional" time="0.000" classname="com.hasbrop2m.sanity.SanitySuite_AssortmentRetail">
    <skipped/>
  </testcase> <!-- tcSCFunctional -->
  <testcase name="tcSCFunctional" time="0.000" classname="com.hasbrop2m.sanity.SanitySuite_AssortmentRetail">
    <skipped/>
  </testcase> <!-- tcSCFunctional -->
  <testcase name="tcSCFunctional" time="0.000" classname="com.hasbrop2m.sanity.SanitySuite_AssortmentRetail">
    <skipped/>
  </testcase> <!-- tcSCFunctional -->
  <testcase name="tcSCFunctional" time="0.000" classname="com.hasbrop2m.sanity.SanitySuite_AssortmentRetail">
    <skipped/>
  </testcase> <!-- tcSCFunctional -->
  <testcase name="tcSCFunctional" time="0.000" classname="com.hasbrop2m.sanity.SanitySuite_AssortmentRetail">
    <skipped/>
  </testcase> <!-- tcSCFunctional -->
  <testcase name="tcSCFunctional" time="0.000" classname="com.hasbrop2m.sanity.SanitySuite_AssortmentRetail">
    <skipped/>
  </testcase> <!-- tcSCFunctional -->
  <testcase name="tcSCFunctional" time="0.000" classname="com.hasbrop2m.sanity.SanitySuite_AssortmentRetail">
    <skipped/>
  </testcase> <!-- tcSCFunctional -->
  <testcase name="tcSCFunctional" time="0.000" classname="com.hasbrop2m.sanity.SanitySuite_AssortmentRetail">
    <skipped/>
  </testcase> <!-- tcSCFunctional -->
  <testcase name="tcSCFunctional" time="0.000" classname="com.hasbrop2m.sanity.SanitySuite_AssortmentRetail">
    <skipped/>
  </testcase> <!-- tcSCFunctional -->
  <testcase name="tcSCFunctional" time="0.000" classname="com.hasbrop2m.sanity.SanitySuite_AssortmentRetail">
    <skipped/>
  </testcase> <!-- tcSCFunctional -->
  <testcase name="tcSCFunctional" time="0.000" classname="com.hasbrop2m.sanity.SanitySuite_AssortmentRetail">
    <skipped/>
  </testcase> <!-- tcSCFunctional -->
  <testcase name="tcSCFunctional" time="0.000" classname="com.hasbrop2m.sanity.SanitySuite_AssortmentRetail">
    <skipped/>
  </testcase> <!-- tcSCFunctional -->
  <testcase name="tcSCFunctional" time="0.000" classname="com.hasbrop2m.sanity.SanitySuite_AssortmentRetail">
    <skipped/>
  </testcase> <!-- tcSCFunctional -->
  <testcase name="tcSCFunctional" time="0.000" classname="com.hasbrop2m.sanity.SanitySuite_AssortmentRetail">
    <skipped/>
  </testcase> <!-- tcSCFunctional -->
  <testcase name="tcSCFunctional" time="0.000" classname="com.hasbrop2m.sanity.SanitySuite_AssortmentRetail">
    <skipped/>
  </testcase> <!-- tcSCFunctional -->
  <testcase name="tcSCFunctional" time="0.000" classname="com.hasbrop2m.sanity.SanitySuite_AssortmentRetail">
    <skipped/>
  </testcase> <!-- tcSCFunctional -->
  <testcase name="tcSCFunctional" time="0.000" classname="com.hasbrop2m.sanity.SanitySuite_AssortmentRetail">
    <skipped/>
  </testcase> <!-- tcSCFunctional -->
  <testcase name="tcSCFunctional" time="0.000" classname="com.hasbrop2m.sanity.SanitySuite_AssortmentRetail">
    <skipped/>
  </testcase> <!-- tcSCFunctional -->
  <testcase name="tcSCFunctional" time="0.000" classname="com.hasbrop2m.sanity.SanitySuite_AssortmentRetail">
    <skipped/>
  </testcase> <!-- tcSCFunctional -->
  <testcase name="tcSCFunctional" time="0.000" classname="com.hasbrop2m.sanity.SanitySuite_AssortmentRetail">
    <skipped/>
  </testcase> <!-- tcSCFunctional -->
  <testcase name="tcSCFunctional" time="0.000" classname="com.hasbrop2m.sanity.SanitySuite_AssortmentRetail">
    <skipped/>
  </testcase> <!-- tcSCFunctional -->
  <testcase name="tcSCFunctional" time="0.000" classname="com.hasbrop2m.sanity.SanitySuite_AssortmentRetail">
    <skipped/>
  </testcase> <!-- tcSCFunctional -->
  <testcase name="tcSCFunctional" time="0.000" classname="com.hasbrop2m.sanity.SanitySuite_AssortmentRetail">
    <skipped/>
  </testcase> <!-- tcSCFunctional -->
  <testcase name="tcSCFunctional" time="0.000" classname="com.hasbrop2m.sanity.SanitySuite_AssortmentRetail">
    <skipped/>
  </testcase> <!-- tcSCFunctional -->
  <testcase name="tcSCFunctional" time="0.000" classname="com.hasbrop2m.sanity.SanitySuite_AssortmentRetail">
    <skipped/>
  </testcase> <!-- tcSCFunctional -->
  <testcase name="tcSCFunctional" time="0.000" classname="com.hasbrop2m.sanity.SanitySuite_AssortmentRetail">
    <skipped/>
  </testcase> <!-- tcSCFunctional -->
  <testcase name="tcSCFunctional" time="0.000" classname="com.hasbrop2m.sanity.SanitySuite_AssortmentRetail">
    <skipped/>
  </testcase> <!-- tcSCFunctional -->
  <testcase name="tcSCFunctional" time="0.000" classname="com.hasbrop2m.sanity.SanitySuite_AssortmentRetail">
    <skipped/>
  </testcase> <!-- tcSCFunctional -->
  <testcase name="tcSCFunctional" time="0.000" classname="com.hasbrop2m.sanity.SanitySuite_AssortmentRetail">
    <skipped/>
  </testcase> <!-- tcSCFunctional -->
  <testcase name="tcSCFunctional" time="0.000" classname="com.hasbrop2m.sanity.SanitySuite_AssortmentRetail">
    <skipped/>
  </testcase> <!-- tcSCFunctional -->
  <testcase name="tcSCFunctional" time="0.000" classname="com.hasbrop2m.sanity.SanitySuite_AssortmentRetail">
    <skipped/>
  </testcase> <!-- tcSCFunctional -->
  <testcase name="tcSCFunctional" time="0.000" classname="com.hasbrop2m.sanity.SanitySuite_AssortmentRetail">
    <skipped/>
  </testcase> <!-- tcSCFunctional -->
  <testcase name="tcSCFunctional" time="0.000" classname="com.hasbrop2m.sanity.SanitySuite_AssortmentRetail">
    <skipped/>
  </testcase> <!-- tcSCFunctional -->
  <testcase name="tcSCFunctional" time="0.000" classname="com.hasbrop2m.sanity.SanitySuite_AssortmentRetail">
    <skipped/>
  </testcase> <!-- tcSCFunctional -->
  <testcase name="tcSCFunctional" time="0.000" classname="com.hasbrop2m.sanity.SanitySuite_AssortmentRetail">
    <skipped/>
  </testcase> <!-- tcSCFunctional -->
  <testcase name="tcSCFunctional" time="0.000" classname="com.hasbrop2m.sanity.SanitySuite_AssortmentRetail">
    <skipped/>
  </testcase> <!-- tcSCFunctional -->
  <testcase name="tcSCFunctional" time="0.000" classname="com.hasbrop2m.sanity.SanitySuite_AssortmentRetail">
    <skipped/>
  </testcase> <!-- tcSCFunctional -->
  <testcase name="tcSCFunctional" time="0.000" classname="com.hasbrop2m.sanity.SanitySuite_AssortmentRetail">
    <skipped/>
  </testcase> <!-- tcSCFunctional -->
  <testcase name="tcSCFunctional" time="0.000" classname="com.hasbrop2m.sanity.SanitySuite_AssortmentRetail">
    <skipped/>
  </testcase> <!-- tcSCFunctional -->
  <testcase name="tcSCFunctional" time="0.000" classname="com.hasbrop2m.sanity.SanitySuite_AssortmentRetail">
    <skipped/>
  </testcase> <!-- tcSCFunctional -->
  <testcase name="tcSCFunctional" time="0.000" classname="com.hasbrop2m.sanity.SanitySuite_AssortmentRetail">
    <skipped/>
  </testcase> <!-- tcSCFunctional -->
  <testcase name="tcSCFunctional" time="0.000" classname="com.hasbrop2m.sanity.SanitySuite_AssortmentRetail">
    <skipped/>
  </testcase> <!-- tcSCFunctional -->
  <testcase name="tcSCFunctional" time="0.000" classname="com.hasbrop2m.sanity.SanitySuite_AssortmentRetail">
    <skipped/>
  </testcase> <!-- tcSCFunctional -->
  <testcase name="tcSCFunctional" time="0.000" classname="com.hasbrop2m.sanity.SanitySuite_AssortmentRetail">
    <skipped/>
  </testcase> <!-- tcSCFunctional -->
  <testcase name="tcSCFunctional" time="0.000" classname="com.hasbrop2m.sanity.SanitySuite_AssortmentRetail">
    <skipped/>
  </testcase> <!-- tcSCFunctional -->
  <testcase name="tcSCFunctional" time="0.000" classname="com.hasbrop2m.sanity.SanitySuite_AssortmentRetail">
    <skipped/>
  </testcase> <!-- tcSCFunctional -->
  <testcase name="tcSCFunctional" time="0.000" classname="com.hasbrop2m.sanity.SanitySuite_AssortmentRetail">
    <skipped/>
  </testcase> <!-- tcSCFunctional -->
  <testcase name="tcSCFunctional" time="0.000" classname="com.hasbrop2m.sanity.SanitySuite_AssortmentRetail">
    <skipped/>
  </testcase> <!-- tcSCFunctional -->
  <testcase name="tcSCFunctional" time="0.000" classname="com.hasbrop2m.sanity.SanitySuite_AssortmentRetail">
    <skipped/>
  </testcase> <!-- tcSCFunctional -->
  <testcase name="tcSCFunctional" time="0.000" classname="com.hasbrop2m.sanity.SanitySuite_AssortmentRetail">
    <skipped/>
  </testcase> <!-- tcSCFunctional -->
  <testcase name="tcSCFunctional" time="0.000" classname="com.hasbrop2m.sanity.SanitySuite_AssortmentRetail">
    <skipped/>
  </testcase> <!-- tcSCFunctional -->
  <testcase name="tcSCFunctional" time="0.000" classname="com.hasbrop2m.sanity.SanitySuite_AssortmentRetail">
    <skipped/>
  </testcase> <!-- tcSCFunctional -->
  <testcase name="tcSCFunctional" time="0.000" classname="com.hasbrop2m.sanity.SanitySuite_AssortmentRetail">
    <skipped/>
  </testcase> <!-- tcSCFunctional -->
  <testcase name="tcSCFunctional" time="0.000" classname="com.hasbrop2m.sanity.SanitySuite_AssortmentRetail">
    <skipped/>
  </testcase> <!-- tcSCFunctional -->
  <testcase name="tcSCFunctional" time="0.000" classname="com.hasbrop2m.sanity.SanitySuite_AssortmentRetail">
    <skipped/>
  </testcase> <!-- tcSCFunctional -->
  <testcase name="tcSCFunctional" time="0.000" classname="com.hasbrop2m.sanity.SanitySuite_AssortmentRetail">
    <skipped/>
  </testcase> <!-- tcSCFunctional -->
  <testcase name="tcSCFunctional" time="0.000" classname="com.hasbrop2m.sanity.SanitySuite_AssortmentRetail">
    <skipped/>
  </testcase> <!-- tcSCFunctional -->
  <testcase name="tcSCFunctional" time="0.000" classname="com.hasbrop2m.sanity.SanitySuite_AssortmentRetail">
    <skipped/>
  </testcase> <!-- tcSCFunctional -->
  <testcase name="tcSCFunctional" time="0.000" classname="com.hasbrop2m.sanity.SanitySuite_AssortmentRetail">
    <skipped/>
  </testcase> <!-- tcSCFunctional -->
  <testcase name="tcSCFunctional" time="0.000" classname="com.hasbrop2m.sanity.SanitySuite_AssortmentRetail">
    <skipped/>
  </testcase> <!-- tcSCFunctional -->
  <testcase name="tcSCFunctional" time="0.000" classname="com.hasbrop2m.sanity.SanitySuite_AssortmentRetail">
    <skipped/>
  </testcase> <!-- tcSCFunctional -->
  <testcase name="tcSCFunctional" time="0.000" classname="com.hasbrop2m.sanity.SanitySuite_AssortmentRetail">
    <skipped/>
  </testcase> <!-- tcSCFunctional -->
  <testcase name="tcSCFunctional" time="0.000" classname="com.hasbrop2m.sanity.SanitySuite_AssortmentRetail">
    <skipped/>
  </testcase> <!-- tcSCFunctional -->
  <testcase name="tcSCFunctional" time="0.000" classname="com.hasbrop2m.sanity.SanitySuite_AssortmentRetail">
    <skipped/>
  </testcase> <!-- tcSCFunctional -->
  <testcase name="tcSCFunctional" time="0.000" classname="com.hasbrop2m.sanity.SanitySuite_AssortmentRetail">
    <skipped/>
  </testcase> <!-- tcSCFunctional -->
  <testcase name="tcSCFunctional" time="0.000" classname="com.hasbrop2m.sanity.SanitySuite_AssortmentRetail">
    <skipped/>
  </testcase> <!-- tcSCFunctional -->
  <testcase name="tcSCFunctional" time="0.000" classname="com.hasbrop2m.sanity.SanitySuite_AssortmentRetail">
    <skipped/>
  </testcase> <!-- tcSCFunctional -->
  <testcase name="tcSCFunctional" time="0.000" classname="com.hasbrop2m.sanity.SanitySuite_AssortmentRetail">
    <skipped/>
  </testcase> <!-- tcSCFunctional -->
  <testcase name="tcSCFunctional" time="0.000" classname="com.hasbrop2m.sanity.SanitySuite_AssortmentRetail">
    <skipped/>
  </testcase> <!-- tcSCFunctional -->
  <testcase name="tcSCFunctional" time="0.000" classname="com.hasbrop2m.sanity.SanitySuite_AssortmentRetail">
    <skipped/>
  </testcase> <!-- tcSCFunctional -->
  <testcase name="tcSCFunctional" time="0.000" classname="com.hasbrop2m.sanity.SanitySuite_AssortmentRetail">
    <skipped/>
  </testcase> <!-- tcSCFunctional -->
  <testcase name="tcSCFunctional" time="0.000" classname="com.hasbrop2m.sanity.SanitySuite_AssortmentRetail">
    <skipped/>
  </testcase> <!-- tcSCFunctional -->
  <testcase name="tcSCFunctional" time="0.000" classname="com.hasbrop2m.sanity.SanitySuite_AssortmentRetail">
    <skipped/>
  </testcase> <!-- tcSCFunctional -->
  <testcase name="tcSCFunctional" time="0.000" classname="com.hasbrop2m.sanity.SanitySuite_AssortmentRetail">
    <skipped/>
  </testcase> <!-- tcSCFunctional -->
  <testcase name="tcSCFunctional" time="0.000" classname="com.hasbrop2m.sanity.SanitySuite_AssortmentRetail">
    <skipped/>
  </testcase> <!-- tcSCFunctional -->
  <testcase name="tcSCFunctional" time="0.000" classname="com.hasbrop2m.sanity.SanitySuite_AssortmentRetail">
    <skipped/>
  </testcase> <!-- tcSCFunctional -->
  <testcase name="tcSCFunctional" time="0.000" classname="com.hasbrop2m.sanity.SanitySuite_AssortmentRetail">
    <skipped/>
  </testcase> <!-- tcSCFunctional -->
  <testcase name="tcSCFunctional" time="0.000" classname="com.hasbrop2m.sanity.SanitySuite_AssortmentRetail">
    <skipped/>
  </testcase> <!-- tcSCFunctional -->
  <testcase name="tcSCFunctional" time="0.000" classname="com.hasbrop2m.sanity.SanitySuite_AssortmentRetail">
    <skipped/>
  </testcase> <!-- tcSCFunctional -->
  <testcase name="tcSCFunctional" time="0.000" classname="com.hasbrop2m.sanity.SanitySuite_AssortmentRetail">
    <skipped/>
  </testcase> <!-- tcSCFunctional -->
  <testcase name="tcSCFunctional" time="0.000" classname="com.hasbrop2m.sanity.SanitySuite_AssortmentRetail">
    <skipped/>
  </testcase> <!-- tcSCFunctional -->
  <testcase name="tcSCFunctional" time="0.000" classname="com.hasbrop2m.sanity.SanitySuite_AssortmentRetail">
    <skipped/>
  </testcase> <!-- tcSCFunctional -->
  <testcase name="tcSCFunctional" time="0.000" classname="com.hasbrop2m.sanity.SanitySuite_AssortmentRetail">
    <skipped/>
  </testcase> <!-- tcSCFunctional -->
  <testcase name="tcSCFunctional" time="0.000" classname="com.hasbrop2m.sanity.SanitySuite_AssortmentRetail">
    <skipped/>
  </testcase> <!-- tcSCFunctional -->
  <testcase name="tcSCFunctional" time="0.000" classname="com.hasbrop2m.sanity.SanitySuite_AssortmentRetail">
    <skipped/>
  </testcase> <!-- tcSCFunctional -->
  <testcase name="tcSCFunctional" time="0.000" classname="com.hasbrop2m.sanity.SanitySuite_AssortmentRetail">
    <skipped/>
  </testcase> <!-- tcSCFunctional -->
  <testcase name="tcSCFunctional" time="0.000" classname="com.hasbrop2m.sanity.SanitySuite_AssortmentRetail">
    <skipped/>
  </testcase> <!-- tcSCFunctional -->
  <testcase name="tcSCFunctional" time="0.000" classname="com.hasbrop2m.sanity.SanitySuite_AssortmentRetail">
    <skipped/>
  </testcase> <!-- tcSCFunctional -->
  <testcase name="tcSCFunctional" time="0.000" classname="com.hasbrop2m.sanity.SanitySuite_AssortmentRetail">
    <skipped/>
  </testcase> <!-- tcSCFunctional -->
  <testcase name="tcSCFunctional" time="0.000" classname="com.hasbrop2m.sanity.SanitySuite_AssortmentRetail">
    <skipped/>
  </testcase> <!-- tcSCFunctional -->
  <testcase name="tcSCFunctional" time="0.000" classname="com.hasbrop2m.sanity.SanitySuite_AssortmentRetail">
    <skipped/>
  </testcase> <!-- tcSCFunctional -->
  <testcase name="tcSCFunctional" time="0.000" classname="com.hasbrop2m.sanity.SanitySuite_AssortmentRetail">
    <skipped/>
  </testcase> <!-- tcSCFunctional -->
  <testcase name="tcSCFunctional" time="0.000" classname="com.hasbrop2m.sanity.SanitySuite_AssortmentRetail">
    <skipped/>
  </testcase> <!-- tcSCFunctional -->
  <testcase name="tcSCFunctional" time="0.000" classname="com.hasbrop2m.sanity.SanitySuite_AssortmentRetail">
    <skipped/>
  </testcase> <!-- tcSCFunctional -->
  <testcase name="tcSCFunctional" time="0.000" classname="com.hasbrop2m.sanity.SanitySuite_AssortmentRetail">
    <skipped/>
  </testcase> <!-- tcSCFunctional -->
  <testcase name="tcSCFunctional" time="0.000" classname="com.hasbrop2m.sanity.SanitySuite_AssortmentRetail">
    <skipped/>
  </testcase> <!-- tcSCFunctional -->
  <testcase name="tcSCFunctional" time="0.000" classname="com.hasbrop2m.sanity.SanitySuite_AssortmentRetail">
    <skipped/>
  </testcase> <!-- tcSCFunctional -->
  <testcase name="tcSCFunctional" time="0.000" classname="com.hasbrop2m.sanity.SanitySuite_AssortmentRetail">
    <skipped/>
  </testcase> <!-- tcSCFunctional -->
  <testcase name="tcSCFunctional" time="0.000" classname="com.hasbrop2m.sanity.SanitySuite_AssortmentRetail">
    <skipped/>
  </testcase> <!-- tcSCFunctional -->
  <testcase name="tcSCFunctional" time="0.000" classname="com.hasbrop2m.sanity.SanitySuite_AssortmentRetail">
    <skipped/>
  </testcase> <!-- tcSCFunctional -->
  <testcase name="tcSCFunctional" time="0.000" classname="com.hasbrop2m.sanity.SanitySuite_AssortmentRetail">
    <skipped/>
  </testcase> <!-- tcSCFunctional -->
  <testcase name="tcSCFunctional" time="0.000" classname="com.hasbrop2m.sanity.SanitySuite_AssortmentRetail">
    <skipped/>
  </testcase> <!-- tcSCFunctional -->
  <testcase name="tcSCFunctional" time="0.000" classname="com.hasbrop2m.sanity.SanitySuite_AssortmentRetail">
    <skipped/>
  </testcase> <!-- tcSCFunctional -->
  <testcase name="tcSCFunctional" time="0.000" classname="com.hasbrop2m.sanity.SanitySuite_AssortmentRetail">
    <skipped/>
  </testcase> <!-- tcSCFunctional -->
  <testcase name="tcSCFunctional" time="0.000" classname="com.hasbrop2m.sanity.SanitySuite_AssortmentRetail">
    <skipped/>
  </testcase> <!-- tcSCFunctional -->
  <testcase name="tcSCFunctional" time="0.000" classname="com.hasbrop2m.sanity.SanitySuite_AssortmentRetail">
    <skipped/>
  </testcase> <!-- tcSCFunctional -->
  <testcase name="tcSCFunctional" time="0.000" classname="com.hasbrop2m.sanity.SanitySuite_AssortmentRetail">
    <skipped/>
  </testcase> <!-- tcSCFunctional -->
  <testcase name="tcSCFunctional" time="0.000" classname="com.hasbrop2m.sanity.SanitySuite_AssortmentRetail">
    <skipped/>
  </testcase> <!-- tcSCFunctional -->
  <testcase name="tcSCFunctional" time="0.000" classname="com.hasbrop2m.sanity.SanitySuite_AssortmentRetail">
    <skipped/>
  </testcase> <!-- tcSCFunctional -->
  <testcase name="tcSCFunctional" time="0.000" classname="com.hasbrop2m.sanity.SanitySuite_AssortmentRetail">
    <skipped/>
  </testcase> <!-- tcSCFunctional -->
  <testcase name="tcSCFunctional" time="0.000" classname="com.hasbrop2m.sanity.SanitySuite_AssortmentRetail">
    <skipped/>
  </testcase> <!-- tcSCFunctional -->
  <testcase name="tcSCFunctional" time="0.000" classname="com.hasbrop2m.sanity.SanitySuite_AssortmentRetail">
    <skipped/>
  </testcase> <!-- tcSCFunctional -->
  <testcase name="tcSCFunctional" time="0.000" classname="com.hasbrop2m.sanity.SanitySuite_AssortmentRetail">
    <skipped/>
  </testcase> <!-- tcSCFunctional -->
  <testcase name="tcSCFunctional" time="0.000" classname="com.hasbrop2m.sanity.SanitySuite_AssortmentRetail">
    <skipped/>
  </testcase> <!-- tcSCFunctional -->
  <testcase name="tcSCFunctional" time="0.000" classname="com.hasbrop2m.sanity.SanitySuite_AssortmentRetail">
    <skipped/>
  </testcase> <!-- tcSCFunctional -->
  <testcase name="tcSCFunctional" time="0.000" classname="com.hasbrop2m.sanity.SanitySuite_AssortmentRetail">
    <skipped/>
  </testcase> <!-- tcSCFunctional -->
  <testcase name="tcSCFunctional" time="0.000" classname="com.hasbrop2m.sanity.SanitySuite_AssortmentRetail">
    <skipped/>
  </testcase> <!-- tcSCFunctional -->
  <testcase name="tcSCFunctional" time="0.000" classname="com.hasbrop2m.sanity.SanitySuite_AssortmentRetail">
    <skipped/>
  </testcase> <!-- tcSCFunctional -->
  <testcase name="tcSCFunctional" time="0.000" classname="com.hasbrop2m.sanity.SanitySuite_AssortmentRetail">
    <skipped/>
  </testcase> <!-- tcSCFunctional -->
  <testcase name="tcSCFunctional" time="0.000" classname="com.hasbrop2m.sanity.SanitySuite_AssortmentRetail">
    <skipped/>
  </testcase> <!-- tcSCFunctional -->
  <testcase name="tcSCFunctional" time="0.000" classname="com.hasbrop2m.sanity.SanitySuite_AssortmentRetail">
    <skipped/>
  </testcase> <!-- tcSCFunctional -->
  <testcase name="tcSCFunctional" time="0.000" classname="com.hasbrop2m.sanity.SanitySuite_AssortmentRetail">
    <skipped/>
  </testcase> <!-- tcSCFunctional -->
  <testcase name="tcSCFunctional" time="0.000" classname="com.hasbrop2m.sanity.SanitySuite_AssortmentRetail">
    <skipped/>
  </testcase> <!-- tcSCFunctional -->
  <testcase name="tcSCFunctional" time="0.000" classname="com.hasbrop2m.sanity.SanitySuite_AssortmentRetail">
    <skipped/>
  </testcase> <!-- tcSCFunctional -->
  <testcase name="tcSCFunctional" time="0.000" classname="com.hasbrop2m.sanity.SanitySuite_AssortmentRetail">
    <skipped/>
  </testcase> <!-- tcSCFunctional -->
  <testcase name="tcSCFunctional" time="0.000" classname="com.hasbrop2m.sanity.SanitySuite_AssortmentRetail">
    <skipped/>
  </testcase> <!-- tcSCFunctional -->
  <testcase name="tcSCFunctional" time="0.000" classname="com.hasbrop2m.sanity.SanitySuite_AssortmentRetail">
    <skipped/>
  </testcase> <!-- tcSCFunctional -->
  <testcase name="tcSCFunctional" time="0.000" classname="com.hasbrop2m.sanity.SanitySuite_AssortmentRetail">
    <skipped/>
  </testcase> <!-- tcSCFunctional -->
  <testcase name="tcSCFunctional" time="0.000" classname="com.hasbrop2m.sanity.SanitySuite_AssortmentRetail">
    <skipped/>
  </testcase> <!-- tcSCFunctional -->
  <testcase name="tcSCFunctional" time="0.000" classname="com.hasbrop2m.sanity.SanitySuite_AssortmentRetail">
    <skipped/>
  </testcase> <!-- tcSCFunctional -->
  <testcase name="tcSCFunctional" time="0.000" classname="com.hasbrop2m.sanity.SanitySuite_AssortmentRetail">
    <skipped/>
  </testcase> <!-- tcSCFunctional -->
  <testcase name="tcSCFunctional" time="0.000" classname="com.hasbrop2m.sanity.SanitySuite_AssortmentRetail">
    <skipped/>
  </testcase> <!-- tcSCFunctional -->
  <testcase name="tcSCFunctional" time="0.000" classname="com.hasbrop2m.sanity.SanitySuite_AssortmentRetail">
    <skipped/>
  </testcase> <!-- tcSCFunctional -->
</testsuite> <!-- com.hasbrop2m.sanity.SanitySuite_AssortmentRetail -->
