<?xml version="1.0" encoding="UTF-8"?>
<!-- Generated by org.testng.reporters.JUnitReportReporter -->
<testsuite skipped="15" hostname="BDC6-LX-723061Y" name="com.hasbrop2m.sanity.SanitySuite4" tests="15" failures="0" timestamp="20 Sep 2018 06:08:48 GMT" time="0.000" errors="0">
  <testcase name="tcSanitySuite4" time="0.000" classname="com.hasbrop2m.sanity.SanitySuite4">
    <skipped/>
  </testcase> <!-- tcSanitySuite4 -->
  <testcase name="tcSanitySuite4" time="0.000" classname="com.hasbrop2m.sanity.SanitySuite4">
    <skipped/>
  </testcase> <!-- tcSanitySuite4 -->
  <testcase name="tcSanitySuite4" time="0.000" classname="com.hasbrop2m.sanity.SanitySuite4">
    <skipped/>
  </testcase> <!-- tcSanitySuite4 -->
  <testcase name="tcSanitySuite4" time="0.000" classname="com.hasbrop2m.sanity.SanitySuite4">
    <skipped/>
  </testcase> <!-- tcSanitySuite4 -->
  <testcase name="tcSanitySuite4" time="0.000" classname="com.hasbrop2m.sanity.SanitySuite4">
    <skipped/>
  </testcase> <!-- tcSanitySuite4 -->
  <testcase name="tcSanitySuite4" time="0.000" classname="com.hasbrop2m.sanity.SanitySuite4">
    <skipped/>
  </testcase> <!-- tcSanitySuite4 -->
  <testcase name="tcSanitySuite4" time="0.000" classname="com.hasbrop2m.sanity.SanitySuite4">
    <skipped/>
  </testcase> <!-- tcSanitySuite4 -->
  <testcase name="tcSanitySuite4" time="0.000" classname="com.hasbrop2m.sanity.SanitySuite4">
    <skipped/>
  </testcase> <!-- tcSanitySuite4 -->
  <testcase name="tcSanitySuite4" time="0.000" classname="com.hasbrop2m.sanity.SanitySuite4">
    <skipped/>
  </testcase> <!-- tcSanitySuite4 -->
  <testcase name="tcSanitySuite4" time="0.000" classname="com.hasbrop2m.sanity.SanitySuite4">
    <skipped/>
  </testcase> <!-- tcSanitySuite4 -->
  <testcase name="tcSanitySuite4" time="0.000" classname="com.hasbrop2m.sanity.SanitySuite4">
    <skipped/>
  </testcase> <!-- tcSanitySuite4 -->
  <testcase name="tcSanitySuite4" time="0.000" classname="com.hasbrop2m.sanity.SanitySuite4">
    <skipped/>
  </testcase> <!-- tcSanitySuite4 -->
  <testcase name="tcSanitySuite4" time="0.000" classname="com.hasbrop2m.sanity.SanitySuite4">
    <skipped/>
  </testcase> <!-- tcSanitySuite4 -->
  <testcase name="tcSanitySuite4" time="0.000" classname="com.hasbrop2m.sanity.SanitySuite4">
    <skipped/>
  </testcase> <!-- tcSanitySuite4 -->
  <testcase name="tcSanitySuite4" time="0.000" classname="com.hasbrop2m.sanity.SanitySuite4">
    <skipped/>
  </testcase> <!-- tcSanitySuite4 -->
</testsuite> <!-- com.hasbrop2m.sanity.SanitySuite4 -->
