<?xml version="1.0" encoding="UTF-8"?>
<!-- Generated by org.testng.reporters.JUnitReportReporter -->
<testsuite skipped="34" hostname="BDC6-LX-723061Y" name="com.hasbrop2m.sanity.SanitySuite1" tests="35" failures="0" timestamp="20 Sep 2018 06:04:32 GMT" time="37.720" errors="0">
  <testcase name="tcSCFunctional" time="0.207" classname="com.hasbrop2m.sanity.SanitySuite1">
    <skipped/>
  </testcase> <!-- tcSCFunctional -->
  <testcase name="tcSCFunctional" time="0.211" classname="com.hasbrop2m.sanity.SanitySuite1">
    <skipped/>
  </testcase> <!-- tcSCFunctional -->
  <testcase name="tcSCFunctional" time="0.278" classname="com.hasbrop2m.sanity.SanitySuite1">
    <skipped/>
  </testcase> <!-- tcSCFunctional -->
  <testcase name="tcSCFunctional" time="0.274" classname="com.hasbrop2m.sanity.SanitySuite1">
    <skipped/>
  </testcase> <!-- tcSCFunctional -->
  <testcase name="tcSCFunctional" time="0.189" classname="com.hasbrop2m.sanity.SanitySuite1">
    <skipped/>
  </testcase> <!-- tcSCFunctional -->
  <testcase name="tcSCFunctional" time="0.228" classname="com.hasbrop2m.sanity.SanitySuite1">
    <skipped/>
  </testcase> <!-- tcSCFunctional -->
  <testcase name="tcSCFunctional" time="0.251" classname="com.hasbrop2m.sanity.SanitySuite1">
    <skipped/>
  </testcase> <!-- tcSCFunctional -->
  <testcase name="tcSCFunctional" time="0.233" classname="com.hasbrop2m.sanity.SanitySuite1">
    <skipped/>
  </testcase> <!-- tcSCFunctional -->
  <testcase name="tcSCFunctional" time="0.510" classname="com.hasbrop2m.sanity.SanitySuite1">
    <skipped/>
  </testcase> <!-- tcSCFunctional -->
  <testcase name="tcSCFunctional" time="0.261" classname="com.hasbrop2m.sanity.SanitySuite1">
    <skipped/>
  </testcase> <!-- tcSCFunctional -->
  <testcase name="tcSCFunctional" time="0.266" classname="com.hasbrop2m.sanity.SanitySuite1">
    <skipped/>
  </testcase> <!-- tcSCFunctional -->
  <testcase name="tcSCFunctional" time="0.255" classname="com.hasbrop2m.sanity.SanitySuite1">
    <skipped/>
  </testcase> <!-- tcSCFunctional -->
  <testcase name="tcSCFunctional" time="0.253" classname="com.hasbrop2m.sanity.SanitySuite1">
    <skipped/>
  </testcase> <!-- tcSCFunctional -->
  <testcase name="tcSCFunctional" time="0.322" classname="com.hasbrop2m.sanity.SanitySuite1">
    <skipped/>
  </testcase> <!-- tcSCFunctional -->
  <testcase name="tcSCFunctional" time="0.179" classname="com.hasbrop2m.sanity.SanitySuite1">
    <skipped/>
  </testcase> <!-- tcSCFunctional -->
  <testcase name="tcSCFunctional" time="0.233" classname="com.hasbrop2m.sanity.SanitySuite1">
    <skipped/>
  </testcase> <!-- tcSCFunctional -->
  <testcase name="tcSCFunctional" time="0.240" classname="com.hasbrop2m.sanity.SanitySuite1">
    <skipped/>
  </testcase> <!-- tcSCFunctional -->
  <testcase name="tcSCFunctional" time="0.203" classname="com.hasbrop2m.sanity.SanitySuite1">
    <skipped/>
  </testcase> <!-- tcSCFunctional -->
  <testcase name="tcSCFunctional" time="0.182" classname="com.hasbrop2m.sanity.SanitySuite1">
    <skipped/>
  </testcase> <!-- tcSCFunctional -->
  <testcase name="tcSCFunctional" time="0.219" classname="com.hasbrop2m.sanity.SanitySuite1">
    <skipped/>
  </testcase> <!-- tcSCFunctional -->
  <testcase name="tcSCFunctional" time="0.219" classname="com.hasbrop2m.sanity.SanitySuite1">
    <skipped/>
  </testcase> <!-- tcSCFunctional -->
  <testcase name="tcSCFunctional" time="0.151" classname="com.hasbrop2m.sanity.SanitySuite1">
    <skipped/>
  </testcase> <!-- tcSCFunctional -->
  <testcase name="tcSCFunctional" time="0.348" classname="com.hasbrop2m.sanity.SanitySuite1">
    <skipped/>
  </testcase> <!-- tcSCFunctional -->
  <testcase name="tcSCFunctional" time="0.201" classname="com.hasbrop2m.sanity.SanitySuite1">
    <skipped/>
  </testcase> <!-- tcSCFunctional -->
  <testcase name="tcSCFunctional" time="0.155" classname="com.hasbrop2m.sanity.SanitySuite1">
    <skipped/>
  </testcase> <!-- tcSCFunctional -->
  <testcase name="tcSCFunctional" time="0.218" classname="com.hasbrop2m.sanity.SanitySuite1">
    <skipped/>
  </testcase> <!-- tcSCFunctional -->
  <testcase name="tcSCFunctional" time="0.217" classname="com.hasbrop2m.sanity.SanitySuite1">
    <skipped/>
  </testcase> <!-- tcSCFunctional -->
  <testcase name="tcSCFunctional" time="0.685" classname="com.hasbrop2m.sanity.SanitySuite1">
    <skipped/>
  </testcase> <!-- tcSCFunctional -->
  <testcase name="tcSCFunctional" time="0.178" classname="com.hasbrop2m.sanity.SanitySuite1">
    <skipped/>
  </testcase> <!-- tcSCFunctional -->
  <testcase name="tcSCFunctional" time="0.268" classname="com.hasbrop2m.sanity.SanitySuite1">
    <skipped/>
  </testcase> <!-- tcSCFunctional -->
  <testcase name="tcSCFunctional" time="0.182" classname="com.hasbrop2m.sanity.SanitySuite1">
    <skipped/>
  </testcase> <!-- tcSCFunctional -->
  <testcase name="tcSCFunctional" time="0.388" classname="com.hasbrop2m.sanity.SanitySuite1">
    <skipped/>
  </testcase> <!-- tcSCFunctional -->
  <testcase name="tcSCFunctional" time="24.220" classname="com.hasbrop2m.sanity.SanitySuite1"/>
  <testcase name="tcSCFunctional" time="5.043" classname="com.hasbrop2m.sanity.SanitySuite1">
    <skipped/>
  </testcase> <!-- tcSCFunctional -->
  <testcase name="tcSCFunctional" time="0.253" classname="com.hasbrop2m.sanity.SanitySuite1">
    <skipped/>
  </testcase> <!-- tcSCFunctional -->
</testsuite> <!-- com.hasbrop2m.sanity.SanitySuite1 -->
