<?xml version="1.0" encoding="UTF-8"?>
<!-- Generated by org.testng.reporters.JUnitReportReporter -->
<testsuite skipped="4" hostname="BDC6-LX-723061Y" name="com.hasbrop2m.sanity.SanitySuite5_WorkFlow" tests="4" failures="0" timestamp="18 Sep 2018 13:19:06 GMT" time="0.000" errors="0">
  <testcase name="tcSCFunctional" time="0.000" classname="com.hasbrop2m.sanity.SanitySuite5_WorkFlow">
    <skipped/>
  </testcase> <!-- tcSCFunctional -->
  <testcase name="tcSCFunctional" time="0.000" classname="com.hasbrop2m.sanity.SanitySuite5_WorkFlow">
    <skipped/>
  </testcase> <!-- tcSCFunctional -->
  <testcase name="tcSCFunctional" time="0.000" classname="com.hasbrop2m.sanity.SanitySuite5_WorkFlow">
    <skipped/>
  </testcase> <!-- tcSCFunctional -->
  <testcase name="tcSCFunctional" time="0.000" classname="com.hasbrop2m.sanity.SanitySuite5_WorkFlow">
    <skipped/>
  </testcase> <!-- tcSCFunctional -->
</testsuite> <!-- com.hasbrop2m.sanity.SanitySuite5_WorkFlow -->
