<?xml version="1.0" encoding="UTF-8"?>
<!-- Generated by org.testng.reporters.JUnitReportReporter -->
<testsuite skipped="34" hostname="BDC6-LX-723061Y" name="com.hasbrop2m.sanity.SanitySuite1" tests="35" failures="0" timestamp="18 Sep 2018 13:19:06 GMT" time="91.197" errors="0">
  <testcase name="tcSCFunctional" time="0.305" classname="com.hasbrop2m.sanity.SanitySuite1">
    <skipped/>
  </testcase> <!-- tcSCFunctional -->
  <testcase name="tcSCFunctional" time="0.319" classname="com.hasbrop2m.sanity.SanitySuite1">
    <skipped/>
  </testcase> <!-- tcSCFunctional -->
  <testcase name="tcSCFunctional" time="0.199" classname="com.hasbrop2m.sanity.SanitySuite1">
    <skipped/>
  </testcase> <!-- tcSCFunctional -->
  <testcase name="tcSCFunctional" time="81.947" classname="com.hasbrop2m.sanity.SanitySuite1"/>
  <testcase name="tcSCFunctional" time="0.211" classname="com.hasbrop2m.sanity.SanitySuite1">
    <skipped/>
  </testcase> <!-- tcSCFunctional -->
  <testcase name="tcSCFunctional" time="0.394" classname="com.hasbrop2m.sanity.SanitySuite1">
    <skipped/>
  </testcase> <!-- tcSCFunctional -->
  <testcase name="tcSCFunctional" time="0.185" classname="com.hasbrop2m.sanity.SanitySuite1">
    <skipped/>
  </testcase> <!-- tcSCFunctional -->
  <testcase name="tcSCFunctional" time="0.219" classname="com.hasbrop2m.sanity.SanitySuite1">
    <skipped/>
  </testcase> <!-- tcSCFunctional -->
  <testcase name="tcSCFunctional" time="0.380" classname="com.hasbrop2m.sanity.SanitySuite1">
    <skipped/>
  </testcase> <!-- tcSCFunctional -->
  <testcase name="tcSCFunctional" time="0.309" classname="com.hasbrop2m.sanity.SanitySuite1">
    <skipped/>
  </testcase> <!-- tcSCFunctional -->
  <testcase name="tcSCFunctional" time="0.281" classname="com.hasbrop2m.sanity.SanitySuite1">
    <skipped/>
  </testcase> <!-- tcSCFunctional -->
  <testcase name="tcSCFunctional" time="0.248" classname="com.hasbrop2m.sanity.SanitySuite1">
    <skipped/>
  </testcase> <!-- tcSCFunctional -->
  <testcase name="tcSCFunctional" time="0.211" classname="com.hasbrop2m.sanity.SanitySuite1">
    <skipped/>
  </testcase> <!-- tcSCFunctional -->
  <testcase name="tcSCFunctional" time="0.462" classname="com.hasbrop2m.sanity.SanitySuite1">
    <skipped/>
  </testcase> <!-- tcSCFunctional -->
  <testcase name="tcSCFunctional" time="0.272" classname="com.hasbrop2m.sanity.SanitySuite1">
    <skipped/>
  </testcase> <!-- tcSCFunctional -->
  <testcase name="tcSCFunctional" time="0.216" classname="com.hasbrop2m.sanity.SanitySuite1">
    <skipped/>
  </testcase> <!-- tcSCFunctional -->
  <testcase name="tcSCFunctional" time="0.247" classname="com.hasbrop2m.sanity.SanitySuite1">
    <skipped/>
  </testcase> <!-- tcSCFunctional -->
  <testcase name="tcSCFunctional" time="0.320" classname="com.hasbrop2m.sanity.SanitySuite1">
    <skipped/>
  </testcase> <!-- tcSCFunctional -->
  <testcase name="tcSCFunctional" time="0.401" classname="com.hasbrop2m.sanity.SanitySuite1">
    <skipped/>
  </testcase> <!-- tcSCFunctional -->
  <testcase name="tcSCFunctional" time="0.220" classname="com.hasbrop2m.sanity.SanitySuite1">
    <skipped/>
  </testcase> <!-- tcSCFunctional -->
  <testcase name="tcSCFunctional" time="0.332" classname="com.hasbrop2m.sanity.SanitySuite1">
    <skipped/>
  </testcase> <!-- tcSCFunctional -->
  <testcase name="tcSCFunctional" time="0.215" classname="com.hasbrop2m.sanity.SanitySuite1">
    <skipped/>
  </testcase> <!-- tcSCFunctional -->
  <testcase name="tcSCFunctional" time="0.294" classname="com.hasbrop2m.sanity.SanitySuite1">
    <skipped/>
  </testcase> <!-- tcSCFunctional -->
  <testcase name="tcSCFunctional" time="0.212" classname="com.hasbrop2m.sanity.SanitySuite1">
    <skipped/>
  </testcase> <!-- tcSCFunctional -->
  <testcase name="tcSCFunctional" time="0.237" classname="com.hasbrop2m.sanity.SanitySuite1">
    <skipped/>
  </testcase> <!-- tcSCFunctional -->
  <testcase name="tcSCFunctional" time="0.257" classname="com.hasbrop2m.sanity.SanitySuite1">
    <skipped/>
  </testcase> <!-- tcSCFunctional -->
  <testcase name="tcSCFunctional" time="0.212" classname="com.hasbrop2m.sanity.SanitySuite1">
    <skipped/>
  </testcase> <!-- tcSCFunctional -->
  <testcase name="tcSCFunctional" time="0.170" classname="com.hasbrop2m.sanity.SanitySuite1">
    <skipped/>
  </testcase> <!-- tcSCFunctional -->
  <testcase name="tcSCFunctional" time="0.347" classname="com.hasbrop2m.sanity.SanitySuite1">
    <skipped/>
  </testcase> <!-- tcSCFunctional -->
  <testcase name="tcSCFunctional" time="0.209" classname="com.hasbrop2m.sanity.SanitySuite1">
    <skipped/>
  </testcase> <!-- tcSCFunctional -->
  <testcase name="tcSCFunctional" time="0.176" classname="com.hasbrop2m.sanity.SanitySuite1">
    <skipped/>
  </testcase> <!-- tcSCFunctional -->
  <testcase name="tcSCFunctional" time="0.357" classname="com.hasbrop2m.sanity.SanitySuite1">
    <skipped/>
  </testcase> <!-- tcSCFunctional -->
  <testcase name="tcSCFunctional" time="0.402" classname="com.hasbrop2m.sanity.SanitySuite1">
    <skipped/>
  </testcase> <!-- tcSCFunctional -->
  <testcase name="tcSCFunctional" time="0.240" classname="com.hasbrop2m.sanity.SanitySuite1">
    <skipped/>
  </testcase> <!-- tcSCFunctional -->
  <testcase name="tcSCFunctional" time="0.191" classname="com.hasbrop2m.sanity.SanitySuite1">
    <skipped/>
  </testcase> <!-- tcSCFunctional -->
</testsuite> <!-- com.hasbrop2m.sanity.SanitySuite1 -->
