<?xml version="1.0" encoding="UTF-8"?>
<!-- Generated by org.testng.reporters.JUnitReportReporter -->
<testsuite skipped="34" hostname="BDC6-LX-723061Y" name="com.hasbrop2m.sanity.SanitySuite1" tests="35" failures="0" timestamp="20 Sep 2018 06:08:48 GMT" time="93.223" errors="0">
  <testcase name="tcSCFunctional" time="0.191" classname="com.hasbrop2m.sanity.SanitySuite1">
    <skipped/>
  </testcase> <!-- tcSCFunctional -->
  <testcase name="tcSCFunctional" time="0.205" classname="com.hasbrop2m.sanity.SanitySuite1">
    <skipped/>
  </testcase> <!-- tcSCFunctional -->
  <testcase name="tcSCFunctional" time="0.155" classname="com.hasbrop2m.sanity.SanitySuite1">
    <skipped/>
  </testcase> <!-- tcSCFunctional -->
  <testcase name="tcSCFunctional" time="0.176" classname="com.hasbrop2m.sanity.SanitySuite1">
    <skipped/>
  </testcase> <!-- tcSCFunctional -->
  <testcase name="tcSCFunctional" time="0.214" classname="com.hasbrop2m.sanity.SanitySuite1">
    <skipped/>
  </testcase> <!-- tcSCFunctional -->
  <testcase name="tcSCFunctional" time="0.275" classname="com.hasbrop2m.sanity.SanitySuite1">
    <skipped/>
  </testcase> <!-- tcSCFunctional -->
  <testcase name="tcSCFunctional" time="0.180" classname="com.hasbrop2m.sanity.SanitySuite1">
    <skipped/>
  </testcase> <!-- tcSCFunctional -->
  <testcase name="tcSCFunctional" time="0.135" classname="com.hasbrop2m.sanity.SanitySuite1">
    <skipped/>
  </testcase> <!-- tcSCFunctional -->
  <testcase name="tcSCFunctional" time="0.244" classname="com.hasbrop2m.sanity.SanitySuite1">
    <skipped/>
  </testcase> <!-- tcSCFunctional -->
  <testcase name="tcSCFunctional" time="0.176" classname="com.hasbrop2m.sanity.SanitySuite1">
    <skipped/>
  </testcase> <!-- tcSCFunctional -->
  <testcase name="tcSCFunctional" time="0.128" classname="com.hasbrop2m.sanity.SanitySuite1">
    <skipped/>
  </testcase> <!-- tcSCFunctional -->
  <testcase name="tcSCFunctional" time="0.311" classname="com.hasbrop2m.sanity.SanitySuite1">
    <skipped/>
  </testcase> <!-- tcSCFunctional -->
  <testcase name="tcSCFunctional" time="0.469" classname="com.hasbrop2m.sanity.SanitySuite1">
    <skipped/>
  </testcase> <!-- tcSCFunctional -->
  <testcase name="tcSCFunctional" time="0.212" classname="com.hasbrop2m.sanity.SanitySuite1">
    <skipped/>
  </testcase> <!-- tcSCFunctional -->
  <testcase name="tcSCFunctional" time="0.182" classname="com.hasbrop2m.sanity.SanitySuite1">
    <skipped/>
  </testcase> <!-- tcSCFunctional -->
  <testcase name="tcSCFunctional" time="0.201" classname="com.hasbrop2m.sanity.SanitySuite1">
    <skipped/>
  </testcase> <!-- tcSCFunctional -->
  <testcase name="tcSCFunctional" time="0.248" classname="com.hasbrop2m.sanity.SanitySuite1">
    <skipped/>
  </testcase> <!-- tcSCFunctional -->
  <testcase name="tcSCFunctional" time="0.290" classname="com.hasbrop2m.sanity.SanitySuite1">
    <skipped/>
  </testcase> <!-- tcSCFunctional -->
  <testcase name="tcSCFunctional" time="0.177" classname="com.hasbrop2m.sanity.SanitySuite1">
    <skipped/>
  </testcase> <!-- tcSCFunctional -->
  <testcase name="tcSCFunctional" time="0.206" classname="com.hasbrop2m.sanity.SanitySuite1">
    <skipped/>
  </testcase> <!-- tcSCFunctional -->
  <testcase name="tcSCFunctional" time="85.829" classname="com.hasbrop2m.sanity.SanitySuite1"/>
  <testcase name="tcSCFunctional" time="0.143" classname="com.hasbrop2m.sanity.SanitySuite1">
    <skipped/>
  </testcase> <!-- tcSCFunctional -->
  <testcase name="tcSCFunctional" time="0.166" classname="com.hasbrop2m.sanity.SanitySuite1">
    <skipped/>
  </testcase> <!-- tcSCFunctional -->
  <testcase name="tcSCFunctional" time="0.301" classname="com.hasbrop2m.sanity.SanitySuite1">
    <skipped/>
  </testcase> <!-- tcSCFunctional -->
  <testcase name="tcSCFunctional" time="0.197" classname="com.hasbrop2m.sanity.SanitySuite1">
    <skipped/>
  </testcase> <!-- tcSCFunctional -->
  <testcase name="tcSCFunctional" time="0.150" classname="com.hasbrop2m.sanity.SanitySuite1">
    <skipped/>
  </testcase> <!-- tcSCFunctional -->
  <testcase name="tcSCFunctional" time="0.271" classname="com.hasbrop2m.sanity.SanitySuite1">
    <skipped/>
  </testcase> <!-- tcSCFunctional -->
  <testcase name="tcSCFunctional" time="0.195" classname="com.hasbrop2m.sanity.SanitySuite1">
    <skipped/>
  </testcase> <!-- tcSCFunctional -->
  <testcase name="tcSCFunctional" time="0.163" classname="com.hasbrop2m.sanity.SanitySuite1">
    <skipped/>
  </testcase> <!-- tcSCFunctional -->
  <testcase name="tcSCFunctional" time="0.170" classname="com.hasbrop2m.sanity.SanitySuite1">
    <skipped/>
  </testcase> <!-- tcSCFunctional -->
  <testcase name="tcSCFunctional" time="0.133" classname="com.hasbrop2m.sanity.SanitySuite1">
    <skipped/>
  </testcase> <!-- tcSCFunctional -->
  <testcase name="tcSCFunctional" time="0.172" classname="com.hasbrop2m.sanity.SanitySuite1">
    <skipped/>
  </testcase> <!-- tcSCFunctional -->
  <testcase name="tcSCFunctional" time="0.261" classname="com.hasbrop2m.sanity.SanitySuite1">
    <skipped/>
  </testcase> <!-- tcSCFunctional -->
  <testcase name="tcSCFunctional" time="0.417" classname="com.hasbrop2m.sanity.SanitySuite1">
    <skipped/>
  </testcase> <!-- tcSCFunctional -->
  <testcase name="tcSCFunctional" time="0.280" classname="com.hasbrop2m.sanity.SanitySuite1">
    <skipped/>
  </testcase> <!-- tcSCFunctional -->
</testsuite> <!-- com.hasbrop2m.sanity.SanitySuite1 -->
