<?xml version="1.0" encoding="UTF-8"?>
<!-- Generated by org.testng.reporters.JUnitReportReporter -->
<testsuite skipped="34" hostname="BDC6-LX-723061Y" name="com.hasbrop2m.sanity.SanitySuite1" tests="35" failures="0" timestamp="20 Sep 2018 09:55:20 GMT" time="84.942" errors="0">
  <testcase name="tcSCFunctional" time="0.338" classname="com.hasbrop2m.sanity.SanitySuite1">
    <skipped/>
  </testcase> <!-- tcSCFunctional -->
  <testcase name="tcSCFunctional" time="0.225" classname="com.hasbrop2m.sanity.SanitySuite1">
    <skipped/>
  </testcase> <!-- tcSCFunctional -->
  <testcase name="tcSCFunctional" time="0.195" classname="com.hasbrop2m.sanity.SanitySuite1">
    <skipped/>
  </testcase> <!-- tcSCFunctional -->
  <testcase name="tcSCFunctional" time="0.246" classname="com.hasbrop2m.sanity.SanitySuite1">
    <skipped/>
  </testcase> <!-- tcSCFunctional -->
  <testcase name="tcSCFunctional" time="0.182" classname="com.hasbrop2m.sanity.SanitySuite1">
    <skipped/>
  </testcase> <!-- tcSCFunctional -->
  <testcase name="tcSCFunctional" time="0.394" classname="com.hasbrop2m.sanity.SanitySuite1">
    <skipped/>
  </testcase> <!-- tcSCFunctional -->
  <testcase name="tcSCFunctional" time="0.204" classname="com.hasbrop2m.sanity.SanitySuite1">
    <skipped/>
  </testcase> <!-- tcSCFunctional -->
  <testcase name="tcSCFunctional" time="0.183" classname="com.hasbrop2m.sanity.SanitySuite1">
    <skipped/>
  </testcase> <!-- tcSCFunctional -->
  <testcase name="tcSCFunctional" time="0.242" classname="com.hasbrop2m.sanity.SanitySuite1">
    <skipped/>
  </testcase> <!-- tcSCFunctional -->
  <testcase name="tcSCFunctional" time="0.226" classname="com.hasbrop2m.sanity.SanitySuite1">
    <skipped/>
  </testcase> <!-- tcSCFunctional -->
  <testcase name="tcSCFunctional" time="0.201" classname="com.hasbrop2m.sanity.SanitySuite1">
    <skipped/>
  </testcase> <!-- tcSCFunctional -->
  <testcase name="tcSCFunctional" time="0.410" classname="com.hasbrop2m.sanity.SanitySuite1">
    <skipped/>
  </testcase> <!-- tcSCFunctional -->
  <testcase name="tcSCFunctional" time="0.490" classname="com.hasbrop2m.sanity.SanitySuite1">
    <skipped/>
  </testcase> <!-- tcSCFunctional -->
  <testcase name="tcSCFunctional" time="0.314" classname="com.hasbrop2m.sanity.SanitySuite1">
    <skipped/>
  </testcase> <!-- tcSCFunctional -->
  <testcase name="tcSCFunctional" time="0.230" classname="com.hasbrop2m.sanity.SanitySuite1">
    <skipped/>
  </testcase> <!-- tcSCFunctional -->
  <testcase name="tcSCFunctional" time="0.193" classname="com.hasbrop2m.sanity.SanitySuite1">
    <skipped/>
  </testcase> <!-- tcSCFunctional -->
  <testcase name="tcSCFunctional" time="0.311" classname="com.hasbrop2m.sanity.SanitySuite1">
    <skipped/>
  </testcase> <!-- tcSCFunctional -->
  <testcase name="tcSCFunctional" time="0.434" classname="com.hasbrop2m.sanity.SanitySuite1">
    <skipped/>
  </testcase> <!-- tcSCFunctional -->
  <testcase name="tcSCFunctional" time="0.311" classname="com.hasbrop2m.sanity.SanitySuite1">
    <skipped/>
  </testcase> <!-- tcSCFunctional -->
  <testcase name="tcSCFunctional" time="0.194" classname="com.hasbrop2m.sanity.SanitySuite1">
    <skipped/>
  </testcase> <!-- tcSCFunctional -->
  <testcase name="tcSCFunctional" time="75.305" classname="com.hasbrop2m.sanity.SanitySuite1"/>
  <testcase name="tcSCFunctional" time="0.291" classname="com.hasbrop2m.sanity.SanitySuite1">
    <skipped/>
  </testcase> <!-- tcSCFunctional -->
  <testcase name="tcSCFunctional" time="0.193" classname="com.hasbrop2m.sanity.SanitySuite1">
    <skipped/>
  </testcase> <!-- tcSCFunctional -->
  <testcase name="tcSCFunctional" time="0.344" classname="com.hasbrop2m.sanity.SanitySuite1">
    <skipped/>
  </testcase> <!-- tcSCFunctional -->
  <testcase name="tcSCFunctional" time="0.225" classname="com.hasbrop2m.sanity.SanitySuite1">
    <skipped/>
  </testcase> <!-- tcSCFunctional -->
  <testcase name="tcSCFunctional" time="0.304" classname="com.hasbrop2m.sanity.SanitySuite1">
    <skipped/>
  </testcase> <!-- tcSCFunctional -->
  <testcase name="tcSCFunctional" time="0.523" classname="com.hasbrop2m.sanity.SanitySuite1">
    <skipped/>
  </testcase> <!-- tcSCFunctional -->
  <testcase name="tcSCFunctional" time="0.313" classname="com.hasbrop2m.sanity.SanitySuite1">
    <skipped/>
  </testcase> <!-- tcSCFunctional -->
  <testcase name="tcSCFunctional" time="0.305" classname="com.hasbrop2m.sanity.SanitySuite1">
    <skipped/>
  </testcase> <!-- tcSCFunctional -->
  <testcase name="tcSCFunctional" time="0.256" classname="com.hasbrop2m.sanity.SanitySuite1">
    <skipped/>
  </testcase> <!-- tcSCFunctional -->
  <testcase name="tcSCFunctional" time="0.240" classname="com.hasbrop2m.sanity.SanitySuite1">
    <skipped/>
  </testcase> <!-- tcSCFunctional -->
  <testcase name="tcSCFunctional" time="0.223" classname="com.hasbrop2m.sanity.SanitySuite1">
    <skipped/>
  </testcase> <!-- tcSCFunctional -->
  <testcase name="tcSCFunctional" time="0.274" classname="com.hasbrop2m.sanity.SanitySuite1">
    <skipped/>
  </testcase> <!-- tcSCFunctional -->
  <testcase name="tcSCFunctional" time="0.351" classname="com.hasbrop2m.sanity.SanitySuite1">
    <skipped/>
  </testcase> <!-- tcSCFunctional -->
  <testcase name="tcSCFunctional" time="0.272" classname="com.hasbrop2m.sanity.SanitySuite1">
    <skipped/>
  </testcase> <!-- tcSCFunctional -->
</testsuite> <!-- com.hasbrop2m.sanity.SanitySuite1 -->
